+ srun -u shifter -V /pscratch/sd/c/cjacobus/ML_Hydro_train/logs:/logs --image=nersc/pytorch:ngc-22.03-v0 --env PYTHONUSERBASE=/global/homes/c/cjacobus/.local/perlmutter/nersc-pytorch-ngc-22.03-v0 bash -c '
    source export_DDP_vars.sh
    python train.py --root_dir=/pscratch/sd/c/cjacobus/tsit --config=valid_up5_tanh_L1
    '
[W socket.cpp:701] The server socket on [nid002588]:29500 is not yet listening (errno: 111 - Connection refused), will retry.
[W socket.cpp:701] The server socket on [nid002588]:29500 is not yet listening (errno: 111 - Connection refused), will retry.
[W socket.cpp:701] The server socket on [nid002588]:29500 is not yet listening (errno: 111 - Connection refused), will retry.
[W socket.cpp:701] The server socket on [nid002588]:29500 is not yet listening (errno: 111 - Connection refused), will retry.
[W socket.cpp:701] The server socket on [nid002588]:29500 is not yet listening (errno: 111 - Connection refused), will retry.
[W socket.cpp:701] The server socket on [nid002588]:29500 is not yet listening (errno: 111 - Connection refused), will retry.
[W socket.cpp:701] The server socket on [nid002588]:29500 is not yet listening (errno: 111 - Connection refused), will retry.
[W socket.cpp:701] The server socket on [nid002588]:29500 is not yet listening (errno: 111 - Connection refused), will retry.
2022-07-30 17:27:10,954 - torch.distributed.distributed_c10d - INFO - Added key: store_based_barrier_key:1 to store for rank: 2
2022-07-30 17:27:10,957 - torch.distributed.distributed_c10d - INFO - Added key: store_based_barrier_key:1 to store for rank: 1
2022-07-30 17:27:10,958 - torch.distributed.distributed_c10d - INFO - Added key: store_based_barrier_key:1 to store for rank: 3
2022-07-30 17:27:10,990 - torch.distributed.distributed_c10d - INFO - Added key: store_based_barrier_key:1 to store for rank: 11
2022-07-30 17:27:10,994 - torch.distributed.distributed_c10d - INFO - Added key: store_based_barrier_key:1 to store for rank: 9
2022-07-30 17:27:10,997 - torch.distributed.distributed_c10d - INFO - Added key: store_based_barrier_key:1 to store for rank: 8
2022-07-30 17:27:10,998 - torch.distributed.distributed_c10d - INFO - Added key: store_based_barrier_key:1 to store for rank: 10
2022-07-30 17:27:11,018 - torch.distributed.distributed_c10d - INFO - Added key: store_based_barrier_key:1 to store for rank: 15
2022-07-30 17:27:11,023 - torch.distributed.distributed_c10d - INFO - Added key: store_based_barrier_key:1 to store for rank: 13
2022-07-30 17:27:11,024 - torch.distributed.distributed_c10d - INFO - Added key: store_based_barrier_key:1 to store for rank: 14
2022-07-30 17:27:11,024 - torch.distributed.distributed_c10d - INFO - Added key: store_based_barrier_key:1 to store for rank: 12
2022-07-30 17:27:11,652 - torch.distributed.distributed_c10d - INFO - Added key: store_based_barrier_key:1 to store for rank: 0
2022-07-30 17:27:11,872 - torch.distributed.distributed_c10d - INFO - Added key: store_based_barrier_key:1 to store for rank: 7
2022-07-30 17:27:11,874 - torch.distributed.distributed_c10d - INFO - Added key: store_based_barrier_key:1 to store for rank: 4
2022-07-30 17:27:11,877 - torch.distributed.distributed_c10d - INFO - Added key: store_based_barrier_key:1 to store for rank: 5
2022-07-30 17:27:11,883 - torch.distributed.distributed_c10d - INFO - Added key: store_based_barrier_key:1 to store for rank: 6
2022-07-30 17:27:11,884 - torch.distributed.distributed_c10d - INFO - Rank 6: Completed store-based barrier for key:store_based_barrier_key:1 with 16 nodes.
2022-07-30 17:27:11,884 - torch.distributed.distributed_c10d - INFO - Rank 4: Completed store-based barrier for key:store_based_barrier_key:1 with 16 nodes.
2022-07-30 17:27:11,885 - torch.distributed.distributed_c10d - INFO - Rank 0: Completed store-based barrier for key:store_based_barrier_key:1 with 16 nodes.
2022-07-30 17:27:11,886 - torch.distributed.distributed_c10d - INFO - Rank 14: Completed store-based barrier for key:store_based_barrier_key:1 with 16 nodes.
2022-07-30 17:27:11,887 - torch.distributed.distributed_c10d - INFO - Rank 10: Completed store-based barrier for key:store_based_barrier_key:1 with 16 nodes.
2022-07-30 17:27:11,887 - torch.distributed.distributed_c10d - INFO - Rank 5: Completed store-based barrier for key:store_based_barrier_key:1 with 16 nodes.
2022-07-30 17:27:11,888 - torch.distributed.distributed_c10d - INFO - Rank 11: Completed store-based barrier for key:store_based_barrier_key:1 with 16 nodes.
2022-07-30 17:27:11,888 - torch.distributed.distributed_c10d - INFO - Rank 15: Completed store-based barrier for key:store_based_barrier_key:1 with 16 nodes.
2022-07-30 17:27:11,889 - torch.distributed.distributed_c10d - INFO - Rank 8: Completed store-based barrier for key:store_based_barrier_key:1 with 16 nodes.
2022-07-30 17:27:11,889 - torch.distributed.distributed_c10d - INFO - Rank 2: Completed store-based barrier for key:store_based_barrier_key:1 with 16 nodes.
2022-07-30 17:27:11,889 - torch.distributed.distributed_c10d - INFO - Rank 9: Completed store-based barrier for key:store_based_barrier_key:1 with 16 nodes.
2022-07-30 17:27:11,890 - torch.distributed.distributed_c10d - INFO - Rank 13: Completed store-based barrier for key:store_based_barrier_key:1 with 16 nodes.
2022-07-30 17:27:11,892 - torch.distributed.distributed_c10d - INFO - Rank 12: Completed store-based barrier for key:store_based_barrier_key:1 with 16 nodes.
2022-07-30 17:27:11,893 - torch.distributed.distributed_c10d - INFO - Rank 7: Completed store-based barrier for key:store_based_barrier_key:1 with 16 nodes.
2022-07-30 17:27:11,893 - torch.distributed.distributed_c10d - INFO - Rank 1: Completed store-based barrier for key:store_based_barrier_key:1 with 16 nodes.
2022-07-30 17:27:11,893 - torch.distributed.distributed_c10d - INFO - Rank 3: Completed store-based barrier for key:store_based_barrier_key:1 with 16 nodes.
2022-07-30 17:27:11,910 - root - INFO - rank 8, begin data loader init
2022-07-30 17:27:11,910 - root - INFO - rank 8, data loader initialized
2022-07-30 17:27:11,910 - root - INFO - rank 4, begin data loader init
2022-07-30 17:27:11,910 - root - INFO - rank 7, begin data loader init
2022-07-30 17:27:11,910 - root - INFO - rank 4, data loader initialized
2022-07-30 17:27:11,910 - root - INFO - rank 10, begin data loader init
2022-07-30 17:27:11,910 - root - INFO - rank 12, begin data loader init
2022-07-30 17:27:11,910 - root - INFO - rank 10, data loader initialized
2022-07-30 17:27:11,910 - root - INFO - rank 13, begin data loader init
2022-07-30 17:27:11,910 - root - INFO - rank 7, data loader initialized
2022-07-30 17:27:11,910 - root - INFO - rank 12, data loader initialized
2022-07-30 17:27:11,910 - root - INFO - rank 13, data loader initialized
2022-07-30 17:27:11,912 - root - INFO - rank 14, begin data loader init
2022-07-30 17:27:11,912 - root - INFO - rank 15, begin data loader init
2022-07-30 17:27:11,913 - root - INFO - rank 5, begin data loader init
2022-07-30 17:27:11,913 - root - INFO - rank 6, begin data loader init
2022-07-30 17:27:11,913 - root - INFO - rank 14, data loader initialized
2022-07-30 17:27:11,913 - root - INFO - rank 15, data loader initialized
2022-07-30 17:27:11,913 - root - INFO - rank 5, data loader initialized
2022-07-30 17:27:11,913 - root - INFO - rank 6, data loader initialized
2022-07-30 17:27:11,914 - root - INFO - ------------------ Configuration ------------------
2022-07-30 17:27:11,914 - root - INFO - Configuration file: /global/u1/c/cjacobus/Nyx-TSIT/config/tsit.yaml
2022-07-30 17:27:11,914 - root - INFO - Configuration name: valid_up5_tanh_L1
2022-07-30 17:27:11,914 - root - INFO - Nsamples 8192
2022-07-30 17:27:11,914 - root - INFO - Nsamples_val 512
2022-07-30 17:27:11,914 - root - INFO - niter 200
2022-07-30 17:27:11,914 - root - INFO - niter_decay 150
2022-07-30 17:27:11,914 - root - INFO - use_spec_loss False
2022-07-30 17:27:11,914 - root - INFO - lambda_spec 10.0
2022-07-30 17:27:11,914 - root - INFO - use_l1_loss True
2022-07-30 17:27:11,914 - root - INFO - rank 1, begin data loader init
2022-07-30 17:27:11,914 - root - INFO - lambda_l1 300.0
2022-07-30 17:27:11,914 - root - INFO - data_size 128
2022-07-30 17:27:11,914 - root - INFO - train_path /pscratch/sd/c/cjacobus/Nyx_512/train_s1_512_invar3_hydro.h5
2022-07-30 17:27:11,914 - root - INFO - rank 3, begin data loader init
2022-07-30 17:27:11,914 - root - INFO - val_path /pscratch/sd/c/cjacobus/Nyx_512/valid_s2_512_invar3_hydro.h5
2022-07-30 17:27:11,914 - root - INFO - num_upsampling_blocks 5
2022-07-30 17:27:11,914 - root - INFO - tanh False
2022-07-30 17:27:11,914 - root - INFO - num_data_workers 16
2022-07-30 17:27:11,914 - root - INFO - in_channels [0, 1, 2, 3, 17, 18, 19]
2022-07-30 17:27:11,914 - root - INFO - out_channels [0]
2022-07-30 17:27:11,914 - root - INFO - min_path /pscratch/sd/s/shas1693/data/era5/mins.npy
2022-07-30 17:27:11,914 - root - INFO - max_path /pscratch/sd/s/shas1693/data/era5/maxs.npy
2022-07-30 17:27:11,914 - root - INFO - time_means_path /pscratch/sd/s/shas1693/data/era5/time_means.npy
2022-07-30 17:27:11,914 - root - INFO - rank 1, data loader initialized
2022-07-30 17:27:11,914 - root - INFO - global_means_path /pscratch/sd/s/shas1693/data/era5/global_means.npy
2022-07-30 17:27:11,914 - root - INFO - global_stds_path /pscratch/sd/s/shas1693/data/era5/global_stds.npy
2022-07-30 17:27:11,914 - root - INFO - precip /pscratch/sd/p/pharring/ERA5/precip/total_precipitation
2022-07-30 17:27:11,914 - root - INFO - precip_eps 1e-05
2022-07-30 17:27:11,914 - root - INFO - rank 3, data loader initialized
2022-07-30 17:27:11,914 - root - INFO - dt 1
2022-07-30 17:27:11,914 - root - INFO - n_history 0
2022-07-30 17:27:11,914 - root - INFO - crop_size_x None
2022-07-30 17:27:11,914 - root - INFO - crop_size_y None
2022-07-30 17:27:11,914 - root - INFO - roll False
2022-07-30 17:27:11,914 - root - INFO - conttime False
2022-07-30 17:27:11,914 - root - INFO - normalization zscore
2022-07-30 17:27:11,914 - root - INFO - add_grid False
2022-07-30 17:27:11,914 - root - INFO - model pix2pix
2022-07-30 17:27:11,914 - root - INFO - norm_G spectralfadebatch3x3
2022-07-30 17:27:11,914 - root - INFO - norm_D spectralinstance
2022-07-30 17:27:11,914 - root - INFO - norm_S spectralinstance
2022-07-30 17:27:11,915 - root - INFO - norm_E spectralinstance
2022-07-30 17:27:11,915 - root - INFO - batch_size 16
2022-07-30 17:27:11,915 - root - INFO - img_size [512, 512, 512]
2022-07-30 17:27:11,915 - root - INFO - box_size [512, 512, 512]
2022-07-30 17:27:11,915 - root - INFO - input_nc 5
2022-07-30 17:27:11,915 - root - INFO - output_nc 5
2022-07-30 17:27:11,915 - root - INFO - netG tsit
2022-07-30 17:27:11,915 - root - INFO - ngf 64
2022-07-30 17:27:11,915 - root - INFO - init_type xavier
2022-07-30 17:27:11,915 - root - INFO - init_variance 0.02
2022-07-30 17:27:11,915 - root - INFO - z_dim 256
2022-07-30 17:27:11,915 - root - INFO - alpha 1.0
2022-07-30 17:27:11,915 - root - INFO - no_ss True
2022-07-30 17:27:11,915 - root - INFO - downsamp True
2022-07-30 17:27:11,915 - root - INFO - use_periodic_padding True
2022-07-30 17:27:11,915 - root - INFO - additive_noise False
2022-07-30 17:27:11,915 - root - INFO - nef 16
2022-07-30 17:27:11,915 - root - INFO - use_vae False
2022-07-30 17:27:11,915 - root - INFO - optimizer adam
2022-07-30 17:27:11,915 - root - INFO - beta1 0.5
2022-07-30 17:27:11,915 - root - INFO - beta2 0.999
2022-07-30 17:27:11,915 - root - INFO - lr 0.0002
2022-07-30 17:27:11,915 - root - INFO - D_steps_per_G 1
2022-07-30 17:27:11,915 - root - INFO - ndf 64
2022-07-30 17:27:11,915 - root - INFO - lambda_feat 0.5
2022-07-30 17:27:11,915 - root - INFO - no_ganFeat_loss False
2022-07-30 17:27:11,915 - root - INFO - gan_mode hinge
2022-07-30 17:27:11,915 - root - INFO - netD multiscale
2022-07-30 17:27:11,915 - root - INFO - num_D 2
2022-07-30 17:27:11,915 - root - INFO - n_layers_D 4
2022-07-30 17:27:11,915 - root - INFO - no_TTUR True
2022-07-30 17:27:11,915 - root - INFO - lambda_kld 0.05
2022-07-30 17:27:11,915 - root - INFO - cat_inp False
2022-07-30 17:27:11,915 - root - INFO - entity weatherbenching
2022-07-30 17:27:11,915 - root - INFO - project Nyx-TSIT
2022-07-30 17:27:11,915 - root - INFO - log_to_wandb True
2022-07-30 17:27:11,915 - root - INFO - log_to_screen True
2022-07-30 17:27:11,915 - root - INFO - save_checkpoint True
2022-07-30 17:27:11,915 - root - INFO - weight_init ordereddict([('conv_init', 'normal'), ('conv_scale', 0.02), ('conv_bias', 0.0)])
2022-07-30 17:27:11,915 - root - INFO - lambda_rho 0
2022-07-30 17:27:11,915 - root - INFO - full_scale True
2022-07-30 17:27:11,915 - root - INFO - global_batch_size 64
2022-07-30 17:27:11,915 - root - INFO - base_batch_size 64
2022-07-30 17:27:11,915 - root - INFO - num_epochs 60
2022-07-30 17:27:11,915 - root - INFO - enable_amp False
2022-07-30 17:27:11,915 - root - INFO - enable_apex False
2022-07-30 17:27:11,915 - root - INFO - enable_benchy False
2022-07-30 17:27:11,915 - root - INFO - enable_jit False
2022-07-30 17:27:11,915 - root - INFO - expdir /logs
2022-07-30 17:27:11,915 - root - INFO - lr_schedule ordereddict([('scaling', 'sqrt'), ('start_lr', 0.0002), ('end_lr', 0.0), ('warmup_steps', 128)])
2022-07-30 17:27:11,915 - root - INFO - data_loader_config lowmem
2022-07-30 17:27:11,915 - root - INFO - N_out_channels 5
2022-07-30 17:27:11,915 - root - INFO - N_in_channels 5
2022-07-30 17:27:11,915 - root - INFO - use_cache None
2022-07-30 17:27:11,915 - root - INFO - ---------------------------------------------------
log_to_wandb -------------------------------------------------------------------
dir exists: /pscratch/sd/c/cjacobus/tsit/expts/valid_up5_tanh_L1/checkpoints/
2022-07-30 17:27:11,920 - root - INFO - rank 9, begin data loader init
2022-07-30 17:27:11,920 - root - INFO - rank 9, data loader initialized
2022-07-30 17:27:11,925 - root - INFO - rank 11, begin data loader init
2022-07-30 17:27:11,925 - root - INFO - rank 11, data loader initialized
2022-07-30 17:27:11,928 - root - INFO - rank 2, begin data loader init
2022-07-30 17:27:11,929 - root - INFO - rank 2, data loader initialized
wandb: Currently logged in as: cjacobus (use `wandb login --relogin` to force relogin)
wandb: wandb version 0.12.21 is available!  To upgrade, please run:
wandb:  $ pip install wandb --upgrade
wandb: Tracking run with wandb version 0.12.13
wandb: Run data is saved locally in /pscratch/sd/c/cjacobus/tsit/expts/valid_up5_tanh_L1/wandb/run-20220730_172712-31qx31tz
wandb: Run `wandb offline` to turn off syncing.
wandb: Resuming run valid_up5_tanh_L1
wandb: ⭐️ View project at https://wandb.ai/weatherbenching/Nyx-TSIT
wandb: 🚀 View run at https://wandb.ai/weatherbenching/Nyx-TSIT/runs/31qx31tz
checking dir: /pscratch/sd/c/cjacobus/tsit/expts/valid_up5_tanh_L1/checkpoints/
dir exists: /pscratch/sd/c/cjacobus/tsit/expts/valid_up5_tanh_L1/checkpoints/
2022-07-30 17:27:13,256 - root - INFO - rank 0, begin data loader init
2022-07-30 17:27:13,256 - root - INFO - rank 0, data loader initialized
Network [TSITGenerator] was created. Total number of parameters: 991.3 million. To see the architecture, do print(network).
Network [TSITGenerator] was created. Total number of parameters: 991.3 million. To see the architecture, do print(network).
Network [TSITGenerator] was created. Total number of parameters: 991.3 million. To see the architecture, do print(network).
Network [TSITGenerator] was created. Total number of parameters: 991.3 million. To see the architecture, do print(network).
Network [TSITGenerator] was created. Total number of parameters: 991.3 million. To see the architecture, do print(network).
Network [TSITGenerator] was created. Total number of parameters: 991.3 million. To see the architecture, do print(network).
Network [TSITGenerator] was created. Total number of parameters: 991.3 million. To see the architecture, do print(network).
Network [TSITGenerator] was created. Total number of parameters: 991.3 million. To see the architecture, do print(network).
Network [TSITGenerator] was created. Total number of parameters: 991.3 million. To see the architecture, do print(network).
Network [TSITGenerator] was created. Total number of parameters: 991.3 million. To see the architecture, do print(network).
Network [TSITGenerator] was created. Total number of parameters: 991.3 million. To see the architecture, do print(network).
Network [TSITGenerator] was created. Total number of parameters: 991.3 million. To see the architecture, do print(network).
Network [TSITGenerator] was created. Total number of parameters: 991.3 million. To see the architecture, do print(network).
Network [TSITGenerator] was created. Total number of parameters: 991.3 million. To see the architecture, do print(network).
Network [TSITGenerator] was created. Total number of parameters: 991.3 million. To see the architecture, do print(network).
Network [TSITGenerator] was created. Total number of parameters: 991.3 million. To see the architecture, do print(network).
Network [MultiscaleDiscriminator] was created. Total number of parameters: 22.1 million. To see the architecture, do print(network).
Network [MultiscaleDiscriminator] was created. Total number of parameters: 22.1 million. To see the architecture, do print(network).
Network [MultiscaleDiscriminator] was created. Total number of parameters: 22.1 million. To see the architecture, do print(network).
Network [MultiscaleDiscriminator] was created. Total number of parameters: 22.1 million. To see the architecture, do print(network).
Network [MultiscaleDiscriminator] was created. Total number of parameters: 22.1 million. To see the architecture, do print(network).
Network [MultiscaleDiscriminator] was created. Total number of parameters: 22.1 million. To see the architecture, do print(network).
Network [MultiscaleDiscriminator] was created. Total number of parameters: 22.1 million. To see the architecture, do print(network).
Network [MultiscaleDiscriminator] was created. Total number of parameters: 22.1 million. To see the architecture, do print(network).
Network [MultiscaleDiscriminator] was created. Total number of parameters: 22.1 million. To see the architecture, do print(network).
Network [MultiscaleDiscriminator] was created. Total number of parameters: 22.1 million. To see the architecture, do print(network).
Network [MultiscaleDiscriminator] was created. Total number of parameters: 22.1 million. To see the architecture, do print(network).
Network [MultiscaleDiscriminator] was created. Total number of parameters: 22.1 million. To see the architecture, do print(network).
Network [MultiscaleDiscriminator] was created. Total number of parameters: 22.1 million. To see the architecture, do print(network).
Network [MultiscaleDiscriminator] was created. Total number of parameters: 22.1 million. To see the architecture, do print(network).
Network [MultiscaleDiscriminator] was created. Total number of parameters: 22.1 million. To see the architecture, do print(network).
Network [MultiscaleDiscriminator] was created. Total number of parameters: 22.1 million. To see the architecture, do print(network).
2022-07-30 17:27:34,836 - root - INFO - Loading checkpoint /pscratch/sd/c/cjacobus/tsit/expts/valid_up5_tanh_L1/checkpoints/ckpt.tar
2022-07-30 17:27:34,837 - root - INFO - Loading checkpoint /pscratch/sd/c/cjacobus/tsit/expts/valid_up5_tanh_L1/checkpoints/ckpt.tar
2022-07-30 17:27:34,838 - root - INFO - Loading checkpoint /pscratch/sd/c/cjacobus/tsit/expts/valid_up5_tanh_L1/checkpoints/ckpt.tar
2022-07-30 17:27:34,838 - root - INFO - Loading checkpoint /pscratch/sd/c/cjacobus/tsit/expts/valid_up5_tanh_L1/checkpoints/ckpt.tar
2022-07-30 17:27:34,839 - root - INFO - Loading checkpoint /pscratch/sd/c/cjacobus/tsit/expts/valid_up5_tanh_L1/checkpoints/ckpt.tar
2022-07-30 17:27:34,840 - root - INFO - Loading checkpoint /pscratch/sd/c/cjacobus/tsit/expts/valid_up5_tanh_L1/checkpoints/ckpt.tar
2022-07-30 17:27:34,840 - root - INFO - Loading checkpoint /pscratch/sd/c/cjacobus/tsit/expts/valid_up5_tanh_L1/checkpoints/ckpt.tar
2022-07-30 17:27:34,841 - root - INFO - Loading checkpoint /pscratch/sd/c/cjacobus/tsit/expts/valid_up5_tanh_L1/checkpoints/ckpt.tar
2022-07-30 17:27:34,842 - root - INFO - Loading checkpoint /pscratch/sd/c/cjacobus/tsit/expts/valid_up5_tanh_L1/checkpoints/ckpt.tar
2022-07-30 17:27:34,843 - root - INFO - Loading checkpoint /pscratch/sd/c/cjacobus/tsit/expts/valid_up5_tanh_L1/checkpoints/ckpt.tar
2022-07-30 17:27:34,843 - root - INFO - Loading checkpoint /pscratch/sd/c/cjacobus/tsit/expts/valid_up5_tanh_L1/checkpoints/ckpt.tar
2022-07-30 17:27:34,844 - root - INFO - Loading checkpoint /pscratch/sd/c/cjacobus/tsit/expts/valid_up5_tanh_L1/checkpoints/ckpt.tar
2022-07-30 17:27:34,844 - root - INFO - Loading checkpoint /pscratch/sd/c/cjacobus/tsit/expts/valid_up5_tanh_L1/checkpoints/ckpt.tar
2022-07-30 17:27:34,844 - root - INFO - Loading checkpoint /pscratch/sd/c/cjacobus/tsit/expts/valid_up5_tanh_L1/checkpoints/ckpt.tar
2022-07-30 17:27:34,844 - root - INFO - Loading checkpoint /pscratch/sd/c/cjacobus/tsit/expts/valid_up5_tanh_L1/checkpoints/ckpt.tar
2022-07-30 17:27:34,845 - root - INFO - Loading checkpoint /pscratch/sd/c/cjacobus/tsit/expts/valid_up5_tanh_L1/checkpoints/ckpt.tar
2022-07-30 17:27:40,510 - root - INFO - Starting Training Loop...
[W reducer.cpp:1282] Warning: find_unused_parameters=True was specified in DDP constructor, but did not find any unused parameters in the forward pass. This flag results in an extra traversal of the autograd graph every iteration,  which can adversely affect performance. If your model indeed never has any unused parameters in the forward pass, consider turning this flag off. Note that this warning may be a false positive if your model has flow control causing later iterations to have unused parameters. (function operator())
[W reducer.cpp:1282] Warning: find_unused_parameters=True was specified in DDP constructor, but did not find any unused parameters in the forward pass. This flag results in an extra traversal of the autograd graph every iteration,  which can adversely affect performance. If your model indeed never has any unused parameters in the forward pass, consider turning this flag off. Note that this warning may be a false positive if your model has flow control causing later iterations to have unused parameters. (function operator())
[W reducer.cpp:1282] Warning: find_unused_parameters=True was specified in DDP constructor, but did not find any unused parameters in the forward pass. This flag results in an extra traversal of the autograd graph every iteration,  which can adversely affect performance. If your model indeed never has any unused parameters in the forward pass, consider turning this flag off. Note that this warning may be a false positive if your model has flow control causing later iterations to have unused parameters. (function operator())
[W reducer.cpp:1282] Warning: find_unused_parameters=True was specified in DDP constructor, but did not find any unused parameters in the forward pass. This flag results in an extra traversal of the autograd graph every iteration,  which can adversely affect performance. If your model indeed never has any unused parameters in the forward pass, consider turning this flag off. Note that this warning may be a false positive if your model has flow control causing later iterations to have unused parameters. (function operator())
[W reducer.cpp:1282] Warning: find_unused_parameters=True was specified in DDP constructor, but did not find any unused parameters in the forward pass. This flag results in an extra traversal of the autograd graph every iteration,  which can adversely affect performance. If your model indeed never has any unused parameters in the forward pass, consider turning this flag off. Note that this warning may be a false positive if your model has flow control causing later iterations to have unused parameters. (function operator())
[W reducer.cpp:1282] Warning: find_unused_parameters=True was specified in DDP constructor, but did not find any unused parameters in the forward pass. This flag results in an extra traversal of the autograd graph every iteration,  which can adversely affect performance. If your model indeed never has any unused parameters in the forward pass, consider turning this flag off. Note that this warning may be a false positive if your model has flow control causing later iterations to have unused parameters. (function operator())
[W reducer.cpp:1282] Warning: find_unused_parameters=True was specified in DDP constructor, but did not find any unused parameters in the forward pass. This flag results in an extra traversal of the autograd graph every iteration,  which can adversely affect performance. If your model indeed never has any unused parameters in the forward pass, consider turning this flag off. Note that this warning may be a false positive if your model has flow control causing later iterations to have unused parameters. (function operator())
[W reducer.cpp:1282] Warning: find_unused_parameters=True was specified in DDP constructor, but did not find any unused parameters in the forward pass. This flag results in an extra traversal of the autograd graph every iteration,  which can adversely affect performance. If your model indeed never has any unused parameters in the forward pass, consider turning this flag off. Note that this warning may be a false positive if your model has flow control causing later iterations to have unused parameters. (function operator())
[W reducer.cpp:1282] Warning: find_unused_parameters=True was specified in DDP constructor, but did not find any unused parameters in the forward pass. This flag results in an extra traversal of the autograd graph every iteration,  which can adversely affect performance. If your model indeed never has any unused parameters in the forward pass, consider turning this flag off. Note that this warning may be a false positive if your model has flow control causing later iterations to have unused parameters. (function operator())
[W reducer.cpp:1282] Warning: find_unused_parameters=True was specified in DDP constructor, but did not find any unused parameters in the forward pass. This flag results in an extra traversal of the autograd graph every iteration,  which can adversely affect performance. If your model indeed never has any unused parameters in the forward pass, consider turning this flag off. Note that this warning may be a false positive if your model has flow control causing later iterations to have unused parameters. (function operator())
[W reducer.cpp:1282] Warning: find_unused_parameters=True was specified in DDP constructor, but did not find any unused parameters in the forward pass. This flag results in an extra traversal of the autograd graph every iteration,  which can adversely affect performance. If your model indeed never has any unused parameters in the forward pass, consider turning this flag off. Note that this warning may be a false positive if your model has flow control causing later iterations to have unused parameters. (function operator())
[W reducer.cpp:1282] Warning: find_unused_parameters=True was specified in DDP constructor, but did not find any unused parameters in the forward pass. This flag results in an extra traversal of the autograd graph every iteration,  which can adversely affect performance. If your model indeed never has any unused parameters in the forward pass, consider turning this flag off. Note that this warning may be a false positive if your model has flow control causing later iterations to have unused parameters. (function operator())
[W reducer.cpp:1282] Warning: find_unused_parameters=True was specified in DDP constructor, but did not find any unused parameters in the forward pass. This flag results in an extra traversal of the autograd graph every iteration,  which can adversely affect performance. If your model indeed never has any unused parameters in the forward pass, consider turning this flag off. Note that this warning may be a false positive if your model has flow control causing later iterations to have unused parameters. (function operator())
[W reducer.cpp:1282] Warning: find_unused_parameters=True was specified in DDP constructor, but did not find any unused parameters in the forward pass. This flag results in an extra traversal of the autograd graph every iteration,  which can adversely affect performance. If your model indeed never has any unused parameters in the forward pass, consider turning this flag off. Note that this warning may be a false positive if your model has flow control causing later iterations to have unused parameters. (function operator())
[W reducer.cpp:1282] Warning: find_unused_parameters=True was specified in DDP constructor, but did not find any unused parameters in the forward pass. This flag results in an extra traversal of the autograd graph every iteration,  which can adversely affect performance. If your model indeed never has any unused parameters in the forward pass, consider turning this flag off. Note that this warning may be a false positive if your model has flow control causing later iterations to have unused parameters. (function operator())
[W reducer.cpp:1282] Warning: find_unused_parameters=True was specified in DDP constructor, but did not find any unused parameters in the forward pass. This flag results in an extra traversal of the autograd graph every iteration,  which can adversely affect performance. If your model indeed never has any unused parameters in the forward pass, consider turning this flag off. Note that this warning may be a false positive if your model has flow control causing later iterations to have unused parameters. (function operator())
generator made step 0
discriminator made step 0
generator made step 16
discriminator made step 16
generator made step 32
discriminator made step 32
generator made step 48
discriminator made step 48
generator made step 64
discriminator made step 64
generator made step 80
discriminator made step 80
generator made step 96
discriminator made step 96
generator made step 112
discriminator made step 112
generator made step 128
discriminator made step 128
generator made step 144
discriminator made step 144
generator made step 160
discriminator made step 160
generator made step 176
discriminator made step 176
generator made step 192
discriminator made step 192
generator made step 208
discriminator made step 208
generator made step 224
discriminator made step 224
generator made step 240
discriminator made step 240
generator made step 256
discriminator made step 256
generator made step 272
discriminator made step 272
generator made step 288
discriminator made step 288
generator made step 304
discriminator made step 304
generator made step 320
discriminator made step 320
generator made step 336
discriminator made step 336
generator made step 352
discriminator made step 352
generator made step 368
discriminator made step 368
generator made step 384
discriminator made step 384
generator made step 400
discriminator made step 400
generator made step 416
discriminator made step 416
generator made step 432
discriminator made step 432
generator made step 448
discriminator made step 448
generator made step 464
discriminator made step 464
generator made step 480
discriminator made step 480
generator made step 496
discriminator made step 496
2022-07-30 17:35:21,831 - root - INFO - Total=461.321069, G=367.006508, D=89.252170, data=1.645825, next=3.416567
2022-07-30 17:35:29,200 - root - INFO - Total=7.367167, G=0.408396, data=3.196160, acc=0.950120, agg=0.143453, next=2.669038
saving checkpoint...
2022-07-30 17:35:40,329 - root - INFO - Time taken for epoch 77 is 479.81963658332825 sec
2022-07-30 17:35:40,329 - root - INFO - Train time = 461.32106947898865, Valid time = 7.367166519165039
2022-07-30 17:35:40,329 - root - INFO - G losses = {'GAN': 2.5122766494750977, 'GAN_Feat': 0.46126610040664673, 'L1': 11.561140060424805}
2022-07-30 17:35:40,329 - root - INFO - D losses = {'D_Fake': 0.0, 'D_real': 0.004927617497742176}
generator made step 0
discriminator made step 0
generator made step 16
discriminator made step 16
generator made step 32
discriminator made step 32
generator made step 48
discriminator made step 48
generator made step 64
discriminator made step 64
generator made step 80
discriminator made step 80
generator made step 96
discriminator made step 96
generator made step 112
discriminator made step 112
generator made step 128
discriminator made step 128
generator made step 144
discriminator made step 144
generator made step 160
discriminator made step 160
generator made step 176
discriminator made step 176
generator made step 192
discriminator made step 192
generator made step 208
discriminator made step 208
generator made step 224
discriminator made step 224
generator made step 240
discriminator made step 240
generator made step 256
discriminator made step 256
generator made step 272
discriminator made step 272
generator made step 288
discriminator made step 288
generator made step 304
discriminator made step 304
generator made step 320
discriminator made step 320
generator made step 336
discriminator made step 336
generator made step 352
discriminator made step 352
generator made step 368
discriminator made step 368
generator made step 384
discriminator made step 384
generator made step 400
discriminator made step 400
generator made step 416
discriminator made step 416
generator made step 432
discriminator made step 432
generator made step 448
discriminator made step 448
generator made step 464
discriminator made step 464
generator made step 480
discriminator made step 480
generator made step 496
discriminator made step 496
2022-07-30 17:42:55,465 - root - INFO - Total=435.134448, G=343.000905, D=89.193431, data=1.632375, next=1.307737
2022-07-30 17:43:00,903 - root - INFO - Total=5.437173, G=0.488602, data=3.142721, acc=0.019600, agg=0.128976, next=1.657274
saving checkpoint...
2022-07-30 17:43:11,148 - root - INFO - Time taken for epoch 78 is 450.8189392089844 sec
2022-07-30 17:43:11,148 - root - INFO - Train time = 435.1344482898712, Valid time = 5.437172889709473
2022-07-30 17:43:11,149 - root - INFO - G losses = {'GAN': 4.354718208312988, 'GAN_Feat': 0.49759721755981445, 'L1': 13.306214332580566}
2022-07-30 17:43:11,149 - root - INFO - D losses = {'D_Fake': 0.0, 'D_real': 0.05534123629331589}
generator made step 0
discriminator made step 0
generator made step 16
discriminator made step 16
generator made step 32
discriminator made step 32
generator made step 48
discriminator made step 48
generator made step 64
discriminator made step 64
generator made step 80
discriminator made step 80
generator made step 96
discriminator made step 96
generator made step 112
discriminator made step 112
generator made step 128
discriminator made step 128
generator made step 144
discriminator made step 144
generator made step 160
discriminator made step 160
generator made step 176
discriminator made step 176
generator made step 192
discriminator made step 192
generator made step 208
discriminator made step 208
generator made step 224
discriminator made step 224
generator made step 240
discriminator made step 240
generator made step 256
discriminator made step 256
generator made step 272
discriminator made step 272
generator made step 288
discriminator made step 288
generator made step 304
discriminator made step 304
generator made step 320
discriminator made step 320
generator made step 336
discriminator made step 336
generator made step 352
discriminator made step 352
generator made step 368
discriminator made step 368
generator made step 384
discriminator made step 384
generator made step 400
discriminator made step 400
generator made step 416
discriminator made step 416
generator made step 432
discriminator made step 432
generator made step 448
discriminator made step 448
generator made step 464
discriminator made step 464
generator made step 480
discriminator made step 480
generator made step 496
discriminator made step 496
2022-07-30 17:50:26,348 - root - INFO - Total=435.198223, G=343.152048, D=89.212241, data=1.631210, next=1.202724
2022-07-30 17:50:31,730 - root - INFO - Total=5.381580, G=0.416453, data=3.198946, acc=0.006213, agg=0.152221, next=1.607746
saving checkpoint...
2022-07-30 17:50:42,057 - root - INFO - Time taken for epoch 79 is 450.9082763195038 sec
2022-07-30 17:50:42,057 - root - INFO - Train time = 435.1982228755951, Valid time = 5.381579637527466
2022-07-30 17:50:42,057 - root - INFO - G losses = {'GAN': 5.113430976867676, 'GAN_Feat': 0.5097570419311523, 'L1': 12.799217224121094}
2022-07-30 17:50:42,057 - root - INFO - D losses = {'D_Fake': 0.0, 'D_real': 9.349343486064754e-07}
generator made step 0
discriminator made step 0
generator made step 16
discriminator made step 16
generator made step 32
discriminator made step 32
generator made step 48
discriminator made step 48
generator made step 64
discriminator made step 64
generator made step 80
discriminator made step 80
generator made step 96
discriminator made step 96
generator made step 112
discriminator made step 112
generator made step 128
discriminator made step 128
generator made step 144
discriminator made step 144
generator made step 160
discriminator made step 160
generator made step 176
discriminator made step 176
generator made step 192
discriminator made step 192
generator made step 208
discriminator made step 208
generator made step 224
discriminator made step 224
generator made step 240
discriminator made step 240
generator made step 256
discriminator made step 256
generator made step 272
discriminator made step 272
generator made step 288
discriminator made step 288
generator made step 304
discriminator made step 304
generator made step 320
discriminator made step 320
generator made step 336
discriminator made step 336
generator made step 352
discriminator made step 352
generator made step 368
discriminator made step 368
generator made step 384
discriminator made step 384
generator made step 400
discriminator made step 400
generator made step 416
discriminator made step 416
generator made step 432
discriminator made step 432
generator made step 448
discriminator made step 448
generator made step 464
discriminator made step 464
generator made step 480
discriminator made step 480
generator made step 496
discriminator made step 496
2022-07-30 17:57:58,021 - root - INFO - Total=435.962632, G=342.956020, D=89.312807, data=1.629715, next=2.064091
2022-07-30 17:58:03,899 - root - INFO - Total=5.877576, G=0.426928, data=3.243605, acc=0.015192, agg=0.134315, next=2.057538
saving checkpoint...
2022-07-30 17:58:14,077 - root - INFO - Time taken for epoch 80 is 452.0192129611969 sec
2022-07-30 17:58:14,077 - root - INFO - Train time = 435.96263241767883, Valid time = 5.877576112747192
2022-07-30 17:58:14,077 - root - INFO - G losses = {'GAN': 5.129396438598633, 'GAN_Feat': 0.4957277178764343, 'L1': 17.382144927978516}
2022-07-30 17:58:14,077 - root - INFO - D losses = {'D_Fake': 0.0, 'D_real': 0.000131699547637254}
generator made step 0
discriminator made step 0
generator made step 16
discriminator made step 16
generator made step 32
discriminator made step 32
generator made step 48
discriminator made step 48
generator made step 64
discriminator made step 64
generator made step 80
discriminator made step 80
generator made step 96
discriminator made step 96
generator made step 112
discriminator made step 112
generator made step 128
discriminator made step 128
generator made step 144
discriminator made step 144
generator made step 160
discriminator made step 160
generator made step 176
discriminator made step 176
generator made step 192
discriminator made step 192
generator made step 208
discriminator made step 208
generator made step 224
discriminator made step 224
generator made step 240
discriminator made step 240
generator made step 256
discriminator made step 256
generator made step 272
discriminator made step 272
generator made step 288
discriminator made step 288
generator made step 304
discriminator made step 304
generator made step 320
discriminator made step 320
generator made step 336
discriminator made step 336
generator made step 352
discriminator made step 352
generator made step 368
discriminator made step 368
generator made step 384
discriminator made step 384
generator made step 400
discriminator made step 400
generator made step 416
discriminator made step 416
generator made step 432
discriminator made step 432
generator made step 448
discriminator made step 448
generator made step 464
discriminator made step 464
generator made step 480
discriminator made step 480
generator made step 496
discriminator made step 496
2022-07-30 18:05:29,168 - root - INFO - Total=435.090638, G=342.899287, D=89.325849, data=1.632813, next=1.232689
2022-07-30 18:05:34,584 - root - INFO - Total=5.414377, G=0.424510, data=3.212889, acc=0.005998, agg=0.130496, next=1.640484
saving checkpoint...
2022-07-30 18:05:45,008 - root - INFO - Time taken for epoch 81 is 450.93157982826233 sec
2022-07-30 18:05:45,008 - root - INFO - Train time = 435.09063816070557, Valid time = 5.414377212524414
2022-07-30 18:05:45,008 - root - INFO - G losses = {'GAN': 4.438971519470215, 'GAN_Feat': 0.44463273882865906, 'L1': 13.28508186340332}
2022-07-30 18:05:45,009 - root - INFO - D losses = {'D_Fake': 3.4944823710247874e-05, 'D_real': 0.00014388556883204728}
generator made step 0
discriminator made step 0
generator made step 16
discriminator made step 16
generator made step 32
discriminator made step 32
generator made step 48
discriminator made step 48
generator made step 64
discriminator made step 64
generator made step 80
discriminator made step 80
generator made step 96
discriminator made step 96
generator made step 112
discriminator made step 112
generator made step 128
discriminator made step 128
generator made step 144
discriminator made step 144
generator made step 160
discriminator made step 160
generator made step 176
discriminator made step 176
generator made step 192
discriminator made step 192
generator made step 208
discriminator made step 208
generator made step 224
discriminator made step 224
generator made step 240
discriminator made step 240
generator made step 256
discriminator made step 256
generator made step 272
discriminator made step 272
generator made step 288
discriminator made step 288
generator made step 304
discriminator made step 304
generator made step 320
discriminator made step 320
generator made step 336
discriminator made step 336
generator made step 352
discriminator made step 352
generator made step 368
discriminator made step 368
generator made step 384
discriminator made step 384
generator made step 400
discriminator made step 400
generator made step 416
discriminator made step 416
generator made step 432
discriminator made step 432
generator made step 448
discriminator made step 448
generator made step 464
discriminator made step 464
generator made step 480
discriminator made step 480
generator made step 496
discriminator made step 496
2022-07-30 18:13:00,134 - root - INFO - Total=435.124181, G=342.970911, D=89.280968, data=1.632965, next=1.239337
2022-07-30 18:13:06,030 - root - INFO - Total=5.895124, G=0.488051, data=3.217257, acc=0.007155, agg=0.164368, next=2.018292
saving checkpoint...
2022-07-30 18:13:16,290 - root - INFO - Time taken for epoch 82 is 451.28153347969055 sec
2022-07-30 18:13:16,290 - root - INFO - Train time = 435.1241805553436, Valid time = 5.895124197006226
2022-07-30 18:13:16,290 - root - INFO - G losses = {'GAN': 6.591665267944336, 'GAN_Feat': 0.4875454306602478, 'L1': 11.82055950164795}
2022-07-30 18:13:16,290 - root - INFO - D losses = {'D_Fake': 0.5200167894363403, 'D_real': 0.0002150574146071449}
generator made step 0
discriminator made step 0
generator made step 16
discriminator made step 16
generator made step 32
discriminator made step 32
generator made step 48
discriminator made step 48
generator made step 64
discriminator made step 64
generator made step 80
discriminator made step 80
generator made step 96
discriminator made step 96
generator made step 112
discriminator made step 112
generator made step 128
discriminator made step 128
generator made step 144
discriminator made step 144
generator made step 160
discriminator made step 160
generator made step 176
discriminator made step 176
generator made step 192
discriminator made step 192
generator made step 208
discriminator made step 208
generator made step 224
discriminator made step 224
generator made step 240
discriminator made step 240
generator made step 256
discriminator made step 256
generator made step 272
discriminator made step 272
generator made step 288
discriminator made step 288
generator made step 304
discriminator made step 304
generator made step 320
discriminator made step 320
generator made step 336
discriminator made step 336
generator made step 352
discriminator made step 352
generator made step 368
discriminator made step 368
generator made step 384
discriminator made step 384
generator made step 400
discriminator made step 400
generator made step 416
discriminator made step 416
generator made step 432
discriminator made step 432
generator made step 448
discriminator made step 448
generator made step 464
discriminator made step 464
generator made step 480
discriminator made step 480
generator made step 496
discriminator made step 496
2022-07-30 18:20:32,223 - root - INFO - Total=435.931418, G=342.997543, D=89.176718, data=1.630374, next=2.126783
2022-07-30 18:20:37,468 - root - INFO - Total=5.244591, G=0.426282, data=3.201081, acc=0.005865, agg=0.129855, next=1.481508
saving checkpoint...
2022-07-30 18:20:47,908 - root - INFO - Time taken for epoch 83 is 451.6179039478302 sec
2022-07-30 18:20:47,908 - root - INFO - Train time = 435.9314184188843, Valid time = 5.244591474533081
2022-07-30 18:20:47,908 - root - INFO - G losses = {'GAN': 5.929975509643555, 'GAN_Feat': 0.4805336594581604, 'L1': 12.74616813659668}
2022-07-30 18:20:47,908 - root - INFO - D losses = {'D_Fake': 0.0022610456217080355, 'D_real': 2.801278060360346e-05}
generator made step 0
discriminator made step 0
generator made step 16
discriminator made step 16
generator made step 32
discriminator made step 32
generator made step 48
discriminator made step 48
generator made step 64
discriminator made step 64
generator made step 80
discriminator made step 80
generator made step 96
discriminator made step 96
generator made step 112
discriminator made step 112
generator made step 128
discriminator made step 128
generator made step 144
discriminator made step 144
generator made step 160
discriminator made step 160
generator made step 176
discriminator made step 176
generator made step 192
discriminator made step 192
generator made step 208
discriminator made step 208
generator made step 224
discriminator made step 224
generator made step 240
discriminator made step 240
generator made step 256
discriminator made step 256
generator made step 272
discriminator made step 272
generator made step 288
discriminator made step 288
generator made step 304
discriminator made step 304
generator made step 320
discriminator made step 320
generator made step 336
discriminator made step 336
generator made step 352
discriminator made step 352
generator made step 368
discriminator made step 368
generator made step 384
discriminator made step 384
generator made step 400
discriminator made step 400
srun: Job step aborted: Waiting up to 32 seconds for job step to finish.
slurmstepd: error: *** STEP 2856299.0 ON nid002588 CANCELLED AT 2022-07-30T18:26:42 DUE TO TIME LIMIT ***
slurmstepd: error: *** JOB 2856299 ON nid002588 CANCELLED AT 2022-07-30T18:26:42 DUE TO TIME LIMIT ***
generator made step 416
discriminator made step 416
