+ srun -u shifter -V /pscratch/sd/c/cjacobus/ML_Hydro_train/logs:/logs --image=nersc/pytorch:ngc-22.03-v0 --env PYTHONUSERBASE=/global/homes/c/cjacobus/.local/perlmutter/nersc-pytorch-ngc-22.03-v0 bash -c '
    source export_DDP_vars.sh
    python train.py --root_dir=/pscratch/sd/c/cjacobus/tsit --config=valid_L1_spec_128
    '
2022-07-29 13:46:06,895 - torch.distributed.distributed_c10d - INFO - Added key: store_based_barrier_key:1 to store for rank: 3
2022-07-29 13:46:06,899 - torch.distributed.distributed_c10d - INFO - Added key: store_based_barrier_key:1 to store for rank: 1
2022-07-29 13:46:06,900 - torch.distributed.distributed_c10d - INFO - Added key: store_based_barrier_key:1 to store for rank: 2
2022-07-29 13:46:07,017 - torch.distributed.distributed_c10d - INFO - Added key: store_based_barrier_key:1 to store for rank: 15
2022-07-29 13:46:07,023 - torch.distributed.distributed_c10d - INFO - Added key: store_based_barrier_key:1 to store for rank: 14
2022-07-29 13:46:07,024 - torch.distributed.distributed_c10d - INFO - Added key: store_based_barrier_key:1 to store for rank: 12
2022-07-29 13:46:07,024 - torch.distributed.distributed_c10d - INFO - Added key: store_based_barrier_key:1 to store for rank: 13
2022-07-29 13:46:07,231 - torch.distributed.distributed_c10d - INFO - Added key: store_based_barrier_key:1 to store for rank: 0
2022-07-29 13:46:07,365 - torch.distributed.distributed_c10d - INFO - Added key: store_based_barrier_key:1 to store for rank: 11
2022-07-29 13:46:07,369 - torch.distributed.distributed_c10d - INFO - Added key: store_based_barrier_key:1 to store for rank: 9
2022-07-29 13:46:07,372 - torch.distributed.distributed_c10d - INFO - Added key: store_based_barrier_key:1 to store for rank: 10
2022-07-29 13:46:07,373 - torch.distributed.distributed_c10d - INFO - Added key: store_based_barrier_key:1 to store for rank: 8
2022-07-29 13:46:07,409 - torch.distributed.distributed_c10d - INFO - Added key: store_based_barrier_key:1 to store for rank: 5
2022-07-29 13:46:07,410 - torch.distributed.distributed_c10d - INFO - Added key: store_based_barrier_key:1 to store for rank: 6
2022-07-29 13:46:07,413 - torch.distributed.distributed_c10d - INFO - Added key: store_based_barrier_key:1 to store for rank: 4
2022-07-29 13:46:07,414 - torch.distributed.distributed_c10d - INFO - Added key: store_based_barrier_key:1 to store for rank: 7
2022-07-29 13:46:07,414 - torch.distributed.distributed_c10d - INFO - Rank 8: Completed store-based barrier for key:store_based_barrier_key:1 with 16 nodes.
2022-07-29 13:46:07,414 - torch.distributed.distributed_c10d - INFO - Rank 7: Completed store-based barrier for key:store_based_barrier_key:1 with 16 nodes.
2022-07-29 13:46:07,414 - torch.distributed.distributed_c10d - INFO - Rank 13: Completed store-based barrier for key:store_based_barrier_key:1 with 16 nodes.
2022-07-29 13:46:07,415 - torch.distributed.distributed_c10d - INFO - Rank 15: Completed store-based barrier for key:store_based_barrier_key:1 with 16 nodes.
2022-07-29 13:46:07,416 - torch.distributed.distributed_c10d - INFO - Rank 11: Completed store-based barrier for key:store_based_barrier_key:1 with 16 nodes.
2022-07-29 13:46:07,418 - torch.distributed.distributed_c10d - INFO - Rank 1: Completed store-based barrier for key:store_based_barrier_key:1 with 16 nodes.
2022-07-29 13:46:07,419 - torch.distributed.distributed_c10d - INFO - Rank 2: Completed store-based barrier for key:store_based_barrier_key:1 with 16 nodes.
2022-07-29 13:46:07,419 - torch.distributed.distributed_c10d - INFO - Rank 5: Completed store-based barrier for key:store_based_barrier_key:1 with 16 nodes.
2022-07-29 13:46:07,420 - torch.distributed.distributed_c10d - INFO - Rank 9: Completed store-based barrier for key:store_based_barrier_key:1 with 16 nodes.
2022-07-29 13:46:07,421 - torch.distributed.distributed_c10d - INFO - Rank 6: Completed store-based barrier for key:store_based_barrier_key:1 with 16 nodes.
2022-07-29 13:46:07,422 - torch.distributed.distributed_c10d - INFO - Rank 14: Completed store-based barrier for key:store_based_barrier_key:1 with 16 nodes.
2022-07-29 13:46:07,423 - torch.distributed.distributed_c10d - INFO - Rank 4: Completed store-based barrier for key:store_based_barrier_key:1 with 16 nodes.
2022-07-29 13:46:07,423 - torch.distributed.distributed_c10d - INFO - Rank 3: Completed store-based barrier for key:store_based_barrier_key:1 with 16 nodes.
2022-07-29 13:46:07,423 - torch.distributed.distributed_c10d - INFO - Rank 0: Completed store-based barrier for key:store_based_barrier_key:1 with 16 nodes.
2022-07-29 13:46:07,423 - torch.distributed.distributed_c10d - INFO - Rank 12: Completed store-based barrier for key:store_based_barrier_key:1 with 16 nodes.
2022-07-29 13:46:07,423 - torch.distributed.distributed_c10d - INFO - Rank 10: Completed store-based barrier for key:store_based_barrier_key:1 with 16 nodes.
2022-07-29 13:46:07,438 - root - INFO - rank 8, begin data loader init
2022-07-29 13:46:07,438 - root - INFO - rank 9, begin data loader init
2022-07-29 13:46:07,438 - root - INFO - rank 11, begin data loader init
2022-07-29 13:46:07,438 - root - INFO - rank 10, begin data loader init
2022-07-29 13:46:07,438 - root - INFO - rank 8, data loader initialized
2022-07-29 13:46:07,438 - root - INFO - rank 9, data loader initialized
2022-07-29 13:46:07,438 - root - INFO - rank 11, data loader initialized
2022-07-29 13:46:07,438 - root - INFO - rank 10, data loader initialized
2022-07-29 13:46:07,439 - root - INFO - rank 13, begin data loader init
2022-07-29 13:46:07,439 - root - INFO - rank 14, begin data loader init
2022-07-29 13:46:07,439 - root - INFO - rank 12, begin data loader init
2022-07-29 13:46:07,439 - root - INFO - rank 13, data loader initialized
2022-07-29 13:46:07,439 - root - INFO - rank 14, data loader initialized
2022-07-29 13:46:07,439 - root - INFO - rank 15, begin data loader init
2022-07-29 13:46:07,439 - root - INFO - rank 12, data loader initialized
2022-07-29 13:46:07,440 - root - INFO - rank 15, data loader initialized
2022-07-29 13:46:07,442 - root - INFO - rank 4, begin data loader init
2022-07-29 13:46:07,442 - root - INFO - rank 6, begin data loader init
2022-07-29 13:46:07,442 - root - INFO - rank 7, begin data loader init
2022-07-29 13:46:07,442 - root - INFO - rank 5, begin data loader init
2022-07-29 13:46:07,442 - root - INFO - rank 4, data loader initialized
2022-07-29 13:46:07,442 - root - INFO - rank 6, data loader initialized
2022-07-29 13:46:07,442 - root - INFO - rank 7, data loader initialized
2022-07-29 13:46:07,442 - root - INFO - rank 5, data loader initialized
2022-07-29 13:46:07,444 - root - INFO - ------------------ Configuration ------------------
2022-07-29 13:46:07,444 - root - INFO - Configuration file: /global/u1/c/cjacobus/Nyx-TSIT/config/tsit.yaml
2022-07-29 13:46:07,444 - root - INFO - Configuration name: valid_L1_spec_128
2022-07-29 13:46:07,444 - root - INFO - Nsamples 8192
2022-07-29 13:46:07,444 - root - INFO - Nsamples_val 512
2022-07-29 13:46:07,444 - root - INFO - niter 100
2022-07-29 13:46:07,444 - root - INFO - niter_decay 50
2022-07-29 13:46:07,444 - root - INFO - use_spec_loss False
2022-07-29 13:46:07,444 - root - INFO - lambda_spec 100.0
2022-07-29 13:46:07,444 - root - INFO - use_l1_loss True
2022-07-29 13:46:07,444 - root - INFO - lambda_l1 300.0
2022-07-29 13:46:07,444 - root - INFO - data_size 128
2022-07-29 13:46:07,444 - root - INFO - train_path /pscratch/sd/c/cjacobus/Nyx_512/train_s1_512_invar3_hydro.h5
2022-07-29 13:46:07,444 - root - INFO - val_path /pscratch/sd/c/cjacobus/Nyx_512/valid_s2_512_invar3_hydro.h5
2022-07-29 13:46:07,444 - root - INFO - num_data_workers 16
2022-07-29 13:46:07,444 - root - INFO - in_channels [0, 1, 2, 3, 17, 18, 19]
2022-07-29 13:46:07,444 - root - INFO - out_channels [0]
2022-07-29 13:46:07,444 - root - INFO - min_path /pscratch/sd/s/shas1693/data/era5/mins.npy
2022-07-29 13:46:07,444 - root - INFO - max_path /pscratch/sd/s/shas1693/data/era5/maxs.npy
2022-07-29 13:46:07,444 - root - INFO - time_means_path /pscratch/sd/s/shas1693/data/era5/time_means.npy
2022-07-29 13:46:07,444 - root - INFO - global_means_path /pscratch/sd/s/shas1693/data/era5/global_means.npy
2022-07-29 13:46:07,444 - root - INFO - global_stds_path /pscratch/sd/s/shas1693/data/era5/global_stds.npy
2022-07-29 13:46:07,444 - root - INFO - precip /pscratch/sd/p/pharring/ERA5/precip/total_precipitation
2022-07-29 13:46:07,444 - root - INFO - precip_eps 1e-05
2022-07-29 13:46:07,444 - root - INFO - dt 1
2022-07-29 13:46:07,444 - root - INFO - n_history 0
2022-07-29 13:46:07,444 - root - INFO - crop_size_x None
2022-07-29 13:46:07,444 - root - INFO - crop_size_y None
2022-07-29 13:46:07,444 - root - INFO - roll False
2022-07-29 13:46:07,444 - root - INFO - conttime False
2022-07-29 13:46:07,444 - root - INFO - normalization zscore
2022-07-29 13:46:07,444 - root - INFO - add_grid False
2022-07-29 13:46:07,444 - root - INFO - model pix2pix
2022-07-29 13:46:07,444 - root - INFO - norm_G spectralfadebatch3x3
2022-07-29 13:46:07,444 - root - INFO - norm_D spectralinstance
2022-07-29 13:46:07,444 - root - INFO - norm_S spectralinstance
2022-07-29 13:46:07,444 - root - INFO - norm_E spectralinstance
2022-07-29 13:46:07,444 - root - INFO - batch_size 16
2022-07-29 13:46:07,444 - root - INFO - img_size [512, 512, 512]
2022-07-29 13:46:07,444 - root - INFO - box_size [512, 512, 512]
2022-07-29 13:46:07,444 - root - INFO - input_nc 5
2022-07-29 13:46:07,444 - root - INFO - output_nc 5
2022-07-29 13:46:07,444 - root - INFO - netG tsit
2022-07-29 13:46:07,444 - root - INFO - ngf 64
2022-07-29 13:46:07,444 - root - INFO - init_type xavier
2022-07-29 13:46:07,444 - root - INFO - init_variance 0.02
2022-07-29 13:46:07,444 - root - INFO - z_dim 256
2022-07-29 13:46:07,444 - root - INFO - alpha 1.0
2022-07-29 13:46:07,444 - root - INFO - no_ss True
2022-07-29 13:46:07,444 - root - INFO - downsamp True
2022-07-29 13:46:07,444 - root - INFO - num_upsampling_blocks 6
2022-07-29 13:46:07,444 - root - INFO - use_periodic_padding True
2022-07-29 13:46:07,444 - root - INFO - additive_noise False
2022-07-29 13:46:07,444 - root - INFO - nef 16
2022-07-29 13:46:07,444 - root - INFO - use_vae False
2022-07-29 13:46:07,444 - root - INFO - optimizer adam
2022-07-29 13:46:07,444 - root - INFO - beta1 0.5
2022-07-29 13:46:07,445 - root - INFO - beta2 0.999
2022-07-29 13:46:07,445 - root - INFO - lr 0.0002
2022-07-29 13:46:07,445 - root - INFO - D_steps_per_G 1
2022-07-29 13:46:07,445 - root - INFO - ndf 64
2022-07-29 13:46:07,445 - root - INFO - lambda_feat 0.5
2022-07-29 13:46:07,445 - root - INFO - no_ganFeat_loss False
2022-07-29 13:46:07,445 - root - INFO - gan_mode hinge
2022-07-29 13:46:07,445 - root - INFO - netD multiscale
2022-07-29 13:46:07,445 - root - INFO - num_D 2
2022-07-29 13:46:07,445 - root - INFO - n_layers_D 4
2022-07-29 13:46:07,445 - root - INFO - no_TTUR True
2022-07-29 13:46:07,445 - root - INFO - lambda_kld 0.05
2022-07-29 13:46:07,445 - root - INFO - cat_inp False
2022-07-29 13:46:07,445 - root - INFO - entity weatherbenching
2022-07-29 13:46:07,445 - root - INFO - project Nyx-TSIT
2022-07-29 13:46:07,445 - root - INFO - log_to_wandb True
2022-07-29 13:46:07,445 - root - INFO - log_to_screen True
2022-07-29 13:46:07,445 - root - INFO - save_checkpoint True
2022-07-29 13:46:07,445 - root - INFO - weight_init ordereddict([('conv_init', 'normal'), ('conv_scale', 0.02), ('conv_bias', 0.0)])
2022-07-29 13:46:07,445 - root - INFO - lambda_rho 0
2022-07-29 13:46:07,445 - root - INFO - full_scale True
2022-07-29 13:46:07,445 - root - INFO - global_batch_size 64
2022-07-29 13:46:07,445 - root - INFO - base_batch_size 64
2022-07-29 13:46:07,445 - root - INFO - num_epochs 60
2022-07-29 13:46:07,445 - root - INFO - rank 1, begin data loader init
2022-07-29 13:46:07,445 - root - INFO - enable_amp False
2022-07-29 13:46:07,445 - root - INFO - rank 2, begin data loader init
2022-07-29 13:46:07,445 - root - INFO - enable_apex False
2022-07-29 13:46:07,445 - root - INFO - enable_benchy False
2022-07-29 13:46:07,445 - root - INFO - enable_jit False
2022-07-29 13:46:07,445 - root - INFO - rank 3, begin data loader init
2022-07-29 13:46:07,445 - root - INFO - expdir /logs
2022-07-29 13:46:07,445 - root - INFO - lr_schedule ordereddict([('scaling', 'sqrt'), ('start_lr', 0.0002), ('end_lr', 0.0), ('warmup_steps', 128)])
2022-07-29 13:46:07,445 - root - INFO - data_loader_config lowmem
2022-07-29 13:46:07,445 - root - INFO - N_out_channels 5
2022-07-29 13:46:07,445 - root - INFO - N_in_channels 5
2022-07-29 13:46:07,445 - root - INFO - use_cache None
2022-07-29 13:46:07,445 - root - INFO - ---------------------------------------------------
log_to_wandb -------------------------------------------------------------------
2022-07-29 13:46:07,445 - root - INFO - rank 1, data loader initialized
2022-07-29 13:46:07,445 - root - INFO - rank 2, data loader initialized
dir exists: /pscratch/sd/c/cjacobus/tsit/expts/valid_L1_spec_128/checkpoints/
2022-07-29 13:46:07,445 - root - INFO - rank 3, data loader initialized
wandb: Currently logged in as: cjacobus (use `wandb login --relogin` to force relogin)
wandb: wandb version 0.12.21 is available!  To upgrade, please run:
wandb:  $ pip install wandb --upgrade
wandb: Tracking run with wandb version 0.12.13
wandb: Run data is saved locally in /pscratch/sd/c/cjacobus/tsit/expts/valid_L1_spec_128/wandb/run-20220729_134608-2bpu4ibs
wandb: Run `wandb offline` to turn off syncing.
wandb: Resuming run valid_L1_spec_128
wandb: ⭐️ View project at https://wandb.ai/weatherbenching/Nyx-TSIT
wandb: 🚀 View run at https://wandb.ai/weatherbenching/Nyx-TSIT/runs/2bpu4ibs
checking dir: /pscratch/sd/c/cjacobus/tsit/expts/valid_L1_spec_128/checkpoints/
dir exists: /pscratch/sd/c/cjacobus/tsit/expts/valid_L1_spec_128/checkpoints/
2022-07-29 13:46:09,026 - root - INFO - rank 0, begin data loader init
2022-07-29 13:46:09,027 - root - INFO - rank 0, data loader initialized
Network [TSITGenerator] was created. Total number of parameters: 934.7 million. To see the architecture, do print(network).
Network [TSITGenerator] was created. Total number of parameters: 934.7 million. To see the architecture, do print(network).
Network [TSITGenerator] was created. Total number of parameters: 934.7 million. To see the architecture, do print(network).
Network [TSITGenerator] was created. Total number of parameters: 934.7 million. To see the architecture, do print(network).
Network [TSITGenerator] was created. Total number of parameters: 934.7 million. To see the architecture, do print(network).
Network [TSITGenerator] was created. Total number of parameters: 934.7 million. To see the architecture, do print(network).
Network [TSITGenerator] was created. Total number of parameters: 934.7 million. To see the architecture, do print(network).
Network [TSITGenerator] was created. Total number of parameters: 934.7 million. To see the architecture, do print(network).
Network [TSITGenerator] was created. Total number of parameters: 934.7 million. To see the architecture, do print(network).
Network [TSITGenerator] was created. Total number of parameters: 934.7 million. To see the architecture, do print(network).
Network [TSITGenerator] was created. Total number of parameters: 934.7 million. To see the architecture, do print(network).
Network [TSITGenerator] was created. Total number of parameters: 934.7 million. To see the architecture, do print(network).
Network [TSITGenerator] was created. Total number of parameters: 934.7 million. To see the architecture, do print(network).
Network [TSITGenerator] was created. Total number of parameters: 934.7 million. To see the architecture, do print(network).
Network [TSITGenerator] was created. Total number of parameters: 934.7 million. To see the architecture, do print(network).
Network [TSITGenerator] was created. Total number of parameters: 934.7 million. To see the architecture, do print(network).
Network [MultiscaleDiscriminator] was created. Total number of parameters: 22.1 million. To see the architecture, do print(network).
Network [MultiscaleDiscriminator] was created. Total number of parameters: 22.1 million. To see the architecture, do print(network).
Network [MultiscaleDiscriminator] was created. Total number of parameters: 22.1 million. To see the architecture, do print(network).
Network [MultiscaleDiscriminator] was created. Total number of parameters: 22.1 million. To see the architecture, do print(network).
Network [MultiscaleDiscriminator] was created. Total number of parameters: 22.1 million. To see the architecture, do print(network).
Network [MultiscaleDiscriminator] was created. Total number of parameters: 22.1 million. To see the architecture, do print(network).
Network [MultiscaleDiscriminator] was created. Total number of parameters: 22.1 million. To see the architecture, do print(network).
Network [MultiscaleDiscriminator] was created. Total number of parameters: 22.1 million. To see the architecture, do print(network).
Network [MultiscaleDiscriminator] was created. Total number of parameters: 22.1 million. To see the architecture, do print(network).
Network [MultiscaleDiscriminator] was created. Total number of parameters: 22.1 million. To see the architecture, do print(network).
Network [MultiscaleDiscriminator] was created. Total number of parameters: 22.1 million. To see the architecture, do print(network).
Network [MultiscaleDiscriminator] was created. Total number of parameters: 22.1 million. To see the architecture, do print(network).
Network [MultiscaleDiscriminator] was created. Total number of parameters: 22.1 million. To see the architecture, do print(network).
Network [MultiscaleDiscriminator] was created. Total number of parameters: 22.1 million. To see the architecture, do print(network).
Network [MultiscaleDiscriminator] was created. Total number of parameters: 22.1 million. To see the architecture, do print(network).
Network [MultiscaleDiscriminator] was created. Total number of parameters: 22.1 million. To see the architecture, do print(network).
2022-07-29 13:46:29,224 - root - INFO - Loading checkpoint /pscratch/sd/c/cjacobus/tsit/expts/valid_L1_spec_128/checkpoints/ckpt.tar
2022-07-29 13:46:29,225 - root - INFO - Loading checkpoint /pscratch/sd/c/cjacobus/tsit/expts/valid_L1_spec_128/checkpoints/ckpt.tar
2022-07-29 13:46:29,226 - root - INFO - Loading checkpoint /pscratch/sd/c/cjacobus/tsit/expts/valid_L1_spec_128/checkpoints/ckpt.tar
2022-07-29 13:46:29,226 - root - INFO - Loading checkpoint /pscratch/sd/c/cjacobus/tsit/expts/valid_L1_spec_128/checkpoints/ckpt.tar
2022-07-29 13:46:29,227 - root - INFO - Loading checkpoint /pscratch/sd/c/cjacobus/tsit/expts/valid_L1_spec_128/checkpoints/ckpt.tar
2022-07-29 13:46:29,228 - root - INFO - Loading checkpoint /pscratch/sd/c/cjacobus/tsit/expts/valid_L1_spec_128/checkpoints/ckpt.tar
2022-07-29 13:46:29,228 - root - INFO - Loading checkpoint /pscratch/sd/c/cjacobus/tsit/expts/valid_L1_spec_128/checkpoints/ckpt.tar
2022-07-29 13:46:29,229 - root - INFO - Loading checkpoint /pscratch/sd/c/cjacobus/tsit/expts/valid_L1_spec_128/checkpoints/ckpt.tar
2022-07-29 13:46:29,230 - root - INFO - Loading checkpoint /pscratch/sd/c/cjacobus/tsit/expts/valid_L1_spec_128/checkpoints/ckpt.tar
2022-07-29 13:46:29,230 - root - INFO - Loading checkpoint /pscratch/sd/c/cjacobus/tsit/expts/valid_L1_spec_128/checkpoints/ckpt.tar
2022-07-29 13:46:29,230 - root - INFO - Loading checkpoint /pscratch/sd/c/cjacobus/tsit/expts/valid_L1_spec_128/checkpoints/ckpt.tar
2022-07-29 13:46:29,230 - root - INFO - Loading checkpoint /pscratch/sd/c/cjacobus/tsit/expts/valid_L1_spec_128/checkpoints/ckpt.tar
2022-07-29 13:46:29,230 - root - INFO - Loading checkpoint /pscratch/sd/c/cjacobus/tsit/expts/valid_L1_spec_128/checkpoints/ckpt.tar
2022-07-29 13:46:29,230 - root - INFO - Loading checkpoint /pscratch/sd/c/cjacobus/tsit/expts/valid_L1_spec_128/checkpoints/ckpt.tar
2022-07-29 13:46:29,230 - root - INFO - Loading checkpoint /pscratch/sd/c/cjacobus/tsit/expts/valid_L1_spec_128/checkpoints/ckpt.tar
2022-07-29 13:46:29,230 - root - INFO - Loading checkpoint /pscratch/sd/c/cjacobus/tsit/expts/valid_L1_spec_128/checkpoints/ckpt.tar
2022-07-29 13:46:36,080 - root - INFO - Starting Training Loop...
[W reducer.cpp:1282] Warning: find_unused_parameters=True was specified in DDP constructor, but did not find any unused parameters in the forward pass. This flag results in an extra traversal of the autograd graph every iteration,  which can adversely affect performance. If your model indeed never has any unused parameters in the forward pass, consider turning this flag off. Note that this warning may be a false positive if your model has flow control causing later iterations to have unused parameters. (function operator())
[W reducer.cpp:1282] Warning: find_unused_parameters=True was specified in DDP constructor, but did not find any unused parameters in the forward pass. This flag results in an extra traversal of the autograd graph every iteration,  which can adversely affect performance. If your model indeed never has any unused parameters in the forward pass, consider turning this flag off. Note that this warning may be a false positive if your model has flow control causing later iterations to have unused parameters. (function operator())
[W reducer.cpp:1282] Warning: find_unused_parameters=True was specified in DDP constructor, but did not find any unused parameters in the forward pass. This flag results in an extra traversal of the autograd graph every iteration,  which can adversely affect performance. If your model indeed never has any unused parameters in the forward pass, consider turning this flag off. Note that this warning may be a false positive if your model has flow control causing later iterations to have unused parameters. (function operator())
[W reducer.cpp:1282] Warning: find_unused_parameters=True was specified in DDP constructor, but did not find any unused parameters in the forward pass. This flag results in an extra traversal of the autograd graph every iteration,  which can adversely affect performance. If your model indeed never has any unused parameters in the forward pass, consider turning this flag off. Note that this warning may be a false positive if your model has flow control causing later iterations to have unused parameters. (function operator())
[W reducer.cpp:1282] Warning: find_unused_parameters=True was specified in DDP constructor, but did not find any unused parameters in the forward pass. This flag results in an extra traversal of the autograd graph every iteration,  which can adversely affect performance. If your model indeed never has any unused parameters in the forward pass, consider turning this flag off. Note that this warning may be a false positive if your model has flow control causing later iterations to have unused parameters. (function operator())
[W reducer.cpp:1282] Warning: find_unused_parameters=True was specified in DDP constructor, but did not find any unused parameters in the forward pass. This flag results in an extra traversal of the autograd graph every iteration,  which can adversely affect performance. If your model indeed never has any unused parameters in the forward pass, consider turning this flag off. Note that this warning may be a false positive if your model has flow control causing later iterations to have unused parameters. (function operator())
[W reducer.cpp:1282] Warning: find_unused_parameters=True was specified in DDP constructor, but did not find any unused parameters in the forward pass. This flag results in an extra traversal of the autograd graph every iteration,  which can adversely affect performance. If your model indeed never has any unused parameters in the forward pass, consider turning this flag off. Note that this warning may be a false positive if your model has flow control causing later iterations to have unused parameters. (function operator())
[W reducer.cpp:1282] Warning: find_unused_parameters=True was specified in DDP constructor, but did not find any unused parameters in the forward pass. This flag results in an extra traversal of the autograd graph every iteration,  which can adversely affect performance. If your model indeed never has any unused parameters in the forward pass, consider turning this flag off. Note that this warning may be a false positive if your model has flow control causing later iterations to have unused parameters. (function operator())
[W reducer.cpp:1282] Warning: find_unused_parameters=True was specified in DDP constructor, but did not find any unused parameters in the forward pass. This flag results in an extra traversal of the autograd graph every iteration,  which can adversely affect performance. If your model indeed never has any unused parameters in the forward pass, consider turning this flag off. Note that this warning may be a false positive if your model has flow control causing later iterations to have unused parameters. (function operator())
[W reducer.cpp:1282] Warning: find_unused_parameters=True was specified in DDP constructor, but did not find any unused parameters in the forward pass. This flag results in an extra traversal of the autograd graph every iteration,  which can adversely affect performance. If your model indeed never has any unused parameters in the forward pass, consider turning this flag off. Note that this warning may be a false positive if your model has flow control causing later iterations to have unused parameters. (function operator())
[W reducer.cpp:1282] Warning: find_unused_parameters=True was specified in DDP constructor, but did not find any unused parameters in the forward pass. This flag results in an extra traversal of the autograd graph every iteration,  which can adversely affect performance. If your model indeed never has any unused parameters in the forward pass, consider turning this flag off. Note that this warning may be a false positive if your model has flow control causing later iterations to have unused parameters. (function operator())
[W reducer.cpp:1282] Warning: find_unused_parameters=True was specified in DDP constructor, but did not find any unused parameters in the forward pass. This flag results in an extra traversal of the autograd graph every iteration,  which can adversely affect performance. If your model indeed never has any unused parameters in the forward pass, consider turning this flag off. Note that this warning may be a false positive if your model has flow control causing later iterations to have unused parameters. (function operator())
[W reducer.cpp:1282] Warning: find_unused_parameters=True was specified in DDP constructor, but did not find any unused parameters in the forward pass. This flag results in an extra traversal of the autograd graph every iteration,  which can adversely affect performance. If your model indeed never has any unused parameters in the forward pass, consider turning this flag off. Note that this warning may be a false positive if your model has flow control causing later iterations to have unused parameters. (function operator())
[W reducer.cpp:1282] Warning: find_unused_parameters=True was specified in DDP constructor, but did not find any unused parameters in the forward pass. This flag results in an extra traversal of the autograd graph every iteration,  which can adversely affect performance. If your model indeed never has any unused parameters in the forward pass, consider turning this flag off. Note that this warning may be a false positive if your model has flow control causing later iterations to have unused parameters. (function operator())
[W reducer.cpp:1282] Warning: find_unused_parameters=True was specified in DDP constructor, but did not find any unused parameters in the forward pass. This flag results in an extra traversal of the autograd graph every iteration,  which can adversely affect performance. If your model indeed never has any unused parameters in the forward pass, consider turning this flag off. Note that this warning may be a false positive if your model has flow control causing later iterations to have unused parameters. (function operator())
[W reducer.cpp:1282] Warning: find_unused_parameters=True was specified in DDP constructor, but did not find any unused parameters in the forward pass. This flag results in an extra traversal of the autograd graph every iteration,  which can adversely affect performance. If your model indeed never has any unused parameters in the forward pass, consider turning this flag off. Note that this warning may be a false positive if your model has flow control causing later iterations to have unused parameters. (function operator())
generator made step 0
discriminator made step 0
generator made step 16
discriminator made step 16
generator made step 32
discriminator made step 32
generator made step 48
discriminator made step 48
generator made step 64
discriminator made step 64
generator made step 80
discriminator made step 80
generator made step 96
discriminator made step 96
generator made step 112
discriminator made step 112
generator made step 128
discriminator made step 128
generator made step 144
discriminator made step 144
generator made step 160
discriminator made step 160
generator made step 176
discriminator made step 176
generator made step 192
discriminator made step 192
generator made step 208
discriminator made step 208
generator made step 224
discriminator made step 224
generator made step 240
discriminator made step 240
generator made step 256
discriminator made step 256
generator made step 272
discriminator made step 272
generator made step 288
discriminator made step 288
generator made step 304
discriminator made step 304
generator made step 320
discriminator made step 320
generator made step 336
discriminator made step 336
generator made step 352
discriminator made step 352
generator made step 368
discriminator made step 368
generator made step 384
discriminator made step 384
generator made step 400
discriminator made step 400
generator made step 416
discriminator made step 416
generator made step 432
discriminator made step 432
generator made step 448
discriminator made step 448
generator made step 464
discriminator made step 464
generator made step 480
discriminator made step 480
generator made step 496
discriminator made step 496
2022-07-29 13:54:26,580 - root - INFO - Total=470.498310, G=372.823094, D=92.430561, data=1.644624, next=3.600032
2022-07-29 13:54:33,510 - root - INFO - Total=6.929058, G=0.441113, data=3.219880, acc=1.574112, agg=0.128434, next=1.565519
saving checkpoint...
2022-07-29 13:54:46,910 - root - INFO - Time taken for epoch 29 is 490.82925629615784 sec
2022-07-29 13:54:46,910 - root - INFO - Train time = 470.4983103275299, Valid time = 6.929057836532593
2022-07-29 13:54:46,910 - root - INFO - G losses = {'GAN': 4.894484519958496, 'GAN_Feat': 0.5546733140945435, 'L1': 19.129064559936523}
2022-07-29 13:54:46,910 - root - INFO - D losses = {'D_Fake': 0.11874673515558243, 'D_real': 0.01671358197927475}
generator made step 0
discriminator made step 0
generator made step 16
discriminator made step 16
generator made step 32
discriminator made step 32
generator made step 48
discriminator made step 48
generator made step 64
discriminator made step 64
generator made step 80
discriminator made step 80
generator made step 96
discriminator made step 96
generator made step 112
discriminator made step 112
generator made step 128
discriminator made step 128
generator made step 144
discriminator made step 144
generator made step 160
discriminator made step 160
generator made step 176
discriminator made step 176
generator made step 192
discriminator made step 192
generator made step 208
discriminator made step 208
generator made step 224
discriminator made step 224
generator made step 240
discriminator made step 240
generator made step 256
discriminator made step 256
generator made step 272
discriminator made step 272
generator made step 288
discriminator made step 288
generator made step 304
discriminator made step 304
generator made step 320
discriminator made step 320
generator made step 336
discriminator made step 336
generator made step 352
discriminator made step 352
generator made step 368
discriminator made step 368
generator made step 384
discriminator made step 384
generator made step 400
discriminator made step 400
generator made step 416
discriminator made step 416
generator made step 432
discriminator made step 432
generator made step 448
discriminator made step 448
generator made step 464
discriminator made step 464
generator made step 480
discriminator made step 480
generator made step 496
discriminator made step 496
2022-07-29 14:02:09,896 - root - INFO - Total=442.985333, G=347.678189, D=92.398633, data=1.631028, next=1.277483
2022-07-29 14:02:15,835 - root - INFO - Total=5.937968, G=0.468015, data=3.289621, acc=0.007006, agg=0.142344, next=2.030982
saving checkpoint...
2022-07-29 14:02:28,064 - root - INFO - Time taken for epoch 30 is 461.15354657173157 sec
2022-07-29 14:02:28,064 - root - INFO - Train time = 442.9853332042694, Valid time = 5.937968015670776
2022-07-29 14:02:28,064 - root - INFO - G losses = {'GAN': 3.9602434635162354, 'GAN_Feat': 0.5692852139472961, 'L1': 18.93388557434082}
2022-07-29 14:02:28,064 - root - INFO - D losses = {'D_Fake': 0.0, 'D_real': 0.35482147336006165}
generator made step 0
discriminator made step 0
generator made step 16
discriminator made step 16
generator made step 32
discriminator made step 32
generator made step 48
discriminator made step 48
generator made step 64
discriminator made step 64
generator made step 80
discriminator made step 80
generator made step 96
discriminator made step 96
generator made step 112
discriminator made step 112
generator made step 128
discriminator made step 128
generator made step 144
discriminator made step 144
generator made step 160
discriminator made step 160
generator made step 176
discriminator made step 176
generator made step 192
discriminator made step 192
generator made step 208
discriminator made step 208
generator made step 224
discriminator made step 224
generator made step 240
discriminator made step 240
generator made step 256
discriminator made step 256
generator made step 272
discriminator made step 272
generator made step 288
discriminator made step 288
generator made step 304
discriminator made step 304
generator made step 320
discriminator made step 320
generator made step 336
discriminator made step 336
generator made step 352
discriminator made step 352
generator made step 368
discriminator made step 368
generator made step 384
discriminator made step 384
generator made step 400
discriminator made step 400
generator made step 416
discriminator made step 416
generator made step 432
discriminator made step 432
generator made step 448
discriminator made step 448
generator made step 464
discriminator made step 464
generator made step 480
discriminator made step 480
generator made step 496
discriminator made step 496
2022-07-29 14:09:51,069 - root - INFO - Total=443.004303, G=347.673579, D=92.343829, data=1.632978, next=1.353916
2022-07-29 14:09:56,669 - root - INFO - Total=5.598988, G=0.652162, data=3.176567, acc=0.008620, agg=0.138040, next=1.623599
saving checkpoint...
2022-07-29 14:10:08,547 - root - INFO - Time taken for epoch 31 is 460.48283195495605 sec
2022-07-29 14:10:08,547 - root - INFO - Train time = 443.0043034553528, Valid time = 5.598987817764282
2022-07-29 14:10:08,547 - root - INFO - G losses = {'GAN': 1.5275352001190186, 'GAN_Feat': 0.5260786414146423, 'L1': 19.552074432373047}
2022-07-29 14:10:08,547 - root - INFO - D losses = {'D_Fake': 0.6203140020370483, 'D_real': 0.4271450936794281}
generator made step 0
discriminator made step 0
generator made step 16
discriminator made step 16
generator made step 32
discriminator made step 32
generator made step 48
discriminator made step 48
generator made step 64
discriminator made step 64
generator made step 80
discriminator made step 80
generator made step 96
discriminator made step 96
generator made step 112
discriminator made step 112
generator made step 128
discriminator made step 128
generator made step 144
discriminator made step 144
generator made step 160
discriminator made step 160
generator made step 176
discriminator made step 176
generator made step 192
discriminator made step 192
generator made step 208
discriminator made step 208
generator made step 224
discriminator made step 224
generator made step 240
discriminator made step 240
generator made step 256
discriminator made step 256
generator made step 272
discriminator made step 272
generator made step 288
discriminator made step 288
generator made step 304
discriminator made step 304
generator made step 320
discriminator made step 320
generator made step 336
discriminator made step 336
generator made step 352
discriminator made step 352
generator made step 368
discriminator made step 368
generator made step 384
discriminator made step 384
generator made step 400
discriminator made step 400
generator made step 416
discriminator made step 416
generator made step 432
discriminator made step 432
generator made step 448
discriminator made step 448
generator made step 464
discriminator made step 464
generator made step 480
discriminator made step 480
generator made step 496
discriminator made step 496
2022-07-29 14:17:31,320 - root - INFO - Total=442.772467, G=347.666683, D=92.377814, data=1.631777, next=1.096194
2022-07-29 14:17:37,071 - root - INFO - Total=5.749574, G=0.508580, data=3.180836, acc=0.008760, agg=0.163233, next=1.888165
saving checkpoint...
2022-07-29 14:17:49,172 - root - INFO - Time taken for epoch 32 is 460.6245439052582 sec
2022-07-29 14:17:49,172 - root - INFO - Train time = 442.77246713638306, Valid time = 5.749574184417725
2022-07-29 14:17:49,172 - root - INFO - G losses = {'GAN': 4.527063369750977, 'GAN_Feat': 0.5271043181419373, 'L1': 17.405912399291992}
2022-07-29 14:17:49,172 - root - INFO - D losses = {'D_Fake': 0.025568770244717598, 'D_real': 0.5552981495857239}
generator made step 0
discriminator made step 0
generator made step 16
discriminator made step 16
generator made step 32
discriminator made step 32
generator made step 48
discriminator made step 48
generator made step 64
discriminator made step 64
generator made step 80
discriminator made step 80
generator made step 96
discriminator made step 96
generator made step 112
discriminator made step 112
generator made step 128
discriminator made step 128
generator made step 144
discriminator made step 144
generator made step 160
discriminator made step 160
generator made step 176
discriminator made step 176
generator made step 192
discriminator made step 192
generator made step 208
discriminator made step 208
generator made step 224
discriminator made step 224
generator made step 240
discriminator made step 240
generator made step 256
discriminator made step 256
generator made step 272
discriminator made step 272
generator made step 288
discriminator made step 288
generator made step 304
discriminator made step 304
generator made step 320
discriminator made step 320
generator made step 336
discriminator made step 336
generator made step 352
discriminator made step 352
generator made step 368
discriminator made step 368
generator made step 384
discriminator made step 384
generator made step 400
discriminator made step 400
generator made step 416
discriminator made step 416
generator made step 432
discriminator made step 432
generator made step 448
discriminator made step 448
generator made step 464
discriminator made step 464
generator made step 480
discriminator made step 480
generator made step 496
discriminator made step 496
2022-07-29 14:25:13,067 - root - INFO - Total=443.894037, G=347.695842, D=92.389004, data=1.629941, next=2.179250
2022-07-29 14:25:18,879 - root - INFO - Total=5.811507, G=0.428478, data=3.290830, acc=0.013554, agg=0.135979, next=1.942666
saving checkpoint...
2022-07-29 14:25:31,091 - root - INFO - Time taken for epoch 33 is 461.91923117637634 sec
2022-07-29 14:25:31,091 - root - INFO - Train time = 443.8940370082855, Valid time = 5.811506986618042
2022-07-29 14:25:31,091 - root - INFO - G losses = {'GAN': 2.6792566776275635, 'GAN_Feat': 0.5493021011352539, 'L1': 19.84979248046875}
2022-07-29 14:25:31,091 - root - INFO - D losses = {'D_Fake': 0.20881901681423187, 'D_real': 0.00044537996291182935}
generator made step 0
discriminator made step 0
generator made step 16
discriminator made step 16
generator made step 32
discriminator made step 32
generator made step 48
discriminator made step 48
generator made step 64
discriminator made step 64
generator made step 80
discriminator made step 80
generator made step 96
discriminator made step 96
generator made step 112
discriminator made step 112
generator made step 128
discriminator made step 128
generator made step 144
discriminator made step 144
generator made step 160
discriminator made step 160
generator made step 176
discriminator made step 176
generator made step 192
discriminator made step 192
generator made step 208
discriminator made step 208
generator made step 224
discriminator made step 224
generator made step 240
discriminator made step 240
generator made step 256
discriminator made step 256
generator made step 272
discriminator made step 272
generator made step 288
discriminator made step 288
generator made step 304
discriminator made step 304
generator made step 320
discriminator made step 320
generator made step 336
discriminator made step 336
generator made step 352
discriminator made step 352
generator made step 368
discriminator made step 368
generator made step 384
discriminator made step 384
generator made step 400
discriminator made step 400
generator made step 416
discriminator made step 416
generator made step 432
discriminator made step 432
generator made step 448
discriminator made step 448
generator made step 464
discriminator made step 464
generator made step 480
discriminator made step 480
generator made step 496
discriminator made step 496
2022-07-29 14:32:54,150 - root - INFO - Total=443.057642, G=347.696934, D=92.333992, data=1.629998, next=1.396718
2022-07-29 14:32:59,904 - root - INFO - Total=5.753227, G=0.677448, data=3.208306, acc=0.009500, agg=0.141732, next=1.716241
saving checkpoint...
2022-07-29 14:33:11,990 - root - INFO - Time taken for epoch 34 is 460.8991205692291 sec
2022-07-29 14:33:11,990 - root - INFO - Train time = 443.05764150619507, Valid time = 5.75322699546814
2022-07-29 14:33:11,991 - root - INFO - G losses = {'GAN': 2.887932062149048, 'GAN_Feat': 0.5741463899612427, 'L1': 21.725954055786133}
2022-07-29 14:33:11,991 - root - INFO - D losses = {'D_Fake': 0.08707108348608017, 'D_real': 8.337903273059055e-05}
generator made step 0
discriminator made step 0
generator made step 16
discriminator made step 16
generator made step 32
discriminator made step 32
generator made step 48
discriminator made step 48
generator made step 64
discriminator made step 64
generator made step 80
discriminator made step 80
generator made step 96
discriminator made step 96
generator made step 112
discriminator made step 112
generator made step 128
discriminator made step 128
generator made step 144
discriminator made step 144
generator made step 160
discriminator made step 160
generator made step 176
discriminator made step 176
generator made step 192
discriminator made step 192
generator made step 208
discriminator made step 208
generator made step 224
discriminator made step 224
generator made step 240
discriminator made step 240
generator made step 256
discriminator made step 256
generator made step 272
discriminator made step 272
generator made step 288
discriminator made step 288
generator made step 304
discriminator made step 304
generator made step 320
discriminator made step 320
generator made step 336
discriminator made step 336
generator made step 352
discriminator made step 352
generator made step 368
discriminator made step 368
generator made step 384
discriminator made step 384
generator made step 400
discriminator made step 400
generator made step 416
discriminator made step 416
generator made step 432
discriminator made step 432
generator made step 448
discriminator made step 448
generator made step 464
discriminator made step 464
generator made step 480
discriminator made step 480
generator made step 496
discriminator made step 496
2022-07-29 14:40:35,104 - root - INFO - Total=443.112430, G=347.716533, D=92.362615, data=1.632000, next=1.401282
2022-07-29 14:40:41,343 - root - INFO - Total=6.238098, G=0.411976, data=3.449617, acc=0.005824, agg=0.156696, next=2.213985
saving checkpoint...
2022-07-29 14:40:53,686 - root - INFO - Time taken for epoch 35 is 461.6958508491516 sec
2022-07-29 14:40:53,687 - root - INFO - Train time = 443.11242961883545, Valid time = 6.238098382949829
2022-07-29 14:40:53,687 - root - INFO - G losses = {'GAN': 2.5332865715026855, 'GAN_Feat': 0.5406301617622375, 'L1': 17.139415740966797}
2022-07-29 14:40:53,687 - root - INFO - D losses = {'D_Fake': 0.7089592218399048, 'D_real': 0.00394850829616189}
generator made step 0
discriminator made step 0
generator made step 16
discriminator made step 16
generator made step 32
discriminator made step 32
generator made step 48
discriminator made step 48
generator made step 64
discriminator made step 64
generator made step 80
discriminator made step 80
generator made step 96
discriminator made step 96
generator made step 112
discriminator made step 112
generator made step 128
discriminator made step 128
generator made step 144
discriminator made step 144
generator made step 160
discriminator made step 160
generator made step 176
discriminator made step 176
generator made step 192
discriminator made step 192
generator made step 208
discriminator made step 208
generator made step 224
discriminator made step 224
generator made step 240
discriminator made step 240
generator made step 256
discriminator made step 256
generator made step 272
discriminator made step 272
generator made step 288
discriminator made step 288
generator made step 304
discriminator made step 304
generator made step 320
discriminator made step 320
generator made step 336
discriminator made step 336
slurmstepd: error: *** STEP 2843131.0 ON nid003940 CANCELLED AT 2022-07-29T14:45:56 DUE TO TIME LIMIT ***
srun: Job step aborted: Waiting up to 32 seconds for job step to finish.
slurmstepd: error: *** JOB 2843131 ON nid003940 CANCELLED AT 2022-07-29T14:45:56 DUE TO TIME LIMIT ***
