+ srun -u shifter -V /pscratch/sd/c/cjacobus/ML_Hydro_train/logs:/logs --image=nersc/pytorch:ngc-22.03-v0 --env PYTHONUSERBASE=/global/homes/c/cjacobus/.local/perlmutter/nersc-pytorch-ngc-22.03-v0 bash -c '
    source export_DDP_vars.sh
    python train.py --root_dir=/pscratch/sd/c/cjacobus/tsit --config=new_full_fresh
    '
2022-07-25 07:02:13,981 - torch.distributed.distributed_c10d - INFO - Added key: store_based_barrier_key:1 to store for rank: 3
2022-07-25 07:02:13,982 - torch.distributed.distributed_c10d - INFO - Added key: store_based_barrier_key:1 to store for rank: 2
2022-07-25 07:02:13,983 - torch.distributed.distributed_c10d - INFO - Added key: store_based_barrier_key:1 to store for rank: 1
2022-07-25 07:02:14,261 - torch.distributed.distributed_c10d - INFO - Added key: store_based_barrier_key:1 to store for rank: 5
2022-07-25 07:02:14,262 - torch.distributed.distributed_c10d - INFO - Added key: store_based_barrier_key:1 to store for rank: 6
2022-07-25 07:02:14,264 - torch.distributed.distributed_c10d - INFO - Added key: store_based_barrier_key:1 to store for rank: 4
2022-07-25 07:02:14,265 - torch.distributed.distributed_c10d - INFO - Added key: store_based_barrier_key:1 to store for rank: 7
2022-07-25 07:02:14,514 - torch.distributed.distributed_c10d - INFO - Added key: store_based_barrier_key:1 to store for rank: 13
2022-07-25 07:02:14,516 - torch.distributed.distributed_c10d - INFO - Added key: store_based_barrier_key:1 to store for rank: 12
2022-07-25 07:02:14,518 - torch.distributed.distributed_c10d - INFO - Added key: store_based_barrier_key:1 to store for rank: 14
2022-07-25 07:02:14,518 - torch.distributed.distributed_c10d - INFO - Added key: store_based_barrier_key:1 to store for rank: 15
2022-07-25 07:02:14,755 - torch.distributed.distributed_c10d - INFO - Added key: store_based_barrier_key:1 to store for rank: 0
2022-07-25 07:02:14,846 - torch.distributed.distributed_c10d - INFO - Added key: store_based_barrier_key:1 to store for rank: 11
2022-07-25 07:02:14,848 - torch.distributed.distributed_c10d - INFO - Added key: store_based_barrier_key:1 to store for rank: 8
2022-07-25 07:02:14,851 - torch.distributed.distributed_c10d - INFO - Added key: store_based_barrier_key:1 to store for rank: 9
2022-07-25 07:02:14,852 - torch.distributed.distributed_c10d - INFO - Added key: store_based_barrier_key:1 to store for rank: 10
2022-07-25 07:02:14,853 - torch.distributed.distributed_c10d - INFO - Rank 10: Completed store-based barrier for key:store_based_barrier_key:1 with 16 nodes.
2022-07-25 07:02:14,854 - torch.distributed.distributed_c10d - INFO - Rank 3: Completed store-based barrier for key:store_based_barrier_key:1 with 16 nodes.
2022-07-25 07:02:14,854 - torch.distributed.distributed_c10d - INFO - Rank 12: Completed store-based barrier for key:store_based_barrier_key:1 with 16 nodes.
2022-07-25 07:02:14,854 - torch.distributed.distributed_c10d - INFO - Rank 5: Completed store-based barrier for key:store_based_barrier_key:1 with 16 nodes.
2022-07-25 07:02:14,855 - torch.distributed.distributed_c10d - INFO - Rank 6: Completed store-based barrier for key:store_based_barrier_key:1 with 16 nodes.
2022-07-25 07:02:14,855 - torch.distributed.distributed_c10d - INFO - Rank 15: Completed store-based barrier for key:store_based_barrier_key:1 with 16 nodes.
2022-07-25 07:02:14,855 - torch.distributed.distributed_c10d - INFO - Rank 14: Completed store-based barrier for key:store_based_barrier_key:1 with 16 nodes.
2022-07-25 07:02:14,857 - torch.distributed.distributed_c10d - INFO - Rank 0: Completed store-based barrier for key:store_based_barrier_key:1 with 16 nodes.
2022-07-25 07:02:14,857 - torch.distributed.distributed_c10d - INFO - Rank 2: Completed store-based barrier for key:store_based_barrier_key:1 with 16 nodes.
2022-07-25 07:02:14,857 - torch.distributed.distributed_c10d - INFO - Rank 11: Completed store-based barrier for key:store_based_barrier_key:1 with 16 nodes.
2022-07-25 07:02:14,857 - torch.distributed.distributed_c10d - INFO - Rank 1: Completed store-based barrier for key:store_based_barrier_key:1 with 16 nodes.
2022-07-25 07:02:14,858 - torch.distributed.distributed_c10d - INFO - Rank 8: Completed store-based barrier for key:store_based_barrier_key:1 with 16 nodes.
2022-07-25 07:02:14,859 - torch.distributed.distributed_c10d - INFO - Rank 7: Completed store-based barrier for key:store_based_barrier_key:1 with 16 nodes.
2022-07-25 07:02:14,860 - torch.distributed.distributed_c10d - INFO - Rank 4: Completed store-based barrier for key:store_based_barrier_key:1 with 16 nodes.
2022-07-25 07:02:14,860 - torch.distributed.distributed_c10d - INFO - Rank 13: Completed store-based barrier for key:store_based_barrier_key:1 with 16 nodes.
2022-07-25 07:02:14,861 - torch.distributed.distributed_c10d - INFO - Rank 9: Completed store-based barrier for key:store_based_barrier_key:1 with 16 nodes.
2022-07-25 07:02:14,876 - root - INFO - rank 12, begin data loader init
2022-07-25 07:02:14,876 - root - INFO - rank 14, begin data loader init
2022-07-25 07:02:14,876 - root - INFO - rank 15, begin data loader init
2022-07-25 07:02:14,876 - root - INFO - rank 13, begin data loader init
2022-07-25 07:02:14,876 - root - INFO - rank 12, data loader initialized
2022-07-25 07:02:14,876 - root - INFO - rank 14, data loader initialized
2022-07-25 07:02:14,876 - root - INFO - rank 15, data loader initialized
2022-07-25 07:02:14,876 - root - INFO - rank 13, data loader initialized
2022-07-25 07:02:14,879 - root - INFO - rank 10, begin data loader init
2022-07-25 07:02:14,879 - root - INFO - rank 9, begin data loader init
2022-07-25 07:02:14,879 - root - INFO - rank 11, begin data loader init
2022-07-25 07:02:14,879 - root - INFO - rank 8, begin data loader init
2022-07-25 07:02:14,879 - root - INFO - rank 9, data loader initialized
2022-07-25 07:02:14,879 - root - INFO - rank 10, data loader initialized
2022-07-25 07:02:14,879 - root - INFO - rank 8, data loader initialized
2022-07-25 07:02:14,879 - root - INFO - rank 11, data loader initialized
2022-07-25 07:02:14,880 - root - INFO - rank 6, begin data loader init
2022-07-25 07:02:14,880 - root - INFO - rank 4, begin data loader init
2022-07-25 07:02:14,880 - root - INFO - rank 5, begin data loader init
2022-07-25 07:02:14,880 - root - INFO - rank 7, begin data loader init
2022-07-25 07:02:14,880 - root - INFO - rank 6, data loader initialized
2022-07-25 07:02:14,880 - root - INFO - rank 4, data loader initialized
2022-07-25 07:02:14,880 - root - INFO - rank 5, data loader initialized
2022-07-25 07:02:14,880 - root - INFO - rank 7, data loader initialized
2022-07-25 07:02:14,881 - root - INFO - ------------------ Configuration ------------------
2022-07-25 07:02:14,881 - root - INFO - Configuration file: /global/u1/c/cjacobus/Nyx-TSIT/config/tsit.yaml
2022-07-25 07:02:14,881 - root - INFO - Configuration name: new_full_fresh
2022-07-25 07:02:14,881 - root - INFO - Nsamples 8192
2022-07-25 07:02:14,881 - root - INFO - Nsamples_val 512
2022-07-25 07:02:14,881 - root - INFO - niter 100
2022-07-25 07:02:14,881 - root - INFO - niter_decay 50
2022-07-25 07:02:14,881 - root - INFO - num_data_workers 16
2022-07-25 07:02:14,881 - root - INFO - in_channels [0, 1, 2, 3, 17, 18, 19]
2022-07-25 07:02:14,881 - root - INFO - out_channels [0]
2022-07-25 07:02:14,881 - root - INFO - min_path /pscratch/sd/s/shas1693/data/era5/mins.npy
2022-07-25 07:02:14,881 - root - INFO - max_path /pscratch/sd/s/shas1693/data/era5/maxs.npy
2022-07-25 07:02:14,881 - root - INFO - time_means_path /pscratch/sd/s/shas1693/data/era5/time_means.npy
2022-07-25 07:02:14,881 - root - INFO - global_means_path /pscratch/sd/s/shas1693/data/era5/global_means.npy
2022-07-25 07:02:14,881 - root - INFO - global_stds_path /pscratch/sd/s/shas1693/data/era5/global_stds.npy
2022-07-25 07:02:14,881 - root - INFO - precip /pscratch/sd/p/pharring/ERA5/precip/total_precipitation
2022-07-25 07:02:14,881 - root - INFO - precip_eps 1e-05
2022-07-25 07:02:14,881 - root - INFO - dt 1
2022-07-25 07:02:14,881 - root - INFO - n_history 0
2022-07-25 07:02:14,881 - root - INFO - crop_size_x None
2022-07-25 07:02:14,881 - root - INFO - crop_size_y None
2022-07-25 07:02:14,881 - root - INFO - roll False
2022-07-25 07:02:14,881 - root - INFO - conttime False
2022-07-25 07:02:14,881 - root - INFO - normalization zscore
2022-07-25 07:02:14,881 - root - INFO - add_grid False
2022-07-25 07:02:14,881 - root - INFO - model pix2pix
2022-07-25 07:02:14,881 - root - INFO - norm_G spectralfadebatch3x3
2022-07-25 07:02:14,881 - root - INFO - norm_D spectralinstance
2022-07-25 07:02:14,881 - root - INFO - norm_S spectralinstance
2022-07-25 07:02:14,881 - root - INFO - norm_E spectralinstance
2022-07-25 07:02:14,881 - root - INFO - rank 2, begin data loader init
2022-07-25 07:02:14,881 - root - INFO - batch_size 16
2022-07-25 07:02:14,881 - root - INFO - img_size [512, 512, 512]
2022-07-25 07:02:14,881 - root - INFO - box_size [512, 512, 512]
2022-07-25 07:02:14,881 - root - INFO - data_size 128
2022-07-25 07:02:14,881 - root - INFO - input_nc 5
2022-07-25 07:02:14,881 - root - INFO - output_nc 5
2022-07-25 07:02:14,881 - root - INFO - rank 3, begin data loader init
2022-07-25 07:02:14,881 - root - INFO - netG tsit
2022-07-25 07:02:14,881 - root - INFO - ngf 64
2022-07-25 07:02:14,882 - root - INFO - init_type xavier
2022-07-25 07:02:14,881 - root - INFO - rank 1, begin data loader init
2022-07-25 07:02:14,882 - root - INFO - init_variance 0.02
2022-07-25 07:02:14,882 - root - INFO - z_dim 256
2022-07-25 07:02:14,882 - root - INFO - alpha 1.0
2022-07-25 07:02:14,882 - root - INFO - rank 2, data loader initialized
2022-07-25 07:02:14,882 - root - INFO - no_ss True
2022-07-25 07:02:14,882 - root - INFO - downsamp True
2022-07-25 07:02:14,882 - root - INFO - num_upsampling_blocks 6
2022-07-25 07:02:14,882 - root - INFO - use_periodic_padding True
2022-07-25 07:02:14,882 - root - INFO - additive_noise False
2022-07-25 07:02:14,882 - root - INFO - nef 16
2022-07-25 07:02:14,882 - root - INFO - use_vae False
2022-07-25 07:02:14,882 - root - INFO - optimizer adam
2022-07-25 07:02:14,882 - root - INFO - beta1 0.5
2022-07-25 07:02:14,882 - root - INFO - rank 3, data loader initialized
2022-07-25 07:02:14,882 - root - INFO - rank 1, data loader initialized
2022-07-25 07:02:14,882 - root - INFO - beta2 0.999
2022-07-25 07:02:14,882 - root - INFO - lr 0.0002
2022-07-25 07:02:14,882 - root - INFO - D_steps_per_G 1
2022-07-25 07:02:14,882 - root - INFO - use_spec_loss False
2022-07-25 07:02:14,882 - root - INFO - lambda_spec 1.0
2022-07-25 07:02:14,882 - root - INFO - use_l1_loss False
2022-07-25 07:02:14,882 - root - INFO - lambda_l1 1.0
2022-07-25 07:02:14,882 - root - INFO - ndf 64
2022-07-25 07:02:14,882 - root - INFO - lambda_feat 0.5
2022-07-25 07:02:14,882 - root - INFO - no_ganFeat_loss False
2022-07-25 07:02:14,882 - root - INFO - gan_mode hinge
2022-07-25 07:02:14,882 - root - INFO - netD multiscale
2022-07-25 07:02:14,882 - root - INFO - num_D 2
2022-07-25 07:02:14,882 - root - INFO - n_layers_D 4
2022-07-25 07:02:14,882 - root - INFO - no_TTUR True
2022-07-25 07:02:14,882 - root - INFO - lambda_kld 0.05
2022-07-25 07:02:14,882 - root - INFO - cat_inp False
2022-07-25 07:02:14,882 - root - INFO - entity weatherbenching
2022-07-25 07:02:14,882 - root - INFO - project Nyx-TSIT
2022-07-25 07:02:14,882 - root - INFO - log_to_wandb True
2022-07-25 07:02:14,882 - root - INFO - log_to_screen True
2022-07-25 07:02:14,882 - root - INFO - save_checkpoint True
2022-07-25 07:02:14,882 - root - INFO - weight_init ordereddict([('conv_init', 'normal'), ('conv_scale', 0.02), ('conv_bias', 0.0)])
2022-07-25 07:02:14,882 - root - INFO - lambda_rho 0
2022-07-25 07:02:14,882 - root - INFO - full_scale True
2022-07-25 07:02:14,882 - root - INFO - global_batch_size 64
2022-07-25 07:02:14,882 - root - INFO - base_batch_size 64
2022-07-25 07:02:14,882 - root - INFO - num_epochs 60
2022-07-25 07:02:14,882 - root - INFO - enable_amp False
2022-07-25 07:02:14,882 - root - INFO - enable_apex False
2022-07-25 07:02:14,882 - root - INFO - enable_benchy False
2022-07-25 07:02:14,882 - root - INFO - enable_jit False
2022-07-25 07:02:14,882 - root - INFO - expdir /logs
2022-07-25 07:02:14,882 - root - INFO - lr_schedule ordereddict([('scaling', 'sqrt'), ('start_lr', 0.0002), ('end_lr', 0.0), ('warmup_steps', 128)])
2022-07-25 07:02:14,882 - root - INFO - data_loader_config lowmem
2022-07-25 07:02:14,882 - root - INFO - N_out_channels 5
2022-07-25 07:02:14,882 - root - INFO - N_in_channels 5
2022-07-25 07:02:14,882 - root - INFO - train_path /pscratch/sd/c/cjacobus/Nyx_512/train_s1_512_hydro.h5
2022-07-25 07:02:14,882 - root - INFO - val_path /pscratch/sd/c/cjacobus/Nyx_512/train_s1_512_hydro.h5
2022-07-25 07:02:14,882 - root - INFO - use_cache None
2022-07-25 07:02:14,882 - root - INFO - ---------------------------------------------------
log_to_wandb -------------------------------------------------------------------
dir exists: /pscratch/sd/c/cjacobus/tsit/expts/new_full_fresh/checkpoints/
wandb: Currently logged in as: cjacobus (use `wandb login --relogin` to force relogin)
wandb: wandb version 0.12.21 is available!  To upgrade, please run:
wandb:  $ pip install wandb --upgrade
wandb: Tracking run with wandb version 0.12.13
wandb: Run data is saved locally in /global/u1/c/cjacobus/Nyx-TSIT/wandb/run-20220725_070215-bjvg6h7j
wandb: Run `wandb offline` to turn off syncing.
wandb: Resuming run new_full_fresh
wandb: ⭐️ View project at https://wandb.ai/weatherbenching/Nyx-TSIT
wandb: 🚀 View run at https://wandb.ai/weatherbenching/Nyx-TSIT/runs/bjvg6h7j
checking dir: /pscratch/sd/c/cjacobus/tsit/expts/new_full_fresh/checkpoints/
dir exists: /pscratch/sd/c/cjacobus/tsit/expts/new_full_fresh/checkpoints/
2022-07-25 07:02:18,124 - root - INFO - rank 0, begin data loader init
2022-07-25 07:02:18,124 - root - INFO - rank 0, data loader initialized
Network [TSITGenerator] was created. Total number of parameters: 934.7 million. To see the architecture, do print(network).
Network [TSITGenerator] was created. Total number of parameters: 934.7 million. To see the architecture, do print(network).
Network [TSITGenerator] was created. Total number of parameters: 934.7 million. To see the architecture, do print(network).
Network [TSITGenerator] was created. Total number of parameters: 934.7 million. To see the architecture, do print(network).
Network [TSITGenerator] was created. Total number of parameters: 934.7 million. To see the architecture, do print(network).
Network [TSITGenerator] was created. Total number of parameters: 934.7 million. To see the architecture, do print(network).
Network [TSITGenerator] was created. Total number of parameters: 934.7 million. To see the architecture, do print(network).
Network [TSITGenerator] was created. Total number of parameters: 934.7 million. To see the architecture, do print(network).
Network [TSITGenerator] was created. Total number of parameters: 934.7 million. To see the architecture, do print(network).
Network [TSITGenerator] was created. Total number of parameters: 934.7 million. To see the architecture, do print(network).
Network [TSITGenerator] was created. Total number of parameters: 934.7 million. To see the architecture, do print(network).
Network [TSITGenerator] was created. Total number of parameters: 934.7 million. To see the architecture, do print(network).
Network [TSITGenerator] was created. Total number of parameters: 934.7 million. To see the architecture, do print(network).
Network [TSITGenerator] was created. Total number of parameters: 934.7 million. To see the architecture, do print(network).
Network [TSITGenerator] was created. Total number of parameters: 934.7 million. To see the architecture, do print(network).
Network [TSITGenerator] was created. Total number of parameters: 934.7 million. To see the architecture, do print(network).
Network [MultiscaleDiscriminator] was created. Total number of parameters: 22.1 million. To see the architecture, do print(network).
Network [MultiscaleDiscriminator] was created. Total number of parameters: 22.1 million. To see the architecture, do print(network).
Network [MultiscaleDiscriminator] was created. Total number of parameters: 22.1 million. To see the architecture, do print(network).
Network [MultiscaleDiscriminator] was created. Total number of parameters: 22.1 million. To see the architecture, do print(network).
Network [MultiscaleDiscriminator] was created. Total number of parameters: 22.1 million. To see the architecture, do print(network).
Network [MultiscaleDiscriminator] was created. Total number of parameters: 22.1 million. To see the architecture, do print(network).
Network [MultiscaleDiscriminator] was created. Total number of parameters: 22.1 million. To see the architecture, do print(network).
Network [MultiscaleDiscriminator] was created. Total number of parameters: 22.1 million. To see the architecture, do print(network).
Network [MultiscaleDiscriminator] was created. Total number of parameters: 22.1 million. To see the architecture, do print(network).
Network [MultiscaleDiscriminator] was created. Total number of parameters: 22.1 million. To see the architecture, do print(network).
Network [MultiscaleDiscriminator] was created. Total number of parameters: 22.1 million. To see the architecture, do print(network).
Network [MultiscaleDiscriminator] was created. Total number of parameters: 22.1 million. To see the architecture, do print(network).
Network [MultiscaleDiscriminator] was created. Total number of parameters: 22.1 million. To see the architecture, do print(network).
Network [MultiscaleDiscriminator] was created. Total number of parameters: 22.1 million. To see the architecture, do print(network).
Network [MultiscaleDiscriminator] was created. Total number of parameters: 22.1 million. To see the architecture, do print(network).
Network [MultiscaleDiscriminator] was created. Total number of parameters: 22.1 million. To see the architecture, do print(network).
2022-07-25 07:02:38,346 - root - INFO - Loading checkpoint /pscratch/sd/c/cjacobus/tsit/expts/new_full_fresh/checkpoints/ckpt.tar
2022-07-25 07:02:38,347 - root - INFO - Loading checkpoint /pscratch/sd/c/cjacobus/tsit/expts/new_full_fresh/checkpoints/ckpt.tar
2022-07-25 07:02:38,347 - root - INFO - Loading checkpoint /pscratch/sd/c/cjacobus/tsit/expts/new_full_fresh/checkpoints/ckpt.tar
2022-07-25 07:02:38,348 - root - INFO - Loading checkpoint /pscratch/sd/c/cjacobus/tsit/expts/new_full_fresh/checkpoints/ckpt.tar
2022-07-25 07:02:38,350 - root - INFO - Loading checkpoint /pscratch/sd/c/cjacobus/tsit/expts/new_full_fresh/checkpoints/ckpt.tar
2022-07-25 07:02:38,350 - root - INFO - Loading checkpoint /pscratch/sd/c/cjacobus/tsit/expts/new_full_fresh/checkpoints/ckpt.tar
2022-07-25 07:02:38,350 - root - INFO - Loading checkpoint /pscratch/sd/c/cjacobus/tsit/expts/new_full_fresh/checkpoints/ckpt.tar
2022-07-25 07:02:38,351 - root - INFO - Loading checkpoint /pscratch/sd/c/cjacobus/tsit/expts/new_full_fresh/checkpoints/ckpt.tar
2022-07-25 07:02:38,352 - root - INFO - Loading checkpoint /pscratch/sd/c/cjacobus/tsit/expts/new_full_fresh/checkpoints/ckpt.tar
2022-07-25 07:02:38,351 - root - INFO - Loading checkpoint /pscratch/sd/c/cjacobus/tsit/expts/new_full_fresh/checkpoints/ckpt.tar
2022-07-25 07:02:38,352 - root - INFO - Loading checkpoint /pscratch/sd/c/cjacobus/tsit/expts/new_full_fresh/checkpoints/ckpt.tar
2022-07-25 07:02:38,352 - root - INFO - Loading checkpoint /pscratch/sd/c/cjacobus/tsit/expts/new_full_fresh/checkpoints/ckpt.tar
2022-07-25 07:02:38,352 - root - INFO - Loading checkpoint /pscratch/sd/c/cjacobus/tsit/expts/new_full_fresh/checkpoints/ckpt.tar
2022-07-25 07:02:38,352 - root - INFO - Loading checkpoint /pscratch/sd/c/cjacobus/tsit/expts/new_full_fresh/checkpoints/ckpt.tar
2022-07-25 07:02:38,352 - root - INFO - Loading checkpoint /pscratch/sd/c/cjacobus/tsit/expts/new_full_fresh/checkpoints/ckpt.tar
2022-07-25 07:02:38,352 - root - INFO - Loading checkpoint /pscratch/sd/c/cjacobus/tsit/expts/new_full_fresh/checkpoints/ckpt.tar
2022-07-25 07:02:45,000 - root - INFO - Starting Training Loop...
[W reducer.cpp:1282] Warning: find_unused_parameters=True was specified in DDP constructor, but did not find any unused parameters in the forward pass. This flag results in an extra traversal of the autograd graph every iteration,  which can adversely affect performance. If your model indeed never has any unused parameters in the forward pass, consider turning this flag off. Note that this warning may be a false positive if your model has flow control causing later iterations to have unused parameters. (function operator())
[W reducer.cpp:1282] Warning: find_unused_parameters=True was specified in DDP constructor, but did not find any unused parameters in the forward pass. This flag results in an extra traversal of the autograd graph every iteration,  which can adversely affect performance. If your model indeed never has any unused parameters in the forward pass, consider turning this flag off. Note that this warning may be a false positive if your model has flow control causing later iterations to have unused parameters. (function operator())
[W reducer.cpp:1282] Warning: find_unused_parameters=True was specified in DDP constructor, but did not find any unused parameters in the forward pass. This flag results in an extra traversal of the autograd graph every iteration,  which can adversely affect performance. If your model indeed never has any unused parameters in the forward pass, consider turning this flag off. Note that this warning may be a false positive if your model has flow control causing later iterations to have unused parameters. (function operator())
[W reducer.cpp:1282] Warning: find_unused_parameters=True was specified in DDP constructor, but did not find any unused parameters in the forward pass. This flag results in an extra traversal of the autograd graph every iteration,  which can adversely affect performance. If your model indeed never has any unused parameters in the forward pass, consider turning this flag off. Note that this warning may be a false positive if your model has flow control causing later iterations to have unused parameters. (function operator())
[W reducer.cpp:1282] Warning: find_unused_parameters=True was specified in DDP constructor, but did not find any unused parameters in the forward pass. This flag results in an extra traversal of the autograd graph every iteration,  which can adversely affect performance. If your model indeed never has any unused parameters in the forward pass, consider turning this flag off. Note that this warning may be a false positive if your model has flow control causing later iterations to have unused parameters. (function operator())
[W reducer.cpp:1282] Warning: find_unused_parameters=True was specified in DDP constructor, but did not find any unused parameters in the forward pass. This flag results in an extra traversal of the autograd graph every iteration,  which can adversely affect performance. If your model indeed never has any unused parameters in the forward pass, consider turning this flag off. Note that this warning may be a false positive if your model has flow control causing later iterations to have unused parameters. (function operator())
[W reducer.cpp:1282] Warning: find_unused_parameters=True was specified in DDP constructor, but did not find any unused parameters in the forward pass. This flag results in an extra traversal of the autograd graph every iteration,  which can adversely affect performance. If your model indeed never has any unused parameters in the forward pass, consider turning this flag off. Note that this warning may be a false positive if your model has flow control causing later iterations to have unused parameters. (function operator())
[W reducer.cpp:1282] Warning: find_unused_parameters=True was specified in DDP constructor, but did not find any unused parameters in the forward pass. This flag results in an extra traversal of the autograd graph every iteration,  which can adversely affect performance. If your model indeed never has any unused parameters in the forward pass, consider turning this flag off. Note that this warning may be a false positive if your model has flow control causing later iterations to have unused parameters. (function operator())
[W reducer.cpp:1282] Warning: find_unused_parameters=True was specified in DDP constructor, but did not find any unused parameters in the forward pass. This flag results in an extra traversal of the autograd graph every iteration,  which can adversely affect performance. If your model indeed never has any unused parameters in the forward pass, consider turning this flag off. Note that this warning may be a false positive if your model has flow control causing later iterations to have unused parameters. (function operator())
[W reducer.cpp:1282] Warning: find_unused_parameters=True was specified in DDP constructor, but did not find any unused parameters in the forward pass. This flag results in an extra traversal of the autograd graph every iteration,  which can adversely affect performance. If your model indeed never has any unused parameters in the forward pass, consider turning this flag off. Note that this warning may be a false positive if your model has flow control causing later iterations to have unused parameters. (function operator())
[W reducer.cpp:1282] Warning: find_unused_parameters=True was specified in DDP constructor, but did not find any unused parameters in the forward pass. This flag results in an extra traversal of the autograd graph every iteration,  which can adversely affect performance. If your model indeed never has any unused parameters in the forward pass, consider turning this flag off. Note that this warning may be a false positive if your model has flow control causing later iterations to have unused parameters. (function operator())
[W reducer.cpp:1282] Warning: find_unused_parameters=True was specified in DDP constructor, but did not find any unused parameters in the forward pass. This flag results in an extra traversal of the autograd graph every iteration,  which can adversely affect performance. If your model indeed never has any unused parameters in the forward pass, consider turning this flag off. Note that this warning may be a false positive if your model has flow control causing later iterations to have unused parameters. (function operator())
[W reducer.cpp:1282] Warning: find_unused_parameters=True was specified in DDP constructor, but did not find any unused parameters in the forward pass. This flag results in an extra traversal of the autograd graph every iteration,  which can adversely affect performance. If your model indeed never has any unused parameters in the forward pass, consider turning this flag off. Note that this warning may be a false positive if your model has flow control causing later iterations to have unused parameters. (function operator())
[W reducer.cpp:1282] Warning: find_unused_parameters=True was specified in DDP constructor, but did not find any unused parameters in the forward pass. This flag results in an extra traversal of the autograd graph every iteration,  which can adversely affect performance. If your model indeed never has any unused parameters in the forward pass, consider turning this flag off. Note that this warning may be a false positive if your model has flow control causing later iterations to have unused parameters. (function operator())
[W reducer.cpp:1282] Warning: find_unused_parameters=True was specified in DDP constructor, but did not find any unused parameters in the forward pass. This flag results in an extra traversal of the autograd graph every iteration,  which can adversely affect performance. If your model indeed never has any unused parameters in the forward pass, consider turning this flag off. Note that this warning may be a false positive if your model has flow control causing later iterations to have unused parameters. (function operator())
[W reducer.cpp:1282] Warning: find_unused_parameters=True was specified in DDP constructor, but did not find any unused parameters in the forward pass. This flag results in an extra traversal of the autograd graph every iteration,  which can adversely affect performance. If your model indeed never has any unused parameters in the forward pass, consider turning this flag off. Note that this warning may be a false positive if your model has flow control causing later iterations to have unused parameters. (function operator())
generator made step 0
discriminator made step 0
generator made step 16
discriminator made step 16
generator made step 32
discriminator made step 32
generator made step 48
discriminator made step 48
generator made step 64
discriminator made step 64
generator made step 80
discriminator made step 80
generator made step 96
discriminator made step 96
generator made step 112
discriminator made step 112
generator made step 128
discriminator made step 128
generator made step 144
discriminator made step 144
generator made step 160
discriminator made step 160
generator made step 176
discriminator made step 176
generator made step 192
discriminator made step 192
generator made step 208
discriminator made step 208
generator made step 224
discriminator made step 224
generator made step 240
discriminator made step 240
generator made step 256
discriminator made step 256
generator made step 272
discriminator made step 272
generator made step 288
discriminator made step 288
generator made step 304
discriminator made step 304
generator made step 320
discriminator made step 320
generator made step 336
discriminator made step 336
generator made step 352
discriminator made step 352
generator made step 368
discriminator made step 368
generator made step 384
discriminator made step 384
generator made step 400
discriminator made step 400
generator made step 416
discriminator made step 416
generator made step 432
discriminator made step 432
generator made step 448
discriminator made step 448
generator made step 464
discriminator made step 464
generator made step 480
discriminator made step 480
generator made step 496
discriminator made step 496
2022-07-25 07:10:35,543 - root - INFO - Total=470.542524, G=372.429149, D=92.335445, data=1.643446, next=4.134483
2022-07-25 07:10:42,073 - root - INFO - Total=6.528289, G=0.516874, data=3.180814, acc=0.538863, agg=0.255848, next=2.035890
2022-07-25 07:10:55,200 - root - INFO - Time taken for epoch 31 is 490.1999433040619 sec
2022-07-25 07:10:55,200 - root - INFO - Train time = 470.54252409935, Valid time = 6.528289079666138
2022-07-25 07:10:55,200 - root - INFO - G losses = {'GAN': 2.509380578994751, 'GAN_Feat': 0.27754300832748413}
2022-07-25 07:10:55,200 - root - INFO - D losses = {'D_Fake': 0.00013243233843240887, 'D_real': 0.04594563692808151}
generator made step 0
discriminator made step 0
generator made step 16
discriminator made step 16
generator made step 32
discriminator made step 32
generator made step 48
discriminator made step 48
generator made step 64
discriminator made step 64
generator made step 80
discriminator made step 80
generator made step 96
discriminator made step 96
generator made step 112
discriminator made step 112
generator made step 128
discriminator made step 128
generator made step 144
discriminator made step 144
generator made step 160
discriminator made step 160
generator made step 176
discriminator made step 176
generator made step 192
discriminator made step 192
generator made step 208
discriminator made step 208
generator made step 224
discriminator made step 224
generator made step 240
discriminator made step 240
generator made step 256
discriminator made step 256
generator made step 272
discriminator made step 272
generator made step 288
discriminator made step 288
generator made step 304
discriminator made step 304
generator made step 320
discriminator made step 320
generator made step 336
discriminator made step 336
generator made step 352
discriminator made step 352
generator made step 368
discriminator made step 368
generator made step 384
discriminator made step 384
generator made step 400
discriminator made step 400
generator made step 416
discriminator made step 416
generator made step 432
discriminator made step 432
generator made step 448
discriminator made step 448
generator made step 464
discriminator made step 464
generator made step 480
discriminator made step 480
generator made step 496
discriminator made step 496
2022-07-25 07:18:19,032 - root - INFO - Total=443.830579, G=347.798736, D=92.357424, data=1.629680, next=2.044737
2022-07-25 07:18:25,209 - root - INFO - Total=6.176023, G=0.460630, data=3.289753, acc=0.006252, agg=0.342510, next=2.076878
2022-07-25 07:18:37,344 - root - INFO - Time taken for epoch 32 is 462.1438579559326 sec
2022-07-25 07:18:37,344 - root - INFO - Train time = 443.83057856559753, Valid time = 6.176023244857788
2022-07-25 07:18:37,344 - root - INFO - G losses = {'GAN': 4.269476413726807, 'GAN_Feat': 0.34671086072921753}
2022-07-25 07:18:37,344 - root - INFO - D losses = {'D_Fake': 0.0, 'D_real': 0.002275412902235985}
generator made step 0
discriminator made step 0
generator made step 16
discriminator made step 16
generator made step 32
discriminator made step 32
generator made step 48
discriminator made step 48
generator made step 64
discriminator made step 64
generator made step 80
discriminator made step 80
generator made step 96
discriminator made step 96
generator made step 112
discriminator made step 112
generator made step 128
discriminator made step 128
generator made step 144
discriminator made step 144
generator made step 160
discriminator made step 160
generator made step 176
discriminator made step 176
generator made step 192
discriminator made step 192
generator made step 208
discriminator made step 208
generator made step 224
discriminator made step 224
generator made step 240
discriminator made step 240
generator made step 256
discriminator made step 256
generator made step 272
discriminator made step 272
generator made step 288
discriminator made step 288
generator made step 304
discriminator made step 304
generator made step 320
discriminator made step 320
generator made step 336
discriminator made step 336
generator made step 352
discriminator made step 352
generator made step 368
discriminator made step 368
generator made step 384
discriminator made step 384
generator made step 400
discriminator made step 400
generator made step 416
discriminator made step 416
generator made step 432
discriminator made step 432
generator made step 448
discriminator made step 448
generator made step 464
discriminator made step 464
generator made step 480
discriminator made step 480
generator made step 496
discriminator made step 496
2022-07-25 07:26:00,702 - root - INFO - Total=443.356400, G=347.947623, D=92.338457, data=1.630085, next=1.440234
2022-07-25 07:26:06,900 - root - INFO - Total=6.197244, G=0.433652, data=3.436363, acc=0.005704, agg=0.327200, next=1.994325
2022-07-25 07:26:18,737 - root - INFO - Time taken for epoch 33 is 461.3922324180603 sec
2022-07-25 07:26:18,737 - root - INFO - Train time = 443.3563995361328, Valid time = 6.197244167327881
2022-07-25 07:26:18,737 - root - INFO - G losses = {'GAN': 3.7442541122436523, 'GAN_Feat': 0.29143521189689636}
2022-07-25 07:26:18,737 - root - INFO - D losses = {'D_Fake': 0.06861324608325958, 'D_real': 8.40506108943373e-05}
generator made step 0
discriminator made step 0
generator made step 16
discriminator made step 16
generator made step 32
discriminator made step 32
generator made step 48
discriminator made step 48
generator made step 64
discriminator made step 64
generator made step 80
discriminator made step 80
generator made step 96
discriminator made step 96
generator made step 112
discriminator made step 112
generator made step 128
discriminator made step 128
generator made step 144
discriminator made step 144
generator made step 160
discriminator made step 160
generator made step 176
discriminator made step 176
generator made step 192
discriminator made step 192
generator made step 208
discriminator made step 208
generator made step 224
discriminator made step 224
generator made step 240
discriminator made step 240
generator made step 256
discriminator made step 256
generator made step 272
discriminator made step 272
generator made step 288
discriminator made step 288
generator made step 304
discriminator made step 304
generator made step 320
discriminator made step 320
generator made step 336
discriminator made step 336
generator made step 352
discriminator made step 352
generator made step 368
discriminator made step 368
generator made step 384
discriminator made step 384
generator made step 400
discriminator made step 400
generator made step 416
discriminator made step 416
generator made step 432
discriminator made step 432
generator made step 448
discriminator made step 448
generator made step 464
discriminator made step 464
generator made step 480
discriminator made step 480
generator made step 496
discriminator made step 496
2022-07-25 07:33:41,798 - root - INFO - Total=443.060098, G=347.905661, D=92.338961, data=1.630619, next=1.184857
2022-07-25 07:33:47,839 - root - INFO - Total=6.040559, G=0.500044, data=3.302403, acc=0.005857, agg=0.241967, next=1.990288
2022-07-25 07:33:59,891 - root - INFO - Time taken for epoch 34 is 461.1545693874359 sec
2022-07-25 07:33:59,892 - root - INFO - Train time = 443.060097694397, Valid time = 6.0405590534210205
2022-07-25 07:33:59,892 - root - INFO - G losses = {'GAN': 9.333219528198242, 'GAN_Feat': 0.4846518337726593}
2022-07-25 07:33:59,892 - root - INFO - D losses = {'D_Fake': 0.0, 'D_real': 0.0}
generator made step 0
discriminator made step 0
generator made step 16
discriminator made step 16
generator made step 32
discriminator made step 32
generator made step 48
discriminator made step 48
generator made step 64
discriminator made step 64
generator made step 80
discriminator made step 80
generator made step 96
discriminator made step 96
generator made step 112
discriminator made step 112
generator made step 128
discriminator made step 128
generator made step 144
discriminator made step 144
generator made step 160
discriminator made step 160
generator made step 176
discriminator made step 176
generator made step 192
discriminator made step 192
generator made step 208
discriminator made step 208
generator made step 224
discriminator made step 224
generator made step 240
discriminator made step 240
generator made step 256
discriminator made step 256
generator made step 272
discriminator made step 272
generator made step 288
discriminator made step 288
generator made step 304
discriminator made step 304
generator made step 320
discriminator made step 320
generator made step 336
discriminator made step 336
generator made step 352
discriminator made step 352
generator made step 368
discriminator made step 368
generator made step 384
discriminator made step 384
generator made step 400
discriminator made step 400
generator made step 416
discriminator made step 416
generator made step 432
discriminator made step 432
generator made step 448
discriminator made step 448
generator made step 464
discriminator made step 464
generator made step 480
discriminator made step 480
generator made step 496
discriminator made step 496
2022-07-25 07:41:24,016 - root - INFO - Total=444.122888, G=347.963071, D=92.346405, data=1.631498, next=2.181915
2022-07-25 07:41:29,772 - root - INFO - Total=5.755466, G=0.519594, data=3.199536, acc=0.006129, agg=0.232770, next=1.797437
2022-07-25 07:41:41,972 - root - INFO - Time taken for epoch 35 is 462.08007311820984 sec
2022-07-25 07:41:41,973 - root - INFO - Train time = 444.1228883266449, Valid time = 5.755466461181641
2022-07-25 07:41:41,973 - root - INFO - G losses = {'GAN': 3.2811052799224854, 'GAN_Feat': 0.37168437242507935}
2022-07-25 07:41:41,973 - root - INFO - D losses = {'D_Fake': 0.10322292149066925, 'D_real': 0.0}
generator made step 0
discriminator made step 0
generator made step 16
discriminator made step 16
generator made step 32
discriminator made step 32
generator made step 48
discriminator made step 48
generator made step 64
discriminator made step 64
generator made step 80
discriminator made step 80
generator made step 96
discriminator made step 96
generator made step 112
discriminator made step 112
generator made step 128
discriminator made step 128
generator made step 144
discriminator made step 144
generator made step 160
discriminator made step 160
generator made step 176
discriminator made step 176
generator made step 192
discriminator made step 192
generator made step 208
discriminator made step 208
generator made step 224
discriminator made step 224
generator made step 240
discriminator made step 240
generator made step 256
discriminator made step 256
generator made step 272
discriminator made step 272
generator made step 288
discriminator made step 288
generator made step 304
discriminator made step 304
generator made step 320
discriminator made step 320
generator made step 336
discriminator made step 336
generator made step 352
discriminator made step 352
generator made step 368
discriminator made step 368
generator made step 384
discriminator made step 384
generator made step 400
discriminator made step 400
generator made step 416
discriminator made step 416
generator made step 432
discriminator made step 432
generator made step 448
discriminator made step 448
generator made step 464
discriminator made step 464
generator made step 480
discriminator made step 480
generator made step 496
discriminator made step 496
2022-07-25 07:49:04,942 - root - INFO - Total=442.968026, G=347.961992, D=92.366925, data=1.630540, next=1.008568
2022-07-25 07:49:10,374 - root - INFO - Total=5.431501, G=0.504754, data=3.214894, acc=0.006792, agg=0.261158, next=1.443903
2022-07-25 07:49:22,536 - root - INFO - Time taken for epoch 36 is 460.56293392181396 sec
2022-07-25 07:49:22,536 - root - INFO - Train time = 442.96802616119385, Valid time = 5.431501150131226
2022-07-25 07:49:22,536 - root - INFO - G losses = {'GAN': 3.8980798721313477, 'GAN_Feat': 0.38989904522895813}
2022-07-25 07:49:22,536 - root - INFO - D losses = {'D_Fake': 0.0, 'D_real': 0.0}
generator made step 0
discriminator made step 0
generator made step 16
discriminator made step 16
generator made step 32
discriminator made step 32
generator made step 48
discriminator made step 48
generator made step 64
discriminator made step 64
generator made step 80
discriminator made step 80
generator made step 96
discriminator made step 96
generator made step 112
discriminator made step 112
generator made step 128
discriminator made step 128
generator made step 144
discriminator made step 144
generator made step 160
discriminator made step 160
generator made step 176
discriminator made step 176
generator made step 192
discriminator made step 192
generator made step 208
discriminator made step 208
generator made step 224
discriminator made step 224
generator made step 240
discriminator made step 240
generator made step 256
discriminator made step 256
generator made step 272
discriminator made step 272
generator made step 288
discriminator made step 288
generator made step 304
discriminator made step 304
generator made step 320
discriminator made step 320
generator made step 336
discriminator made step 336
generator made step 352
discriminator made step 352
generator made step 368
discriminator made step 368
generator made step 384
discriminator made step 384
generator made step 400
discriminator made step 400
generator made step 416
discriminator made step 416
generator made step 432
discriminator made step 432
generator made step 448
discriminator made step 448
generator made step 464
discriminator made step 464
generator made step 480
discriminator made step 480
generator made step 496
discriminator made step 496
2022-07-25 07:56:45,404 - root - INFO - Total=442.866622, G=347.861845, D=92.316582, data=1.631539, next=1.056656
2022-07-25 07:56:51,509 - root - INFO - Total=6.104453, G=0.532041, data=3.324424, acc=0.006172, agg=0.244485, next=1.997331
2022-07-25 07:57:03,580 - root - INFO - Time taken for epoch 37 is 461.0442967414856 sec
2022-07-25 07:57:03,581 - root - INFO - Train time = 442.86662197113037, Valid time = 6.104452848434448
2022-07-25 07:57:03,581 - root - INFO - G losses = {'GAN': 1.2209829092025757, 'GAN_Feat': 0.26856303215026855}
2022-07-25 07:57:03,581 - root - INFO - D losses = {'D_Fake': 0.0, 'D_real': 0.020443540066480637}
generator made step 0
discriminator made step 0
generator made step 16
discriminator made step 16
generator made step 32
discriminator made step 32
generator made step 48
discriminator made step 48
generator made step 64
discriminator made step 64
generator made step 80
discriminator made step 80
generator made step 96
discriminator made step 96
generator made step 112
discriminator made step 112
generator made step 128
discriminator made step 128
generator made step 144
discriminator made step 144
generator made step 160
discriminator made step 160
generator made step 176
discriminator made step 176
generator made step 192
discriminator made step 192
generator made step 208
discriminator made step 208
generator made step 224
discriminator made step 224
generator made step 240
discriminator made step 240
generator made step 256
discriminator made step 256
generator made step 272
discriminator made step 272
generator made step 288
discriminator made step 288
generator made step 304
discriminator made step 304
generator made step 320
discriminator made step 320
srun: Job step aborted: Waiting up to 32 seconds for job step to finish.
slurmstepd: error: *** STEP 2791426.0 ON nid002132 CANCELLED AT 2022-07-25T08:01:43 DUE TO TIME LIMIT ***
slurmstepd: error: *** JOB 2791426 ON nid002132 CANCELLED AT 2022-07-25T08:01:43 DUE TO TIME LIMIT ***
