+ srun -u shifter -V /pscratch/sd/c/cjacobus/ML_Hydro_train/logs:/logs --image=nersc/pytorch:ngc-22.03-v0 --env PYTHONUSERBASE=/global/homes/c/cjacobus/.local/perlmutter/nersc-pytorch-ngc-22.03-v0 bash -c '
    source export_DDP_vars.sh
    python train.py --root_dir=/pscratch/sd/c/cjacobus/tsit --config=tightvalid_up5_tanh_L1_spec
    '
[W socket.cpp:701] The server socket on [nid002457]:29500 is not yet listening (errno: 111 - Connection refused), will retry.
[W socket.cpp:701] The server socket on [nid002457]:29500 is not yet listening (errno: 111 - Connection refused), will retry.
[W socket.cpp:701] The server socket on [nid002457]:29500 is not yet listening (errno: 111 - Connection refused), will retry.
[W socket.cpp:701] The server socket on [nid002457]:29500 is not yet listening (errno: 111 - Connection refused), will retry.
[W socket.cpp:701] The server socket on [nid002457]:29500 is not yet listening (errno: 111 - Connection refused), will retry.
[W socket.cpp:701] The server socket on [nid002457]:29500 is not yet listening (errno: 111 - Connection refused), will retry.
[W socket.cpp:701] The server socket on [nid002457]:29500 is not yet listening (errno: 111 - Connection refused), will retry.
[W socket.cpp:701] The server socket on [nid002457]:29500 is not yet listening (errno: 111 - Connection refused), will retry.
2022-07-31 21:41:05,417 - torch.distributed.distributed_c10d - INFO - Added key: store_based_barrier_key:1 to store for rank: 3
2022-07-31 21:41:05,421 - torch.distributed.distributed_c10d - INFO - Added key: store_based_barrier_key:1 to store for rank: 1
2022-07-31 21:41:05,421 - torch.distributed.distributed_c10d - INFO - Added key: store_based_barrier_key:1 to store for rank: 2
2022-07-31 21:41:05,618 - torch.distributed.distributed_c10d - INFO - Added key: store_based_barrier_key:1 to store for rank: 11
2022-07-31 21:41:05,623 - torch.distributed.distributed_c10d - INFO - Added key: store_based_barrier_key:1 to store for rank: 10
2022-07-31 21:41:05,624 - torch.distributed.distributed_c10d - INFO - Added key: store_based_barrier_key:1 to store for rank: 8
2022-07-31 21:41:05,625 - torch.distributed.distributed_c10d - INFO - Added key: store_based_barrier_key:1 to store for rank: 9
2022-07-31 21:41:06,003 - torch.distributed.distributed_c10d - INFO - Added key: store_based_barrier_key:1 to store for rank: 0
2022-07-31 21:41:06,079 - torch.distributed.distributed_c10d - INFO - Added key: store_based_barrier_key:1 to store for rank: 15
2022-07-31 21:41:06,083 - torch.distributed.distributed_c10d - INFO - Added key: store_based_barrier_key:1 to store for rank: 12
2022-07-31 21:41:06,086 - torch.distributed.distributed_c10d - INFO - Added key: store_based_barrier_key:1 to store for rank: 13
2022-07-31 21:41:06,087 - torch.distributed.distributed_c10d - INFO - Added key: store_based_barrier_key:1 to store for rank: 14
2022-07-31 21:41:06,169 - torch.distributed.distributed_c10d - INFO - Added key: store_based_barrier_key:1 to store for rank: 6
2022-07-31 21:41:06,175 - torch.distributed.distributed_c10d - INFO - Added key: store_based_barrier_key:1 to store for rank: 7
2022-07-31 21:41:06,177 - torch.distributed.distributed_c10d - INFO - Added key: store_based_barrier_key:1 to store for rank: 4
2022-07-31 21:41:06,178 - torch.distributed.distributed_c10d - INFO - Added key: store_based_barrier_key:1 to store for rank: 5
2022-07-31 21:41:06,178 - torch.distributed.distributed_c10d - INFO - Rank 5: Completed store-based barrier for key:store_based_barrier_key:1 with 16 nodes.
2022-07-31 21:41:06,179 - torch.distributed.distributed_c10d - INFO - Rank 14: Completed store-based barrier for key:store_based_barrier_key:1 with 16 nodes.
2022-07-31 21:41:06,179 - torch.distributed.distributed_c10d - INFO - Rank 9: Completed store-based barrier for key:store_based_barrier_key:1 with 16 nodes.
2022-07-31 21:41:06,180 - torch.distributed.distributed_c10d - INFO - Rank 6: Completed store-based barrier for key:store_based_barrier_key:1 with 16 nodes.
2022-07-31 21:41:06,180 - torch.distributed.distributed_c10d - INFO - Rank 15: Completed store-based barrier for key:store_based_barrier_key:1 with 16 nodes.
2022-07-31 21:41:06,182 - torch.distributed.distributed_c10d - INFO - Rank 11: Completed store-based barrier for key:store_based_barrier_key:1 with 16 nodes.
2022-07-31 21:41:06,183 - torch.distributed.distributed_c10d - INFO - Rank 1: Completed store-based barrier for key:store_based_barrier_key:1 with 16 nodes.
2022-07-31 21:41:06,184 - torch.distributed.distributed_c10d - INFO - Rank 2: Completed store-based barrier for key:store_based_barrier_key:1 with 16 nodes.
2022-07-31 21:41:06,185 - torch.distributed.distributed_c10d - INFO - Rank 12: Completed store-based barrier for key:store_based_barrier_key:1 with 16 nodes.
2022-07-31 21:41:06,185 - torch.distributed.distributed_c10d - INFO - Rank 7: Completed store-based barrier for key:store_based_barrier_key:1 with 16 nodes.
2022-07-31 21:41:06,185 - torch.distributed.distributed_c10d - INFO - Rank 0: Completed store-based barrier for key:store_based_barrier_key:1 with 16 nodes.
2022-07-31 21:41:06,186 - torch.distributed.distributed_c10d - INFO - Rank 3: Completed store-based barrier for key:store_based_barrier_key:1 with 16 nodes.
2022-07-31 21:41:06,186 - torch.distributed.distributed_c10d - INFO - Rank 10: Completed store-based barrier for key:store_based_barrier_key:1 with 16 nodes.
2022-07-31 21:41:06,188 - torch.distributed.distributed_c10d - INFO - Rank 8: Completed store-based barrier for key:store_based_barrier_key:1 with 16 nodes.
2022-07-31 21:41:06,188 - torch.distributed.distributed_c10d - INFO - Rank 13: Completed store-based barrier for key:store_based_barrier_key:1 with 16 nodes.
2022-07-31 21:41:06,188 - torch.distributed.distributed_c10d - INFO - Rank 4: Completed store-based barrier for key:store_based_barrier_key:1 with 16 nodes.
2022-07-31 21:41:06,201 - root - INFO - rank 15, begin data loader init
2022-07-31 21:41:06,201 - root - INFO - rank 15, data loader initialized
2022-07-31 21:41:06,202 - root - INFO - rank 14, begin data loader init
2022-07-31 21:41:06,202 - root - INFO - rank 14, data loader initialized
2022-07-31 21:41:06,202 - root - INFO - rank 12, begin data loader init
2022-07-31 21:41:06,203 - root - INFO - rank 9, begin data loader init
2022-07-31 21:41:06,203 - root - INFO - rank 12, data loader initialized
2022-07-31 21:41:06,203 - root - INFO - ------------------ Configuration ------------------
2022-07-31 21:41:06,203 - root - INFO - Configuration file: /global/u1/c/cjacobus/Nyx-TSIT/config/tsit.yaml
2022-07-31 21:41:06,203 - root - INFO - rank 9, data loader initialized
2022-07-31 21:41:06,203 - root - INFO - Configuration name: tightvalid_up5_tanh_L1_spec
2022-07-31 21:41:06,203 - root - INFO - Nsamples 8192
2022-07-31 21:41:06,203 - root - INFO - Nsamples_val 512
2022-07-31 21:41:06,203 - root - INFO - rank 13, begin data loader init
2022-07-31 21:41:06,203 - root - INFO - niter 200
2022-07-31 21:41:06,203 - root - INFO - niter_decay 150
2022-07-31 21:41:06,203 - root - INFO - use_spec_loss False
2022-07-31 21:41:06,203 - root - INFO - lambda_spec 100.0
2022-07-31 21:41:06,203 - root - INFO - use_l1_loss True
2022-07-31 21:41:06,203 - root - INFO - lambda_l1 300.0
2022-07-31 21:41:06,203 - root - INFO - data_size 128
2022-07-31 21:41:06,203 - root - INFO - rank 13, data loader initialized
2022-07-31 21:41:06,203 - root - INFO - train_path /pscratch/sd/c/cjacobus/Nyx_512/train_s1_512_invar3_fullnorm_hydro.h5
2022-07-31 21:41:06,203 - root - INFO - val_path /pscratch/sd/c/cjacobus/Nyx_512/valid_s2_512_invar3_fullnorm_hydro.h5
2022-07-31 21:41:06,203 - root - INFO - num_upsampling_blocks 5
2022-07-31 21:41:06,203 - root - INFO - tanh False
2022-07-31 21:41:06,203 - root - INFO - num_data_workers 16
2022-07-31 21:41:06,203 - root - INFO - in_channels [0, 1, 2, 3, 17, 18, 19]
2022-07-31 21:41:06,203 - root - INFO - out_channels [0]
2022-07-31 21:41:06,203 - root - INFO - min_path /pscratch/sd/s/shas1693/data/era5/mins.npy
2022-07-31 21:41:06,204 - root - INFO - max_path /pscratch/sd/s/shas1693/data/era5/maxs.npy
2022-07-31 21:41:06,204 - root - INFO - time_means_path /pscratch/sd/s/shas1693/data/era5/time_means.npy
2022-07-31 21:41:06,204 - root - INFO - global_means_path /pscratch/sd/s/shas1693/data/era5/global_means.npy
2022-07-31 21:41:06,204 - root - INFO - global_stds_path /pscratch/sd/s/shas1693/data/era5/global_stds.npy
2022-07-31 21:41:06,204 - root - INFO - precip /pscratch/sd/p/pharring/ERA5/precip/total_precipitation
2022-07-31 21:41:06,204 - root - INFO - precip_eps 1e-05
2022-07-31 21:41:06,204 - root - INFO - dt 1
2022-07-31 21:41:06,204 - root - INFO - n_history 0
2022-07-31 21:41:06,204 - root - INFO - crop_size_x None
2022-07-31 21:41:06,204 - root - INFO - crop_size_y None
2022-07-31 21:41:06,204 - root - INFO - roll False
2022-07-31 21:41:06,204 - root - INFO - conttime False
2022-07-31 21:41:06,204 - root - INFO - normalization zscore
2022-07-31 21:41:06,204 - root - INFO - add_grid False
2022-07-31 21:41:06,204 - root - INFO - model pix2pix
2022-07-31 21:41:06,204 - root - INFO - norm_G spectralfadebatch3x3
2022-07-31 21:41:06,204 - root - INFO - norm_D spectralinstance
2022-07-31 21:41:06,204 - root - INFO - norm_S spectralinstance
2022-07-31 21:41:06,204 - root - INFO - norm_E spectralinstance
2022-07-31 21:41:06,204 - root - INFO - batch_size 16
2022-07-31 21:41:06,204 - root - INFO - img_size [512, 512, 512]
2022-07-31 21:41:06,204 - root - INFO - box_size [512, 512, 512]
2022-07-31 21:41:06,204 - root - INFO - rank 8, begin data loader init
2022-07-31 21:41:06,204 - root - INFO - input_nc 5
2022-07-31 21:41:06,204 - root - INFO - output_nc 5
2022-07-31 21:41:06,204 - root - INFO - netG tsit
2022-07-31 21:41:06,204 - root - INFO - ngf 64
2022-07-31 21:41:06,204 - root - INFO - init_type xavier
2022-07-31 21:41:06,204 - root - INFO - init_variance 0.02
2022-07-31 21:41:06,204 - root - INFO - rank 8, data loader initialized
2022-07-31 21:41:06,204 - root - INFO - z_dim 256
2022-07-31 21:41:06,205 - root - INFO - alpha 1.0
2022-07-31 21:41:06,205 - root - INFO - no_ss True
2022-07-31 21:41:06,205 - root - INFO - downsamp True
2022-07-31 21:41:06,204 - root - INFO - rank 10, begin data loader init
2022-07-31 21:41:06,205 - root - INFO - use_periodic_padding True
2022-07-31 21:41:06,205 - root - INFO - additive_noise False
2022-07-31 21:41:06,204 - root - INFO - rank 11, begin data loader init
2022-07-31 21:41:06,205 - root - INFO - nef 16
2022-07-31 21:41:06,205 - root - INFO - use_vae False
2022-07-31 21:41:06,205 - root - INFO - optimizer adam
2022-07-31 21:41:06,205 - root - INFO - beta1 0.5
2022-07-31 21:41:06,205 - root - INFO - beta2 0.999
2022-07-31 21:41:06,205 - root - INFO - rank 10, data loader initialized
2022-07-31 21:41:06,205 - root - INFO - lr 0.0002
2022-07-31 21:41:06,205 - root - INFO - D_steps_per_G 1
2022-07-31 21:41:06,205 - root - INFO - rank 11, data loader initialized
2022-07-31 21:41:06,205 - root - INFO - ndf 64
2022-07-31 21:41:06,205 - root - INFO - lambda_feat 0.5
2022-07-31 21:41:06,205 - root - INFO - no_ganFeat_loss False
2022-07-31 21:41:06,205 - root - INFO - gan_mode hinge
2022-07-31 21:41:06,205 - root - INFO - netD multiscale
2022-07-31 21:41:06,205 - root - INFO - num_D 2
2022-07-31 21:41:06,205 - root - INFO - n_layers_D 4
2022-07-31 21:41:06,205 - root - INFO - no_TTUR True
2022-07-31 21:41:06,205 - root - INFO - lambda_kld 0.05
2022-07-31 21:41:06,205 - root - INFO - cat_inp False
2022-07-31 21:41:06,205 - root - INFO - entity weatherbenching
2022-07-31 21:41:06,205 - root - INFO - project Nyx-TSIT
2022-07-31 21:41:06,205 - root - INFO - log_to_wandb True
2022-07-31 21:41:06,205 - root - INFO - log_to_screen True
2022-07-31 21:41:06,205 - root - INFO - save_checkpoint True
2022-07-31 21:41:06,205 - root - INFO - weight_init ordereddict([('conv_init', 'normal'), ('conv_scale', 0.02), ('conv_bias', 0.0)])
2022-07-31 21:41:06,205 - root - INFO - lambda_rho 0
2022-07-31 21:41:06,206 - root - INFO - full_scale True
2022-07-31 21:41:06,206 - root - INFO - global_batch_size 64
2022-07-31 21:41:06,206 - root - INFO - base_batch_size 64
2022-07-31 21:41:06,206 - root - INFO - num_epochs 60
2022-07-31 21:41:06,206 - root - INFO - enable_amp False
2022-07-31 21:41:06,206 - root - INFO - enable_apex False
2022-07-31 21:41:06,206 - root - INFO - enable_benchy False
2022-07-31 21:41:06,206 - root - INFO - enable_jit False
2022-07-31 21:41:06,206 - root - INFO - expdir /pscratch/sd/c/cjacobus/Nyx_TSIT_train
2022-07-31 21:41:06,206 - root - INFO - rank 2, begin data loader init
2022-07-31 21:41:06,206 - root - INFO - rank 1, begin data loader init
2022-07-31 21:41:06,206 - root - INFO - rank 3, begin data loader init
2022-07-31 21:41:06,206 - root - INFO - lr_schedule ordereddict([('scaling', 'sqrt'), ('start_lr', 0.0002), ('end_lr', 0.0), ('warmup_steps', 128)])
2022-07-31 21:41:06,206 - root - INFO - data_loader_config lowmem
2022-07-31 21:41:06,206 - root - INFO - N_out_channels 5
2022-07-31 21:41:06,206 - root - INFO - N_in_channels 5
2022-07-31 21:41:06,206 - root - INFO - use_cache None
2022-07-31 21:41:06,206 - root - INFO - rank 1, data loader initialized
2022-07-31 21:41:06,206 - root - INFO - rank 2, data loader initialized
2022-07-31 21:41:06,206 - root - INFO - ---------------------------------------------------
log_to_wandb -------------------------------------------------------------------
2022-07-31 21:41:06,206 - root - INFO - rank 3, data loader initialized
making base dir: /pscratch/sd/c/cjacobus/tsit/expts/tightvalid_up5_tanh_L1_spec
2022-07-31 21:41:06,212 - root - INFO - rank 6, begin data loader init
2022-07-31 21:41:06,212 - root - INFO - rank 7, begin data loader init
2022-07-31 21:41:06,212 - root - INFO - rank 6, data loader initialized
2022-07-31 21:41:06,213 - root - INFO - rank 7, data loader initialized
2022-07-31 21:41:06,213 - root - INFO - rank 4, begin data loader init
2022-07-31 21:41:06,213 - root - INFO - rank 5, begin data loader init
2022-07-31 21:41:06,213 - root - INFO - rank 4, data loader initialized
2022-07-31 21:41:06,213 - root - INFO - rank 5, data loader initialized
wandb: Currently logged in as: cjacobus (use `wandb login --relogin` to force relogin)
wandb: wandb version 0.12.21 is available!  To upgrade, please run:
wandb:  $ pip install wandb --upgrade
wandb: Tracking run with wandb version 0.12.13
wandb: Run data is saved locally in /pscratch/sd/c/cjacobus/tsit/expts/tightvalid_up5_tanh_L1_spec/wandb/run-20220731_214106-1b8zbpwx
wandb: Run `wandb offline` to turn off syncing.
wandb: Syncing run tightvalid_up5_tanh_L1_spec
wandb: ⭐️ View project at https://wandb.ai/weatherbenching/Nyx-TSIT
wandb: 🚀 View run at https://wandb.ai/weatherbenching/Nyx-TSIT/runs/1b8zbpwx
checking dir: /pscratch/sd/c/cjacobus/tsit/expts/tightvalid_up5_tanh_L1_spec/checkpoints/
dir exists: /pscratch/sd/c/cjacobus/tsit/expts/tightvalid_up5_tanh_L1_spec/checkpoints/
2022-07-31 21:41:07,957 - root - INFO - rank 0, begin data loader init
2022-07-31 21:41:07,957 - root - INFO - rank 0, data loader initialized
Network [TSITGenerator] was created. Total number of parameters: 991.3 million. To see the architecture, do print(network).
Network [TSITGenerator] was created. Total number of parameters: 991.3 million. To see the architecture, do print(network).
Network [TSITGenerator] was created. Total number of parameters: 991.3 million. To see the architecture, do print(network).
Network [TSITGenerator] was created. Total number of parameters: 991.3 million. To see the architecture, do print(network).
Network [TSITGenerator] was created. Total number of parameters: 991.3 million. To see the architecture, do print(network).
Network [TSITGenerator] was created. Total number of parameters: 991.3 million. To see the architecture, do print(network).
Network [TSITGenerator] was created. Total number of parameters: 991.3 million. To see the architecture, do print(network).
Network [TSITGenerator] was created. Total number of parameters: 991.3 million. To see the architecture, do print(network).
Network [TSITGenerator] was created. Total number of parameters: 991.3 million. To see the architecture, do print(network).
Network [TSITGenerator] was created. Total number of parameters: 991.3 million. To see the architecture, do print(network).
Network [TSITGenerator] was created. Total number of parameters: 991.3 million. To see the architecture, do print(network).
Network [TSITGenerator] was created. Total number of parameters: 991.3 million. To see the architecture, do print(network).
Network [TSITGenerator] was created. Total number of parameters: 991.3 million. To see the architecture, do print(network).
Network [TSITGenerator] was created. Total number of parameters: 991.3 million. To see the architecture, do print(network).
Network [TSITGenerator] was created. Total number of parameters: 991.3 million. To see the architecture, do print(network).
Network [TSITGenerator] was created. Total number of parameters: 991.3 million. To see the architecture, do print(network).
Network [MultiscaleDiscriminator] was created. Total number of parameters: 22.1 million. To see the architecture, do print(network).
Network [MultiscaleDiscriminator] was created. Total number of parameters: 22.1 million. To see the architecture, do print(network).
Network [MultiscaleDiscriminator] was created. Total number of parameters: 22.1 million. To see the architecture, do print(network).
Network [MultiscaleDiscriminator] was created. Total number of parameters: 22.1 million. To see the architecture, do print(network).
Network [MultiscaleDiscriminator] was created. Total number of parameters: 22.1 million. To see the architecture, do print(network).
Network [MultiscaleDiscriminator] was created. Total number of parameters: 22.1 million. To see the architecture, do print(network).
Network [MultiscaleDiscriminator] was created. Total number of parameters: 22.1 million. To see the architecture, do print(network).
Network [MultiscaleDiscriminator] was created. Total number of parameters: 22.1 million. To see the architecture, do print(network).
Network [MultiscaleDiscriminator] was created. Total number of parameters: 22.1 million. To see the architecture, do print(network).
Network [MultiscaleDiscriminator] was created. Total number of parameters: 22.1 million. To see the architecture, do print(network).
Network [MultiscaleDiscriminator] was created. Total number of parameters: 22.1 million. To see the architecture, do print(network).
Network [MultiscaleDiscriminator] was created. Total number of parameters: 22.1 million. To see the architecture, do print(network).
Network [MultiscaleDiscriminator] was created. Total number of parameters: 22.1 million. To see the architecture, do print(network).
Network [MultiscaleDiscriminator] was created. Total number of parameters: 22.1 million. To see the architecture, do print(network).
Network [MultiscaleDiscriminator] was created. Total number of parameters: 22.1 million. To see the architecture, do print(network).
Network [MultiscaleDiscriminator] was created. Total number of parameters: 22.1 million. To see the architecture, do print(network).
2022-07-31 21:41:28,901 - root - INFO - Starting Training Loop...
[W reducer.cpp:1282] Warning: find_unused_parameters=True was specified in DDP constructor, but did not find any unused parameters in the forward pass. This flag results in an extra traversal of the autograd graph every iteration,  which can adversely affect performance. If your model indeed never has any unused parameters in the forward pass, consider turning this flag off. Note that this warning may be a false positive if your model has flow control causing later iterations to have unused parameters. (function operator())
[W reducer.cpp:1282] Warning: find_unused_parameters=True was specified in DDP constructor, but did not find any unused parameters in the forward pass. This flag results in an extra traversal of the autograd graph every iteration,  which can adversely affect performance. If your model indeed never has any unused parameters in the forward pass, consider turning this flag off. Note that this warning may be a false positive if your model has flow control causing later iterations to have unused parameters. (function operator())
[W reducer.cpp:1282] Warning: find_unused_parameters=True was specified in DDP constructor, but did not find any unused parameters in the forward pass. This flag results in an extra traversal of the autograd graph every iteration,  which can adversely affect performance. If your model indeed never has any unused parameters in the forward pass, consider turning this flag off. Note that this warning may be a false positive if your model has flow control causing later iterations to have unused parameters. (function operator())
[W reducer.cpp:1282] Warning: find_unused_parameters=True was specified in DDP constructor, but did not find any unused parameters in the forward pass. This flag results in an extra traversal of the autograd graph every iteration,  which can adversely affect performance. If your model indeed never has any unused parameters in the forward pass, consider turning this flag off. Note that this warning may be a false positive if your model has flow control causing later iterations to have unused parameters. (function operator())
[W reducer.cpp:1282] Warning: find_unused_parameters=True was specified in DDP constructor, but did not find any unused parameters in the forward pass. This flag results in an extra traversal of the autograd graph every iteration,  which can adversely affect performance. If your model indeed never has any unused parameters in the forward pass, consider turning this flag off. Note that this warning may be a false positive if your model has flow control causing later iterations to have unused parameters. (function operator())
[W reducer.cpp:1282] Warning: find_unused_parameters=True was specified in DDP constructor, but did not find any unused parameters in the forward pass. This flag results in an extra traversal of the autograd graph every iteration,  which can adversely affect performance. If your model indeed never has any unused parameters in the forward pass, consider turning this flag off. Note that this warning may be a false positive if your model has flow control causing later iterations to have unused parameters. (function operator())
[W reducer.cpp:1282] Warning: find_unused_parameters=True was specified in DDP constructor, but did not find any unused parameters in the forward pass. This flag results in an extra traversal of the autograd graph every iteration,  which can adversely affect performance. If your model indeed never has any unused parameters in the forward pass, consider turning this flag off. Note that this warning may be a false positive if your model has flow control causing later iterations to have unused parameters. (function operator())
[W reducer.cpp:1282] Warning: find_unused_parameters=True was specified in DDP constructor, but did not find any unused parameters in the forward pass. This flag results in an extra traversal of the autograd graph every iteration,  which can adversely affect performance. If your model indeed never has any unused parameters in the forward pass, consider turning this flag off. Note that this warning may be a false positive if your model has flow control causing later iterations to have unused parameters. (function operator())
[W reducer.cpp:1282] Warning: find_unused_parameters=True was specified in DDP constructor, but did not find any unused parameters in the forward pass. This flag results in an extra traversal of the autograd graph every iteration,  which can adversely affect performance. If your model indeed never has any unused parameters in the forward pass, consider turning this flag off. Note that this warning may be a false positive if your model has flow control causing later iterations to have unused parameters. (function operator())
[W reducer.cpp:1282] Warning: find_unused_parameters=True was specified in DDP constructor, but did not find any unused parameters in the forward pass. This flag results in an extra traversal of the autograd graph every iteration,  which can adversely affect performance. If your model indeed never has any unused parameters in the forward pass, consider turning this flag off. Note that this warning may be a false positive if your model has flow control causing later iterations to have unused parameters. (function operator())
[W reducer.cpp:1282] Warning: find_unused_parameters=True was specified in DDP constructor, but did not find any unused parameters in the forward pass. This flag results in an extra traversal of the autograd graph every iteration,  which can adversely affect performance. If your model indeed never has any unused parameters in the forward pass, consider turning this flag off. Note that this warning may be a false positive if your model has flow control causing later iterations to have unused parameters. (function operator())
[W reducer.cpp:1282] Warning: find_unused_parameters=True was specified in DDP constructor, but did not find any unused parameters in the forward pass. This flag results in an extra traversal of the autograd graph every iteration,  which can adversely affect performance. If your model indeed never has any unused parameters in the forward pass, consider turning this flag off. Note that this warning may be a false positive if your model has flow control causing later iterations to have unused parameters. (function operator())
[W reducer.cpp:1282] Warning: find_unused_parameters=True was specified in DDP constructor, but did not find any unused parameters in the forward pass. This flag results in an extra traversal of the autograd graph every iteration,  which can adversely affect performance. If your model indeed never has any unused parameters in the forward pass, consider turning this flag off. Note that this warning may be a false positive if your model has flow control causing later iterations to have unused parameters. (function operator())
[W reducer.cpp:1282] Warning: find_unused_parameters=True was specified in DDP constructor, but did not find any unused parameters in the forward pass. This flag results in an extra traversal of the autograd graph every iteration,  which can adversely affect performance. If your model indeed never has any unused parameters in the forward pass, consider turning this flag off. Note that this warning may be a false positive if your model has flow control causing later iterations to have unused parameters. (function operator())
[W reducer.cpp:1282] Warning: find_unused_parameters=True was specified in DDP constructor, but did not find any unused parameters in the forward pass. This flag results in an extra traversal of the autograd graph every iteration,  which can adversely affect performance. If your model indeed never has any unused parameters in the forward pass, consider turning this flag off. Note that this warning may be a false positive if your model has flow control causing later iterations to have unused parameters. (function operator())
[W reducer.cpp:1282] Warning: find_unused_parameters=True was specified in DDP constructor, but did not find any unused parameters in the forward pass. This flag results in an extra traversal of the autograd graph every iteration,  which can adversely affect performance. If your model indeed never has any unused parameters in the forward pass, consider turning this flag off. Note that this warning may be a false positive if your model has flow control causing later iterations to have unused parameters. (function operator())
generator made step 0
discriminator made step 0
generator made step 16
discriminator made step 16
generator made step 32
discriminator made step 32
generator made step 48
discriminator made step 48
generator made step 64
discriminator made step 64
generator made step 80
discriminator made step 80
generator made step 96
discriminator made step 96
generator made step 112
discriminator made step 112
generator made step 128
discriminator made step 128
generator made step 144
discriminator made step 144
generator made step 160
discriminator made step 160
generator made step 176
discriminator made step 176
generator made step 192
discriminator made step 192
generator made step 208
discriminator made step 208
generator made step 224
discriminator made step 224
generator made step 240
discriminator made step 240
generator made step 256
discriminator made step 256
generator made step 272
discriminator made step 272
generator made step 288
discriminator made step 288
generator made step 304
discriminator made step 304
generator made step 320
discriminator made step 320
generator made step 336
discriminator made step 336
generator made step 352
discriminator made step 352
generator made step 368
discriminator made step 368
generator made step 384
discriminator made step 384
generator made step 400
discriminator made step 400
generator made step 416
discriminator made step 416
generator made step 432
discriminator made step 432
generator made step 448
discriminator made step 448
generator made step 464
discriminator made step 464
generator made step 480
discriminator made step 480
generator made step 496
discriminator made step 496
2022-07-31 21:49:06,668 - root - INFO - Total=457.765845, G=350.881459, D=92.452775, data=11.383142, next=3.048468
2022-07-31 21:49:14,062 - root - INFO - Total=7.392596, G=0.377740, data=3.200317, acc=1.032925, agg=0.130430, next=2.651184
saving checkpoint...
2022-07-31 21:49:23,143 - root - INFO - Time taken for epoch 1 is 474.2420115470886 sec
2022-07-31 21:49:23,143 - root - INFO - Train time = 457.76584458351135, Valid time = 7.3925957679748535
2022-07-31 21:49:23,143 - root - INFO - G losses = {'GAN': 0.3687453866004944, 'GAN_Feat': 0.6031445264816284, 'L1': 33.95205307006836}
2022-07-31 21:49:23,144 - root - INFO - D losses = {'D_Fake': 1.2590515613555908, 'D_real': 0.03537846356630325}
generator made step 0
discriminator made step 0
generator made step 16
discriminator made step 16
generator made step 32
discriminator made step 32
generator made step 48
discriminator made step 48
generator made step 64
discriminator made step 64
generator made step 80
discriminator made step 80
generator made step 96
discriminator made step 96
generator made step 112
discriminator made step 112
generator made step 128
discriminator made step 128
generator made step 144
discriminator made step 144
generator made step 160
discriminator made step 160
generator made step 176
discriminator made step 176
generator made step 192
discriminator made step 192
generator made step 208
discriminator made step 208
generator made step 224
discriminator made step 224
generator made step 240
discriminator made step 240
generator made step 256
discriminator made step 256
generator made step 272
discriminator made step 272
generator made step 288
discriminator made step 288
generator made step 304
discriminator made step 304
generator made step 320
discriminator made step 320
generator made step 336
discriminator made step 336
generator made step 352
discriminator made step 352
generator made step 368
discriminator made step 368
generator made step 384
discriminator made step 384
generator made step 400
discriminator made step 400
generator made step 416
discriminator made step 416
generator made step 432
discriminator made step 432
generator made step 448
discriminator made step 448
generator made step 464
discriminator made step 464
generator made step 480
discriminator made step 480
generator made step 496
discriminator made step 496
2022-07-31 21:56:35,514 - root - INFO - Total=432.368984, G=327.026491, D=92.643972, data=11.286011, next=1.412510
2022-07-31 21:56:41,150 - root - INFO - Total=5.635223, G=0.524878, data=3.121964, acc=0.009113, agg=0.132503, next=1.846765
saving checkpoint...
2022-07-31 21:56:51,781 - root - INFO - Time taken for epoch 2 is 448.63734769821167 sec
2022-07-31 21:56:51,781 - root - INFO - Train time = 432.3689844608307, Valid time = 5.635222673416138
2022-07-31 21:56:51,781 - root - INFO - G losses = {'GAN': -1.1778335571289062, 'GAN_Feat': 0.5929867029190063, 'L1': 34.52836608886719}
2022-07-31 21:56:51,781 - root - INFO - D losses = {'D_Fake': 1.776914119720459, 'D_real': 0.0006138616008684039}
generator made step 0
discriminator made step 0
generator made step 16
discriminator made step 16
generator made step 32
discriminator made step 32
generator made step 48
discriminator made step 48
generator made step 64
discriminator made step 64
generator made step 80
discriminator made step 80
generator made step 96
discriminator made step 96
generator made step 112
discriminator made step 112
generator made step 128
discriminator made step 128
generator made step 144
discriminator made step 144
generator made step 160
discriminator made step 160
generator made step 176
discriminator made step 176
generator made step 192
discriminator made step 192
generator made step 208
discriminator made step 208
generator made step 224
discriminator made step 224
generator made step 240
discriminator made step 240
generator made step 256
discriminator made step 256
generator made step 272
discriminator made step 272
generator made step 288
discriminator made step 288
generator made step 304
discriminator made step 304
generator made step 320
discriminator made step 320
generator made step 336
discriminator made step 336
generator made step 352
discriminator made step 352
generator made step 368
discriminator made step 368
generator made step 384
discriminator made step 384
generator made step 400
discriminator made step 400
generator made step 416
discriminator made step 416
generator made step 432
discriminator made step 432
generator made step 448
discriminator made step 448
generator made step 464
discriminator made step 464
generator made step 480
discriminator made step 480
generator made step 496
discriminator made step 496
2022-07-31 22:04:04,391 - root - INFO - Total=432.609094, G=327.082841, D=92.618096, data=11.298614, next=1.609543
2022-07-31 22:04:10,089 - root - INFO - Total=5.696451, G=0.418137, data=3.231361, acc=0.006434, agg=0.138772, next=1.901747
saving checkpoint...
2022-07-31 22:04:20,416 - root - INFO - Time taken for epoch 3 is 448.6350944042206 sec
2022-07-31 22:04:20,416 - root - INFO - Train time = 432.6090941429138, Valid time = 5.696450710296631
2022-07-31 22:04:20,416 - root - INFO - G losses = {'GAN': 3.7113356590270996, 'GAN_Feat': 0.7142077684402466, 'L1': 30.846147537231445}
2022-07-31 22:04:20,416 - root - INFO - D losses = {'D_Fake': 1.3327138731256127e-05, 'D_real': 6.702802693325793e-06}
generator made step 0
discriminator made step 0
generator made step 16
discriminator made step 16
generator made step 32
discriminator made step 32
generator made step 48
discriminator made step 48
generator made step 64
discriminator made step 64
generator made step 80
discriminator made step 80
generator made step 96
discriminator made step 96
generator made step 112
discriminator made step 112
generator made step 128
discriminator made step 128
generator made step 144
discriminator made step 144
generator made step 160
discriminator made step 160
generator made step 176
discriminator made step 176
generator made step 192
discriminator made step 192
generator made step 208
discriminator made step 208
generator made step 224
discriminator made step 224
generator made step 240
discriminator made step 240
generator made step 256
discriminator made step 256
generator made step 272
discriminator made step 272
generator made step 288
discriminator made step 288
generator made step 304
discriminator made step 304
generator made step 320
discriminator made step 320
generator made step 336
discriminator made step 336
generator made step 352
discriminator made step 352
generator made step 368
discriminator made step 368
generator made step 384
discriminator made step 384
generator made step 400
discriminator made step 400
generator made step 416
discriminator made step 416
generator made step 432
discriminator made step 432
generator made step 448
discriminator made step 448
generator made step 464
discriminator made step 464
generator made step 480
discriminator made step 480
generator made step 496
discriminator made step 496
2022-07-31 22:11:32,963 - root - INFO - Total=432.545448, G=327.121838, D=92.653119, data=11.304687, next=1.465804
2022-07-31 22:11:38,280 - root - INFO - Total=5.316661, G=0.511988, data=3.109401, acc=0.008384, agg=0.134393, next=1.552494
saving checkpoint...
2022-07-31 22:11:48,795 - root - INFO - Time taken for epoch 4 is 448.3781883716583 sec
2022-07-31 22:11:48,795 - root - INFO - Train time = 432.5454475879669, Valid time = 5.316661357879639
2022-07-31 22:11:48,795 - root - INFO - G losses = {'GAN': 2.6654019355773926, 'GAN_Feat': 0.7323296666145325, 'L1': 43.514747619628906}
2022-07-31 22:11:48,795 - root - INFO - D losses = {'D_Fake': 0.3438732922077179, 'D_real': 0.0}
generator made step 0
discriminator made step 0
generator made step 16
discriminator made step 16
generator made step 32
discriminator made step 32
generator made step 48
discriminator made step 48
generator made step 64
discriminator made step 64
generator made step 80
discriminator made step 80
generator made step 96
discriminator made step 96
generator made step 112
discriminator made step 112
generator made step 128
discriminator made step 128
generator made step 144
discriminator made step 144
generator made step 160
discriminator made step 160
generator made step 176
discriminator made step 176
generator made step 192
discriminator made step 192
generator made step 208
discriminator made step 208
generator made step 224
discriminator made step 224
generator made step 240
discriminator made step 240
generator made step 256
discriminator made step 256
generator made step 272
discriminator made step 272
generator made step 288
discriminator made step 288
generator made step 304
discriminator made step 304
generator made step 320
discriminator made step 320
generator made step 336
discriminator made step 336
generator made step 352
discriminator made step 352
generator made step 368
discriminator made step 368
generator made step 384
discriminator made step 384
generator made step 400
discriminator made step 400
generator made step 416
discriminator made step 416
generator made step 432
discriminator made step 432
generator made step 448
discriminator made step 448
generator made step 464
discriminator made step 464
generator made step 480
discriminator made step 480
generator made step 496
discriminator made step 496
2022-07-31 22:19:01,174 - root - INFO - Total=432.378181, G=327.284115, D=92.618346, data=11.298846, next=1.176873
2022-07-31 22:19:06,490 - root - INFO - Total=5.315461, G=0.536852, data=3.102488, acc=0.010492, agg=0.152438, next=1.513192
saving checkpoint...
2022-07-31 22:19:16,981 - root - INFO - Time taken for epoch 5 is 448.1864650249481 sec
2022-07-31 22:19:16,981 - root - INFO - Train time = 432.3781805038452, Valid time = 5.3154613971710205
2022-07-31 22:19:16,981 - root - INFO - G losses = {'GAN': 2.3670735359191895, 'GAN_Feat': 0.6188240647315979, 'L1': 33.71219253540039}
2022-07-31 22:19:16,981 - root - INFO - D losses = {'D_Fake': 0.10260796546936035, 'D_real': 0.057899076491594315}
generator made step 0
discriminator made step 0
generator made step 16
discriminator made step 16
generator made step 32
discriminator made step 32
generator made step 48
discriminator made step 48
generator made step 64
discriminator made step 64
generator made step 80
discriminator made step 80
generator made step 96
discriminator made step 96
generator made step 112
discriminator made step 112
generator made step 128
discriminator made step 128
generator made step 144
discriminator made step 144
generator made step 160
discriminator made step 160
generator made step 176
discriminator made step 176
generator made step 192
discriminator made step 192
generator made step 208
discriminator made step 208
generator made step 224
discriminator made step 224
generator made step 240
discriminator made step 240
generator made step 256
discriminator made step 256
generator made step 272
discriminator made step 272
generator made step 288
discriminator made step 288
generator made step 304
discriminator made step 304
generator made step 320
discriminator made step 320
generator made step 336
discriminator made step 336
generator made step 352
discriminator made step 352
generator made step 368
discriminator made step 368
generator made step 384
discriminator made step 384
generator made step 400
discriminator made step 400
generator made step 416
discriminator made step 416
generator made step 432
discriminator made step 432
generator made step 448
discriminator made step 448
generator made step 464
discriminator made step 464
generator made step 480
discriminator made step 480
generator made step 496
discriminator made step 496
2022-07-31 22:26:29,463 - root - INFO - Total=432.480519, G=327.079128, D=92.662670, data=11.277782, next=1.460940
2022-07-31 22:26:35,251 - root - INFO - Total=5.786962, G=0.460896, data=3.288337, acc=0.009920, agg=0.157380, next=1.870429
saving checkpoint...
2022-07-31 22:26:45,637 - root - INFO - Time taken for epoch 6 is 448.6553945541382 sec
2022-07-31 22:26:45,637 - root - INFO - Train time = 432.4805190563202, Valid time = 5.786962032318115
2022-07-31 22:26:45,637 - root - INFO - G losses = {'GAN': 4.00142765045166, 'GAN_Feat': 0.5751405358314514, 'L1': 27.583595275878906}
2022-07-31 22:26:45,637 - root - INFO - D losses = {'D_Fake': 0.00407137768343091, 'D_real': 0.3644992411136627}
generator made step 0
discriminator made step 0
generator made step 16
discriminator made step 16
generator made step 32
discriminator made step 32
generator made step 48
discriminator made step 48
generator made step 64
discriminator made step 64
generator made step 80
discriminator made step 80
generator made step 96
discriminator made step 96
generator made step 112
discriminator made step 112
generator made step 128
discriminator made step 128
generator made step 144
discriminator made step 144
generator made step 160
discriminator made step 160
generator made step 176
discriminator made step 176
generator made step 192
discriminator made step 192
generator made step 208
discriminator made step 208
generator made step 224
discriminator made step 224
generator made step 240
discriminator made step 240
generator made step 256
discriminator made step 256
generator made step 272
discriminator made step 272
generator made step 288
discriminator made step 288
generator made step 304
discriminator made step 304
generator made step 320
discriminator made step 320
generator made step 336
discriminator made step 336
generator made step 352
discriminator made step 352
generator made step 368
discriminator made step 368
generator made step 384
discriminator made step 384
generator made step 400
discriminator made step 400
generator made step 416
discriminator made step 416
generator made step 432
discriminator made step 432
generator made step 448
discriminator made step 448
generator made step 464
discriminator made step 464
generator made step 480
discriminator made step 480
generator made step 496
discriminator made step 496
2022-07-31 22:33:58,084 - root - INFO - Total=432.445871, G=327.278597, D=92.683837, data=11.295282, next=1.188154
2022-07-31 22:34:04,170 - root - INFO - Total=6.085511, G=0.389809, data=3.359065, acc=0.006144, agg=0.170591, next=2.159904
saving checkpoint...
2022-07-31 22:34:14,696 - root - INFO - Time taken for epoch 7 is 449.0585150718689 sec
2022-07-31 22:34:14,696 - root - INFO - Train time = 432.4458706378937, Valid time = 6.0855114459991455
2022-07-31 22:34:14,696 - root - INFO - G losses = {'GAN': 4.512332916259766, 'GAN_Feat': 0.6092500686645508, 'L1': 26.68406867980957}
2022-07-31 22:34:14,696 - root - INFO - D losses = {'D_Fake': 1.981065906875301e-06, 'D_real': 0.7067540287971497}
generator made step 0
discriminator made step 0
generator made step 16
discriminator made step 16
generator made step 32
discriminator made step 32
generator made step 48
discriminator made step 48
generator made step 64
discriminator made step 64
generator made step 80
discriminator made step 80
generator made step 96
discriminator made step 96
generator made step 112
discriminator made step 112
generator made step 128
discriminator made step 128
generator made step 144
discriminator made step 144
generator made step 160
discriminator made step 160
generator made step 176
discriminator made step 176
generator made step 192
discriminator made step 192
generator made step 208
discriminator made step 208
generator made step 224
discriminator made step 224
generator made step 240
discriminator made step 240
generator made step 256
discriminator made step 256
generator made step 272
discriminator made step 272
generator made step 288
discriminator made step 288
generator made step 304
discriminator made step 304
generator made step 320
discriminator made step 320
generator made step 336
discriminator made step 336
generator made step 352
discriminator made step 352
generator made step 368
discriminator made step 368
generator made step 384
discriminator made step 384
generator made step 400
discriminator made step 400
generator made step 416
discriminator made step 416
generator made step 432
discriminator made step 432
generator made step 448
discriminator made step 448
srun: Job step aborted: Waiting up to 32 seconds for job step to finish.
slurmstepd: error: *** STEP 2859600.0 ON nid002457 CANCELLED AT 2022-07-31T22:40:40 DUE TO TIME LIMIT ***
slurmstepd: error: *** JOB 2859600 ON nid002457 CANCELLED AT 2022-07-31T22:40:40 DUE TO TIME LIMIT ***
