+ srun -u shifter -V /pscratch/sd/c/cjacobus/ML_Hydro_train/logs:/logs --image=nersc/pytorch:ngc-22.03-v0 --env PYTHONUSERBASE=/global/homes/c/cjacobus/.local/perlmutter/nersc-pytorch-ngc-22.03-v0 bash -c '
    source export_DDP_vars.sh
    python train.py --root_dir=/pscratch/sd/c/cjacobus/tsit --config=tightvalid_up5_tanh_L1_spec
    '
[W socket.cpp:701] The server socket on [nid002588]:29500 is not yet listening (errno: 111 - Connection refused), will retry.
[W socket.cpp:701] The server socket on [nid002588]:29500 is not yet listening (errno: 111 - Connection refused), will retry.
[W socket.cpp:701] The server socket on [nid002588]:29500 is not yet listening (errno: 111 - Connection refused), will retry.
[W socket.cpp:701] The server socket on [nid002588]:29500 is not yet listening (errno: 111 - Connection refused), will retry.
[W socket.cpp:701] The server socket on [nid002588]:29500 is not yet listening (errno: 111 - Connection refused), will retry.
[W socket.cpp:701] The server socket on [nid002588]:29500 is not yet listening (errno: 111 - Connection refused), will retry.
[W socket.cpp:701] The server socket on [nid002588]:29500 is not yet listening (errno: 111 - Connection refused), will retry.
[W socket.cpp:701] The server socket on [nid002588]:29500 is not yet listening (errno: 111 - Connection refused), will retry.
[W socket.cpp:701] The server socket on [nid002588]:29500 is not yet listening (errno: 111 - Connection refused), will retry.
[W socket.cpp:701] The server socket on [nid002588]:29500 is not yet listening (errno: 111 - Connection refused), will retry.
[W socket.cpp:701] The server socket on [nid002588]:29500 is not yet listening (errno: 111 - Connection refused), will retry.
[W socket.cpp:701] The server socket on [nid002588]:29500 is not yet listening (errno: 111 - Connection refused), will retry.
2022-08-01 08:26:08,411 - torch.distributed.distributed_c10d - INFO - Added key: store_based_barrier_key:1 to store for rank: 1
2022-08-01 08:26:08,414 - torch.distributed.distributed_c10d - INFO - Added key: store_based_barrier_key:1 to store for rank: 3
2022-08-01 08:26:08,415 - torch.distributed.distributed_c10d - INFO - Added key: store_based_barrier_key:1 to store for rank: 2
2022-08-01 08:26:08,786 - torch.distributed.distributed_c10d - INFO - Added key: store_based_barrier_key:1 to store for rank: 8
2022-08-01 08:26:08,791 - torch.distributed.distributed_c10d - INFO - Added key: store_based_barrier_key:1 to store for rank: 11
2022-08-01 08:26:08,793 - torch.distributed.distributed_c10d - INFO - Added key: store_based_barrier_key:1 to store for rank: 10
2022-08-01 08:26:08,794 - torch.distributed.distributed_c10d - INFO - Added key: store_based_barrier_key:1 to store for rank: 9
2022-08-01 08:26:09,136 - torch.distributed.distributed_c10d - INFO - Added key: store_based_barrier_key:1 to store for rank: 7
2022-08-01 08:26:09,147 - torch.distributed.distributed_c10d - INFO - Added key: store_based_barrier_key:1 to store for rank: 6
2022-08-01 08:26:09,153 - torch.distributed.distributed_c10d - INFO - Added key: store_based_barrier_key:1 to store for rank: 5
2022-08-01 08:26:09,154 - torch.distributed.distributed_c10d - INFO - Added key: store_based_barrier_key:1 to store for rank: 4
2022-08-01 08:26:09,230 - torch.distributed.distributed_c10d - INFO - Added key: store_based_barrier_key:1 to store for rank: 0
2022-08-01 08:26:09,384 - torch.distributed.distributed_c10d - INFO - Added key: store_based_barrier_key:1 to store for rank: 15
2022-08-01 08:26:09,390 - torch.distributed.distributed_c10d - INFO - Added key: store_based_barrier_key:1 to store for rank: 12
2022-08-01 08:26:09,391 - torch.distributed.distributed_c10d - INFO - Added key: store_based_barrier_key:1 to store for rank: 13
2022-08-01 08:26:09,392 - torch.distributed.distributed_c10d - INFO - Added key: store_based_barrier_key:1 to store for rank: 14
2022-08-01 08:26:09,392 - torch.distributed.distributed_c10d - INFO - Rank 14: Completed store-based barrier for key:store_based_barrier_key:1 with 16 nodes.
2022-08-01 08:26:09,392 - torch.distributed.distributed_c10d - INFO - Rank 6: Completed store-based barrier for key:store_based_barrier_key:1 with 16 nodes.
2022-08-01 08:26:09,394 - torch.distributed.distributed_c10d - INFO - Rank 15: Completed store-based barrier for key:store_based_barrier_key:1 with 16 nodes.
2022-08-01 08:26:09,395 - torch.distributed.distributed_c10d - INFO - Rank 11: Completed store-based barrier for key:store_based_barrier_key:1 with 16 nodes.
2022-08-01 08:26:09,396 - torch.distributed.distributed_c10d - INFO - Rank 1: Completed store-based barrier for key:store_based_barrier_key:1 with 16 nodes.
2022-08-01 08:26:09,398 - torch.distributed.distributed_c10d - INFO - Rank 8: Completed store-based barrier for key:store_based_barrier_key:1 with 16 nodes.
2022-08-01 08:26:09,399 - torch.distributed.distributed_c10d - INFO - Rank 10: Completed store-based barrier for key:store_based_barrier_key:1 with 16 nodes.
2022-08-01 08:26:09,399 - torch.distributed.distributed_c10d - INFO - Rank 5: Completed store-based barrier for key:store_based_barrier_key:1 with 16 nodes.
2022-08-01 08:26:09,399 - torch.distributed.distributed_c10d - INFO - Rank 9: Completed store-based barrier for key:store_based_barrier_key:1 with 16 nodes.
2022-08-01 08:26:09,400 - torch.distributed.distributed_c10d - INFO - Rank 4: Completed store-based barrier for key:store_based_barrier_key:1 with 16 nodes.
2022-08-01 08:26:09,400 - torch.distributed.distributed_c10d - INFO - Rank 12: Completed store-based barrier for key:store_based_barrier_key:1 with 16 nodes.
2022-08-01 08:26:09,400 - torch.distributed.distributed_c10d - INFO - Rank 3: Completed store-based barrier for key:store_based_barrier_key:1 with 16 nodes.
2022-08-01 08:26:09,401 - torch.distributed.distributed_c10d - INFO - Rank 2: Completed store-based barrier for key:store_based_barrier_key:1 with 16 nodes.
2022-08-01 08:26:09,401 - torch.distributed.distributed_c10d - INFO - Rank 13: Completed store-based barrier for key:store_based_barrier_key:1 with 16 nodes.
2022-08-01 08:26:09,402 - torch.distributed.distributed_c10d - INFO - Rank 0: Completed store-based barrier for key:store_based_barrier_key:1 with 16 nodes.
2022-08-01 08:26:09,402 - torch.distributed.distributed_c10d - INFO - Rank 7: Completed store-based barrier for key:store_based_barrier_key:1 with 16 nodes.
2022-08-01 08:26:09,416 - root - INFO - rank 15, begin data loader init
2022-08-01 08:26:09,416 - root - INFO - rank 15, data loader initialized
2022-08-01 08:26:09,416 - root - INFO - rank 12, begin data loader init
2022-08-01 08:26:09,417 - root - INFO - rank 12, data loader initialized
2022-08-01 08:26:09,417 - root - INFO - rank 14, begin data loader init
2022-08-01 08:26:09,417 - root - INFO - rank 13, begin data loader init
2022-08-01 08:26:09,417 - root - INFO - rank 14, data loader initialized
2022-08-01 08:26:09,417 - root - INFO - rank 13, data loader initialized
2022-08-01 08:26:09,418 - root - INFO - rank 6, begin data loader init
2022-08-01 08:26:09,419 - root - INFO - rank 10, begin data loader init
2022-08-01 08:26:09,419 - root - INFO - rank 6, data loader initialized
2022-08-01 08:26:09,419 - root - INFO - rank 11, begin data loader init
2022-08-01 08:26:09,419 - root - INFO - rank 8, begin data loader init
2022-08-01 08:26:09,419 - root - INFO - rank 9, begin data loader init
2022-08-01 08:26:09,419 - root - INFO - rank 10, data loader initialized
2022-08-01 08:26:09,419 - root - INFO - rank 11, data loader initialized
2022-08-01 08:26:09,419 - root - INFO - rank 8, data loader initialized
2022-08-01 08:26:09,419 - root - INFO - rank 9, data loader initialized
2022-08-01 08:26:09,419 - root - INFO - rank 4, begin data loader init
2022-08-01 08:26:09,419 - root - INFO - rank 7, begin data loader init
2022-08-01 08:26:09,419 - root - INFO - rank 5, begin data loader init
2022-08-01 08:26:09,420 - root - INFO - rank 4, data loader initialized
2022-08-01 08:26:09,420 - root - INFO - rank 5, data loader initialized
2022-08-01 08:26:09,420 - root - INFO - rank 7, data loader initialized
2022-08-01 08:26:09,420 - root - INFO - ------------------ Configuration ------------------
2022-08-01 08:26:09,420 - root - INFO - Configuration file: /global/u1/c/cjacobus/Nyx-TSIT/config/tsit.yaml
2022-08-01 08:26:09,420 - root - INFO - Configuration name: tightvalid_up5_tanh_L1_spec
2022-08-01 08:26:09,420 - root - INFO - Nsamples 8192
2022-08-01 08:26:09,420 - root - INFO - Nsamples_val 512
2022-08-01 08:26:09,420 - root - INFO - niter 200
2022-08-01 08:26:09,420 - root - INFO - niter_decay 150
2022-08-01 08:26:09,420 - root - INFO - use_spec_loss False
2022-08-01 08:26:09,420 - root - INFO - lambda_spec 100.0
2022-08-01 08:26:09,420 - root - INFO - use_l1_loss True
2022-08-01 08:26:09,420 - root - INFO - lambda_l1 300.0
2022-08-01 08:26:09,420 - root - INFO - data_size 128
2022-08-01 08:26:09,420 - root - INFO - train_path /pscratch/sd/c/cjacobus/Nyx_512/train_s1_512_invar3_fullnorm_hydro.h5
2022-08-01 08:26:09,420 - root - INFO - val_path /pscratch/sd/c/cjacobus/Nyx_512/valid_s2_512_invar3_fullnorm_hydro.h5
2022-08-01 08:26:09,420 - root - INFO - num_upsampling_blocks 5
2022-08-01 08:26:09,420 - root - INFO - tanh False
2022-08-01 08:26:09,420 - root - INFO - num_data_workers 16
2022-08-01 08:26:09,420 - root - INFO - in_channels [0, 1, 2, 3, 17, 18, 19]
2022-08-01 08:26:09,420 - root - INFO - out_channels [0]
2022-08-01 08:26:09,420 - root - INFO - min_path /pscratch/sd/s/shas1693/data/era5/mins.npy
2022-08-01 08:26:09,420 - root - INFO - max_path /pscratch/sd/s/shas1693/data/era5/maxs.npy
2022-08-01 08:26:09,420 - root - INFO - time_means_path /pscratch/sd/s/shas1693/data/era5/time_means.npy
2022-08-01 08:26:09,420 - root - INFO - global_means_path /pscratch/sd/s/shas1693/data/era5/global_means.npy
2022-08-01 08:26:09,420 - root - INFO - global_stds_path /pscratch/sd/s/shas1693/data/era5/global_stds.npy
2022-08-01 08:26:09,420 - root - INFO - precip /pscratch/sd/p/pharring/ERA5/precip/total_precipitation
2022-08-01 08:26:09,420 - root - INFO - precip_eps 1e-05
2022-08-01 08:26:09,420 - root - INFO - dt 1
2022-08-01 08:26:09,420 - root - INFO - n_history 0
2022-08-01 08:26:09,421 - root - INFO - crop_size_x None
2022-08-01 08:26:09,421 - root - INFO - crop_size_y None
2022-08-01 08:26:09,421 - root - INFO - roll False
2022-08-01 08:26:09,421 - root - INFO - conttime False
2022-08-01 08:26:09,421 - root - INFO - normalization zscore
2022-08-01 08:26:09,421 - root - INFO - add_grid False
2022-08-01 08:26:09,421 - root - INFO - model pix2pix
2022-08-01 08:26:09,421 - root - INFO - norm_G spectralfadebatch3x3
2022-08-01 08:26:09,421 - root - INFO - norm_D spectralinstance
2022-08-01 08:26:09,421 - root - INFO - norm_S spectralinstance
2022-08-01 08:26:09,421 - root - INFO - norm_E spectralinstance
2022-08-01 08:26:09,421 - root - INFO - batch_size 16
2022-08-01 08:26:09,421 - root - INFO - img_size [512, 512, 512]
2022-08-01 08:26:09,421 - root - INFO - box_size [512, 512, 512]
2022-08-01 08:26:09,421 - root - INFO - input_nc 5
2022-08-01 08:26:09,421 - root - INFO - output_nc 5
2022-08-01 08:26:09,421 - root - INFO - netG tsit
2022-08-01 08:26:09,421 - root - INFO - ngf 64
2022-08-01 08:26:09,421 - root - INFO - init_type xavier
2022-08-01 08:26:09,421 - root - INFO - init_variance 0.02
2022-08-01 08:26:09,421 - root - INFO - z_dim 256
2022-08-01 08:26:09,421 - root - INFO - alpha 1.0
2022-08-01 08:26:09,421 - root - INFO - no_ss True
2022-08-01 08:26:09,421 - root - INFO - downsamp True
2022-08-01 08:26:09,421 - root - INFO - use_periodic_padding True
2022-08-01 08:26:09,421 - root - INFO - additive_noise False
2022-08-01 08:26:09,421 - root - INFO - nef 16
2022-08-01 08:26:09,421 - root - INFO - use_vae False
2022-08-01 08:26:09,421 - root - INFO - optimizer adam
2022-08-01 08:26:09,421 - root - INFO - beta1 0.5
2022-08-01 08:26:09,421 - root - INFO - beta2 0.999
2022-08-01 08:26:09,421 - root - INFO - lr 0.0002
2022-08-01 08:26:09,421 - root - INFO - D_steps_per_G 1
2022-08-01 08:26:09,421 - root - INFO - ndf 64
2022-08-01 08:26:09,421 - root - INFO - lambda_feat 0.5
2022-08-01 08:26:09,421 - root - INFO - no_ganFeat_loss False
2022-08-01 08:26:09,421 - root - INFO - gan_mode hinge
2022-08-01 08:26:09,421 - root - INFO - netD multiscale
2022-08-01 08:26:09,421 - root - INFO - num_D 2
2022-08-01 08:26:09,421 - root - INFO - n_layers_D 4
2022-08-01 08:26:09,421 - root - INFO - no_TTUR True
2022-08-01 08:26:09,421 - root - INFO - lambda_kld 0.05
2022-08-01 08:26:09,421 - root - INFO - cat_inp False
2022-08-01 08:26:09,421 - root - INFO - entity weatherbenching
2022-08-01 08:26:09,421 - root - INFO - project Nyx-TSIT
2022-08-01 08:26:09,421 - root - INFO - log_to_wandb True
2022-08-01 08:26:09,421 - root - INFO - log_to_screen True
2022-08-01 08:26:09,421 - root - INFO - save_checkpoint True
2022-08-01 08:26:09,421 - root - INFO - weight_init ordereddict([('conv_init', 'normal'), ('conv_scale', 0.02), ('conv_bias', 0.0)])
2022-08-01 08:26:09,421 - root - INFO - lambda_rho 0
2022-08-01 08:26:09,421 - root - INFO - rank 3, begin data loader init
2022-08-01 08:26:09,421 - root - INFO - full_scale True
2022-08-01 08:26:09,421 - root - INFO - global_batch_size 64
2022-08-01 08:26:09,421 - root - INFO - base_batch_size 64
2022-08-01 08:26:09,421 - root - INFO - rank 2, begin data loader init
2022-08-01 08:26:09,421 - root - INFO - num_epochs 60
2022-08-01 08:26:09,421 - root - INFO - enable_amp False
2022-08-01 08:26:09,421 - root - INFO - enable_apex False
2022-08-01 08:26:09,421 - root - INFO - enable_benchy False
2022-08-01 08:26:09,421 - root - INFO - rank 1, begin data loader init
2022-08-01 08:26:09,422 - root - INFO - enable_jit False
2022-08-01 08:26:09,422 - root - INFO - expdir /pscratch/sd/c/cjacobus/Nyx_TSIT_train
2022-08-01 08:26:09,422 - root - INFO - lr_schedule ordereddict([('scaling', 'sqrt'), ('start_lr', 0.0002), ('end_lr', 0.0), ('warmup_steps', 128)])
2022-08-01 08:26:09,422 - root - INFO - data_loader_config lowmem
2022-08-01 08:26:09,422 - root - INFO - N_out_channels 5
2022-08-01 08:26:09,422 - root - INFO - rank 3, data loader initialized
2022-08-01 08:26:09,422 - root - INFO - N_in_channels 5
2022-08-01 08:26:09,422 - root - INFO - use_cache None
2022-08-01 08:26:09,422 - root - INFO - ---------------------------------------------------
2022-08-01 08:26:09,422 - root - INFO - rank 2, data loader initialized
log_to_wandb -------------------------------------------------------------------
2022-08-01 08:26:09,422 - root - INFO - rank 1, data loader initialized
dir exists: /pscratch/sd/c/cjacobus/tsit/expts/tightvalid_up5_tanh_L1_spec/checkpoints/
wandb: Currently logged in as: cjacobus (use `wandb login --relogin` to force relogin)
Network [TSITGenerator] was created. Total number of parameters: 991.3 million. To see the architecture, do print(network).
Network [TSITGenerator] was created. Total number of parameters: 991.3 million. To see the architecture, do print(network).
Network [TSITGenerator] was created. Total number of parameters: 991.3 million. To see the architecture, do print(network).
Network [TSITGenerator] was created. Total number of parameters: 991.3 million. To see the architecture, do print(network).
Network [TSITGenerator] was created. Total number of parameters: 991.3 million. To see the architecture, do print(network).
Network [TSITGenerator] was created. Total number of parameters: 991.3 million. To see the architecture, do print(network).
Network [TSITGenerator] was created. Total number of parameters: 991.3 million. To see the architecture, do print(network).
Network [TSITGenerator] was created. Total number of parameters: 991.3 million. To see the architecture, do print(network).
Network [TSITGenerator] was created. Total number of parameters: 991.3 million. To see the architecture, do print(network).
Network [TSITGenerator] was created. Total number of parameters: 991.3 million. To see the architecture, do print(network).
Network [TSITGenerator] was created. Total number of parameters: 991.3 million. To see the architecture, do print(network).
Network [TSITGenerator] was created. Total number of parameters: 991.3 million. To see the architecture, do print(network).
Network [TSITGenerator] was created. Total number of parameters: 991.3 million. To see the architecture, do print(network).
Network [TSITGenerator] was created. Total number of parameters: 991.3 million. To see the architecture, do print(network).
Network [TSITGenerator] was created. Total number of parameters: 991.3 million. To see the architecture, do print(network).
wandb: wandb version 0.12.21 is available!  To upgrade, please run:
wandb:  $ pip install wandb --upgrade
wandb: Tracking run with wandb version 0.12.13
wandb: Run data is saved locally in /pscratch/sd/c/cjacobus/tsit/expts/tightvalid_up5_tanh_L1_spec/wandb/run-20220801_082610-4t34bl94
wandb: Run `wandb offline` to turn off syncing.
wandb: Resuming run tightvalid_up5_tanh_L1_spec
wandb: ⭐️ View project at https://wandb.ai/weatherbenching/Nyx-TSIT
wandb: 🚀 View run at https://wandb.ai/weatherbenching/Nyx-TSIT/runs/4t34bl94
checking dir: /pscratch/sd/c/cjacobus/tsit/expts/tightvalid_up5_tanh_L1_spec/checkpoints/
dir exists: /pscratch/sd/c/cjacobus/tsit/expts/tightvalid_up5_tanh_L1_spec/checkpoints/
2022-08-01 08:26:16,576 - root - INFO - rank 0, begin data loader init
2022-08-01 08:26:16,576 - root - INFO - rank 0, data loader initialized
Network [TSITGenerator] was created. Total number of parameters: 991.3 million. To see the architecture, do print(network).
Network [MultiscaleDiscriminator] was created. Total number of parameters: 22.1 million. To see the architecture, do print(network).
Network [MultiscaleDiscriminator] was created. Total number of parameters: 22.1 million. To see the architecture, do print(network).
Network [MultiscaleDiscriminator] was created. Total number of parameters: 22.1 million. To see the architecture, do print(network).
Network [MultiscaleDiscriminator] was created. Total number of parameters: 22.1 million. To see the architecture, do print(network).
Network [MultiscaleDiscriminator] was created. Total number of parameters: 22.1 million. To see the architecture, do print(network).
Network [MultiscaleDiscriminator] was created. Total number of parameters: 22.1 million. To see the architecture, do print(network).
Network [MultiscaleDiscriminator] was created. Total number of parameters: 22.1 million. To see the architecture, do print(network).
Network [MultiscaleDiscriminator] was created. Total number of parameters: 22.1 million. To see the architecture, do print(network).
Network [MultiscaleDiscriminator] was created. Total number of parameters: 22.1 million. To see the architecture, do print(network).
Network [MultiscaleDiscriminator] was created. Total number of parameters: 22.1 million. To see the architecture, do print(network).
Network [MultiscaleDiscriminator] was created. Total number of parameters: 22.1 million. To see the architecture, do print(network).
Network [MultiscaleDiscriminator] was created. Total number of parameters: 22.1 million. To see the architecture, do print(network).
Network [MultiscaleDiscriminator] was created. Total number of parameters: 22.1 million. To see the architecture, do print(network).
Network [MultiscaleDiscriminator] was created. Total number of parameters: 22.1 million. To see the architecture, do print(network).
Network [MultiscaleDiscriminator] was created. Total number of parameters: 22.1 million. To see the architecture, do print(network).
Network [MultiscaleDiscriminator] was created. Total number of parameters: 22.1 million. To see the architecture, do print(network).
2022-08-01 08:26:34,959 - root - INFO - Loading checkpoint /pscratch/sd/c/cjacobus/tsit/expts/tightvalid_up5_tanh_L1_spec/checkpoints/ckpt.tar
2022-08-01 08:26:34,959 - root - INFO - Loading checkpoint /pscratch/sd/c/cjacobus/tsit/expts/tightvalid_up5_tanh_L1_spec/checkpoints/ckpt.tar
2022-08-01 08:26:34,960 - root - INFO - Loading checkpoint /pscratch/sd/c/cjacobus/tsit/expts/tightvalid_up5_tanh_L1_spec/checkpoints/ckpt.tar
2022-08-01 08:26:34,961 - root - INFO - Loading checkpoint /pscratch/sd/c/cjacobus/tsit/expts/tightvalid_up5_tanh_L1_spec/checkpoints/ckpt.tar
2022-08-01 08:26:34,962 - root - INFO - Loading checkpoint /pscratch/sd/c/cjacobus/tsit/expts/tightvalid_up5_tanh_L1_spec/checkpoints/ckpt.tar
2022-08-01 08:26:34,962 - root - INFO - Loading checkpoint /pscratch/sd/c/cjacobus/tsit/expts/tightvalid_up5_tanh_L1_spec/checkpoints/ckpt.tar
2022-08-01 08:26:34,963 - root - INFO - Loading checkpoint /pscratch/sd/c/cjacobus/tsit/expts/tightvalid_up5_tanh_L1_spec/checkpoints/ckpt.tar
2022-08-01 08:26:34,964 - root - INFO - Loading checkpoint /pscratch/sd/c/cjacobus/tsit/expts/tightvalid_up5_tanh_L1_spec/checkpoints/ckpt.tar
2022-08-01 08:26:34,964 - root - INFO - Loading checkpoint /pscratch/sd/c/cjacobus/tsit/expts/tightvalid_up5_tanh_L1_spec/checkpoints/ckpt.tar
2022-08-01 08:26:34,964 - root - INFO - Loading checkpoint /pscratch/sd/c/cjacobus/tsit/expts/tightvalid_up5_tanh_L1_spec/checkpoints/ckpt.tar
2022-08-01 08:26:34,964 - root - INFO - Loading checkpoint /pscratch/sd/c/cjacobus/tsit/expts/tightvalid_up5_tanh_L1_spec/checkpoints/ckpt.tar
2022-08-01 08:26:34,965 - root - INFO - Loading checkpoint /pscratch/sd/c/cjacobus/tsit/expts/tightvalid_up5_tanh_L1_spec/checkpoints/ckpt.tar
2022-08-01 08:26:34,965 - root - INFO - Loading checkpoint /pscratch/sd/c/cjacobus/tsit/expts/tightvalid_up5_tanh_L1_spec/checkpoints/ckpt.tar
2022-08-01 08:26:34,965 - root - INFO - Loading checkpoint /pscratch/sd/c/cjacobus/tsit/expts/tightvalid_up5_tanh_L1_spec/checkpoints/ckpt.tar
2022-08-01 08:26:34,965 - root - INFO - Loading checkpoint /pscratch/sd/c/cjacobus/tsit/expts/tightvalid_up5_tanh_L1_spec/checkpoints/ckpt.tar
2022-08-01 08:26:34,966 - root - INFO - Loading checkpoint /pscratch/sd/c/cjacobus/tsit/expts/tightvalid_up5_tanh_L1_spec/checkpoints/ckpt.tar
2022-08-01 08:26:40,832 - root - INFO - Starting Training Loop...
[W reducer.cpp:1282] Warning: find_unused_parameters=True was specified in DDP constructor, but did not find any unused parameters in the forward pass. This flag results in an extra traversal of the autograd graph every iteration,  which can adversely affect performance. If your model indeed never has any unused parameters in the forward pass, consider turning this flag off. Note that this warning may be a false positive if your model has flow control causing later iterations to have unused parameters. (function operator())
[W reducer.cpp:1282] Warning: find_unused_parameters=True was specified in DDP constructor, but did not find any unused parameters in the forward pass. This flag results in an extra traversal of the autograd graph every iteration,  which can adversely affect performance. If your model indeed never has any unused parameters in the forward pass, consider turning this flag off. Note that this warning may be a false positive if your model has flow control causing later iterations to have unused parameters. (function operator())
[W reducer.cpp:1282] Warning: find_unused_parameters=True was specified in DDP constructor, but did not find any unused parameters in the forward pass. This flag results in an extra traversal of the autograd graph every iteration,  which can adversely affect performance. If your model indeed never has any unused parameters in the forward pass, consider turning this flag off. Note that this warning may be a false positive if your model has flow control causing later iterations to have unused parameters. (function operator())
[W reducer.cpp:1282] Warning: find_unused_parameters=True was specified in DDP constructor, but did not find any unused parameters in the forward pass. This flag results in an extra traversal of the autograd graph every iteration,  which can adversely affect performance. If your model indeed never has any unused parameters in the forward pass, consider turning this flag off. Note that this warning may be a false positive if your model has flow control causing later iterations to have unused parameters. (function operator())
[W reducer.cpp:1282] Warning: find_unused_parameters=True was specified in DDP constructor, but did not find any unused parameters in the forward pass. This flag results in an extra traversal of the autograd graph every iteration,  which can adversely affect performance. If your model indeed never has any unused parameters in the forward pass, consider turning this flag off. Note that this warning may be a false positive if your model has flow control causing later iterations to have unused parameters. (function operator())
[W reducer.cpp:1282] Warning: find_unused_parameters=True was specified in DDP constructor, but did not find any unused parameters in the forward pass. This flag results in an extra traversal of the autograd graph every iteration,  which can adversely affect performance. If your model indeed never has any unused parameters in the forward pass, consider turning this flag off. Note that this warning may be a false positive if your model has flow control causing later iterations to have unused parameters. (function operator())
[W reducer.cpp:1282] Warning: find_unused_parameters=True was specified in DDP constructor, but did not find any unused parameters in the forward pass. This flag results in an extra traversal of the autograd graph every iteration,  which can adversely affect performance. If your model indeed never has any unused parameters in the forward pass, consider turning this flag off. Note that this warning may be a false positive if your model has flow control causing later iterations to have unused parameters. (function operator())
[W reducer.cpp:1282] Warning: find_unused_parameters=True was specified in DDP constructor, but did not find any unused parameters in the forward pass. This flag results in an extra traversal of the autograd graph every iteration,  which can adversely affect performance. If your model indeed never has any unused parameters in the forward pass, consider turning this flag off. Note that this warning may be a false positive if your model has flow control causing later iterations to have unused parameters. (function operator())
[W reducer.cpp:1282] Warning: find_unused_parameters=True was specified in DDP constructor, but did not find any unused parameters in the forward pass. This flag results in an extra traversal of the autograd graph every iteration,  which can adversely affect performance. If your model indeed never has any unused parameters in the forward pass, consider turning this flag off. Note that this warning may be a false positive if your model has flow control causing later iterations to have unused parameters. (function operator())
[W reducer.cpp:1282] Warning: find_unused_parameters=True was specified in DDP constructor, but did not find any unused parameters in the forward pass. This flag results in an extra traversal of the autograd graph every iteration,  which can adversely affect performance. If your model indeed never has any unused parameters in the forward pass, consider turning this flag off. Note that this warning may be a false positive if your model has flow control causing later iterations to have unused parameters. (function operator())
[W reducer.cpp:1282] Warning: find_unused_parameters=True was specified in DDP constructor, but did not find any unused parameters in the forward pass. This flag results in an extra traversal of the autograd graph every iteration,  which can adversely affect performance. If your model indeed never has any unused parameters in the forward pass, consider turning this flag off. Note that this warning may be a false positive if your model has flow control causing later iterations to have unused parameters. (function operator())
[W reducer.cpp:1282] Warning: find_unused_parameters=True was specified in DDP constructor, but did not find any unused parameters in the forward pass. This flag results in an extra traversal of the autograd graph every iteration,  which can adversely affect performance. If your model indeed never has any unused parameters in the forward pass, consider turning this flag off. Note that this warning may be a false positive if your model has flow control causing later iterations to have unused parameters. (function operator())
[W reducer.cpp:1282] Warning: find_unused_parameters=True was specified in DDP constructor, but did not find any unused parameters in the forward pass. This flag results in an extra traversal of the autograd graph every iteration,  which can adversely affect performance. If your model indeed never has any unused parameters in the forward pass, consider turning this flag off. Note that this warning may be a false positive if your model has flow control causing later iterations to have unused parameters. (function operator())
[W reducer.cpp:1282] Warning: find_unused_parameters=True was specified in DDP constructor, but did not find any unused parameters in the forward pass. This flag results in an extra traversal of the autograd graph every iteration,  which can adversely affect performance. If your model indeed never has any unused parameters in the forward pass, consider turning this flag off. Note that this warning may be a false positive if your model has flow control causing later iterations to have unused parameters. (function operator())
[W reducer.cpp:1282] Warning: find_unused_parameters=True was specified in DDP constructor, but did not find any unused parameters in the forward pass. This flag results in an extra traversal of the autograd graph every iteration,  which can adversely affect performance. If your model indeed never has any unused parameters in the forward pass, consider turning this flag off. Note that this warning may be a false positive if your model has flow control causing later iterations to have unused parameters. (function operator())
[W reducer.cpp:1282] Warning: find_unused_parameters=True was specified in DDP constructor, but did not find any unused parameters in the forward pass. This flag results in an extra traversal of the autograd graph every iteration,  which can adversely affect performance. If your model indeed never has any unused parameters in the forward pass, consider turning this flag off. Note that this warning may be a false positive if your model has flow control causing later iterations to have unused parameters. (function operator())
generator made step 0
discriminator made step 0
generator made step 16
discriminator made step 16
generator made step 32
discriminator made step 32
generator made step 48
discriminator made step 48
generator made step 64
discriminator made step 64
generator made step 80
discriminator made step 80
generator made step 96
discriminator made step 96
generator made step 112
discriminator made step 112
generator made step 128
discriminator made step 128
generator made step 144
discriminator made step 144
generator made step 160
discriminator made step 160
generator made step 176
discriminator made step 176
generator made step 192
discriminator made step 192
generator made step 208
discriminator made step 208
generator made step 224
discriminator made step 224
generator made step 240
discriminator made step 240
generator made step 256
discriminator made step 256
generator made step 272
discriminator made step 272
generator made step 288
discriminator made step 288
generator made step 304
discriminator made step 304
generator made step 320
discriminator made step 320
generator made step 336
discriminator made step 336
generator made step 352
discriminator made step 352
generator made step 368
discriminator made step 368
generator made step 384
discriminator made step 384
generator made step 400
discriminator made step 400
generator made step 416
discriminator made step 416
generator made step 432
discriminator made step 432
generator made step 448
discriminator made step 448
generator made step 464
discriminator made step 464
generator made step 480
discriminator made step 480
generator made step 496
discriminator made step 496
2022-08-01 08:34:22,528 - root - INFO - Total=461.694440, G=366.939086, D=89.240434, data=1.655777, next=3.859143
2022-08-01 08:34:29,884 - root - INFO - Total=7.355496, G=0.368801, data=3.224586, acc=0.780955, agg=0.161572, next=2.819584
saving checkpoint...
2022-08-01 08:34:42,239 - root - INFO - Time taken for epoch 29 is 481.40673995018005 sec
2022-08-01 08:34:42,239 - root - INFO - Train time = 461.69444036483765, Valid time = 7.355496406555176
2022-08-01 08:34:42,239 - root - INFO - G losses = {'GAN': 4.2451629638671875, 'GAN_Feat': 0.4991116523742676, 'L1': 21.519468307495117}
2022-08-01 08:34:42,239 - root - INFO - D losses = {'D_Fake': 0.16386787593364716, 'D_real': 0.012346060946583748}
generator made step 0
discriminator made step 0
generator made step 16
discriminator made step 16
generator made step 32
discriminator made step 32
generator made step 48
discriminator made step 48
generator made step 64
discriminator made step 64
generator made step 80
discriminator made step 80
generator made step 96
discriminator made step 96
generator made step 112
discriminator made step 112
generator made step 128
discriminator made step 128
generator made step 144
discriminator made step 144
generator made step 160
discriminator made step 160
generator made step 176
discriminator made step 176
generator made step 192
discriminator made step 192
generator made step 208
discriminator made step 208
generator made step 224
discriminator made step 224
generator made step 240
discriminator made step 240
generator made step 256
discriminator made step 256
generator made step 272
discriminator made step 272
generator made step 288
discriminator made step 288
generator made step 304
discriminator made step 304
generator made step 320
discriminator made step 320
generator made step 336
discriminator made step 336
generator made step 352
discriminator made step 352
generator made step 368
discriminator made step 368
generator made step 384
discriminator made step 384
generator made step 400
discriminator made step 400
generator made step 416
discriminator made step 416
generator made step 432
discriminator made step 432
generator made step 448
discriminator made step 448
generator made step 464
discriminator made step 464
generator made step 480
discriminator made step 480
generator made step 496
discriminator made step 496
2022-08-01 08:41:57,347 - root - INFO - Total=435.106133, G=343.062398, D=89.149337, data=1.631665, next=1.262733
2022-08-01 08:42:03,376 - root - INFO - Total=6.028693, G=0.403533, data=3.361358, acc=0.006057, agg=0.155391, next=2.102354
saving checkpoint...
2022-08-01 08:42:13,760 - root - INFO - Time taken for epoch 30 is 451.5210130214691 sec
2022-08-01 08:42:13,761 - root - INFO - Train time = 435.10613346099854, Valid time = 6.028692722320557
2022-08-01 08:42:13,761 - root - INFO - G losses = {'GAN': 4.040244102478027, 'GAN_Feat': 0.5136532783508301, 'L1': 20.33026123046875}
2022-08-01 08:42:13,761 - root - INFO - D losses = {'D_Fake': 0.0, 'D_real': 0.10968270152807236}
generator made step 0
discriminator made step 0
generator made step 16
discriminator made step 16
generator made step 32
discriminator made step 32
generator made step 48
discriminator made step 48
generator made step 64
discriminator made step 64
generator made step 80
discriminator made step 80
generator made step 96
discriminator made step 96
generator made step 112
discriminator made step 112
generator made step 128
discriminator made step 128
generator made step 144
discriminator made step 144
generator made step 160
discriminator made step 160
generator made step 176
discriminator made step 176
generator made step 192
discriminator made step 192
generator made step 208
discriminator made step 208
generator made step 224
discriminator made step 224
generator made step 240
discriminator made step 240
generator made step 256
discriminator made step 256
generator made step 272
discriminator made step 272
generator made step 288
discriminator made step 288
generator made step 304
discriminator made step 304
generator made step 320
discriminator made step 320
generator made step 336
discriminator made step 336
generator made step 352
discriminator made step 352
generator made step 368
discriminator made step 368
generator made step 384
discriminator made step 384
generator made step 400
discriminator made step 400
generator made step 416
discriminator made step 416
generator made step 432
discriminator made step 432
generator made step 448
discriminator made step 448
generator made step 464
discriminator made step 464
generator made step 480
discriminator made step 480
generator made step 496
discriminator made step 496
2022-08-01 08:49:29,799 - root - INFO - Total=436.037323, G=342.991675, D=89.263236, data=1.630057, next=2.152355
2022-08-01 08:49:35,609 - root - INFO - Total=5.808937, G=0.421999, data=3.240245, acc=0.006239, agg=0.143823, next=1.996630
saving checkpoint...
2022-08-01 08:49:46,197 - root - INFO - Time taken for epoch 31 is 452.43569445610046 sec
2022-08-01 08:49:46,197 - root - INFO - Train time = 436.03732323646545, Valid time = 5.808937311172485
2022-08-01 08:49:46,197 - root - INFO - G losses = {'GAN': 3.3824620246887207, 'GAN_Feat': 0.49061471223831177, 'L1': 21.768627166748047}
2022-08-01 08:49:46,197 - root - INFO - D losses = {'D_Fake': 0.29793986678123474, 'D_real': 0.00555736618116498}
generator made step 0
discriminator made step 0
generator made step 16
discriminator made step 16
generator made step 32
discriminator made step 32
generator made step 48
discriminator made step 48
generator made step 64
discriminator made step 64
generator made step 80
discriminator made step 80
generator made step 96
discriminator made step 96
generator made step 112
discriminator made step 112
generator made step 128
discriminator made step 128
generator made step 144
discriminator made step 144
generator made step 160
discriminator made step 160
generator made step 176
discriminator made step 176
generator made step 192
discriminator made step 192
generator made step 208
discriminator made step 208
generator made step 224
discriminator made step 224
generator made step 240
discriminator made step 240
generator made step 256
discriminator made step 256
generator made step 272
discriminator made step 272
generator made step 288
discriminator made step 288
generator made step 304
discriminator made step 304
generator made step 320
discriminator made step 320
generator made step 336
discriminator made step 336
generator made step 352
discriminator made step 352
generator made step 368
discriminator made step 368
generator made step 384
discriminator made step 384
generator made step 400
discriminator made step 400
generator made step 416
discriminator made step 416
generator made step 432
discriminator made step 432
generator made step 448
discriminator made step 448
generator made step 464
discriminator made step 464
generator made step 480
discriminator made step 480
generator made step 496
discriminator made step 496
2022-08-01 08:57:02,219 - root - INFO - Total=436.021280, G=342.957713, D=89.200472, data=1.631371, next=2.231723
2022-08-01 08:57:07,595 - root - INFO - Total=5.375053, G=0.438050, data=3.198377, acc=0.007129, agg=0.130111, next=1.601387
saving checkpoint...
2022-08-01 08:57:18,353 - root - INFO - Time taken for epoch 32 is 452.15613532066345 sec
2022-08-01 08:57:18,353 - root - INFO - Train time = 436.02127957344055, Valid time = 5.37505316734314
2022-08-01 08:57:18,353 - root - INFO - G losses = {'GAN': 3.3929574489593506, 'GAN_Feat': 0.4816691279411316, 'L1': 20.112253189086914}
2022-08-01 08:57:18,353 - root - INFO - D losses = {'D_Fake': 0.00036203552735969424, 'D_real': 0.04195256531238556}
generator made step 0
discriminator made step 0
generator made step 16
discriminator made step 16
generator made step 32
discriminator made step 32
generator made step 48
discriminator made step 48
generator made step 64
discriminator made step 64
generator made step 80
discriminator made step 80
generator made step 96
discriminator made step 96
generator made step 112
discriminator made step 112
generator made step 128
discriminator made step 128
generator made step 144
discriminator made step 144
generator made step 160
discriminator made step 160
generator made step 176
discriminator made step 176
generator made step 192
discriminator made step 192
generator made step 208
discriminator made step 208
generator made step 224
discriminator made step 224
generator made step 240
discriminator made step 240
generator made step 256
discriminator made step 256
generator made step 272
discriminator made step 272
generator made step 288
discriminator made step 288
generator made step 304
discriminator made step 304
generator made step 320
discriminator made step 320
generator made step 336
discriminator made step 336
generator made step 352
discriminator made step 352
generator made step 368
discriminator made step 368
generator made step 384
discriminator made step 384
generator made step 400
discriminator made step 400
generator made step 416
discriminator made step 416
generator made step 432
discriminator made step 432
generator made step 448
discriminator made step 448
generator made step 464
discriminator made step 464
generator made step 480
discriminator made step 480
generator made step 496
discriminator made step 496
2022-08-01 09:04:33,512 - root - INFO - Total=435.158217, G=343.000933, D=89.278009, data=1.634891, next=1.244384
2022-08-01 09:04:38,962 - root - INFO - Total=5.448819, G=0.443199, data=3.182115, acc=0.006986, agg=0.141804, next=1.674715
saving checkpoint...
2022-08-01 09:04:49,445 - root - INFO - Time taken for epoch 33 is 451.09203934669495 sec
2022-08-01 09:04:49,445 - root - INFO - Train time = 435.15821719169617, Valid time = 5.448819398880005
2022-08-01 09:04:49,445 - root - INFO - G losses = {'GAN': 4.699280738830566, 'GAN_Feat': 0.5533617734909058, 'L1': 20.263439178466797}
2022-08-01 09:04:49,445 - root - INFO - D losses = {'D_Fake': 0.0003459094150457531, 'D_real': 0.1352989375591278}
generator made step 0
discriminator made step 0
generator made step 16
discriminator made step 16
generator made step 32
discriminator made step 32
generator made step 48
discriminator made step 48
generator made step 64
discriminator made step 64
generator made step 80
discriminator made step 80
generator made step 96
discriminator made step 96
generator made step 112
discriminator made step 112
generator made step 128
discriminator made step 128
generator made step 144
discriminator made step 144
generator made step 160
discriminator made step 160
generator made step 176
discriminator made step 176
generator made step 192
discriminator made step 192
generator made step 208
discriminator made step 208
generator made step 224
discriminator made step 224
generator made step 240
discriminator made step 240
generator made step 256
discriminator made step 256
generator made step 272
discriminator made step 272
generator made step 288
discriminator made step 288
generator made step 304
discriminator made step 304
generator made step 320
discriminator made step 320
generator made step 336
discriminator made step 336
generator made step 352
discriminator made step 352
generator made step 368
discriminator made step 368
generator made step 384
discriminator made step 384
generator made step 400
discriminator made step 400
generator made step 416
discriminator made step 416
generator made step 432
discriminator made step 432
generator made step 448
discriminator made step 448
generator made step 464
discriminator made step 464
generator made step 480
discriminator made step 480
generator made step 496
discriminator made step 496
2022-08-01 09:12:05,328 - root - INFO - Total=435.881458, G=342.939974, D=89.180057, data=1.630724, next=2.130703
2022-08-01 09:12:11,239 - root - INFO - Total=5.910003, G=0.395261, data=3.266242, acc=0.006274, agg=0.175549, next=2.066677
saving checkpoint...
2022-08-01 09:12:21,845 - root - INFO - Time taken for epoch 34 is 452.3991777896881 sec
2022-08-01 09:12:21,845 - root - INFO - Train time = 435.8814582824707, Valid time = 5.910002946853638
2022-08-01 09:12:21,845 - root - INFO - G losses = {'GAN': 5.198272705078125, 'GAN_Feat': 0.5793020725250244, 'L1': 22.613252639770508}
2022-08-01 09:12:21,845 - root - INFO - D losses = {'D_Fake': 4.128075943299336e-06, 'D_real': 0.00010631686018314213}
generator made step 0
discriminator made step 0
generator made step 16
discriminator made step 16
generator made step 32
discriminator made step 32
generator made step 48
discriminator made step 48
generator made step 64
discriminator made step 64
generator made step 80
discriminator made step 80
generator made step 96
discriminator made step 96
generator made step 112
discriminator made step 112
generator made step 128
discriminator made step 128
generator made step 144
discriminator made step 144
generator made step 160
discriminator made step 160
generator made step 176
discriminator made step 176
generator made step 192
discriminator made step 192
generator made step 208
discriminator made step 208
generator made step 224
discriminator made step 224
generator made step 240
discriminator made step 240
generator made step 256
discriminator made step 256
generator made step 272
discriminator made step 272
generator made step 288
discriminator made step 288
generator made step 304
discriminator made step 304
generator made step 320
discriminator made step 320
generator made step 336
discriminator made step 336
generator made step 352
discriminator made step 352
generator made step 368
discriminator made step 368
generator made step 384
discriminator made step 384
generator made step 400
discriminator made step 400
generator made step 416
discriminator made step 416
generator made step 432
discriminator made step 432
generator made step 448
discriminator made step 448
generator made step 464
discriminator made step 464
generator made step 480
discriminator made step 480
generator made step 496
discriminator made step 496
2022-08-01 09:19:36,773 - root - INFO - Total=434.927037, G=343.040590, D=89.272425, data=1.631669, next=0.982353
2022-08-01 09:19:42,302 - root - INFO - Total=5.527365, G=0.391217, data=3.226931, acc=0.006431, agg=0.129762, next=1.773025
saving checkpoint...
2022-08-01 09:19:52,985 - root - INFO - Time taken for epoch 35 is 451.1395215988159 sec
2022-08-01 09:19:52,985 - root - INFO - Train time = 434.92703676223755, Valid time = 5.527365207672119
2022-08-01 09:19:52,985 - root - INFO - G losses = {'GAN': 3.588469982147217, 'GAN_Feat': 0.5087974071502686, 'L1': 21.255062103271484}
2022-08-01 09:19:52,985 - root - INFO - D losses = {'D_Fake': 0.0, 'D_real': 0.02813182957470417}
generator made step 0
discriminator made step 0
generator made step 16
discriminator made step 16
generator made step 32
discriminator made step 32
generator made step 48
discriminator made step 48
generator made step 64
discriminator made step 64
generator made step 80
discriminator made step 80
generator made step 96
discriminator made step 96
generator made step 112
discriminator made step 112
generator made step 128
discriminator made step 128
generator made step 144
discriminator made step 144
generator made step 160
discriminator made step 160
generator made step 176
discriminator made step 176
generator made step 192
discriminator made step 192
generator made step 208
discriminator made step 208
generator made step 224
discriminator made step 224
generator made step 240
discriminator made step 240
generator made step 256
discriminator made step 256
generator made step 272
discriminator made step 272
generator made step 288
discriminator made step 288
generator made step 304
discriminator made step 304
generator made step 320
discriminator made step 320
generator made step 336
discriminator made step 336
generator made step 352
discriminator made step 352
generator made step 368
discriminator made step 368
generator made step 384
discriminator made step 384
generator made step 400
discriminator made step 400
generator made step 416
discriminator made step 416
slurmstepd: error: *** STEP 2859604.0 ON nid002588 CANCELLED AT 2022-08-01T09:25:55 DUE TO TIME LIMIT ***
slurmstepd: error: *** JOB 2859604 ON nid002588 CANCELLED AT 2022-08-01T09:25:55 DUE TO TIME LIMIT ***
srun: Job step aborted: Waiting up to 32 seconds for job step to finish.
