+ srun -u shifter -V /pscratch/sd/c/cjacobus/ML_Hydro_train/logs:/logs --image=nersc/pytorch:ngc-22.03-v0 --env PYTHONUSERBASE=/global/homes/c/cjacobus/.local/perlmutter/nersc-pytorch-ngc-22.03-v0 bash -c '
    source export_DDP_vars.sh
    python train.py --root_dir=/pscratch/sd/c/cjacobus/tsit --config=valid_up5_tanh_L1
    '
[W socket.cpp:701] The server socket on [nid002096]:29500 is not yet listening (errno: 111 - Connection refused), will retry.
[W socket.cpp:701] The server socket on [nid002096]:29500 is not yet listening (errno: 111 - Connection refused), will retry.
[W socket.cpp:701] The server socket on [nid002096]:29500 is not yet listening (errno: 111 - Connection refused), will retry.
[W socket.cpp:701] The server socket on [nid002096]:29500 is not yet listening (errno: 111 - Connection refused), will retry.
2022-07-30 20:07:18,646 - torch.distributed.distributed_c10d - INFO - Added key: store_based_barrier_key:1 to store for rank: 3
2022-07-30 20:07:18,651 - torch.distributed.distributed_c10d - INFO - Added key: store_based_barrier_key:1 to store for rank: 1
2022-07-30 20:07:18,652 - torch.distributed.distributed_c10d - INFO - Added key: store_based_barrier_key:1 to store for rank: 2
2022-07-30 20:07:18,668 - torch.distributed.distributed_c10d - INFO - Added key: store_based_barrier_key:1 to store for rank: 0
2022-07-30 20:07:18,781 - torch.distributed.distributed_c10d - INFO - Added key: store_based_barrier_key:1 to store for rank: 9
2022-07-30 20:07:18,782 - torch.distributed.distributed_c10d - INFO - Added key: store_based_barrier_key:1 to store for rank: 4
2022-07-30 20:07:18,786 - torch.distributed.distributed_c10d - INFO - Added key: store_based_barrier_key:1 to store for rank: 10
2022-07-30 20:07:18,787 - torch.distributed.distributed_c10d - INFO - Added key: store_based_barrier_key:1 to store for rank: 7
2022-07-30 20:07:18,787 - torch.distributed.distributed_c10d - INFO - Added key: store_based_barrier_key:1 to store for rank: 11
2022-07-30 20:07:18,788 - torch.distributed.distributed_c10d - INFO - Added key: store_based_barrier_key:1 to store for rank: 8
2022-07-30 20:07:18,788 - torch.distributed.distributed_c10d - INFO - Added key: store_based_barrier_key:1 to store for rank: 6
2022-07-30 20:07:18,789 - torch.distributed.distributed_c10d - INFO - Added key: store_based_barrier_key:1 to store for rank: 5
2022-07-30 20:07:18,839 - torch.distributed.distributed_c10d - INFO - Added key: store_based_barrier_key:1 to store for rank: 12
2022-07-30 20:07:18,842 - torch.distributed.distributed_c10d - INFO - Added key: store_based_barrier_key:1 to store for rank: 13
2022-07-30 20:07:18,844 - torch.distributed.distributed_c10d - INFO - Added key: store_based_barrier_key:1 to store for rank: 14
2022-07-30 20:07:18,844 - torch.distributed.distributed_c10d - INFO - Added key: store_based_barrier_key:1 to store for rank: 15
2022-07-30 20:07:18,845 - torch.distributed.distributed_c10d - INFO - Rank 15: Completed store-based barrier for key:store_based_barrier_key:1 with 16 nodes.
2022-07-30 20:07:18,845 - torch.distributed.distributed_c10d - INFO - Rank 1: Completed store-based barrier for key:store_based_barrier_key:1 with 16 nodes.
2022-07-30 20:07:18,845 - torch.distributed.distributed_c10d - INFO - Rank 2: Completed store-based barrier for key:store_based_barrier_key:1 with 16 nodes.
2022-07-30 20:07:18,847 - torch.distributed.distributed_c10d - INFO - Rank 10: Completed store-based barrier for key:store_based_barrier_key:1 with 16 nodes.
2022-07-30 20:07:18,848 - torch.distributed.distributed_c10d - INFO - Rank 11: Completed store-based barrier for key:store_based_barrier_key:1 with 16 nodes.
2022-07-30 20:07:18,848 - torch.distributed.distributed_c10d - INFO - Rank 7: Completed store-based barrier for key:store_based_barrier_key:1 with 16 nodes.
2022-07-30 20:07:18,849 - torch.distributed.distributed_c10d - INFO - Rank 8: Completed store-based barrier for key:store_based_barrier_key:1 with 16 nodes.
2022-07-30 20:07:18,849 - torch.distributed.distributed_c10d - INFO - Rank 3: Completed store-based barrier for key:store_based_barrier_key:1 with 16 nodes.
2022-07-30 20:07:18,850 - torch.distributed.distributed_c10d - INFO - Rank 6: Completed store-based barrier for key:store_based_barrier_key:1 with 16 nodes.
2022-07-30 20:07:18,850 - torch.distributed.distributed_c10d - INFO - Rank 12: Completed store-based barrier for key:store_based_barrier_key:1 with 16 nodes.
2022-07-30 20:07:18,850 - torch.distributed.distributed_c10d - INFO - Rank 0: Completed store-based barrier for key:store_based_barrier_key:1 with 16 nodes.
2022-07-30 20:07:18,851 - torch.distributed.distributed_c10d - INFO - Rank 5: Completed store-based barrier for key:store_based_barrier_key:1 with 16 nodes.
2022-07-30 20:07:18,852 - torch.distributed.distributed_c10d - INFO - Rank 9: Completed store-based barrier for key:store_based_barrier_key:1 with 16 nodes.
2022-07-30 20:07:18,852 - torch.distributed.distributed_c10d - INFO - Rank 13: Completed store-based barrier for key:store_based_barrier_key:1 with 16 nodes.
2022-07-30 20:07:18,854 - torch.distributed.distributed_c10d - INFO - Rank 4: Completed store-based barrier for key:store_based_barrier_key:1 with 16 nodes.
2022-07-30 20:07:18,854 - torch.distributed.distributed_c10d - INFO - Rank 14: Completed store-based barrier for key:store_based_barrier_key:1 with 16 nodes.
2022-07-30 20:07:18,868 - root - INFO - ------------------ Configuration ------------------
2022-07-30 20:07:18,868 - root - INFO - Configuration file: /global/u1/c/cjacobus/Nyx-TSIT/config/tsit.yaml
2022-07-30 20:07:18,868 - root - INFO - Configuration name: valid_up5_tanh_L1
2022-07-30 20:07:18,868 - root - INFO - Nsamples 8192
2022-07-30 20:07:18,868 - root - INFO - Nsamples_val 512
2022-07-30 20:07:18,868 - root - INFO - niter 200
2022-07-30 20:07:18,868 - root - INFO - niter_decay 150
2022-07-30 20:07:18,868 - root - INFO - use_spec_loss False
2022-07-30 20:07:18,868 - root - INFO - lambda_spec 10.0
2022-07-30 20:07:18,868 - root - INFO - use_l1_loss True
2022-07-30 20:07:18,868 - root - INFO - lambda_l1 300.0
2022-07-30 20:07:18,868 - root - INFO - data_size 128
2022-07-30 20:07:18,868 - root - INFO - train_path /pscratch/sd/c/cjacobus/Nyx_512/train_s1_512_invar3_hydro.h5
2022-07-30 20:07:18,868 - root - INFO - val_path /pscratch/sd/c/cjacobus/Nyx_512/valid_s2_512_invar3_hydro.h5
2022-07-30 20:07:18,868 - root - INFO - num_upsampling_blocks 5
2022-07-30 20:07:18,868 - root - INFO - tanh False
2022-07-30 20:07:18,868 - root - INFO - num_data_workers 16
2022-07-30 20:07:18,868 - root - INFO - in_channels [0, 1, 2, 3, 17, 18, 19]
2022-07-30 20:07:18,868 - root - INFO - out_channels [0]
2022-07-30 20:07:18,868 - root - INFO - min_path /pscratch/sd/s/shas1693/data/era5/mins.npy
2022-07-30 20:07:18,868 - root - INFO - max_path /pscratch/sd/s/shas1693/data/era5/maxs.npy
2022-07-30 20:07:18,868 - root - INFO - time_means_path /pscratch/sd/s/shas1693/data/era5/time_means.npy
2022-07-30 20:07:18,868 - root - INFO - global_means_path /pscratch/sd/s/shas1693/data/era5/global_means.npy
2022-07-30 20:07:18,868 - root - INFO - global_stds_path /pscratch/sd/s/shas1693/data/era5/global_stds.npy
2022-07-30 20:07:18,868 - root - INFO - precip /pscratch/sd/p/pharring/ERA5/precip/total_precipitation
2022-07-30 20:07:18,868 - root - INFO - precip_eps 1e-05
2022-07-30 20:07:18,868 - root - INFO - dt 1
2022-07-30 20:07:18,868 - root - INFO - n_history 0
2022-07-30 20:07:18,868 - root - INFO - crop_size_x None
2022-07-30 20:07:18,868 - root - INFO - crop_size_y None
2022-07-30 20:07:18,868 - root - INFO - roll False
2022-07-30 20:07:18,868 - root - INFO - conttime False
2022-07-30 20:07:18,868 - root - INFO - normalization zscore
2022-07-30 20:07:18,869 - root - INFO - add_grid False
2022-07-30 20:07:18,869 - root - INFO - model pix2pix
2022-07-30 20:07:18,869 - root - INFO - norm_G spectralfadebatch3x3
2022-07-30 20:07:18,869 - root - INFO - norm_D spectralinstance
2022-07-30 20:07:18,869 - root - INFO - norm_S spectralinstance
2022-07-30 20:07:18,869 - root - INFO - norm_E spectralinstance
2022-07-30 20:07:18,869 - root - INFO - batch_size 16
2022-07-30 20:07:18,869 - root - INFO - img_size [512, 512, 512]
2022-07-30 20:07:18,869 - root - INFO - box_size [512, 512, 512]
2022-07-30 20:07:18,869 - root - INFO - input_nc 5
2022-07-30 20:07:18,869 - root - INFO - output_nc 5
2022-07-30 20:07:18,869 - root - INFO - netG tsit
2022-07-30 20:07:18,869 - root - INFO - ngf 64
2022-07-30 20:07:18,869 - root - INFO - init_type xavier
2022-07-30 20:07:18,869 - root - INFO - init_variance 0.02
2022-07-30 20:07:18,869 - root - INFO - z_dim 256
2022-07-30 20:07:18,869 - root - INFO - alpha 1.0
2022-07-30 20:07:18,869 - root - INFO - no_ss True
2022-07-30 20:07:18,869 - root - INFO - downsamp True
2022-07-30 20:07:18,869 - root - INFO - use_periodic_padding True
2022-07-30 20:07:18,869 - root - INFO - additive_noise False
2022-07-30 20:07:18,869 - root - INFO - nef 16
2022-07-30 20:07:18,869 - root - INFO - use_vae False
2022-07-30 20:07:18,869 - root - INFO - optimizer adam
2022-07-30 20:07:18,869 - root - INFO - beta1 0.5
2022-07-30 20:07:18,869 - root - INFO - beta2 0.999
2022-07-30 20:07:18,869 - root - INFO - lr 0.0002
2022-07-30 20:07:18,869 - root - INFO - D_steps_per_G 1
2022-07-30 20:07:18,869 - root - INFO - ndf 64
2022-07-30 20:07:18,869 - root - INFO - lambda_feat 0.5
2022-07-30 20:07:18,869 - root - INFO - no_ganFeat_loss False
2022-07-30 20:07:18,869 - root - INFO - gan_mode hinge
2022-07-30 20:07:18,869 - root - INFO - netD multiscale
2022-07-30 20:07:18,869 - root - INFO - num_D 2
2022-07-30 20:07:18,869 - root - INFO - n_layers_D 4
2022-07-30 20:07:18,869 - root - INFO - no_TTUR True
2022-07-30 20:07:18,869 - root - INFO - lambda_kld 0.05
2022-07-30 20:07:18,869 - root - INFO - cat_inp False
2022-07-30 20:07:18,869 - root - INFO - entity weatherbenching
2022-07-30 20:07:18,869 - root - INFO - project Nyx-TSIT
2022-07-30 20:07:18,869 - root - INFO - log_to_wandb True
2022-07-30 20:07:18,869 - root - INFO - log_to_screen True
2022-07-30 20:07:18,869 - root - INFO - save_checkpoint True
2022-07-30 20:07:18,869 - root - INFO - weight_init ordereddict([('conv_init', 'normal'), ('conv_scale', 0.02), ('conv_bias', 0.0)])
2022-07-30 20:07:18,869 - root - INFO - lambda_rho 0
2022-07-30 20:07:18,869 - root - INFO - full_scale True
2022-07-30 20:07:18,869 - root - INFO - global_batch_size 64
2022-07-30 20:07:18,869 - root - INFO - base_batch_size 64
2022-07-30 20:07:18,869 - root - INFO - num_epochs 60
2022-07-30 20:07:18,869 - root - INFO - rank 1, begin data loader init
2022-07-30 20:07:18,869 - root - INFO - rank 2, begin data loader init
2022-07-30 20:07:18,869 - root - INFO - enable_amp False
2022-07-30 20:07:18,869 - root - INFO - rank 3, begin data loader init
2022-07-30 20:07:18,869 - root - INFO - enable_apex False
2022-07-30 20:07:18,869 - root - INFO - enable_benchy False
2022-07-30 20:07:18,869 - root - INFO - enable_jit False
2022-07-30 20:07:18,869 - root - INFO - expdir /logs
2022-07-30 20:07:18,869 - root - INFO - lr_schedule ordereddict([('scaling', 'sqrt'), ('start_lr', 0.0002), ('end_lr', 0.0), ('warmup_steps', 128)])
2022-07-30 20:07:18,869 - root - INFO - data_loader_config lowmem
2022-07-30 20:07:18,869 - root - INFO - N_out_channels 5
2022-07-30 20:07:18,869 - root - INFO - N_in_channels 5
2022-07-30 20:07:18,869 - root - INFO - use_cache None
2022-07-30 20:07:18,869 - root - INFO - ---------------------------------------------------
log_to_wandb -------------------------------------------------------------------
2022-07-30 20:07:18,869 - root - INFO - rank 1, data loader initialized
2022-07-30 20:07:18,869 - root - INFO - rank 2, data loader initialized
dir exists: /pscratch/sd/c/cjacobus/tsit/expts/valid_up5_tanh_L1/checkpoints/
2022-07-30 20:07:18,869 - root - INFO - rank 3, data loader initialized
2022-07-30 20:07:18,870 - root - INFO - rank 8, begin data loader init
2022-07-30 20:07:18,870 - root - INFO - rank 10, begin data loader init
2022-07-30 20:07:18,871 - root - INFO - rank 11, begin data loader init
2022-07-30 20:07:18,871 - root - INFO - rank 9, begin data loader init
2022-07-30 20:07:18,871 - root - INFO - rank 8, data loader initialized
2022-07-30 20:07:18,871 - root - INFO - rank 10, data loader initialized
2022-07-30 20:07:18,871 - root - INFO - rank 11, data loader initialized
2022-07-30 20:07:18,871 - root - INFO - rank 9, data loader initialized
2022-07-30 20:07:18,871 - root - INFO - rank 5, begin data loader init
2022-07-30 20:07:18,871 - root - INFO - rank 4, begin data loader init
2022-07-30 20:07:18,871 - root - INFO - rank 7, begin data loader init
2022-07-30 20:07:18,871 - root - INFO - rank 6, begin data loader init
2022-07-30 20:07:18,871 - root - INFO - rank 5, data loader initialized
2022-07-30 20:07:18,871 - root - INFO - rank 4, data loader initialized
2022-07-30 20:07:18,871 - root - INFO - rank 7, data loader initialized
2022-07-30 20:07:18,871 - root - INFO - rank 6, data loader initialized
2022-07-30 20:07:18,871 - root - INFO - rank 12, begin data loader init
2022-07-30 20:07:18,871 - root - INFO - rank 15, begin data loader init
2022-07-30 20:07:18,871 - root - INFO - rank 14, begin data loader init
2022-07-30 20:07:18,872 - root - INFO - rank 13, begin data loader init
2022-07-30 20:07:18,872 - root - INFO - rank 12, data loader initialized
2022-07-30 20:07:18,872 - root - INFO - rank 14, data loader initialized
2022-07-30 20:07:18,872 - root - INFO - rank 15, data loader initialized
2022-07-30 20:07:18,872 - root - INFO - rank 13, data loader initialized
wandb: Currently logged in as: cjacobus (use `wandb login --relogin` to force relogin)
wandb: wandb version 0.12.21 is available!  To upgrade, please run:
wandb:  $ pip install wandb --upgrade
wandb: Tracking run with wandb version 0.12.13
wandb: Run data is saved locally in /pscratch/sd/c/cjacobus/tsit/expts/valid_up5_tanh_L1/wandb/run-20220730_200719-31qx31tz
wandb: Run `wandb offline` to turn off syncing.
wandb: Resuming run valid_up5_tanh_L1
wandb: ⭐️ View project at https://wandb.ai/weatherbenching/Nyx-TSIT
wandb: 🚀 View run at https://wandb.ai/weatherbenching/Nyx-TSIT/runs/31qx31tz
checking dir: /pscratch/sd/c/cjacobus/tsit/expts/valid_up5_tanh_L1/checkpoints/
dir exists: /pscratch/sd/c/cjacobus/tsit/expts/valid_up5_tanh_L1/checkpoints/
2022-07-30 20:07:20,529 - root - INFO - rank 0, begin data loader init
2022-07-30 20:07:20,530 - root - INFO - rank 0, data loader initialized
Network [TSITGenerator] was created. Total number of parameters: 991.3 million. To see the architecture, do print(network).
Network [TSITGenerator] was created. Total number of parameters: 991.3 million. To see the architecture, do print(network).
Network [TSITGenerator] was created. Total number of parameters: 991.3 million. To see the architecture, do print(network).
Network [TSITGenerator] was created. Total number of parameters: 991.3 million. To see the architecture, do print(network).
Network [TSITGenerator] was created. Total number of parameters: 991.3 million. To see the architecture, do print(network).
Network [TSITGenerator] was created. Total number of parameters: 991.3 million. To see the architecture, do print(network).
Network [TSITGenerator] was created. Total number of parameters: 991.3 million. To see the architecture, do print(network).
Network [TSITGenerator] was created. Total number of parameters: 991.3 million. To see the architecture, do print(network).
Network [TSITGenerator] was created. Total number of parameters: 991.3 million. To see the architecture, do print(network).
Network [TSITGenerator] was created. Total number of parameters: 991.3 million. To see the architecture, do print(network).
Network [TSITGenerator] was created. Total number of parameters: 991.3 million. To see the architecture, do print(network).
Network [TSITGenerator] was created. Total number of parameters: 991.3 million. To see the architecture, do print(network).
Network [TSITGenerator] was created. Total number of parameters: 991.3 million. To see the architecture, do print(network).
Network [TSITGenerator] was created. Total number of parameters: 991.3 million. To see the architecture, do print(network).
Network [TSITGenerator] was created. Total number of parameters: 991.3 million. To see the architecture, do print(network).
Network [TSITGenerator] was created. Total number of parameters: 991.3 million. To see the architecture, do print(network).
Network [MultiscaleDiscriminator] was created. Total number of parameters: 22.1 million. To see the architecture, do print(network).
Network [MultiscaleDiscriminator] was created. Total number of parameters: 22.1 million. To see the architecture, do print(network).
Network [MultiscaleDiscriminator] was created. Total number of parameters: 22.1 million. To see the architecture, do print(network).
Network [MultiscaleDiscriminator] was created. Total number of parameters: 22.1 million. To see the architecture, do print(network).
Network [MultiscaleDiscriminator] was created. Total number of parameters: 22.1 million. To see the architecture, do print(network).
Network [MultiscaleDiscriminator] was created. Total number of parameters: 22.1 million. To see the architecture, do print(network).
Network [MultiscaleDiscriminator] was created. Total number of parameters: 22.1 million. To see the architecture, do print(network).
Network [MultiscaleDiscriminator] was created. Total number of parameters: 22.1 million. To see the architecture, do print(network).
Network [MultiscaleDiscriminator] was created. Total number of parameters: 22.1 million. To see the architecture, do print(network).
Network [MultiscaleDiscriminator] was created. Total number of parameters: 22.1 million. To see the architecture, do print(network).
Network [MultiscaleDiscriminator] was created. Total number of parameters: 22.1 million. To see the architecture, do print(network).
Network [MultiscaleDiscriminator] was created. Total number of parameters: 22.1 million. To see the architecture, do print(network).
Network [MultiscaleDiscriminator] was created. Total number of parameters: 22.1 million. To see the architecture, do print(network).
Network [MultiscaleDiscriminator] was created. Total number of parameters: 22.1 million. To see the architecture, do print(network).
Network [MultiscaleDiscriminator] was created. Total number of parameters: 22.1 million. To see the architecture, do print(network).
Network [MultiscaleDiscriminator] was created. Total number of parameters: 22.1 million. To see the architecture, do print(network).
2022-07-30 20:07:41,470 - root - INFO - Loading checkpoint /pscratch/sd/c/cjacobus/tsit/expts/valid_up5_tanh_L1/checkpoints/ckpt.tar
2022-07-30 20:07:41,471 - root - INFO - Loading checkpoint /pscratch/sd/c/cjacobus/tsit/expts/valid_up5_tanh_L1/checkpoints/ckpt.tar
2022-07-30 20:07:41,472 - root - INFO - Loading checkpoint /pscratch/sd/c/cjacobus/tsit/expts/valid_up5_tanh_L1/checkpoints/ckpt.tar
2022-07-30 20:07:41,472 - root - INFO - Loading checkpoint /pscratch/sd/c/cjacobus/tsit/expts/valid_up5_tanh_L1/checkpoints/ckpt.tar
2022-07-30 20:07:41,473 - root - INFO - Loading checkpoint /pscratch/sd/c/cjacobus/tsit/expts/valid_up5_tanh_L1/checkpoints/ckpt.tar
2022-07-30 20:07:41,473 - root - INFO - Loading checkpoint /pscratch/sd/c/cjacobus/tsit/expts/valid_up5_tanh_L1/checkpoints/ckpt.tar
2022-07-30 20:07:41,474 - root - INFO - Loading checkpoint /pscratch/sd/c/cjacobus/tsit/expts/valid_up5_tanh_L1/checkpoints/ckpt.tar
2022-07-30 20:07:41,475 - root - INFO - Loading checkpoint /pscratch/sd/c/cjacobus/tsit/expts/valid_up5_tanh_L1/checkpoints/ckpt.tar
2022-07-30 20:07:41,476 - root - INFO - Loading checkpoint /pscratch/sd/c/cjacobus/tsit/expts/valid_up5_tanh_L1/checkpoints/ckpt.tar
2022-07-30 20:07:41,476 - root - INFO - Loading checkpoint /pscratch/sd/c/cjacobus/tsit/expts/valid_up5_tanh_L1/checkpoints/ckpt.tar
2022-07-30 20:07:41,476 - root - INFO - Loading checkpoint /pscratch/sd/c/cjacobus/tsit/expts/valid_up5_tanh_L1/checkpoints/ckpt.tar
2022-07-30 20:07:41,476 - root - INFO - Loading checkpoint /pscratch/sd/c/cjacobus/tsit/expts/valid_up5_tanh_L1/checkpoints/ckpt.tar
2022-07-30 20:07:41,476 - root - INFO - Loading checkpoint /pscratch/sd/c/cjacobus/tsit/expts/valid_up5_tanh_L1/checkpoints/ckpt.tar
2022-07-30 20:07:41,476 - root - INFO - Loading checkpoint /pscratch/sd/c/cjacobus/tsit/expts/valid_up5_tanh_L1/checkpoints/ckpt.tar
2022-07-30 20:07:41,476 - root - INFO - Loading checkpoint /pscratch/sd/c/cjacobus/tsit/expts/valid_up5_tanh_L1/checkpoints/ckpt.tar
2022-07-30 20:07:41,476 - root - INFO - Loading checkpoint /pscratch/sd/c/cjacobus/tsit/expts/valid_up5_tanh_L1/checkpoints/ckpt.tar
2022-07-30 20:07:47,387 - root - INFO - Starting Training Loop...
[W reducer.cpp:1282] Warning: find_unused_parameters=True was specified in DDP constructor, but did not find any unused parameters in the forward pass. This flag results in an extra traversal of the autograd graph every iteration,  which can adversely affect performance. If your model indeed never has any unused parameters in the forward pass, consider turning this flag off. Note that this warning may be a false positive if your model has flow control causing later iterations to have unused parameters. (function operator())
[W reducer.cpp:1282] Warning: find_unused_parameters=True was specified in DDP constructor, but did not find any unused parameters in the forward pass. This flag results in an extra traversal of the autograd graph every iteration,  which can adversely affect performance. If your model indeed never has any unused parameters in the forward pass, consider turning this flag off. Note that this warning may be a false positive if your model has flow control causing later iterations to have unused parameters. (function operator())
[W reducer.cpp:1282] Warning: find_unused_parameters=True was specified in DDP constructor, but did not find any unused parameters in the forward pass. This flag results in an extra traversal of the autograd graph every iteration,  which can adversely affect performance. If your model indeed never has any unused parameters in the forward pass, consider turning this flag off. Note that this warning may be a false positive if your model has flow control causing later iterations to have unused parameters. (function operator())
[W reducer.cpp:1282] Warning: find_unused_parameters=True was specified in DDP constructor, but did not find any unused parameters in the forward pass. This flag results in an extra traversal of the autograd graph every iteration,  which can adversely affect performance. If your model indeed never has any unused parameters in the forward pass, consider turning this flag off. Note that this warning may be a false positive if your model has flow control causing later iterations to have unused parameters. (function operator())
[W reducer.cpp:1282] Warning: find_unused_parameters=True was specified in DDP constructor, but did not find any unused parameters in the forward pass. This flag results in an extra traversal of the autograd graph every iteration,  which can adversely affect performance. If your model indeed never has any unused parameters in the forward pass, consider turning this flag off. Note that this warning may be a false positive if your model has flow control causing later iterations to have unused parameters. (function operator())
[W reducer.cpp:1282] Warning: find_unused_parameters=True was specified in DDP constructor, but did not find any unused parameters in the forward pass. This flag results in an extra traversal of the autograd graph every iteration,  which can adversely affect performance. If your model indeed never has any unused parameters in the forward pass, consider turning this flag off. Note that this warning may be a false positive if your model has flow control causing later iterations to have unused parameters. (function operator())
[W reducer.cpp:1282] Warning: find_unused_parameters=True was specified in DDP constructor, but did not find any unused parameters in the forward pass. This flag results in an extra traversal of the autograd graph every iteration,  which can adversely affect performance. If your model indeed never has any unused parameters in the forward pass, consider turning this flag off. Note that this warning may be a false positive if your model has flow control causing later iterations to have unused parameters. (function operator())
[W reducer.cpp:1282] Warning: find_unused_parameters=True was specified in DDP constructor, but did not find any unused parameters in the forward pass. This flag results in an extra traversal of the autograd graph every iteration,  which can adversely affect performance. If your model indeed never has any unused parameters in the forward pass, consider turning this flag off. Note that this warning may be a false positive if your model has flow control causing later iterations to have unused parameters. (function operator())
[W reducer.cpp:1282] Warning: find_unused_parameters=True was specified in DDP constructor, but did not find any unused parameters in the forward pass. This flag results in an extra traversal of the autograd graph every iteration,  which can adversely affect performance. If your model indeed never has any unused parameters in the forward pass, consider turning this flag off. Note that this warning may be a false positive if your model has flow control causing later iterations to have unused parameters. (function operator())
[W reducer.cpp:1282] Warning: find_unused_parameters=True was specified in DDP constructor, but did not find any unused parameters in the forward pass. This flag results in an extra traversal of the autograd graph every iteration,  which can adversely affect performance. If your model indeed never has any unused parameters in the forward pass, consider turning this flag off. Note that this warning may be a false positive if your model has flow control causing later iterations to have unused parameters. (function operator())
[W reducer.cpp:1282] Warning: find_unused_parameters=True was specified in DDP constructor, but did not find any unused parameters in the forward pass. This flag results in an extra traversal of the autograd graph every iteration,  which can adversely affect performance. If your model indeed never has any unused parameters in the forward pass, consider turning this flag off. Note that this warning may be a false positive if your model has flow control causing later iterations to have unused parameters. (function operator())
[W reducer.cpp:1282] Warning: find_unused_parameters=True was specified in DDP constructor, but did not find any unused parameters in the forward pass. This flag results in an extra traversal of the autograd graph every iteration,  which can adversely affect performance. If your model indeed never has any unused parameters in the forward pass, consider turning this flag off. Note that this warning may be a false positive if your model has flow control causing later iterations to have unused parameters. (function operator())
[W reducer.cpp:1282] Warning: find_unused_parameters=True was specified in DDP constructor, but did not find any unused parameters in the forward pass. This flag results in an extra traversal of the autograd graph every iteration,  which can adversely affect performance. If your model indeed never has any unused parameters in the forward pass, consider turning this flag off. Note that this warning may be a false positive if your model has flow control causing later iterations to have unused parameters. (function operator())
[W reducer.cpp:1282] Warning: find_unused_parameters=True was specified in DDP constructor, but did not find any unused parameters in the forward pass. This flag results in an extra traversal of the autograd graph every iteration,  which can adversely affect performance. If your model indeed never has any unused parameters in the forward pass, consider turning this flag off. Note that this warning may be a false positive if your model has flow control causing later iterations to have unused parameters. (function operator())
[W reducer.cpp:1282] Warning: find_unused_parameters=True was specified in DDP constructor, but did not find any unused parameters in the forward pass. This flag results in an extra traversal of the autograd graph every iteration,  which can adversely affect performance. If your model indeed never has any unused parameters in the forward pass, consider turning this flag off. Note that this warning may be a false positive if your model has flow control causing later iterations to have unused parameters. (function operator())
[W reducer.cpp:1282] Warning: find_unused_parameters=True was specified in DDP constructor, but did not find any unused parameters in the forward pass. This flag results in an extra traversal of the autograd graph every iteration,  which can adversely affect performance. If your model indeed never has any unused parameters in the forward pass, consider turning this flag off. Note that this warning may be a false positive if your model has flow control causing later iterations to have unused parameters. (function operator())
generator made step 0
discriminator made step 0
generator made step 16
discriminator made step 16
generator made step 32
discriminator made step 32
generator made step 48
discriminator made step 48
generator made step 64
discriminator made step 64
generator made step 80
discriminator made step 80
generator made step 96
discriminator made step 96
generator made step 112
discriminator made step 112
generator made step 128
discriminator made step 128
generator made step 144
discriminator made step 144
generator made step 160
discriminator made step 160
generator made step 176
discriminator made step 176
generator made step 192
discriminator made step 192
generator made step 208
discriminator made step 208
generator made step 224
discriminator made step 224
generator made step 240
discriminator made step 240
generator made step 256
discriminator made step 256
generator made step 272
discriminator made step 272
generator made step 288
discriminator made step 288
generator made step 304
discriminator made step 304
generator made step 320
discriminator made step 320
generator made step 336
discriminator made step 336
generator made step 352
discriminator made step 352
generator made step 368
discriminator made step 368
generator made step 384
discriminator made step 384
generator made step 400
discriminator made step 400
generator made step 416
discriminator made step 416
generator made step 432
discriminator made step 432
generator made step 448
discriminator made step 448
generator made step 464
discriminator made step 464
generator made step 480
discriminator made step 480
generator made step 496
discriminator made step 496
2022-07-30 20:15:30,052 - root - INFO - Total=462.663259, G=368.711941, D=89.099394, data=1.658192, next=3.193732
2022-07-30 20:15:37,321 - root - INFO - Total=7.267917, G=0.396059, data=3.207997, acc=0.799297, agg=0.151778, next=2.712787
saving checkpoint...
2022-07-30 20:15:48,489 - root - INFO - Time taken for epoch 84 is 481.10101675987244 sec
2022-07-30 20:15:48,489 - root - INFO - Train time = 462.663259267807, Valid time = 7.2679173946380615
2022-07-30 20:15:48,489 - root - INFO - G losses = {'GAN': 4.107827186584473, 'GAN_Feat': 0.4636881947517395, 'L1': 12.066384315490723}
2022-07-30 20:15:48,489 - root - INFO - D losses = {'D_Fake': 0.002158056478947401, 'D_real': 3.2161872240976663e-06}
generator made step 0
discriminator made step 0
generator made step 16
discriminator made step 16
generator made step 32
discriminator made step 32
generator made step 48
discriminator made step 48
generator made step 64
discriminator made step 64
generator made step 80
discriminator made step 80
generator made step 96
discriminator made step 96
generator made step 112
discriminator made step 112
generator made step 128
discriminator made step 128
generator made step 144
discriminator made step 144
generator made step 160
discriminator made step 160
generator made step 176
discriminator made step 176
generator made step 192
discriminator made step 192
generator made step 208
discriminator made step 208
generator made step 224
discriminator made step 224
generator made step 240
discriminator made step 240
generator made step 256
discriminator made step 256
generator made step 272
discriminator made step 272
generator made step 288
discriminator made step 288
generator made step 304
discriminator made step 304
generator made step 320
discriminator made step 320
generator made step 336
discriminator made step 336
generator made step 352
discriminator made step 352
generator made step 368
discriminator made step 368
generator made step 384
discriminator made step 384
generator made step 400
discriminator made step 400
generator made step 416
discriminator made step 416
generator made step 432
discriminator made step 432
generator made step 448
discriminator made step 448
generator made step 464
discriminator made step 464
generator made step 480
discriminator made step 480
generator made step 496
discriminator made step 496
2022-07-30 20:23:04,192 - root - INFO - Total=435.701579, G=343.853263, D=89.118151, data=1.638683, next=1.091482
2022-07-30 20:23:10,058 - root - INFO - Total=5.865243, G=0.402396, data=3.223603, acc=0.013432, agg=0.134210, next=2.091603
saving checkpoint...
2022-07-30 20:23:20,543 - root - INFO - Time taken for epoch 85 is 452.0537893772125 sec
2022-07-30 20:23:20,543 - root - INFO - Train time = 435.7015793323517, Valid time = 5.865243434906006
2022-07-30 20:23:20,543 - root - INFO - G losses = {'GAN': 6.60200309753418, 'GAN_Feat': 0.5187093615531921, 'L1': 12.854694366455078}
2022-07-30 20:23:20,543 - root - INFO - D losses = {'D_Fake': 0.012685529887676239, 'D_real': 0.09913381934165955}
generator made step 0
discriminator made step 0
generator made step 16
discriminator made step 16
generator made step 32
discriminator made step 32
generator made step 48
discriminator made step 48
generator made step 64
discriminator made step 64
generator made step 80
discriminator made step 80
generator made step 96
discriminator made step 96
generator made step 112
discriminator made step 112
generator made step 128
discriminator made step 128
generator made step 144
discriminator made step 144
generator made step 160
discriminator made step 160
generator made step 176
discriminator made step 176
generator made step 192
discriminator made step 192
generator made step 208
discriminator made step 208
generator made step 224
discriminator made step 224
generator made step 240
discriminator made step 240
generator made step 256
discriminator made step 256
generator made step 272
discriminator made step 272
generator made step 288
discriminator made step 288
generator made step 304
discriminator made step 304
generator made step 320
discriminator made step 320
generator made step 336
discriminator made step 336
generator made step 352
discriminator made step 352
generator made step 368
discriminator made step 368
generator made step 384
discriminator made step 384
generator made step 400
discriminator made step 400
generator made step 416
discriminator made step 416
generator made step 432
discriminator made step 432
generator made step 448
discriminator made step 448
generator made step 464
discriminator made step 464
generator made step 480
discriminator made step 480
generator made step 496
discriminator made step 496
2022-07-30 20:30:36,437 - root - INFO - Total=435.892970, G=343.829961, D=89.104617, data=1.630296, next=1.328096
2022-07-30 20:30:42,128 - root - INFO - Total=5.689701, G=0.442462, data=3.222963, acc=0.014662, agg=0.133349, next=1.876265
saving checkpoint...
2022-07-30 20:30:52,597 - root - INFO - Time taken for epoch 86 is 452.0536653995514 sec
2022-07-30 20:30:52,597 - root - INFO - Train time = 435.89297008514404, Valid time = 5.689701080322266
2022-07-30 20:30:52,597 - root - INFO - G losses = {'GAN': 3.468153715133667, 'GAN_Feat': 0.47414660453796387, 'L1': 13.767510414123535}
2022-07-30 20:30:52,597 - root - INFO - D losses = {'D_Fake': 0.10813352465629578, 'D_real': 0.08903895318508148}
generator made step 0
discriminator made step 0
generator made step 16
discriminator made step 16
generator made step 32
discriminator made step 32
generator made step 48
discriminator made step 48
generator made step 64
discriminator made step 64
generator made step 80
discriminator made step 80
generator made step 96
discriminator made step 96
generator made step 112
discriminator made step 112
generator made step 128
discriminator made step 128
generator made step 144
discriminator made step 144
generator made step 160
discriminator made step 160
generator made step 176
discriminator made step 176
generator made step 192
discriminator made step 192
generator made step 208
discriminator made step 208
generator made step 224
discriminator made step 224
generator made step 240
discriminator made step 240
generator made step 256
discriminator made step 256
generator made step 272
discriminator made step 272
generator made step 288
discriminator made step 288
generator made step 304
discriminator made step 304
generator made step 320
discriminator made step 320
generator made step 336
discriminator made step 336
generator made step 352
discriminator made step 352
generator made step 368
discriminator made step 368
generator made step 384
discriminator made step 384
generator made step 400
discriminator made step 400
generator made step 416
discriminator made step 416
generator made step 432
discriminator made step 432
generator made step 448
discriminator made step 448
generator made step 464
discriminator made step 464
generator made step 480
discriminator made step 480
generator made step 496
discriminator made step 496
2022-07-30 20:38:09,175 - root - INFO - Total=436.576719, G=343.891165, D=89.091330, data=1.629059, next=1.965166
2022-07-30 20:38:14,495 - root - INFO - Total=5.319349, G=0.451217, data=3.165631, acc=0.006983, agg=0.146264, next=1.549253
saving checkpoint...
2022-07-30 20:38:24,768 - root - INFO - Time taken for epoch 87 is 452.1702311038971 sec
2022-07-30 20:38:24,768 - root - INFO - Train time = 436.57671880722046, Valid time = 5.31934928894043
2022-07-30 20:38:24,768 - root - INFO - G losses = {'GAN': 4.471739768981934, 'GAN_Feat': 0.5125015377998352, 'L1': 13.56152057647705}
2022-07-30 20:38:24,768 - root - INFO - D losses = {'D_Fake': 0.0001413122663507238, 'D_real': 0.009487037546932697}
generator made step 0
discriminator made step 0
generator made step 16
discriminator made step 16
generator made step 32
discriminator made step 32
generator made step 48
discriminator made step 48
generator made step 64
discriminator made step 64
generator made step 80
discriminator made step 80
generator made step 96
discriminator made step 96
generator made step 112
discriminator made step 112
generator made step 128
discriminator made step 128
generator made step 144
discriminator made step 144
generator made step 160
discriminator made step 160
generator made step 176
discriminator made step 176
generator made step 192
discriminator made step 192
generator made step 208
discriminator made step 208
generator made step 224
discriminator made step 224
generator made step 240
discriminator made step 240
generator made step 256
discriminator made step 256
generator made step 272
discriminator made step 272
generator made step 288
discriminator made step 288
generator made step 304
discriminator made step 304
generator made step 320
discriminator made step 320
generator made step 336
discriminator made step 336
generator made step 352
discriminator made step 352
generator made step 368
discriminator made step 368
generator made step 384
discriminator made step 384
generator made step 400
discriminator made step 400
generator made step 416
discriminator made step 416
generator made step 432
discriminator made step 432
generator made step 448
discriminator made step 448
generator made step 464
discriminator made step 464
generator made step 480
discriminator made step 480
generator made step 496
discriminator made step 496
2022-07-30 20:45:41,470 - root - INFO - Total=436.701647, G=343.926543, D=89.109409, data=1.630467, next=2.035227
2022-07-30 20:45:47,451 - root - INFO - Total=5.980012, G=0.395694, data=3.360928, acc=0.006241, agg=0.156244, next=2.060905
saving checkpoint...
2022-07-30 20:45:57,912 - root - INFO - Time taken for epoch 88 is 453.14428782463074 sec
2022-07-30 20:45:57,912 - root - INFO - Train time = 436.70164680480957, Valid time = 5.980011701583862
2022-07-30 20:45:57,912 - root - INFO - G losses = {'GAN': 9.356912612915039, 'GAN_Feat': 0.5408025979995728, 'L1': 16.716949462890625}
2022-07-30 20:45:57,912 - root - INFO - D losses = {'D_Fake': 0.000647310575004667, 'D_real': 0.0068796915002167225}
generator made step 0
discriminator made step 0
generator made step 16
discriminator made step 16
generator made step 32
discriminator made step 32
generator made step 48
discriminator made step 48
generator made step 64
discriminator made step 64
generator made step 80
discriminator made step 80
generator made step 96
discriminator made step 96
generator made step 112
discriminator made step 112
generator made step 128
discriminator made step 128
generator made step 144
discriminator made step 144
generator made step 160
discriminator made step 160
generator made step 176
discriminator made step 176
generator made step 192
discriminator made step 192
generator made step 208
discriminator made step 208
generator made step 224
discriminator made step 224
generator made step 240
discriminator made step 240
generator made step 256
discriminator made step 256
generator made step 272
discriminator made step 272
generator made step 288
discriminator made step 288
generator made step 304
discriminator made step 304
generator made step 320
discriminator made step 320
generator made step 336
discriminator made step 336
generator made step 352
discriminator made step 352
generator made step 368
discriminator made step 368
generator made step 384
discriminator made step 384
generator made step 400
discriminator made step 400
generator made step 416
discriminator made step 416
generator made step 432
discriminator made step 432
generator made step 448
discriminator made step 448
generator made step 464
discriminator made step 464
generator made step 480
discriminator made step 480
generator made step 496
discriminator made step 496
2022-07-30 20:53:14,868 - root - INFO - Total=436.954456, G=343.871967, D=89.180214, data=1.628512, next=2.273763
2022-07-30 20:53:20,585 - root - INFO - Total=5.715925, G=0.406444, data=3.216841, acc=0.006212, agg=0.142048, next=1.944381
saving checkpoint...
2022-07-30 20:53:31,286 - root - INFO - Time taken for epoch 89 is 453.3735625743866 sec
2022-07-30 20:53:31,286 - root - INFO - Train time = 436.9544560909271, Valid time = 5.715925216674805
2022-07-30 20:53:31,286 - root - INFO - G losses = {'GAN': 4.032219409942627, 'GAN_Feat': 0.49578747153282166, 'L1': 11.926322937011719}
2022-07-30 20:53:31,286 - root - INFO - D losses = {'D_Fake': 0.00022286134480964392, 'D_real': 0.06658212095499039}
generator made step 0
discriminator made step 0
generator made step 16
discriminator made step 16
generator made step 32
discriminator made step 32
generator made step 48
discriminator made step 48
generator made step 64
discriminator made step 64
generator made step 80
discriminator made step 80
generator made step 96
discriminator made step 96
generator made step 112
discriminator made step 112
generator made step 128
discriminator made step 128
generator made step 144
discriminator made step 144
generator made step 160
discriminator made step 160
generator made step 176
discriminator made step 176
generator made step 192
discriminator made step 192
generator made step 208
discriminator made step 208
generator made step 224
discriminator made step 224
generator made step 240
discriminator made step 240
generator made step 256
discriminator made step 256
generator made step 272
discriminator made step 272
generator made step 288
discriminator made step 288
generator made step 304
discriminator made step 304
generator made step 320
discriminator made step 320
generator made step 336
discriminator made step 336
generator made step 352
discriminator made step 352
generator made step 368
discriminator made step 368
generator made step 384
discriminator made step 384
generator made step 400
discriminator made step 400
generator made step 416
discriminator made step 416
generator made step 432
discriminator made step 432
generator made step 448
discriminator made step 448
generator made step 464
discriminator made step 464
generator made step 480
discriminator made step 480
generator made step 496
discriminator made step 496
2022-07-30 21:00:47,411 - root - INFO - Total=436.123774, G=343.955604, D=89.224480, data=1.631765, next=1.311925
2022-07-30 21:00:53,140 - root - INFO - Total=5.728707, G=0.507242, data=3.149693, acc=0.007461, agg=0.151734, next=1.912577
saving checkpoint...
2022-07-30 21:01:03,666 - root - INFO - Time taken for epoch 90 is 452.37973713874817 sec
2022-07-30 21:01:03,666 - root - INFO - Train time = 436.12377405166626, Valid time = 5.72870659828186
2022-07-30 21:01:03,666 - root - INFO - G losses = {'GAN': 4.189376354217529, 'GAN_Feat': 0.5253161787986755, 'L1': 13.551196098327637}
2022-07-30 21:01:03,666 - root - INFO - D losses = {'D_Fake': 0.022421428933739662, 'D_real': 0.0009237201884388924}
generator made step 0
discriminator made step 0
generator made step 16
discriminator made step 16
generator made step 32
discriminator made step 32
generator made step 48
discriminator made step 48
generator made step 64
discriminator made step 64
generator made step 80
discriminator made step 80
generator made step 96
discriminator made step 96
generator made step 112
discriminator made step 112
generator made step 128
discriminator made step 128
generator made step 144
discriminator made step 144
generator made step 160
discriminator made step 160
generator made step 176
discriminator made step 176
generator made step 192
discriminator made step 192
generator made step 208
discriminator made step 208
generator made step 224
discriminator made step 224
generator made step 240
discriminator made step 240
generator made step 256
discriminator made step 256
generator made step 272
discriminator made step 272
generator made step 288
discriminator made step 288
generator made step 304
discriminator made step 304
generator made step 320
discriminator made step 320
generator made step 336
discriminator made step 336
generator made step 352
discriminator made step 352
generator made step 368
discriminator made step 368
generator made step 384
discriminator made step 384
generator made step 400
discriminator made step 400
generator made step 416
discriminator made step 416
slurmstepd: error: *** STEP 2856301.0 ON nid002096 CANCELLED AT 2022-07-30T21:06:58 DUE TO TIME LIMIT ***
slurmstepd: error: *** JOB 2856301 ON nid002096 CANCELLED AT 2022-07-30T21:06:58 DUE TO TIME LIMIT ***
srun: Job step aborted: Waiting up to 32 seconds for job step to finish.
