+ srun -u shifter -V /pscratch/sd/c/cjacobus/ML_Hydro_train/logs:/logs --image=nersc/pytorch:ngc-22.03-v0 --env PYTHONUSERBASE=/global/homes/c/cjacobus/.local/perlmutter/nersc-pytorch-ngc-22.03-v0 bash -c '
    source export_DDP_vars.sh
    python train.py --root_dir=/pscratch/sd/c/cjacobus/tsit --config=tighttrain_up5_tanh_L1_spec
    '
[W socket.cpp:701] The server socket on [nid003013]:29500 is not yet listening (errno: 111 - Connection refused), will retry.
[W socket.cpp:701] The server socket on [nid003013]:29500 is not yet listening (errno: 111 - Connection refused), will retry.
[W socket.cpp:701] The server socket on [nid003013]:29500 is not yet listening (errno: 111 - Connection refused), will retry.
[W socket.cpp:701] The server socket on [nid003013]:29500 is not yet listening (errno: 111 - Connection refused), will retry.
[W socket.cpp:701] The server socket on [nid003013]:29500 is not yet listening (errno: 111 - Connection refused), will retry.
[W socket.cpp:701] The server socket on [nid003013]:29500 is not yet listening (errno: 111 - Connection refused), will retry.
[W socket.cpp:701] The server socket on [nid003013]:29500 is not yet listening (errno: 111 - Connection refused), will retry.
[W socket.cpp:701] The server socket on [nid003013]:29500 is not yet listening (errno: 111 - Connection refused), will retry.
2022-08-01 02:20:45,539 - torch.distributed.distributed_c10d - INFO - Added key: store_based_barrier_key:1 to store for rank: 1
2022-08-01 02:20:45,541 - torch.distributed.distributed_c10d - INFO - Added key: store_based_barrier_key:1 to store for rank: 3
2022-08-01 02:20:45,542 - torch.distributed.distributed_c10d - INFO - Added key: store_based_barrier_key:1 to store for rank: 2
2022-08-01 02:20:46,158 - torch.distributed.distributed_c10d - INFO - Added key: store_based_barrier_key:1 to store for rank: 9
2022-08-01 02:20:46,162 - torch.distributed.distributed_c10d - INFO - Added key: store_based_barrier_key:1 to store for rank: 10
2022-08-01 02:20:46,165 - torch.distributed.distributed_c10d - INFO - Added key: store_based_barrier_key:1 to store for rank: 8
2022-08-01 02:20:46,166 - torch.distributed.distributed_c10d - INFO - Added key: store_based_barrier_key:1 to store for rank: 11
2022-08-01 02:20:46,248 - torch.distributed.distributed_c10d - INFO - Added key: store_based_barrier_key:1 to store for rank: 0
2022-08-01 02:20:46,386 - torch.distributed.distributed_c10d - INFO - Added key: store_based_barrier_key:1 to store for rank: 12
2022-08-01 02:20:46,390 - torch.distributed.distributed_c10d - INFO - Added key: store_based_barrier_key:1 to store for rank: 15
2022-08-01 02:20:46,393 - torch.distributed.distributed_c10d - INFO - Added key: store_based_barrier_key:1 to store for rank: 13
2022-08-01 02:20:46,393 - torch.distributed.distributed_c10d - INFO - Added key: store_based_barrier_key:1 to store for rank: 14
2022-08-01 02:20:46,433 - torch.distributed.distributed_c10d - INFO - Added key: store_based_barrier_key:1 to store for rank: 7
2022-08-01 02:20:46,437 - torch.distributed.distributed_c10d - INFO - Added key: store_based_barrier_key:1 to store for rank: 4
2022-08-01 02:20:46,440 - torch.distributed.distributed_c10d - INFO - Added key: store_based_barrier_key:1 to store for rank: 6
2022-08-01 02:20:46,441 - torch.distributed.distributed_c10d - INFO - Added key: store_based_barrier_key:1 to store for rank: 5
2022-08-01 02:20:46,441 - torch.distributed.distributed_c10d - INFO - Rank 5: Completed store-based barrier for key:store_based_barrier_key:1 with 16 nodes.
2022-08-01 02:20:46,441 - torch.distributed.distributed_c10d - INFO - Rank 15: Completed store-based barrier for key:store_based_barrier_key:1 with 16 nodes.
2022-08-01 02:20:46,441 - torch.distributed.distributed_c10d - INFO - Rank 8: Completed store-based barrier for key:store_based_barrier_key:1 with 16 nodes.
2022-08-01 02:20:46,442 - torch.distributed.distributed_c10d - INFO - Rank 11: Completed store-based barrier for key:store_based_barrier_key:1 with 16 nodes.
2022-08-01 02:20:46,443 - torch.distributed.distributed_c10d - INFO - Rank 9: Completed store-based barrier for key:store_based_barrier_key:1 with 16 nodes.
2022-08-01 02:20:46,443 - torch.distributed.distributed_c10d - INFO - Rank 7: Completed store-based barrier for key:store_based_barrier_key:1 with 16 nodes.
2022-08-01 02:20:46,444 - torch.distributed.distributed_c10d - INFO - Rank 13: Completed store-based barrier for key:store_based_barrier_key:1 with 16 nodes.
2022-08-01 02:20:46,444 - torch.distributed.distributed_c10d - INFO - Rank 1: Completed store-based barrier for key:store_based_barrier_key:1 with 16 nodes.
2022-08-01 02:20:46,444 - torch.distributed.distributed_c10d - INFO - Rank 3: Completed store-based barrier for key:store_based_barrier_key:1 with 16 nodes.
2022-08-01 02:20:46,444 - torch.distributed.distributed_c10d - INFO - Rank 14: Completed store-based barrier for key:store_based_barrier_key:1 with 16 nodes.
2022-08-01 02:20:46,447 - torch.distributed.distributed_c10d - INFO - Rank 2: Completed store-based barrier for key:store_based_barrier_key:1 with 16 nodes.
2022-08-01 02:20:46,447 - torch.distributed.distributed_c10d - INFO - Rank 12: Completed store-based barrier for key:store_based_barrier_key:1 with 16 nodes.
2022-08-01 02:20:46,448 - torch.distributed.distributed_c10d - INFO - Rank 4: Completed store-based barrier for key:store_based_barrier_key:1 with 16 nodes.
2022-08-01 02:20:46,450 - torch.distributed.distributed_c10d - INFO - Rank 10: Completed store-based barrier for key:store_based_barrier_key:1 with 16 nodes.
2022-08-01 02:20:46,451 - torch.distributed.distributed_c10d - INFO - Rank 6: Completed store-based barrier for key:store_based_barrier_key:1 with 16 nodes.
2022-08-01 02:20:46,451 - torch.distributed.distributed_c10d - INFO - Rank 0: Completed store-based barrier for key:store_based_barrier_key:1 with 16 nodes.
2022-08-01 02:20:46,462 - root - INFO - rank 11, begin data loader init
2022-08-01 02:20:46,462 - root - INFO - rank 8, begin data loader init
2022-08-01 02:20:46,462 - root - INFO - rank 9, begin data loader init
2022-08-01 02:20:46,462 - root - INFO - rank 8, data loader initialized
2022-08-01 02:20:46,462 - root - INFO - rank 11, data loader initialized
2022-08-01 02:20:46,462 - root - INFO - rank 9, data loader initialized
2022-08-01 02:20:46,463 - root - INFO - rank 10, begin data loader init
2022-08-01 02:20:46,463 - root - INFO - rank 10, data loader initialized
2022-08-01 02:20:46,465 - root - INFO - rank 14, begin data loader init
2022-08-01 02:20:46,465 - root - INFO - rank 13, begin data loader init
2022-08-01 02:20:46,465 - root - INFO - rank 15, begin data loader init
2022-08-01 02:20:46,465 - root - INFO - rank 14, data loader initialized
2022-08-01 02:20:46,465 - root - INFO - rank 12, begin data loader init
2022-08-01 02:20:46,465 - root - INFO - rank 13, data loader initialized
2022-08-01 02:20:46,465 - root - INFO - rank 15, data loader initialized
2022-08-01 02:20:46,465 - root - INFO - rank 12, data loader initialized
2022-08-01 02:20:46,466 - root - INFO - rank 5, begin data loader init
2022-08-01 02:20:46,466 - root - INFO - rank 7, begin data loader init
2022-08-01 02:20:46,466 - root - INFO - rank 4, begin data loader init
2022-08-01 02:20:46,466 - root - INFO - rank 5, data loader initialized
2022-08-01 02:20:46,466 - root - INFO - rank 6, begin data loader init
2022-08-01 02:20:46,466 - root - INFO - rank 7, data loader initialized
2022-08-01 02:20:46,466 - root - INFO - rank 4, data loader initialized
2022-08-01 02:20:46,466 - root - INFO - rank 6, data loader initialized
2022-08-01 02:20:46,468 - root - INFO - rank 1, begin data loader init
2022-08-01 02:20:46,468 - root - INFO - rank 1, data loader initialized
2022-08-01 02:20:46,469 - root - INFO - ------------------ Configuration ------------------
2022-08-01 02:20:46,469 - root - INFO - rank 3, begin data loader init
2022-08-01 02:20:46,469 - root - INFO - Configuration file: /global/u1/c/cjacobus/Nyx-TSIT/config/tsit.yaml
2022-08-01 02:20:46,469 - root - INFO - Configuration name: tighttrain_up5_tanh_L1_spec
2022-08-01 02:20:46,469 - root - INFO - Nsamples 8192
2022-08-01 02:20:46,469 - root - INFO - rank 2, begin data loader init
2022-08-01 02:20:46,469 - root - INFO - Nsamples_val 512
2022-08-01 02:20:46,469 - root - INFO - niter 200
2022-08-01 02:20:46,469 - root - INFO - niter_decay 150
2022-08-01 02:20:46,469 - root - INFO - use_spec_loss False
2022-08-01 02:20:46,469 - root - INFO - lambda_spec 100.0
2022-08-01 02:20:46,469 - root - INFO - use_l1_loss True
2022-08-01 02:20:46,469 - root - INFO - lambda_l1 300.0
2022-08-01 02:20:46,469 - root - INFO - data_size 128
2022-08-01 02:20:46,469 - root - INFO - rank 3, data loader initialized
2022-08-01 02:20:46,469 - root - INFO - train_path /pscratch/sd/c/cjacobus/Nyx_512/train_s1_512_invar3_fullnorm_hydro.h5
2022-08-01 02:20:46,469 - root - INFO - val_path /pscratch/sd/c/cjacobus/Nyx_512/train_s1_512_invar3_fullnorm_hydro.h5
2022-08-01 02:20:46,469 - root - INFO - num_upsampling_blocks 5
2022-08-01 02:20:46,469 - root - INFO - tanh False
2022-08-01 02:20:46,469 - root - INFO - rank 2, data loader initialized
2022-08-01 02:20:46,469 - root - INFO - num_data_workers 16
2022-08-01 02:20:46,469 - root - INFO - in_channels [0, 1, 2, 3, 17, 18, 19]
2022-08-01 02:20:46,469 - root - INFO - out_channels [0]
2022-08-01 02:20:46,469 - root - INFO - min_path /pscratch/sd/s/shas1693/data/era5/mins.npy
2022-08-01 02:20:46,469 - root - INFO - max_path /pscratch/sd/s/shas1693/data/era5/maxs.npy
2022-08-01 02:20:46,469 - root - INFO - time_means_path /pscratch/sd/s/shas1693/data/era5/time_means.npy
2022-08-01 02:20:46,469 - root - INFO - global_means_path /pscratch/sd/s/shas1693/data/era5/global_means.npy
2022-08-01 02:20:46,469 - root - INFO - global_stds_path /pscratch/sd/s/shas1693/data/era5/global_stds.npy
2022-08-01 02:20:46,469 - root - INFO - precip /pscratch/sd/p/pharring/ERA5/precip/total_precipitation
2022-08-01 02:20:46,469 - root - INFO - precip_eps 1e-05
2022-08-01 02:20:46,469 - root - INFO - dt 1
2022-08-01 02:20:46,469 - root - INFO - n_history 0
2022-08-01 02:20:46,469 - root - INFO - crop_size_x None
2022-08-01 02:20:46,469 - root - INFO - crop_size_y None
2022-08-01 02:20:46,469 - root - INFO - roll False
2022-08-01 02:20:46,469 - root - INFO - conttime False
2022-08-01 02:20:46,469 - root - INFO - normalization zscore
2022-08-01 02:20:46,469 - root - INFO - add_grid False
2022-08-01 02:20:46,469 - root - INFO - model pix2pix
2022-08-01 02:20:46,469 - root - INFO - norm_G spectralfadebatch3x3
2022-08-01 02:20:46,469 - root - INFO - norm_D spectralinstance
2022-08-01 02:20:46,469 - root - INFO - norm_S spectralinstance
2022-08-01 02:20:46,470 - root - INFO - norm_E spectralinstance
2022-08-01 02:20:46,470 - root - INFO - batch_size 16
2022-08-01 02:20:46,470 - root - INFO - img_size [512, 512, 512]
2022-08-01 02:20:46,470 - root - INFO - box_size [512, 512, 512]
2022-08-01 02:20:46,470 - root - INFO - input_nc 5
2022-08-01 02:20:46,470 - root - INFO - output_nc 5
2022-08-01 02:20:46,470 - root - INFO - netG tsit
2022-08-01 02:20:46,470 - root - INFO - ngf 64
2022-08-01 02:20:46,470 - root - INFO - init_type xavier
2022-08-01 02:20:46,470 - root - INFO - init_variance 0.02
2022-08-01 02:20:46,470 - root - INFO - z_dim 256
2022-08-01 02:20:46,470 - root - INFO - alpha 1.0
2022-08-01 02:20:46,470 - root - INFO - no_ss True
2022-08-01 02:20:46,470 - root - INFO - downsamp True
2022-08-01 02:20:46,470 - root - INFO - use_periodic_padding True
2022-08-01 02:20:46,470 - root - INFO - additive_noise False
2022-08-01 02:20:46,470 - root - INFO - nef 16
2022-08-01 02:20:46,470 - root - INFO - use_vae False
2022-08-01 02:20:46,470 - root - INFO - optimizer adam
2022-08-01 02:20:46,470 - root - INFO - beta1 0.5
2022-08-01 02:20:46,470 - root - INFO - beta2 0.999
2022-08-01 02:20:46,470 - root - INFO - lr 0.0002
2022-08-01 02:20:46,470 - root - INFO - D_steps_per_G 1
2022-08-01 02:20:46,470 - root - INFO - ndf 64
2022-08-01 02:20:46,470 - root - INFO - lambda_feat 0.5
2022-08-01 02:20:46,470 - root - INFO - no_ganFeat_loss False
2022-08-01 02:20:46,470 - root - INFO - gan_mode hinge
2022-08-01 02:20:46,470 - root - INFO - netD multiscale
2022-08-01 02:20:46,470 - root - INFO - num_D 2
2022-08-01 02:20:46,470 - root - INFO - n_layers_D 4
2022-08-01 02:20:46,470 - root - INFO - no_TTUR True
2022-08-01 02:20:46,470 - root - INFO - lambda_kld 0.05
2022-08-01 02:20:46,470 - root - INFO - cat_inp False
2022-08-01 02:20:46,470 - root - INFO - entity weatherbenching
2022-08-01 02:20:46,470 - root - INFO - project Nyx-TSIT
2022-08-01 02:20:46,470 - root - INFO - log_to_wandb True
2022-08-01 02:20:46,470 - root - INFO - log_to_screen True
2022-08-01 02:20:46,470 - root - INFO - save_checkpoint True
2022-08-01 02:20:46,470 - root - INFO - weight_init ordereddict([('conv_init', 'normal'), ('conv_scale', 0.02), ('conv_bias', 0.0)])
2022-08-01 02:20:46,470 - root - INFO - lambda_rho 0
2022-08-01 02:20:46,470 - root - INFO - full_scale True
2022-08-01 02:20:46,470 - root - INFO - global_batch_size 64
2022-08-01 02:20:46,470 - root - INFO - base_batch_size 64
2022-08-01 02:20:46,470 - root - INFO - num_epochs 60
2022-08-01 02:20:46,470 - root - INFO - enable_amp False
2022-08-01 02:20:46,470 - root - INFO - enable_apex False
2022-08-01 02:20:46,470 - root - INFO - enable_benchy False
2022-08-01 02:20:46,470 - root - INFO - enable_jit False
2022-08-01 02:20:46,470 - root - INFO - expdir /pscratch/sd/c/cjacobus/Nyx_TSIT_train
2022-08-01 02:20:46,470 - root - INFO - lr_schedule ordereddict([('scaling', 'sqrt'), ('start_lr', 0.0002), ('end_lr', 0.0), ('warmup_steps', 128)])
2022-08-01 02:20:46,470 - root - INFO - data_loader_config lowmem
2022-08-01 02:20:46,470 - root - INFO - N_out_channels 5
2022-08-01 02:20:46,470 - root - INFO - N_in_channels 5
2022-08-01 02:20:46,470 - root - INFO - use_cache None
2022-08-01 02:20:46,470 - root - INFO - ---------------------------------------------------
log_to_wandb -------------------------------------------------------------------
dir exists: /pscratch/sd/c/cjacobus/tsit/expts/tighttrain_up5_tanh_L1_spec/checkpoints/
wandb: Currently logged in as: cjacobus (use `wandb login --relogin` to force relogin)
Network [TSITGenerator] was created. Total number of parameters: 991.3 million. To see the architecture, do print(network).
Network [TSITGenerator] was created. Total number of parameters: 991.3 million. To see the architecture, do print(network).
Network [TSITGenerator] was created. Total number of parameters: 991.3 million. To see the architecture, do print(network).
Network [TSITGenerator] was created. Total number of parameters: 991.3 million. To see the architecture, do print(network).
Network [TSITGenerator] was created. Total number of parameters: 991.3 million. To see the architecture, do print(network).
Network [TSITGenerator] was created. Total number of parameters: 991.3 million. To see the architecture, do print(network).
Network [TSITGenerator] was created. Total number of parameters: 991.3 million. To see the architecture, do print(network).
Network [TSITGenerator] was created. Total number of parameters: 991.3 million. To see the architecture, do print(network).
Network [TSITGenerator] was created. Total number of parameters: 991.3 million. To see the architecture, do print(network).
Network [TSITGenerator] was created. Total number of parameters: 991.3 million. To see the architecture, do print(network).
Network [TSITGenerator] was created. Total number of parameters: 991.3 million. To see the architecture, do print(network).
Network [TSITGenerator] was created. Total number of parameters: 991.3 million. To see the architecture, do print(network).
Network [TSITGenerator] was created. Total number of parameters: 991.3 million. To see the architecture, do print(network).
Network [TSITGenerator] was created. Total number of parameters: 991.3 million. To see the architecture, do print(network).
Network [TSITGenerator] was created. Total number of parameters: 991.3 million. To see the architecture, do print(network).
wandb: Tracking run with wandb version 0.12.13
wandb: Run data is saved locally in /pscratch/sd/c/cjacobus/tsit/expts/tighttrain_up5_tanh_L1_spec/wandb/run-20220801_022047-dc5xuvwg
wandb: Run `wandb offline` to turn off syncing.
wandb: Resuming run tighttrain_up5_tanh_L1_spec
wandb: ⭐️ View project at https://wandb.ai/weatherbenching/Nyx-TSIT
wandb: 🚀 View run at https://wandb.ai/weatherbenching/Nyx-TSIT/runs/dc5xuvwg
checking dir: /pscratch/sd/c/cjacobus/tsit/expts/tighttrain_up5_tanh_L1_spec/checkpoints/
dir exists: /pscratch/sd/c/cjacobus/tsit/expts/tighttrain_up5_tanh_L1_spec/checkpoints/
2022-08-01 02:20:57,834 - root - INFO - rank 0, begin data loader init
2022-08-01 02:20:57,834 - root - INFO - rank 0, data loader initialized
Network [TSITGenerator] was created. Total number of parameters: 991.3 million. To see the architecture, do print(network).
Network [MultiscaleDiscriminator] was created. Total number of parameters: 22.1 million. To see the architecture, do print(network).
Network [MultiscaleDiscriminator] was created. Total number of parameters: 22.1 million. To see the architecture, do print(network).
Network [MultiscaleDiscriminator] was created. Total number of parameters: 22.1 million. To see the architecture, do print(network).
Network [MultiscaleDiscriminator] was created. Total number of parameters: 22.1 million. To see the architecture, do print(network).
Network [MultiscaleDiscriminator] was created. Total number of parameters: 22.1 million. To see the architecture, do print(network).
Network [MultiscaleDiscriminator] was created. Total number of parameters: 22.1 million. To see the architecture, do print(network).
Network [MultiscaleDiscriminator] was created. Total number of parameters: 22.1 million. To see the architecture, do print(network).
Network [MultiscaleDiscriminator] was created. Total number of parameters: 22.1 million. To see the architecture, do print(network).
Network [MultiscaleDiscriminator] was created. Total number of parameters: 22.1 million. To see the architecture, do print(network).
Network [MultiscaleDiscriminator] was created. Total number of parameters: 22.1 million. To see the architecture, do print(network).
Network [MultiscaleDiscriminator] was created. Total number of parameters: 22.1 million. To see the architecture, do print(network).
Network [MultiscaleDiscriminator] was created. Total number of parameters: 22.1 million. To see the architecture, do print(network).
Network [MultiscaleDiscriminator] was created. Total number of parameters: 22.1 million. To see the architecture, do print(network).
Network [MultiscaleDiscriminator] was created. Total number of parameters: 22.1 million. To see the architecture, do print(network).
Network [MultiscaleDiscriminator] was created. Total number of parameters: 22.1 million. To see the architecture, do print(network).
Network [MultiscaleDiscriminator] was created. Total number of parameters: 22.1 million. To see the architecture, do print(network).
2022-08-01 02:21:16,211 - root - INFO - Loading checkpoint /pscratch/sd/c/cjacobus/tsit/expts/tighttrain_up5_tanh_L1_spec/checkpoints/ckpt.tar
2022-08-01 02:21:16,211 - root - INFO - Loading checkpoint /pscratch/sd/c/cjacobus/tsit/expts/tighttrain_up5_tanh_L1_spec/checkpoints/ckpt.tar
2022-08-01 02:21:16,212 - root - INFO - Loading checkpoint /pscratch/sd/c/cjacobus/tsit/expts/tighttrain_up5_tanh_L1_spec/checkpoints/ckpt.tar
2022-08-01 02:21:16,213 - root - INFO - Loading checkpoint /pscratch/sd/c/cjacobus/tsit/expts/tighttrain_up5_tanh_L1_spec/checkpoints/ckpt.tar
2022-08-01 02:21:16,214 - root - INFO - Loading checkpoint /pscratch/sd/c/cjacobus/tsit/expts/tighttrain_up5_tanh_L1_spec/checkpoints/ckpt.tar
2022-08-01 02:21:16,214 - root - INFO - Loading checkpoint /pscratch/sd/c/cjacobus/tsit/expts/tighttrain_up5_tanh_L1_spec/checkpoints/ckpt.tar
2022-08-01 02:21:16,215 - root - INFO - Loading checkpoint /pscratch/sd/c/cjacobus/tsit/expts/tighttrain_up5_tanh_L1_spec/checkpoints/ckpt.tar
2022-08-01 02:21:16,216 - root - INFO - Loading checkpoint /pscratch/sd/c/cjacobus/tsit/expts/tighttrain_up5_tanh_L1_spec/checkpoints/ckpt.tar
2022-08-01 02:21:16,217 - root - INFO - Loading checkpoint /pscratch/sd/c/cjacobus/tsit/expts/tighttrain_up5_tanh_L1_spec/checkpoints/ckpt.tar
2022-08-01 02:21:16,217 - root - INFO - Loading checkpoint /pscratch/sd/c/cjacobus/tsit/expts/tighttrain_up5_tanh_L1_spec/checkpoints/ckpt.tar
2022-08-01 02:21:16,217 - root - INFO - Loading checkpoint /pscratch/sd/c/cjacobus/tsit/expts/tighttrain_up5_tanh_L1_spec/checkpoints/ckpt.tar
2022-08-01 02:21:16,217 - root - INFO - Loading checkpoint /pscratch/sd/c/cjacobus/tsit/expts/tighttrain_up5_tanh_L1_spec/checkpoints/ckpt.tar
2022-08-01 02:21:16,218 - root - INFO - Loading checkpoint /pscratch/sd/c/cjacobus/tsit/expts/tighttrain_up5_tanh_L1_spec/checkpoints/ckpt.tar
2022-08-01 02:21:16,218 - root - INFO - Loading checkpoint /pscratch/sd/c/cjacobus/tsit/expts/tighttrain_up5_tanh_L1_spec/checkpoints/ckpt.tar
2022-08-01 02:21:16,218 - root - INFO - Loading checkpoint /pscratch/sd/c/cjacobus/tsit/expts/tighttrain_up5_tanh_L1_spec/checkpoints/ckpt.tar
2022-08-01 02:21:16,218 - root - INFO - Loading checkpoint /pscratch/sd/c/cjacobus/tsit/expts/tighttrain_up5_tanh_L1_spec/checkpoints/ckpt.tar
2022-08-01 02:21:22,036 - root - INFO - Starting Training Loop...
[W reducer.cpp:1282] Warning: find_unused_parameters=True was specified in DDP constructor, but did not find any unused parameters in the forward pass. This flag results in an extra traversal of the autograd graph every iteration,  which can adversely affect performance. If your model indeed never has any unused parameters in the forward pass, consider turning this flag off. Note that this warning may be a false positive if your model has flow control causing later iterations to have unused parameters. (function operator())
[W reducer.cpp:1282] Warning: find_unused_parameters=True was specified in DDP constructor, but did not find any unused parameters in the forward pass. This flag results in an extra traversal of the autograd graph every iteration,  which can adversely affect performance. If your model indeed never has any unused parameters in the forward pass, consider turning this flag off. Note that this warning may be a false positive if your model has flow control causing later iterations to have unused parameters. (function operator())
[W reducer.cpp:1282] Warning: find_unused_parameters=True was specified in DDP constructor, but did not find any unused parameters in the forward pass. This flag results in an extra traversal of the autograd graph every iteration,  which can adversely affect performance. If your model indeed never has any unused parameters in the forward pass, consider turning this flag off. Note that this warning may be a false positive if your model has flow control causing later iterations to have unused parameters. (function operator())
[W reducer.cpp:1282] Warning: find_unused_parameters=True was specified in DDP constructor, but did not find any unused parameters in the forward pass. This flag results in an extra traversal of the autograd graph every iteration,  which can adversely affect performance. If your model indeed never has any unused parameters in the forward pass, consider turning this flag off. Note that this warning may be a false positive if your model has flow control causing later iterations to have unused parameters. (function operator())
[W reducer.cpp:1282] Warning: find_unused_parameters=True was specified in DDP constructor, but did not find any unused parameters in the forward pass. This flag results in an extra traversal of the autograd graph every iteration,  which can adversely affect performance. If your model indeed never has any unused parameters in the forward pass, consider turning this flag off. Note that this warning may be a false positive if your model has flow control causing later iterations to have unused parameters. (function operator())
[W reducer.cpp:1282] Warning: find_unused_parameters=True was specified in DDP constructor, but did not find any unused parameters in the forward pass. This flag results in an extra traversal of the autograd graph every iteration,  which can adversely affect performance. If your model indeed never has any unused parameters in the forward pass, consider turning this flag off. Note that this warning may be a false positive if your model has flow control causing later iterations to have unused parameters. (function operator())
[W reducer.cpp:1282] Warning: find_unused_parameters=True was specified in DDP constructor, but did not find any unused parameters in the forward pass. This flag results in an extra traversal of the autograd graph every iteration,  which can adversely affect performance. If your model indeed never has any unused parameters in the forward pass, consider turning this flag off. Note that this warning may be a false positive if your model has flow control causing later iterations to have unused parameters. (function operator())
[W reducer.cpp:1282] Warning: find_unused_parameters=True was specified in DDP constructor, but did not find any unused parameters in the forward pass. This flag results in an extra traversal of the autograd graph every iteration,  which can adversely affect performance. If your model indeed never has any unused parameters in the forward pass, consider turning this flag off. Note that this warning may be a false positive if your model has flow control causing later iterations to have unused parameters. (function operator())
[W reducer.cpp:1282] Warning: find_unused_parameters=True was specified in DDP constructor, but did not find any unused parameters in the forward pass. This flag results in an extra traversal of the autograd graph every iteration,  which can adversely affect performance. If your model indeed never has any unused parameters in the forward pass, consider turning this flag off. Note that this warning may be a false positive if your model has flow control causing later iterations to have unused parameters. (function operator())
[W reducer.cpp:1282] Warning: find_unused_parameters=True was specified in DDP constructor, but did not find any unused parameters in the forward pass. This flag results in an extra traversal of the autograd graph every iteration,  which can adversely affect performance. If your model indeed never has any unused parameters in the forward pass, consider turning this flag off. Note that this warning may be a false positive if your model has flow control causing later iterations to have unused parameters. (function operator())
[W reducer.cpp:1282] Warning: find_unused_parameters=True was specified in DDP constructor, but did not find any unused parameters in the forward pass. This flag results in an extra traversal of the autograd graph every iteration,  which can adversely affect performance. If your model indeed never has any unused parameters in the forward pass, consider turning this flag off. Note that this warning may be a false positive if your model has flow control causing later iterations to have unused parameters. (function operator())
[W reducer.cpp:1282] Warning: find_unused_parameters=True was specified in DDP constructor, but did not find any unused parameters in the forward pass. This flag results in an extra traversal of the autograd graph every iteration,  which can adversely affect performance. If your model indeed never has any unused parameters in the forward pass, consider turning this flag off. Note that this warning may be a false positive if your model has flow control causing later iterations to have unused parameters. (function operator())
[W reducer.cpp:1282] Warning: find_unused_parameters=True was specified in DDP constructor, but did not find any unused parameters in the forward pass. This flag results in an extra traversal of the autograd graph every iteration,  which can adversely affect performance. If your model indeed never has any unused parameters in the forward pass, consider turning this flag off. Note that this warning may be a false positive if your model has flow control causing later iterations to have unused parameters. (function operator())
[W reducer.cpp:1282] Warning: find_unused_parameters=True was specified in DDP constructor, but did not find any unused parameters in the forward pass. This flag results in an extra traversal of the autograd graph every iteration,  which can adversely affect performance. If your model indeed never has any unused parameters in the forward pass, consider turning this flag off. Note that this warning may be a false positive if your model has flow control causing later iterations to have unused parameters. (function operator())
[W reducer.cpp:1282] Warning: find_unused_parameters=True was specified in DDP constructor, but did not find any unused parameters in the forward pass. This flag results in an extra traversal of the autograd graph every iteration,  which can adversely affect performance. If your model indeed never has any unused parameters in the forward pass, consider turning this flag off. Note that this warning may be a false positive if your model has flow control causing later iterations to have unused parameters. (function operator())
[W reducer.cpp:1282] Warning: find_unused_parameters=True was specified in DDP constructor, but did not find any unused parameters in the forward pass. This flag results in an extra traversal of the autograd graph every iteration,  which can adversely affect performance. If your model indeed never has any unused parameters in the forward pass, consider turning this flag off. Note that this warning may be a false positive if your model has flow control causing later iterations to have unused parameters. (function operator())
generator made step 0
discriminator made step 0
generator made step 16
discriminator made step 16
generator made step 32
discriminator made step 32
generator made step 48
discriminator made step 48
generator made step 64
discriminator made step 64
generator made step 80
discriminator made step 80
generator made step 96
discriminator made step 96
generator made step 112
discriminator made step 112
generator made step 128
discriminator made step 128
generator made step 144
discriminator made step 144
generator made step 160
discriminator made step 160
generator made step 176
discriminator made step 176
generator made step 192
discriminator made step 192
generator made step 208
discriminator made step 208
generator made step 224
discriminator made step 224
generator made step 240
discriminator made step 240
generator made step 256
discriminator made step 256
generator made step 272
discriminator made step 272
generator made step 288
discriminator made step 288
generator made step 304
discriminator made step 304
generator made step 320
discriminator made step 320
generator made step 336
discriminator made step 336
generator made step 352
discriminator made step 352
generator made step 368
discriminator made step 368
generator made step 384
discriminator made step 384
generator made step 400
discriminator made step 400
generator made step 416
discriminator made step 416
generator made step 432
discriminator made step 432
generator made step 448
discriminator made step 448
generator made step 464
discriminator made step 464
generator made step 480
discriminator made step 480
generator made step 496
discriminator made step 496
2022-08-01 02:29:03,555 - root - INFO - Total=461.518154, G=367.097252, D=89.090351, data=1.648403, next=3.682148
2022-08-01 02:29:10,062 - root - INFO - Total=6.505940, G=0.401086, data=3.154609, acc=0.787452, agg=0.160299, next=2.002494
saving checkpoint...
2022-08-01 02:29:20,964 - root - INFO - Time taken for epoch 28 is 478.9276213645935 sec
2022-08-01 02:29:20,964 - root - INFO - Train time = 461.5181541442871, Valid time = 6.505939722061157
2022-08-01 02:29:20,964 - root - INFO - G losses = {'GAN': 4.228315353393555, 'GAN_Feat': 0.6557480096817017, 'L1': 20.23625946044922}
2022-08-01 02:29:20,964 - root - INFO - D losses = {'D_Fake': 0.0, 'D_real': 0.0}
generator made step 0
discriminator made step 0
generator made step 16
discriminator made step 16
generator made step 32
discriminator made step 32
generator made step 48
discriminator made step 48
generator made step 64
discriminator made step 64
generator made step 80
discriminator made step 80
generator made step 96
discriminator made step 96
generator made step 112
discriminator made step 112
generator made step 128
discriminator made step 128
generator made step 144
discriminator made step 144
generator made step 160
discriminator made step 160
generator made step 176
discriminator made step 176
generator made step 192
discriminator made step 192
generator made step 208
discriminator made step 208
generator made step 224
discriminator made step 224
generator made step 240
discriminator made step 240
generator made step 256
discriminator made step 256
generator made step 272
discriminator made step 272
generator made step 288
discriminator made step 288
generator made step 304
discriminator made step 304
generator made step 320
discriminator made step 320
generator made step 336
discriminator made step 336
generator made step 352
discriminator made step 352
generator made step 368
discriminator made step 368
generator made step 384
discriminator made step 384
generator made step 400
discriminator made step 400
generator made step 416
discriminator made step 416
generator made step 432
discriminator made step 432
generator made step 448
discriminator made step 448
generator made step 464
discriminator made step 464
generator made step 480
discriminator made step 480
generator made step 496
discriminator made step 496
2022-08-01 02:36:36,199 - root - INFO - Total=435.233694, G=342.407655, D=89.134570, data=1.635267, next=2.056203
2022-08-01 02:36:41,773 - root - INFO - Total=5.574025, G=0.418052, data=3.207503, acc=0.005837, agg=0.132299, next=1.810334
saving checkpoint...
2022-08-01 02:36:52,245 - root - INFO - Time taken for epoch 29 is 451.2808446884155 sec
2022-08-01 02:36:52,245 - root - INFO - Train time = 435.2336940765381, Valid time = 5.574024677276611
2022-08-01 02:36:52,245 - root - INFO - G losses = {'GAN': 4.182706832885742, 'GAN_Feat': 0.6599927544593811, 'L1': 18.160825729370117}
2022-08-01 02:36:52,245 - root - INFO - D losses = {'D_Fake': 0.0, 'D_real': 0.0}
generator made step 0
discriminator made step 0
generator made step 16
discriminator made step 16
generator made step 32
discriminator made step 32
generator made step 48
discriminator made step 48
generator made step 64
discriminator made step 64
generator made step 80
discriminator made step 80
generator made step 96
discriminator made step 96
generator made step 112
discriminator made step 112
generator made step 128
discriminator made step 128
generator made step 144
discriminator made step 144
generator made step 160
discriminator made step 160
generator made step 176
discriminator made step 176
generator made step 192
discriminator made step 192
generator made step 208
discriminator made step 208
generator made step 224
discriminator made step 224
generator made step 240
discriminator made step 240
generator made step 256
discriminator made step 256
generator made step 272
discriminator made step 272
generator made step 288
discriminator made step 288
generator made step 304
discriminator made step 304
generator made step 320
discriminator made step 320
generator made step 336
discriminator made step 336
generator made step 352
discriminator made step 352
generator made step 368
discriminator made step 368
generator made step 384
discriminator made step 384
generator made step 400
discriminator made step 400
generator made step 416
discriminator made step 416
generator made step 432
discriminator made step 432
generator made step 448
discriminator made step 448
generator made step 464
discriminator made step 464
generator made step 480
discriminator made step 480
generator made step 496
discriminator made step 496
2022-08-01 02:44:06,853 - root - INFO - Total=434.607095, G=342.643704, D=89.258685, data=1.632716, next=1.071990
2022-08-01 02:44:12,393 - root - INFO - Total=5.538896, G=0.437238, data=3.188609, acc=0.006371, agg=0.143876, next=1.762801
saving checkpoint...
2022-08-01 02:44:22,831 - root - INFO - Time taken for epoch 30 is 450.5862674713135 sec
2022-08-01 02:44:22,831 - root - INFO - Train time = 434.60709500312805, Valid time = 5.538896322250366
2022-08-01 02:44:22,831 - root - INFO - G losses = {'GAN': 4.189505577087402, 'GAN_Feat': 0.6449562907218933, 'L1': 17.831623077392578}
2022-08-01 02:44:22,831 - root - INFO - D losses = {'D_Fake': 0.0, 'D_real': 0.0}
generator made step 0
discriminator made step 0
generator made step 16
discriminator made step 16
generator made step 32
discriminator made step 32
generator made step 48
discriminator made step 48
generator made step 64
discriminator made step 64
generator made step 80
discriminator made step 80
generator made step 96
discriminator made step 96
generator made step 112
discriminator made step 112
generator made step 128
discriminator made step 128
generator made step 144
discriminator made step 144
generator made step 160
discriminator made step 160
generator made step 176
discriminator made step 176
generator made step 192
discriminator made step 192
generator made step 208
discriminator made step 208
generator made step 224
discriminator made step 224
generator made step 240
discriminator made step 240
generator made step 256
discriminator made step 256
generator made step 272
discriminator made step 272
generator made step 288
discriminator made step 288
generator made step 304
discriminator made step 304
generator made step 320
discriminator made step 320
generator made step 336
discriminator made step 336
generator made step 352
discriminator made step 352
generator made step 368
discriminator made step 368
generator made step 384
discriminator made step 384
generator made step 400
discriminator made step 400
generator made step 416
discriminator made step 416
generator made step 432
discriminator made step 432
generator made step 448
discriminator made step 448
generator made step 464
discriminator made step 464
generator made step 480
discriminator made step 480
generator made step 496
discriminator made step 496
2022-08-01 02:51:37,046 - root - INFO - Total=434.213315, G=342.279097, D=89.223172, data=1.630703, next=1.080343
2022-08-01 02:51:42,531 - root - INFO - Total=5.484422, G=0.554886, data=3.128891, acc=0.007695, agg=0.129525, next=1.663425
saving checkpoint...
2022-08-01 02:51:53,066 - root - INFO - Time taken for epoch 31 is 450.2341718673706 sec
2022-08-01 02:51:53,066 - root - INFO - Train time = 434.2133152484894, Valid time = 5.484421968460083
2022-08-01 02:51:53,066 - root - INFO - G losses = {'GAN': 6.225833892822266, 'GAN_Feat': 0.6178590059280396, 'L1': 38.76436996459961}
2022-08-01 02:51:53,066 - root - INFO - D losses = {'D_Fake': 0.017734741792082787, 'D_real': 8.386252375203185e-06}
generator made step 0
discriminator made step 0
generator made step 16
discriminator made step 16
generator made step 32
discriminator made step 32
generator made step 48
discriminator made step 48
generator made step 64
discriminator made step 64
generator made step 80
discriminator made step 80
generator made step 96
discriminator made step 96
generator made step 112
discriminator made step 112
generator made step 128
discriminator made step 128
generator made step 144
discriminator made step 144
generator made step 160
discriminator made step 160
generator made step 176
discriminator made step 176
generator made step 192
discriminator made step 192
generator made step 208
discriminator made step 208
generator made step 224
discriminator made step 224
generator made step 240
discriminator made step 240
generator made step 256
discriminator made step 256
generator made step 272
discriminator made step 272
generator made step 288
discriminator made step 288
generator made step 304
discriminator made step 304
generator made step 320
discriminator made step 320
generator made step 336
discriminator made step 336
generator made step 352
discriminator made step 352
generator made step 368
discriminator made step 368
generator made step 384
discriminator made step 384
generator made step 400
discriminator made step 400
generator made step 416
discriminator made step 416
generator made step 432
discriminator made step 432
generator made step 448
discriminator made step 448
generator made step 464
discriminator made step 464
generator made step 480
discriminator made step 480
generator made step 496
discriminator made step 496
2022-08-01 02:59:08,454 - root - INFO - Total=435.387306, G=342.395638, D=89.163239, data=1.629863, next=2.198565
2022-08-01 02:59:13,788 - root - INFO - Total=5.332523, G=0.422689, data=3.195189, acc=0.006208, agg=0.129268, next=1.579169
saving checkpoint...
2022-08-01 02:59:24,090 - root - INFO - Time taken for epoch 32 is 451.0245141983032 sec
2022-08-01 02:59:24,091 - root - INFO - Train time = 435.38730573654175, Valid time = 5.332522869110107
2022-08-01 02:59:24,091 - root - INFO - G losses = {'GAN': 4.687005996704102, 'GAN_Feat': 0.6744892001152039, 'L1': 21.5507869720459}
2022-08-01 02:59:24,091 - root - INFO - D losses = {'D_Fake': 0.0, 'D_real': 0.0}
generator made step 0
discriminator made step 0
generator made step 16
discriminator made step 16
generator made step 32
discriminator made step 32
generator made step 48
discriminator made step 48
generator made step 64
discriminator made step 64
generator made step 80
discriminator made step 80
generator made step 96
discriminator made step 96
generator made step 112
discriminator made step 112
generator made step 128
discriminator made step 128
generator made step 144
discriminator made step 144
generator made step 160
discriminator made step 160
generator made step 176
discriminator made step 176
generator made step 192
discriminator made step 192
generator made step 208
discriminator made step 208
generator made step 224
discriminator made step 224
generator made step 240
discriminator made step 240
generator made step 256
discriminator made step 256
generator made step 272
discriminator made step 272
generator made step 288
discriminator made step 288
generator made step 304
discriminator made step 304
generator made step 320
discriminator made step 320
generator made step 336
discriminator made step 336
generator made step 352
discriminator made step 352
generator made step 368
discriminator made step 368
generator made step 384
discriminator made step 384
generator made step 400
discriminator made step 400
generator made step 416
discriminator made step 416
generator made step 432
discriminator made step 432
generator made step 448
discriminator made step 448
generator made step 464
discriminator made step 464
generator made step 480
discriminator made step 480
generator made step 496
discriminator made step 496
2022-08-01 03:06:39,507 - root - INFO - Total=435.415062, G=342.425435, D=89.182541, data=1.631098, next=2.175988
2022-08-01 03:06:45,379 - root - INFO - Total=5.871143, G=0.389446, data=3.353611, acc=0.005817, agg=0.154785, next=1.967484
saving checkpoint...
2022-08-01 03:06:55,694 - root - INFO - Time taken for epoch 33 is 451.60334157943726 sec
2022-08-01 03:06:55,694 - root - INFO - Train time = 435.4150619506836, Valid time = 5.871143102645874
2022-08-01 03:06:55,694 - root - INFO - G losses = {'GAN': 4.548511981964111, 'GAN_Feat': 0.6702886819839478, 'L1': 19.175195693969727}
2022-08-01 03:06:55,694 - root - INFO - D losses = {'D_Fake': 0.0, 'D_real': 0.0}
generator made step 0
discriminator made step 0
generator made step 16
discriminator made step 16
generator made step 32
discriminator made step 32
generator made step 48
discriminator made step 48
generator made step 64
discriminator made step 64
generator made step 80
discriminator made step 80
generator made step 96
discriminator made step 96
generator made step 112
discriminator made step 112
generator made step 128
discriminator made step 128
generator made step 144
discriminator made step 144
generator made step 160
discriminator made step 160
generator made step 176
discriminator made step 176
generator made step 192
discriminator made step 192
generator made step 208
discriminator made step 208
generator made step 224
discriminator made step 224
generator made step 240
discriminator made step 240
generator made step 256
discriminator made step 256
generator made step 272
discriminator made step 272
generator made step 288
discriminator made step 288
generator made step 304
discriminator made step 304
generator made step 320
discriminator made step 320
generator made step 336
discriminator made step 336
generator made step 352
discriminator made step 352
generator made step 368
discriminator made step 368
generator made step 384
discriminator made step 384
generator made step 400
discriminator made step 400
generator made step 416
discriminator made step 416
generator made step 432
discriminator made step 432
generator made step 448
discriminator made step 448
generator made step 464
discriminator made step 464
generator made step 480
discriminator made step 480
generator made step 496
discriminator made step 496
2022-08-01 03:14:10,182 - root - INFO - Total=434.486463, G=342.525901, D=89.135517, data=1.630714, next=1.194331
2022-08-01 03:14:15,728 - root - INFO - Total=5.545543, G=0.495300, data=3.165407, acc=0.006190, agg=0.168558, next=1.710088
saving checkpoint...
2022-08-01 03:14:26,064 - root - INFO - Time taken for epoch 34 is 450.36932253837585 sec
2022-08-01 03:14:26,064 - root - INFO - Train time = 434.4864628314972, Valid time = 5.545543432235718
2022-08-01 03:14:26,064 - root - INFO - G losses = {'GAN': 4.514945030212402, 'GAN_Feat': 0.6681180596351624, 'L1': 15.776013374328613}
2022-08-01 03:14:26,064 - root - INFO - D losses = {'D_Fake': 0.0, 'D_real': 0.0}
generator made step 0
discriminator made step 0
generator made step 16
discriminator made step 16
generator made step 32
discriminator made step 32
generator made step 48
discriminator made step 48
generator made step 64
discriminator made step 64
generator made step 80
discriminator made step 80
generator made step 96
discriminator made step 96
generator made step 112
discriminator made step 112
generator made step 128
discriminator made step 128
generator made step 144
discriminator made step 144
generator made step 160
discriminator made step 160
generator made step 176
discriminator made step 176
generator made step 192
discriminator made step 192
generator made step 208
discriminator made step 208
generator made step 224
discriminator made step 224
generator made step 240
discriminator made step 240
generator made step 256
discriminator made step 256
generator made step 272
discriminator made step 272
generator made step 288
discriminator made step 288
generator made step 304
discriminator made step 304
generator made step 320
discriminator made step 320
generator made step 336
discriminator made step 336
generator made step 352
discriminator made step 352
generator made step 368
discriminator made step 368
generator made step 384
discriminator made step 384
generator made step 400
discriminator made step 400
generator made step 416
discriminator made step 416
srun: Job step aborted: Waiting up to 32 seconds for job step to finish.
slurmstepd: error: *** STEP 2859761.0 ON nid003013 CANCELLED AT 2022-08-01T03:20:30 DUE TO TIME LIMIT ***
slurmstepd: error: *** JOB 2859761 ON nid003013 CANCELLED AT 2022-08-01T03:20:30 DUE TO TIME LIMIT ***
