+ srun -u shifter -V /pscratch/sd/c/cjacobus/ML_Hydro_train/logs:/logs --image=nersc/pytorch:ngc-22.03-v0 --env PYTHONUSERBASE=/global/homes/c/cjacobus/.local/perlmutter/nersc-pytorch-ngc-22.03-v0 bash -c '
    source export_DDP_vars.sh
    python train.py --root_dir=/pscratch/sd/c/cjacobus/tsit --config=tightvalid_up5_tanh_L1_spec
    '
[W socket.cpp:701] The server socket on [nid002417]:29500 is not yet listening (errno: 111 - Connection refused), will retry.
[W socket.cpp:701] The server socket on [nid002417]:29500 is not yet listening (errno: 111 - Connection refused), will retry.
[W socket.cpp:701] The server socket on [nid002417]:29500 is not yet listening (errno: 111 - Connection refused), will retry.
[W socket.cpp:701] The server socket on [nid002417]:29500 is not yet listening (errno: 111 - Connection refused), will retry.
[W socket.cpp:701] The server socket on [nid002417]:29500 is not yet listening (errno: 111 - Connection refused), will retry.
[W socket.cpp:701] The server socket on [nid002417]:29500 is not yet listening (errno: 111 - Connection refused), will retry.
[W socket.cpp:701] The server socket on [nid002417]:29500 is not yet listening (errno: 111 - Connection refused), will retry.
[W socket.cpp:701] The server socket on [nid002417]:29500 is not yet listening (errno: 111 - Connection refused), will retry.
[W socket.cpp:701] The server socket on [nid002417]:29500 is not yet listening (errno: 111 - Connection refused), will retry.
[W socket.cpp:701] The server socket on [nid002417]:29500 is not yet listening (errno: 111 - Connection refused), will retry.
[W socket.cpp:701] The server socket on [nid002417]:29500 is not yet listening (errno: 111 - Connection refused), will retry.
[W socket.cpp:701] The server socket on [nid002417]:29500 is not yet listening (errno: 111 - Connection refused), will retry.
[W socket.cpp:701] The server socket on [nid002417]:29500 is not yet listening (errno: 111 - Connection refused), will retry.
[W socket.cpp:701] The server socket on [nid002417]:29500 is not yet listening (errno: 111 - Connection refused), will retry.
[W socket.cpp:701] The server socket on [nid002417]:29500 is not yet listening (errno: 111 - Connection refused), will retry.
2022-08-01 02:07:12,639 - torch.distributed.distributed_c10d - INFO - Added key: store_based_barrier_key:1 to store for rank: 8
2022-08-01 02:07:12,656 - torch.distributed.distributed_c10d - INFO - Added key: store_based_barrier_key:1 to store for rank: 9
2022-08-01 02:07:12,657 - torch.distributed.distributed_c10d - INFO - Added key: store_based_barrier_key:1 to store for rank: 11
2022-08-01 02:07:12,657 - torch.distributed.distributed_c10d - INFO - Added key: store_based_barrier_key:1 to store for rank: 10
2022-08-01 02:07:13,124 - torch.distributed.distributed_c10d - INFO - Added key: store_based_barrier_key:1 to store for rank: 15
2022-08-01 02:07:13,130 - torch.distributed.distributed_c10d - INFO - Added key: store_based_barrier_key:1 to store for rank: 12
2022-08-01 02:07:13,132 - torch.distributed.distributed_c10d - INFO - Added key: store_based_barrier_key:1 to store for rank: 13
2022-08-01 02:07:13,132 - torch.distributed.distributed_c10d - INFO - Added key: store_based_barrier_key:1 to store for rank: 14
2022-08-01 02:07:13,536 - torch.distributed.distributed_c10d - INFO - Added key: store_based_barrier_key:1 to store for rank: 6
2022-08-01 02:07:13,539 - torch.distributed.distributed_c10d - INFO - Added key: store_based_barrier_key:1 to store for rank: 4
2022-08-01 02:07:13,540 - torch.distributed.distributed_c10d - INFO - Added key: store_based_barrier_key:1 to store for rank: 7
2022-08-01 02:07:13,541 - torch.distributed.distributed_c10d - INFO - Added key: store_based_barrier_key:1 to store for rank: 5
2022-08-01 02:07:13,611 - torch.distributed.distributed_c10d - INFO - Added key: store_based_barrier_key:1 to store for rank: 1
2022-08-01 02:07:13,620 - torch.distributed.distributed_c10d - INFO - Added key: store_based_barrier_key:1 to store for rank: 0
2022-08-01 02:07:13,621 - torch.distributed.distributed_c10d - INFO - Added key: store_based_barrier_key:1 to store for rank: 3
2022-08-01 02:07:13,622 - torch.distributed.distributed_c10d - INFO - Added key: store_based_barrier_key:1 to store for rank: 2
2022-08-01 02:07:13,622 - torch.distributed.distributed_c10d - INFO - Rank 2: Completed store-based barrier for key:store_based_barrier_key:1 with 16 nodes.
2022-08-01 02:07:13,622 - torch.distributed.distributed_c10d - INFO - Rank 13: Completed store-based barrier for key:store_based_barrier_key:1 with 16 nodes.
2022-08-01 02:07:13,623 - torch.distributed.distributed_c10d - INFO - Rank 14: Completed store-based barrier for key:store_based_barrier_key:1 with 16 nodes.
2022-08-01 02:07:13,623 - torch.distributed.distributed_c10d - INFO - Rank 15: Completed store-based barrier for key:store_based_barrier_key:1 with 16 nodes.
2022-08-01 02:07:13,623 - torch.distributed.distributed_c10d - INFO - Rank 5: Completed store-based barrier for key:store_based_barrier_key:1 with 16 nodes.
2022-08-01 02:07:13,628 - torch.distributed.distributed_c10d - INFO - Rank 6: Completed store-based barrier for key:store_based_barrier_key:1 with 16 nodes.
2022-08-01 02:07:13,629 - torch.distributed.distributed_c10d - INFO - Rank 11: Completed store-based barrier for key:store_based_barrier_key:1 with 16 nodes.
2022-08-01 02:07:13,630 - torch.distributed.distributed_c10d - INFO - Rank 9: Completed store-based barrier for key:store_based_barrier_key:1 with 16 nodes.
2022-08-01 02:07:13,630 - torch.distributed.distributed_c10d - INFO - Rank 0: Completed store-based barrier for key:store_based_barrier_key:1 with 16 nodes.
2022-08-01 02:07:13,630 - torch.distributed.distributed_c10d - INFO - Rank 8: Completed store-based barrier for key:store_based_barrier_key:1 with 16 nodes.
2022-08-01 02:07:13,630 - torch.distributed.distributed_c10d - INFO - Rank 12: Completed store-based barrier for key:store_based_barrier_key:1 with 16 nodes.
2022-08-01 02:07:13,630 - torch.distributed.distributed_c10d - INFO - Rank 4: Completed store-based barrier for key:store_based_barrier_key:1 with 16 nodes.
2022-08-01 02:07:13,631 - torch.distributed.distributed_c10d - INFO - Rank 10: Completed store-based barrier for key:store_based_barrier_key:1 with 16 nodes.
2022-08-01 02:07:13,631 - torch.distributed.distributed_c10d - INFO - Rank 3: Completed store-based barrier for key:store_based_barrier_key:1 with 16 nodes.
2022-08-01 02:07:13,632 - torch.distributed.distributed_c10d - INFO - Rank 7: Completed store-based barrier for key:store_based_barrier_key:1 with 16 nodes.
2022-08-01 02:07:13,632 - torch.distributed.distributed_c10d - INFO - Rank 1: Completed store-based barrier for key:store_based_barrier_key:1 with 16 nodes.
2022-08-01 02:07:13,643 - root - INFO - rank 14, begin data loader init
2022-08-01 02:07:13,643 - root - INFO - rank 15, begin data loader init
2022-08-01 02:07:13,643 - root - INFO - rank 13, begin data loader init
2022-08-01 02:07:13,644 - root - INFO - rank 14, data loader initialized
2022-08-01 02:07:13,644 - root - INFO - rank 15, data loader initialized
2022-08-01 02:07:13,644 - root - INFO - rank 13, data loader initialized
2022-08-01 02:07:13,644 - root - INFO - rank 12, begin data loader init
2022-08-01 02:07:13,644 - root - INFO - rank 12, data loader initialized
2022-08-01 02:07:13,649 - root - INFO - rank 2, begin data loader init
2022-08-01 02:07:13,649 - root - INFO - rank 2, data loader initialized
2022-08-01 02:07:13,649 - root - INFO - rank 1, begin data loader init
2022-08-01 02:07:13,649 - root - INFO - rank 1, data loader initialized
2022-08-01 02:07:13,649 - root - INFO - rank 4, begin data loader init
2022-08-01 02:07:13,649 - root - INFO - rank 5, begin data loader init
2022-08-01 02:07:13,649 - root - INFO - ------------------ Configuration ------------------
2022-08-01 02:07:13,649 - root - INFO - rank 7, begin data loader init
2022-08-01 02:07:13,649 - root - INFO - Configuration file: /global/u1/c/cjacobus/Nyx-TSIT/config/tsit.yaml
2022-08-01 02:07:13,649 - root - INFO - rank 3, begin data loader init
2022-08-01 02:07:13,649 - root - INFO - rank 4, data loader initialized
2022-08-01 02:07:13,649 - root - INFO - Configuration name: tightvalid_up5_tanh_L1_spec
2022-08-01 02:07:13,649 - root - INFO - Nsamples 8192
2022-08-01 02:07:13,649 - root - INFO - Nsamples_val 512
2022-08-01 02:07:13,649 - root - INFO - niter 200
2022-08-01 02:07:13,649 - root - INFO - niter_decay 150
2022-08-01 02:07:13,649 - root - INFO - use_spec_loss False
2022-08-01 02:07:13,649 - root - INFO - rank 6, begin data loader init
2022-08-01 02:07:13,649 - root - INFO - lambda_spec 100.0
2022-08-01 02:07:13,649 - root - INFO - use_l1_loss True
2022-08-01 02:07:13,649 - root - INFO - lambda_l1 300.0
2022-08-01 02:07:13,649 - root - INFO - rank 5, data loader initialized
2022-08-01 02:07:13,649 - root - INFO - data_size 128
2022-08-01 02:07:13,649 - root - INFO - rank 3, data loader initialized
2022-08-01 02:07:13,650 - root - INFO - train_path /pscratch/sd/c/cjacobus/Nyx_512/train_s1_512_invar3_fullnorm_hydro.h5
2022-08-01 02:07:13,650 - root - INFO - val_path /pscratch/sd/c/cjacobus/Nyx_512/valid_s2_512_invar3_fullnorm_hydro.h5
2022-08-01 02:07:13,649 - root - INFO - rank 7, data loader initialized
2022-08-01 02:07:13,650 - root - INFO - num_upsampling_blocks 5
2022-08-01 02:07:13,650 - root - INFO - tanh False
2022-08-01 02:07:13,650 - root - INFO - num_data_workers 16
2022-08-01 02:07:13,650 - root - INFO - in_channels [0, 1, 2, 3, 17, 18, 19]
2022-08-01 02:07:13,650 - root - INFO - out_channels [0]
2022-08-01 02:07:13,650 - root - INFO - min_path /pscratch/sd/s/shas1693/data/era5/mins.npy
2022-08-01 02:07:13,650 - root - INFO - max_path /pscratch/sd/s/shas1693/data/era5/maxs.npy
2022-08-01 02:07:13,650 - root - INFO - time_means_path /pscratch/sd/s/shas1693/data/era5/time_means.npy
2022-08-01 02:07:13,650 - root - INFO - global_means_path /pscratch/sd/s/shas1693/data/era5/global_means.npy
2022-08-01 02:07:13,650 - root - INFO - rank 6, data loader initialized
2022-08-01 02:07:13,650 - root - INFO - global_stds_path /pscratch/sd/s/shas1693/data/era5/global_stds.npy
2022-08-01 02:07:13,650 - root - INFO - precip /pscratch/sd/p/pharring/ERA5/precip/total_precipitation
2022-08-01 02:07:13,650 - root - INFO - precip_eps 1e-05
2022-08-01 02:07:13,650 - root - INFO - dt 1
2022-08-01 02:07:13,650 - root - INFO - n_history 0
2022-08-01 02:07:13,650 - root - INFO - crop_size_x None
2022-08-01 02:07:13,650 - root - INFO - crop_size_y None
2022-08-01 02:07:13,650 - root - INFO - roll False
2022-08-01 02:07:13,650 - root - INFO - conttime False
2022-08-01 02:07:13,650 - root - INFO - normalization zscore
2022-08-01 02:07:13,650 - root - INFO - add_grid False
2022-08-01 02:07:13,650 - root - INFO - model pix2pix
2022-08-01 02:07:13,650 - root - INFO - norm_G spectralfadebatch3x3
2022-08-01 02:07:13,650 - root - INFO - norm_D spectralinstance
2022-08-01 02:07:13,650 - root - INFO - norm_S spectralinstance
2022-08-01 02:07:13,650 - root - INFO - norm_E spectralinstance
2022-08-01 02:07:13,650 - root - INFO - batch_size 16
2022-08-01 02:07:13,650 - root - INFO - img_size [512, 512, 512]
2022-08-01 02:07:13,650 - root - INFO - box_size [512, 512, 512]
2022-08-01 02:07:13,650 - root - INFO - input_nc 5
2022-08-01 02:07:13,650 - root - INFO - output_nc 5
2022-08-01 02:07:13,650 - root - INFO - netG tsit
2022-08-01 02:07:13,650 - root - INFO - ngf 64
2022-08-01 02:07:13,650 - root - INFO - init_type xavier
2022-08-01 02:07:13,650 - root - INFO - init_variance 0.02
2022-08-01 02:07:13,650 - root - INFO - z_dim 256
2022-08-01 02:07:13,650 - root - INFO - alpha 1.0
2022-08-01 02:07:13,650 - root - INFO - no_ss True
2022-08-01 02:07:13,650 - root - INFO - downsamp True
2022-08-01 02:07:13,650 - root - INFO - use_periodic_padding True
2022-08-01 02:07:13,650 - root - INFO - additive_noise False
2022-08-01 02:07:13,650 - root - INFO - nef 16
2022-08-01 02:07:13,650 - root - INFO - use_vae False
2022-08-01 02:07:13,650 - root - INFO - optimizer adam
2022-08-01 02:07:13,650 - root - INFO - beta1 0.5
2022-08-01 02:07:13,650 - root - INFO - beta2 0.999
2022-08-01 02:07:13,650 - root - INFO - lr 0.0002
2022-08-01 02:07:13,650 - root - INFO - D_steps_per_G 1
2022-08-01 02:07:13,650 - root - INFO - ndf 64
2022-08-01 02:07:13,650 - root - INFO - lambda_feat 0.5
2022-08-01 02:07:13,650 - root - INFO - no_ganFeat_loss False
2022-08-01 02:07:13,650 - root - INFO - gan_mode hinge
2022-08-01 02:07:13,650 - root - INFO - netD multiscale
2022-08-01 02:07:13,650 - root - INFO - num_D 2
2022-08-01 02:07:13,650 - root - INFO - n_layers_D 4
2022-08-01 02:07:13,650 - root - INFO - no_TTUR True
2022-08-01 02:07:13,650 - root - INFO - lambda_kld 0.05
2022-08-01 02:07:13,650 - root - INFO - cat_inp False
2022-08-01 02:07:13,650 - root - INFO - entity weatherbenching
2022-08-01 02:07:13,650 - root - INFO - project Nyx-TSIT
2022-08-01 02:07:13,651 - root - INFO - log_to_wandb True
2022-08-01 02:07:13,651 - root - INFO - log_to_screen True
2022-08-01 02:07:13,651 - root - INFO - save_checkpoint True
2022-08-01 02:07:13,651 - root - INFO - weight_init ordereddict([('conv_init', 'normal'), ('conv_scale', 0.02), ('conv_bias', 0.0)])
2022-08-01 02:07:13,651 - root - INFO - lambda_rho 0
2022-08-01 02:07:13,651 - root - INFO - full_scale True
2022-08-01 02:07:13,651 - root - INFO - global_batch_size 64
2022-08-01 02:07:13,651 - root - INFO - base_batch_size 64
2022-08-01 02:07:13,651 - root - INFO - num_epochs 60
2022-08-01 02:07:13,651 - root - INFO - enable_amp False
2022-08-01 02:07:13,651 - root - INFO - enable_apex False
2022-08-01 02:07:13,651 - root - INFO - enable_benchy False
2022-08-01 02:07:13,651 - root - INFO - enable_jit False
2022-08-01 02:07:13,651 - root - INFO - expdir /pscratch/sd/c/cjacobus/Nyx_TSIT_train
2022-08-01 02:07:13,651 - root - INFO - lr_schedule ordereddict([('scaling', 'sqrt'), ('start_lr', 0.0002), ('end_lr', 0.0), ('warmup_steps', 128)])
2022-08-01 02:07:13,651 - root - INFO - data_loader_config lowmem
2022-08-01 02:07:13,651 - root - INFO - N_out_channels 5
2022-08-01 02:07:13,651 - root - INFO - N_in_channels 5
2022-08-01 02:07:13,651 - root - INFO - use_cache None
2022-08-01 02:07:13,651 - root - INFO - ---------------------------------------------------
log_to_wandb -------------------------------------------------------------------
dir exists: /pscratch/sd/c/cjacobus/tsit/expts/tightvalid_up5_tanh_L1_spec/checkpoints/
2022-08-01 02:07:13,651 - root - INFO - rank 8, begin data loader init
2022-08-01 02:07:13,651 - root - INFO - rank 9, begin data loader init
2022-08-01 02:07:13,651 - root - INFO - rank 10, begin data loader init
2022-08-01 02:07:13,651 - root - INFO - rank 11, begin data loader init
2022-08-01 02:07:13,651 - root - INFO - rank 9, data loader initialized
2022-08-01 02:07:13,651 - root - INFO - rank 10, data loader initialized
2022-08-01 02:07:13,651 - root - INFO - rank 11, data loader initialized
2022-08-01 02:07:13,651 - root - INFO - rank 8, data loader initialized
wandb: Currently logged in as: cjacobus (use `wandb login --relogin` to force relogin)
wandb: wandb version 0.12.21 is available!  To upgrade, please run:
wandb:  $ pip install wandb --upgrade
wandb: Tracking run with wandb version 0.12.13
wandb: Run data is saved locally in /pscratch/sd/c/cjacobus/tsit/expts/tightvalid_up5_tanh_L1_spec/wandb/run-20220801_020714-4t34bl94
wandb: Run `wandb offline` to turn off syncing.
wandb: Resuming run tightvalid_up5_tanh_L1_spec
wandb: ⭐️ View project at https://wandb.ai/weatherbenching/Nyx-TSIT
wandb: 🚀 View run at https://wandb.ai/weatherbenching/Nyx-TSIT/runs/4t34bl94
checking dir: /pscratch/sd/c/cjacobus/tsit/expts/tightvalid_up5_tanh_L1_spec/checkpoints/
dir exists: /pscratch/sd/c/cjacobus/tsit/expts/tightvalid_up5_tanh_L1_spec/checkpoints/
2022-08-01 02:07:15,141 - root - INFO - rank 0, begin data loader init
2022-08-01 02:07:15,141 - root - INFO - rank 0, data loader initialized
Network [TSITGenerator] was created. Total number of parameters: 991.3 million. To see the architecture, do print(network).
Network [TSITGenerator] was created. Total number of parameters: 991.3 million. To see the architecture, do print(network).
Network [TSITGenerator] was created. Total number of parameters: 991.3 million. To see the architecture, do print(network).
Network [TSITGenerator] was created. Total number of parameters: 991.3 million. To see the architecture, do print(network).
Network [TSITGenerator] was created. Total number of parameters: 991.3 million. To see the architecture, do print(network).
Network [TSITGenerator] was created. Total number of parameters: 991.3 million. To see the architecture, do print(network).
Network [TSITGenerator] was created. Total number of parameters: 991.3 million. To see the architecture, do print(network).
Network [TSITGenerator] was created. Total number of parameters: 991.3 million. To see the architecture, do print(network).
Network [TSITGenerator] was created. Total number of parameters: 991.3 million. To see the architecture, do print(network).
Network [TSITGenerator] was created. Total number of parameters: 991.3 million. To see the architecture, do print(network).
Network [TSITGenerator] was created. Total number of parameters: 991.3 million. To see the architecture, do print(network).
Network [TSITGenerator] was created. Total number of parameters: 991.3 million. To see the architecture, do print(network).
Network [TSITGenerator] was created. Total number of parameters: 991.3 million. To see the architecture, do print(network).
Network [TSITGenerator] was created. Total number of parameters: 991.3 million. To see the architecture, do print(network).
Network [TSITGenerator] was created. Total number of parameters: 991.3 million. To see the architecture, do print(network).
Network [TSITGenerator] was created. Total number of parameters: 991.3 million. To see the architecture, do print(network).
Network [MultiscaleDiscriminator] was created. Total number of parameters: 22.1 million. To see the architecture, do print(network).
Network [MultiscaleDiscriminator] was created. Total number of parameters: 22.1 million. To see the architecture, do print(network).
Network [MultiscaleDiscriminator] was created. Total number of parameters: 22.1 million. To see the architecture, do print(network).
Network [MultiscaleDiscriminator] was created. Total number of parameters: 22.1 million. To see the architecture, do print(network).
Network [MultiscaleDiscriminator] was created. Total number of parameters: 22.1 million. To see the architecture, do print(network).
Network [MultiscaleDiscriminator] was created. Total number of parameters: 22.1 million. To see the architecture, do print(network).
Network [MultiscaleDiscriminator] was created. Total number of parameters: 22.1 million. To see the architecture, do print(network).
Network [MultiscaleDiscriminator] was created. Total number of parameters: 22.1 million. To see the architecture, do print(network).
Network [MultiscaleDiscriminator] was created. Total number of parameters: 22.1 million. To see the architecture, do print(network).
Network [MultiscaleDiscriminator] was created. Total number of parameters: 22.1 million. To see the architecture, do print(network).
Network [MultiscaleDiscriminator] was created. Total number of parameters: 22.1 million. To see the architecture, do print(network).
Network [MultiscaleDiscriminator] was created. Total number of parameters: 22.1 million. To see the architecture, do print(network).
Network [MultiscaleDiscriminator] was created. Total number of parameters: 22.1 million. To see the architecture, do print(network).
Network [MultiscaleDiscriminator] was created. Total number of parameters: 22.1 million. To see the architecture, do print(network).
Network [MultiscaleDiscriminator] was created. Total number of parameters: 22.1 million. To see the architecture, do print(network).
Network [MultiscaleDiscriminator] was created. Total number of parameters: 22.1 million. To see the architecture, do print(network).
2022-08-01 02:07:36,639 - root - INFO - Loading checkpoint /pscratch/sd/c/cjacobus/tsit/expts/tightvalid_up5_tanh_L1_spec/checkpoints/ckpt.tar
2022-08-01 02:07:36,640 - root - INFO - Loading checkpoint /pscratch/sd/c/cjacobus/tsit/expts/tightvalid_up5_tanh_L1_spec/checkpoints/ckpt.tar
2022-08-01 02:07:36,640 - root - INFO - Loading checkpoint /pscratch/sd/c/cjacobus/tsit/expts/tightvalid_up5_tanh_L1_spec/checkpoints/ckpt.tar
2022-08-01 02:07:36,641 - root - INFO - Loading checkpoint /pscratch/sd/c/cjacobus/tsit/expts/tightvalid_up5_tanh_L1_spec/checkpoints/ckpt.tar
2022-08-01 02:07:36,642 - root - INFO - Loading checkpoint /pscratch/sd/c/cjacobus/tsit/expts/tightvalid_up5_tanh_L1_spec/checkpoints/ckpt.tar
2022-08-01 02:07:36,643 - root - INFO - Loading checkpoint /pscratch/sd/c/cjacobus/tsit/expts/tightvalid_up5_tanh_L1_spec/checkpoints/ckpt.tar
2022-08-01 02:07:36,643 - root - INFO - Loading checkpoint /pscratch/sd/c/cjacobus/tsit/expts/tightvalid_up5_tanh_L1_spec/checkpoints/ckpt.tar
2022-08-01 02:07:36,644 - root - INFO - Loading checkpoint /pscratch/sd/c/cjacobus/tsit/expts/tightvalid_up5_tanh_L1_spec/checkpoints/ckpt.tar
2022-08-01 02:07:36,645 - root - INFO - Loading checkpoint /pscratch/sd/c/cjacobus/tsit/expts/tightvalid_up5_tanh_L1_spec/checkpoints/ckpt.tar
2022-08-01 02:07:36,645 - root - INFO - Loading checkpoint /pscratch/sd/c/cjacobus/tsit/expts/tightvalid_up5_tanh_L1_spec/checkpoints/ckpt.tar
2022-08-01 02:07:36,645 - root - INFO - Loading checkpoint /pscratch/sd/c/cjacobus/tsit/expts/tightvalid_up5_tanh_L1_spec/checkpoints/ckpt.tar
2022-08-01 02:07:36,645 - root - INFO - Loading checkpoint /pscratch/sd/c/cjacobus/tsit/expts/tightvalid_up5_tanh_L1_spec/checkpoints/ckpt.tar
2022-08-01 02:07:36,645 - root - INFO - Loading checkpoint /pscratch/sd/c/cjacobus/tsit/expts/tightvalid_up5_tanh_L1_spec/checkpoints/ckpt.tar
2022-08-01 02:07:36,645 - root - INFO - Loading checkpoint /pscratch/sd/c/cjacobus/tsit/expts/tightvalid_up5_tanh_L1_spec/checkpoints/ckpt.tar
2022-08-01 02:07:36,645 - root - INFO - Loading checkpoint /pscratch/sd/c/cjacobus/tsit/expts/tightvalid_up5_tanh_L1_spec/checkpoints/ckpt.tar
2022-08-01 02:07:36,646 - root - INFO - Loading checkpoint /pscratch/sd/c/cjacobus/tsit/expts/tightvalid_up5_tanh_L1_spec/checkpoints/ckpt.tar
2022-08-01 02:07:42,376 - root - INFO - Starting Training Loop...
[W reducer.cpp:1282] Warning: find_unused_parameters=True was specified in DDP constructor, but did not find any unused parameters in the forward pass. This flag results in an extra traversal of the autograd graph every iteration,  which can adversely affect performance. If your model indeed never has any unused parameters in the forward pass, consider turning this flag off. Note that this warning may be a false positive if your model has flow control causing later iterations to have unused parameters. (function operator())
[W reducer.cpp:1282] Warning: find_unused_parameters=True was specified in DDP constructor, but did not find any unused parameters in the forward pass. This flag results in an extra traversal of the autograd graph every iteration,  which can adversely affect performance. If your model indeed never has any unused parameters in the forward pass, consider turning this flag off. Note that this warning may be a false positive if your model has flow control causing later iterations to have unused parameters. (function operator())
[W reducer.cpp:1282] Warning: find_unused_parameters=True was specified in DDP constructor, but did not find any unused parameters in the forward pass. This flag results in an extra traversal of the autograd graph every iteration,  which can adversely affect performance. If your model indeed never has any unused parameters in the forward pass, consider turning this flag off. Note that this warning may be a false positive if your model has flow control causing later iterations to have unused parameters. (function operator())
[W reducer.cpp:1282] Warning: find_unused_parameters=True was specified in DDP constructor, but did not find any unused parameters in the forward pass. This flag results in an extra traversal of the autograd graph every iteration,  which can adversely affect performance. If your model indeed never has any unused parameters in the forward pass, consider turning this flag off. Note that this warning may be a false positive if your model has flow control causing later iterations to have unused parameters. (function operator())
[W reducer.cpp:1282] Warning: find_unused_parameters=True was specified in DDP constructor, but did not find any unused parameters in the forward pass. This flag results in an extra traversal of the autograd graph every iteration,  which can adversely affect performance. If your model indeed never has any unused parameters in the forward pass, consider turning this flag off. Note that this warning may be a false positive if your model has flow control causing later iterations to have unused parameters. (function operator())
[W reducer.cpp:1282] Warning: find_unused_parameters=True was specified in DDP constructor, but did not find any unused parameters in the forward pass. This flag results in an extra traversal of the autograd graph every iteration,  which can adversely affect performance. If your model indeed never has any unused parameters in the forward pass, consider turning this flag off. Note that this warning may be a false positive if your model has flow control causing later iterations to have unused parameters. (function operator())
[W reducer.cpp:1282] Warning: find_unused_parameters=True was specified in DDP constructor, but did not find any unused parameters in the forward pass. This flag results in an extra traversal of the autograd graph every iteration,  which can adversely affect performance. If your model indeed never has any unused parameters in the forward pass, consider turning this flag off. Note that this warning may be a false positive if your model has flow control causing later iterations to have unused parameters. (function operator())
[W reducer.cpp:1282] Warning: find_unused_parameters=True was specified in DDP constructor, but did not find any unused parameters in the forward pass. This flag results in an extra traversal of the autograd graph every iteration,  which can adversely affect performance. If your model indeed never has any unused parameters in the forward pass, consider turning this flag off. Note that this warning may be a false positive if your model has flow control causing later iterations to have unused parameters. (function operator())
[W reducer.cpp:1282] Warning: find_unused_parameters=True was specified in DDP constructor, but did not find any unused parameters in the forward pass. This flag results in an extra traversal of the autograd graph every iteration,  which can adversely affect performance. If your model indeed never has any unused parameters in the forward pass, consider turning this flag off. Note that this warning may be a false positive if your model has flow control causing later iterations to have unused parameters. (function operator())
[W reducer.cpp:1282] Warning: find_unused_parameters=True was specified in DDP constructor, but did not find any unused parameters in the forward pass. This flag results in an extra traversal of the autograd graph every iteration,  which can adversely affect performance. If your model indeed never has any unused parameters in the forward pass, consider turning this flag off. Note that this warning may be a false positive if your model has flow control causing later iterations to have unused parameters. (function operator())
[W reducer.cpp:1282] Warning: find_unused_parameters=True was specified in DDP constructor, but did not find any unused parameters in the forward pass. This flag results in an extra traversal of the autograd graph every iteration,  which can adversely affect performance. If your model indeed never has any unused parameters in the forward pass, consider turning this flag off. Note that this warning may be a false positive if your model has flow control causing later iterations to have unused parameters. (function operator())
[W reducer.cpp:1282] Warning: find_unused_parameters=True was specified in DDP constructor, but did not find any unused parameters in the forward pass. This flag results in an extra traversal of the autograd graph every iteration,  which can adversely affect performance. If your model indeed never has any unused parameters in the forward pass, consider turning this flag off. Note that this warning may be a false positive if your model has flow control causing later iterations to have unused parameters. (function operator())
[W reducer.cpp:1282] Warning: find_unused_parameters=True was specified in DDP constructor, but did not find any unused parameters in the forward pass. This flag results in an extra traversal of the autograd graph every iteration,  which can adversely affect performance. If your model indeed never has any unused parameters in the forward pass, consider turning this flag off. Note that this warning may be a false positive if your model has flow control causing later iterations to have unused parameters. (function operator())
[W reducer.cpp:1282] Warning: find_unused_parameters=True was specified in DDP constructor, but did not find any unused parameters in the forward pass. This flag results in an extra traversal of the autograd graph every iteration,  which can adversely affect performance. If your model indeed never has any unused parameters in the forward pass, consider turning this flag off. Note that this warning may be a false positive if your model has flow control causing later iterations to have unused parameters. (function operator())
[W reducer.cpp:1282] Warning: find_unused_parameters=True was specified in DDP constructor, but did not find any unused parameters in the forward pass. This flag results in an extra traversal of the autograd graph every iteration,  which can adversely affect performance. If your model indeed never has any unused parameters in the forward pass, consider turning this flag off. Note that this warning may be a false positive if your model has flow control causing later iterations to have unused parameters. (function operator())
[W reducer.cpp:1282] Warning: find_unused_parameters=True was specified in DDP constructor, but did not find any unused parameters in the forward pass. This flag results in an extra traversal of the autograd graph every iteration,  which can adversely affect performance. If your model indeed never has any unused parameters in the forward pass, consider turning this flag off. Note that this warning may be a false positive if your model has flow control causing later iterations to have unused parameters. (function operator())
generator made step 0
discriminator made step 0
generator made step 16
discriminator made step 16
generator made step 32
discriminator made step 32
generator made step 48
discriminator made step 48
generator made step 64
discriminator made step 64
generator made step 80
discriminator made step 80
generator made step 96
discriminator made step 96
generator made step 112
discriminator made step 112
generator made step 128
discriminator made step 128
generator made step 144
discriminator made step 144
generator made step 160
discriminator made step 160
generator made step 176
discriminator made step 176
generator made step 192
discriminator made step 192
generator made step 208
discriminator made step 208
generator made step 224
discriminator made step 224
generator made step 240
discriminator made step 240
generator made step 256
discriminator made step 256
generator made step 272
discriminator made step 272
generator made step 288
discriminator made step 288
generator made step 304
discriminator made step 304
generator made step 320
discriminator made step 320
generator made step 336
discriminator made step 336
generator made step 352
discriminator made step 352
generator made step 368
discriminator made step 368
generator made step 384
discriminator made step 384
generator made step 400
discriminator made step 400
generator made step 416
discriminator made step 416
generator made step 432
discriminator made step 432
generator made step 448
discriminator made step 448
generator made step 464
discriminator made step 464
generator made step 480
discriminator made step 480
generator made step 496
discriminator made step 496
2022-08-01 02:15:25,311 - root - INFO - Total=462.934279, G=368.051368, D=89.142654, data=1.644664, next=4.095594
2022-08-01 02:15:32,073 - root - INFO - Total=6.760509, G=0.436892, data=3.146276, acc=1.411019, agg=0.129064, next=1.637256
saving checkpoint...
2022-08-01 02:15:44,192 - root - INFO - Time taken for epoch 15 is 481.815691947937 sec
2022-08-01 02:15:44,192 - root - INFO - Train time = 462.9342794418335, Valid time = 6.7605085372924805
2022-08-01 02:15:44,192 - root - INFO - G losses = {'GAN': 3.513970136642456, 'GAN_Feat': 0.5608839988708496, 'L1': 23.249258041381836}
2022-08-01 02:15:44,192 - root - INFO - D losses = {'D_Fake': 0.00028938186005689204, 'D_real': 0.01228448748588562}
generator made step 0
discriminator made step 0
generator made step 16
discriminator made step 16
generator made step 32
discriminator made step 32
generator made step 48
discriminator made step 48
generator made step 64
discriminator made step 64
generator made step 80
discriminator made step 80
generator made step 96
discriminator made step 96
generator made step 112
discriminator made step 112
generator made step 128
discriminator made step 128
generator made step 144
discriminator made step 144
generator made step 160
discriminator made step 160
generator made step 176
discriminator made step 176
generator made step 192
discriminator made step 192
generator made step 208
discriminator made step 208
generator made step 224
discriminator made step 224
generator made step 240
discriminator made step 240
generator made step 256
discriminator made step 256
generator made step 272
discriminator made step 272
generator made step 288
discriminator made step 288
generator made step 304
discriminator made step 304
generator made step 320
discriminator made step 320
generator made step 336
discriminator made step 336
generator made step 352
discriminator made step 352
generator made step 368
discriminator made step 368
generator made step 384
discriminator made step 384
generator made step 400
discriminator made step 400
generator made step 416
discriminator made step 416
generator made step 432
discriminator made step 432
generator made step 448
discriminator made step 448
generator made step 464
discriminator made step 464
generator made step 480
discriminator made step 480
generator made step 496
discriminator made step 496
2022-08-01 02:22:58,817 - root - INFO - Total=434.624408, G=342.773231, D=89.280290, data=1.630519, next=0.940367
2022-08-01 02:23:04,550 - root - INFO - Total=5.732259, G=0.399606, data=3.244011, acc=0.013149, agg=0.148524, next=1.926968
saving checkpoint...
2022-08-01 02:23:15,508 - root - INFO - Time taken for epoch 16 is 451.31649518013 sec
2022-08-01 02:23:15,509 - root - INFO - Train time = 434.6244080066681, Valid time = 5.732258558273315
2022-08-01 02:23:15,509 - root - INFO - G losses = {'GAN': 3.501873731613159, 'GAN_Feat': 0.5670847296714783, 'L1': 20.943544387817383}
2022-08-01 02:23:15,509 - root - INFO - D losses = {'D_Fake': 5.502241037902422e-05, 'D_real': 7.482305954908952e-05}
generator made step 0
discriminator made step 0
generator made step 16
discriminator made step 16
generator made step 32
discriminator made step 32
generator made step 48
discriminator made step 48
generator made step 64
discriminator made step 64
generator made step 80
discriminator made step 80
generator made step 96
discriminator made step 96
generator made step 112
discriminator made step 112
generator made step 128
discriminator made step 128
generator made step 144
discriminator made step 144
generator made step 160
discriminator made step 160
generator made step 176
discriminator made step 176
generator made step 192
discriminator made step 192
generator made step 208
discriminator made step 208
generator made step 224
discriminator made step 224
generator made step 240
discriminator made step 240
generator made step 256
discriminator made step 256
generator made step 272
discriminator made step 272
generator made step 288
discriminator made step 288
generator made step 304
discriminator made step 304
generator made step 320
discriminator made step 320
generator made step 336
discriminator made step 336
generator made step 352
discriminator made step 352
generator made step 368
discriminator made step 368
generator made step 384
discriminator made step 384
generator made step 400
discriminator made step 400
generator made step 416
discriminator made step 416
generator made step 432
discriminator made step 432
generator made step 448
discriminator made step 448
generator made step 464
discriminator made step 464
generator made step 480
discriminator made step 480
generator made step 496
discriminator made step 496
2022-08-01 02:30:30,724 - root - INFO - Total=435.213930, G=343.032223, D=89.294348, data=1.630993, next=1.256366
2022-08-01 02:30:36,267 - root - INFO - Total=5.542893, G=0.431194, data=3.041151, acc=0.006814, agg=0.128770, next=1.934964
saving checkpoint...
2022-08-01 02:30:46,835 - root - INFO - Time taken for epoch 17 is 451.32593750953674 sec
2022-08-01 02:30:46,835 - root - INFO - Train time = 435.2139301300049, Valid time = 5.542893171310425
2022-08-01 02:30:46,835 - root - INFO - G losses = {'GAN': 3.3809778690338135, 'GAN_Feat': 0.5805654525756836, 'L1': 23.94171714782715}
2022-08-01 02:30:46,835 - root - INFO - D losses = {'D_Fake': 6.096310244174674e-06, 'D_real': 0.0}
generator made step 0
discriminator made step 0
generator made step 16
discriminator made step 16
generator made step 32
discriminator made step 32
generator made step 48
discriminator made step 48
generator made step 64
discriminator made step 64
generator made step 80
discriminator made step 80
generator made step 96
discriminator made step 96
generator made step 112
discriminator made step 112
generator made step 128
discriminator made step 128
generator made step 144
discriminator made step 144
generator made step 160
discriminator made step 160
generator made step 176
discriminator made step 176
generator made step 192
discriminator made step 192
generator made step 208
discriminator made step 208
generator made step 224
discriminator made step 224
generator made step 240
discriminator made step 240
generator made step 256
discriminator made step 256
generator made step 272
discriminator made step 272
generator made step 288
discriminator made step 288
generator made step 304
discriminator made step 304
generator made step 320
discriminator made step 320
generator made step 336
discriminator made step 336
generator made step 352
discriminator made step 352
generator made step 368
discriminator made step 368
generator made step 384
discriminator made step 384
generator made step 400
discriminator made step 400
generator made step 416
discriminator made step 416
generator made step 432
discriminator made step 432
generator made step 448
discriminator made step 448
generator made step 464
discriminator made step 464
generator made step 480
discriminator made step 480
generator made step 496
discriminator made step 496
2022-08-01 02:38:02,643 - root - INFO - Total=435.806828, G=342.736175, D=89.176201, data=1.628632, next=2.265821
2022-08-01 02:38:08,168 - root - INFO - Total=5.524891, G=0.458058, data=3.169084, acc=0.006820, agg=0.131173, next=1.759756
saving checkpoint...
2022-08-01 02:38:18,664 - root - INFO - Time taken for epoch 18 is 451.82901263237 sec
2022-08-01 02:38:18,664 - root - INFO - Train time = 435.80682826042175, Valid time = 5.524891376495361
2022-08-01 02:38:18,664 - root - INFO - G losses = {'GAN': 4.3528218269348145, 'GAN_Feat': 0.6118079423904419, 'L1': 29.638408660888672}
2022-08-01 02:38:18,664 - root - INFO - D losses = {'D_Fake': 0.0017784006195142865, 'D_real': 0.005358911119401455}
generator made step 0
discriminator made step 0
generator made step 16
discriminator made step 16
generator made step 32
discriminator made step 32
generator made step 48
discriminator made step 48
generator made step 64
discriminator made step 64
generator made step 80
discriminator made step 80
generator made step 96
discriminator made step 96
generator made step 112
discriminator made step 112
generator made step 128
discriminator made step 128
generator made step 144
discriminator made step 144
generator made step 160
discriminator made step 160
generator made step 176
discriminator made step 176
generator made step 192
discriminator made step 192
generator made step 208
discriminator made step 208
generator made step 224
discriminator made step 224
generator made step 240
discriminator made step 240
generator made step 256
discriminator made step 256
generator made step 272
discriminator made step 272
generator made step 288
discriminator made step 288
generator made step 304
discriminator made step 304
generator made step 320
discriminator made step 320
generator made step 336
discriminator made step 336
generator made step 352
discriminator made step 352
generator made step 368
discriminator made step 368
generator made step 384
discriminator made step 384
generator made step 400
discriminator made step 400
generator made step 416
discriminator made step 416
generator made step 432
discriminator made step 432
generator made step 448
discriminator made step 448
generator made step 464
discriminator made step 464
generator made step 480
discriminator made step 480
generator made step 496
discriminator made step 496
2022-08-01 02:45:33,788 - root - INFO - Total=435.123483, G=342.917805, D=89.246139, data=1.629288, next=1.330251
2022-08-01 02:45:39,430 - root - INFO - Total=5.640950, G=0.391719, data=3.329455, acc=0.006330, agg=0.157461, next=1.755984
saving checkpoint...
2022-08-01 02:45:50,021 - root - INFO - Time taken for epoch 19 is 451.35650396347046 sec
2022-08-01 02:45:50,021 - root - INFO - Train time = 435.12348341941833, Valid time = 5.640949964523315
2022-08-01 02:45:50,021 - root - INFO - G losses = {'GAN': 5.340511322021484, 'GAN_Feat': 0.5794784426689148, 'L1': 23.074207305908203}
2022-08-01 02:45:50,021 - root - INFO - D losses = {'D_Fake': 1.2081524801033083e-05, 'D_real': 0.10521605610847473}
generator made step 0
discriminator made step 0
generator made step 16
discriminator made step 16
generator made step 32
discriminator made step 32
generator made step 48
discriminator made step 48
generator made step 64
discriminator made step 64
generator made step 80
discriminator made step 80
generator made step 96
discriminator made step 96
generator made step 112
discriminator made step 112
generator made step 128
discriminator made step 128
generator made step 144
discriminator made step 144
generator made step 160
discriminator made step 160
generator made step 176
discriminator made step 176
generator made step 192
discriminator made step 192
generator made step 208
discriminator made step 208
generator made step 224
discriminator made step 224
generator made step 240
discriminator made step 240
generator made step 256
discriminator made step 256
generator made step 272
discriminator made step 272
generator made step 288
discriminator made step 288
generator made step 304
discriminator made step 304
generator made step 320
discriminator made step 320
generator made step 336
discriminator made step 336
generator made step 352
discriminator made step 352
generator made step 368
discriminator made step 368
generator made step 384
discriminator made step 384
generator made step 400
discriminator made step 400
generator made step 416
discriminator made step 416
generator made step 432
discriminator made step 432
generator made step 448
discriminator made step 448
generator made step 464
discriminator made step 464
generator made step 480
discriminator made step 480
generator made step 496
discriminator made step 496
2022-08-01 02:53:04,839 - root - INFO - Total=434.817591, G=342.809728, D=89.182522, data=1.628901, next=1.196440
2022-08-01 02:53:10,692 - root - INFO - Total=5.852052, G=0.391245, data=3.368617, acc=0.005688, agg=0.164388, next=1.922112
saving checkpoint...
2022-08-01 02:53:21,117 - root - INFO - Time taken for epoch 20 is 451.0960884094238 sec
2022-08-01 02:53:21,117 - root - INFO - Train time = 434.81759119033813, Valid time = 5.8520519733428955
2022-08-01 02:53:21,117 - root - INFO - G losses = {'GAN': 3.3027539253234863, 'GAN_Feat': 0.5791674256324768, 'L1': 20.991050720214844}
2022-08-01 02:53:21,117 - root - INFO - D losses = {'D_Fake': 1.1610102653503418, 'D_real': 0.0}
generator made step 0
discriminator made step 0
generator made step 16
discriminator made step 16
generator made step 32
discriminator made step 32
generator made step 48
discriminator made step 48
generator made step 64
discriminator made step 64
generator made step 80
discriminator made step 80
generator made step 96
discriminator made step 96
generator made step 112
discriminator made step 112
generator made step 128
discriminator made step 128
generator made step 144
discriminator made step 144
generator made step 160
discriminator made step 160
generator made step 176
discriminator made step 176
generator made step 192
discriminator made step 192
generator made step 208
discriminator made step 208
generator made step 224
discriminator made step 224
generator made step 240
discriminator made step 240
generator made step 256
discriminator made step 256
generator made step 272
discriminator made step 272
generator made step 288
discriminator made step 288
generator made step 304
discriminator made step 304
generator made step 320
discriminator made step 320
generator made step 336
discriminator made step 336
generator made step 352
discriminator made step 352
generator made step 368
discriminator made step 368
generator made step 384
discriminator made step 384
generator made step 400
discriminator made step 400
generator made step 416
discriminator made step 416
generator made step 432
discriminator made step 432
generator made step 448
discriminator made step 448
generator made step 464
discriminator made step 464
generator made step 480
discriminator made step 480
generator made step 496
discriminator made step 496
2022-08-01 03:00:36,816 - root - INFO - Total=435.697851, G=342.761366, D=89.225597, data=1.628519, next=2.082368
2022-08-01 03:00:41,904 - root - INFO - Total=5.087200, G=0.416652, data=3.223536, acc=0.006113, agg=0.128809, next=1.312090
saving checkpoint...
SAVED NEW CHECKPOINT ##############################################
2022-08-01 03:01:01,134 - root - INFO - Time taken for epoch 21 is 460.01655411720276 sec
2022-08-01 03:01:01,134 - root - INFO - Train time = 435.6978509426117, Valid time = 5.087199687957764
2022-08-01 03:01:01,134 - root - INFO - G losses = {'GAN': 4.036625862121582, 'GAN_Feat': 0.5713741779327393, 'L1': 19.64114761352539}
2022-08-01 03:01:01,134 - root - INFO - D losses = {'D_Fake': 0.00024935719557106495, 'D_real': 0.339101642370224}
generator made step 0
discriminator made step 0
generator made step 16
discriminator made step 16
generator made step 32
discriminator made step 32
generator made step 48
discriminator made step 48
generator made step 64
discriminator made step 64
generator made step 80
discriminator made step 80
generator made step 96
discriminator made step 96
generator made step 112
discriminator made step 112
generator made step 128
discriminator made step 128
generator made step 144
discriminator made step 144
generator made step 160
discriminator made step 160
generator made step 176
discriminator made step 176
generator made step 192
discriminator made step 192
generator made step 208
discriminator made step 208
generator made step 224
discriminator made step 224
generator made step 240
discriminator made step 240
generator made step 256
discriminator made step 256
generator made step 272
discriminator made step 272
generator made step 288
discriminator made step 288
generator made step 304
discriminator made step 304
generator made step 320
discriminator made step 320
generator made step 336
discriminator made step 336
generator made step 352
discriminator made step 352
generator made step 368
discriminator made step 368
generator made step 384
discriminator made step 384
generator made step 400
discriminator made step 400
srun: Job step aborted: Waiting up to 32 seconds for job step to finish.
slurmstepd: error: *** STEP 2859602.0 ON nid002417 CANCELLED AT 2022-08-01T03:06:54 DUE TO TIME LIMIT ***
slurmstepd: error: *** JOB 2859602 ON nid002417 CANCELLED AT 2022-08-01T03:06:54 DUE TO TIME LIMIT ***
