+ srun -u shifter -V /pscratch/sd/c/cjacobus/ML_Hydro_train/logs:/logs --image=nersc/pytorch:ngc-22.03-v0 --env PYTHONUSERBASE=/global/homes/c/cjacobus/.local/perlmutter/nersc-pytorch-ngc-22.03-v0 bash -c '
    source export_DDP_vars.sh
    python train.py --root_dir=/pscratch/sd/c/cjacobus/tsit --config=full_L1
    '
2022-07-27 10:47:22,034 - torch.distributed.distributed_c10d - INFO - Added key: store_based_barrier_key:1 to store for rank: 1
2022-07-27 10:47:22,042 - torch.distributed.distributed_c10d - INFO - Added key: store_based_barrier_key:1 to store for rank: 2
2022-07-27 10:47:22,043 - torch.distributed.distributed_c10d - INFO - Added key: store_based_barrier_key:1 to store for rank: 3
2022-07-27 10:47:22,129 - torch.distributed.distributed_c10d - INFO - Added key: store_based_barrier_key:1 to store for rank: 14
2022-07-27 10:47:22,132 - torch.distributed.distributed_c10d - INFO - Added key: store_based_barrier_key:1 to store for rank: 15
2022-07-27 10:47:22,134 - torch.distributed.distributed_c10d - INFO - Added key: store_based_barrier_key:1 to store for rank: 13
2022-07-27 10:47:22,135 - torch.distributed.distributed_c10d - INFO - Added key: store_based_barrier_key:1 to store for rank: 12
2022-07-27 10:47:22,298 - torch.distributed.distributed_c10d - INFO - Added key: store_based_barrier_key:1 to store for rank: 0
2022-07-27 10:47:22,429 - torch.distributed.distributed_c10d - INFO - Added key: store_based_barrier_key:1 to store for rank: 5
2022-07-27 10:47:22,433 - torch.distributed.distributed_c10d - INFO - Added key: store_based_barrier_key:1 to store for rank: 4
2022-07-27 10:47:22,435 - torch.distributed.distributed_c10d - INFO - Added key: store_based_barrier_key:1 to store for rank: 7
2022-07-27 10:47:22,435 - torch.distributed.distributed_c10d - INFO - Added key: store_based_barrier_key:1 to store for rank: 6
2022-07-27 10:47:22,474 - torch.distributed.distributed_c10d - INFO - Added key: store_based_barrier_key:1 to store for rank: 10
2022-07-27 10:47:22,480 - torch.distributed.distributed_c10d - INFO - Added key: store_based_barrier_key:1 to store for rank: 8
2022-07-27 10:47:22,481 - torch.distributed.distributed_c10d - INFO - Added key: store_based_barrier_key:1 to store for rank: 11
2022-07-27 10:47:22,482 - torch.distributed.distributed_c10d - INFO - Added key: store_based_barrier_key:1 to store for rank: 9
2022-07-27 10:47:22,482 - torch.distributed.distributed_c10d - INFO - Rank 9: Completed store-based barrier for key:store_based_barrier_key:1 with 16 nodes.
2022-07-27 10:47:22,482 - torch.distributed.distributed_c10d - INFO - Rank 13: Completed store-based barrier for key:store_based_barrier_key:1 with 16 nodes.
2022-07-27 10:47:22,484 - torch.distributed.distributed_c10d - INFO - Rank 4: Completed store-based barrier for key:store_based_barrier_key:1 with 16 nodes.
2022-07-27 10:47:22,484 - torch.distributed.distributed_c10d - INFO - Rank 12: Completed store-based barrier for key:store_based_barrier_key:1 with 16 nodes.
2022-07-27 10:47:22,484 - torch.distributed.distributed_c10d - INFO - Rank 10: Completed store-based barrier for key:store_based_barrier_key:1 with 16 nodes.
2022-07-27 10:47:22,486 - torch.distributed.distributed_c10d - INFO - Rank 7: Completed store-based barrier for key:store_based_barrier_key:1 with 16 nodes.
2022-07-27 10:47:22,486 - torch.distributed.distributed_c10d - INFO - Rank 14: Completed store-based barrier for key:store_based_barrier_key:1 with 16 nodes.
2022-07-27 10:47:22,486 - torch.distributed.distributed_c10d - INFO - Rank 6: Completed store-based barrier for key:store_based_barrier_key:1 with 16 nodes.
2022-07-27 10:47:22,487 - torch.distributed.distributed_c10d - INFO - Rank 3: Completed store-based barrier for key:store_based_barrier_key:1 with 16 nodes.
2022-07-27 10:47:22,489 - torch.distributed.distributed_c10d - INFO - Rank 2: Completed store-based barrier for key:store_based_barrier_key:1 with 16 nodes.
2022-07-27 10:47:22,490 - torch.distributed.distributed_c10d - INFO - Rank 1: Completed store-based barrier for key:store_based_barrier_key:1 with 16 nodes.
2022-07-27 10:47:22,490 - torch.distributed.distributed_c10d - INFO - Rank 0: Completed store-based barrier for key:store_based_barrier_key:1 with 16 nodes.
2022-07-27 10:47:22,490 - torch.distributed.distributed_c10d - INFO - Rank 15: Completed store-based barrier for key:store_based_barrier_key:1 with 16 nodes.
2022-07-27 10:47:22,491 - torch.distributed.distributed_c10d - INFO - Rank 5: Completed store-based barrier for key:store_based_barrier_key:1 with 16 nodes.
2022-07-27 10:47:22,491 - torch.distributed.distributed_c10d - INFO - Rank 8: Completed store-based barrier for key:store_based_barrier_key:1 with 16 nodes.
2022-07-27 10:47:22,491 - torch.distributed.distributed_c10d - INFO - Rank 11: Completed store-based barrier for key:store_based_barrier_key:1 with 16 nodes.
2022-07-27 10:47:22,504 - root - INFO - rank 12, begin data loader init
2022-07-27 10:47:22,504 - root - INFO - rank 12, data loader initialized
2022-07-27 10:47:22,504 - root - INFO - rank 14, begin data loader init
2022-07-27 10:47:22,504 - root - INFO - rank 14, data loader initialized
2022-07-27 10:47:22,504 - root - INFO - rank 13, begin data loader init
2022-07-27 10:47:22,504 - root - INFO - rank 13, data loader initialized
2022-07-27 10:47:22,504 - root - INFO - rank 9, begin data loader init
2022-07-27 10:47:22,505 - root - INFO - rank 9, data loader initialized
2022-07-27 10:47:22,505 - root - INFO - rank 15, begin data loader init
2022-07-27 10:47:22,505 - root - INFO - rank 15, data loader initialized
2022-07-27 10:47:22,506 - root - INFO - rank 11, begin data loader init
2022-07-27 10:47:22,506 - root - INFO - rank 10, begin data loader init
2022-07-27 10:47:22,506 - root - INFO - rank 10, data loader initialized
2022-07-27 10:47:22,506 - root - INFO - rank 11, data loader initialized
2022-07-27 10:47:22,506 - root - INFO - rank 8, begin data loader init
2022-07-27 10:47:22,506 - root - INFO - rank 8, data loader initialized
2022-07-27 10:47:22,508 - root - INFO - rank 5, begin data loader init
2022-07-27 10:47:22,508 - root - INFO - rank 4, begin data loader init
2022-07-27 10:47:22,508 - root - INFO - rank 6, begin data loader init
2022-07-27 10:47:22,508 - root - INFO - rank 7, begin data loader init
2022-07-27 10:47:22,508 - root - INFO - rank 4, data loader initialized
2022-07-27 10:47:22,508 - root - INFO - rank 5, data loader initialized
2022-07-27 10:47:22,508 - root - INFO - rank 6, data loader initialized
2022-07-27 10:47:22,508 - root - INFO - rank 7, data loader initialized
2022-07-27 10:47:22,511 - root - INFO - ------------------ Configuration ------------------
2022-07-27 10:47:22,511 - root - INFO - Configuration file: /global/u1/c/cjacobus/Nyx-TSIT/config/tsit.yaml
2022-07-27 10:47:22,511 - root - INFO - Configuration name: full_L1
2022-07-27 10:47:22,511 - root - INFO - Nsamples 8192
2022-07-27 10:47:22,511 - root - INFO - Nsamples_val 512
2022-07-27 10:47:22,511 - root - INFO - niter 100
2022-07-27 10:47:22,511 - root - INFO - niter_decay 50
2022-07-27 10:47:22,511 - root - INFO - use_spec_loss False
2022-07-27 10:47:22,511 - root - INFO - lambda_spec 1.0
2022-07-27 10:47:22,511 - root - INFO - use_l1_loss True
2022-07-27 10:47:22,511 - root - INFO - lambda_l1 1.0
2022-07-27 10:47:22,511 - root - INFO - num_data_workers 16
2022-07-27 10:47:22,511 - root - INFO - in_channels [0, 1, 2, 3, 17, 18, 19]
2022-07-27 10:47:22,511 - root - INFO - out_channels [0]
2022-07-27 10:47:22,511 - root - INFO - min_path /pscratch/sd/s/shas1693/data/era5/mins.npy
2022-07-27 10:47:22,511 - root - INFO - max_path /pscratch/sd/s/shas1693/data/era5/maxs.npy
2022-07-27 10:47:22,511 - root - INFO - time_means_path /pscratch/sd/s/shas1693/data/era5/time_means.npy
2022-07-27 10:47:22,511 - root - INFO - global_means_path /pscratch/sd/s/shas1693/data/era5/global_means.npy
2022-07-27 10:47:22,511 - root - INFO - global_stds_path /pscratch/sd/s/shas1693/data/era5/global_stds.npy
2022-07-27 10:47:22,511 - root - INFO - precip /pscratch/sd/p/pharring/ERA5/precip/total_precipitation
2022-07-27 10:47:22,511 - root - INFO - precip_eps 1e-05
2022-07-27 10:47:22,511 - root - INFO - dt 1
2022-07-27 10:47:22,511 - root - INFO - n_history 0
2022-07-27 10:47:22,511 - root - INFO - crop_size_x None
2022-07-27 10:47:22,511 - root - INFO - crop_size_y None
2022-07-27 10:47:22,511 - root - INFO - roll False
2022-07-27 10:47:22,511 - root - INFO - conttime False
2022-07-27 10:47:22,511 - root - INFO - normalization zscore
2022-07-27 10:47:22,511 - root - INFO - add_grid False
2022-07-27 10:47:22,511 - root - INFO - model pix2pix
2022-07-27 10:47:22,511 - root - INFO - norm_G spectralfadebatch3x3
2022-07-27 10:47:22,511 - root - INFO - norm_D spectralinstance
2022-07-27 10:47:22,511 - root - INFO - norm_S spectralinstance
2022-07-27 10:47:22,511 - root - INFO - norm_E spectralinstance
2022-07-27 10:47:22,511 - root - INFO - batch_size 16
2022-07-27 10:47:22,511 - root - INFO - img_size [512, 512, 512]
2022-07-27 10:47:22,511 - root - INFO - box_size [512, 512, 512]
2022-07-27 10:47:22,511 - root - INFO - data_size 128
2022-07-27 10:47:22,511 - root - INFO - input_nc 5
2022-07-27 10:47:22,511 - root - INFO - output_nc 5
2022-07-27 10:47:22,511 - root - INFO - netG tsit
2022-07-27 10:47:22,511 - root - INFO - ngf 64
2022-07-27 10:47:22,511 - root - INFO - init_type xavier
2022-07-27 10:47:22,511 - root - INFO - init_variance 0.02
2022-07-27 10:47:22,511 - root - INFO - z_dim 256
2022-07-27 10:47:22,511 - root - INFO - alpha 1.0
2022-07-27 10:47:22,511 - root - INFO - no_ss True
2022-07-27 10:47:22,511 - root - INFO - downsamp True
2022-07-27 10:47:22,511 - root - INFO - rank 2, begin data loader init
2022-07-27 10:47:22,511 - root - INFO - num_upsampling_blocks 6
2022-07-27 10:47:22,511 - root - INFO - use_periodic_padding True
2022-07-27 10:47:22,511 - root - INFO - additive_noise False
2022-07-27 10:47:22,511 - root - INFO - nef 16
2022-07-27 10:47:22,511 - root - INFO - use_vae False
2022-07-27 10:47:22,511 - root - INFO - rank 1, begin data loader init
2022-07-27 10:47:22,511 - root - INFO - optimizer adam
2022-07-27 10:47:22,511 - root - INFO - rank 3, begin data loader init
2022-07-27 10:47:22,511 - root - INFO - beta1 0.5
2022-07-27 10:47:22,511 - root - INFO - beta2 0.999
2022-07-27 10:47:22,511 - root - INFO - lr 0.0002
2022-07-27 10:47:22,512 - root - INFO - D_steps_per_G 1
2022-07-27 10:47:22,512 - root - INFO - ndf 64
2022-07-27 10:47:22,512 - root - INFO - lambda_feat 0.5
2022-07-27 10:47:22,512 - root - INFO - no_ganFeat_loss False
2022-07-27 10:47:22,512 - root - INFO - rank 2, data loader initialized
2022-07-27 10:47:22,512 - root - INFO - gan_mode hinge
2022-07-27 10:47:22,512 - root - INFO - netD multiscale
2022-07-27 10:47:22,512 - root - INFO - num_D 2
2022-07-27 10:47:22,512 - root - INFO - n_layers_D 4
2022-07-27 10:47:22,512 - root - INFO - no_TTUR True
2022-07-27 10:47:22,512 - root - INFO - lambda_kld 0.05
2022-07-27 10:47:22,512 - root - INFO - rank 1, data loader initialized
2022-07-27 10:47:22,512 - root - INFO - cat_inp False
2022-07-27 10:47:22,512 - root - INFO - rank 3, data loader initialized
2022-07-27 10:47:22,512 - root - INFO - entity weatherbenching
2022-07-27 10:47:22,512 - root - INFO - project Nyx-TSIT
2022-07-27 10:47:22,512 - root - INFO - log_to_wandb True
2022-07-27 10:47:22,512 - root - INFO - log_to_screen True
2022-07-27 10:47:22,512 - root - INFO - save_checkpoint True
2022-07-27 10:47:22,512 - root - INFO - weight_init ordereddict([('conv_init', 'normal'), ('conv_scale', 0.02), ('conv_bias', 0.0)])
2022-07-27 10:47:22,512 - root - INFO - lambda_rho 0
2022-07-27 10:47:22,512 - root - INFO - full_scale True
2022-07-27 10:47:22,512 - root - INFO - global_batch_size 64
2022-07-27 10:47:22,512 - root - INFO - base_batch_size 64
2022-07-27 10:47:22,512 - root - INFO - num_epochs 60
2022-07-27 10:47:22,512 - root - INFO - enable_amp False
2022-07-27 10:47:22,512 - root - INFO - enable_apex False
2022-07-27 10:47:22,512 - root - INFO - enable_benchy False
2022-07-27 10:47:22,512 - root - INFO - enable_jit False
2022-07-27 10:47:22,512 - root - INFO - expdir /logs
2022-07-27 10:47:22,512 - root - INFO - lr_schedule ordereddict([('scaling', 'sqrt'), ('start_lr', 0.0002), ('end_lr', 0.0), ('warmup_steps', 128)])
2022-07-27 10:47:22,512 - root - INFO - data_loader_config lowmem
2022-07-27 10:47:22,512 - root - INFO - N_out_channels 5
2022-07-27 10:47:22,512 - root - INFO - N_in_channels 5
2022-07-27 10:47:22,512 - root - INFO - train_path /pscratch/sd/c/cjacobus/Nyx_512/train_s1_512_hydro.h5
2022-07-27 10:47:22,512 - root - INFO - val_path /pscratch/sd/c/cjacobus/Nyx_512/train_s1_512_hydro.h5
2022-07-27 10:47:22,512 - root - INFO - use_cache None
2022-07-27 10:47:22,512 - root - INFO - ---------------------------------------------------
log_to_wandb -------------------------------------------------------------------
dir exists: /pscratch/sd/c/cjacobus/tsit/expts/full_L1/checkpoints/
wandb: W&B API key is configured (use `wandb login --relogin` to force relogin)
Network [TSITGenerator] was created. Total number of parameters: 934.7 million. To see the architecture, do print(network).
Network [TSITGenerator] was created. Total number of parameters: 934.7 million. To see the architecture, do print(network).
Network [TSITGenerator] was created. Total number of parameters: 934.7 million. To see the architecture, do print(network).
Network [TSITGenerator] was created. Total number of parameters: 934.7 million. To see the architecture, do print(network).
Network [TSITGenerator] was created. Total number of parameters: 934.7 million. To see the architecture, do print(network).
Network [TSITGenerator] was created. Total number of parameters: 934.7 million. To see the architecture, do print(network).
Network [TSITGenerator] was created. Total number of parameters: 934.7 million. To see the architecture, do print(network).
Network [TSITGenerator] was created. Total number of parameters: 934.7 million. To see the architecture, do print(network).
Network [TSITGenerator] was created. Total number of parameters: 934.7 million. To see the architecture, do print(network).
Network [TSITGenerator] was created. Total number of parameters: 934.7 million. To see the architecture, do print(network).
Network [TSITGenerator] was created. Total number of parameters: 934.7 million. To see the architecture, do print(network).
Network [TSITGenerator] was created. Total number of parameters: 934.7 million. To see the architecture, do print(network).
Network [TSITGenerator] was created. Total number of parameters: 934.7 million. To see the architecture, do print(network).
Network [TSITGenerator] was created. Total number of parameters: 934.7 million. To see the architecture, do print(network).
Network [TSITGenerator] was created. Total number of parameters: 934.7 million. To see the architecture, do print(network).
wandb: Tracking run with wandb version 0.12.13
wandb: Run data is saved locally in /global/u1/c/cjacobus/Nyx-TSIT/wandb/run-20220727_104727-bjvg6h7j
wandb: Run `wandb offline` to turn off syncing.
wandb: Resuming run full_L1
wandb: ⭐️ View project at https://wandb.ai/weatherbenching/Nyx-TSIT
wandb: 🚀 View run at https://wandb.ai/weatherbenching/Nyx-TSIT/runs/bjvg6h7j
checking dir: /pscratch/sd/c/cjacobus/tsit/expts/full_L1/checkpoints/
dir exists: /pscratch/sd/c/cjacobus/tsit/expts/full_L1/checkpoints/
2022-07-27 10:47:33,612 - root - INFO - rank 0, begin data loader init
2022-07-27 10:47:33,612 - root - INFO - rank 0, data loader initialized
Network [TSITGenerator] was created. Total number of parameters: 934.7 million. To see the architecture, do print(network).
Network [MultiscaleDiscriminator] was created. Total number of parameters: 22.1 million. To see the architecture, do print(network).
Network [MultiscaleDiscriminator] was created. Total number of parameters: 22.1 million. To see the architecture, do print(network).
Network [MultiscaleDiscriminator] was created. Total number of parameters: 22.1 million. To see the architecture, do print(network).
Network [MultiscaleDiscriminator] was created. Total number of parameters: 22.1 million. To see the architecture, do print(network).
Network [MultiscaleDiscriminator] was created. Total number of parameters: 22.1 million. To see the architecture, do print(network).
Network [MultiscaleDiscriminator] was created. Total number of parameters: 22.1 million. To see the architecture, do print(network).
Network [MultiscaleDiscriminator] was created. Total number of parameters: 22.1 million. To see the architecture, do print(network).
Network [MultiscaleDiscriminator] was created. Total number of parameters: 22.1 million. To see the architecture, do print(network).
Network [MultiscaleDiscriminator] was created. Total number of parameters: 22.1 million. To see the architecture, do print(network).
Network [MultiscaleDiscriminator] was created. Total number of parameters: 22.1 million. To see the architecture, do print(network).
Network [MultiscaleDiscriminator] was created. Total number of parameters: 22.1 million. To see the architecture, do print(network).
Network [MultiscaleDiscriminator] was created. Total number of parameters: 22.1 million. To see the architecture, do print(network).
Network [MultiscaleDiscriminator] was created. Total number of parameters: 22.1 million. To see the architecture, do print(network).
Network [MultiscaleDiscriminator] was created. Total number of parameters: 22.1 million. To see the architecture, do print(network).
Network [MultiscaleDiscriminator] was created. Total number of parameters: 22.1 million. To see the architecture, do print(network).
Network [MultiscaleDiscriminator] was created. Total number of parameters: 22.1 million. To see the architecture, do print(network).
2022-07-27 10:47:50,773 - root - INFO - Loading checkpoint /pscratch/sd/c/cjacobus/tsit/expts/full_L1/checkpoints/ckpt.tar
2022-07-27 10:47:50,773 - root - INFO - Loading checkpoint /pscratch/sd/c/cjacobus/tsit/expts/full_L1/checkpoints/ckpt.tar
2022-07-27 10:47:50,774 - root - INFO - Loading checkpoint /pscratch/sd/c/cjacobus/tsit/expts/full_L1/checkpoints/ckpt.tar
2022-07-27 10:47:50,774 - root - INFO - Loading checkpoint /pscratch/sd/c/cjacobus/tsit/expts/full_L1/checkpoints/ckpt.tar
2022-07-27 10:47:50,775 - root - INFO - Loading checkpoint /pscratch/sd/c/cjacobus/tsit/expts/full_L1/checkpoints/ckpt.tar
2022-07-27 10:47:50,776 - root - INFO - Loading checkpoint /pscratch/sd/c/cjacobus/tsit/expts/full_L1/checkpoints/ckpt.tar
2022-07-27 10:47:50,777 - root - INFO - Loading checkpoint /pscratch/sd/c/cjacobus/tsit/expts/full_L1/checkpoints/ckpt.tar
2022-07-27 10:47:50,777 - root - INFO - Loading checkpoint /pscratch/sd/c/cjacobus/tsit/expts/full_L1/checkpoints/ckpt.tar
2022-07-27 10:47:50,778 - root - INFO - Loading checkpoint /pscratch/sd/c/cjacobus/tsit/expts/full_L1/checkpoints/ckpt.tar
2022-07-27 10:47:50,778 - root - INFO - Loading checkpoint /pscratch/sd/c/cjacobus/tsit/expts/full_L1/checkpoints/ckpt.tar
2022-07-27 10:47:50,779 - root - INFO - Loading checkpoint /pscratch/sd/c/cjacobus/tsit/expts/full_L1/checkpoints/ckpt.tar
2022-07-27 10:47:50,779 - root - INFO - Loading checkpoint /pscratch/sd/c/cjacobus/tsit/expts/full_L1/checkpoints/ckpt.tar
2022-07-27 10:47:50,780 - root - INFO - Loading checkpoint /pscratch/sd/c/cjacobus/tsit/expts/full_L1/checkpoints/ckpt.tar
2022-07-27 10:47:50,780 - root - INFO - Loading checkpoint /pscratch/sd/c/cjacobus/tsit/expts/full_L1/checkpoints/ckpt.tar
2022-07-27 10:47:50,780 - root - INFO - Loading checkpoint /pscratch/sd/c/cjacobus/tsit/expts/full_L1/checkpoints/ckpt.tar
2022-07-27 10:47:50,780 - root - INFO - Loading checkpoint /pscratch/sd/c/cjacobus/tsit/expts/full_L1/checkpoints/ckpt.tar
2022-07-27 10:47:57,695 - root - INFO - Starting Training Loop...
[W reducer.cpp:1282] Warning: find_unused_parameters=True was specified in DDP constructor, but did not find any unused parameters in the forward pass. This flag results in an extra traversal of the autograd graph every iteration,  which can adversely affect performance. If your model indeed never has any unused parameters in the forward pass, consider turning this flag off. Note that this warning may be a false positive if your model has flow control causing later iterations to have unused parameters. (function operator())
[W reducer.cpp:1282] Warning: find_unused_parameters=True was specified in DDP constructor, but did not find any unused parameters in the forward pass. This flag results in an extra traversal of the autograd graph every iteration,  which can adversely affect performance. If your model indeed never has any unused parameters in the forward pass, consider turning this flag off. Note that this warning may be a false positive if your model has flow control causing later iterations to have unused parameters. (function operator())
[W reducer.cpp:1282] Warning: find_unused_parameters=True was specified in DDP constructor, but did not find any unused parameters in the forward pass. This flag results in an extra traversal of the autograd graph every iteration,  which can adversely affect performance. If your model indeed never has any unused parameters in the forward pass, consider turning this flag off. Note that this warning may be a false positive if your model has flow control causing later iterations to have unused parameters. (function operator())
[W reducer.cpp:1282] Warning: find_unused_parameters=True was specified in DDP constructor, but did not find any unused parameters in the forward pass. This flag results in an extra traversal of the autograd graph every iteration,  which can adversely affect performance. If your model indeed never has any unused parameters in the forward pass, consider turning this flag off. Note that this warning may be a false positive if your model has flow control causing later iterations to have unused parameters. (function operator())
[W reducer.cpp:1282] Warning: find_unused_parameters=True was specified in DDP constructor, but did not find any unused parameters in the forward pass. This flag results in an extra traversal of the autograd graph every iteration,  which can adversely affect performance. If your model indeed never has any unused parameters in the forward pass, consider turning this flag off. Note that this warning may be a false positive if your model has flow control causing later iterations to have unused parameters. (function operator())
[W reducer.cpp:1282] Warning: find_unused_parameters=True was specified in DDP constructor, but did not find any unused parameters in the forward pass. This flag results in an extra traversal of the autograd graph every iteration,  which can adversely affect performance. If your model indeed never has any unused parameters in the forward pass, consider turning this flag off. Note that this warning may be a false positive if your model has flow control causing later iterations to have unused parameters. (function operator())
[W reducer.cpp:1282] Warning: find_unused_parameters=True was specified in DDP constructor, but did not find any unused parameters in the forward pass. This flag results in an extra traversal of the autograd graph every iteration,  which can adversely affect performance. If your model indeed never has any unused parameters in the forward pass, consider turning this flag off. Note that this warning may be a false positive if your model has flow control causing later iterations to have unused parameters. (function operator())
[W reducer.cpp:1282] Warning: find_unused_parameters=True was specified in DDP constructor, but did not find any unused parameters in the forward pass. This flag results in an extra traversal of the autograd graph every iteration,  which can adversely affect performance. If your model indeed never has any unused parameters in the forward pass, consider turning this flag off. Note that this warning may be a false positive if your model has flow control causing later iterations to have unused parameters. (function operator())
[W reducer.cpp:1282] Warning: find_unused_parameters=True was specified in DDP constructor, but did not find any unused parameters in the forward pass. This flag results in an extra traversal of the autograd graph every iteration,  which can adversely affect performance. If your model indeed never has any unused parameters in the forward pass, consider turning this flag off. Note that this warning may be a false positive if your model has flow control causing later iterations to have unused parameters. (function operator())
[W reducer.cpp:1282] Warning: find_unused_parameters=True was specified in DDP constructor, but did not find any unused parameters in the forward pass. This flag results in an extra traversal of the autograd graph every iteration,  which can adversely affect performance. If your model indeed never has any unused parameters in the forward pass, consider turning this flag off. Note that this warning may be a false positive if your model has flow control causing later iterations to have unused parameters. (function operator())
[W reducer.cpp:1282] Warning: find_unused_parameters=True was specified in DDP constructor, but did not find any unused parameters in the forward pass. This flag results in an extra traversal of the autograd graph every iteration,  which can adversely affect performance. If your model indeed never has any unused parameters in the forward pass, consider turning this flag off. Note that this warning may be a false positive if your model has flow control causing later iterations to have unused parameters. (function operator())
[W reducer.cpp:1282] Warning: find_unused_parameters=True was specified in DDP constructor, but did not find any unused parameters in the forward pass. This flag results in an extra traversal of the autograd graph every iteration,  which can adversely affect performance. If your model indeed never has any unused parameters in the forward pass, consider turning this flag off. Note that this warning may be a false positive if your model has flow control causing later iterations to have unused parameters. (function operator())
[W reducer.cpp:1282] Warning: find_unused_parameters=True was specified in DDP constructor, but did not find any unused parameters in the forward pass. This flag results in an extra traversal of the autograd graph every iteration,  which can adversely affect performance. If your model indeed never has any unused parameters in the forward pass, consider turning this flag off. Note that this warning may be a false positive if your model has flow control causing later iterations to have unused parameters. (function operator())
[W reducer.cpp:1282] Warning: find_unused_parameters=True was specified in DDP constructor, but did not find any unused parameters in the forward pass. This flag results in an extra traversal of the autograd graph every iteration,  which can adversely affect performance. If your model indeed never has any unused parameters in the forward pass, consider turning this flag off. Note that this warning may be a false positive if your model has flow control causing later iterations to have unused parameters. (function operator())
[W reducer.cpp:1282] Warning: find_unused_parameters=True was specified in DDP constructor, but did not find any unused parameters in the forward pass. This flag results in an extra traversal of the autograd graph every iteration,  which can adversely affect performance. If your model indeed never has any unused parameters in the forward pass, consider turning this flag off. Note that this warning may be a false positive if your model has flow control causing later iterations to have unused parameters. (function operator())
[W reducer.cpp:1282] Warning: find_unused_parameters=True was specified in DDP constructor, but did not find any unused parameters in the forward pass. This flag results in an extra traversal of the autograd graph every iteration,  which can adversely affect performance. If your model indeed never has any unused parameters in the forward pass, consider turning this flag off. Note that this warning may be a false positive if your model has flow control causing later iterations to have unused parameters. (function operator())
generator made step 0
discriminator made step 0
generator made step 16
discriminator made step 16
generator made step 32
discriminator made step 32
generator made step 48
discriminator made step 48
generator made step 64
discriminator made step 64
generator made step 80
discriminator made step 80
generator made step 96
discriminator made step 96
generator made step 112
discriminator made step 112
generator made step 128
discriminator made step 128
generator made step 144
discriminator made step 144
generator made step 160
discriminator made step 160
generator made step 176
discriminator made step 176
generator made step 192
discriminator made step 192
generator made step 208
discriminator made step 208
generator made step 224
discriminator made step 224
generator made step 240
discriminator made step 240
generator made step 256
discriminator made step 256
generator made step 272
discriminator made step 272
generator made step 288
discriminator made step 288
generator made step 304
discriminator made step 304
generator made step 320
discriminator made step 320
generator made step 336
discriminator made step 336
generator made step 352
discriminator made step 352
generator made step 368
discriminator made step 368
generator made step 384
discriminator made step 384
generator made step 400
discriminator made step 400
generator made step 416
discriminator made step 416
generator made step 432
discriminator made step 432
generator made step 448
discriminator made step 448
generator made step 464
discriminator made step 464
generator made step 480
discriminator made step 480
generator made step 496
discriminator made step 496
2022-07-27 10:55:47,422 - root - INFO - Total=469.725720, G=372.107947, D=92.637412, data=1.642960, next=3.337401
2022-07-27 10:55:54,145 - root - INFO - Total=6.721778, G=0.450985, data=3.278710, acc=0.785111, agg=0.144480, next=2.062492
2022-07-27 10:56:07,303 - root - INFO - Time taken for epoch 27 is 489.6078555583954 sec
2022-07-27 10:56:07,303 - root - INFO - Train time = 469.7257196903229, Valid time = 6.721778154373169
2022-07-27 10:56:07,303 - root - INFO - G losses = {'GAN': 5.019401550292969, 'GAN_Feat': 0.2806301414966583, 'L1': 0.07748980075120926}
2022-07-27 10:56:07,303 - root - INFO - D losses = {'D_Fake': 0.00025147979613393545, 'D_real': 0.15635745227336884}
generator made step 0
discriminator made step 0
generator made step 16
discriminator made step 16
generator made step 32
discriminator made step 32
generator made step 48
discriminator made step 48
generator made step 64
discriminator made step 64
generator made step 80
discriminator made step 80
generator made step 96
discriminator made step 96
generator made step 112
discriminator made step 112
generator made step 128
discriminator made step 128
generator made step 144
discriminator made step 144
generator made step 160
discriminator made step 160
generator made step 176
discriminator made step 176
generator made step 192
discriminator made step 192
generator made step 208
discriminator made step 208
generator made step 224
discriminator made step 224
generator made step 240
discriminator made step 240
generator made step 256
discriminator made step 256
generator made step 272
discriminator made step 272
generator made step 288
discriminator made step 288
generator made step 304
discriminator made step 304
generator made step 320
discriminator made step 320
generator made step 336
discriminator made step 336
generator made step 352
discriminator made step 352
generator made step 368
discriminator made step 368
generator made step 384
discriminator made step 384
generator made step 400
discriminator made step 400
generator made step 416
discriminator made step 416
generator made step 432
discriminator made step 432
generator made step 448
discriminator made step 448
generator made step 464
discriminator made step 464
generator made step 480
discriminator made step 480
generator made step 496
discriminator made step 496
2022-07-27 11:03:30,794 - root - INFO - Total=443.490004, G=347.103257, D=92.655716, data=1.629164, next=2.101867
2022-07-27 11:03:36,405 - root - INFO - Total=5.609740, G=0.599169, data=3.146981, acc=0.007919, agg=0.140256, next=1.715414
2022-07-27 11:03:48,613 - root - INFO - Time taken for epoch 28 is 461.31015491485596 sec
2022-07-27 11:03:48,614 - root - INFO - Train time = 443.49000430107117, Valid time = 5.609739780426025
2022-07-27 11:03:48,614 - root - INFO - G losses = {'GAN': 1.160488486289978, 'GAN_Feat': 0.324871301651001, 'L1': 0.09571625292301178}
2022-07-27 11:03:48,614 - root - INFO - D losses = {'D_Fake': 0.045503199100494385, 'D_real': 0.0}
generator made step 0
discriminator made step 0
generator made step 16
discriminator made step 16
generator made step 32
discriminator made step 32
generator made step 48
discriminator made step 48
generator made step 64
discriminator made step 64
generator made step 80
discriminator made step 80
generator made step 96
discriminator made step 96
generator made step 112
discriminator made step 112
generator made step 128
discriminator made step 128
generator made step 144
discriminator made step 144
generator made step 160
discriminator made step 160
generator made step 176
discriminator made step 176
generator made step 192
discriminator made step 192
generator made step 208
discriminator made step 208
generator made step 224
discriminator made step 224
generator made step 240
discriminator made step 240
generator made step 256
discriminator made step 256
generator made step 272
discriminator made step 272
generator made step 288
discriminator made step 288
generator made step 304
discriminator made step 304
generator made step 320
discriminator made step 320
generator made step 336
discriminator made step 336
generator made step 352
discriminator made step 352
generator made step 368
discriminator made step 368
generator made step 384
discriminator made step 384
generator made step 400
discriminator made step 400
generator made step 416
discriminator made step 416
generator made step 432
discriminator made step 432
generator made step 448
discriminator made step 448
generator made step 464
discriminator made step 464
generator made step 480
discriminator made step 480
generator made step 496
discriminator made step 496
2022-07-27 11:11:11,176 - root - INFO - Total=442.561530, G=347.045427, D=92.633838, data=1.634321, next=1.247944
2022-07-27 11:11:17,261 - root - INFO - Total=6.083977, G=0.474051, data=3.393302, acc=0.006115, agg=0.147862, next=2.062648
2022-07-27 11:11:29,440 - root - INFO - Time taken for epoch 29 is 460.8265244960785 sec
2022-07-27 11:11:29,440 - root - INFO - Train time = 442.56152987480164, Valid time = 6.083977460861206
2022-07-27 11:11:29,440 - root - INFO - G losses = {'GAN': 4.593663692474365, 'GAN_Feat': 0.3601750433444977, 'L1': 0.11296539753675461}
2022-07-27 11:11:29,440 - root - INFO - D losses = {'D_Fake': 3.548249196683173e-06, 'D_real': 0.0884108766913414}
generator made step 0
discriminator made step 0
generator made step 16
discriminator made step 16
generator made step 32
discriminator made step 32
generator made step 48
discriminator made step 48
generator made step 64
discriminator made step 64
generator made step 80
discriminator made step 80
generator made step 96
discriminator made step 96
generator made step 112
discriminator made step 112
generator made step 128
discriminator made step 128
generator made step 144
discriminator made step 144
generator made step 160
discriminator made step 160
generator made step 176
discriminator made step 176
generator made step 192
discriminator made step 192
generator made step 208
discriminator made step 208
generator made step 224
discriminator made step 224
generator made step 240
discriminator made step 240
generator made step 256
discriminator made step 256
generator made step 272
discriminator made step 272
generator made step 288
discriminator made step 288
generator made step 304
discriminator made step 304
generator made step 320
discriminator made step 320
generator made step 336
discriminator made step 336
generator made step 352
discriminator made step 352
generator made step 368
discriminator made step 368
generator made step 384
discriminator made step 384
generator made step 400
discriminator made step 400
generator made step 416
discriminator made step 416
generator made step 432
discriminator made step 432
generator made step 448
discriminator made step 448
generator made step 464
discriminator made step 464
generator made step 480
discriminator made step 480
generator made step 496
discriminator made step 496
2022-07-27 11:18:52,105 - root - INFO - Total=442.663671, G=347.181607, D=92.534786, data=1.631074, next=1.316205
2022-07-27 11:18:58,170 - root - INFO - Total=6.064490, G=0.448385, data=3.423605, acc=0.006441, agg=0.148032, next=2.038026
2022-07-27 11:19:10,407 - root - INFO - Time taken for epoch 30 is 460.9661793708801 sec
2022-07-27 11:19:10,407 - root - INFO - Train time = 442.6636714935303, Valid time = 6.064489841461182
2022-07-27 11:19:10,407 - root - INFO - G losses = {'GAN': 11.420082092285156, 'GAN_Feat': 0.7042882442474365, 'L1': 0.09547313302755356}
2022-07-27 11:19:10,407 - root - INFO - D losses = {'D_Fake': 0.005657225381582975, 'D_real': 0.0}
generator made step 0
discriminator made step 0
generator made step 16
discriminator made step 16
generator made step 32
discriminator made step 32
generator made step 48
discriminator made step 48
generator made step 64
discriminator made step 64
generator made step 80
discriminator made step 80
generator made step 96
discriminator made step 96
generator made step 112
discriminator made step 112
generator made step 128
discriminator made step 128
generator made step 144
discriminator made step 144
generator made step 160
discriminator made step 160
generator made step 176
discriminator made step 176
generator made step 192
discriminator made step 192
generator made step 208
discriminator made step 208
generator made step 224
discriminator made step 224
generator made step 240
discriminator made step 240
generator made step 256
discriminator made step 256
generator made step 272
discriminator made step 272
generator made step 288
discriminator made step 288
generator made step 304
discriminator made step 304
generator made step 320
discriminator made step 320
generator made step 336
discriminator made step 336
generator made step 352
discriminator made step 352
generator made step 368
discriminator made step 368
generator made step 384
discriminator made step 384
generator made step 400
discriminator made step 400
generator made step 416
discriminator made step 416
generator made step 432
discriminator made step 432
generator made step 448
discriminator made step 448
generator made step 464
discriminator made step 464
generator made step 480
discriminator made step 480
generator made step 496
discriminator made step 496
2022-07-27 11:26:33,056 - root - INFO - Total=442.648470, G=347.017317, D=92.619978, data=1.631567, next=1.379607
2022-07-27 11:26:38,396 - root - INFO - Total=5.339321, G=0.464082, data=3.271566, acc=0.006119, agg=0.148718, next=1.448835
2022-07-27 11:26:50,624 - root - INFO - Time taken for epoch 31 is 460.2175908088684 sec
2022-07-27 11:26:50,624 - root - INFO - Train time = 442.64847016334534, Valid time = 5.339320659637451
2022-07-27 11:26:50,624 - root - INFO - G losses = {'GAN': 3.423469066619873, 'GAN_Feat': 0.25613933801651, 'L1': 0.0616920106112957}
2022-07-27 11:26:50,625 - root - INFO - D losses = {'D_Fake': 0.00755627965554595, 'D_real': 1.166172742843628}
generator made step 0
discriminator made step 0
slurmstepd: error: *** STEP 2820561.0 ON nid002208 CANCELLED AT 2022-07-27T11:27:05 DUE TO TIME LIMIT ***
slurmstepd: error: *** JOB 2820561 ON nid002208 CANCELLED AT 2022-07-27T11:27:05 DUE TO TIME LIMIT ***
srun: Job step aborted: Waiting up to 32 seconds for job step to finish.
generator made step 16
