+ srun -u shifter -V /pscratch/sd/c/cjacobus/ML_Hydro_train/logs:/logs --image=nersc/pytorch:ngc-22.03-v0 --env PYTHONUSERBASE=/global/homes/c/cjacobus/.local/perlmutter/nersc-pytorch-ngc-22.03-v0 bash -c '
    source export_DDP_vars.sh
    python train.py --root_dir=/pscratch/sd/c/cjacobus/tsit --config=valid_L1_128
    '
2022-07-29 06:54:22,186 - torch.distributed.distributed_c10d - INFO - Added key: store_based_barrier_key:1 to store for rank: 1
2022-07-29 06:54:22,187 - torch.distributed.distributed_c10d - INFO - Added key: store_based_barrier_key:1 to store for rank: 2
2022-07-29 06:54:22,199 - torch.distributed.distributed_c10d - INFO - Added key: store_based_barrier_key:1 to store for rank: 3
2022-07-29 06:54:22,404 - torch.distributed.distributed_c10d - INFO - Added key: store_based_barrier_key:1 to store for rank: 0
2022-07-29 06:54:22,499 - torch.distributed.distributed_c10d - INFO - Added key: store_based_barrier_key:1 to store for rank: 10
2022-07-29 06:54:22,503 - torch.distributed.distributed_c10d - INFO - Added key: store_based_barrier_key:1 to store for rank: 11
2022-07-29 06:54:22,505 - torch.distributed.distributed_c10d - INFO - Added key: store_based_barrier_key:1 to store for rank: 8
2022-07-29 06:54:22,505 - torch.distributed.distributed_c10d - INFO - Added key: store_based_barrier_key:1 to store for rank: 9
2022-07-29 06:54:22,522 - torch.distributed.distributed_c10d - INFO - Added key: store_based_barrier_key:1 to store for rank: 13
2022-07-29 06:54:22,528 - torch.distributed.distributed_c10d - INFO - Added key: store_based_barrier_key:1 to store for rank: 14
2022-07-29 06:54:22,529 - torch.distributed.distributed_c10d - INFO - Added key: store_based_barrier_key:1 to store for rank: 15
2022-07-29 06:54:22,530 - torch.distributed.distributed_c10d - INFO - Added key: store_based_barrier_key:1 to store for rank: 12
2022-07-29 06:54:22,596 - torch.distributed.distributed_c10d - INFO - Added key: store_based_barrier_key:1 to store for rank: 4
2022-07-29 06:54:22,602 - torch.distributed.distributed_c10d - INFO - Added key: store_based_barrier_key:1 to store for rank: 6
2022-07-29 06:54:22,603 - torch.distributed.distributed_c10d - INFO - Added key: store_based_barrier_key:1 to store for rank: 7
2022-07-29 06:54:22,603 - torch.distributed.distributed_c10d - INFO - Added key: store_based_barrier_key:1 to store for rank: 5
2022-07-29 06:54:22,603 - torch.distributed.distributed_c10d - INFO - Rank 5: Completed store-based barrier for key:store_based_barrier_key:1 with 16 nodes.
2022-07-29 06:54:22,604 - torch.distributed.distributed_c10d - INFO - Rank 2: Completed store-based barrier for key:store_based_barrier_key:1 with 16 nodes.
2022-07-29 06:54:22,604 - torch.distributed.distributed_c10d - INFO - Rank 3: Completed store-based barrier for key:store_based_barrier_key:1 with 16 nodes.
2022-07-29 06:54:22,604 - torch.distributed.distributed_c10d - INFO - Rank 13: Completed store-based barrier for key:store_based_barrier_key:1 with 16 nodes.
2022-07-29 06:54:22,605 - torch.distributed.distributed_c10d - INFO - Rank 11: Completed store-based barrier for key:store_based_barrier_key:1 with 16 nodes.
2022-07-29 06:54:22,606 - torch.distributed.distributed_c10d - INFO - Rank 4: Completed store-based barrier for key:store_based_barrier_key:1 with 16 nodes.
2022-07-29 06:54:22,606 - torch.distributed.distributed_c10d - INFO - Rank 0: Completed store-based barrier for key:store_based_barrier_key:1 with 16 nodes.
2022-07-29 06:54:22,607 - torch.distributed.distributed_c10d - INFO - Rank 8: Completed store-based barrier for key:store_based_barrier_key:1 with 16 nodes.
2022-07-29 06:54:22,608 - torch.distributed.distributed_c10d - INFO - Rank 9: Completed store-based barrier for key:store_based_barrier_key:1 with 16 nodes.
2022-07-29 06:54:22,611 - torch.distributed.distributed_c10d - INFO - Rank 15: Completed store-based barrier for key:store_based_barrier_key:1 with 16 nodes.
2022-07-29 06:54:22,611 - torch.distributed.distributed_c10d - INFO - Rank 10: Completed store-based barrier for key:store_based_barrier_key:1 with 16 nodes.
2022-07-29 06:54:22,611 - torch.distributed.distributed_c10d - INFO - Rank 14: Completed store-based barrier for key:store_based_barrier_key:1 with 16 nodes.
2022-07-29 06:54:22,611 - torch.distributed.distributed_c10d - INFO - Rank 12: Completed store-based barrier for key:store_based_barrier_key:1 with 16 nodes.
2022-07-29 06:54:22,612 - torch.distributed.distributed_c10d - INFO - Rank 1: Completed store-based barrier for key:store_based_barrier_key:1 with 16 nodes.
2022-07-29 06:54:22,612 - torch.distributed.distributed_c10d - INFO - Rank 6: Completed store-based barrier for key:store_based_barrier_key:1 with 16 nodes.
2022-07-29 06:54:22,613 - torch.distributed.distributed_c10d - INFO - Rank 7: Completed store-based barrier for key:store_based_barrier_key:1 with 16 nodes.
2022-07-29 06:54:22,626 - root - INFO - ------------------ Configuration ------------------
2022-07-29 06:54:22,626 - root - INFO - Configuration file: /global/u1/c/cjacobus/Nyx-TSIT/config/tsit.yaml
2022-07-29 06:54:22,626 - root - INFO - Configuration name: valid_L1_128
2022-07-29 06:54:22,626 - root - INFO - Nsamples 8192
2022-07-29 06:54:22,626 - root - INFO - Nsamples_val 512
2022-07-29 06:54:22,626 - root - INFO - niter 100
2022-07-29 06:54:22,626 - root - INFO - niter_decay 50
2022-07-29 06:54:22,626 - root - INFO - use_spec_loss False
2022-07-29 06:54:22,626 - root - INFO - lambda_spec 0.0
2022-07-29 06:54:22,626 - root - INFO - use_l1_loss True
2022-07-29 06:54:22,626 - root - INFO - lambda_l1 300.0
2022-07-29 06:54:22,626 - root - INFO - data_size 128
2022-07-29 06:54:22,626 - root - INFO - train_path /pscratch/sd/c/cjacobus/Nyx_512/train_s1_512_invar3_hydro.h5
2022-07-29 06:54:22,626 - root - INFO - val_path /pscratch/sd/c/cjacobus/Nyx_512/valid_s2_512_invar3_hydro.h5
2022-07-29 06:54:22,626 - root - INFO - num_data_workers 16
2022-07-29 06:54:22,626 - root - INFO - in_channels [0, 1, 2, 3, 17, 18, 19]
2022-07-29 06:54:22,626 - root - INFO - out_channels [0]
2022-07-29 06:54:22,626 - root - INFO - min_path /pscratch/sd/s/shas1693/data/era5/mins.npy
2022-07-29 06:54:22,626 - root - INFO - max_path /pscratch/sd/s/shas1693/data/era5/maxs.npy
2022-07-29 06:54:22,626 - root - INFO - time_means_path /pscratch/sd/s/shas1693/data/era5/time_means.npy
2022-07-29 06:54:22,626 - root - INFO - global_means_path /pscratch/sd/s/shas1693/data/era5/global_means.npy
2022-07-29 06:54:22,626 - root - INFO - global_stds_path /pscratch/sd/s/shas1693/data/era5/global_stds.npy
2022-07-29 06:54:22,626 - root - INFO - precip /pscratch/sd/p/pharring/ERA5/precip/total_precipitation
2022-07-29 06:54:22,626 - root - INFO - precip_eps 1e-05
2022-07-29 06:54:22,626 - root - INFO - dt 1
2022-07-29 06:54:22,626 - root - INFO - n_history 0
2022-07-29 06:54:22,626 - root - INFO - crop_size_x None
2022-07-29 06:54:22,626 - root - INFO - crop_size_y None
2022-07-29 06:54:22,626 - root - INFO - roll False
2022-07-29 06:54:22,626 - root - INFO - conttime False
2022-07-29 06:54:22,626 - root - INFO - normalization zscore
2022-07-29 06:54:22,626 - root - INFO - add_grid False
2022-07-29 06:54:22,626 - root - INFO - model pix2pix
2022-07-29 06:54:22,626 - root - INFO - norm_G spectralfadebatch3x3
2022-07-29 06:54:22,626 - root - INFO - norm_D spectralinstance
2022-07-29 06:54:22,626 - root - INFO - norm_S spectralinstance
2022-07-29 06:54:22,626 - root - INFO - norm_E spectralinstance
2022-07-29 06:54:22,626 - root - INFO - batch_size 16
2022-07-29 06:54:22,626 - root - INFO - img_size [512, 512, 512]
2022-07-29 06:54:22,626 - root - INFO - box_size [512, 512, 512]
2022-07-29 06:54:22,626 - root - INFO - input_nc 5
2022-07-29 06:54:22,626 - root - INFO - output_nc 5
2022-07-29 06:54:22,626 - root - INFO - netG tsit
2022-07-29 06:54:22,626 - root - INFO - ngf 64
2022-07-29 06:54:22,626 - root - INFO - init_type xavier
2022-07-29 06:54:22,626 - root - INFO - init_variance 0.02
2022-07-29 06:54:22,626 - root - INFO - z_dim 256
2022-07-29 06:54:22,626 - root - INFO - alpha 1.0
2022-07-29 06:54:22,626 - root - INFO - no_ss True
2022-07-29 06:54:22,626 - root - INFO - downsamp True
2022-07-29 06:54:22,626 - root - INFO - rank 3, begin data loader init
2022-07-29 06:54:22,626 - root - INFO - num_upsampling_blocks 6
2022-07-29 06:54:22,626 - root - INFO - use_periodic_padding True
2022-07-29 06:54:22,627 - root - INFO - additive_noise False
2022-07-29 06:54:22,626 - root - INFO - rank 2, begin data loader init
2022-07-29 06:54:22,627 - root - INFO - nef 16
2022-07-29 06:54:22,627 - root - INFO - use_vae False
2022-07-29 06:54:22,627 - root - INFO - optimizer adam
2022-07-29 06:54:22,627 - root - INFO - beta1 0.5
2022-07-29 06:54:22,627 - root - INFO - beta2 0.999
2022-07-29 06:54:22,627 - root - INFO - lr 0.0002
2022-07-29 06:54:22,627 - root - INFO - D_steps_per_G 1
2022-07-29 06:54:22,627 - root - INFO - ndf 64
2022-07-29 06:54:22,627 - root - INFO - lambda_feat 0.5
2022-07-29 06:54:22,627 - root - INFO - no_ganFeat_loss False
2022-07-29 06:54:22,627 - root - INFO - rank 3, data loader initialized
2022-07-29 06:54:22,627 - root - INFO - gan_mode hinge
2022-07-29 06:54:22,627 - root - INFO - netD multiscale
2022-07-29 06:54:22,627 - root - INFO - num_D 2
2022-07-29 06:54:22,627 - root - INFO - rank 2, data loader initialized
2022-07-29 06:54:22,627 - root - INFO - n_layers_D 4
2022-07-29 06:54:22,627 - root - INFO - no_TTUR True
2022-07-29 06:54:22,627 - root - INFO - lambda_kld 0.05
2022-07-29 06:54:22,627 - root - INFO - cat_inp False
2022-07-29 06:54:22,627 - root - INFO - entity weatherbenching
2022-07-29 06:54:22,627 - root - INFO - project Nyx-TSIT
2022-07-29 06:54:22,627 - root - INFO - log_to_wandb True
2022-07-29 06:54:22,627 - root - INFO - log_to_screen True
2022-07-29 06:54:22,627 - root - INFO - save_checkpoint True
2022-07-29 06:54:22,627 - root - INFO - weight_init ordereddict([('conv_init', 'normal'), ('conv_scale', 0.02), ('conv_bias', 0.0)])
2022-07-29 06:54:22,627 - root - INFO - lambda_rho 0
2022-07-29 06:54:22,627 - root - INFO - rank 1, begin data loader init
2022-07-29 06:54:22,627 - root - INFO - full_scale True
2022-07-29 06:54:22,627 - root - INFO - global_batch_size 64
2022-07-29 06:54:22,627 - root - INFO - base_batch_size 64
2022-07-29 06:54:22,627 - root - INFO - num_epochs 60
2022-07-29 06:54:22,627 - root - INFO - enable_amp False
2022-07-29 06:54:22,627 - root - INFO - enable_apex False
2022-07-29 06:54:22,627 - root - INFO - enable_benchy False
2022-07-29 06:54:22,627 - root - INFO - enable_jit False
2022-07-29 06:54:22,627 - root - INFO - expdir /logs
2022-07-29 06:54:22,627 - root - INFO - lr_schedule ordereddict([('scaling', 'sqrt'), ('start_lr', 0.0002), ('end_lr', 0.0), ('warmup_steps', 128)])
2022-07-29 06:54:22,627 - root - INFO - data_loader_config lowmem
2022-07-29 06:54:22,627 - root - INFO - N_out_channels 5
2022-07-29 06:54:22,627 - root - INFO - rank 1, data loader initialized
2022-07-29 06:54:22,627 - root - INFO - N_in_channels 5
2022-07-29 06:54:22,627 - root - INFO - use_cache None
2022-07-29 06:54:22,627 - root - INFO - ---------------------------------------------------
log_to_wandb -------------------------------------------------------------------
making base dir: /pscratch/sd/c/cjacobus/tsit/expts/valid_L1_128
2022-07-29 06:54:22,629 - root - INFO - rank 6, begin data loader init
2022-07-29 06:54:22,630 - root - INFO - rank 6, data loader initialized
2022-07-29 06:54:22,630 - root - INFO - rank 4, begin data loader init
2022-07-29 06:54:22,630 - root - INFO - rank 5, begin data loader init
2022-07-29 06:54:22,630 - root - INFO - rank 4, data loader initialized
2022-07-29 06:54:22,630 - root - INFO - rank 5, data loader initialized
2022-07-29 06:54:22,630 - root - INFO - rank 7, begin data loader init
2022-07-29 06:54:22,630 - root - INFO - rank 7, data loader initialized
2022-07-29 06:54:22,630 - root - INFO - rank 9, begin data loader init
2022-07-29 06:54:22,631 - root - INFO - rank 8, begin data loader init
2022-07-29 06:54:22,631 - root - INFO - rank 9, data loader initialized
2022-07-29 06:54:22,631 - root - INFO - rank 8, data loader initialized
2022-07-29 06:54:22,631 - root - INFO - rank 11, begin data loader init
2022-07-29 06:54:22,631 - root - INFO - rank 10, begin data loader init
2022-07-29 06:54:22,631 - root - INFO - rank 11, data loader initialized
2022-07-29 06:54:22,631 - root - INFO - rank 10, data loader initialized
2022-07-29 06:54:22,632 - root - INFO - rank 14, begin data loader init
2022-07-29 06:54:22,632 - root - INFO - rank 12, begin data loader init
2022-07-29 06:54:22,632 - root - INFO - rank 14, data loader initialized
2022-07-29 06:54:22,632 - root - INFO - rank 15, begin data loader init
2022-07-29 06:54:22,632 - root - INFO - rank 12, data loader initialized
2022-07-29 06:54:22,633 - root - INFO - rank 13, begin data loader init
2022-07-29 06:54:22,633 - root - INFO - rank 15, data loader initialized
2022-07-29 06:54:22,633 - root - INFO - rank 13, data loader initialized
wandb: Currently logged in as: cjacobus (use `wandb login --relogin` to force relogin)
wandb: wandb version 0.12.21 is available!  To upgrade, please run:
wandb:  $ pip install wandb --upgrade
wandb: Tracking run with wandb version 0.12.13
wandb: Run data is saved locally in /pscratch/sd/c/cjacobus/tsit/expts/valid_L1_128/wandb/run-20220729_065423-1mbniyis
wandb: Run `wandb offline` to turn off syncing.
wandb: Syncing run valid_L1_128
wandb: ⭐️ View project at https://wandb.ai/weatherbenching/Nyx-TSIT
wandb: 🚀 View run at https://wandb.ai/weatherbenching/Nyx-TSIT/runs/1mbniyis
checking dir: /pscratch/sd/c/cjacobus/tsit/expts/valid_L1_128/checkpoints/
dir exists: /pscratch/sd/c/cjacobus/tsit/expts/valid_L1_128/checkpoints/
2022-07-29 06:54:24,405 - root - INFO - rank 0, begin data loader init
2022-07-29 06:54:24,405 - root - INFO - rank 0, data loader initialized
Network [TSITGenerator] was created. Total number of parameters: 934.7 million. To see the architecture, do print(network).
Network [TSITGenerator] was created. Total number of parameters: 934.7 million. To see the architecture, do print(network).
Network [TSITGenerator] was created. Total number of parameters: 934.7 million. To see the architecture, do print(network).
Network [TSITGenerator] was created. Total number of parameters: 934.7 million. To see the architecture, do print(network).
Network [TSITGenerator] was created. Total number of parameters: 934.7 million. To see the architecture, do print(network).
Network [TSITGenerator] was created. Total number of parameters: 934.7 million. To see the architecture, do print(network).
Network [TSITGenerator] was created. Total number of parameters: 934.7 million. To see the architecture, do print(network).
Network [TSITGenerator] was created. Total number of parameters: 934.7 million. To see the architecture, do print(network).
Network [TSITGenerator] was created. Total number of parameters: 934.7 million. To see the architecture, do print(network).
Network [TSITGenerator] was created. Total number of parameters: 934.7 million. To see the architecture, do print(network).
Network [TSITGenerator] was created. Total number of parameters: 934.7 million. To see the architecture, do print(network).
Network [TSITGenerator] was created. Total number of parameters: 934.7 million. To see the architecture, do print(network).
Network [TSITGenerator] was created. Total number of parameters: 934.7 million. To see the architecture, do print(network).
Network [TSITGenerator] was created. Total number of parameters: 934.7 million. To see the architecture, do print(network).
Network [TSITGenerator] was created. Total number of parameters: 934.7 million. To see the architecture, do print(network).
Network [TSITGenerator] was created. Total number of parameters: 934.7 million. To see the architecture, do print(network).
Network [MultiscaleDiscriminator] was created. Total number of parameters: 22.1 million. To see the architecture, do print(network).
Network [MultiscaleDiscriminator] was created. Total number of parameters: 22.1 million. To see the architecture, do print(network).
Network [MultiscaleDiscriminator] was created. Total number of parameters: 22.1 million. To see the architecture, do print(network).
Network [MultiscaleDiscriminator] was created. Total number of parameters: 22.1 million. To see the architecture, do print(network).
Network [MultiscaleDiscriminator] was created. Total number of parameters: 22.1 million. To see the architecture, do print(network).
Network [MultiscaleDiscriminator] was created. Total number of parameters: 22.1 million. To see the architecture, do print(network).
Network [MultiscaleDiscriminator] was created. Total number of parameters: 22.1 million. To see the architecture, do print(network).
Network [MultiscaleDiscriminator] was created. Total number of parameters: 22.1 million. To see the architecture, do print(network).
Network [MultiscaleDiscriminator] was created. Total number of parameters: 22.1 million. To see the architecture, do print(network).
Network [MultiscaleDiscriminator] was created. Total number of parameters: 22.1 million. To see the architecture, do print(network).
Network [MultiscaleDiscriminator] was created. Total number of parameters: 22.1 million. To see the architecture, do print(network).
Network [MultiscaleDiscriminator] was created. Total number of parameters: 22.1 million. To see the architecture, do print(network).
Network [MultiscaleDiscriminator] was created. Total number of parameters: 22.1 million. To see the architecture, do print(network).
Network [MultiscaleDiscriminator] was created. Total number of parameters: 22.1 million. To see the architecture, do print(network).
Network [MultiscaleDiscriminator] was created. Total number of parameters: 22.1 million. To see the architecture, do print(network).
Network [MultiscaleDiscriminator] was created. Total number of parameters: 22.1 million. To see the architecture, do print(network).
2022-07-29 06:54:44,569 - root - INFO - Starting Training Loop...
[W reducer.cpp:1282] Warning: find_unused_parameters=True was specified in DDP constructor, but did not find any unused parameters in the forward pass. This flag results in an extra traversal of the autograd graph every iteration,  which can adversely affect performance. If your model indeed never has any unused parameters in the forward pass, consider turning this flag off. Note that this warning may be a false positive if your model has flow control causing later iterations to have unused parameters. (function operator())
[W reducer.cpp:1282] Warning: find_unused_parameters=True was specified in DDP constructor, but did not find any unused parameters in the forward pass. This flag results in an extra traversal of the autograd graph every iteration,  which can adversely affect performance. If your model indeed never has any unused parameters in the forward pass, consider turning this flag off. Note that this warning may be a false positive if your model has flow control causing later iterations to have unused parameters. (function operator())
[W reducer.cpp:1282] Warning: find_unused_parameters=True was specified in DDP constructor, but did not find any unused parameters in the forward pass. This flag results in an extra traversal of the autograd graph every iteration,  which can adversely affect performance. If your model indeed never has any unused parameters in the forward pass, consider turning this flag off. Note that this warning may be a false positive if your model has flow control causing later iterations to have unused parameters. (function operator())
[W reducer.cpp:1282] Warning: find_unused_parameters=True was specified in DDP constructor, but did not find any unused parameters in the forward pass. This flag results in an extra traversal of the autograd graph every iteration,  which can adversely affect performance. If your model indeed never has any unused parameters in the forward pass, consider turning this flag off. Note that this warning may be a false positive if your model has flow control causing later iterations to have unused parameters. (function operator())
[W reducer.cpp:1282] Warning: find_unused_parameters=True was specified in DDP constructor, but did not find any unused parameters in the forward pass. This flag results in an extra traversal of the autograd graph every iteration,  which can adversely affect performance. If your model indeed never has any unused parameters in the forward pass, consider turning this flag off. Note that this warning may be a false positive if your model has flow control causing later iterations to have unused parameters. (function operator())
[W reducer.cpp:1282] Warning: find_unused_parameters=True was specified in DDP constructor, but did not find any unused parameters in the forward pass. This flag results in an extra traversal of the autograd graph every iteration,  which can adversely affect performance. If your model indeed never has any unused parameters in the forward pass, consider turning this flag off. Note that this warning may be a false positive if your model has flow control causing later iterations to have unused parameters. (function operator())
[W reducer.cpp:1282] Warning: find_unused_parameters=True was specified in DDP constructor, but did not find any unused parameters in the forward pass. This flag results in an extra traversal of the autograd graph every iteration,  which can adversely affect performance. If your model indeed never has any unused parameters in the forward pass, consider turning this flag off. Note that this warning may be a false positive if your model has flow control causing later iterations to have unused parameters. (function operator())
[W reducer.cpp:1282] Warning: find_unused_parameters=True was specified in DDP constructor, but did not find any unused parameters in the forward pass. This flag results in an extra traversal of the autograd graph every iteration,  which can adversely affect performance. If your model indeed never has any unused parameters in the forward pass, consider turning this flag off. Note that this warning may be a false positive if your model has flow control causing later iterations to have unused parameters. (function operator())
[W reducer.cpp:1282] Warning: find_unused_parameters=True was specified in DDP constructor, but did not find any unused parameters in the forward pass. This flag results in an extra traversal of the autograd graph every iteration,  which can adversely affect performance. If your model indeed never has any unused parameters in the forward pass, consider turning this flag off. Note that this warning may be a false positive if your model has flow control causing later iterations to have unused parameters. (function operator())
[W reducer.cpp:1282] Warning: find_unused_parameters=True was specified in DDP constructor, but did not find any unused parameters in the forward pass. This flag results in an extra traversal of the autograd graph every iteration,  which can adversely affect performance. If your model indeed never has any unused parameters in the forward pass, consider turning this flag off. Note that this warning may be a false positive if your model has flow control causing later iterations to have unused parameters. (function operator())
[W reducer.cpp:1282] Warning: find_unused_parameters=True was specified in DDP constructor, but did not find any unused parameters in the forward pass. This flag results in an extra traversal of the autograd graph every iteration,  which can adversely affect performance. If your model indeed never has any unused parameters in the forward pass, consider turning this flag off. Note that this warning may be a false positive if your model has flow control causing later iterations to have unused parameters. (function operator())
[W reducer.cpp:1282] Warning: find_unused_parameters=True was specified in DDP constructor, but did not find any unused parameters in the forward pass. This flag results in an extra traversal of the autograd graph every iteration,  which can adversely affect performance. If your model indeed never has any unused parameters in the forward pass, consider turning this flag off. Note that this warning may be a false positive if your model has flow control causing later iterations to have unused parameters. (function operator())
[W reducer.cpp:1282] Warning: find_unused_parameters=True was specified in DDP constructor, but did not find any unused parameters in the forward pass. This flag results in an extra traversal of the autograd graph every iteration,  which can adversely affect performance. If your model indeed never has any unused parameters in the forward pass, consider turning this flag off. Note that this warning may be a false positive if your model has flow control causing later iterations to have unused parameters. (function operator())
[W reducer.cpp:1282] Warning: find_unused_parameters=True was specified in DDP constructor, but did not find any unused parameters in the forward pass. This flag results in an extra traversal of the autograd graph every iteration,  which can adversely affect performance. If your model indeed never has any unused parameters in the forward pass, consider turning this flag off. Note that this warning may be a false positive if your model has flow control causing later iterations to have unused parameters. (function operator())
[W reducer.cpp:1282] Warning: find_unused_parameters=True was specified in DDP constructor, but did not find any unused parameters in the forward pass. This flag results in an extra traversal of the autograd graph every iteration,  which can adversely affect performance. If your model indeed never has any unused parameters in the forward pass, consider turning this flag off. Note that this warning may be a false positive if your model has flow control causing later iterations to have unused parameters. (function operator())
[W reducer.cpp:1282] Warning: find_unused_parameters=True was specified in DDP constructor, but did not find any unused parameters in the forward pass. This flag results in an extra traversal of the autograd graph every iteration,  which can adversely affect performance. If your model indeed never has any unused parameters in the forward pass, consider turning this flag off. Note that this warning may be a false positive if your model has flow control causing later iterations to have unused parameters. (function operator())
generator made step 0
discriminator made step 0
generator made step 16
discriminator made step 16
generator made step 32
discriminator made step 32
generator made step 48
discriminator made step 48
generator made step 64
discriminator made step 64
generator made step 80
discriminator made step 80
generator made step 96
discriminator made step 96
generator made step 112
discriminator made step 112
generator made step 128
discriminator made step 128
generator made step 144
discriminator made step 144
generator made step 160
discriminator made step 160
generator made step 176
discriminator made step 176
generator made step 192
discriminator made step 192
generator made step 208
discriminator made step 208
generator made step 224
discriminator made step 224
generator made step 240
discriminator made step 240
generator made step 256
discriminator made step 256
generator made step 272
discriminator made step 272
generator made step 288
discriminator made step 288
generator made step 304
discriminator made step 304
generator made step 320
discriminator made step 320
generator made step 336
discriminator made step 336
generator made step 352
discriminator made step 352
generator made step 368
discriminator made step 368
generator made step 384
discriminator made step 384
generator made step 400
discriminator made step 400
generator made step 416
discriminator made step 416
generator made step 432
discriminator made step 432
generator made step 448
discriminator made step 448
generator made step 464
discriminator made step 464
generator made step 480
discriminator made step 480
generator made step 496
discriminator made step 496
2022-07-29 07:02:28,799 - root - INFO - Total=464.229644, G=347.248410, D=102.277159, data=11.378388, next=3.325687
2022-07-29 07:02:35,917 - root - INFO - Total=7.117144, G=0.442849, data=3.246651, acc=1.535083, agg=0.126840, next=1.765720
saving checkpoint...
2022-07-29 07:02:46,706 - root - INFO - Time taken for epoch 1 is 482.1370029449463 sec
2022-07-29 07:02:46,706 - root - INFO - Train time = 464.2296440601349, Valid time = 7.117143869400024
2022-07-29 07:02:46,706 - root - INFO - G losses = {'GAN': 0.7633641958236694, 'GAN_Feat': 0.8125348091125488, 'L1': 29.88161277770996}
2022-07-29 07:02:46,706 - root - INFO - D losses = {'D_Fake': 0.8475519418716431, 'D_real': 0.1434502899646759}
generator made step 0
discriminator made step 0
generator made step 16
discriminator made step 16
generator made step 32
discriminator made step 32
generator made step 48
discriminator made step 48
generator made step 64
discriminator made step 64
generator made step 80
discriminator made step 80
generator made step 96
discriminator made step 96
generator made step 112
discriminator made step 112
generator made step 128
discriminator made step 128
generator made step 144
discriminator made step 144
generator made step 160
discriminator made step 160
generator made step 176
discriminator made step 176
generator made step 192
discriminator made step 192
generator made step 208
discriminator made step 208
generator made step 224
discriminator made step 224
generator made step 240
discriminator made step 240
generator made step 256
discriminator made step 256
generator made step 272
discriminator made step 272
generator made step 288
discriminator made step 288
generator made step 304
discriminator made step 304
generator made step 320
discriminator made step 320
generator made step 336
discriminator made step 336
generator made step 352
discriminator made step 352
generator made step 368
discriminator made step 368
generator made step 384
discriminator made step 384
generator made step 400
discriminator made step 400
generator made step 416
discriminator made step 416
generator made step 432
discriminator made step 432
generator made step 448
discriminator made step 448
generator made step 464
discriminator made step 464
generator made step 480
discriminator made step 480
generator made step 496
discriminator made step 496
2022-07-29 07:10:05,465 - root - INFO - Total=438.758012, G=323.839793, D=102.462750, data=11.334423, next=1.121045
2022-07-29 07:10:10,939 - root - INFO - Total=5.472745, G=0.529852, data=3.175075, acc=0.007572, agg=0.127318, next=1.632928
saving checkpoint...
2022-07-29 07:10:23,104 - root - INFO - Time taken for epoch 2 is 456.39838457107544 sec
2022-07-29 07:10:23,105 - root - INFO - Train time = 438.75801181793213, Valid time = 5.472745180130005
2022-07-29 07:10:23,105 - root - INFO - G losses = {'GAN': 1.143043041229248, 'GAN_Feat': 0.6084333658218384, 'L1': 28.17642593383789}
2022-07-29 07:10:23,105 - root - INFO - D losses = {'D_Fake': 0.3390209376811981, 'D_real': 0.004914361052215099}
generator made step 0
discriminator made step 0
generator made step 16
discriminator made step 16
generator made step 32
discriminator made step 32
generator made step 48
discriminator made step 48
generator made step 64
discriminator made step 64
generator made step 80
discriminator made step 80
generator made step 96
discriminator made step 96
generator made step 112
discriminator made step 112
generator made step 128
discriminator made step 128
generator made step 144
discriminator made step 144
generator made step 160
discriminator made step 160
generator made step 176
discriminator made step 176
generator made step 192
discriminator made step 192
generator made step 208
discriminator made step 208
generator made step 224
discriminator made step 224
generator made step 240
discriminator made step 240
generator made step 256
discriminator made step 256
generator made step 272
discriminator made step 272
generator made step 288
discriminator made step 288
generator made step 304
discriminator made step 304
generator made step 320
discriminator made step 320
generator made step 336
discriminator made step 336
generator made step 352
discriminator made step 352
generator made step 368
discriminator made step 368
generator made step 384
discriminator made step 384
generator made step 400
discriminator made step 400
generator made step 416
discriminator made step 416
generator made step 432
discriminator made step 432
generator made step 448
discriminator made step 448
generator made step 464
discriminator made step 464
generator made step 480
discriminator made step 480
generator made step 496
discriminator made step 496
2022-07-29 07:17:42,867 - root - INFO - Total=439.761497, G=323.711570, D=102.469158, data=11.346253, next=2.234516
2022-07-29 07:17:48,022 - root - INFO - Total=5.154154, G=0.476412, data=3.173279, acc=0.007458, agg=0.127200, next=1.369805
saving checkpoint...
2022-07-29 07:18:00,365 - root - INFO - Time taken for epoch 3 is 457.2604146003723 sec
2022-07-29 07:18:00,365 - root - INFO - Train time = 439.76149678230286, Valid time = 5.154153823852539
2022-07-29 07:18:00,365 - root - INFO - G losses = {'GAN': 3.323188304901123, 'GAN_Feat': 0.7424446940422058, 'L1': 31.300125122070312}
2022-07-29 07:18:00,365 - root - INFO - D losses = {'D_Fake': 0.00012733021867461503, 'D_real': 0.00024950903025455773}
generator made step 0
discriminator made step 0
generator made step 16
discriminator made step 16
generator made step 32
discriminator made step 32
generator made step 48
discriminator made step 48
generator made step 64
discriminator made step 64
generator made step 80
discriminator made step 80
generator made step 96
discriminator made step 96
generator made step 112
discriminator made step 112
generator made step 128
discriminator made step 128
generator made step 144
discriminator made step 144
generator made step 160
discriminator made step 160
generator made step 176
discriminator made step 176
generator made step 192
discriminator made step 192
generator made step 208
discriminator made step 208
generator made step 224
discriminator made step 224
generator made step 240
discriminator made step 240
generator made step 256
discriminator made step 256
generator made step 272
discriminator made step 272
generator made step 288
discriminator made step 288
generator made step 304
discriminator made step 304
generator made step 320
discriminator made step 320
generator made step 336
discriminator made step 336
generator made step 352
discriminator made step 352
generator made step 368
discriminator made step 368
generator made step 384
discriminator made step 384
generator made step 400
discriminator made step 400
generator made step 416
discriminator made step 416
generator made step 432
discriminator made step 432
generator made step 448
discriminator made step 448
generator made step 464
discriminator made step 464
generator made step 480
discriminator made step 480
generator made step 496
discriminator made step 496
2022-07-29 07:25:20,119 - root - INFO - Total=439.752480, G=323.658652, D=102.441271, data=11.337946, next=2.314611
2022-07-29 07:25:25,490 - root - INFO - Total=5.370491, G=0.459587, data=3.269825, acc=0.006496, agg=0.127777, next=1.506807
saving checkpoint...
2022-07-29 07:25:37,813 - root - INFO - Time taken for epoch 4 is 457.4479629993439 sec
2022-07-29 07:25:37,813 - root - INFO - Train time = 439.75247979164124, Valid time = 5.37049126625061
2022-07-29 07:25:37,813 - root - INFO - G losses = {'GAN': 3.423579692840576, 'GAN_Feat': 0.6313655376434326, 'L1': 27.24558448791504}
2022-07-29 07:25:37,813 - root - INFO - D losses = {'D_Fake': 0.0001229720510309562, 'D_real': 2.0256729125976562}
generator made step 0
discriminator made step 0
generator made step 16
discriminator made step 16
generator made step 32
discriminator made step 32
generator made step 48
discriminator made step 48
generator made step 64
discriminator made step 64
generator made step 80
discriminator made step 80
generator made step 96
discriminator made step 96
generator made step 112
discriminator made step 112
generator made step 128
discriminator made step 128
generator made step 144
discriminator made step 144
generator made step 160
discriminator made step 160
generator made step 176
discriminator made step 176
generator made step 192
discriminator made step 192
generator made step 208
discriminator made step 208
generator made step 224
discriminator made step 224
generator made step 240
discriminator made step 240
generator made step 256
discriminator made step 256
generator made step 272
discriminator made step 272
generator made step 288
discriminator made step 288
generator made step 304
discriminator made step 304
generator made step 320
discriminator made step 320
generator made step 336
discriminator made step 336
generator made step 352
discriminator made step 352
generator made step 368
discriminator made step 368
generator made step 384
discriminator made step 384
generator made step 400
discriminator made step 400
generator made step 416
discriminator made step 416
generator made step 432
discriminator made step 432
generator made step 448
discriminator made step 448
generator made step 464
discriminator made step 464
generator made step 480
discriminator made step 480
generator made step 496
discriminator made step 496
2022-07-29 07:32:57,835 - root - INFO - Total=440.020802, G=323.788836, D=102.417521, data=11.341178, next=2.473267
2022-07-29 07:33:03,290 - root - INFO - Total=5.454120, G=0.446002, data=3.283722, acc=0.006369, agg=0.135602, next=1.582424
saving checkpoint...
2022-07-29 07:33:15,343 - root - INFO - Time taken for epoch 5 is 457.52950525283813 sec
2022-07-29 07:33:15,343 - root - INFO - Train time = 440.0208020210266, Valid time = 5.454119682312012
2022-07-29 07:33:15,343 - root - INFO - G losses = {'GAN': 1.7889152765274048, 'GAN_Feat': 0.6090195775032043, 'L1': 32.59855270385742}
2022-07-29 07:33:15,343 - root - INFO - D losses = {'D_Fake': 0.11839527636766434, 'D_real': 1.0617783069610596}
generator made step 0
discriminator made step 0
generator made step 16
discriminator made step 16
generator made step 32
discriminator made step 32
generator made step 48
discriminator made step 48
generator made step 64
discriminator made step 64
generator made step 80
discriminator made step 80
generator made step 96
discriminator made step 96
generator made step 112
discriminator made step 112
generator made step 128
discriminator made step 128
generator made step 144
discriminator made step 144
generator made step 160
discriminator made step 160
generator made step 176
discriminator made step 176
generator made step 192
discriminator made step 192
generator made step 208
discriminator made step 208
generator made step 224
discriminator made step 224
generator made step 240
discriminator made step 240
generator made step 256
discriminator made step 256
generator made step 272
discriminator made step 272
generator made step 288
discriminator made step 288
generator made step 304
discriminator made step 304
generator made step 320
discriminator made step 320
generator made step 336
discriminator made step 336
generator made step 352
discriminator made step 352
generator made step 368
discriminator made step 368
generator made step 384
discriminator made step 384
generator made step 400
discriminator made step 400
generator made step 416
discriminator made step 416
generator made step 432
discriminator made step 432
generator made step 448
discriminator made step 448
generator made step 464
discriminator made step 464
generator made step 480
discriminator made step 480
generator made step 496
discriminator made step 496
2022-07-29 07:40:35,134 - root - INFO - Total=439.790041, G=323.732094, D=102.512389, data=11.313517, next=2.232041
2022-07-29 07:40:41,298 - root - INFO - Total=6.163291, G=0.459550, data=3.418782, acc=0.006537, agg=0.151904, next=2.126518
saving checkpoint...
2022-07-29 07:40:53,549 - root - INFO - Time taken for epoch 6 is 458.20546412467957 sec
2022-07-29 07:40:53,549 - root - INFO - Train time = 439.7900414466858, Valid time = 6.163290500640869
2022-07-29 07:40:53,549 - root - INFO - G losses = {'GAN': 4.143012523651123, 'GAN_Feat': 0.6148369312286377, 'L1': 22.58647918701172}
2022-07-29 07:40:53,549 - root - INFO - D losses = {'D_Fake': 0.0, 'D_real': 0.002501582959666848}
generator made step 0
discriminator made step 0
generator made step 16
discriminator made step 16
generator made step 32
discriminator made step 32
generator made step 48
discriminator made step 48
generator made step 64
discriminator made step 64
generator made step 80
discriminator made step 80
generator made step 96
discriminator made step 96
generator made step 112
discriminator made step 112
generator made step 128
discriminator made step 128
generator made step 144
discriminator made step 144
generator made step 160
discriminator made step 160
generator made step 176
discriminator made step 176
generator made step 192
discriminator made step 192
generator made step 208
discriminator made step 208
generator made step 224
discriminator made step 224
generator made step 240
discriminator made step 240
generator made step 256
discriminator made step 256
generator made step 272
discriminator made step 272
generator made step 288
discriminator made step 288
generator made step 304
discriminator made step 304
generator made step 320
discriminator made step 320
generator made step 336
discriminator made step 336
generator made step 352
discriminator made step 352
generator made step 368
discriminator made step 368
generator made step 384
discriminator made step 384
generator made step 400
discriminator made step 400
generator made step 416
discriminator made step 416
generator made step 432
discriminator made step 432
generator made step 448
discriminator made step 448
generator made step 464
discriminator made step 464
generator made step 480
discriminator made step 480
generator made step 496
discriminator made step 496
2022-07-29 07:48:12,498 - root - INFO - Total=438.947326, G=323.754728, D=102.458340, data=11.309324, next=1.424934
2022-07-29 07:48:17,561 - root - INFO - Total=5.062388, G=0.488367, data=3.209456, acc=0.007239, agg=0.125756, next=1.231570
saving checkpoint...
2022-07-29 07:48:29,693 - root - INFO - Time taken for epoch 7 is 456.14344477653503 sec
2022-07-29 07:48:29,693 - root - INFO - Train time = 438.94732570648193, Valid time = 5.062387704849243
2022-07-29 07:48:29,693 - root - INFO - G losses = {'GAN': 5.383827209472656, 'GAN_Feat': 0.6677790880203247, 'L1': 24.869789123535156}
2022-07-29 07:48:29,693 - root - INFO - D losses = {'D_Fake': 0.0, 'D_real': 8.608834832557477e-06}
generator made step 0
discriminator made step 0
generator made step 16
discriminator made step 16
generator made step 32
discriminator made step 32
generator made step 48
discriminator made step 48
generator made step 64
discriminator made step 64
generator made step 80
discriminator made step 80
generator made step 96
discriminator made step 96
generator made step 112
discriminator made step 112
generator made step 128
discriminator made step 128
generator made step 144
discriminator made step 144
generator made step 160
discriminator made step 160
generator made step 176
discriminator made step 176
generator made step 192
discriminator made step 192
generator made step 208
discriminator made step 208
generator made step 224
discriminator made step 224
generator made step 240
discriminator made step 240
generator made step 256
discriminator made step 256
generator made step 272
discriminator made step 272
generator made step 288
discriminator made step 288
generator made step 304
discriminator made step 304
generator made step 320
discriminator made step 320
generator made step 336
discriminator made step 336
generator made step 352
discriminator made step 352
generator made step 368
discriminator made step 368
generator made step 384
discriminator made step 384
generator made step 400
discriminator made step 400
srun: Job step aborted: Waiting up to 32 seconds for job step to finish.
slurmstepd: error: *** STEP 2843122.0 ON nid002709 CANCELLED AT 2022-07-29T07:54:14 DUE TO TIME LIMIT ***
slurmstepd: error: *** JOB 2843122 ON nid002709 CANCELLED AT 2022-07-29T07:54:14 DUE TO TIME LIMIT ***
