+ srun -u shifter -V /pscratch/sd/c/cjacobus/ML_Hydro_train/logs:/logs --image=nersc/pytorch:ngc-22.03-v0 --env PYTHONUSERBASE=/global/homes/c/cjacobus/.local/perlmutter/nersc-pytorch-ngc-22.03-v0 bash -c '
    source export_DDP_vars.sh
    python train.py --root_dir=/pscratch/sd/c/cjacobus/tsit --config=full_samples
    '
[W socket.cpp:701] The server socket on [nid002260]:29500 is not yet listening (errno: 111 - Connection refused), will retry.
[W socket.cpp:701] The server socket on [nid002260]:29500 is not yet listening (errno: 111 - Connection refused), will retry.
[W socket.cpp:701] The server socket on [nid002260]:29500 is not yet listening (errno: 111 - Connection refused), will retry.
[W socket.cpp:701] The server socket on [nid002260]:29500 is not yet listening (errno: 111 - Connection refused), will retry.
2022-07-22 20:58:59,047 - torch.distributed.distributed_c10d - INFO - Added key: store_based_barrier_key:1 to store for rank: 3
2022-07-22 20:58:59,048 - torch.distributed.distributed_c10d - INFO - Added key: store_based_barrier_key:1 to store for rank: 1
2022-07-22 20:58:59,050 - torch.distributed.distributed_c10d - INFO - Added key: store_based_barrier_key:1 to store for rank: 2
2022-07-22 20:58:59,168 - torch.distributed.distributed_c10d - INFO - Added key: store_based_barrier_key:1 to store for rank: 10
2022-07-22 20:58:59,171 - torch.distributed.distributed_c10d - INFO - Added key: store_based_barrier_key:1 to store for rank: 8
2022-07-22 20:58:59,173 - torch.distributed.distributed_c10d - INFO - Added key: store_based_barrier_key:1 to store for rank: 11
2022-07-22 20:58:59,174 - torch.distributed.distributed_c10d - INFO - Added key: store_based_barrier_key:1 to store for rank: 9
2022-07-22 20:58:59,202 - torch.distributed.distributed_c10d - INFO - Added key: store_based_barrier_key:1 to store for rank: 14
2022-07-22 20:58:59,209 - torch.distributed.distributed_c10d - INFO - Added key: store_based_barrier_key:1 to store for rank: 12
2022-07-22 20:58:59,211 - torch.distributed.distributed_c10d - INFO - Added key: store_based_barrier_key:1 to store for rank: 15
2022-07-22 20:58:59,212 - torch.distributed.distributed_c10d - INFO - Added key: store_based_barrier_key:1 to store for rank: 13
2022-07-22 20:58:59,600 - torch.distributed.distributed_c10d - INFO - Added key: store_based_barrier_key:1 to store for rank: 0
2022-07-22 20:58:59,774 - torch.distributed.distributed_c10d - INFO - Added key: store_based_barrier_key:1 to store for rank: 7
2022-07-22 20:58:59,778 - torch.distributed.distributed_c10d - INFO - Added key: store_based_barrier_key:1 to store for rank: 6
2022-07-22 20:58:59,781 - torch.distributed.distributed_c10d - INFO - Added key: store_based_barrier_key:1 to store for rank: 4
2022-07-22 20:58:59,782 - torch.distributed.distributed_c10d - INFO - Added key: store_based_barrier_key:1 to store for rank: 5
2022-07-22 20:58:59,782 - torch.distributed.distributed_c10d - INFO - Rank 5: Completed store-based barrier for key:store_based_barrier_key:1 with 16 nodes.
2022-07-22 20:58:59,782 - torch.distributed.distributed_c10d - INFO - Rank 15: Completed store-based barrier for key:store_based_barrier_key:1 with 16 nodes.
2022-07-22 20:58:59,782 - torch.distributed.distributed_c10d - INFO - Rank 10: Completed store-based barrier for key:store_based_barrier_key:1 with 16 nodes.
2022-07-22 20:58:59,782 - torch.distributed.distributed_c10d - INFO - Rank 0: Completed store-based barrier for key:store_based_barrier_key:1 with 16 nodes.
2022-07-22 20:58:59,782 - torch.distributed.distributed_c10d - INFO - Rank 2: Completed store-based barrier for key:store_based_barrier_key:1 with 16 nodes.
2022-07-22 20:58:59,783 - torch.distributed.distributed_c10d - INFO - Rank 11: Completed store-based barrier for key:store_based_barrier_key:1 with 16 nodes.
2022-07-22 20:58:59,783 - torch.distributed.distributed_c10d - INFO - Rank 13: Completed store-based barrier for key:store_based_barrier_key:1 with 16 nodes.
2022-07-22 20:58:59,784 - torch.distributed.distributed_c10d - INFO - Rank 14: Completed store-based barrier for key:store_based_barrier_key:1 with 16 nodes.
2022-07-22 20:58:59,784 - torch.distributed.distributed_c10d - INFO - Rank 7: Completed store-based barrier for key:store_based_barrier_key:1 with 16 nodes.
2022-07-22 20:58:59,787 - torch.distributed.distributed_c10d - INFO - Rank 8: Completed store-based barrier for key:store_based_barrier_key:1 with 16 nodes.
2022-07-22 20:58:59,788 - torch.distributed.distributed_c10d - INFO - Rank 9: Completed store-based barrier for key:store_based_barrier_key:1 with 16 nodes.
2022-07-22 20:58:59,788 - torch.distributed.distributed_c10d - INFO - Rank 3: Completed store-based barrier for key:store_based_barrier_key:1 with 16 nodes.
2022-07-22 20:58:59,789 - torch.distributed.distributed_c10d - INFO - Rank 6: Completed store-based barrier for key:store_based_barrier_key:1 with 16 nodes.
2022-07-22 20:58:59,791 - torch.distributed.distributed_c10d - INFO - Rank 1: Completed store-based barrier for key:store_based_barrier_key:1 with 16 nodes.
2022-07-22 20:58:59,791 - torch.distributed.distributed_c10d - INFO - Rank 12: Completed store-based barrier for key:store_based_barrier_key:1 with 16 nodes.
2022-07-22 20:58:59,792 - torch.distributed.distributed_c10d - INFO - Rank 4: Completed store-based barrier for key:store_based_barrier_key:1 with 16 nodes.
2022-07-22 20:58:59,803 - root - INFO - rank 15, begin data loader init
2022-07-22 20:58:59,803 - root - INFO - rank 13, begin data loader init
2022-07-22 20:58:59,803 - root - INFO - rank 14, begin data loader init
2022-07-22 20:58:59,803 - root - INFO - rank 15, data loader initialized
2022-07-22 20:58:59,803 - root - INFO - rank 13, data loader initialized
2022-07-22 20:58:59,803 - root - INFO - rank 14, data loader initialized
2022-07-22 20:58:59,803 - root - INFO - rank 12, begin data loader init
2022-07-22 20:58:59,804 - root - INFO - rank 12, data loader initialized
2022-07-22 20:58:59,804 - root - INFO - rank 11, begin data loader init
2022-07-22 20:58:59,804 - root - INFO - rank 11, data loader initialized
2022-07-22 20:58:59,805 - root - INFO - rank 10, begin data loader init
2022-07-22 20:58:59,805 - root - INFO - rank 8, begin data loader init
2022-07-22 20:58:59,805 - root - INFO - rank 9, begin data loader init
2022-07-22 20:58:59,805 - root - INFO - rank 10, data loader initialized
2022-07-22 20:58:59,805 - root - INFO - rank 8, data loader initialized
2022-07-22 20:58:59,805 - root - INFO - rank 9, data loader initialized
2022-07-22 20:58:59,805 - root - INFO - ------------------ Configuration ------------------
2022-07-22 20:58:59,805 - root - INFO - Configuration file: /global/u1/c/cjacobus/Nyx-TSIT/config/tsit.yaml
2022-07-22 20:58:59,805 - root - INFO - Configuration name: full_samples
2022-07-22 20:58:59,805 - root - INFO - Nsamples 8192
2022-07-22 20:58:59,805 - root - INFO - Nsamples_val 512
2022-07-22 20:58:59,805 - root - INFO - niter 100
2022-07-22 20:58:59,805 - root - INFO - niter_decay 50
2022-07-22 20:58:59,805 - root - INFO - num_data_workers 16
2022-07-22 20:58:59,805 - root - INFO - in_channels [0, 1, 2, 3, 17, 18, 19]
2022-07-22 20:58:59,805 - root - INFO - out_channels [0]
2022-07-22 20:58:59,805 - root - INFO - min_path /pscratch/sd/s/shas1693/data/era5/mins.npy
2022-07-22 20:58:59,805 - root - INFO - max_path /pscratch/sd/s/shas1693/data/era5/maxs.npy
2022-07-22 20:58:59,805 - root - INFO - time_means_path /pscratch/sd/s/shas1693/data/era5/time_means.npy
2022-07-22 20:58:59,805 - root - INFO - global_means_path /pscratch/sd/s/shas1693/data/era5/global_means.npy
2022-07-22 20:58:59,805 - root - INFO - global_stds_path /pscratch/sd/s/shas1693/data/era5/global_stds.npy
2022-07-22 20:58:59,805 - root - INFO - precip /pscratch/sd/p/pharring/ERA5/precip/total_precipitation
2022-07-22 20:58:59,805 - root - INFO - precip_eps 1e-05
2022-07-22 20:58:59,805 - root - INFO - dt 1
2022-07-22 20:58:59,805 - root - INFO - n_history 0
2022-07-22 20:58:59,805 - root - INFO - crop_size_x None
2022-07-22 20:58:59,805 - root - INFO - crop_size_y None
2022-07-22 20:58:59,805 - root - INFO - roll False
2022-07-22 20:58:59,805 - root - INFO - conttime False
2022-07-22 20:58:59,805 - root - INFO - normalization zscore
2022-07-22 20:58:59,805 - root - INFO - add_grid False
2022-07-22 20:58:59,805 - root - INFO - model pix2pix
2022-07-22 20:58:59,805 - root - INFO - norm_G spectralfadebatch3x3
2022-07-22 20:58:59,805 - root - INFO - norm_D spectralinstance
2022-07-22 20:58:59,806 - root - INFO - norm_S spectralinstance
2022-07-22 20:58:59,806 - root - INFO - norm_E spectralinstance
2022-07-22 20:58:59,806 - root - INFO - rank 3, begin data loader init
2022-07-22 20:58:59,806 - root - INFO - batch_size 16
2022-07-22 20:58:59,806 - root - INFO - rank 2, begin data loader init
2022-07-22 20:58:59,806 - root - INFO - img_size [512, 512, 512]
2022-07-22 20:58:59,806 - root - INFO - box_size [512, 512, 512]
2022-07-22 20:58:59,806 - root - INFO - data_size 128
2022-07-22 20:58:59,806 - root - INFO - input_nc 5
2022-07-22 20:58:59,806 - root - INFO - rank 1, begin data loader init
2022-07-22 20:58:59,806 - root - INFO - output_nc 5
2022-07-22 20:58:59,806 - root - INFO - netG tsit
2022-07-22 20:58:59,806 - root - INFO - ngf 64
2022-07-22 20:58:59,806 - root - INFO - init_type xavier
2022-07-22 20:58:59,806 - root - INFO - init_variance 0.02
2022-07-22 20:58:59,806 - root - INFO - z_dim 256
2022-07-22 20:58:59,806 - root - INFO - alpha 1.0
2022-07-22 20:58:59,806 - root - INFO - no_ss True
2022-07-22 20:58:59,806 - root - INFO - downsamp True
2022-07-22 20:58:59,806 - root - INFO - rank 2, data loader initialized
2022-07-22 20:58:59,806 - root - INFO - num_upsampling_blocks 6
2022-07-22 20:58:59,806 - root - INFO - rank 3, data loader initialized
2022-07-22 20:58:59,806 - root - INFO - use_periodic_padding True
2022-07-22 20:58:59,806 - root - INFO - additive_noise False
2022-07-22 20:58:59,806 - root - INFO - nef 16
2022-07-22 20:58:59,806 - root - INFO - use_vae False
2022-07-22 20:58:59,806 - root - INFO - rank 1, data loader initialized
2022-07-22 20:58:59,806 - root - INFO - optimizer adam
2022-07-22 20:58:59,806 - root - INFO - beta1 0.5
2022-07-22 20:58:59,806 - root - INFO - beta2 0.999
2022-07-22 20:58:59,806 - root - INFO - lr 0.0002
2022-07-22 20:58:59,806 - root - INFO - D_steps_per_G 1
2022-07-22 20:58:59,806 - root - INFO - use_spec_loss False
2022-07-22 20:58:59,806 - root - INFO - lambda_spec 1.0
2022-07-22 20:58:59,806 - root - INFO - use_l1_loss False
2022-07-22 20:58:59,806 - root - INFO - lambda_l1 1.0
2022-07-22 20:58:59,806 - root - INFO - ndf 64
2022-07-22 20:58:59,806 - root - INFO - rank 7, begin data loader init
2022-07-22 20:58:59,806 - root - INFO - lambda_feat 0.5
2022-07-22 20:58:59,806 - root - INFO - no_ganFeat_loss False
2022-07-22 20:58:59,806 - root - INFO - gan_mode hinge
2022-07-22 20:58:59,806 - root - INFO - netD multiscale
2022-07-22 20:58:59,806 - root - INFO - num_D 2
2022-07-22 20:58:59,806 - root - INFO - n_layers_D 4
2022-07-22 20:58:59,806 - root - INFO - no_TTUR True
2022-07-22 20:58:59,806 - root - INFO - lambda_kld 0.05
2022-07-22 20:58:59,806 - root - INFO - cat_inp False
2022-07-22 20:58:59,806 - root - INFO - entity weatherbenching
2022-07-22 20:58:59,806 - root - INFO - project Nyx-TSIT
2022-07-22 20:58:59,806 - root - INFO - log_to_wandb True
2022-07-22 20:58:59,806 - root - INFO - log_to_screen True
2022-07-22 20:58:59,806 - root - INFO - save_checkpoint True
2022-07-22 20:58:59,806 - root - INFO - rank 6, begin data loader init
2022-07-22 20:58:59,806 - root - INFO - weight_init ordereddict([('conv_init', 'normal'), ('conv_scale', 0.02), ('conv_bias', 0.0)])
2022-07-22 20:58:59,806 - root - INFO - lambda_rho 0
2022-07-22 20:58:59,806 - root - INFO - rank 7, data loader initialized
2022-07-22 20:58:59,806 - root - INFO - full_scale True
2022-07-22 20:58:59,806 - root - INFO - global_batch_size 64
2022-07-22 20:58:59,806 - root - INFO - base_batch_size 64
2022-07-22 20:58:59,806 - root - INFO - rank 5, begin data loader init
2022-07-22 20:58:59,806 - root - INFO - num_epochs 60
2022-07-22 20:58:59,806 - root - INFO - enable_amp False
2022-07-22 20:58:59,806 - root - INFO - enable_apex False
2022-07-22 20:58:59,806 - root - INFO - enable_benchy False
2022-07-22 20:58:59,806 - root - INFO - rank 6, data loader initialized
2022-07-22 20:58:59,806 - root - INFO - enable_jit False
2022-07-22 20:58:59,806 - root - INFO - expdir /logs
2022-07-22 20:58:59,806 - root - INFO - lr_schedule ordereddict([('scaling', 'sqrt'), ('start_lr', 0.0002), ('end_lr', 0.0), ('warmup_steps', 128)])
2022-07-22 20:58:59,806 - root - INFO - data_loader_config lowmem
2022-07-22 20:58:59,806 - root - INFO - N_out_channels 5
2022-07-22 20:58:59,806 - root - INFO - N_in_channels 5
2022-07-22 20:58:59,806 - root - INFO - train_path /pscratch/sd/c/cjacobus/Nyx_512/train_s1_512_hydro.h5
2022-07-22 20:58:59,806 - root - INFO - val_path /pscratch/sd/c/cjacobus/Nyx_512/train_s1_512_hydro.h5
2022-07-22 20:58:59,806 - root - INFO - rank 5, data loader initialized
2022-07-22 20:58:59,806 - root - INFO - use_cache None
2022-07-22 20:58:59,807 - root - INFO - ---------------------------------------------------
log_to_wandb -------------------------------------------------------------------
dir exists: /pscratch/sd/c/cjacobus/tsit/expts/full_samples/checkpoints/
2022-07-22 20:58:59,807 - root - INFO - rank 4, begin data loader init
2022-07-22 20:58:59,807 - root - INFO - rank 4, data loader initialized
wandb: Currently logged in as: cjacobus (use `wandb login --relogin` to force relogin)
wandb: wandb version 0.12.21 is available!  To upgrade, please run:
wandb:  $ pip install wandb --upgrade
wandb: Tracking run with wandb version 0.12.13
wandb: Run data is saved locally in /global/u1/c/cjacobus/Nyx-TSIT/wandb/run-20220722_205900-2hlox9wl
wandb: Run `wandb offline` to turn off syncing.
wandb: Resuming run full_samples
wandb: ⭐️ View project at https://wandb.ai/weatherbenching/Nyx-TSIT
wandb: 🚀 View run at https://wandb.ai/weatherbenching/Nyx-TSIT/runs/2hlox9wl
checking dir: /pscratch/sd/c/cjacobus/tsit/expts/full_samples/checkpoints/
dir exists: /pscratch/sd/c/cjacobus/tsit/expts/full_samples/checkpoints/
2022-07-22 20:59:01,328 - root - INFO - rank 0, begin data loader init
2022-07-22 20:59:01,329 - root - INFO - rank 0, data loader initialized
Network [TSITGenerator] was created. Total number of parameters: 934.7 million. To see the architecture, do print(network).
Network [TSITGenerator] was created. Total number of parameters: 934.7 million. To see the architecture, do print(network).
Network [TSITGenerator] was created. Total number of parameters: 934.7 million. To see the architecture, do print(network).
Network [TSITGenerator] was created. Total number of parameters: 934.7 million. To see the architecture, do print(network).
Network [TSITGenerator] was created. Total number of parameters: 934.7 million. To see the architecture, do print(network).
Network [TSITGenerator] was created. Total number of parameters: 934.7 million. To see the architecture, do print(network).
Network [TSITGenerator] was created. Total number of parameters: 934.7 million. To see the architecture, do print(network).
Network [TSITGenerator] was created. Total number of parameters: 934.7 million. To see the architecture, do print(network).
Network [TSITGenerator] was created. Total number of parameters: 934.7 million. To see the architecture, do print(network).
Network [TSITGenerator] was created. Total number of parameters: 934.7 million. To see the architecture, do print(network).
Network [TSITGenerator] was created. Total number of parameters: 934.7 million. To see the architecture, do print(network).
Network [TSITGenerator] was created. Total number of parameters: 934.7 million. To see the architecture, do print(network).
Network [TSITGenerator] was created. Total number of parameters: 934.7 million. To see the architecture, do print(network).
Network [TSITGenerator] was created. Total number of parameters: 934.7 million. To see the architecture, do print(network).
Network [TSITGenerator] was created. Total number of parameters: 934.7 million. To see the architecture, do print(network).
Network [TSITGenerator] was created. Total number of parameters: 934.7 million. To see the architecture, do print(network).
Network [MultiscaleDiscriminator] was created. Total number of parameters: 22.1 million. To see the architecture, do print(network).
Network [MultiscaleDiscriminator] was created. Total number of parameters: 22.1 million. To see the architecture, do print(network).
Network [MultiscaleDiscriminator] was created. Total number of parameters: 22.1 million. To see the architecture, do print(network).
Network [MultiscaleDiscriminator] was created. Total number of parameters: 22.1 million. To see the architecture, do print(network).
Network [MultiscaleDiscriminator] was created. Total number of parameters: 22.1 million. To see the architecture, do print(network).
Network [MultiscaleDiscriminator] was created. Total number of parameters: 22.1 million. To see the architecture, do print(network).
Network [MultiscaleDiscriminator] was created. Total number of parameters: 22.1 million. To see the architecture, do print(network).
Network [MultiscaleDiscriminator] was created. Total number of parameters: 22.1 million. To see the architecture, do print(network).
Network [MultiscaleDiscriminator] was created. Total number of parameters: 22.1 million. To see the architecture, do print(network).
Network [MultiscaleDiscriminator] was created. Total number of parameters: 22.1 million. To see the architecture, do print(network).
Network [MultiscaleDiscriminator] was created. Total number of parameters: 22.1 million. To see the architecture, do print(network).
Network [MultiscaleDiscriminator] was created. Total number of parameters: 22.1 million. To see the architecture, do print(network).
Network [MultiscaleDiscriminator] was created. Total number of parameters: 22.1 million. To see the architecture, do print(network).
Network [MultiscaleDiscriminator] was created. Total number of parameters: 22.1 million. To see the architecture, do print(network).
Network [MultiscaleDiscriminator] was created. Total number of parameters: 22.1 million. To see the architecture, do print(network).
Network [MultiscaleDiscriminator] was created. Total number of parameters: 22.1 million. To see the architecture, do print(network).
2022-07-22 20:59:23,410 - root - INFO - Loading checkpoint /pscratch/sd/c/cjacobus/tsit/expts/full_samples/checkpoints/ckpt.tar
2022-07-22 20:59:23,410 - root - INFO - Loading checkpoint /pscratch/sd/c/cjacobus/tsit/expts/full_samples/checkpoints/ckpt.tar
2022-07-22 20:59:23,411 - root - INFO - Loading checkpoint /pscratch/sd/c/cjacobus/tsit/expts/full_samples/checkpoints/ckpt.tar
2022-07-22 20:59:23,412 - root - INFO - Loading checkpoint /pscratch/sd/c/cjacobus/tsit/expts/full_samples/checkpoints/ckpt.tar
2022-07-22 20:59:23,413 - root - INFO - Loading checkpoint /pscratch/sd/c/cjacobus/tsit/expts/full_samples/checkpoints/ckpt.tar
2022-07-22 20:59:23,413 - root - INFO - Loading checkpoint /pscratch/sd/c/cjacobus/tsit/expts/full_samples/checkpoints/ckpt.tar
2022-07-22 20:59:23,414 - root - INFO - Loading checkpoint /pscratch/sd/c/cjacobus/tsit/expts/full_samples/checkpoints/ckpt.tar
2022-07-22 20:59:23,415 - root - INFO - Loading checkpoint /pscratch/sd/c/cjacobus/tsit/expts/full_samples/checkpoints/ckpt.tar
2022-07-22 20:59:23,415 - root - INFO - Loading checkpoint /pscratch/sd/c/cjacobus/tsit/expts/full_samples/checkpoints/ckpt.tar
2022-07-22 20:59:23,416 - root - INFO - Loading checkpoint /pscratch/sd/c/cjacobus/tsit/expts/full_samples/checkpoints/ckpt.tar
2022-07-22 20:59:23,417 - root - INFO - Loading checkpoint /pscratch/sd/c/cjacobus/tsit/expts/full_samples/checkpoints/ckpt.tar
2022-07-22 20:59:23,417 - root - INFO - Loading checkpoint /pscratch/sd/c/cjacobus/tsit/expts/full_samples/checkpoints/ckpt.tar
2022-07-22 20:59:23,418 - root - INFO - Loading checkpoint /pscratch/sd/c/cjacobus/tsit/expts/full_samples/checkpoints/ckpt.tar
2022-07-22 20:59:23,418 - root - INFO - Loading checkpoint /pscratch/sd/c/cjacobus/tsit/expts/full_samples/checkpoints/ckpt.tar
2022-07-22 20:59:23,418 - root - INFO - Loading checkpoint /pscratch/sd/c/cjacobus/tsit/expts/full_samples/checkpoints/ckpt.tar
2022-07-22 20:59:23,418 - root - INFO - Loading checkpoint /pscratch/sd/c/cjacobus/tsit/expts/full_samples/checkpoints/ckpt.tar
2022-07-22 20:59:30,163 - root - INFO - Starting Training Loop...
[W reducer.cpp:1282] Warning: find_unused_parameters=True was specified in DDP constructor, but did not find any unused parameters in the forward pass. This flag results in an extra traversal of the autograd graph every iteration,  which can adversely affect performance. If your model indeed never has any unused parameters in the forward pass, consider turning this flag off. Note that this warning may be a false positive if your model has flow control causing later iterations to have unused parameters. (function operator())
[W reducer.cpp:1282] Warning: find_unused_parameters=True was specified in DDP constructor, but did not find any unused parameters in the forward pass. This flag results in an extra traversal of the autograd graph every iteration,  which can adversely affect performance. If your model indeed never has any unused parameters in the forward pass, consider turning this flag off. Note that this warning may be a false positive if your model has flow control causing later iterations to have unused parameters. (function operator())
[W reducer.cpp:1282] Warning: find_unused_parameters=True was specified in DDP constructor, but did not find any unused parameters in the forward pass. This flag results in an extra traversal of the autograd graph every iteration,  which can adversely affect performance. If your model indeed never has any unused parameters in the forward pass, consider turning this flag off. Note that this warning may be a false positive if your model has flow control causing later iterations to have unused parameters. (function operator())
[W reducer.cpp:1282] Warning: find_unused_parameters=True was specified in DDP constructor, but did not find any unused parameters in the forward pass. This flag results in an extra traversal of the autograd graph every iteration,  which can adversely affect performance. If your model indeed never has any unused parameters in the forward pass, consider turning this flag off. Note that this warning may be a false positive if your model has flow control causing later iterations to have unused parameters. (function operator())
[W reducer.cpp:1282] Warning: find_unused_parameters=True was specified in DDP constructor, but did not find any unused parameters in the forward pass. This flag results in an extra traversal of the autograd graph every iteration,  which can adversely affect performance. If your model indeed never has any unused parameters in the forward pass, consider turning this flag off. Note that this warning may be a false positive if your model has flow control causing later iterations to have unused parameters. (function operator())
[W reducer.cpp:1282] Warning: find_unused_parameters=True was specified in DDP constructor, but did not find any unused parameters in the forward pass. This flag results in an extra traversal of the autograd graph every iteration,  which can adversely affect performance. If your model indeed never has any unused parameters in the forward pass, consider turning this flag off. Note that this warning may be a false positive if your model has flow control causing later iterations to have unused parameters. (function operator())
[W reducer.cpp:1282] Warning: find_unused_parameters=True was specified in DDP constructor, but did not find any unused parameters in the forward pass. This flag results in an extra traversal of the autograd graph every iteration,  which can adversely affect performance. If your model indeed never has any unused parameters in the forward pass, consider turning this flag off. Note that this warning may be a false positive if your model has flow control causing later iterations to have unused parameters. (function operator())
[W reducer.cpp:1282] Warning: find_unused_parameters=True was specified in DDP constructor, but did not find any unused parameters in the forward pass. This flag results in an extra traversal of the autograd graph every iteration,  which can adversely affect performance. If your model indeed never has any unused parameters in the forward pass, consider turning this flag off. Note that this warning may be a false positive if your model has flow control causing later iterations to have unused parameters. (function operator())
[W reducer.cpp:1282] Warning: find_unused_parameters=True was specified in DDP constructor, but did not find any unused parameters in the forward pass. This flag results in an extra traversal of the autograd graph every iteration,  which can adversely affect performance. If your model indeed never has any unused parameters in the forward pass, consider turning this flag off. Note that this warning may be a false positive if your model has flow control causing later iterations to have unused parameters. (function operator())
[W reducer.cpp:1282] Warning: find_unused_parameters=True was specified in DDP constructor, but did not find any unused parameters in the forward pass. This flag results in an extra traversal of the autograd graph every iteration,  which can adversely affect performance. If your model indeed never has any unused parameters in the forward pass, consider turning this flag off. Note that this warning may be a false positive if your model has flow control causing later iterations to have unused parameters. (function operator())
[W reducer.cpp:1282] Warning: find_unused_parameters=True was specified in DDP constructor, but did not find any unused parameters in the forward pass. This flag results in an extra traversal of the autograd graph every iteration,  which can adversely affect performance. If your model indeed never has any unused parameters in the forward pass, consider turning this flag off. Note that this warning may be a false positive if your model has flow control causing later iterations to have unused parameters. (function operator())
[W reducer.cpp:1282] Warning: find_unused_parameters=True was specified in DDP constructor, but did not find any unused parameters in the forward pass. This flag results in an extra traversal of the autograd graph every iteration,  which can adversely affect performance. If your model indeed never has any unused parameters in the forward pass, consider turning this flag off. Note that this warning may be a false positive if your model has flow control causing later iterations to have unused parameters. (function operator())
[W reducer.cpp:1282] Warning: find_unused_parameters=True was specified in DDP constructor, but did not find any unused parameters in the forward pass. This flag results in an extra traversal of the autograd graph every iteration,  which can adversely affect performance. If your model indeed never has any unused parameters in the forward pass, consider turning this flag off. Note that this warning may be a false positive if your model has flow control causing later iterations to have unused parameters. (function operator())
[W reducer.cpp:1282] Warning: find_unused_parameters=True was specified in DDP constructor, but did not find any unused parameters in the forward pass. This flag results in an extra traversal of the autograd graph every iteration,  which can adversely affect performance. If your model indeed never has any unused parameters in the forward pass, consider turning this flag off. Note that this warning may be a false positive if your model has flow control causing later iterations to have unused parameters. (function operator())
[W reducer.cpp:1282] Warning: find_unused_parameters=True was specified in DDP constructor, but did not find any unused parameters in the forward pass. This flag results in an extra traversal of the autograd graph every iteration,  which can adversely affect performance. If your model indeed never has any unused parameters in the forward pass, consider turning this flag off. Note that this warning may be a false positive if your model has flow control causing later iterations to have unused parameters. (function operator())
[W reducer.cpp:1282] Warning: find_unused_parameters=True was specified in DDP constructor, but did not find any unused parameters in the forward pass. This flag results in an extra traversal of the autograd graph every iteration,  which can adversely affect performance. If your model indeed never has any unused parameters in the forward pass, consider turning this flag off. Note that this warning may be a false positive if your model has flow control causing later iterations to have unused parameters. (function operator())
generator made step 0
discriminator made step 0
generator made step 16
discriminator made step 16
generator made step 32
discriminator made step 32
generator made step 48
discriminator made step 48
generator made step 64
discriminator made step 64
generator made step 80
discriminator made step 80
generator made step 96
discriminator made step 96
generator made step 112
discriminator made step 112
generator made step 128
discriminator made step 128
generator made step 144
discriminator made step 144
generator made step 160
discriminator made step 160
generator made step 176
discriminator made step 176
generator made step 192
discriminator made step 192
generator made step 208
discriminator made step 208
generator made step 224
discriminator made step 224
generator made step 240
discriminator made step 240
generator made step 256
discriminator made step 256
generator made step 272
discriminator made step 272
generator made step 288
discriminator made step 288
generator made step 304
discriminator made step 304
generator made step 320
discriminator made step 320
generator made step 336
discriminator made step 336
generator made step 352
discriminator made step 352
generator made step 368
discriminator made step 368
generator made step 384
discriminator made step 384
generator made step 400
discriminator made step 400
generator made step 416
discriminator made step 416
generator made step 432
discriminator made step 432
generator made step 448
discriminator made step 448
generator made step 464
discriminator made step 464
generator made step 480
discriminator made step 480
generator made step 496
discriminator made step 496
2022-07-22 21:07:19,908 - root - INFO - Total=469.743548, G=372.120202, D=92.448954, data=1.646441, next=3.527951
2022-07-22 21:07:26,643 - root - INFO - Total=6.733999, G=0.473256, data=3.241822, acc=0.788316, agg=0.236321, next=1.994285
2022-07-22 21:07:39,649 - root - INFO - Time taken for epoch 25 is 489.48550248146057 sec
2022-07-22 21:07:39,649 - root - INFO - Train time = 469.7435483932495, Valid time = 6.733999252319336
2022-07-22 21:07:39,649 - root - INFO - G losses = {'GAN': 2.29728627204895, 'GAN_Feat': 0.25012725591659546}
2022-07-22 21:07:39,650 - root - INFO - D losses = {'D_Fake': 0.01012685801833868, 'D_real': 0.9005619287490845}
generator made step 0
discriminator made step 0
generator made step 16
discriminator made step 16
generator made step 32
discriminator made step 32
generator made step 48
discriminator made step 48
generator made step 64
discriminator made step 64
generator made step 80
discriminator made step 80
generator made step 96
discriminator made step 96
generator made step 112
discriminator made step 112
generator made step 128
discriminator made step 128
generator made step 144
discriminator made step 144
generator made step 160
discriminator made step 160
generator made step 176
discriminator made step 176
generator made step 192
discriminator made step 192
generator made step 208
discriminator made step 208
generator made step 224
discriminator made step 224
generator made step 240
discriminator made step 240
generator made step 256
discriminator made step 256
generator made step 272
discriminator made step 272
generator made step 288
discriminator made step 288
generator made step 304
discriminator made step 304
generator made step 320
discriminator made step 320
generator made step 336
discriminator made step 336
generator made step 352
discriminator made step 352
generator made step 368
discriminator made step 368
generator made step 384
discriminator made step 384
generator made step 400
discriminator made step 400
generator made step 416
discriminator made step 416
generator made step 432
discriminator made step 432
generator made step 448
discriminator made step 448
generator made step 464
discriminator made step 464
generator made step 480
discriminator made step 480
generator made step 496
discriminator made step 496
2022-07-22 21:15:02,035 - root - INFO - Total=442.384196, G=347.041960, D=92.354694, data=1.631491, next=1.356051
2022-07-22 21:15:07,663 - root - INFO - Total=5.626794, G=0.485831, data=3.236051, acc=0.006213, agg=0.205220, next=1.693479
2022-07-22 21:15:19,920 - root - INFO - Time taken for epoch 26 is 460.27044320106506 sec
2022-07-22 21:15:19,920 - root - INFO - Train time = 442.3841960430145, Valid time = 5.626794099807739
2022-07-22 21:15:19,921 - root - INFO - G losses = {'GAN': 4.158668041229248, 'GAN_Feat': 0.39217016100883484}
2022-07-22 21:15:19,921 - root - INFO - D losses = {'D_Fake': 0.2174578756093979, 'D_real': 0.0}
generator made step 0
discriminator made step 0
generator made step 16
discriminator made step 16
generator made step 32
discriminator made step 32
generator made step 48
discriminator made step 48
generator made step 64
discriminator made step 64
generator made step 80
discriminator made step 80
generator made step 96
discriminator made step 96
generator made step 112
discriminator made step 112
generator made step 128
discriminator made step 128
generator made step 144
discriminator made step 144
generator made step 160
discriminator made step 160
generator made step 176
discriminator made step 176
generator made step 192
discriminator made step 192
generator made step 208
discriminator made step 208
generator made step 224
discriminator made step 224
generator made step 240
discriminator made step 240
generator made step 256
discriminator made step 256
generator made step 272
discriminator made step 272
generator made step 288
discriminator made step 288
generator made step 304
discriminator made step 304
generator made step 320
discriminator made step 320
generator made step 336
discriminator made step 336
generator made step 352
discriminator made step 352
generator made step 368
discriminator made step 368
generator made step 384
discriminator made step 384
generator made step 400
discriminator made step 400
generator made step 416
discriminator made step 416
generator made step 432
discriminator made step 432
generator made step 448
discriminator made step 448
generator made step 464
discriminator made step 464
generator made step 480
discriminator made step 480
generator made step 496
discriminator made step 496
2022-07-22 21:22:42,135 - root - INFO - Total=442.213880, G=347.029966, D=92.469546, data=1.631073, next=1.083296
2022-07-22 21:22:48,024 - root - INFO - Total=5.887428, G=0.489970, data=3.146504, acc=0.005883, agg=0.250044, next=1.995026
2022-07-22 21:23:00,142 - root - INFO - Time taken for epoch 27 is 460.22150349617004 sec
2022-07-22 21:23:00,142 - root - INFO - Train time = 442.21388030052185, Valid time = 5.887427568435669
2022-07-22 21:23:00,143 - root - INFO - G losses = {'GAN': 2.9363768100738525, 'GAN_Feat': 0.3282577395439148}
2022-07-22 21:23:00,143 - root - INFO - D losses = {'D_Fake': 0.004059968516230583, 'D_real': 0.0}
generator made step 0
discriminator made step 0
generator made step 16
discriminator made step 16
generator made step 32
discriminator made step 32
generator made step 48
discriminator made step 48
generator made step 64
discriminator made step 64
generator made step 80
discriminator made step 80
generator made step 96
discriminator made step 96
generator made step 112
discriminator made step 112
generator made step 128
discriminator made step 128
generator made step 144
discriminator made step 144
generator made step 160
discriminator made step 160
generator made step 176
discriminator made step 176
generator made step 192
discriminator made step 192
generator made step 208
discriminator made step 208
generator made step 224
discriminator made step 224
generator made step 240
discriminator made step 240
generator made step 256
discriminator made step 256
generator made step 272
discriminator made step 272
generator made step 288
discriminator made step 288
generator made step 304
discriminator made step 304
generator made step 320
discriminator made step 320
generator made step 336
discriminator made step 336
generator made step 352
discriminator made step 352
generator made step 368
discriminator made step 368
generator made step 384
discriminator made step 384
generator made step 400
discriminator made step 400
generator made step 416
discriminator made step 416
generator made step 432
discriminator made step 432
generator made step 448
discriminator made step 448
generator made step 464
discriminator made step 464
generator made step 480
discriminator made step 480
generator made step 496
discriminator made step 496
2022-07-22 21:30:22,749 - root - INFO - Total=442.605326, G=346.971365, D=92.515781, data=1.629641, next=1.488539
2022-07-22 21:30:28,460 - root - INFO - Total=5.710057, G=0.588613, data=3.183709, acc=0.007296, agg=0.225791, next=1.704648
2022-07-22 21:30:40,684 - root - INFO - Time taken for epoch 28 is 460.5416398048401 sec
2022-07-22 21:30:40,685 - root - INFO - Train time = 442.60532569885254, Valid time = 5.710057020187378
2022-07-22 21:30:40,685 - root - INFO - G losses = {'GAN': 5.1752400398254395, 'GAN_Feat': 0.3261832594871521}
2022-07-22 21:30:40,685 - root - INFO - D losses = {'D_Fake': 0.0, 'D_real': 0.7203247547149658}
generator made step 0
discriminator made step 0
generator made step 16
discriminator made step 16
generator made step 32
discriminator made step 32
generator made step 48
discriminator made step 48
generator made step 64
discriminator made step 64
generator made step 80
discriminator made step 80
generator made step 96
discriminator made step 96
generator made step 112
discriminator made step 112
generator made step 128
discriminator made step 128
generator made step 144
discriminator made step 144
generator made step 160
discriminator made step 160
generator made step 176
discriminator made step 176
generator made step 192
discriminator made step 192
generator made step 208
discriminator made step 208
generator made step 224
discriminator made step 224
generator made step 240
discriminator made step 240
generator made step 256
discriminator made step 256
generator made step 272
discriminator made step 272
generator made step 288
discriminator made step 288
generator made step 304
discriminator made step 304
generator made step 320
discriminator made step 320
generator made step 336
discriminator made step 336
generator made step 352
discriminator made step 352
generator made step 368
discriminator made step 368
generator made step 384
discriminator made step 384
generator made step 400
discriminator made step 400
generator made step 416
discriminator made step 416
generator made step 432
discriminator made step 432
generator made step 448
discriminator made step 448
generator made step 464
discriminator made step 464
generator made step 480
discriminator made step 480
generator made step 496
discriminator made step 496
2022-07-22 21:38:03,862 - root - INFO - Total=443.175858, G=346.960244, D=92.490869, data=1.629886, next=2.094860
2022-07-22 21:38:09,505 - root - INFO - Total=5.642339, G=0.496385, data=3.082468, acc=0.006924, agg=0.234725, next=1.821837
2022-07-22 21:38:21,740 - root - INFO - Time taken for epoch 29 is 461.0553503036499 sec
2022-07-22 21:38:21,741 - root - INFO - Train time = 443.17585802078247, Valid time = 5.64233922958374
2022-07-22 21:38:21,741 - root - INFO - G losses = {'GAN': 1.7175301313400269, 'GAN_Feat': 0.30379968881607056}
2022-07-22 21:38:21,741 - root - INFO - D losses = {'D_Fake': 0.014930134639143944, 'D_real': 0.006881860084831715}
generator made step 0
discriminator made step 0
generator made step 16
discriminator made step 16
generator made step 32
discriminator made step 32
generator made step 48
discriminator made step 48
generator made step 64
discriminator made step 64
generator made step 80
discriminator made step 80
generator made step 96
discriminator made step 96
generator made step 112
discriminator made step 112
generator made step 128
discriminator made step 128
generator made step 144
discriminator made step 144
generator made step 160
discriminator made step 160
generator made step 176
discriminator made step 176
generator made step 192
discriminator made step 192
generator made step 208
discriminator made step 208
generator made step 224
discriminator made step 224
generator made step 240
discriminator made step 240
generator made step 256
discriminator made step 256
generator made step 272
discriminator made step 272
generator made step 288
discriminator made step 288
generator made step 304
discriminator made step 304
generator made step 320
discriminator made step 320
generator made step 336
discriminator made step 336
generator made step 352
discriminator made step 352
generator made step 368
discriminator made step 368
generator made step 384
discriminator made step 384
generator made step 400
discriminator made step 400
generator made step 416
discriminator made step 416
generator made step 432
discriminator made step 432
generator made step 448
discriminator made step 448
generator made step 464
discriminator made step 464
generator made step 480
discriminator made step 480
generator made step 496
discriminator made step 496
2022-07-22 21:45:44,267 - root - INFO - Total=442.525357, G=347.036834, D=92.535069, data=1.632169, next=1.321284
2022-07-22 21:45:50,221 - root - INFO - Total=5.952798, G=0.537716, data=3.199415, acc=0.007024, agg=0.251946, next=1.956697
2022-07-22 21:46:02,464 - root - INFO - Time taken for epoch 30 is 460.7232837677002 sec
2022-07-22 21:46:02,464 - root - INFO - Train time = 442.5253572463989, Valid time = 5.952797889709473
2022-07-22 21:46:02,465 - root - INFO - G losses = {'GAN': 6.654549598693848, 'GAN_Feat': 0.4134887754917145}
2022-07-22 21:46:02,465 - root - INFO - D losses = {'D_Fake': 0.0, 'D_real': 0.40184223651885986}
generator made step 0
discriminator made step 0
generator made step 16
discriminator made step 16
generator made step 32
discriminator made step 32
generator made step 48
discriminator made step 48
generator made step 64
discriminator made step 64
generator made step 80
discriminator made step 80
generator made step 96
discriminator made step 96
generator made step 112
discriminator made step 112
generator made step 128
discriminator made step 128
generator made step 144
discriminator made step 144
generator made step 160
discriminator made step 160
generator made step 176
discriminator made step 176
generator made step 192
discriminator made step 192
generator made step 208
discriminator made step 208
generator made step 224
discriminator made step 224
generator made step 240
discriminator made step 240
generator made step 256
discriminator made step 256
generator made step 272
discriminator made step 272
generator made step 288
discriminator made step 288
generator made step 304
discriminator made step 304
generator made step 320
discriminator made step 320
generator made step 336
discriminator made step 336
generator made step 352
discriminator made step 352
generator made step 368
discriminator made step 368
generator made step 384
discriminator made step 384
generator made step 400
discriminator made step 400
generator made step 416
discriminator made step 416
generator made step 432
discriminator made step 432
generator made step 448
discriminator made step 448
generator made step 464
discriminator made step 464
generator made step 480
discriminator made step 480
generator made step 496
discriminator made step 496
2022-07-22 21:53:25,750 - root - INFO - Total=443.284216, G=346.993077, D=92.467034, data=1.630379, next=2.193726
2022-07-22 21:53:31,867 - root - INFO - Total=6.116451, G=0.480311, data=3.382807, acc=0.005998, agg=0.295603, next=1.951733
2022-07-22 21:53:44,056 - root - INFO - Time taken for epoch 31 is 461.5917365550995 sec
2022-07-22 21:53:44,056 - root - INFO - Train time = 443.284215927124, Valid time = 6.116450786590576
2022-07-22 21:53:44,057 - root - INFO - G losses = {'GAN': 2.30135178565979, 'GAN_Feat': 0.2617676854133606}
2022-07-22 21:53:44,057 - root - INFO - D losses = {'D_Fake': 0.15333379805088043, 'D_real': 0.7874176502227783}
generator made step 0
discriminator made step 0
generator made step 16
discriminator made step 16
generator made step 32
discriminator made step 32
generator made step 48
discriminator made step 48
generator made step 64
discriminator made step 64
generator made step 80
discriminator made step 80
generator made step 96
discriminator made step 96
generator made step 112
discriminator made step 112
generator made step 128
discriminator made step 128
generator made step 144
discriminator made step 144
generator made step 160
discriminator made step 160
generator made step 176
discriminator made step 176
generator made step 192
discriminator made step 192
generator made step 208
discriminator made step 208
generator made step 224
discriminator made step 224
generator made step 240
discriminator made step 240
generator made step 256
discriminator made step 256
generator made step 272
discriminator made step 272
generator made step 288
discriminator made step 288
generator made step 304
discriminator made step 304
generator made step 320
discriminator made step 320
generator made step 336
discriminator made step 336
srun: Job step aborted: Waiting up to 32 seconds for job step to finish.
slurmstepd: error: *** STEP 2772842.0 ON nid002260 CANCELLED AT 2022-07-22T21:58:42 DUE TO TIME LIMIT ***
slurmstepd: error: *** JOB 2772842 ON nid002260 CANCELLED AT 2022-07-22T21:58:42 DUE TO TIME LIMIT ***
