+ srun -u shifter -V /pscratch/sd/c/cjacobus/ML_Hydro_train/logs:/logs --image=nersc/pytorch:ngc-22.03-v0 --env PYTHONUSERBASE=/global/homes/c/cjacobus/.local/perlmutter/nersc-pytorch-ngc-22.03-v0 bash -c '
    source export_DDP_vars.sh
    python train.py --root_dir=/pscratch/sd/c/cjacobus/tsit --config=new_full_fresh
    '
[W socket.cpp:701] The server socket on [nid002613]:29500 is not yet listening (errno: 111 - Connection refused), will retry.
[W socket.cpp:701] The server socket on [nid002613]:29500 is not yet listening (errno: 111 - Connection refused), will retry.
[W socket.cpp:701] The server socket on [nid002613]:29500 is not yet listening (errno: 111 - Connection refused), will retry.
[W socket.cpp:701] The server socket on [nid002613]:29500 is not yet listening (errno: 111 - Connection refused), will retry.
2022-07-25 10:02:36,820 - torch.distributed.distributed_c10d - INFO - Added key: store_based_barrier_key:1 to store for rank: 2
2022-07-25 10:02:36,822 - torch.distributed.distributed_c10d - INFO - Added key: store_based_barrier_key:1 to store for rank: 1
2022-07-25 10:02:36,823 - torch.distributed.distributed_c10d - INFO - Added key: store_based_barrier_key:1 to store for rank: 3
2022-07-25 10:02:37,015 - torch.distributed.distributed_c10d - INFO - Added key: store_based_barrier_key:1 to store for rank: 11
2022-07-25 10:02:37,023 - torch.distributed.distributed_c10d - INFO - Added key: store_based_barrier_key:1 to store for rank: 9
2022-07-25 10:02:37,025 - torch.distributed.distributed_c10d - INFO - Added key: store_based_barrier_key:1 to store for rank: 8
2022-07-25 10:02:37,026 - torch.distributed.distributed_c10d - INFO - Added key: store_based_barrier_key:1 to store for rank: 10
2022-07-25 10:02:37,097 - torch.distributed.distributed_c10d - INFO - Added key: store_based_barrier_key:1 to store for rank: 12
2022-07-25 10:02:37,101 - torch.distributed.distributed_c10d - INFO - Added key: store_based_barrier_key:1 to store for rank: 13
2022-07-25 10:02:37,103 - torch.distributed.distributed_c10d - INFO - Added key: store_based_barrier_key:1 to store for rank: 14
2022-07-25 10:02:37,104 - torch.distributed.distributed_c10d - INFO - Added key: store_based_barrier_key:1 to store for rank: 15
2022-07-25 10:02:37,496 - torch.distributed.distributed_c10d - INFO - Added key: store_based_barrier_key:1 to store for rank: 0
2022-07-25 10:02:37,658 - torch.distributed.distributed_c10d - INFO - Added key: store_based_barrier_key:1 to store for rank: 7
2022-07-25 10:02:37,673 - torch.distributed.distributed_c10d - INFO - Added key: store_based_barrier_key:1 to store for rank: 4
2022-07-25 10:02:37,675 - torch.distributed.distributed_c10d - INFO - Added key: store_based_barrier_key:1 to store for rank: 5
2022-07-25 10:02:37,679 - torch.distributed.distributed_c10d - INFO - Added key: store_based_barrier_key:1 to store for rank: 6
2022-07-25 10:02:37,679 - torch.distributed.distributed_c10d - INFO - Rank 6: Completed store-based barrier for key:store_based_barrier_key:1 with 16 nodes.
2022-07-25 10:02:37,679 - torch.distributed.distributed_c10d - INFO - Rank 8: Completed store-based barrier for key:store_based_barrier_key:1 with 16 nodes.
2022-07-25 10:02:37,680 - torch.distributed.distributed_c10d - INFO - Rank 11: Completed store-based barrier for key:store_based_barrier_key:1 with 16 nodes.
2022-07-25 10:02:37,681 - torch.distributed.distributed_c10d - INFO - Rank 10: Completed store-based barrier for key:store_based_barrier_key:1 with 16 nodes.
2022-07-25 10:02:37,683 - torch.distributed.distributed_c10d - INFO - Rank 13: Completed store-based barrier for key:store_based_barrier_key:1 with 16 nodes.
2022-07-25 10:02:37,683 - torch.distributed.distributed_c10d - INFO - Rank 4: Completed store-based barrier for key:store_based_barrier_key:1 with 16 nodes.
2022-07-25 10:02:37,683 - torch.distributed.distributed_c10d - INFO - Rank 2: Completed store-based barrier for key:store_based_barrier_key:1 with 16 nodes.
2022-07-25 10:02:37,686 - torch.distributed.distributed_c10d - INFO - Rank 5: Completed store-based barrier for key:store_based_barrier_key:1 with 16 nodes.
2022-07-25 10:02:37,686 - torch.distributed.distributed_c10d - INFO - Rank 3: Completed store-based barrier for key:store_based_barrier_key:1 with 16 nodes.
2022-07-25 10:02:37,686 - torch.distributed.distributed_c10d - INFO - Rank 1: Completed store-based barrier for key:store_based_barrier_key:1 with 16 nodes.
2022-07-25 10:02:37,687 - torch.distributed.distributed_c10d - INFO - Rank 15: Completed store-based barrier for key:store_based_barrier_key:1 with 16 nodes.
2022-07-25 10:02:37,687 - torch.distributed.distributed_c10d - INFO - Rank 14: Completed store-based barrier for key:store_based_barrier_key:1 with 16 nodes.
2022-07-25 10:02:37,688 - torch.distributed.distributed_c10d - INFO - Rank 12: Completed store-based barrier for key:store_based_barrier_key:1 with 16 nodes.
2022-07-25 10:02:37,688 - torch.distributed.distributed_c10d - INFO - Rank 9: Completed store-based barrier for key:store_based_barrier_key:1 with 16 nodes.
2022-07-25 10:02:37,688 - torch.distributed.distributed_c10d - INFO - Rank 0: Completed store-based barrier for key:store_based_barrier_key:1 with 16 nodes.
2022-07-25 10:02:37,689 - torch.distributed.distributed_c10d - INFO - Rank 7: Completed store-based barrier for key:store_based_barrier_key:1 with 16 nodes.
2022-07-25 10:02:37,698 - root - INFO - rank 9, begin data loader init
2022-07-25 10:02:37,698 - root - INFO - rank 9, data loader initialized
2022-07-25 10:02:37,700 - root - INFO - rank 11, begin data loader init
2022-07-25 10:02:37,700 - root - INFO - rank 8, begin data loader init
2022-07-25 10:02:37,700 - root - INFO - rank 8, data loader initialized
2022-07-25 10:02:37,700 - root - INFO - rank 10, begin data loader init
2022-07-25 10:02:37,700 - root - INFO - rank 11, data loader initialized
2022-07-25 10:02:37,701 - root - INFO - rank 10, data loader initialized
2022-07-25 10:02:37,704 - root - INFO - rank 6, begin data loader init
2022-07-25 10:02:37,705 - root - INFO - rank 6, data loader initialized
2022-07-25 10:02:37,705 - root - INFO - rank 4, begin data loader init
2022-07-25 10:02:37,705 - root - INFO - rank 5, begin data loader init
2022-07-25 10:02:37,705 - root - INFO - rank 7, begin data loader init
2022-07-25 10:02:37,705 - root - INFO - rank 4, data loader initialized
2022-07-25 10:02:37,705 - root - INFO - rank 5, data loader initialized
2022-07-25 10:02:37,705 - root - INFO - rank 7, data loader initialized
2022-07-25 10:02:37,706 - root - INFO - rank 13, begin data loader init
2022-07-25 10:02:37,706 - root - INFO - rank 13, data loader initialized
2022-07-25 10:02:37,706 - root - INFO - rank 14, begin data loader init
2022-07-25 10:02:37,707 - root - INFO - rank 15, begin data loader init
2022-07-25 10:02:37,707 - root - INFO - rank 12, begin data loader init
2022-07-25 10:02:37,707 - root - INFO - rank 14, data loader initialized
2022-07-25 10:02:37,707 - root - INFO - rank 15, data loader initialized
2022-07-25 10:02:37,707 - root - INFO - rank 12, data loader initialized
2022-07-25 10:02:37,711 - root - INFO - ------------------ Configuration ------------------
2022-07-25 10:02:37,711 - root - INFO - Configuration file: /global/u1/c/cjacobus/Nyx-TSIT/config/tsit.yaml
2022-07-25 10:02:37,712 - root - INFO - Configuration name: new_full_fresh
2022-07-25 10:02:37,712 - root - INFO - Nsamples 8192
2022-07-25 10:02:37,712 - root - INFO - Nsamples_val 512
2022-07-25 10:02:37,712 - root - INFO - niter 100
2022-07-25 10:02:37,712 - root - INFO - niter_decay 50
2022-07-25 10:02:37,712 - root - INFO - num_data_workers 16
2022-07-25 10:02:37,712 - root - INFO - in_channels [0, 1, 2, 3, 17, 18, 19]
2022-07-25 10:02:37,712 - root - INFO - out_channels [0]
2022-07-25 10:02:37,712 - root - INFO - min_path /pscratch/sd/s/shas1693/data/era5/mins.npy
2022-07-25 10:02:37,712 - root - INFO - max_path /pscratch/sd/s/shas1693/data/era5/maxs.npy
2022-07-25 10:02:37,712 - root - INFO - time_means_path /pscratch/sd/s/shas1693/data/era5/time_means.npy
2022-07-25 10:02:37,712 - root - INFO - global_means_path /pscratch/sd/s/shas1693/data/era5/global_means.npy
2022-07-25 10:02:37,712 - root - INFO - global_stds_path /pscratch/sd/s/shas1693/data/era5/global_stds.npy
2022-07-25 10:02:37,712 - root - INFO - precip /pscratch/sd/p/pharring/ERA5/precip/total_precipitation
2022-07-25 10:02:37,712 - root - INFO - precip_eps 1e-05
2022-07-25 10:02:37,712 - root - INFO - dt 1
2022-07-25 10:02:37,712 - root - INFO - n_history 0
2022-07-25 10:02:37,712 - root - INFO - crop_size_x None
2022-07-25 10:02:37,712 - root - INFO - crop_size_y None
2022-07-25 10:02:37,712 - root - INFO - roll False
2022-07-25 10:02:37,712 - root - INFO - conttime False
2022-07-25 10:02:37,712 - root - INFO - normalization zscore
2022-07-25 10:02:37,712 - root - INFO - add_grid False
2022-07-25 10:02:37,712 - root - INFO - model pix2pix
2022-07-25 10:02:37,712 - root - INFO - norm_G spectralfadebatch3x3
2022-07-25 10:02:37,712 - root - INFO - norm_D spectralinstance
2022-07-25 10:02:37,712 - root - INFO - norm_S spectralinstance
2022-07-25 10:02:37,712 - root - INFO - norm_E spectralinstance
2022-07-25 10:02:37,712 - root - INFO - batch_size 16
2022-07-25 10:02:37,712 - root - INFO - img_size [512, 512, 512]
2022-07-25 10:02:37,712 - root - INFO - box_size [512, 512, 512]
2022-07-25 10:02:37,712 - root - INFO - data_size 128
2022-07-25 10:02:37,712 - root - INFO - input_nc 5
2022-07-25 10:02:37,712 - root - INFO - output_nc 5
2022-07-25 10:02:37,712 - root - INFO - netG tsit
2022-07-25 10:02:37,712 - root - INFO - ngf 64
2022-07-25 10:02:37,712 - root - INFO - init_type xavier
2022-07-25 10:02:37,712 - root - INFO - init_variance 0.02
2022-07-25 10:02:37,712 - root - INFO - z_dim 256
2022-07-25 10:02:37,712 - root - INFO - alpha 1.0
2022-07-25 10:02:37,712 - root - INFO - no_ss True
2022-07-25 10:02:37,712 - root - INFO - downsamp True
2022-07-25 10:02:37,712 - root - INFO - num_upsampling_blocks 6
2022-07-25 10:02:37,712 - root - INFO - use_periodic_padding True
2022-07-25 10:02:37,712 - root - INFO - additive_noise False
2022-07-25 10:02:37,712 - root - INFO - nef 16
2022-07-25 10:02:37,712 - root - INFO - use_vae False
2022-07-25 10:02:37,712 - root - INFO - optimizer adam
2022-07-25 10:02:37,712 - root - INFO - beta1 0.5
2022-07-25 10:02:37,712 - root - INFO - beta2 0.999
2022-07-25 10:02:37,712 - root - INFO - lr 0.0002
2022-07-25 10:02:37,712 - root - INFO - D_steps_per_G 1
2022-07-25 10:02:37,712 - root - INFO - use_spec_loss False
2022-07-25 10:02:37,712 - root - INFO - lambda_spec 1.0
2022-07-25 10:02:37,712 - root - INFO - use_l1_loss False
2022-07-25 10:02:37,712 - root - INFO - lambda_l1 1.0
2022-07-25 10:02:37,712 - root - INFO - ndf 64
2022-07-25 10:02:37,712 - root - INFO - lambda_feat 0.5
2022-07-25 10:02:37,712 - root - INFO - no_ganFeat_loss False
2022-07-25 10:02:37,712 - root - INFO - gan_mode hinge
2022-07-25 10:02:37,713 - root - INFO - netD multiscale
2022-07-25 10:02:37,713 - root - INFO - num_D 2
2022-07-25 10:02:37,713 - root - INFO - n_layers_D 4
2022-07-25 10:02:37,713 - root - INFO - no_TTUR True
2022-07-25 10:02:37,713 - root - INFO - lambda_kld 0.05
2022-07-25 10:02:37,713 - root - INFO - cat_inp False
2022-07-25 10:02:37,713 - root - INFO - entity weatherbenching
2022-07-25 10:02:37,713 - root - INFO - project Nyx-TSIT
2022-07-25 10:02:37,713 - root - INFO - log_to_wandb True
2022-07-25 10:02:37,713 - root - INFO - log_to_screen True
2022-07-25 10:02:37,713 - root - INFO - save_checkpoint True
2022-07-25 10:02:37,713 - root - INFO - weight_init ordereddict([('conv_init', 'normal'), ('conv_scale', 0.02), ('conv_bias', 0.0)])
2022-07-25 10:02:37,713 - root - INFO - lambda_rho 0
2022-07-25 10:02:37,713 - root - INFO - full_scale True
2022-07-25 10:02:37,713 - root - INFO - global_batch_size 64
2022-07-25 10:02:37,713 - root - INFO - base_batch_size 64
2022-07-25 10:02:37,713 - root - INFO - num_epochs 60
2022-07-25 10:02:37,713 - root - INFO - enable_amp False
2022-07-25 10:02:37,713 - root - INFO - enable_apex False
2022-07-25 10:02:37,713 - root - INFO - enable_benchy False
2022-07-25 10:02:37,713 - root - INFO - enable_jit False
2022-07-25 10:02:37,713 - root - INFO - expdir /logs
2022-07-25 10:02:37,713 - root - INFO - lr_schedule ordereddict([('scaling', 'sqrt'), ('start_lr', 0.0002), ('end_lr', 0.0), ('warmup_steps', 128)])
2022-07-25 10:02:37,713 - root - INFO - data_loader_config lowmem
2022-07-25 10:02:37,713 - root - INFO - N_out_channels 5
2022-07-25 10:02:37,713 - root - INFO - N_in_channels 5
2022-07-25 10:02:37,713 - root - INFO - train_path /pscratch/sd/c/cjacobus/Nyx_512/train_s1_512_hydro.h5
2022-07-25 10:02:37,713 - root - INFO - val_path /pscratch/sd/c/cjacobus/Nyx_512/train_s1_512_hydro.h5
2022-07-25 10:02:37,713 - root - INFO - use_cache None
2022-07-25 10:02:37,713 - root - INFO - rank 1, begin data loader init
2022-07-25 10:02:37,713 - root - INFO - ---------------------------------------------------
log_to_wandb -------------------------------------------------------------------
2022-07-25 10:02:37,713 - root - INFO - rank 3, begin data loader init
dir exists: /pscratch/sd/c/cjacobus/tsit/expts/new_full_fresh/checkpoints/
2022-07-25 10:02:37,713 - root - INFO - rank 2, begin data loader init
2022-07-25 10:02:37,713 - root - INFO - rank 1, data loader initialized
2022-07-25 10:02:37,713 - root - INFO - rank 3, data loader initialized
2022-07-25 10:02:37,713 - root - INFO - rank 2, data loader initialized
wandb: Currently logged in as: cjacobus (use `wandb login --relogin` to force relogin)
wandb: wandb version 0.12.21 is available!  To upgrade, please run:
wandb:  $ pip install wandb --upgrade
wandb: Tracking run with wandb version 0.12.13
wandb: Run data is saved locally in /global/u1/c/cjacobus/Nyx-TSIT/wandb/run-20220725_100238-bjvg6h7j
wandb: Run `wandb offline` to turn off syncing.
wandb: Resuming run new_full_fresh
wandb: ⭐️ View project at https://wandb.ai/weatherbenching/Nyx-TSIT
wandb: 🚀 View run at https://wandb.ai/weatherbenching/Nyx-TSIT/runs/bjvg6h7j
checking dir: /pscratch/sd/c/cjacobus/tsit/expts/new_full_fresh/checkpoints/
dir exists: /pscratch/sd/c/cjacobus/tsit/expts/new_full_fresh/checkpoints/
2022-07-25 10:02:40,266 - root - INFO - rank 0, begin data loader init
2022-07-25 10:02:40,266 - root - INFO - rank 0, data loader initialized
Network [TSITGenerator] was created. Total number of parameters: 934.7 million. To see the architecture, do print(network).
Network [TSITGenerator] was created. Total number of parameters: 934.7 million. To see the architecture, do print(network).
Network [TSITGenerator] was created. Total number of parameters: 934.7 million. To see the architecture, do print(network).
Network [TSITGenerator] was created. Total number of parameters: 934.7 million. To see the architecture, do print(network).
Network [TSITGenerator] was created. Total number of parameters: 934.7 million. To see the architecture, do print(network).
Network [TSITGenerator] was created. Total number of parameters: 934.7 million. To see the architecture, do print(network).
Network [TSITGenerator] was created. Total number of parameters: 934.7 million. To see the architecture, do print(network).
Network [TSITGenerator] was created. Total number of parameters: 934.7 million. To see the architecture, do print(network).
Network [TSITGenerator] was created. Total number of parameters: 934.7 million. To see the architecture, do print(network).
Network [TSITGenerator] was created. Total number of parameters: 934.7 million. To see the architecture, do print(network).
Network [TSITGenerator] was created. Total number of parameters: 934.7 million. To see the architecture, do print(network).
Network [TSITGenerator] was created. Total number of parameters: 934.7 million. To see the architecture, do print(network).
Network [TSITGenerator] was created. Total number of parameters: 934.7 million. To see the architecture, do print(network).
Network [TSITGenerator] was created. Total number of parameters: 934.7 million. To see the architecture, do print(network).
Network [TSITGenerator] was created. Total number of parameters: 934.7 million. To see the architecture, do print(network).
Network [TSITGenerator] was created. Total number of parameters: 934.7 million. To see the architecture, do print(network).
Network [MultiscaleDiscriminator] was created. Total number of parameters: 22.1 million. To see the architecture, do print(network).
Network [MultiscaleDiscriminator] was created. Total number of parameters: 22.1 million. To see the architecture, do print(network).
Network [MultiscaleDiscriminator] was created. Total number of parameters: 22.1 million. To see the architecture, do print(network).
Network [MultiscaleDiscriminator] was created. Total number of parameters: 22.1 million. To see the architecture, do print(network).
Network [MultiscaleDiscriminator] was created. Total number of parameters: 22.1 million. To see the architecture, do print(network).
Network [MultiscaleDiscriminator] was created. Total number of parameters: 22.1 million. To see the architecture, do print(network).
Network [MultiscaleDiscriminator] was created. Total number of parameters: 22.1 million. To see the architecture, do print(network).
Network [MultiscaleDiscriminator] was created. Total number of parameters: 22.1 million. To see the architecture, do print(network).
Network [MultiscaleDiscriminator] was created. Total number of parameters: 22.1 million. To see the architecture, do print(network).
Network [MultiscaleDiscriminator] was created. Total number of parameters: 22.1 million. To see the architecture, do print(network).
Network [MultiscaleDiscriminator] was created. Total number of parameters: 22.1 million. To see the architecture, do print(network).
Network [MultiscaleDiscriminator] was created. Total number of parameters: 22.1 million. To see the architecture, do print(network).
Network [MultiscaleDiscriminator] was created. Total number of parameters: 22.1 million. To see the architecture, do print(network).
Network [MultiscaleDiscriminator] was created. Total number of parameters: 22.1 million. To see the architecture, do print(network).
Network [MultiscaleDiscriminator] was created. Total number of parameters: 22.1 million. To see the architecture, do print(network).
Network [MultiscaleDiscriminator] was created. Total number of parameters: 22.1 million. To see the architecture, do print(network).
2022-07-25 10:03:02,333 - root - INFO - Loading checkpoint /pscratch/sd/c/cjacobus/tsit/expts/new_full_fresh/checkpoints/ckpt.tar
2022-07-25 10:03:02,334 - root - INFO - Loading checkpoint /pscratch/sd/c/cjacobus/tsit/expts/new_full_fresh/checkpoints/ckpt.tar
2022-07-25 10:03:02,334 - root - INFO - Loading checkpoint /pscratch/sd/c/cjacobus/tsit/expts/new_full_fresh/checkpoints/ckpt.tar
2022-07-25 10:03:02,335 - root - INFO - Loading checkpoint /pscratch/sd/c/cjacobus/tsit/expts/new_full_fresh/checkpoints/ckpt.tar
2022-07-25 10:03:02,336 - root - INFO - Loading checkpoint /pscratch/sd/c/cjacobus/tsit/expts/new_full_fresh/checkpoints/ckpt.tar
2022-07-25 10:03:02,337 - root - INFO - Loading checkpoint /pscratch/sd/c/cjacobus/tsit/expts/new_full_fresh/checkpoints/ckpt.tar
2022-07-25 10:03:02,337 - root - INFO - Loading checkpoint /pscratch/sd/c/cjacobus/tsit/expts/new_full_fresh/checkpoints/ckpt.tar
2022-07-25 10:03:02,338 - root - INFO - Loading checkpoint /pscratch/sd/c/cjacobus/tsit/expts/new_full_fresh/checkpoints/ckpt.tar
2022-07-25 10:03:02,339 - root - INFO - Loading checkpoint /pscratch/sd/c/cjacobus/tsit/expts/new_full_fresh/checkpoints/ckpt.tar
2022-07-25 10:03:02,340 - root - INFO - Loading checkpoint /pscratch/sd/c/cjacobus/tsit/expts/new_full_fresh/checkpoints/ckpt.tar
2022-07-25 10:03:02,340 - root - INFO - Loading checkpoint /pscratch/sd/c/cjacobus/tsit/expts/new_full_fresh/checkpoints/ckpt.tar
2022-07-25 10:03:02,341 - root - INFO - Loading checkpoint /pscratch/sd/c/cjacobus/tsit/expts/new_full_fresh/checkpoints/ckpt.tar
2022-07-25 10:03:02,342 - root - INFO - Loading checkpoint /pscratch/sd/c/cjacobus/tsit/expts/new_full_fresh/checkpoints/ckpt.tar
2022-07-25 10:03:02,342 - root - INFO - Loading checkpoint /pscratch/sd/c/cjacobus/tsit/expts/new_full_fresh/checkpoints/ckpt.tar
2022-07-25 10:03:02,342 - root - INFO - Loading checkpoint /pscratch/sd/c/cjacobus/tsit/expts/new_full_fresh/checkpoints/ckpt.tar
2022-07-25 10:03:02,342 - root - INFO - Loading checkpoint /pscratch/sd/c/cjacobus/tsit/expts/new_full_fresh/checkpoints/ckpt.tar
2022-07-25 10:03:09,180 - root - INFO - Starting Training Loop...
[W reducer.cpp:1282] Warning: find_unused_parameters=True was specified in DDP constructor, but did not find any unused parameters in the forward pass. This flag results in an extra traversal of the autograd graph every iteration,  which can adversely affect performance. If your model indeed never has any unused parameters in the forward pass, consider turning this flag off. Note that this warning may be a false positive if your model has flow control causing later iterations to have unused parameters. (function operator())
[W reducer.cpp:1282] Warning: find_unused_parameters=True was specified in DDP constructor, but did not find any unused parameters in the forward pass. This flag results in an extra traversal of the autograd graph every iteration,  which can adversely affect performance. If your model indeed never has any unused parameters in the forward pass, consider turning this flag off. Note that this warning may be a false positive if your model has flow control causing later iterations to have unused parameters. (function operator())
[W reducer.cpp:1282] Warning: find_unused_parameters=True was specified in DDP constructor, but did not find any unused parameters in the forward pass. This flag results in an extra traversal of the autograd graph every iteration,  which can adversely affect performance. If your model indeed never has any unused parameters in the forward pass, consider turning this flag off. Note that this warning may be a false positive if your model has flow control causing later iterations to have unused parameters. (function operator())
[W reducer.cpp:1282] Warning: find_unused_parameters=True was specified in DDP constructor, but did not find any unused parameters in the forward pass. This flag results in an extra traversal of the autograd graph every iteration,  which can adversely affect performance. If your model indeed never has any unused parameters in the forward pass, consider turning this flag off. Note that this warning may be a false positive if your model has flow control causing later iterations to have unused parameters. (function operator())
[W reducer.cpp:1282] Warning: find_unused_parameters=True was specified in DDP constructor, but did not find any unused parameters in the forward pass. This flag results in an extra traversal of the autograd graph every iteration,  which can adversely affect performance. If your model indeed never has any unused parameters in the forward pass, consider turning this flag off. Note that this warning may be a false positive if your model has flow control causing later iterations to have unused parameters. (function operator())
[W reducer.cpp:1282] Warning: find_unused_parameters=True was specified in DDP constructor, but did not find any unused parameters in the forward pass. This flag results in an extra traversal of the autograd graph every iteration,  which can adversely affect performance. If your model indeed never has any unused parameters in the forward pass, consider turning this flag off. Note that this warning may be a false positive if your model has flow control causing later iterations to have unused parameters. (function operator())
[W reducer.cpp:1282] Warning: find_unused_parameters=True was specified in DDP constructor, but did not find any unused parameters in the forward pass. This flag results in an extra traversal of the autograd graph every iteration,  which can adversely affect performance. If your model indeed never has any unused parameters in the forward pass, consider turning this flag off. Note that this warning may be a false positive if your model has flow control causing later iterations to have unused parameters. (function operator())
[W reducer.cpp:1282] Warning: find_unused_parameters=True was specified in DDP constructor, but did not find any unused parameters in the forward pass. This flag results in an extra traversal of the autograd graph every iteration,  which can adversely affect performance. If your model indeed never has any unused parameters in the forward pass, consider turning this flag off. Note that this warning may be a false positive if your model has flow control causing later iterations to have unused parameters. (function operator())
[W reducer.cpp:1282] Warning: find_unused_parameters=True was specified in DDP constructor, but did not find any unused parameters in the forward pass. This flag results in an extra traversal of the autograd graph every iteration,  which can adversely affect performance. If your model indeed never has any unused parameters in the forward pass, consider turning this flag off. Note that this warning may be a false positive if your model has flow control causing later iterations to have unused parameters. (function operator())
[W reducer.cpp:1282] Warning: find_unused_parameters=True was specified in DDP constructor, but did not find any unused parameters in the forward pass. This flag results in an extra traversal of the autograd graph every iteration,  which can adversely affect performance. If your model indeed never has any unused parameters in the forward pass, consider turning this flag off. Note that this warning may be a false positive if your model has flow control causing later iterations to have unused parameters. (function operator())
[W reducer.cpp:1282] Warning: find_unused_parameters=True was specified in DDP constructor, but did not find any unused parameters in the forward pass. This flag results in an extra traversal of the autograd graph every iteration,  which can adversely affect performance. If your model indeed never has any unused parameters in the forward pass, consider turning this flag off. Note that this warning may be a false positive if your model has flow control causing later iterations to have unused parameters. (function operator())
[W reducer.cpp:1282] Warning: find_unused_parameters=True was specified in DDP constructor, but did not find any unused parameters in the forward pass. This flag results in an extra traversal of the autograd graph every iteration,  which can adversely affect performance. If your model indeed never has any unused parameters in the forward pass, consider turning this flag off. Note that this warning may be a false positive if your model has flow control causing later iterations to have unused parameters. (function operator())
[W reducer.cpp:1282] Warning: find_unused_parameters=True was specified in DDP constructor, but did not find any unused parameters in the forward pass. This flag results in an extra traversal of the autograd graph every iteration,  which can adversely affect performance. If your model indeed never has any unused parameters in the forward pass, consider turning this flag off. Note that this warning may be a false positive if your model has flow control causing later iterations to have unused parameters. (function operator())
[W reducer.cpp:1282] Warning: find_unused_parameters=True was specified in DDP constructor, but did not find any unused parameters in the forward pass. This flag results in an extra traversal of the autograd graph every iteration,  which can adversely affect performance. If your model indeed never has any unused parameters in the forward pass, consider turning this flag off. Note that this warning may be a false positive if your model has flow control causing later iterations to have unused parameters. (function operator())
[W reducer.cpp:1282] Warning: find_unused_parameters=True was specified in DDP constructor, but did not find any unused parameters in the forward pass. This flag results in an extra traversal of the autograd graph every iteration,  which can adversely affect performance. If your model indeed never has any unused parameters in the forward pass, consider turning this flag off. Note that this warning may be a false positive if your model has flow control causing later iterations to have unused parameters. (function operator())
[W reducer.cpp:1282] Warning: find_unused_parameters=True was specified in DDP constructor, but did not find any unused parameters in the forward pass. This flag results in an extra traversal of the autograd graph every iteration,  which can adversely affect performance. If your model indeed never has any unused parameters in the forward pass, consider turning this flag off. Note that this warning may be a false positive if your model has flow control causing later iterations to have unused parameters. (function operator())
generator made step 0
discriminator made step 0
generator made step 16
discriminator made step 16
generator made step 32
discriminator made step 32
generator made step 48
discriminator made step 48
generator made step 64
discriminator made step 64
generator made step 80
discriminator made step 80
generator made step 96
discriminator made step 96
generator made step 112
discriminator made step 112
generator made step 128
discriminator made step 128
generator made step 144
discriminator made step 144
generator made step 160
discriminator made step 160
generator made step 176
discriminator made step 176
generator made step 192
discriminator made step 192
generator made step 208
discriminator made step 208
generator made step 224
discriminator made step 224
generator made step 240
discriminator made step 240
generator made step 256
discriminator made step 256
generator made step 272
discriminator made step 272
generator made step 288
discriminator made step 288
generator made step 304
discriminator made step 304
generator made step 320
discriminator made step 320
generator made step 336
discriminator made step 336
generator made step 352
discriminator made step 352
generator made step 368
discriminator made step 368
generator made step 384
discriminator made step 384
generator made step 400
discriminator made step 400
generator made step 416
discriminator made step 416
generator made step 432
discriminator made step 432
generator made step 448
discriminator made step 448
generator made step 464
discriminator made step 464
generator made step 480
discriminator made step 480
generator made step 496
discriminator made step 496
2022-07-25 10:10:59,416 - root - INFO - Total=470.234926, G=372.692261, D=92.397797, data=1.643611, next=3.501256
2022-07-25 10:11:06,284 - root - INFO - Total=6.867138, G=0.449132, data=3.274967, acc=0.756412, agg=0.272297, next=2.114330
2022-07-25 10:11:32,340 - root - INFO - Time taken for epoch 45 is 503.1592507362366 sec
2022-07-25 10:11:32,340 - root - INFO - Train time = 470.2349257469177, Valid time = 6.867138385772705
2022-07-25 10:11:32,340 - root - INFO - G losses = {'GAN': 3.434955596923828, 'GAN_Feat': 0.2823030650615692}
2022-07-25 10:11:32,340 - root - INFO - D losses = {'D_Fake': 0.06274577975273132, 'D_real': 0.4850938618183136}
generator made step 0
discriminator made step 0
generator made step 16
discriminator made step 16
generator made step 32
discriminator made step 32
generator made step 48
discriminator made step 48
generator made step 64
discriminator made step 64
generator made step 80
discriminator made step 80
generator made step 96
discriminator made step 96
generator made step 112
discriminator made step 112
generator made step 128
discriminator made step 128
generator made step 144
discriminator made step 144
generator made step 160
discriminator made step 160
generator made step 176
discriminator made step 176
generator made step 192
discriminator made step 192
generator made step 208
discriminator made step 208
generator made step 224
discriminator made step 224
generator made step 240
discriminator made step 240
generator made step 256
discriminator made step 256
generator made step 272
discriminator made step 272
generator made step 288
discriminator made step 288
generator made step 304
discriminator made step 304
generator made step 320
discriminator made step 320
generator made step 336
discriminator made step 336
generator made step 352
discriminator made step 352
generator made step 368
discriminator made step 368
generator made step 384
discriminator made step 384
generator made step 400
discriminator made step 400
generator made step 416
discriminator made step 416
generator made step 432
discriminator made step 432
generator made step 448
discriminator made step 448
generator made step 464
discriminator made step 464
generator made step 480
discriminator made step 480
generator made step 496
discriminator made step 496
2022-07-25 10:18:54,478 - root - INFO - Total=442.137384, G=346.863115, D=92.340976, data=1.633291, next=1.300002
2022-07-25 10:19:00,055 - root - INFO - Total=5.575736, G=0.489175, data=3.259145, acc=0.006076, agg=0.227731, next=1.593609
2022-07-25 10:19:12,600 - root - INFO - Time taken for epoch 46 is 460.25988006591797 sec
2022-07-25 10:19:12,600 - root - INFO - Train time = 442.1373836994171, Valid time = 5.575735807418823
2022-07-25 10:19:12,600 - root - INFO - G losses = {'GAN': 2.8873722553253174, 'GAN_Feat': 0.273131787776947}
2022-07-25 10:19:12,600 - root - INFO - D losses = {'D_Fake': 0.8185652494430542, 'D_real': 0.0660594180226326}
generator made step 0
discriminator made step 0
generator made step 16
discriminator made step 16
generator made step 32
discriminator made step 32
generator made step 48
discriminator made step 48
generator made step 64
discriminator made step 64
generator made step 80
discriminator made step 80
generator made step 96
discriminator made step 96
generator made step 112
discriminator made step 112
generator made step 128
discriminator made step 128
generator made step 144
discriminator made step 144
generator made step 160
discriminator made step 160
generator made step 176
discriminator made step 176
generator made step 192
discriminator made step 192
generator made step 208
discriminator made step 208
generator made step 224
discriminator made step 224
generator made step 240
discriminator made step 240
generator made step 256
discriminator made step 256
generator made step 272
discriminator made step 272
generator made step 288
discriminator made step 288
generator made step 304
discriminator made step 304
generator made step 320
discriminator made step 320
generator made step 336
discriminator made step 336
generator made step 352
discriminator made step 352
generator made step 368
discriminator made step 368
generator made step 384
discriminator made step 384
generator made step 400
discriminator made step 400
generator made step 416
discriminator made step 416
generator made step 432
discriminator made step 432
generator made step 448
discriminator made step 448
generator made step 464
discriminator made step 464
generator made step 480
discriminator made step 480
generator made step 496
discriminator made step 496
2022-07-25 10:26:34,811 - root - INFO - Total=442.209642, G=346.824636, D=92.338678, data=1.628668, next=1.417660
2022-07-25 10:26:40,768 - root - INFO - Total=5.955920, G=0.509393, data=3.248916, acc=0.006283, agg=0.256751, next=1.934577
2022-07-25 10:26:53,506 - root - INFO - Time taken for epoch 47 is 460.90599298477173 sec
2022-07-25 10:26:53,506 - root - INFO - Train time = 442.20964217185974, Valid time = 5.955919981002808
2022-07-25 10:26:53,506 - root - INFO - G losses = {'GAN': 2.8639702796936035, 'GAN_Feat': 0.2632492184638977}
2022-07-25 10:26:53,506 - root - INFO - D losses = {'D_Fake': 0.022403744980692863, 'D_real': 0.10637868940830231}
generator made step 0
discriminator made step 0
generator made step 16
discriminator made step 16
generator made step 32
discriminator made step 32
generator made step 48
discriminator made step 48
generator made step 64
discriminator made step 64
generator made step 80
discriminator made step 80
generator made step 96
discriminator made step 96
generator made step 112
discriminator made step 112
generator made step 128
discriminator made step 128
generator made step 144
discriminator made step 144
generator made step 160
discriminator made step 160
generator made step 176
discriminator made step 176
generator made step 192
discriminator made step 192
generator made step 208
discriminator made step 208
generator made step 224
discriminator made step 224
generator made step 240
discriminator made step 240
generator made step 256
discriminator made step 256
generator made step 272
discriminator made step 272
generator made step 288
discriminator made step 288
generator made step 304
discriminator made step 304
generator made step 320
discriminator made step 320
generator made step 336
discriminator made step 336
generator made step 352
discriminator made step 352
generator made step 368
discriminator made step 368
generator made step 384
discriminator made step 384
generator made step 400
discriminator made step 400
generator made step 416
discriminator made step 416
generator made step 432
discriminator made step 432
generator made step 448
discriminator made step 448
generator made step 464
discriminator made step 464
generator made step 480
discriminator made step 480
generator made step 496
discriminator made step 496
2022-07-25 10:34:15,732 - root - INFO - Total=442.224445, G=346.855756, D=92.337050, data=1.629035, next=1.402605
2022-07-25 10:34:21,768 - root - INFO - Total=6.035624, G=0.483466, data=3.291960, acc=0.006455, agg=0.254727, next=1.999016
2022-07-25 10:34:34,370 - root - INFO - Time taken for epoch 48 is 460.863561630249 sec
2022-07-25 10:34:34,370 - root - INFO - Train time = 442.22444462776184, Valid time = 6.035624265670776
2022-07-25 10:34:34,370 - root - INFO - G losses = {'GAN': 1.8248212337493896, 'GAN_Feat': 0.2641030251979828}
2022-07-25 10:34:34,370 - root - INFO - D losses = {'D_Fake': 5.364713433664292e-05, 'D_real': 0.18423043191432953}
generator made step 0
discriminator made step 0
generator made step 16
discriminator made step 16
generator made step 32
discriminator made step 32
generator made step 48
discriminator made step 48
generator made step 64
discriminator made step 64
generator made step 80
discriminator made step 80
generator made step 96
discriminator made step 96
generator made step 112
discriminator made step 112
generator made step 128
discriminator made step 128
generator made step 144
discriminator made step 144
generator made step 160
discriminator made step 160
generator made step 176
discriminator made step 176
generator made step 192
discriminator made step 192
generator made step 208
discriminator made step 208
generator made step 224
discriminator made step 224
generator made step 240
discriminator made step 240
generator made step 256
discriminator made step 256
generator made step 272
discriminator made step 272
generator made step 288
discriminator made step 288
generator made step 304
discriminator made step 304
generator made step 320
discriminator made step 320
generator made step 336
discriminator made step 336
generator made step 352
discriminator made step 352
generator made step 368
discriminator made step 368
generator made step 384
discriminator made step 384
generator made step 400
discriminator made step 400
generator made step 416
discriminator made step 416
generator made step 432
discriminator made step 432
generator made step 448
discriminator made step 448
generator made step 464
discriminator made step 464
generator made step 480
discriminator made step 480
generator made step 496
discriminator made step 496
2022-07-25 10:41:57,444 - root - INFO - Total=443.072924, G=346.811640, D=92.375869, data=1.628681, next=2.256734
2022-07-25 10:42:02,973 - root - INFO - Total=5.527649, G=0.539445, data=3.212707, acc=0.006557, agg=0.210371, next=1.558569
2022-07-25 10:42:15,539 - root - INFO - Time taken for epoch 49 is 461.16886353492737 sec
2022-07-25 10:42:15,540 - root - INFO - Train time = 443.0729236602783, Valid time = 5.527649402618408
2022-07-25 10:42:15,540 - root - INFO - G losses = {'GAN': 3.639528274536133, 'GAN_Feat': 0.24588188529014587}
2022-07-25 10:42:15,540 - root - INFO - D losses = {'D_Fake': 0.0014112732606008649, 'D_real': 0.42842772603034973}
generator made step 0
discriminator made step 0
generator made step 16
discriminator made step 16
generator made step 32
discriminator made step 32
generator made step 48
discriminator made step 48
generator made step 64
discriminator made step 64
generator made step 80
discriminator made step 80
generator made step 96
discriminator made step 96
generator made step 112
discriminator made step 112
generator made step 128
discriminator made step 128
generator made step 144
discriminator made step 144
generator made step 160
discriminator made step 160
generator made step 176
discriminator made step 176
generator made step 192
discriminator made step 192
generator made step 208
discriminator made step 208
generator made step 224
discriminator made step 224
generator made step 240
discriminator made step 240
generator made step 256
discriminator made step 256
generator made step 272
discriminator made step 272
generator made step 288
discriminator made step 288
generator made step 304
discriminator made step 304
generator made step 320
discriminator made step 320
generator made step 336
discriminator made step 336
generator made step 352
discriminator made step 352
generator made step 368
discriminator made step 368
generator made step 384
discriminator made step 384
generator made step 400
discriminator made step 400
generator made step 416
discriminator made step 416
generator made step 432
discriminator made step 432
generator made step 448
discriminator made step 448
generator made step 464
discriminator made step 464
generator made step 480
discriminator made step 480
generator made step 496
discriminator made step 496
2022-07-25 10:49:37,551 - root - INFO - Total=442.010710, G=346.763421, D=92.278178, data=1.630095, next=1.339015
2022-07-25 10:49:43,762 - root - INFO - Total=6.210021, G=0.452063, data=3.427082, acc=0.005507, agg=0.252334, next=2.073035
2022-07-25 10:49:56,332 - root - INFO - Time taken for epoch 50 is 460.7925589084625 sec
2022-07-25 10:49:56,333 - root - INFO - Train time = 442.01070976257324, Valid time = 6.210021018981934
2022-07-25 10:49:56,333 - root - INFO - G losses = {'GAN': 1.548429250717163, 'GAN_Feat': 0.3041737675666809}
2022-07-25 10:49:56,333 - root - INFO - D losses = {'D_Fake': 0.03487877547740936, 'D_real': 0.00701679615303874}
generator made step 0
discriminator made step 0
generator made step 16
discriminator made step 16
generator made step 32
discriminator made step 32
generator made step 48
discriminator made step 48
generator made step 64
discriminator made step 64
generator made step 80
discriminator made step 80
generator made step 96
discriminator made step 96
generator made step 112
discriminator made step 112
generator made step 128
discriminator made step 128
generator made step 144
discriminator made step 144
generator made step 160
discriminator made step 160
generator made step 176
discriminator made step 176
generator made step 192
discriminator made step 192
generator made step 208
discriminator made step 208
generator made step 224
discriminator made step 224
generator made step 240
discriminator made step 240
generator made step 256
discriminator made step 256
generator made step 272
discriminator made step 272
generator made step 288
discriminator made step 288
generator made step 304
discriminator made step 304
generator made step 320
discriminator made step 320
generator made step 336
discriminator made step 336
generator made step 352
discriminator made step 352
generator made step 368
discriminator made step 368
generator made step 384
discriminator made step 384
generator made step 400
discriminator made step 400
generator made step 416
discriminator made step 416
generator made step 432
discriminator made step 432
generator made step 448
discriminator made step 448
generator made step 464
discriminator made step 464
generator made step 480
discriminator made step 480
generator made step 496
discriminator made step 496
2022-07-25 10:57:18,390 - root - INFO - Total=442.056611, G=346.877510, D=92.356354, data=1.630993, next=1.191754
2022-07-25 10:57:24,427 - root - INFO - Total=6.035750, G=0.450009, data=3.436253, acc=0.005528, agg=0.252061, next=1.891898
2022-07-25 10:57:47,668 - root - INFO - Time taken for epoch 51 is 471.33529257774353 sec
2022-07-25 10:57:47,668 - root - INFO - Train time = 442.0566108226776, Valid time = 6.035749673843384
2022-07-25 10:57:47,668 - root - INFO - G losses = {'GAN': 2.308096408843994, 'GAN_Feat': 0.29534077644348145}
2022-07-25 10:57:47,668 - root - INFO - D losses = {'D_Fake': 0.0022966600954532623, 'D_real': 0.0016759282443672419}
generator made step 0
discriminator made step 0
generator made step 16
discriminator made step 16
generator made step 32
discriminator made step 32
generator made step 48
discriminator made step 48
generator made step 64
discriminator made step 64
generator made step 80
discriminator made step 80
generator made step 96
discriminator made step 96
generator made step 112
discriminator made step 112
generator made step 128
discriminator made step 128
generator made step 144
discriminator made step 144
generator made step 160
discriminator made step 160
generator made step 176
discriminator made step 176
generator made step 192
discriminator made step 192
generator made step 208
discriminator made step 208
generator made step 224
discriminator made step 224
generator made step 240
discriminator made step 240
generator made step 256
discriminator made step 256
generator made step 272
discriminator made step 272
generator made step 288
discriminator made step 288
generator made step 304
discriminator made step 304
generator made step 320
discriminator made step 320
srun: Job step aborted: Waiting up to 32 seconds for job step to finish.
slurmstepd: error: *** STEP 2791428.0 ON nid002613 CANCELLED AT 2022-07-25T11:02:31 DUE TO TIME LIMIT ***
slurmstepd: error: *** JOB 2791428 ON nid002613 CANCELLED AT 2022-07-25T11:02:31 DUE TO TIME LIMIT ***
