+ srun -u shifter -V /pscratch/sd/c/cjacobus/ML_Hydro_train/logs:/logs --image=nersc/pytorch:ngc-22.03-v0 --env PYTHONUSERBASE=/global/homes/c/cjacobus/.local/perlmutter/nersc-pytorch-ngc-22.03-v0 bash -c '
    source export_DDP_vars.sh
    python train.py --root_dir=/pscratch/sd/c/cjacobus/tsit --config=valid_L1_128
    '
[W socket.cpp:701] The server socket on [nid002209]:29500 is not yet listening (errno: 111 - Connection refused), will retry.
[W socket.cpp:701] The server socket on [nid002209]:29500 is not yet listening (errno: 111 - Connection refused), will retry.
[W socket.cpp:701] The server socket on [nid002209]:29500 is not yet listening (errno: 111 - Connection refused), will retry.
[W socket.cpp:701] The server socket on [nid002209]:29500 is not yet listening (errno: 111 - Connection refused), will retry.
2022-07-29 21:01:33,617 - torch.distributed.distributed_c10d - INFO - Added key: store_based_barrier_key:1 to store for rank: 3
2022-07-29 21:01:33,621 - torch.distributed.distributed_c10d - INFO - Added key: store_based_barrier_key:1 to store for rank: 2
2022-07-29 21:01:33,621 - torch.distributed.distributed_c10d - INFO - Added key: store_based_barrier_key:1 to store for rank: 1
2022-07-29 21:01:33,680 - torch.distributed.distributed_c10d - INFO - Added key: store_based_barrier_key:1 to store for rank: 14
2022-07-29 21:01:33,683 - torch.distributed.distributed_c10d - INFO - Added key: store_based_barrier_key:1 to store for rank: 12
2022-07-29 21:01:33,685 - torch.distributed.distributed_c10d - INFO - Added key: store_based_barrier_key:1 to store for rank: 15
2022-07-29 21:01:33,686 - torch.distributed.distributed_c10d - INFO - Added key: store_based_barrier_key:1 to store for rank: 13
2022-07-29 21:01:34,376 - torch.distributed.distributed_c10d - INFO - Added key: store_based_barrier_key:1 to store for rank: 0
2022-07-29 21:01:34,451 - torch.distributed.distributed_c10d - INFO - Added key: store_based_barrier_key:1 to store for rank: 11
2022-07-29 21:01:34,453 - torch.distributed.distributed_c10d - INFO - Added key: store_based_barrier_key:1 to store for rank: 8
2022-07-29 21:01:34,454 - torch.distributed.distributed_c10d - INFO - Added key: store_based_barrier_key:1 to store for rank: 10
2022-07-29 21:01:34,455 - torch.distributed.distributed_c10d - INFO - Added key: store_based_barrier_key:1 to store for rank: 9
2022-07-29 21:01:34,555 - torch.distributed.distributed_c10d - INFO - Added key: store_based_barrier_key:1 to store for rank: 4
2022-07-29 21:01:34,560 - torch.distributed.distributed_c10d - INFO - Added key: store_based_barrier_key:1 to store for rank: 7
2022-07-29 21:01:34,562 - torch.distributed.distributed_c10d - INFO - Added key: store_based_barrier_key:1 to store for rank: 5
2022-07-29 21:01:34,563 - torch.distributed.distributed_c10d - INFO - Added key: store_based_barrier_key:1 to store for rank: 6
2022-07-29 21:01:34,563 - torch.distributed.distributed_c10d - INFO - Rank 11: Completed store-based barrier for key:store_based_barrier_key:1 with 16 nodes.
2022-07-29 21:01:34,563 - torch.distributed.distributed_c10d - INFO - Rank 6: Completed store-based barrier for key:store_based_barrier_key:1 with 16 nodes.
2022-07-29 21:01:34,565 - torch.distributed.distributed_c10d - INFO - Rank 4: Completed store-based barrier for key:store_based_barrier_key:1 with 16 nodes.
2022-07-29 21:01:34,566 - torch.distributed.distributed_c10d - INFO - Rank 8: Completed store-based barrier for key:store_based_barrier_key:1 with 16 nodes.
2022-07-29 21:01:34,567 - torch.distributed.distributed_c10d - INFO - Rank 2: Completed store-based barrier for key:store_based_barrier_key:1 with 16 nodes.
2022-07-29 21:01:34,567 - torch.distributed.distributed_c10d - INFO - Rank 13: Completed store-based barrier for key:store_based_barrier_key:1 with 16 nodes.
2022-07-29 21:01:34,567 - torch.distributed.distributed_c10d - INFO - Rank 10: Completed store-based barrier for key:store_based_barrier_key:1 with 16 nodes.
2022-07-29 21:01:34,567 - torch.distributed.distributed_c10d - INFO - Rank 1: Completed store-based barrier for key:store_based_barrier_key:1 with 16 nodes.
2022-07-29 21:01:34,568 - torch.distributed.distributed_c10d - INFO - Rank 9: Completed store-based barrier for key:store_based_barrier_key:1 with 16 nodes.
2022-07-29 21:01:34,569 - torch.distributed.distributed_c10d - INFO - Rank 0: Completed store-based barrier for key:store_based_barrier_key:1 with 16 nodes.
2022-07-29 21:01:34,569 - torch.distributed.distributed_c10d - INFO - Rank 15: Completed store-based barrier for key:store_based_barrier_key:1 with 16 nodes.
2022-07-29 21:01:34,570 - torch.distributed.distributed_c10d - INFO - Rank 7: Completed store-based barrier for key:store_based_barrier_key:1 with 16 nodes.
2022-07-29 21:01:34,571 - torch.distributed.distributed_c10d - INFO - Rank 14: Completed store-based barrier for key:store_based_barrier_key:1 with 16 nodes.
2022-07-29 21:01:34,572 - torch.distributed.distributed_c10d - INFO - Rank 12: Completed store-based barrier for key:store_based_barrier_key:1 with 16 nodes.
2022-07-29 21:01:34,572 - torch.distributed.distributed_c10d - INFO - Rank 3: Completed store-based barrier for key:store_based_barrier_key:1 with 16 nodes.
2022-07-29 21:01:34,573 - torch.distributed.distributed_c10d - INFO - Rank 5: Completed store-based barrier for key:store_based_barrier_key:1 with 16 nodes.
2022-07-29 21:01:34,585 - root - INFO - rank 4, begin data loader init
2022-07-29 21:01:34,585 - root - INFO - rank 6, begin data loader init
2022-07-29 21:01:34,585 - root - INFO - rank 4, data loader initialized
2022-07-29 21:01:34,585 - root - INFO - rank 6, data loader initialized
2022-07-29 21:01:34,586 - root - INFO - rank 7, begin data loader init
2022-07-29 21:01:34,586 - root - INFO - rank 7, data loader initialized
2022-07-29 21:01:34,586 - root - INFO - rank 5, begin data loader init
2022-07-29 21:01:34,586 - root - INFO - rank 5, data loader initialized
2022-07-29 21:01:34,588 - root - INFO - rank 8, begin data loader init
2022-07-29 21:01:34,589 - root - INFO - rank 9, begin data loader init
2022-07-29 21:01:34,589 - root - INFO - rank 10, begin data loader init
2022-07-29 21:01:34,589 - root - INFO - rank 11, begin data loader init
2022-07-29 21:01:34,589 - root - INFO - rank 8, data loader initialized
2022-07-29 21:01:34,589 - root - INFO - rank 9, data loader initialized
2022-07-29 21:01:34,589 - root - INFO - rank 10, data loader initialized
2022-07-29 21:01:34,589 - root - INFO - rank 11, data loader initialized
2022-07-29 21:01:34,589 - root - INFO - ------------------ Configuration ------------------
2022-07-29 21:01:34,589 - root - INFO - Configuration file: /global/u1/c/cjacobus/Nyx-TSIT/config/tsit.yaml
2022-07-29 21:01:34,589 - root - INFO - Configuration name: valid_L1_128
2022-07-29 21:01:34,589 - root - INFO - Nsamples 8192
2022-07-29 21:01:34,589 - root - INFO - Nsamples_val 512
2022-07-29 21:01:34,589 - root - INFO - niter 100
2022-07-29 21:01:34,589 - root - INFO - niter_decay 50
2022-07-29 21:01:34,589 - root - INFO - use_spec_loss False
2022-07-29 21:01:34,589 - root - INFO - lambda_spec 0.0
2022-07-29 21:01:34,589 - root - INFO - use_l1_loss True
2022-07-29 21:01:34,590 - root - INFO - lambda_l1 300.0
2022-07-29 21:01:34,590 - root - INFO - data_size 128
2022-07-29 21:01:34,590 - root - INFO - train_path /pscratch/sd/c/cjacobus/Nyx_512/train_s1_512_invar3_hydro.h5
2022-07-29 21:01:34,590 - root - INFO - val_path /pscratch/sd/c/cjacobus/Nyx_512/valid_s2_512_invar3_hydro.h5
2022-07-29 21:01:34,590 - root - INFO - num_data_workers 16
2022-07-29 21:01:34,590 - root - INFO - in_channels [0, 1, 2, 3, 17, 18, 19]
2022-07-29 21:01:34,590 - root - INFO - out_channels [0]
2022-07-29 21:01:34,590 - root - INFO - min_path /pscratch/sd/s/shas1693/data/era5/mins.npy
2022-07-29 21:01:34,590 - root - INFO - max_path /pscratch/sd/s/shas1693/data/era5/maxs.npy
2022-07-29 21:01:34,590 - root - INFO - time_means_path /pscratch/sd/s/shas1693/data/era5/time_means.npy
2022-07-29 21:01:34,590 - root - INFO - global_means_path /pscratch/sd/s/shas1693/data/era5/global_means.npy
2022-07-29 21:01:34,590 - root - INFO - global_stds_path /pscratch/sd/s/shas1693/data/era5/global_stds.npy
2022-07-29 21:01:34,590 - root - INFO - precip /pscratch/sd/p/pharring/ERA5/precip/total_precipitation
2022-07-29 21:01:34,590 - root - INFO - precip_eps 1e-05
2022-07-29 21:01:34,590 - root - INFO - dt 1
2022-07-29 21:01:34,590 - root - INFO - n_history 0
2022-07-29 21:01:34,590 - root - INFO - rank 3, begin data loader init
2022-07-29 21:01:34,590 - root - INFO - crop_size_x None
2022-07-29 21:01:34,590 - root - INFO - crop_size_y None
2022-07-29 21:01:34,590 - root - INFO - roll False
2022-07-29 21:01:34,590 - root - INFO - conttime False
2022-07-29 21:01:34,590 - root - INFO - normalization zscore
2022-07-29 21:01:34,590 - root - INFO - add_grid False
2022-07-29 21:01:34,590 - root - INFO - rank 1, begin data loader init
2022-07-29 21:01:34,590 - root - INFO - rank 2, begin data loader init
2022-07-29 21:01:34,590 - root - INFO - model pix2pix
2022-07-29 21:01:34,590 - root - INFO - norm_G spectralfadebatch3x3
2022-07-29 21:01:34,590 - root - INFO - norm_D spectralinstance
2022-07-29 21:01:34,590 - root - INFO - norm_S spectralinstance
2022-07-29 21:01:34,590 - root - INFO - norm_E spectralinstance
2022-07-29 21:01:34,590 - root - INFO - batch_size 16
2022-07-29 21:01:34,590 - root - INFO - img_size [512, 512, 512]
2022-07-29 21:01:34,590 - root - INFO - box_size [512, 512, 512]
2022-07-29 21:01:34,590 - root - INFO - rank 3, data loader initialized
2022-07-29 21:01:34,590 - root - INFO - input_nc 5
2022-07-29 21:01:34,590 - root - INFO - output_nc 5
2022-07-29 21:01:34,590 - root - INFO - netG tsit
2022-07-29 21:01:34,590 - root - INFO - rank 1, data loader initialized
2022-07-29 21:01:34,590 - root - INFO - ngf 64
2022-07-29 21:01:34,590 - root - INFO - rank 2, data loader initialized
2022-07-29 21:01:34,590 - root - INFO - init_type xavier
2022-07-29 21:01:34,590 - root - INFO - init_variance 0.02
2022-07-29 21:01:34,590 - root - INFO - z_dim 256
2022-07-29 21:01:34,590 - root - INFO - alpha 1.0
2022-07-29 21:01:34,590 - root - INFO - no_ss True
2022-07-29 21:01:34,590 - root - INFO - downsamp True
2022-07-29 21:01:34,590 - root - INFO - num_upsampling_blocks 6
2022-07-29 21:01:34,590 - root - INFO - use_periodic_padding True
2022-07-29 21:01:34,590 - root - INFO - additive_noise False
2022-07-29 21:01:34,590 - root - INFO - nef 16
2022-07-29 21:01:34,590 - root - INFO - use_vae False
2022-07-29 21:01:34,590 - root - INFO - optimizer adam
2022-07-29 21:01:34,590 - root - INFO - beta1 0.5
2022-07-29 21:01:34,590 - root - INFO - beta2 0.999
2022-07-29 21:01:34,590 - root - INFO - lr 0.0002
2022-07-29 21:01:34,590 - root - INFO - D_steps_per_G 1
2022-07-29 21:01:34,590 - root - INFO - ndf 64
2022-07-29 21:01:34,590 - root - INFO - lambda_feat 0.5
2022-07-29 21:01:34,590 - root - INFO - no_ganFeat_loss False
2022-07-29 21:01:34,590 - root - INFO - gan_mode hinge
2022-07-29 21:01:34,590 - root - INFO - netD multiscale
2022-07-29 21:01:34,590 - root - INFO - num_D 2
2022-07-29 21:01:34,590 - root - INFO - n_layers_D 4
2022-07-29 21:01:34,590 - root - INFO - no_TTUR True
2022-07-29 21:01:34,590 - root - INFO - lambda_kld 0.05
2022-07-29 21:01:34,590 - root - INFO - cat_inp False
2022-07-29 21:01:34,591 - root - INFO - entity weatherbenching
2022-07-29 21:01:34,591 - root - INFO - project Nyx-TSIT
2022-07-29 21:01:34,591 - root - INFO - log_to_wandb True
2022-07-29 21:01:34,591 - root - INFO - log_to_screen True
2022-07-29 21:01:34,591 - root - INFO - save_checkpoint True
2022-07-29 21:01:34,591 - root - INFO - weight_init ordereddict([('conv_init', 'normal'), ('conv_scale', 0.02), ('conv_bias', 0.0)])
2022-07-29 21:01:34,591 - root - INFO - lambda_rho 0
2022-07-29 21:01:34,591 - root - INFO - full_scale True
2022-07-29 21:01:34,591 - root - INFO - global_batch_size 64
2022-07-29 21:01:34,591 - root - INFO - base_batch_size 64
2022-07-29 21:01:34,591 - root - INFO - num_epochs 60
2022-07-29 21:01:34,591 - root - INFO - enable_amp False
2022-07-29 21:01:34,591 - root - INFO - enable_apex False
2022-07-29 21:01:34,591 - root - INFO - enable_benchy False
2022-07-29 21:01:34,591 - root - INFO - enable_jit False
2022-07-29 21:01:34,591 - root - INFO - expdir /logs
2022-07-29 21:01:34,591 - root - INFO - lr_schedule ordereddict([('scaling', 'sqrt'), ('start_lr', 0.0002), ('end_lr', 0.0), ('warmup_steps', 128)])
2022-07-29 21:01:34,591 - root - INFO - data_loader_config lowmem
2022-07-29 21:01:34,591 - root - INFO - N_out_channels 5
2022-07-29 21:01:34,591 - root - INFO - N_in_channels 5
2022-07-29 21:01:34,591 - root - INFO - use_cache None
2022-07-29 21:01:34,591 - root - INFO - ---------------------------------------------------
log_to_wandb -------------------------------------------------------------------
dir exists: /pscratch/sd/c/cjacobus/tsit/expts/valid_L1_128/checkpoints/
2022-07-29 21:01:34,591 - root - INFO - rank 13, begin data loader init
2022-07-29 21:01:34,591 - root - INFO - rank 14, begin data loader init
2022-07-29 21:01:34,591 - root - INFO - rank 12, begin data loader init
2022-07-29 21:01:34,591 - root - INFO - rank 15, begin data loader init
2022-07-29 21:01:34,591 - root - INFO - rank 13, data loader initialized
2022-07-29 21:01:34,592 - root - INFO - rank 12, data loader initialized
2022-07-29 21:01:34,592 - root - INFO - rank 14, data loader initialized
2022-07-29 21:01:34,592 - root - INFO - rank 15, data loader initialized
wandb: Currently logged in as: cjacobus (use `wandb login --relogin` to force relogin)
wandb: wandb version 0.12.21 is available!  To upgrade, please run:
wandb:  $ pip install wandb --upgrade
wandb: Tracking run with wandb version 0.12.13
wandb: Run data is saved locally in /pscratch/sd/c/cjacobus/tsit/expts/valid_L1_128/wandb/run-20220729_210135-2598lsya
wandb: Run `wandb offline` to turn off syncing.
wandb: Resuming run valid_L1_128
wandb: ⭐️ View project at https://wandb.ai/weatherbenching/Nyx-TSIT
wandb: 🚀 View run at https://wandb.ai/weatherbenching/Nyx-TSIT/runs/2598lsya
checking dir: /pscratch/sd/c/cjacobus/tsit/expts/valid_L1_128/checkpoints/
dir exists: /pscratch/sd/c/cjacobus/tsit/expts/valid_L1_128/checkpoints/
2022-07-29 21:01:36,027 - root - INFO - rank 0, begin data loader init
2022-07-29 21:01:36,027 - root - INFO - rank 0, data loader initialized
Network [TSITGenerator] was created. Total number of parameters: 934.7 million. To see the architecture, do print(network).
Network [TSITGenerator] was created. Total number of parameters: 934.7 million. To see the architecture, do print(network).
Network [TSITGenerator] was created. Total number of parameters: 934.7 million. To see the architecture, do print(network).
Network [TSITGenerator] was created. Total number of parameters: 934.7 million. To see the architecture, do print(network).
Network [TSITGenerator] was created. Total number of parameters: 934.7 million. To see the architecture, do print(network).
Network [TSITGenerator] was created. Total number of parameters: 934.7 million. To see the architecture, do print(network).
Network [TSITGenerator] was created. Total number of parameters: 934.7 million. To see the architecture, do print(network).
Network [TSITGenerator] was created. Total number of parameters: 934.7 million. To see the architecture, do print(network).
Network [TSITGenerator] was created. Total number of parameters: 934.7 million. To see the architecture, do print(network).
Network [TSITGenerator] was created. Total number of parameters: 934.7 million. To see the architecture, do print(network).
Network [TSITGenerator] was created. Total number of parameters: 934.7 million. To see the architecture, do print(network).
Network [TSITGenerator] was created. Total number of parameters: 934.7 million. To see the architecture, do print(network).
Network [TSITGenerator] was created. Total number of parameters: 934.7 million. To see the architecture, do print(network).
Network [TSITGenerator] was created. Total number of parameters: 934.7 million. To see the architecture, do print(network).
Network [TSITGenerator] was created. Total number of parameters: 934.7 million. To see the architecture, do print(network).
Network [TSITGenerator] was created. Total number of parameters: 934.7 million. To see the architecture, do print(network).
Network [MultiscaleDiscriminator] was created. Total number of parameters: 22.1 million. To see the architecture, do print(network).
Network [MultiscaleDiscriminator] was created. Total number of parameters: 22.1 million. To see the architecture, do print(network).
Network [MultiscaleDiscriminator] was created. Total number of parameters: 22.1 million. To see the architecture, do print(network).
Network [MultiscaleDiscriminator] was created. Total number of parameters: 22.1 million. To see the architecture, do print(network).
Network [MultiscaleDiscriminator] was created. Total number of parameters: 22.1 million. To see the architecture, do print(network).
Network [MultiscaleDiscriminator] was created. Total number of parameters: 22.1 million. To see the architecture, do print(network).
Network [MultiscaleDiscriminator] was created. Total number of parameters: 22.1 million. To see the architecture, do print(network).
Network [MultiscaleDiscriminator] was created. Total number of parameters: 22.1 million. To see the architecture, do print(network).
Network [MultiscaleDiscriminator] was created. Total number of parameters: 22.1 million. To see the architecture, do print(network).
Network [MultiscaleDiscriminator] was created. Total number of parameters: 22.1 million. To see the architecture, do print(network).
Network [MultiscaleDiscriminator] was created. Total number of parameters: 22.1 million. To see the architecture, do print(network).
Network [MultiscaleDiscriminator] was created. Total number of parameters: 22.1 million. To see the architecture, do print(network).
Network [MultiscaleDiscriminator] was created. Total number of parameters: 22.1 million. To see the architecture, do print(network).
Network [MultiscaleDiscriminator] was created. Total number of parameters: 22.1 million. To see the architecture, do print(network).
Network [MultiscaleDiscriminator] was created. Total number of parameters: 22.1 million. To see the architecture, do print(network).
Network [MultiscaleDiscriminator] was created. Total number of parameters: 22.1 million. To see the architecture, do print(network).
2022-07-29 21:01:56,160 - root - INFO - Loading checkpoint /pscratch/sd/c/cjacobus/tsit/expts/valid_L1_128/checkpoints/ckpt.tar
2022-07-29 21:01:56,161 - root - INFO - Loading checkpoint /pscratch/sd/c/cjacobus/tsit/expts/valid_L1_128/checkpoints/ckpt.tar
2022-07-29 21:01:56,161 - root - INFO - Loading checkpoint /pscratch/sd/c/cjacobus/tsit/expts/valid_L1_128/checkpoints/ckpt.tar
2022-07-29 21:01:56,162 - root - INFO - Loading checkpoint /pscratch/sd/c/cjacobus/tsit/expts/valid_L1_128/checkpoints/ckpt.tar
2022-07-29 21:01:56,163 - root - INFO - Loading checkpoint /pscratch/sd/c/cjacobus/tsit/expts/valid_L1_128/checkpoints/ckpt.tar
2022-07-29 21:01:56,164 - root - INFO - Loading checkpoint /pscratch/sd/c/cjacobus/tsit/expts/valid_L1_128/checkpoints/ckpt.tar
2022-07-29 21:01:56,164 - root - INFO - Loading checkpoint /pscratch/sd/c/cjacobus/tsit/expts/valid_L1_128/checkpoints/ckpt.tar
2022-07-29 21:01:56,165 - root - INFO - Loading checkpoint /pscratch/sd/c/cjacobus/tsit/expts/valid_L1_128/checkpoints/ckpt.tar
2022-07-29 21:01:56,165 - root - INFO - Loading checkpoint /pscratch/sd/c/cjacobus/tsit/expts/valid_L1_128/checkpoints/ckpt.tar
2022-07-29 21:01:56,166 - root - INFO - Loading checkpoint /pscratch/sd/c/cjacobus/tsit/expts/valid_L1_128/checkpoints/ckpt.tar
2022-07-29 21:01:56,166 - root - INFO - Loading checkpoint /pscratch/sd/c/cjacobus/tsit/expts/valid_L1_128/checkpoints/ckpt.tar
2022-07-29 21:01:56,166 - root - INFO - Loading checkpoint /pscratch/sd/c/cjacobus/tsit/expts/valid_L1_128/checkpoints/ckpt.tar
2022-07-29 21:01:56,167 - root - INFO - Loading checkpoint /pscratch/sd/c/cjacobus/tsit/expts/valid_L1_128/checkpoints/ckpt.tar
2022-07-29 21:01:56,167 - root - INFO - Loading checkpoint /pscratch/sd/c/cjacobus/tsit/expts/valid_L1_128/checkpoints/ckpt.tar
2022-07-29 21:01:56,167 - root - INFO - Loading checkpoint /pscratch/sd/c/cjacobus/tsit/expts/valid_L1_128/checkpoints/ckpt.tar
2022-07-29 21:01:56,167 - root - INFO - Loading checkpoint /pscratch/sd/c/cjacobus/tsit/expts/valid_L1_128/checkpoints/ckpt.tar
2022-07-29 21:02:02,908 - root - INFO - Starting Training Loop...
[W reducer.cpp:1282] Warning: find_unused_parameters=True was specified in DDP constructor, but did not find any unused parameters in the forward pass. This flag results in an extra traversal of the autograd graph every iteration,  which can adversely affect performance. If your model indeed never has any unused parameters in the forward pass, consider turning this flag off. Note that this warning may be a false positive if your model has flow control causing later iterations to have unused parameters. (function operator())
[W reducer.cpp:1282] Warning: find_unused_parameters=True was specified in DDP constructor, but did not find any unused parameters in the forward pass. This flag results in an extra traversal of the autograd graph every iteration,  which can adversely affect performance. If your model indeed never has any unused parameters in the forward pass, consider turning this flag off. Note that this warning may be a false positive if your model has flow control causing later iterations to have unused parameters. (function operator())
[W reducer.cpp:1282] Warning: find_unused_parameters=True was specified in DDP constructor, but did not find any unused parameters in the forward pass. This flag results in an extra traversal of the autograd graph every iteration,  which can adversely affect performance. If your model indeed never has any unused parameters in the forward pass, consider turning this flag off. Note that this warning may be a false positive if your model has flow control causing later iterations to have unused parameters. (function operator())
[W reducer.cpp:1282] Warning: find_unused_parameters=True was specified in DDP constructor, but did not find any unused parameters in the forward pass. This flag results in an extra traversal of the autograd graph every iteration,  which can adversely affect performance. If your model indeed never has any unused parameters in the forward pass, consider turning this flag off. Note that this warning may be a false positive if your model has flow control causing later iterations to have unused parameters. (function operator())
[W reducer.cpp:1282] Warning: find_unused_parameters=True was specified in DDP constructor, but did not find any unused parameters in the forward pass. This flag results in an extra traversal of the autograd graph every iteration,  which can adversely affect performance. If your model indeed never has any unused parameters in the forward pass, consider turning this flag off. Note that this warning may be a false positive if your model has flow control causing later iterations to have unused parameters. (function operator())
[W reducer.cpp:1282] Warning: find_unused_parameters=True was specified in DDP constructor, but did not find any unused parameters in the forward pass. This flag results in an extra traversal of the autograd graph every iteration,  which can adversely affect performance. If your model indeed never has any unused parameters in the forward pass, consider turning this flag off. Note that this warning may be a false positive if your model has flow control causing later iterations to have unused parameters. (function operator())
[W reducer.cpp:1282] Warning: find_unused_parameters=True was specified in DDP constructor, but did not find any unused parameters in the forward pass. This flag results in an extra traversal of the autograd graph every iteration,  which can adversely affect performance. If your model indeed never has any unused parameters in the forward pass, consider turning this flag off. Note that this warning may be a false positive if your model has flow control causing later iterations to have unused parameters. (function operator())
[W reducer.cpp:1282] Warning: find_unused_parameters=True was specified in DDP constructor, but did not find any unused parameters in the forward pass. This flag results in an extra traversal of the autograd graph every iteration,  which can adversely affect performance. If your model indeed never has any unused parameters in the forward pass, consider turning this flag off. Note that this warning may be a false positive if your model has flow control causing later iterations to have unused parameters. (function operator())
[W reducer.cpp:1282] Warning: find_unused_parameters=True was specified in DDP constructor, but did not find any unused parameters in the forward pass. This flag results in an extra traversal of the autograd graph every iteration,  which can adversely affect performance. If your model indeed never has any unused parameters in the forward pass, consider turning this flag off. Note that this warning may be a false positive if your model has flow control causing later iterations to have unused parameters. (function operator())
[W reducer.cpp:1282] Warning: find_unused_parameters=True was specified in DDP constructor, but did not find any unused parameters in the forward pass. This flag results in an extra traversal of the autograd graph every iteration,  which can adversely affect performance. If your model indeed never has any unused parameters in the forward pass, consider turning this flag off. Note that this warning may be a false positive if your model has flow control causing later iterations to have unused parameters. (function operator())
[W reducer.cpp:1282] Warning: find_unused_parameters=True was specified in DDP constructor, but did not find any unused parameters in the forward pass. This flag results in an extra traversal of the autograd graph every iteration,  which can adversely affect performance. If your model indeed never has any unused parameters in the forward pass, consider turning this flag off. Note that this warning may be a false positive if your model has flow control causing later iterations to have unused parameters. (function operator())
[W reducer.cpp:1282] Warning: find_unused_parameters=True was specified in DDP constructor, but did not find any unused parameters in the forward pass. This flag results in an extra traversal of the autograd graph every iteration,  which can adversely affect performance. If your model indeed never has any unused parameters in the forward pass, consider turning this flag off. Note that this warning may be a false positive if your model has flow control causing later iterations to have unused parameters. (function operator())
[W reducer.cpp:1282] Warning: find_unused_parameters=True was specified in DDP constructor, but did not find any unused parameters in the forward pass. This flag results in an extra traversal of the autograd graph every iteration,  which can adversely affect performance. If your model indeed never has any unused parameters in the forward pass, consider turning this flag off. Note that this warning may be a false positive if your model has flow control causing later iterations to have unused parameters. (function operator())
[W reducer.cpp:1282] Warning: find_unused_parameters=True was specified in DDP constructor, but did not find any unused parameters in the forward pass. This flag results in an extra traversal of the autograd graph every iteration,  which can adversely affect performance. If your model indeed never has any unused parameters in the forward pass, consider turning this flag off. Note that this warning may be a false positive if your model has flow control causing later iterations to have unused parameters. (function operator())
[W reducer.cpp:1282] Warning: find_unused_parameters=True was specified in DDP constructor, but did not find any unused parameters in the forward pass. This flag results in an extra traversal of the autograd graph every iteration,  which can adversely affect performance. If your model indeed never has any unused parameters in the forward pass, consider turning this flag off. Note that this warning may be a false positive if your model has flow control causing later iterations to have unused parameters. (function operator())
[W reducer.cpp:1282] Warning: find_unused_parameters=True was specified in DDP constructor, but did not find any unused parameters in the forward pass. This flag results in an extra traversal of the autograd graph every iteration,  which can adversely affect performance. If your model indeed never has any unused parameters in the forward pass, consider turning this flag off. Note that this warning may be a false positive if your model has flow control causing later iterations to have unused parameters. (function operator())
generator made step 0
discriminator made step 0
generator made step 16
discriminator made step 16
generator made step 32
discriminator made step 32
generator made step 48
discriminator made step 48
generator made step 64
discriminator made step 64
generator made step 80
discriminator made step 80
generator made step 96
discriminator made step 96
generator made step 112
discriminator made step 112
generator made step 128
discriminator made step 128
generator made step 144
discriminator made step 144
generator made step 160
discriminator made step 160
generator made step 176
discriminator made step 176
generator made step 192
discriminator made step 192
generator made step 208
discriminator made step 208
generator made step 224
discriminator made step 224
generator made step 240
discriminator made step 240
generator made step 256
discriminator made step 256
generator made step 272
discriminator made step 272
generator made step 288
discriminator made step 288
generator made step 304
discriminator made step 304
generator made step 320
discriminator made step 320
generator made step 336
discriminator made step 336
generator made step 352
discriminator made step 352
generator made step 368
discriminator made step 368
generator made step 384
discriminator made step 384
generator made step 400
discriminator made step 400
generator made step 416
discriminator made step 416
generator made step 432
discriminator made step 432
generator made step 448
discriminator made step 448
generator made step 464
discriminator made step 464
generator made step 480
discriminator made step 480
generator made step 496
discriminator made step 496
2022-07-29 21:09:52,535 - root - INFO - Total=469.626173, G=372.257731, D=92.509556, data=1.656940, next=3.201947
2022-07-29 21:09:59,992 - root - INFO - Total=7.456365, G=0.422578, data=3.285873, acc=0.875492, agg=0.140010, next=2.732412
saving checkpoint...
2022-07-29 21:10:12,939 - root - INFO - Time taken for epoch 61 is 490.0305302143097 sec
2022-07-29 21:10:12,939 - root - INFO - Train time = 469.6261727809906, Valid time = 7.45636510848999
2022-07-29 21:10:12,939 - root - INFO - G losses = {'GAN': 3.395115852355957, 'GAN_Feat': 0.5381865501403809, 'L1': 15.447296142578125}
2022-07-29 21:10:12,939 - root - INFO - D losses = {'D_Fake': 0.20040932297706604, 'D_real': 0.0017615219112485647}
generator made step 0
discriminator made step 0
generator made step 16
discriminator made step 16
generator made step 32
discriminator made step 32
generator made step 48
discriminator made step 48
generator made step 64
discriminator made step 64
generator made step 80
discriminator made step 80
generator made step 96
discriminator made step 96
generator made step 112
discriminator made step 112
generator made step 128
discriminator made step 128
generator made step 144
discriminator made step 144
generator made step 160
discriminator made step 160
generator made step 176
discriminator made step 176
generator made step 192
discriminator made step 192
generator made step 208
discriminator made step 208
generator made step 224
discriminator made step 224
generator made step 240
discriminator made step 240
generator made step 256
discriminator made step 256
generator made step 272
discriminator made step 272
generator made step 288
discriminator made step 288
generator made step 304
discriminator made step 304
generator made step 320
discriminator made step 320
generator made step 336
discriminator made step 336
generator made step 352
discriminator made step 352
generator made step 368
discriminator made step 368
generator made step 384
discriminator made step 384
generator made step 400
discriminator made step 400
generator made step 416
discriminator made step 416
generator made step 432
discriminator made step 432
generator made step 448
discriminator made step 448
generator made step 464
discriminator made step 464
generator made step 480
discriminator made step 480
generator made step 496
discriminator made step 496
2022-07-29 21:17:35,852 - root - INFO - Total=442.912151, G=347.319576, D=92.544420, data=1.629654, next=1.418501
2022-07-29 21:17:41,511 - root - INFO - Total=5.657283, G=0.486957, data=3.266101, acc=0.007230, agg=0.132814, next=1.764181
saving checkpoint...
2022-07-29 21:17:54,376 - root - INFO - Time taken for epoch 62 is 461.4369125366211 sec
2022-07-29 21:17:54,376 - root - INFO - Train time = 442.91215085983276, Valid time = 5.657282590866089
2022-07-29 21:17:54,376 - root - INFO - G losses = {'GAN': 4.396350860595703, 'GAN_Feat': 0.5848807096481323, 'L1': 14.48621940612793}
2022-07-29 21:17:54,376 - root - INFO - D losses = {'D_Fake': 0.00031641440000385046, 'D_real': 0.0012092454126104712}
generator made step 0
discriminator made step 0
generator made step 16
discriminator made step 16
generator made step 32
discriminator made step 32
generator made step 48
discriminator made step 48
generator made step 64
discriminator made step 64
generator made step 80
discriminator made step 80
generator made step 96
discriminator made step 96
generator made step 112
discriminator made step 112
generator made step 128
discriminator made step 128
generator made step 144
discriminator made step 144
generator made step 160
discriminator made step 160
generator made step 176
discriminator made step 176
generator made step 192
discriminator made step 192
generator made step 208
discriminator made step 208
generator made step 224
discriminator made step 224
generator made step 240
discriminator made step 240
generator made step 256
discriminator made step 256
generator made step 272
discriminator made step 272
generator made step 288
discriminator made step 288
generator made step 304
discriminator made step 304
generator made step 320
discriminator made step 320
generator made step 336
discriminator made step 336
generator made step 352
discriminator made step 352
generator made step 368
discriminator made step 368
generator made step 384
discriminator made step 384
generator made step 400
discriminator made step 400
generator made step 416
discriminator made step 416
generator made step 432
discriminator made step 432
generator made step 448
discriminator made step 448
generator made step 464
discriminator made step 464
generator made step 480
discriminator made step 480
generator made step 496
discriminator made step 496
2022-07-29 21:25:17,048 - root - INFO - Total=442.670860, G=347.268273, D=92.430135, data=1.630123, next=1.342329
2022-07-29 21:25:22,882 - root - INFO - Total=5.832864, G=0.506393, data=3.248311, acc=0.006410, agg=0.163050, next=1.908700
saving checkpoint...
2022-07-29 21:25:35,809 - root - INFO - Time taken for epoch 63 is 461.43308544158936 sec
2022-07-29 21:25:35,810 - root - INFO - Train time = 442.67086029052734, Valid time = 5.832864046096802
2022-07-29 21:25:35,810 - root - INFO - G losses = {'GAN': 9.947877883911133, 'GAN_Feat': 0.5769394636154175, 'L1': 17.2857723236084}
2022-07-29 21:25:35,810 - root - INFO - D losses = {'D_Fake': 0.0, 'D_real': 5.759984560427256e-05}
generator made step 0
discriminator made step 0
generator made step 16
discriminator made step 16
generator made step 32
discriminator made step 32
generator made step 48
discriminator made step 48
generator made step 64
discriminator made step 64
generator made step 80
discriminator made step 80
generator made step 96
discriminator made step 96
generator made step 112
discriminator made step 112
generator made step 128
discriminator made step 128
generator made step 144
discriminator made step 144
generator made step 160
discriminator made step 160
generator made step 176
discriminator made step 176
generator made step 192
discriminator made step 192
generator made step 208
discriminator made step 208
generator made step 224
discriminator made step 224
generator made step 240
discriminator made step 240
generator made step 256
discriminator made step 256
generator made step 272
discriminator made step 272
generator made step 288
discriminator made step 288
generator made step 304
discriminator made step 304
generator made step 320
discriminator made step 320
generator made step 336
discriminator made step 336
generator made step 352
discriminator made step 352
generator made step 368
discriminator made step 368
generator made step 384
discriminator made step 384
generator made step 400
discriminator made step 400
generator made step 416
discriminator made step 416
generator made step 432
discriminator made step 432
generator made step 448
discriminator made step 448
generator made step 464
discriminator made step 464
generator made step 480
discriminator made step 480
generator made step 496
discriminator made step 496
2022-07-29 21:32:58,527 - root - INFO - Total=442.716355, G=347.310833, D=92.523461, data=1.633052, next=1.249009
2022-07-29 21:33:04,123 - root - INFO - Total=5.595230, G=0.454746, data=3.288254, acc=0.006408, agg=0.154137, next=1.691684
saving checkpoint...
2022-07-29 21:33:16,999 - root - INFO - Time taken for epoch 64 is 461.18897557258606 sec
2022-07-29 21:33:16,999 - root - INFO - Train time = 442.71635484695435, Valid time = 5.595230340957642
2022-07-29 21:33:16,999 - root - INFO - G losses = {'GAN': 5.13889741897583, 'GAN_Feat': 0.6086113452911377, 'L1': 14.048184394836426}
2022-07-29 21:33:16,999 - root - INFO - D losses = {'D_Fake': 6.495211891888175e-06, 'D_real': 0.0}
generator made step 0
discriminator made step 0
generator made step 16
discriminator made step 16
generator made step 32
discriminator made step 32
generator made step 48
discriminator made step 48
generator made step 64
discriminator made step 64
generator made step 80
discriminator made step 80
generator made step 96
discriminator made step 96
generator made step 112
discriminator made step 112
generator made step 128
discriminator made step 128
generator made step 144
discriminator made step 144
generator made step 160
discriminator made step 160
generator made step 176
discriminator made step 176
generator made step 192
discriminator made step 192
generator made step 208
discriminator made step 208
generator made step 224
discriminator made step 224
generator made step 240
discriminator made step 240
generator made step 256
discriminator made step 256
generator made step 272
discriminator made step 272
generator made step 288
discriminator made step 288
generator made step 304
discriminator made step 304
generator made step 320
discriminator made step 320
generator made step 336
discriminator made step 336
generator made step 352
discriminator made step 352
generator made step 368
discriminator made step 368
generator made step 384
discriminator made step 384
generator made step 400
discriminator made step 400
generator made step 416
discriminator made step 416
generator made step 432
discriminator made step 432
generator made step 448
discriminator made step 448
generator made step 464
discriminator made step 464
generator made step 480
discriminator made step 480
generator made step 496
discriminator made step 496
2022-07-29 21:40:40,575 - root - INFO - Total=443.574979, G=347.224210, D=92.519518, data=1.631022, next=2.200228
2022-07-29 21:40:46,478 - root - INFO - Total=5.902425, G=0.517387, data=3.313285, acc=0.014195, agg=0.147423, next=1.910135
saving checkpoint...
2022-07-29 21:40:59,390 - root - INFO - Time taken for epoch 65 is 462.3907434940338 sec
2022-07-29 21:40:59,390 - root - INFO - Train time = 443.5749785900116, Valid time = 5.902425050735474
2022-07-29 21:40:59,390 - root - INFO - G losses = {'GAN': 4.821110248565674, 'GAN_Feat': 0.6270859837532043, 'L1': 16.807634353637695}
2022-07-29 21:40:59,390 - root - INFO - D losses = {'D_Fake': 0.0, 'D_real': 0.0}
generator made step 0
discriminator made step 0
generator made step 16
discriminator made step 16
generator made step 32
discriminator made step 32
generator made step 48
discriminator made step 48
generator made step 64
discriminator made step 64
generator made step 80
discriminator made step 80
generator made step 96
discriminator made step 96
generator made step 112
discriminator made step 112
generator made step 128
discriminator made step 128
generator made step 144
discriminator made step 144
generator made step 160
discriminator made step 160
generator made step 176
discriminator made step 176
generator made step 192
discriminator made step 192
generator made step 208
discriminator made step 208
generator made step 224
discriminator made step 224
generator made step 240
discriminator made step 240
generator made step 256
discriminator made step 256
generator made step 272
discriminator made step 272
generator made step 288
discriminator made step 288
generator made step 304
discriminator made step 304
generator made step 320
discriminator made step 320
generator made step 336
discriminator made step 336
generator made step 352
discriminator made step 352
generator made step 368
discriminator made step 368
generator made step 384
discriminator made step 384
generator made step 400
discriminator made step 400
generator made step 416
discriminator made step 416
generator made step 432
discriminator made step 432
generator made step 448
discriminator made step 448
generator made step 464
discriminator made step 464
generator made step 480
discriminator made step 480
generator made step 496
discriminator made step 496
2022-07-29 21:48:22,029 - root - INFO - Total=442.638711, G=347.176266, D=92.529409, data=1.630068, next=1.302968
2022-07-29 21:48:27,831 - root - INFO - Total=5.800360, G=0.527219, data=3.304395, acc=0.008535, agg=0.154449, next=1.805762
saving checkpoint...
2022-07-29 21:48:40,794 - root - INFO - Time taken for epoch 66 is 461.4044260978699 sec
2022-07-29 21:48:40,794 - root - INFO - Train time = 442.63871145248413, Valid time = 5.800359725952148
2022-07-29 21:48:40,794 - root - INFO - G losses = {'GAN': 4.368541717529297, 'GAN_Feat': 0.6027200818061829, 'L1': 15.86180591583252}
2022-07-29 21:48:40,794 - root - INFO - D losses = {'D_Fake': 0.002128616441041231, 'D_real': 0.0}
generator made step 0
discriminator made step 0
generator made step 16
discriminator made step 16
generator made step 32
discriminator made step 32
generator made step 48
discriminator made step 48
generator made step 64
discriminator made step 64
generator made step 80
discriminator made step 80
generator made step 96
discriminator made step 96
generator made step 112
discriminator made step 112
generator made step 128
discriminator made step 128
generator made step 144
discriminator made step 144
generator made step 160
discriminator made step 160
generator made step 176
discriminator made step 176
generator made step 192
discriminator made step 192
generator made step 208
discriminator made step 208
generator made step 224
discriminator made step 224
generator made step 240
discriminator made step 240
generator made step 256
discriminator made step 256
generator made step 272
discriminator made step 272
generator made step 288
discriminator made step 288
generator made step 304
discriminator made step 304
generator made step 320
discriminator made step 320
generator made step 336
discriminator made step 336
generator made step 352
discriminator made step 352
generator made step 368
discriminator made step 368
generator made step 384
discriminator made step 384
generator made step 400
discriminator made step 400
generator made step 416
discriminator made step 416
generator made step 432
discriminator made step 432
generator made step 448
discriminator made step 448
generator made step 464
discriminator made step 464
generator made step 480
discriminator made step 480
generator made step 496
discriminator made step 496
2022-07-29 21:56:03,379 - root - INFO - Total=442.583775, G=347.178588, D=92.538686, data=1.631694, next=1.234807
2022-07-29 21:56:08,391 - root - INFO - Total=5.011516, G=0.548201, data=3.119888, acc=0.009085, agg=0.132396, next=1.201946
saving checkpoint...
SAVED NEW CHECKPOINT ##############################################
2022-07-29 21:56:32,203 - root - INFO - Time taken for epoch 67 is 471.4089136123657 sec
2022-07-29 21:56:32,203 - root - INFO - Train time = 442.58377480506897, Valid time = 5.011516094207764
2022-07-29 21:56:32,203 - root - INFO - G losses = {'GAN': 6.089961528778076, 'GAN_Feat': 0.5745061635971069, 'L1': 15.502532005310059}
2022-07-29 21:56:32,203 - root - INFO - D losses = {'D_Fake': 0.006598758511245251, 'D_real': 3.521675898809917e-05}
generator made step 0
discriminator made step 0
generator made step 16
discriminator made step 16
generator made step 32
discriminator made step 32
generator made step 48
discriminator made step 48
generator made step 64
discriminator made step 64
generator made step 80
discriminator made step 80
generator made step 96
discriminator made step 96
generator made step 112
discriminator made step 112
generator made step 128
discriminator made step 128
generator made step 144
discriminator made step 144
generator made step 160
discriminator made step 160
generator made step 176
discriminator made step 176
generator made step 192
discriminator made step 192
generator made step 208
discriminator made step 208
generator made step 224
discriminator made step 224
generator made step 240
discriminator made step 240
generator made step 256
discriminator made step 256
generator made step 272
discriminator made step 272
generator made step 288
discriminator made step 288
generator made step 304
discriminator made step 304
generator made step 320
discriminator made step 320
generator made step 336
discriminator made step 336
slurmstepd: error: *** STEP 2843127.0 ON nid002209 CANCELLED AT 2022-07-29T22:01:26 DUE TO TIME LIMIT ***
slurmstepd: error: *** JOB 2843127 ON nid002209 CANCELLED AT 2022-07-29T22:01:26 DUE TO TIME LIMIT ***
srun: Job step aborted: Waiting up to 32 seconds for job step to finish.
