+ srun -u shifter -V /pscratch/sd/c/cjacobus/ML_Hydro_train/logs:/logs --image=nersc/pytorch:ngc-22.03-v0 --env PYTHONUSERBASE=/global/homes/c/cjacobus/.local/perlmutter/nersc-pytorch-ngc-22.03-v0 bash -c '
    source export_DDP_vars.sh
    python train.py --root_dir=/pscratch/sd/c/cjacobus/tsit --config=full_L1
    '
2022-07-27 06:10:52,266 - torch.distributed.distributed_c10d - INFO - Added key: store_based_barrier_key:1 to store for rank: 2
2022-07-27 06:10:52,270 - torch.distributed.distributed_c10d - INFO - Added key: store_based_barrier_key:1 to store for rank: 3
2022-07-27 06:10:52,272 - torch.distributed.distributed_c10d - INFO - Added key: store_based_barrier_key:1 to store for rank: 1
2022-07-27 06:10:53,126 - torch.distributed.distributed_c10d - INFO - Added key: store_based_barrier_key:1 to store for rank: 6
2022-07-27 06:10:53,132 - torch.distributed.distributed_c10d - INFO - Added key: store_based_barrier_key:1 to store for rank: 7
2022-07-27 06:10:53,133 - torch.distributed.distributed_c10d - INFO - Added key: store_based_barrier_key:1 to store for rank: 5
2022-07-27 06:10:53,134 - torch.distributed.distributed_c10d - INFO - Added key: store_based_barrier_key:1 to store for rank: 4
2022-07-27 06:10:53,537 - torch.distributed.distributed_c10d - INFO - Added key: store_based_barrier_key:1 to store for rank: 8
2022-07-27 06:10:53,544 - torch.distributed.distributed_c10d - INFO - Added key: store_based_barrier_key:1 to store for rank: 10
2022-07-27 06:10:53,546 - torch.distributed.distributed_c10d - INFO - Added key: store_based_barrier_key:1 to store for rank: 11
2022-07-27 06:10:53,547 - torch.distributed.distributed_c10d - INFO - Added key: store_based_barrier_key:1 to store for rank: 9
2022-07-27 06:10:53,604 - torch.distributed.distributed_c10d - INFO - Added key: store_based_barrier_key:1 to store for rank: 0
2022-07-27 06:10:53,782 - torch.distributed.distributed_c10d - INFO - Added key: store_based_barrier_key:1 to store for rank: 12
2022-07-27 06:10:53,784 - torch.distributed.distributed_c10d - INFO - Added key: store_based_barrier_key:1 to store for rank: 15
2022-07-27 06:10:53,786 - torch.distributed.distributed_c10d - INFO - Added key: store_based_barrier_key:1 to store for rank: 14
2022-07-27 06:10:53,787 - torch.distributed.distributed_c10d - INFO - Added key: store_based_barrier_key:1 to store for rank: 13
2022-07-27 06:10:53,787 - torch.distributed.distributed_c10d - INFO - Rank 13: Completed store-based barrier for key:store_based_barrier_key:1 with 16 nodes.
2022-07-27 06:10:53,789 - torch.distributed.distributed_c10d - INFO - Rank 7: Completed store-based barrier for key:store_based_barrier_key:1 with 16 nodes.
2022-07-27 06:10:53,790 - torch.distributed.distributed_c10d - INFO - Rank 5: Completed store-based barrier for key:store_based_barrier_key:1 with 16 nodes.
2022-07-27 06:10:53,790 - torch.distributed.distributed_c10d - INFO - Rank 10: Completed store-based barrier for key:store_based_barrier_key:1 with 16 nodes.
2022-07-27 06:10:53,790 - torch.distributed.distributed_c10d - INFO - Rank 4: Completed store-based barrier for key:store_based_barrier_key:1 with 16 nodes.
2022-07-27 06:10:53,790 - torch.distributed.distributed_c10d - INFO - Rank 11: Completed store-based barrier for key:store_based_barrier_key:1 with 16 nodes.
2022-07-27 06:10:53,791 - torch.distributed.distributed_c10d - INFO - Rank 9: Completed store-based barrier for key:store_based_barrier_key:1 with 16 nodes.
2022-07-27 06:10:53,791 - torch.distributed.distributed_c10d - INFO - Rank 8: Completed store-based barrier for key:store_based_barrier_key:1 with 16 nodes.
2022-07-27 06:10:53,792 - torch.distributed.distributed_c10d - INFO - Rank 2: Completed store-based barrier for key:store_based_barrier_key:1 with 16 nodes.
2022-07-27 06:10:53,792 - torch.distributed.distributed_c10d - INFO - Rank 6: Completed store-based barrier for key:store_based_barrier_key:1 with 16 nodes.
2022-07-27 06:10:53,792 - torch.distributed.distributed_c10d - INFO - Rank 12: Completed store-based barrier for key:store_based_barrier_key:1 with 16 nodes.
2022-07-27 06:10:53,793 - torch.distributed.distributed_c10d - INFO - Rank 3: Completed store-based barrier for key:store_based_barrier_key:1 with 16 nodes.
2022-07-27 06:10:53,795 - torch.distributed.distributed_c10d - INFO - Rank 15: Completed store-based barrier for key:store_based_barrier_key:1 with 16 nodes.
2022-07-27 06:10:53,797 - torch.distributed.distributed_c10d - INFO - Rank 0: Completed store-based barrier for key:store_based_barrier_key:1 with 16 nodes.
2022-07-27 06:10:53,797 - torch.distributed.distributed_c10d - INFO - Rank 14: Completed store-based barrier for key:store_based_barrier_key:1 with 16 nodes.
2022-07-27 06:10:53,797 - torch.distributed.distributed_c10d - INFO - Rank 1: Completed store-based barrier for key:store_based_barrier_key:1 with 16 nodes.
2022-07-27 06:10:53,809 - root - INFO - rank 6, begin data loader init
2022-07-27 06:10:53,810 - root - INFO - rank 6, data loader initialized
2022-07-27 06:10:53,811 - root - INFO - rank 4, begin data loader init
2022-07-27 06:10:53,811 - root - INFO - rank 4, data loader initialized
2022-07-27 06:10:53,811 - root - INFO - rank 5, begin data loader init
2022-07-27 06:10:53,811 - root - INFO - rank 7, begin data loader init
2022-07-27 06:10:53,811 - root - INFO - rank 5, data loader initialized
2022-07-27 06:10:53,811 - root - INFO - rank 7, data loader initialized
2022-07-27 06:10:53,811 - root - INFO - rank 8, begin data loader init
2022-07-27 06:10:53,811 - root - INFO - rank 9, begin data loader init
2022-07-27 06:10:53,812 - root - INFO - rank 10, begin data loader init
2022-07-27 06:10:53,812 - root - INFO - rank 11, begin data loader init
2022-07-27 06:10:53,812 - root - INFO - rank 9, data loader initialized
2022-07-27 06:10:53,812 - root - INFO - rank 8, data loader initialized
2022-07-27 06:10:53,812 - root - INFO - rank 10, data loader initialized
2022-07-27 06:10:53,812 - root - INFO - rank 11, data loader initialized
2022-07-27 06:10:53,814 - root - INFO - ------------------ Configuration ------------------
2022-07-27 06:10:53,814 - root - INFO - Configuration file: /global/u1/c/cjacobus/Nyx-TSIT/config/tsit.yaml
2022-07-27 06:10:53,814 - root - INFO - Configuration name: full_L1
2022-07-27 06:10:53,814 - root - INFO - Nsamples 8192
2022-07-27 06:10:53,814 - root - INFO - Nsamples_val 512
2022-07-27 06:10:53,814 - root - INFO - niter 100
2022-07-27 06:10:53,814 - root - INFO - niter_decay 50
2022-07-27 06:10:53,814 - root - INFO - use_spec_loss False
2022-07-27 06:10:53,814 - root - INFO - lambda_spec 1.0
2022-07-27 06:10:53,814 - root - INFO - use_l1_loss True
2022-07-27 06:10:53,814 - root - INFO - lambda_l1 1.0
2022-07-27 06:10:53,814 - root - INFO - num_data_workers 16
2022-07-27 06:10:53,814 - root - INFO - in_channels [0, 1, 2, 3, 17, 18, 19]
2022-07-27 06:10:53,814 - root - INFO - out_channels [0]
2022-07-27 06:10:53,815 - root - INFO - min_path /pscratch/sd/s/shas1693/data/era5/mins.npy
2022-07-27 06:10:53,815 - root - INFO - max_path /pscratch/sd/s/shas1693/data/era5/maxs.npy
2022-07-27 06:10:53,815 - root - INFO - time_means_path /pscratch/sd/s/shas1693/data/era5/time_means.npy
2022-07-27 06:10:53,815 - root - INFO - global_means_path /pscratch/sd/s/shas1693/data/era5/global_means.npy
2022-07-27 06:10:53,815 - root - INFO - global_stds_path /pscratch/sd/s/shas1693/data/era5/global_stds.npy
2022-07-27 06:10:53,815 - root - INFO - precip /pscratch/sd/p/pharring/ERA5/precip/total_precipitation
2022-07-27 06:10:53,815 - root - INFO - precip_eps 1e-05
2022-07-27 06:10:53,815 - root - INFO - dt 1
2022-07-27 06:10:53,815 - root - INFO - n_history 0
2022-07-27 06:10:53,815 - root - INFO - crop_size_x None
2022-07-27 06:10:53,815 - root - INFO - crop_size_y None
2022-07-27 06:10:53,815 - root - INFO - roll False
2022-07-27 06:10:53,815 - root - INFO - conttime False
2022-07-27 06:10:53,815 - root - INFO - normalization zscore
2022-07-27 06:10:53,815 - root - INFO - add_grid False
2022-07-27 06:10:53,815 - root - INFO - model pix2pix
2022-07-27 06:10:53,815 - root - INFO - norm_G spectralfadebatch3x3
2022-07-27 06:10:53,815 - root - INFO - norm_D spectralinstance
2022-07-27 06:10:53,815 - root - INFO - norm_S spectralinstance
2022-07-27 06:10:53,815 - root - INFO - norm_E spectralinstance
2022-07-27 06:10:53,815 - root - INFO - batch_size 16
2022-07-27 06:10:53,815 - root - INFO - img_size [512, 512, 512]
2022-07-27 06:10:53,815 - root - INFO - box_size [512, 512, 512]
2022-07-27 06:10:53,815 - root - INFO - data_size 128
2022-07-27 06:10:53,815 - root - INFO - input_nc 5
2022-07-27 06:10:53,815 - root - INFO - output_nc 5
2022-07-27 06:10:53,815 - root - INFO - netG tsit
2022-07-27 06:10:53,815 - root - INFO - ngf 64
2022-07-27 06:10:53,815 - root - INFO - init_type xavier
2022-07-27 06:10:53,815 - root - INFO - init_variance 0.02
2022-07-27 06:10:53,815 - root - INFO - rank 13, begin data loader init
2022-07-27 06:10:53,815 - root - INFO - z_dim 256
2022-07-27 06:10:53,815 - root - INFO - alpha 1.0
2022-07-27 06:10:53,815 - root - INFO - no_ss True
2022-07-27 06:10:53,815 - root - INFO - downsamp True
2022-07-27 06:10:53,815 - root - INFO - num_upsampling_blocks 6
2022-07-27 06:10:53,815 - root - INFO - rank 14, begin data loader init
2022-07-27 06:10:53,815 - root - INFO - rank 15, begin data loader init
2022-07-27 06:10:53,815 - root - INFO - use_periodic_padding True
2022-07-27 06:10:53,815 - root - INFO - rank 12, begin data loader init
2022-07-27 06:10:53,815 - root - INFO - additive_noise False
2022-07-27 06:10:53,815 - root - INFO - nef 16
2022-07-27 06:10:53,815 - root - INFO - use_vae False
2022-07-27 06:10:53,815 - root - INFO - optimizer adam
2022-07-27 06:10:53,815 - root - INFO - beta1 0.5
2022-07-27 06:10:53,815 - root - INFO - rank 13, data loader initialized
2022-07-27 06:10:53,815 - root - INFO - beta2 0.999
2022-07-27 06:10:53,815 - root - INFO - lr 0.0002
2022-07-27 06:10:53,815 - root - INFO - D_steps_per_G 1
2022-07-27 06:10:53,815 - root - INFO - ndf 64
2022-07-27 06:10:53,815 - root - INFO - rank 14, data loader initialized
2022-07-27 06:10:53,815 - root - INFO - rank 15, data loader initialized
2022-07-27 06:10:53,815 - root - INFO - lambda_feat 0.5
2022-07-27 06:10:53,815 - root - INFO - no_ganFeat_loss False
2022-07-27 06:10:53,815 - root - INFO - gan_mode hinge
2022-07-27 06:10:53,815 - root - INFO - netD multiscale
2022-07-27 06:10:53,815 - root - INFO - rank 1, begin data loader init
2022-07-27 06:10:53,815 - root - INFO - rank 12, data loader initialized
2022-07-27 06:10:53,815 - root - INFO - num_D 2
2022-07-27 06:10:53,815 - root - INFO - n_layers_D 4
2022-07-27 06:10:53,815 - root - INFO - no_TTUR True
2022-07-27 06:10:53,815 - root - INFO - lambda_kld 0.05
2022-07-27 06:10:53,815 - root - INFO - cat_inp False
2022-07-27 06:10:53,815 - root - INFO - rank 2, begin data loader init
2022-07-27 06:10:53,815 - root - INFO - rank 3, begin data loader init
2022-07-27 06:10:53,815 - root - INFO - entity weatherbenching
2022-07-27 06:10:53,815 - root - INFO - project Nyx-TSIT
2022-07-27 06:10:53,815 - root - INFO - log_to_wandb True
2022-07-27 06:10:53,815 - root - INFO - log_to_screen True
2022-07-27 06:10:53,815 - root - INFO - save_checkpoint True
2022-07-27 06:10:53,815 - root - INFO - weight_init ordereddict([('conv_init', 'normal'), ('conv_scale', 0.02), ('conv_bias', 0.0)])
2022-07-27 06:10:53,815 - root - INFO - lambda_rho 0
2022-07-27 06:10:53,816 - root - INFO - full_scale True
2022-07-27 06:10:53,815 - root - INFO - rank 1, data loader initialized
2022-07-27 06:10:53,816 - root - INFO - global_batch_size 64
2022-07-27 06:10:53,816 - root - INFO - base_batch_size 64
2022-07-27 06:10:53,816 - root - INFO - rank 3, data loader initialized
2022-07-27 06:10:53,816 - root - INFO - num_epochs 60
2022-07-27 06:10:53,816 - root - INFO - enable_amp False
2022-07-27 06:10:53,816 - root - INFO - rank 2, data loader initialized
2022-07-27 06:10:53,816 - root - INFO - enable_apex False
2022-07-27 06:10:53,816 - root - INFO - enable_benchy False
2022-07-27 06:10:53,816 - root - INFO - enable_jit False
2022-07-27 06:10:53,816 - root - INFO - expdir /logs
2022-07-27 06:10:53,816 - root - INFO - lr_schedule ordereddict([('scaling', 'sqrt'), ('start_lr', 0.0002), ('end_lr', 0.0), ('warmup_steps', 128)])
2022-07-27 06:10:53,816 - root - INFO - data_loader_config lowmem
2022-07-27 06:10:53,816 - root - INFO - N_out_channels 5
2022-07-27 06:10:53,816 - root - INFO - N_in_channels 5
2022-07-27 06:10:53,816 - root - INFO - train_path /pscratch/sd/c/cjacobus/Nyx_512/train_s1_512_hydro.h5
2022-07-27 06:10:53,816 - root - INFO - val_path /pscratch/sd/c/cjacobus/Nyx_512/train_s1_512_hydro.h5
2022-07-27 06:10:53,816 - root - INFO - use_cache None
2022-07-27 06:10:53,816 - root - INFO - ---------------------------------------------------
log_to_wandb -------------------------------------------------------------------
dir exists: /pscratch/sd/c/cjacobus/tsit/expts/full_L1/checkpoints/
wandb: Currently logged in as: cjacobus (use `wandb login --relogin` to force relogin)
Network [TSITGenerator] was created. Total number of parameters: 934.7 million. To see the architecture, do print(network).
Network [TSITGenerator] was created. Total number of parameters: 934.7 million. To see the architecture, do print(network).
Network [TSITGenerator] was created. Total number of parameters: 934.7 million. To see the architecture, do print(network).
Network [TSITGenerator] was created. Total number of parameters: 934.7 million. To see the architecture, do print(network).
Network [TSITGenerator] was created. Total number of parameters: 934.7 million. To see the architecture, do print(network).
Network [TSITGenerator] was created. Total number of parameters: 934.7 million. To see the architecture, do print(network).
Network [TSITGenerator] was created. Total number of parameters: 934.7 million. To see the architecture, do print(network).
Network [TSITGenerator] was created. Total number of parameters: 934.7 million. To see the architecture, do print(network).
Network [TSITGenerator] was created. Total number of parameters: 934.7 million. To see the architecture, do print(network).
Network [TSITGenerator] was created. Total number of parameters: 934.7 million. To see the architecture, do print(network).
Network [TSITGenerator] was created. Total number of parameters: 934.7 million. To see the architecture, do print(network).
Network [TSITGenerator] was created. Total number of parameters: 934.7 million. To see the architecture, do print(network).
Network [TSITGenerator] was created. Total number of parameters: 934.7 million. To see the architecture, do print(network).
Network [TSITGenerator] was created. Total number of parameters: 934.7 million. To see the architecture, do print(network).
Network [TSITGenerator] was created. Total number of parameters: 934.7 million. To see the architecture, do print(network).
wandb: Tracking run with wandb version 0.12.13
wandb: Run data is saved locally in /global/u1/c/cjacobus/Nyx-TSIT/wandb/run-20220727_061054-bjvg6h7j
wandb: Run `wandb offline` to turn off syncing.
wandb: Resuming run full_L1
wandb: ⭐️ View project at https://wandb.ai/weatherbenching/Nyx-TSIT
wandb: 🚀 View run at https://wandb.ai/weatherbenching/Nyx-TSIT/runs/bjvg6h7j
checking dir: /pscratch/sd/c/cjacobus/tsit/expts/full_L1/checkpoints/
dir exists: /pscratch/sd/c/cjacobus/tsit/expts/full_L1/checkpoints/
2022-07-27 06:11:00,498 - root - INFO - rank 0, begin data loader init
2022-07-27 06:11:00,499 - root - INFO - rank 0, data loader initialized
Network [TSITGenerator] was created. Total number of parameters: 934.7 million. To see the architecture, do print(network).
Network [MultiscaleDiscriminator] was created. Total number of parameters: 22.1 million. To see the architecture, do print(network).
Network [MultiscaleDiscriminator] was created. Total number of parameters: 22.1 million. To see the architecture, do print(network).
Network [MultiscaleDiscriminator] was created. Total number of parameters: 22.1 million. To see the architecture, do print(network).
Network [MultiscaleDiscriminator] was created. Total number of parameters: 22.1 million. To see the architecture, do print(network).
Network [MultiscaleDiscriminator] was created. Total number of parameters: 22.1 million. To see the architecture, do print(network).
Network [MultiscaleDiscriminator] was created. Total number of parameters: 22.1 million. To see the architecture, do print(network).
Network [MultiscaleDiscriminator] was created. Total number of parameters: 22.1 million. To see the architecture, do print(network).
Network [MultiscaleDiscriminator] was created. Total number of parameters: 22.1 million. To see the architecture, do print(network).
Network [MultiscaleDiscriminator] was created. Total number of parameters: 22.1 million. To see the architecture, do print(network).
Network [MultiscaleDiscriminator] was created. Total number of parameters: 22.1 million. To see the architecture, do print(network).
Network [MultiscaleDiscriminator] was created. Total number of parameters: 22.1 million. To see the architecture, do print(network).
Network [MultiscaleDiscriminator] was created. Total number of parameters: 22.1 million. To see the architecture, do print(network).
Network [MultiscaleDiscriminator] was created. Total number of parameters: 22.1 million. To see the architecture, do print(network).
Network [MultiscaleDiscriminator] was created. Total number of parameters: 22.1 million. To see the architecture, do print(network).
Network [MultiscaleDiscriminator] was created. Total number of parameters: 22.1 million. To see the architecture, do print(network).
Network [MultiscaleDiscriminator] was created. Total number of parameters: 22.1 million. To see the architecture, do print(network).
2022-07-27 06:11:17,992 - root - INFO - Loading checkpoint /pscratch/sd/c/cjacobus/tsit/expts/full_L1/checkpoints/ckpt.tar
2022-07-27 06:11:17,993 - root - INFO - Loading checkpoint /pscratch/sd/c/cjacobus/tsit/expts/full_L1/checkpoints/ckpt.tar
2022-07-27 06:11:17,993 - root - INFO - Loading checkpoint /pscratch/sd/c/cjacobus/tsit/expts/full_L1/checkpoints/ckpt.tar
2022-07-27 06:11:17,994 - root - INFO - Loading checkpoint /pscratch/sd/c/cjacobus/tsit/expts/full_L1/checkpoints/ckpt.tar
2022-07-27 06:11:17,996 - root - INFO - Loading checkpoint /pscratch/sd/c/cjacobus/tsit/expts/full_L1/checkpoints/ckpt.tar
2022-07-27 06:11:17,996 - root - INFO - Loading checkpoint /pscratch/sd/c/cjacobus/tsit/expts/full_L1/checkpoints/ckpt.tar
2022-07-27 06:11:17,996 - root - INFO - Loading checkpoint /pscratch/sd/c/cjacobus/tsit/expts/full_L1/checkpoints/ckpt.tar
2022-07-27 06:11:17,997 - root - INFO - Loading checkpoint /pscratch/sd/c/cjacobus/tsit/expts/full_L1/checkpoints/ckpt.tar
2022-07-27 06:11:17,998 - root - INFO - Loading checkpoint /pscratch/sd/c/cjacobus/tsit/expts/full_L1/checkpoints/ckpt.tar
2022-07-27 06:11:17,998 - root - INFO - Loading checkpoint /pscratch/sd/c/cjacobus/tsit/expts/full_L1/checkpoints/ckpt.tar
2022-07-27 06:11:17,998 - root - INFO - Loading checkpoint /pscratch/sd/c/cjacobus/tsit/expts/full_L1/checkpoints/ckpt.tar
2022-07-27 06:11:17,999 - root - INFO - Loading checkpoint /pscratch/sd/c/cjacobus/tsit/expts/full_L1/checkpoints/ckpt.tar
2022-07-27 06:11:18,000 - root - INFO - Loading checkpoint /pscratch/sd/c/cjacobus/tsit/expts/full_L1/checkpoints/ckpt.tar
2022-07-27 06:11:18,000 - root - INFO - Loading checkpoint /pscratch/sd/c/cjacobus/tsit/expts/full_L1/checkpoints/ckpt.tar
2022-07-27 06:11:18,000 - root - INFO - Loading checkpoint /pscratch/sd/c/cjacobus/tsit/expts/full_L1/checkpoints/ckpt.tar
2022-07-27 06:11:18,000 - root - INFO - Loading checkpoint /pscratch/sd/c/cjacobus/tsit/expts/full_L1/checkpoints/ckpt.tar
2022-07-27 06:11:24,880 - root - INFO - Starting Training Loop...
[W reducer.cpp:1282] Warning: find_unused_parameters=True was specified in DDP constructor, but did not find any unused parameters in the forward pass. This flag results in an extra traversal of the autograd graph every iteration,  which can adversely affect performance. If your model indeed never has any unused parameters in the forward pass, consider turning this flag off. Note that this warning may be a false positive if your model has flow control causing later iterations to have unused parameters. (function operator())
[W reducer.cpp:1282] Warning: find_unused_parameters=True was specified in DDP constructor, but did not find any unused parameters in the forward pass. This flag results in an extra traversal of the autograd graph every iteration,  which can adversely affect performance. If your model indeed never has any unused parameters in the forward pass, consider turning this flag off. Note that this warning may be a false positive if your model has flow control causing later iterations to have unused parameters. (function operator())
[W reducer.cpp:1282] Warning: find_unused_parameters=True was specified in DDP constructor, but did not find any unused parameters in the forward pass. This flag results in an extra traversal of the autograd graph every iteration,  which can adversely affect performance. If your model indeed never has any unused parameters in the forward pass, consider turning this flag off. Note that this warning may be a false positive if your model has flow control causing later iterations to have unused parameters. (function operator())
[W reducer.cpp:1282] Warning: find_unused_parameters=True was specified in DDP constructor, but did not find any unused parameters in the forward pass. This flag results in an extra traversal of the autograd graph every iteration,  which can adversely affect performance. If your model indeed never has any unused parameters in the forward pass, consider turning this flag off. Note that this warning may be a false positive if your model has flow control causing later iterations to have unused parameters. (function operator())
[W reducer.cpp:1282] Warning: find_unused_parameters=True was specified in DDP constructor, but did not find any unused parameters in the forward pass. This flag results in an extra traversal of the autograd graph every iteration,  which can adversely affect performance. If your model indeed never has any unused parameters in the forward pass, consider turning this flag off. Note that this warning may be a false positive if your model has flow control causing later iterations to have unused parameters. (function operator())
[W reducer.cpp:1282] Warning: find_unused_parameters=True was specified in DDP constructor, but did not find any unused parameters in the forward pass. This flag results in an extra traversal of the autograd graph every iteration,  which can adversely affect performance. If your model indeed never has any unused parameters in the forward pass, consider turning this flag off. Note that this warning may be a false positive if your model has flow control causing later iterations to have unused parameters. (function operator())
[W reducer.cpp:1282] Warning: find_unused_parameters=True was specified in DDP constructor, but did not find any unused parameters in the forward pass. This flag results in an extra traversal of the autograd graph every iteration,  which can adversely affect performance. If your model indeed never has any unused parameters in the forward pass, consider turning this flag off. Note that this warning may be a false positive if your model has flow control causing later iterations to have unused parameters. (function operator())
[W reducer.cpp:1282] Warning: find_unused_parameters=True was specified in DDP constructor, but did not find any unused parameters in the forward pass. This flag results in an extra traversal of the autograd graph every iteration,  which can adversely affect performance. If your model indeed never has any unused parameters in the forward pass, consider turning this flag off. Note that this warning may be a false positive if your model has flow control causing later iterations to have unused parameters. (function operator())
[W reducer.cpp:1282] Warning: find_unused_parameters=True was specified in DDP constructor, but did not find any unused parameters in the forward pass. This flag results in an extra traversal of the autograd graph every iteration,  which can adversely affect performance. If your model indeed never has any unused parameters in the forward pass, consider turning this flag off. Note that this warning may be a false positive if your model has flow control causing later iterations to have unused parameters. (function operator())
[W reducer.cpp:1282] Warning: find_unused_parameters=True was specified in DDP constructor, but did not find any unused parameters in the forward pass. This flag results in an extra traversal of the autograd graph every iteration,  which can adversely affect performance. If your model indeed never has any unused parameters in the forward pass, consider turning this flag off. Note that this warning may be a false positive if your model has flow control causing later iterations to have unused parameters. (function operator())
[W reducer.cpp:1282] Warning: find_unused_parameters=True was specified in DDP constructor, but did not find any unused parameters in the forward pass. This flag results in an extra traversal of the autograd graph every iteration,  which can adversely affect performance. If your model indeed never has any unused parameters in the forward pass, consider turning this flag off. Note that this warning may be a false positive if your model has flow control causing later iterations to have unused parameters. (function operator())
[W reducer.cpp:1282] Warning: find_unused_parameters=True was specified in DDP constructor, but did not find any unused parameters in the forward pass. This flag results in an extra traversal of the autograd graph every iteration,  which can adversely affect performance. If your model indeed never has any unused parameters in the forward pass, consider turning this flag off. Note that this warning may be a false positive if your model has flow control causing later iterations to have unused parameters. (function operator())
[W reducer.cpp:1282] Warning: find_unused_parameters=True was specified in DDP constructor, but did not find any unused parameters in the forward pass. This flag results in an extra traversal of the autograd graph every iteration,  which can adversely affect performance. If your model indeed never has any unused parameters in the forward pass, consider turning this flag off. Note that this warning may be a false positive if your model has flow control causing later iterations to have unused parameters. (function operator())
[W reducer.cpp:1282] Warning: find_unused_parameters=True was specified in DDP constructor, but did not find any unused parameters in the forward pass. This flag results in an extra traversal of the autograd graph every iteration,  which can adversely affect performance. If your model indeed never has any unused parameters in the forward pass, consider turning this flag off. Note that this warning may be a false positive if your model has flow control causing later iterations to have unused parameters. (function operator())
[W reducer.cpp:1282] Warning: find_unused_parameters=True was specified in DDP constructor, but did not find any unused parameters in the forward pass. This flag results in an extra traversal of the autograd graph every iteration,  which can adversely affect performance. If your model indeed never has any unused parameters in the forward pass, consider turning this flag off. Note that this warning may be a false positive if your model has flow control causing later iterations to have unused parameters. (function operator())
[W reducer.cpp:1282] Warning: find_unused_parameters=True was specified in DDP constructor, but did not find any unused parameters in the forward pass. This flag results in an extra traversal of the autograd graph every iteration,  which can adversely affect performance. If your model indeed never has any unused parameters in the forward pass, consider turning this flag off. Note that this warning may be a false positive if your model has flow control causing later iterations to have unused parameters. (function operator())
generator made step 0
discriminator made step 0
generator made step 16
discriminator made step 16
generator made step 32
discriminator made step 32
generator made step 48
discriminator made step 48
generator made step 64
discriminator made step 64
generator made step 80
discriminator made step 80
generator made step 96
discriminator made step 96
generator made step 112
discriminator made step 112
generator made step 128
discriminator made step 128
generator made step 144
discriminator made step 144
generator made step 160
discriminator made step 160
generator made step 176
discriminator made step 176
generator made step 192
discriminator made step 192
generator made step 208
discriminator made step 208
generator made step 224
discriminator made step 224
generator made step 240
discriminator made step 240
generator made step 256
discriminator made step 256
generator made step 272
discriminator made step 272
generator made step 288
discriminator made step 288
generator made step 304
discriminator made step 304
generator made step 320
discriminator made step 320
generator made step 336
discriminator made step 336
generator made step 352
discriminator made step 352
generator made step 368
discriminator made step 368
generator made step 384
discriminator made step 384
generator made step 400
discriminator made step 400
generator made step 416
discriminator made step 416
generator made step 432
discriminator made step 432
generator made step 448
discriminator made step 448
generator made step 464
discriminator made step 464
generator made step 480
discriminator made step 480
generator made step 496
discriminator made step 496
2022-07-27 06:19:15,769 - root - INFO - Total=470.887752, G=373.768885, D=92.470329, data=1.682150, next=2.966387
2022-07-27 06:19:22,587 - root - INFO - Total=6.817363, G=0.515158, data=3.216522, acc=1.189263, agg=0.133973, next=1.762447
2022-07-27 06:19:35,270 - root - INFO - Time taken for epoch 12 is 490.39024567604065 sec
2022-07-27 06:19:35,270 - root - INFO - Train time = 470.88775157928467, Valid time = 6.817362546920776
2022-07-27 06:19:35,270 - root - INFO - G losses = {'GAN': 3.9662024974823, 'GAN_Feat': 0.41575923562049866, 'L1': 0.07338598370552063}
2022-07-27 06:19:35,270 - root - INFO - D losses = {'D_Fake': 0.254623144865036, 'D_real': 0.08733101189136505}
generator made step 0
discriminator made step 0
generator made step 16
discriminator made step 16
generator made step 32
discriminator made step 32
generator made step 48
discriminator made step 48
generator made step 64
discriminator made step 64
generator made step 80
discriminator made step 80
generator made step 96
discriminator made step 96
generator made step 112
discriminator made step 112
generator made step 128
discriminator made step 128
generator made step 144
discriminator made step 144
generator made step 160
discriminator made step 160
generator made step 176
discriminator made step 176
generator made step 192
discriminator made step 192
generator made step 208
discriminator made step 208
generator made step 224
discriminator made step 224
generator made step 240
discriminator made step 240
generator made step 256
discriminator made step 256
generator made step 272
discriminator made step 272
generator made step 288
discriminator made step 288
generator made step 304
discriminator made step 304
generator made step 320
discriminator made step 320
generator made step 336
discriminator made step 336
generator made step 352
discriminator made step 352
generator made step 368
discriminator made step 368
generator made step 384
discriminator made step 384
generator made step 400
discriminator made step 400
generator made step 416
discriminator made step 416
generator made step 432
discriminator made step 432
generator made step 448
discriminator made step 448
generator made step 464
discriminator made step 464
generator made step 480
discriminator made step 480
generator made step 496
discriminator made step 496
2022-07-27 06:26:58,735 - root - INFO - Total=443.463298, G=347.966601, D=92.532320, data=1.630476, next=1.333901
2022-07-27 06:27:04,620 - root - INFO - Total=5.884471, G=0.456130, data=3.388775, acc=0.006046, agg=0.140496, next=1.893025
2022-07-27 06:27:17,071 - root - INFO - Time taken for epoch 13 is 461.8008086681366 sec
2022-07-27 06:27:17,071 - root - INFO - Train time = 443.46329832077026, Valid time = 5.884470701217651
2022-07-27 06:27:17,071 - root - INFO - G losses = {'GAN': 3.2623634338378906, 'GAN_Feat': 0.7054643630981445, 'L1': 0.2112337350845337}
2022-07-27 06:27:17,071 - root - INFO - D losses = {'D_Fake': 0.00025678606471046805, 'D_real': 0.0017956189112737775}
generator made step 0
discriminator made step 0
generator made step 16
discriminator made step 16
generator made step 32
discriminator made step 32
generator made step 48
discriminator made step 48
generator made step 64
discriminator made step 64
generator made step 80
discriminator made step 80
generator made step 96
discriminator made step 96
generator made step 112
discriminator made step 112
generator made step 128
discriminator made step 128
generator made step 144
discriminator made step 144
generator made step 160
discriminator made step 160
generator made step 176
discriminator made step 176
generator made step 192
discriminator made step 192
generator made step 208
discriminator made step 208
generator made step 224
discriminator made step 224
generator made step 240
discriminator made step 240
generator made step 256
discriminator made step 256
generator made step 272
discriminator made step 272
generator made step 288
discriminator made step 288
generator made step 304
discriminator made step 304
generator made step 320
discriminator made step 320
generator made step 336
discriminator made step 336
generator made step 352
discriminator made step 352
generator made step 368
discriminator made step 368
generator made step 384
discriminator made step 384
generator made step 400
discriminator made step 400
generator made step 416
discriminator made step 416
generator made step 432
discriminator made step 432
generator made step 448
discriminator made step 448
generator made step 464
discriminator made step 464
generator made step 480
discriminator made step 480
generator made step 496
discriminator made step 496
2022-07-27 06:34:40,259 - root - INFO - Total=443.186395, G=348.067557, D=92.552519, data=1.631408, next=0.934910
2022-07-27 06:34:46,282 - root - INFO - Total=6.022424, G=0.515126, data=3.290859, acc=0.006598, agg=0.157799, next=2.052043
2022-07-27 06:34:59,028 - root - INFO - Time taken for epoch 14 is 461.9569492340088 sec
2022-07-27 06:34:59,029 - root - INFO - Train time = 443.18639492988586, Valid time = 6.022424221038818
2022-07-27 06:34:59,029 - root - INFO - G losses = {'GAN': 4.151609420776367, 'GAN_Feat': 0.35632413625717163, 'L1': 0.0794610008597374}
2022-07-27 06:34:59,029 - root - INFO - D losses = {'D_Fake': 0.0002367259148741141, 'D_real': 0.009425994008779526}
generator made step 0
discriminator made step 0
generator made step 16
discriminator made step 16
generator made step 32
discriminator made step 32
generator made step 48
discriminator made step 48
generator made step 64
discriminator made step 64
generator made step 80
discriminator made step 80
generator made step 96
discriminator made step 96
generator made step 112
discriminator made step 112
generator made step 128
discriminator made step 128
generator made step 144
discriminator made step 144
generator made step 160
discriminator made step 160
generator made step 176
discriminator made step 176
generator made step 192
discriminator made step 192
generator made step 208
discriminator made step 208
generator made step 224
discriminator made step 224
generator made step 240
discriminator made step 240
generator made step 256
discriminator made step 256
generator made step 272
discriminator made step 272
generator made step 288
discriminator made step 288
generator made step 304
discriminator made step 304
generator made step 320
discriminator made step 320
generator made step 336
discriminator made step 336
generator made step 352
discriminator made step 352
generator made step 368
discriminator made step 368
generator made step 384
discriminator made step 384
generator made step 400
discriminator made step 400
generator made step 416
discriminator made step 416
generator made step 432
discriminator made step 432
generator made step 448
discriminator made step 448
generator made step 464
discriminator made step 464
generator made step 480
discriminator made step 480
generator made step 496
discriminator made step 496
2022-07-27 06:42:22,504 - root - INFO - Total=443.474030, G=347.878453, D=92.604478, data=1.629583, next=1.361517
2022-07-27 06:42:28,196 - root - INFO - Total=5.690561, G=0.517330, data=3.164104, acc=0.006320, agg=0.137104, next=1.865704
2022-07-27 06:42:39,177 - root - INFO - Time taken for epoch 15 is 460.1486566066742 sec
2022-07-27 06:42:39,177 - root - INFO - Train time = 443.47403049468994, Valid time = 5.690560579299927
2022-07-27 06:42:39,177 - root - INFO - G losses = {'GAN': 4.899924278259277, 'GAN_Feat': 0.3901970088481903, 'L1': 0.10458487272262573}
2022-07-27 06:42:39,177 - root - INFO - D losses = {'D_Fake': 0.3264577388763428, 'D_real': 0.01866360567510128}
generator made step 0
discriminator made step 0
generator made step 16
discriminator made step 16
generator made step 32
discriminator made step 32
generator made step 48
discriminator made step 48
generator made step 64
discriminator made step 64
generator made step 80
discriminator made step 80
generator made step 96
discriminator made step 96
generator made step 112
discriminator made step 112
generator made step 128
discriminator made step 128
generator made step 144
discriminator made step 144
generator made step 160
discriminator made step 160
generator made step 176
discriminator made step 176
generator made step 192
discriminator made step 192
generator made step 208
discriminator made step 208
generator made step 224
discriminator made step 224
generator made step 240
discriminator made step 240
generator made step 256
discriminator made step 256
generator made step 272
discriminator made step 272
generator made step 288
discriminator made step 288
generator made step 304
discriminator made step 304
generator made step 320
discriminator made step 320
generator made step 336
discriminator made step 336
generator made step 352
discriminator made step 352
generator made step 368
discriminator made step 368
generator made step 384
discriminator made step 384
generator made step 400
discriminator made step 400
generator made step 416
discriminator made step 416
generator made step 432
discriminator made step 432
generator made step 448
discriminator made step 448
generator made step 464
discriminator made step 464
generator made step 480
discriminator made step 480
generator made step 496
discriminator made step 496
2022-07-27 06:50:03,552 - root - INFO - Total=444.373459, G=347.909127, D=92.589732, data=1.630108, next=2.244492
2022-07-27 06:50:08,904 - root - INFO - Total=5.351092, G=0.472827, data=3.247690, acc=0.005822, agg=0.129567, next=1.495186
2022-07-27 06:50:21,194 - root - INFO - Time taken for epoch 16 is 462.01639556884766 sec
2022-07-27 06:50:21,194 - root - INFO - Train time = 444.37345910072327, Valid time = 5.351091623306274
2022-07-27 06:50:21,194 - root - INFO - G losses = {'GAN': 3.96746826171875, 'GAN_Feat': 0.3405378460884094, 'L1': 0.057911135256290436}
2022-07-27 06:50:21,194 - root - INFO - D losses = {'D_Fake': 1.2616791725158691, 'D_real': 0.014976001344621181}
generator made step 0
discriminator made step 0
srun: Job step aborted: Waiting up to 32 seconds for job step to finish.
slurmstepd: error: *** STEP 2820558.0 ON nid002408 CANCELLED AT 2022-07-27T06:50:27 DUE TO TIME LIMIT ***
slurmstepd: error: *** JOB 2820558 ON nid002408 CANCELLED AT 2022-07-27T06:50:27 DUE TO TIME LIMIT ***
