+ srun -u shifter -V /pscratch/sd/c/cjacobus/ML_Hydro_train/logs:/logs --image=nersc/pytorch:ngc-22.03-v0 --env PYTHONUSERBASE=/global/homes/c/cjacobus/.local/perlmutter/nersc-pytorch-ngc-22.03-v0 bash -c '
    source export_DDP_vars.sh
    python train.py --root_dir=/pscratch/sd/c/cjacobus/tsit --config=tightvalid_up5_tanh_L1_spec
    '
[W socket.cpp:701] The server socket on [nid002184]:29500 is not yet listening (errno: 111 - Connection refused), will retry.
[W socket.cpp:701] The server socket on [nid002184]:29500 is not yet listening (errno: 111 - Connection refused), will retry.
[W socket.cpp:701] The server socket on [nid002184]:29500 is not yet listening (errno: 111 - Connection refused), will retry.
[W socket.cpp:701] The server socket on [nid002184]:29500 is not yet listening (errno: 111 - Connection refused), will retry.
2022-08-01 05:15:51,758 - torch.distributed.distributed_c10d - INFO - Added key: store_based_barrier_key:1 to store for rank: 3
2022-08-01 05:15:51,761 - torch.distributed.distributed_c10d - INFO - Added key: store_based_barrier_key:1 to store for rank: 2
2022-08-01 05:15:51,762 - torch.distributed.distributed_c10d - INFO - Added key: store_based_barrier_key:1 to store for rank: 1
2022-08-01 05:15:52,307 - torch.distributed.distributed_c10d - INFO - Added key: store_based_barrier_key:1 to store for rank: 7
2022-08-01 05:15:52,313 - torch.distributed.distributed_c10d - INFO - Added key: store_based_barrier_key:1 to store for rank: 5
2022-08-01 05:15:52,314 - torch.distributed.distributed_c10d - INFO - Added key: store_based_barrier_key:1 to store for rank: 4
2022-08-01 05:15:52,315 - torch.distributed.distributed_c10d - INFO - Added key: store_based_barrier_key:1 to store for rank: 6
2022-08-01 05:15:52,318 - torch.distributed.distributed_c10d - INFO - Added key: store_based_barrier_key:1 to store for rank: 11
2022-08-01 05:15:52,323 - torch.distributed.distributed_c10d - INFO - Added key: store_based_barrier_key:1 to store for rank: 9
2022-08-01 05:15:52,325 - torch.distributed.distributed_c10d - INFO - Added key: store_based_barrier_key:1 to store for rank: 8
2022-08-01 05:15:52,326 - torch.distributed.distributed_c10d - INFO - Added key: store_based_barrier_key:1 to store for rank: 10
2022-08-01 05:15:52,580 - torch.distributed.distributed_c10d - INFO - Added key: store_based_barrier_key:1 to store for rank: 0
2022-08-01 05:15:52,764 - torch.distributed.distributed_c10d - INFO - Added key: store_based_barrier_key:1 to store for rank: 15
2022-08-01 05:15:52,768 - torch.distributed.distributed_c10d - INFO - Added key: store_based_barrier_key:1 to store for rank: 13
2022-08-01 05:15:52,772 - torch.distributed.distributed_c10d - INFO - Added key: store_based_barrier_key:1 to store for rank: 14
2022-08-01 05:15:52,772 - torch.distributed.distributed_c10d - INFO - Added key: store_based_barrier_key:1 to store for rank: 12
2022-08-01 05:15:52,772 - torch.distributed.distributed_c10d - INFO - Rank 12: Completed store-based barrier for key:store_based_barrier_key:1 with 16 nodes.
2022-08-01 05:15:52,772 - torch.distributed.distributed_c10d - INFO - Rank 0: Completed store-based barrier for key:store_based_barrier_key:1 with 16 nodes.
2022-08-01 05:15:52,773 - torch.distributed.distributed_c10d - INFO - Rank 3: Completed store-based barrier for key:store_based_barrier_key:1 with 16 nodes.
2022-08-01 05:15:52,773 - torch.distributed.distributed_c10d - INFO - Rank 6: Completed store-based barrier for key:store_based_barrier_key:1 with 16 nodes.
2022-08-01 05:15:52,774 - torch.distributed.distributed_c10d - INFO - Rank 4: Completed store-based barrier for key:store_based_barrier_key:1 with 16 nodes.
2022-08-01 05:15:52,775 - torch.distributed.distributed_c10d - INFO - Rank 9: Completed store-based barrier for key:store_based_barrier_key:1 with 16 nodes.
2022-08-01 05:15:52,775 - torch.distributed.distributed_c10d - INFO - Rank 15: Completed store-based barrier for key:store_based_barrier_key:1 with 16 nodes.
2022-08-01 05:15:52,776 - torch.distributed.distributed_c10d - INFO - Rank 8: Completed store-based barrier for key:store_based_barrier_key:1 with 16 nodes.
2022-08-01 05:15:52,778 - torch.distributed.distributed_c10d - INFO - Rank 2: Completed store-based barrier for key:store_based_barrier_key:1 with 16 nodes.
2022-08-01 05:15:52,778 - torch.distributed.distributed_c10d - INFO - Rank 11: Completed store-based barrier for key:store_based_barrier_key:1 with 16 nodes.
2022-08-01 05:15:52,778 - torch.distributed.distributed_c10d - INFO - Rank 10: Completed store-based barrier for key:store_based_barrier_key:1 with 16 nodes.
2022-08-01 05:15:52,778 - torch.distributed.distributed_c10d - INFO - Rank 7: Completed store-based barrier for key:store_based_barrier_key:1 with 16 nodes.
2022-08-01 05:15:52,779 - torch.distributed.distributed_c10d - INFO - Rank 1: Completed store-based barrier for key:store_based_barrier_key:1 with 16 nodes.
2022-08-01 05:15:52,779 - torch.distributed.distributed_c10d - INFO - Rank 13: Completed store-based barrier for key:store_based_barrier_key:1 with 16 nodes.
2022-08-01 05:15:52,782 - torch.distributed.distributed_c10d - INFO - Rank 5: Completed store-based barrier for key:store_based_barrier_key:1 with 16 nodes.
2022-08-01 05:15:52,782 - torch.distributed.distributed_c10d - INFO - Rank 14: Completed store-based barrier for key:store_based_barrier_key:1 with 16 nodes.
2022-08-01 05:15:52,793 - root - INFO - rank 6, begin data loader init
2022-08-01 05:15:52,793 - root - INFO - rank 6, data loader initialized
2022-08-01 05:15:52,794 - root - INFO - rank 4, begin data loader init
2022-08-01 05:15:52,794 - root - INFO - rank 4, data loader initialized
2022-08-01 05:15:52,794 - root - INFO - rank 7, begin data loader init
2022-08-01 05:15:52,795 - root - INFO - rank 7, data loader initialized
2022-08-01 05:15:52,795 - root - INFO - rank 5, begin data loader init
2022-08-01 05:15:52,796 - root - INFO - rank 5, data loader initialized
2022-08-01 05:15:52,795 - root - INFO - ------------------ Configuration ------------------
2022-08-01 05:15:52,796 - root - INFO - Configuration file: /global/u1/c/cjacobus/Nyx-TSIT/config/tsit.yaml
2022-08-01 05:15:52,796 - root - INFO - Configuration name: tightvalid_up5_tanh_L1_spec
2022-08-01 05:15:52,796 - root - INFO - Nsamples 8192
2022-08-01 05:15:52,796 - root - INFO - Nsamples_val 512
2022-08-01 05:15:52,796 - root - INFO - niter 200
2022-08-01 05:15:52,796 - root - INFO - niter_decay 150
2022-08-01 05:15:52,796 - root - INFO - use_spec_loss False
2022-08-01 05:15:52,796 - root - INFO - lambda_spec 100.0
2022-08-01 05:15:52,796 - root - INFO - use_l1_loss True
2022-08-01 05:15:52,796 - root - INFO - lambda_l1 300.0
2022-08-01 05:15:52,796 - root - INFO - data_size 128
2022-08-01 05:15:52,796 - root - INFO - train_path /pscratch/sd/c/cjacobus/Nyx_512/train_s1_512_invar3_fullnorm_hydro.h5
2022-08-01 05:15:52,796 - root - INFO - val_path /pscratch/sd/c/cjacobus/Nyx_512/valid_s2_512_invar3_fullnorm_hydro.h5
2022-08-01 05:15:52,796 - root - INFO - num_upsampling_blocks 5
2022-08-01 05:15:52,796 - root - INFO - tanh False
2022-08-01 05:15:52,796 - root - INFO - num_data_workers 16
2022-08-01 05:15:52,796 - root - INFO - in_channels [0, 1, 2, 3, 17, 18, 19]
2022-08-01 05:15:52,796 - root - INFO - out_channels [0]
2022-08-01 05:15:52,796 - root - INFO - min_path /pscratch/sd/s/shas1693/data/era5/mins.npy
2022-08-01 05:15:52,796 - root - INFO - max_path /pscratch/sd/s/shas1693/data/era5/maxs.npy
2022-08-01 05:15:52,796 - root - INFO - time_means_path /pscratch/sd/s/shas1693/data/era5/time_means.npy
2022-08-01 05:15:52,796 - root - INFO - global_means_path /pscratch/sd/s/shas1693/data/era5/global_means.npy
2022-08-01 05:15:52,796 - root - INFO - global_stds_path /pscratch/sd/s/shas1693/data/era5/global_stds.npy
2022-08-01 05:15:52,796 - root - INFO - precip /pscratch/sd/p/pharring/ERA5/precip/total_precipitation
2022-08-01 05:15:52,796 - root - INFO - precip_eps 1e-05
2022-08-01 05:15:52,796 - root - INFO - dt 1
2022-08-01 05:15:52,796 - root - INFO - n_history 0
2022-08-01 05:15:52,796 - root - INFO - crop_size_x None
2022-08-01 05:15:52,796 - root - INFO - crop_size_y None
2022-08-01 05:15:52,796 - root - INFO - roll False
2022-08-01 05:15:52,796 - root - INFO - conttime False
2022-08-01 05:15:52,796 - root - INFO - normalization zscore
2022-08-01 05:15:52,796 - root - INFO - add_grid False
2022-08-01 05:15:52,796 - root - INFO - model pix2pix
2022-08-01 05:15:52,796 - root - INFO - norm_G spectralfadebatch3x3
2022-08-01 05:15:52,796 - root - INFO - norm_D spectralinstance
2022-08-01 05:15:52,796 - root - INFO - norm_S spectralinstance
2022-08-01 05:15:52,796 - root - INFO - norm_E spectralinstance
2022-08-01 05:15:52,796 - root - INFO - batch_size 16
2022-08-01 05:15:52,796 - root - INFO - img_size [512, 512, 512]
2022-08-01 05:15:52,796 - root - INFO - box_size [512, 512, 512]
2022-08-01 05:15:52,796 - root - INFO - input_nc 5
2022-08-01 05:15:52,796 - root - INFO - output_nc 5
2022-08-01 05:15:52,796 - root - INFO - netG tsit
2022-08-01 05:15:52,796 - root - INFO - ngf 64
2022-08-01 05:15:52,796 - root - INFO - init_type xavier
2022-08-01 05:15:52,796 - root - INFO - init_variance 0.02
2022-08-01 05:15:52,796 - root - INFO - z_dim 256
2022-08-01 05:15:52,796 - root - INFO - alpha 1.0
2022-08-01 05:15:52,796 - root - INFO - no_ss True
2022-08-01 05:15:52,796 - root - INFO - downsamp True
2022-08-01 05:15:52,796 - root - INFO - use_periodic_padding True
2022-08-01 05:15:52,796 - root - INFO - rank 3, begin data loader init
2022-08-01 05:15:52,796 - root - INFO - additive_noise False
2022-08-01 05:15:52,796 - root - INFO - rank 2, begin data loader init
2022-08-01 05:15:52,796 - root - INFO - rank 1, begin data loader init
2022-08-01 05:15:52,796 - root - INFO - nef 16
2022-08-01 05:15:52,796 - root - INFO - use_vae False
2022-08-01 05:15:52,796 - root - INFO - optimizer adam
2022-08-01 05:15:52,796 - root - INFO - beta1 0.5
2022-08-01 05:15:52,796 - root - INFO - beta2 0.999
2022-08-01 05:15:52,796 - root - INFO - lr 0.0002
2022-08-01 05:15:52,797 - root - INFO - D_steps_per_G 1
2022-08-01 05:15:52,797 - root - INFO - ndf 64
2022-08-01 05:15:52,797 - root - INFO - lambda_feat 0.5
2022-08-01 05:15:52,797 - root - INFO - no_ganFeat_loss False
2022-08-01 05:15:52,797 - root - INFO - gan_mode hinge
2022-08-01 05:15:52,797 - root - INFO - netD multiscale
2022-08-01 05:15:52,797 - root - INFO - rank 2, data loader initialized
2022-08-01 05:15:52,797 - root - INFO - rank 1, data loader initialized
2022-08-01 05:15:52,797 - root - INFO - num_D 2
2022-08-01 05:15:52,797 - root - INFO - rank 3, data loader initialized
2022-08-01 05:15:52,797 - root - INFO - n_layers_D 4
2022-08-01 05:15:52,797 - root - INFO - no_TTUR True
2022-08-01 05:15:52,797 - root - INFO - lambda_kld 0.05
2022-08-01 05:15:52,797 - root - INFO - cat_inp False
2022-08-01 05:15:52,797 - root - INFO - entity weatherbenching
2022-08-01 05:15:52,797 - root - INFO - project Nyx-TSIT
2022-08-01 05:15:52,797 - root - INFO - rank 15, begin data loader init
2022-08-01 05:15:52,797 - root - INFO - log_to_wandb True
2022-08-01 05:15:52,797 - root - INFO - log_to_screen True
2022-08-01 05:15:52,797 - root - INFO - save_checkpoint True
2022-08-01 05:15:52,797 - root - INFO - weight_init ordereddict([('conv_init', 'normal'), ('conv_scale', 0.02), ('conv_bias', 0.0)])
2022-08-01 05:15:52,797 - root - INFO - lambda_rho 0
2022-08-01 05:15:52,797 - root - INFO - rank 12, begin data loader init
2022-08-01 05:15:52,797 - root - INFO - full_scale True
2022-08-01 05:15:52,797 - root - INFO - global_batch_size 64
2022-08-01 05:15:52,797 - root - INFO - base_batch_size 64
2022-08-01 05:15:52,797 - root - INFO - num_epochs 60
2022-08-01 05:15:52,797 - root - INFO - enable_amp False
2022-08-01 05:15:52,797 - root - INFO - enable_apex False
2022-08-01 05:15:52,797 - root - INFO - enable_benchy False
2022-08-01 05:15:52,797 - root - INFO - enable_jit False
2022-08-01 05:15:52,797 - root - INFO - rank 15, data loader initialized
2022-08-01 05:15:52,797 - root - INFO - expdir /pscratch/sd/c/cjacobus/Nyx_TSIT_train
2022-08-01 05:15:52,797 - root - INFO - lr_schedule ordereddict([('scaling', 'sqrt'), ('start_lr', 0.0002), ('end_lr', 0.0), ('warmup_steps', 128)])
2022-08-01 05:15:52,797 - root - INFO - data_loader_config lowmem
2022-08-01 05:15:52,797 - root - INFO - N_out_channels 5
2022-08-01 05:15:52,797 - root - INFO - N_in_channels 5
2022-08-01 05:15:52,797 - root - INFO - rank 12, data loader initialized
2022-08-01 05:15:52,797 - root - INFO - use_cache None
2022-08-01 05:15:52,797 - root - INFO - ---------------------------------------------------
log_to_wandb -------------------------------------------------------------------
2022-08-01 05:15:52,797 - root - INFO - rank 13, begin data loader init
dir exists: /pscratch/sd/c/cjacobus/tsit/expts/tightvalid_up5_tanh_L1_spec/checkpoints/
2022-08-01 05:15:52,797 - root - INFO - rank 13, data loader initialized
2022-08-01 05:15:52,797 - root - INFO - rank 14, begin data loader init
2022-08-01 05:15:52,798 - root - INFO - rank 14, data loader initialized
2022-08-01 05:15:52,798 - root - INFO - rank 9, begin data loader init
2022-08-01 05:15:52,798 - root - INFO - rank 10, begin data loader init
2022-08-01 05:15:52,798 - root - INFO - rank 8, begin data loader init
2022-08-01 05:15:52,798 - root - INFO - rank 11, begin data loader init
2022-08-01 05:15:52,798 - root - INFO - rank 9, data loader initialized
2022-08-01 05:15:52,798 - root - INFO - rank 10, data loader initialized
2022-08-01 05:15:52,798 - root - INFO - rank 8, data loader initialized
2022-08-01 05:15:52,798 - root - INFO - rank 11, data loader initialized
wandb: Currently logged in as: cjacobus (use `wandb login --relogin` to force relogin)
wandb: wandb version 0.12.21 is available!  To upgrade, please run:
wandb:  $ pip install wandb --upgrade
wandb: Tracking run with wandb version 0.12.13
wandb: Run data is saved locally in /pscratch/sd/c/cjacobus/tsit/expts/tightvalid_up5_tanh_L1_spec/wandb/run-20220801_051553-4t34bl94
wandb: Run `wandb offline` to turn off syncing.
wandb: Resuming run tightvalid_up5_tanh_L1_spec
wandb: ⭐️ View project at https://wandb.ai/weatherbenching/Nyx-TSIT
wandb: 🚀 View run at https://wandb.ai/weatherbenching/Nyx-TSIT/runs/4t34bl94
checking dir: /pscratch/sd/c/cjacobus/tsit/expts/tightvalid_up5_tanh_L1_spec/checkpoints/
dir exists: /pscratch/sd/c/cjacobus/tsit/expts/tightvalid_up5_tanh_L1_spec/checkpoints/
2022-08-01 05:15:54,140 - root - INFO - rank 0, begin data loader init
2022-08-01 05:15:54,140 - root - INFO - rank 0, data loader initialized
Network [TSITGenerator] was created. Total number of parameters: 991.3 million. To see the architecture, do print(network).
Network [TSITGenerator] was created. Total number of parameters: 991.3 million. To see the architecture, do print(network).
Network [TSITGenerator] was created. Total number of parameters: 991.3 million. To see the architecture, do print(network).
Network [TSITGenerator] was created. Total number of parameters: 991.3 million. To see the architecture, do print(network).
Network [TSITGenerator] was created. Total number of parameters: 991.3 million. To see the architecture, do print(network).
Network [TSITGenerator] was created. Total number of parameters: 991.3 million. To see the architecture, do print(network).
Network [TSITGenerator] was created. Total number of parameters: 991.3 million. To see the architecture, do print(network).
Network [TSITGenerator] was created. Total number of parameters: 991.3 million. To see the architecture, do print(network).
Network [TSITGenerator] was created. Total number of parameters: 991.3 million. To see the architecture, do print(network).
Network [TSITGenerator] was created. Total number of parameters: 991.3 million. To see the architecture, do print(network).
Network [TSITGenerator] was created. Total number of parameters: 991.3 million. To see the architecture, do print(network).
Network [TSITGenerator] was created. Total number of parameters: 991.3 million. To see the architecture, do print(network).
Network [TSITGenerator] was created. Total number of parameters: 991.3 million. To see the architecture, do print(network).
Network [TSITGenerator] was created. Total number of parameters: 991.3 million. To see the architecture, do print(network).
Network [TSITGenerator] was created. Total number of parameters: 991.3 million. To see the architecture, do print(network).
Network [TSITGenerator] was created. Total number of parameters: 991.3 million. To see the architecture, do print(network).
Network [MultiscaleDiscriminator] was created. Total number of parameters: 22.1 million. To see the architecture, do print(network).
Network [MultiscaleDiscriminator] was created. Total number of parameters: 22.1 million. To see the architecture, do print(network).
Network [MultiscaleDiscriminator] was created. Total number of parameters: 22.1 million. To see the architecture, do print(network).
Network [MultiscaleDiscriminator] was created. Total number of parameters: 22.1 million. To see the architecture, do print(network).
Network [MultiscaleDiscriminator] was created. Total number of parameters: 22.1 million. To see the architecture, do print(network).
Network [MultiscaleDiscriminator] was created. Total number of parameters: 22.1 million. To see the architecture, do print(network).
Network [MultiscaleDiscriminator] was created. Total number of parameters: 22.1 million. To see the architecture, do print(network).
Network [MultiscaleDiscriminator] was created. Total number of parameters: 22.1 million. To see the architecture, do print(network).
Network [MultiscaleDiscriminator] was created. Total number of parameters: 22.1 million. To see the architecture, do print(network).
Network [MultiscaleDiscriminator] was created. Total number of parameters: 22.1 million. To see the architecture, do print(network).
Network [MultiscaleDiscriminator] was created. Total number of parameters: 22.1 million. To see the architecture, do print(network).
Network [MultiscaleDiscriminator] was created. Total number of parameters: 22.1 million. To see the architecture, do print(network).
Network [MultiscaleDiscriminator] was created. Total number of parameters: 22.1 million. To see the architecture, do print(network).
Network [MultiscaleDiscriminator] was created. Total number of parameters: 22.1 million. To see the architecture, do print(network).
Network [MultiscaleDiscriminator] was created. Total number of parameters: 22.1 million. To see the architecture, do print(network).
Network [MultiscaleDiscriminator] was created. Total number of parameters: 22.1 million. To see the architecture, do print(network).
2022-08-01 05:16:14,846 - root - INFO - Loading checkpoint /pscratch/sd/c/cjacobus/tsit/expts/tightvalid_up5_tanh_L1_spec/checkpoints/ckpt.tar
2022-08-01 05:16:14,846 - root - INFO - Loading checkpoint /pscratch/sd/c/cjacobus/tsit/expts/tightvalid_up5_tanh_L1_spec/checkpoints/ckpt.tar
2022-08-01 05:16:14,847 - root - INFO - Loading checkpoint /pscratch/sd/c/cjacobus/tsit/expts/tightvalid_up5_tanh_L1_spec/checkpoints/ckpt.tar
2022-08-01 05:16:14,848 - root - INFO - Loading checkpoint /pscratch/sd/c/cjacobus/tsit/expts/tightvalid_up5_tanh_L1_spec/checkpoints/ckpt.tar
2022-08-01 05:16:14,848 - root - INFO - Loading checkpoint /pscratch/sd/c/cjacobus/tsit/expts/tightvalid_up5_tanh_L1_spec/checkpoints/ckpt.tar
2022-08-01 05:16:14,849 - root - INFO - Loading checkpoint /pscratch/sd/c/cjacobus/tsit/expts/tightvalid_up5_tanh_L1_spec/checkpoints/ckpt.tar
2022-08-01 05:16:14,850 - root - INFO - Loading checkpoint /pscratch/sd/c/cjacobus/tsit/expts/tightvalid_up5_tanh_L1_spec/checkpoints/ckpt.tar
2022-08-01 05:16:14,851 - root - INFO - Loading checkpoint /pscratch/sd/c/cjacobus/tsit/expts/tightvalid_up5_tanh_L1_spec/checkpoints/ckpt.tar
2022-08-01 05:16:14,851 - root - INFO - Loading checkpoint /pscratch/sd/c/cjacobus/tsit/expts/tightvalid_up5_tanh_L1_spec/checkpoints/ckpt.tar
2022-08-01 05:16:14,851 - root - INFO - Loading checkpoint /pscratch/sd/c/cjacobus/tsit/expts/tightvalid_up5_tanh_L1_spec/checkpoints/ckpt.tar
2022-08-01 05:16:14,851 - root - INFO - Loading checkpoint /pscratch/sd/c/cjacobus/tsit/expts/tightvalid_up5_tanh_L1_spec/checkpoints/ckpt.tar
2022-08-01 05:16:14,852 - root - INFO - Loading checkpoint /pscratch/sd/c/cjacobus/tsit/expts/tightvalid_up5_tanh_L1_spec/checkpoints/ckpt.tar
2022-08-01 05:16:14,853 - root - INFO - Loading checkpoint /pscratch/sd/c/cjacobus/tsit/expts/tightvalid_up5_tanh_L1_spec/checkpoints/ckpt.tar
2022-08-01 05:16:14,853 - root - INFO - Loading checkpoint /pscratch/sd/c/cjacobus/tsit/expts/tightvalid_up5_tanh_L1_spec/checkpoints/ckpt.tar
2022-08-01 05:16:14,853 - root - INFO - Loading checkpoint /pscratch/sd/c/cjacobus/tsit/expts/tightvalid_up5_tanh_L1_spec/checkpoints/ckpt.tar
2022-08-01 05:16:14,854 - root - INFO - Loading checkpoint /pscratch/sd/c/cjacobus/tsit/expts/tightvalid_up5_tanh_L1_spec/checkpoints/ckpt.tar
2022-08-01 05:16:21,122 - root - INFO - Starting Training Loop...
[W reducer.cpp:1282] Warning: find_unused_parameters=True was specified in DDP constructor, but did not find any unused parameters in the forward pass. This flag results in an extra traversal of the autograd graph every iteration,  which can adversely affect performance. If your model indeed never has any unused parameters in the forward pass, consider turning this flag off. Note that this warning may be a false positive if your model has flow control causing later iterations to have unused parameters. (function operator())
[W reducer.cpp:1282] Warning: find_unused_parameters=True was specified in DDP constructor, but did not find any unused parameters in the forward pass. This flag results in an extra traversal of the autograd graph every iteration,  which can adversely affect performance. If your model indeed never has any unused parameters in the forward pass, consider turning this flag off. Note that this warning may be a false positive if your model has flow control causing later iterations to have unused parameters. (function operator())
[W reducer.cpp:1282] Warning: find_unused_parameters=True was specified in DDP constructor, but did not find any unused parameters in the forward pass. This flag results in an extra traversal of the autograd graph every iteration,  which can adversely affect performance. If your model indeed never has any unused parameters in the forward pass, consider turning this flag off. Note that this warning may be a false positive if your model has flow control causing later iterations to have unused parameters. (function operator())
[W reducer.cpp:1282] Warning: find_unused_parameters=True was specified in DDP constructor, but did not find any unused parameters in the forward pass. This flag results in an extra traversal of the autograd graph every iteration,  which can adversely affect performance. If your model indeed never has any unused parameters in the forward pass, consider turning this flag off. Note that this warning may be a false positive if your model has flow control causing later iterations to have unused parameters. (function operator())
[W reducer.cpp:1282] Warning: find_unused_parameters=True was specified in DDP constructor, but did not find any unused parameters in the forward pass. This flag results in an extra traversal of the autograd graph every iteration,  which can adversely affect performance. If your model indeed never has any unused parameters in the forward pass, consider turning this flag off. Note that this warning may be a false positive if your model has flow control causing later iterations to have unused parameters. (function operator())
[W reducer.cpp:1282] Warning: find_unused_parameters=True was specified in DDP constructor, but did not find any unused parameters in the forward pass. This flag results in an extra traversal of the autograd graph every iteration,  which can adversely affect performance. If your model indeed never has any unused parameters in the forward pass, consider turning this flag off. Note that this warning may be a false positive if your model has flow control causing later iterations to have unused parameters. (function operator())
[W reducer.cpp:1282] Warning: find_unused_parameters=True was specified in DDP constructor, but did not find any unused parameters in the forward pass. This flag results in an extra traversal of the autograd graph every iteration,  which can adversely affect performance. If your model indeed never has any unused parameters in the forward pass, consider turning this flag off. Note that this warning may be a false positive if your model has flow control causing later iterations to have unused parameters. (function operator())
[W reducer.cpp:1282] Warning: find_unused_parameters=True was specified in DDP constructor, but did not find any unused parameters in the forward pass. This flag results in an extra traversal of the autograd graph every iteration,  which can adversely affect performance. If your model indeed never has any unused parameters in the forward pass, consider turning this flag off. Note that this warning may be a false positive if your model has flow control causing later iterations to have unused parameters. (function operator())
[W reducer.cpp:1282] Warning: find_unused_parameters=True was specified in DDP constructor, but did not find any unused parameters in the forward pass. This flag results in an extra traversal of the autograd graph every iteration,  which can adversely affect performance. If your model indeed never has any unused parameters in the forward pass, consider turning this flag off. Note that this warning may be a false positive if your model has flow control causing later iterations to have unused parameters. (function operator())
[W reducer.cpp:1282] Warning: find_unused_parameters=True was specified in DDP constructor, but did not find any unused parameters in the forward pass. This flag results in an extra traversal of the autograd graph every iteration,  which can adversely affect performance. If your model indeed never has any unused parameters in the forward pass, consider turning this flag off. Note that this warning may be a false positive if your model has flow control causing later iterations to have unused parameters. (function operator())
[W reducer.cpp:1282] Warning: find_unused_parameters=True was specified in DDP constructor, but did not find any unused parameters in the forward pass. This flag results in an extra traversal of the autograd graph every iteration,  which can adversely affect performance. If your model indeed never has any unused parameters in the forward pass, consider turning this flag off. Note that this warning may be a false positive if your model has flow control causing later iterations to have unused parameters. (function operator())
[W reducer.cpp:1282] Warning: find_unused_parameters=True was specified in DDP constructor, but did not find any unused parameters in the forward pass. This flag results in an extra traversal of the autograd graph every iteration,  which can adversely affect performance. If your model indeed never has any unused parameters in the forward pass, consider turning this flag off. Note that this warning may be a false positive if your model has flow control causing later iterations to have unused parameters. (function operator())
[W reducer.cpp:1282] Warning: find_unused_parameters=True was specified in DDP constructor, but did not find any unused parameters in the forward pass. This flag results in an extra traversal of the autograd graph every iteration,  which can adversely affect performance. If your model indeed never has any unused parameters in the forward pass, consider turning this flag off. Note that this warning may be a false positive if your model has flow control causing later iterations to have unused parameters. (function operator())
[W reducer.cpp:1282] Warning: find_unused_parameters=True was specified in DDP constructor, but did not find any unused parameters in the forward pass. This flag results in an extra traversal of the autograd graph every iteration,  which can adversely affect performance. If your model indeed never has any unused parameters in the forward pass, consider turning this flag off. Note that this warning may be a false positive if your model has flow control causing later iterations to have unused parameters. (function operator())
[W reducer.cpp:1282] Warning: find_unused_parameters=True was specified in DDP constructor, but did not find any unused parameters in the forward pass. This flag results in an extra traversal of the autograd graph every iteration,  which can adversely affect performance. If your model indeed never has any unused parameters in the forward pass, consider turning this flag off. Note that this warning may be a false positive if your model has flow control causing later iterations to have unused parameters. (function operator())
[W reducer.cpp:1282] Warning: find_unused_parameters=True was specified in DDP constructor, but did not find any unused parameters in the forward pass. This flag results in an extra traversal of the autograd graph every iteration,  which can adversely affect performance. If your model indeed never has any unused parameters in the forward pass, consider turning this flag off. Note that this warning may be a false positive if your model has flow control causing later iterations to have unused parameters. (function operator())
generator made step 0
discriminator made step 0
generator made step 16
discriminator made step 16
generator made step 32
discriminator made step 32
generator made step 48
discriminator made step 48
generator made step 64
discriminator made step 64
generator made step 80
discriminator made step 80
generator made step 96
discriminator made step 96
generator made step 112
discriminator made step 112
generator made step 128
discriminator made step 128
generator made step 144
discriminator made step 144
generator made step 160
discriminator made step 160
generator made step 176
discriminator made step 176
generator made step 192
discriminator made step 192
generator made step 208
discriminator made step 208
generator made step 224
discriminator made step 224
generator made step 240
discriminator made step 240
generator made step 256
discriminator made step 256
generator made step 272
discriminator made step 272
generator made step 288
discriminator made step 288
generator made step 304
discriminator made step 304
generator made step 320
discriminator made step 320
generator made step 336
discriminator made step 336
generator made step 352
discriminator made step 352
generator made step 368
discriminator made step 368
generator made step 384
discriminator made step 384
generator made step 400
discriminator made step 400
generator made step 416
discriminator made step 416
generator made step 432
discriminator made step 432
generator made step 448
discriminator made step 448
generator made step 464
discriminator made step 464
generator made step 480
discriminator made step 480
generator made step 496
discriminator made step 496
2022-08-01 05:24:02,803 - root - INFO - Total=461.680558, G=366.629439, D=89.150534, data=1.643064, next=4.257521
2022-08-01 05:24:09,857 - root - INFO - Total=7.052396, G=0.364409, data=3.233054, acc=0.516020, agg=0.133682, next=2.805232
saving checkpoint...
2022-08-01 05:24:21,600 - root - INFO - Time taken for epoch 22 is 480.4781379699707 sec
2022-08-01 05:24:21,600 - root - INFO - Train time = 461.6805579662323, Valid time = 7.052395820617676
2022-08-01 05:24:21,600 - root - INFO - G losses = {'GAN': 3.6825876235961914, 'GAN_Feat': 0.5626658797264099, 'L1': 21.964609146118164}
2022-08-01 05:24:21,600 - root - INFO - D losses = {'D_Fake': 0.0, 'D_real': 0.1103646457195282}
generator made step 0
discriminator made step 0
generator made step 16
discriminator made step 16
generator made step 32
discriminator made step 32
generator made step 48
discriminator made step 48
generator made step 64
discriminator made step 64
generator made step 80
discriminator made step 80
generator made step 96
discriminator made step 96
generator made step 112
discriminator made step 112
generator made step 128
discriminator made step 128
generator made step 144
discriminator made step 144
generator made step 160
discriminator made step 160
generator made step 176
discriminator made step 176
generator made step 192
discriminator made step 192
generator made step 208
discriminator made step 208
generator made step 224
discriminator made step 224
generator made step 240
discriminator made step 240
generator made step 256
discriminator made step 256
generator made step 272
discriminator made step 272
generator made step 288
discriminator made step 288
generator made step 304
discriminator made step 304
generator made step 320
discriminator made step 320
generator made step 336
discriminator made step 336
generator made step 352
discriminator made step 352
generator made step 368
discriminator made step 368
generator made step 384
discriminator made step 384
generator made step 400
discriminator made step 400
generator made step 416
discriminator made step 416
generator made step 432
discriminator made step 432
generator made step 448
discriminator made step 448
generator made step 464
discriminator made step 464
generator made step 480
discriminator made step 480
generator made step 496
discriminator made step 496
2022-08-01 05:31:37,100 - root - INFO - Total=435.498661, G=342.772213, D=89.118618, data=1.628541, next=1.979288
2022-08-01 05:31:42,969 - root - INFO - Total=5.867388, G=0.405123, data=3.361762, acc=0.005936, agg=0.148125, next=1.946441
saving checkpoint...
2022-08-01 05:31:53,528 - root - INFO - Time taken for epoch 23 is 451.9271047115326 sec
2022-08-01 05:31:53,528 - root - INFO - Train time = 435.4986605644226, Valid time = 5.867387533187866
2022-08-01 05:31:53,528 - root - INFO - G losses = {'GAN': 1.5411961078643799, 'GAN_Feat': 0.5245486497879028, 'L1': 21.645219802856445}
2022-08-01 05:31:53,528 - root - INFO - D losses = {'D_Fake': 0.0, 'D_real': 0.0}
generator made step 0
discriminator made step 0
generator made step 16
discriminator made step 16
generator made step 32
discriminator made step 32
generator made step 48
discriminator made step 48
generator made step 64
discriminator made step 64
generator made step 80
discriminator made step 80
generator made step 96
discriminator made step 96
generator made step 112
discriminator made step 112
generator made step 128
discriminator made step 128
generator made step 144
discriminator made step 144
generator made step 160
discriminator made step 160
generator made step 176
discriminator made step 176
generator made step 192
discriminator made step 192
generator made step 208
discriminator made step 208
generator made step 224
discriminator made step 224
generator made step 240
discriminator made step 240
generator made step 256
discriminator made step 256
generator made step 272
discriminator made step 272
generator made step 288
discriminator made step 288
generator made step 304
discriminator made step 304
generator made step 320
discriminator made step 320
generator made step 336
discriminator made step 336
generator made step 352
discriminator made step 352
generator made step 368
discriminator made step 368
generator made step 384
discriminator made step 384
generator made step 400
discriminator made step 400
generator made step 416
discriminator made step 416
generator made step 432
discriminator made step 432
generator made step 448
discriminator made step 448
generator made step 464
discriminator made step 464
generator made step 480
discriminator made step 480
generator made step 496
discriminator made step 496
2022-08-01 05:39:09,027 - root - INFO - Total=435.498207, G=342.763909, D=89.010479, data=1.629403, next=2.094417
2022-08-01 05:39:14,364 - root - INFO - Total=5.336611, G=0.402803, data=3.211865, acc=0.005801, agg=0.129857, next=1.586285
saving checkpoint...
2022-08-01 05:39:24,947 - root - INFO - Time taken for epoch 24 is 451.4194643497467 sec
2022-08-01 05:39:24,948 - root - INFO - Train time = 435.49820709228516, Valid time = 5.336611032485962
2022-08-01 05:39:24,948 - root - INFO - G losses = {'GAN': 2.7405035495758057, 'GAN_Feat': 0.5272243022918701, 'L1': 20.192127227783203}
2022-08-01 05:39:24,948 - root - INFO - D losses = {'D_Fake': 0.0, 'D_real': 0.09469643235206604}
generator made step 0
discriminator made step 0
generator made step 16
discriminator made step 16
generator made step 32
discriminator made step 32
generator made step 48
discriminator made step 48
generator made step 64
discriminator made step 64
generator made step 80
discriminator made step 80
generator made step 96
discriminator made step 96
generator made step 112
discriminator made step 112
generator made step 128
discriminator made step 128
generator made step 144
discriminator made step 144
generator made step 160
discriminator made step 160
generator made step 176
discriminator made step 176
generator made step 192
discriminator made step 192
generator made step 208
discriminator made step 208
generator made step 224
discriminator made step 224
generator made step 240
discriminator made step 240
generator made step 256
discriminator made step 256
generator made step 272
discriminator made step 272
generator made step 288
discriminator made step 288
generator made step 304
discriminator made step 304
generator made step 320
discriminator made step 320
generator made step 336
discriminator made step 336
generator made step 352
discriminator made step 352
generator made step 368
discriminator made step 368
generator made step 384
discriminator made step 384
generator made step 400
discriminator made step 400
generator made step 416
discriminator made step 416
generator made step 432
discriminator made step 432
generator made step 448
discriminator made step 448
generator made step 464
discriminator made step 464
generator made step 480
discriminator made step 480
generator made step 496
discriminator made step 496
2022-08-01 05:46:39,982 - root - INFO - Total=435.033250, G=342.855165, D=89.110050, data=1.629410, next=1.438625
2022-08-01 05:46:45,707 - root - INFO - Total=5.723630, G=0.378563, data=3.371354, acc=0.005693, agg=0.130293, next=1.837727
saving checkpoint...
2022-08-01 05:46:56,356 - root - INFO - Time taken for epoch 25 is 451.40866923332214 sec
2022-08-01 05:46:56,357 - root - INFO - Train time = 435.03325033187866, Valid time = 5.723630428314209
2022-08-01 05:46:56,357 - root - INFO - G losses = {'GAN': 7.847525119781494, 'GAN_Feat': 0.6933333873748779, 'L1': 49.13511276245117}
2022-08-01 05:46:56,357 - root - INFO - D losses = {'D_Fake': 0.0, 'D_real': 0.0}
generator made step 0
discriminator made step 0
generator made step 16
discriminator made step 16
generator made step 32
discriminator made step 32
generator made step 48
discriminator made step 48
generator made step 64
discriminator made step 64
generator made step 80
discriminator made step 80
generator made step 96
discriminator made step 96
generator made step 112
discriminator made step 112
generator made step 128
discriminator made step 128
generator made step 144
discriminator made step 144
generator made step 160
discriminator made step 160
generator made step 176
discriminator made step 176
generator made step 192
discriminator made step 192
generator made step 208
discriminator made step 208
generator made step 224
discriminator made step 224
generator made step 240
discriminator made step 240
generator made step 256
discriminator made step 256
generator made step 272
discriminator made step 272
generator made step 288
discriminator made step 288
generator made step 304
discriminator made step 304
generator made step 320
discriminator made step 320
generator made step 336
discriminator made step 336
generator made step 352
discriminator made step 352
generator made step 368
discriminator made step 368
generator made step 384
discriminator made step 384
generator made step 400
discriminator made step 400
generator made step 416
discriminator made step 416
generator made step 432
discriminator made step 432
generator made step 448
discriminator made step 448
generator made step 464
discriminator made step 464
generator made step 480
discriminator made step 480
generator made step 496
discriminator made step 496
2022-08-01 05:54:12,052 - root - INFO - Total=435.694847, G=342.772157, D=89.085290, data=1.629624, next=2.207776
2022-08-01 05:54:17,845 - root - INFO - Total=5.791563, G=0.487768, data=3.224725, acc=0.015193, agg=0.137681, next=1.926196
saving checkpoint...
SAVED NEW CHECKPOINT ##############################################
2022-08-01 05:54:37,251 - root - INFO - Time taken for epoch 26 is 460.8941490650177 sec
2022-08-01 05:54:37,251 - root - INFO - Train time = 435.694846868515, Valid time = 5.791562795639038
2022-08-01 05:54:37,251 - root - INFO - G losses = {'GAN': 3.0258774757385254, 'GAN_Feat': 0.5416845083236694, 'L1': 20.76915740966797}
2022-08-01 05:54:37,251 - root - INFO - D losses = {'D_Fake': 0.005899111740291119, 'D_real': 0.22853872179985046}
generator made step 0
discriminator made step 0
generator made step 16
discriminator made step 16
generator made step 32
discriminator made step 32
generator made step 48
discriminator made step 48
generator made step 64
discriminator made step 64
generator made step 80
discriminator made step 80
generator made step 96
discriminator made step 96
generator made step 112
discriminator made step 112
generator made step 128
discriminator made step 128
generator made step 144
discriminator made step 144
generator made step 160
discriminator made step 160
generator made step 176
discriminator made step 176
generator made step 192
discriminator made step 192
generator made step 208
discriminator made step 208
generator made step 224
discriminator made step 224
generator made step 240
discriminator made step 240
generator made step 256
discriminator made step 256
generator made step 272
discriminator made step 272
generator made step 288
discriminator made step 288
generator made step 304
discriminator made step 304
generator made step 320
discriminator made step 320
generator made step 336
discriminator made step 336
generator made step 352
discriminator made step 352
generator made step 368
discriminator made step 368
generator made step 384
discriminator made step 384
generator made step 400
discriminator made step 400
generator made step 416
discriminator made step 416
generator made step 432
discriminator made step 432
generator made step 448
discriminator made step 448
generator made step 464
discriminator made step 464
generator made step 480
discriminator made step 480
generator made step 496
discriminator made step 496
2022-08-01 06:01:52,140 - root - INFO - Total=434.888116, G=342.883996, D=89.017960, data=1.632664, next=1.353496
2022-08-01 06:01:57,833 - root - INFO - Total=5.691997, G=0.469488, data=3.215800, acc=0.006567, agg=0.145720, next=1.854422
saving checkpoint...
2022-08-01 06:02:08,437 - root - INFO - Time taken for epoch 27 is 451.1863613128662 sec
2022-08-01 06:02:08,437 - root - INFO - Train time = 434.88811588287354, Valid time = 5.691997051239014
2022-08-01 06:02:08,438 - root - INFO - G losses = {'GAN': 5.487262725830078, 'GAN_Feat': 0.5259296298027039, 'L1': 22.908172607421875}
2022-08-01 06:02:08,438 - root - INFO - D losses = {'D_Fake': 6.0270551330177113e-05, 'D_real': 0.10517957806587219}
generator made step 0
discriminator made step 0
generator made step 16
discriminator made step 16
generator made step 32
discriminator made step 32
generator made step 48
discriminator made step 48
generator made step 64
discriminator made step 64
generator made step 80
discriminator made step 80
generator made step 96
discriminator made step 96
generator made step 112
discriminator made step 112
generator made step 128
discriminator made step 128
generator made step 144
discriminator made step 144
generator made step 160
discriminator made step 160
generator made step 176
discriminator made step 176
generator made step 192
discriminator made step 192
generator made step 208
discriminator made step 208
generator made step 224
discriminator made step 224
generator made step 240
discriminator made step 240
generator made step 256
discriminator made step 256
generator made step 272
discriminator made step 272
generator made step 288
discriminator made step 288
generator made step 304
discriminator made step 304
generator made step 320
discriminator made step 320
generator made step 336
discriminator made step 336
generator made step 352
discriminator made step 352
generator made step 368
discriminator made step 368
generator made step 384
discriminator made step 384
generator made step 400
discriminator made step 400
generator made step 416
discriminator made step 416
generator made step 432
discriminator made step 432
generator made step 448
discriminator made step 448
generator made step 464
discriminator made step 464
generator made step 480
discriminator made step 480
generator made step 496
discriminator made step 496
2022-08-01 06:09:23,965 - root - INFO - Total=435.525999, G=342.692857, D=89.054906, data=1.628883, next=2.149354
2022-08-01 06:09:29,882 - root - INFO - Total=5.916737, G=0.405420, data=3.348113, acc=0.005622, agg=0.139012, next=2.018569
saving checkpoint...
2022-08-01 06:09:40,432 - root - INFO - Time taken for epoch 28 is 451.99446630477905 sec
2022-08-01 06:09:40,432 - root - INFO - Train time = 435.52599906921387, Valid time = 5.91673731803894
2022-08-01 06:09:40,432 - root - INFO - G losses = {'GAN': 1.811698317527771, 'GAN_Feat': 0.5174539089202881, 'L1': 23.945587158203125}
2022-08-01 06:09:40,432 - root - INFO - D losses = {'D_Fake': 0.0005848805885761976, 'D_real': 5.091340790386312e-05}
generator made step 0
discriminator made step 0
generator made step 16
discriminator made step 16
generator made step 32
discriminator made step 32
generator made step 48
discriminator made step 48
generator made step 64
discriminator made step 64
generator made step 80
discriminator made step 80
generator made step 96
discriminator made step 96
generator made step 112
discriminator made step 112
generator made step 128
discriminator made step 128
generator made step 144
discriminator made step 144
generator made step 160
discriminator made step 160
generator made step 176
discriminator made step 176
generator made step 192
discriminator made step 192
generator made step 208
discriminator made step 208
generator made step 224
discriminator made step 224
generator made step 240
discriminator made step 240
generator made step 256
discriminator made step 256
generator made step 272
discriminator made step 272
generator made step 288
discriminator made step 288
generator made step 304
discriminator made step 304
generator made step 320
discriminator made step 320
generator made step 336
discriminator made step 336
generator made step 352
discriminator made step 352
generator made step 368
discriminator made step 368
generator made step 384
discriminator made step 384
generator made step 400
discriminator made step 400
generator made step 416
discriminator made step 416
srun: Job step aborted: Waiting up to 32 seconds for job step to finish.
slurmstepd: error: *** STEP 2859603.0 ON nid002184 CANCELLED AT 2022-08-01T06:15:39 DUE TO TIME LIMIT ***
slurmstepd: error: *** JOB 2859603 ON nid002184 CANCELLED AT 2022-08-01T06:15:39 DUE TO TIME LIMIT ***
