+ srun -u shifter -V /pscratch/sd/c/cjacobus/ML_Hydro_train/logs:/logs --image=nersc/pytorch:ngc-22.03-v0 --env PYTHONUSERBASE=/global/homes/c/cjacobus/.local/perlmutter/nersc-pytorch-ngc-22.03-v0 bash -c '
    source export_DDP_vars.sh
    python train.py --root_dir=/pscratch/sd/c/cjacobus/tsit --config=full_long
    '
2022-07-23 19:14:27,818 - torch.distributed.distributed_c10d - INFO - Added key: store_based_barrier_key:1 to store for rank: 1
2022-07-23 19:14:27,821 - torch.distributed.distributed_c10d - INFO - Added key: store_based_barrier_key:1 to store for rank: 3
2022-07-23 19:14:27,822 - torch.distributed.distributed_c10d - INFO - Added key: store_based_barrier_key:1 to store for rank: 2
2022-07-23 19:14:28,444 - torch.distributed.distributed_c10d - INFO - Added key: store_based_barrier_key:1 to store for rank: 15
2022-07-23 19:14:28,446 - torch.distributed.distributed_c10d - INFO - Added key: store_based_barrier_key:1 to store for rank: 12
2022-07-23 19:14:28,448 - torch.distributed.distributed_c10d - INFO - Added key: store_based_barrier_key:1 to store for rank: 14
2022-07-23 19:14:28,449 - torch.distributed.distributed_c10d - INFO - Added key: store_based_barrier_key:1 to store for rank: 13
2022-07-23 19:14:28,499 - torch.distributed.distributed_c10d - INFO - Added key: store_based_barrier_key:1 to store for rank: 7
2022-07-23 19:14:28,505 - torch.distributed.distributed_c10d - INFO - Added key: store_based_barrier_key:1 to store for rank: 6
2022-07-23 19:14:28,506 - torch.distributed.distributed_c10d - INFO - Added key: store_based_barrier_key:1 to store for rank: 4
2022-07-23 19:14:28,506 - torch.distributed.distributed_c10d - INFO - Added key: store_based_barrier_key:1 to store for rank: 5
2022-07-23 19:14:28,540 - torch.distributed.distributed_c10d - INFO - Added key: store_based_barrier_key:1 to store for rank: 0
2022-07-23 19:14:28,733 - torch.distributed.distributed_c10d - INFO - Added key: store_based_barrier_key:1 to store for rank: 11
2022-07-23 19:14:28,738 - torch.distributed.distributed_c10d - INFO - Added key: store_based_barrier_key:1 to store for rank: 8
2022-07-23 19:14:28,740 - torch.distributed.distributed_c10d - INFO - Added key: store_based_barrier_key:1 to store for rank: 9
2022-07-23 19:14:28,741 - torch.distributed.distributed_c10d - INFO - Added key: store_based_barrier_key:1 to store for rank: 10
2022-07-23 19:14:28,741 - torch.distributed.distributed_c10d - INFO - Rank 10: Completed store-based barrier for key:store_based_barrier_key:1 with 16 nodes.
2022-07-23 19:14:28,741 - torch.distributed.distributed_c10d - INFO - Rank 6: Completed store-based barrier for key:store_based_barrier_key:1 with 16 nodes.
2022-07-23 19:14:28,742 - torch.distributed.distributed_c10d - INFO - Rank 5: Completed store-based barrier for key:store_based_barrier_key:1 with 16 nodes.
2022-07-23 19:14:28,742 - torch.distributed.distributed_c10d - INFO - Rank 0: Completed store-based barrier for key:store_based_barrier_key:1 with 16 nodes.
2022-07-23 19:14:28,742 - torch.distributed.distributed_c10d - INFO - Rank 1: Completed store-based barrier for key:store_based_barrier_key:1 with 16 nodes.
2022-07-23 19:14:28,744 - torch.distributed.distributed_c10d - INFO - Rank 12: Completed store-based barrier for key:store_based_barrier_key:1 with 16 nodes.
2022-07-23 19:14:28,744 - torch.distributed.distributed_c10d - INFO - Rank 14: Completed store-based barrier for key:store_based_barrier_key:1 with 16 nodes.
2022-07-23 19:14:28,744 - torch.distributed.distributed_c10d - INFO - Rank 11: Completed store-based barrier for key:store_based_barrier_key:1 with 16 nodes.
2022-07-23 19:14:28,744 - torch.distributed.distributed_c10d - INFO - Rank 7: Completed store-based barrier for key:store_based_barrier_key:1 with 16 nodes.
2022-07-23 19:14:28,745 - torch.distributed.distributed_c10d - INFO - Rank 3: Completed store-based barrier for key:store_based_barrier_key:1 with 16 nodes.
2022-07-23 19:14:28,747 - torch.distributed.distributed_c10d - INFO - Rank 13: Completed store-based barrier for key:store_based_barrier_key:1 with 16 nodes.
2022-07-23 19:14:28,748 - torch.distributed.distributed_c10d - INFO - Rank 2: Completed store-based barrier for key:store_based_barrier_key:1 with 16 nodes.
2022-07-23 19:14:28,749 - torch.distributed.distributed_c10d - INFO - Rank 8: Completed store-based barrier for key:store_based_barrier_key:1 with 16 nodes.
2022-07-23 19:14:28,749 - torch.distributed.distributed_c10d - INFO - Rank 15: Completed store-based barrier for key:store_based_barrier_key:1 with 16 nodes.
2022-07-23 19:14:28,750 - torch.distributed.distributed_c10d - INFO - Rank 9: Completed store-based barrier for key:store_based_barrier_key:1 with 16 nodes.
2022-07-23 19:14:28,751 - torch.distributed.distributed_c10d - INFO - Rank 4: Completed store-based barrier for key:store_based_barrier_key:1 with 16 nodes.
2022-07-23 19:14:28,763 - root - INFO - rank 3, begin data loader init
2022-07-23 19:14:28,764 - root - INFO - rank 3, data loader initialized
2022-07-23 19:14:28,764 - root - INFO - rank 5, begin data loader init
2022-07-23 19:14:28,764 - root - INFO - rank 6, begin data loader init
2022-07-23 19:14:28,764 - root - INFO - rank 7, begin data loader init
2022-07-23 19:14:28,764 - root - INFO - rank 5, data loader initialized
2022-07-23 19:14:28,764 - root - INFO - rank 6, data loader initialized
2022-07-23 19:14:28,764 - root - INFO - rank 7, data loader initialized
2022-07-23 19:14:28,764 - root - INFO - ------------------ Configuration ------------------
2022-07-23 19:14:28,764 - root - INFO - rank 4, begin data loader init
2022-07-23 19:14:28,764 - root - INFO - Configuration file: /global/u1/c/cjacobus/Nyx-TSIT/config/tsit.yaml
2022-07-23 19:14:28,764 - root - INFO - Configuration name: full_long
2022-07-23 19:14:28,764 - root - INFO - Nsamples 8192
2022-07-23 19:14:28,764 - root - INFO - Nsamples_val 512
2022-07-23 19:14:28,764 - root - INFO - niter 60
2022-07-23 19:14:28,764 - root - INFO - niter_decay 60
2022-07-23 19:14:28,764 - root - INFO - num_data_workers 16
2022-07-23 19:14:28,764 - root - INFO - in_channels [0, 1, 2, 3, 17, 18, 19]
2022-07-23 19:14:28,764 - root - INFO - out_channels [0]
2022-07-23 19:14:28,764 - root - INFO - min_path /pscratch/sd/s/shas1693/data/era5/mins.npy
2022-07-23 19:14:28,764 - root - INFO - rank 4, data loader initialized
2022-07-23 19:14:28,764 - root - INFO - max_path /pscratch/sd/s/shas1693/data/era5/maxs.npy
2022-07-23 19:14:28,764 - root - INFO - time_means_path /pscratch/sd/s/shas1693/data/era5/time_means.npy
2022-07-23 19:14:28,764 - root - INFO - global_means_path /pscratch/sd/s/shas1693/data/era5/global_means.npy
2022-07-23 19:14:28,764 - root - INFO - rank 2, begin data loader init
2022-07-23 19:14:28,764 - root - INFO - global_stds_path /pscratch/sd/s/shas1693/data/era5/global_stds.npy
2022-07-23 19:14:28,764 - root - INFO - precip /pscratch/sd/p/pharring/ERA5/precip/total_precipitation
2022-07-23 19:14:28,764 - root - INFO - rank 1, begin data loader init
2022-07-23 19:14:28,764 - root - INFO - precip_eps 1e-05
2022-07-23 19:14:28,764 - root - INFO - dt 1
2022-07-23 19:14:28,764 - root - INFO - n_history 0
2022-07-23 19:14:28,764 - root - INFO - crop_size_x None
2022-07-23 19:14:28,764 - root - INFO - crop_size_y None
2022-07-23 19:14:28,764 - root - INFO - roll False
2022-07-23 19:14:28,764 - root - INFO - conttime False
2022-07-23 19:14:28,764 - root - INFO - normalization zscore
2022-07-23 19:14:28,764 - root - INFO - add_grid False
2022-07-23 19:14:28,764 - root - INFO - rank 2, data loader initialized
2022-07-23 19:14:28,764 - root - INFO - model pix2pix
2022-07-23 19:14:28,765 - root - INFO - norm_G spectralfadebatch3x3
2022-07-23 19:14:28,765 - root - INFO - norm_D spectralinstance
2022-07-23 19:14:28,765 - root - INFO - norm_S spectralinstance
2022-07-23 19:14:28,765 - root - INFO - norm_E spectralinstance
2022-07-23 19:14:28,765 - root - INFO - rank 1, data loader initialized
2022-07-23 19:14:28,765 - root - INFO - batch_size 16
2022-07-23 19:14:28,765 - root - INFO - img_size [512, 512, 512]
2022-07-23 19:14:28,765 - root - INFO - box_size [512, 512, 512]
2022-07-23 19:14:28,765 - root - INFO - data_size 128
2022-07-23 19:14:28,765 - root - INFO - input_nc 5
2022-07-23 19:14:28,765 - root - INFO - output_nc 5
2022-07-23 19:14:28,765 - root - INFO - netG tsit
2022-07-23 19:14:28,765 - root - INFO - ngf 64
2022-07-23 19:14:28,765 - root - INFO - init_type xavier
2022-07-23 19:14:28,765 - root - INFO - init_variance 0.02
2022-07-23 19:14:28,765 - root - INFO - z_dim 256
2022-07-23 19:14:28,765 - root - INFO - alpha 1.0
2022-07-23 19:14:28,765 - root - INFO - no_ss True
2022-07-23 19:14:28,765 - root - INFO - downsamp True
2022-07-23 19:14:28,765 - root - INFO - num_upsampling_blocks 6
2022-07-23 19:14:28,765 - root - INFO - use_periodic_padding True
2022-07-23 19:14:28,765 - root - INFO - additive_noise False
2022-07-23 19:14:28,765 - root - INFO - nef 16
2022-07-23 19:14:28,765 - root - INFO - use_vae False
2022-07-23 19:14:28,765 - root - INFO - optimizer adam
2022-07-23 19:14:28,765 - root - INFO - beta1 0.5
2022-07-23 19:14:28,765 - root - INFO - beta2 0.999
2022-07-23 19:14:28,765 - root - INFO - lr 0.0002
2022-07-23 19:14:28,765 - root - INFO - D_steps_per_G 1
2022-07-23 19:14:28,765 - root - INFO - use_spec_loss False
2022-07-23 19:14:28,765 - root - INFO - lambda_spec 1.0
2022-07-23 19:14:28,765 - root - INFO - use_l1_loss False
2022-07-23 19:14:28,765 - root - INFO - lambda_l1 1.0
2022-07-23 19:14:28,765 - root - INFO - ndf 64
2022-07-23 19:14:28,765 - root - INFO - lambda_feat 0.5
2022-07-23 19:14:28,765 - root - INFO - no_ganFeat_loss False
2022-07-23 19:14:28,765 - root - INFO - gan_mode hinge
2022-07-23 19:14:28,765 - root - INFO - netD multiscale
2022-07-23 19:14:28,765 - root - INFO - num_D 2
2022-07-23 19:14:28,765 - root - INFO - n_layers_D 4
2022-07-23 19:14:28,765 - root - INFO - no_TTUR True
2022-07-23 19:14:28,765 - root - INFO - lambda_kld 0.05
2022-07-23 19:14:28,765 - root - INFO - cat_inp False
2022-07-23 19:14:28,765 - root - INFO - entity weatherbenching
2022-07-23 19:14:28,765 - root - INFO - project Nyx-TSIT
2022-07-23 19:14:28,765 - root - INFO - log_to_wandb True
2022-07-23 19:14:28,765 - root - INFO - log_to_screen True
2022-07-23 19:14:28,765 - root - INFO - save_checkpoint True
2022-07-23 19:14:28,765 - root - INFO - weight_init ordereddict([('conv_init', 'normal'), ('conv_scale', 0.02), ('conv_bias', 0.0)])
2022-07-23 19:14:28,765 - root - INFO - lambda_rho 0
2022-07-23 19:14:28,765 - root - INFO - full_scale True
2022-07-23 19:14:28,765 - root - INFO - global_batch_size 64
2022-07-23 19:14:28,765 - root - INFO - base_batch_size 64
2022-07-23 19:14:28,765 - root - INFO - num_epochs 60
2022-07-23 19:14:28,765 - root - INFO - enable_amp False
2022-07-23 19:14:28,765 - root - INFO - enable_apex False
2022-07-23 19:14:28,765 - root - INFO - enable_benchy False
2022-07-23 19:14:28,765 - root - INFO - enable_jit False
2022-07-23 19:14:28,765 - root - INFO - expdir /logs
2022-07-23 19:14:28,766 - root - INFO - lr_schedule ordereddict([('scaling', 'sqrt'), ('start_lr', 0.0002), ('end_lr', 0.0), ('warmup_steps', 128)])
2022-07-23 19:14:28,766 - root - INFO - data_loader_config lowmem
2022-07-23 19:14:28,766 - root - INFO - N_out_channels 5
2022-07-23 19:14:28,766 - root - INFO - N_in_channels 5
2022-07-23 19:14:28,766 - root - INFO - train_path /pscratch/sd/c/cjacobus/Nyx_512/train_s1_512_hydro.h5
2022-07-23 19:14:28,766 - root - INFO - val_path /pscratch/sd/c/cjacobus/Nyx_512/train_s1_512_hydro.h5
2022-07-23 19:14:28,766 - root - INFO - use_cache None
2022-07-23 19:14:28,766 - root - INFO - ---------------------------------------------------
log_to_wandb -------------------------------------------------------------------
dir exists: /pscratch/sd/c/cjacobus/tsit/expts/full_long/checkpoints/
2022-07-23 19:14:28,766 - root - INFO - rank 11, begin data loader init
2022-07-23 19:14:28,766 - root - INFO - rank 9, begin data loader init
2022-07-23 19:14:28,766 - root - INFO - rank 11, data loader initialized
2022-07-23 19:14:28,767 - root - INFO - rank 9, data loader initialized
2022-07-23 19:14:28,767 - root - INFO - rank 8, begin data loader init
2022-07-23 19:14:28,767 - root - INFO - rank 10, begin data loader init
2022-07-23 19:14:28,767 - root - INFO - rank 8, data loader initialized
2022-07-23 19:14:28,767 - root - INFO - rank 10, data loader initialized
2022-07-23 19:14:28,768 - root - INFO - rank 12, begin data loader init
2022-07-23 19:14:28,768 - root - INFO - rank 15, begin data loader init
2022-07-23 19:14:28,768 - root - INFO - rank 13, begin data loader init
2022-07-23 19:14:28,768 - root - INFO - rank 14, begin data loader init
2022-07-23 19:14:28,768 - root - INFO - rank 12, data loader initialized
2022-07-23 19:14:28,768 - root - INFO - rank 13, data loader initialized
2022-07-23 19:14:28,768 - root - INFO - rank 14, data loader initialized
2022-07-23 19:14:28,768 - root - INFO - rank 15, data loader initialized
wandb: Currently logged in as: cjacobus (use `wandb login --relogin` to force relogin)
wandb: wandb version 0.12.21 is available!  To upgrade, please run:
wandb:  $ pip install wandb --upgrade
wandb: Tracking run with wandb version 0.12.13
wandb: Run data is saved locally in /global/u1/c/cjacobus/Nyx-TSIT/wandb/run-20220723_191429-bjvg6h7j
wandb: Run `wandb offline` to turn off syncing.
wandb: Resuming run full_long
wandb: ⭐️ View project at https://wandb.ai/weatherbenching/Nyx-TSIT
wandb: 🚀 View run at https://wandb.ai/weatherbenching/Nyx-TSIT/runs/bjvg6h7j
checking dir: /pscratch/sd/c/cjacobus/tsit/expts/full_long/checkpoints/
dir exists: /pscratch/sd/c/cjacobus/tsit/expts/full_long/checkpoints/
2022-07-23 19:14:30,516 - root - INFO - rank 0, begin data loader init
2022-07-23 19:14:30,517 - root - INFO - rank 0, data loader initialized
Network [TSITGenerator] was created. Total number of parameters: 934.7 million. To see the architecture, do print(network).
Network [TSITGenerator] was created. Total number of parameters: 934.7 million. To see the architecture, do print(network).
Network [TSITGenerator] was created. Total number of parameters: 934.7 million. To see the architecture, do print(network).
Network [TSITGenerator] was created. Total number of parameters: 934.7 million. To see the architecture, do print(network).
Network [TSITGenerator] was created. Total number of parameters: 934.7 million. To see the architecture, do print(network).
Network [TSITGenerator] was created. Total number of parameters: 934.7 million. To see the architecture, do print(network).
Network [TSITGenerator] was created. Total number of parameters: 934.7 million. To see the architecture, do print(network).
Network [TSITGenerator] was created. Total number of parameters: 934.7 million. To see the architecture, do print(network).
Network [TSITGenerator] was created. Total number of parameters: 934.7 million. To see the architecture, do print(network).
Network [TSITGenerator] was created. Total number of parameters: 934.7 million. To see the architecture, do print(network).
Network [TSITGenerator] was created. Total number of parameters: 934.7 million. To see the architecture, do print(network).
Network [TSITGenerator] was created. Total number of parameters: 934.7 million. To see the architecture, do print(network).
Network [TSITGenerator] was created. Total number of parameters: 934.7 million. To see the architecture, do print(network).
Network [TSITGenerator] was created. Total number of parameters: 934.7 million. To see the architecture, do print(network).
Network [TSITGenerator] was created. Total number of parameters: 934.7 million. To see the architecture, do print(network).
Network [TSITGenerator] was created. Total number of parameters: 934.7 million. To see the architecture, do print(network).
Network [MultiscaleDiscriminator] was created. Total number of parameters: 22.1 million. To see the architecture, do print(network).
Network [MultiscaleDiscriminator] was created. Total number of parameters: 22.1 million. To see the architecture, do print(network).
Network [MultiscaleDiscriminator] was created. Total number of parameters: 22.1 million. To see the architecture, do print(network).
Network [MultiscaleDiscriminator] was created. Total number of parameters: 22.1 million. To see the architecture, do print(network).
Network [MultiscaleDiscriminator] was created. Total number of parameters: 22.1 million. To see the architecture, do print(network).
Network [MultiscaleDiscriminator] was created. Total number of parameters: 22.1 million. To see the architecture, do print(network).
Network [MultiscaleDiscriminator] was created. Total number of parameters: 22.1 million. To see the architecture, do print(network).
Network [MultiscaleDiscriminator] was created. Total number of parameters: 22.1 million. To see the architecture, do print(network).
Network [MultiscaleDiscriminator] was created. Total number of parameters: 22.1 million. To see the architecture, do print(network).
Network [MultiscaleDiscriminator] was created. Total number of parameters: 22.1 million. To see the architecture, do print(network).
Network [MultiscaleDiscriminator] was created. Total number of parameters: 22.1 million. To see the architecture, do print(network).
Network [MultiscaleDiscriminator] was created. Total number of parameters: 22.1 million. To see the architecture, do print(network).
Network [MultiscaleDiscriminator] was created. Total number of parameters: 22.1 million. To see the architecture, do print(network).
Network [MultiscaleDiscriminator] was created. Total number of parameters: 22.1 million. To see the architecture, do print(network).
Network [MultiscaleDiscriminator] was created. Total number of parameters: 22.1 million. To see the architecture, do print(network).
Network [MultiscaleDiscriminator] was created. Total number of parameters: 22.1 million. To see the architecture, do print(network).
2022-07-23 19:14:53,169 - root - INFO - Loading checkpoint /pscratch/sd/c/cjacobus/tsit/expts/full_long/checkpoints/ckpt.tar
2022-07-23 19:14:53,169 - root - INFO - Loading checkpoint /pscratch/sd/c/cjacobus/tsit/expts/full_long/checkpoints/ckpt.tar
2022-07-23 19:14:53,170 - root - INFO - Loading checkpoint /pscratch/sd/c/cjacobus/tsit/expts/full_long/checkpoints/ckpt.tar
2022-07-23 19:14:53,171 - root - INFO - Loading checkpoint /pscratch/sd/c/cjacobus/tsit/expts/full_long/checkpoints/ckpt.tar
2022-07-23 19:14:53,172 - root - INFO - Loading checkpoint /pscratch/sd/c/cjacobus/tsit/expts/full_long/checkpoints/ckpt.tar
2022-07-23 19:14:53,172 - root - INFO - Loading checkpoint /pscratch/sd/c/cjacobus/tsit/expts/full_long/checkpoints/ckpt.tar
2022-07-23 19:14:53,173 - root - INFO - Loading checkpoint /pscratch/sd/c/cjacobus/tsit/expts/full_long/checkpoints/ckpt.tar
2022-07-23 19:14:53,174 - root - INFO - Loading checkpoint /pscratch/sd/c/cjacobus/tsit/expts/full_long/checkpoints/ckpt.tar
2022-07-23 19:14:53,175 - root - INFO - Loading checkpoint /pscratch/sd/c/cjacobus/tsit/expts/full_long/checkpoints/ckpt.tar
2022-07-23 19:14:53,175 - root - INFO - Loading checkpoint /pscratch/sd/c/cjacobus/tsit/expts/full_long/checkpoints/ckpt.tar
2022-07-23 19:14:53,175 - root - INFO - Loading checkpoint /pscratch/sd/c/cjacobus/tsit/expts/full_long/checkpoints/ckpt.tar
2022-07-23 19:14:53,176 - root - INFO - Loading checkpoint /pscratch/sd/c/cjacobus/tsit/expts/full_long/checkpoints/ckpt.tar
2022-07-23 19:14:53,177 - root - INFO - Loading checkpoint /pscratch/sd/c/cjacobus/tsit/expts/full_long/checkpoints/ckpt.tar
2022-07-23 19:14:53,177 - root - INFO - Loading checkpoint /pscratch/sd/c/cjacobus/tsit/expts/full_long/checkpoints/ckpt.tar
2022-07-23 19:14:53,177 - root - INFO - Loading checkpoint /pscratch/sd/c/cjacobus/tsit/expts/full_long/checkpoints/ckpt.tar
2022-07-23 19:14:53,177 - root - INFO - Loading checkpoint /pscratch/sd/c/cjacobus/tsit/expts/full_long/checkpoints/ckpt.tar
2022-07-23 19:14:59,939 - root - INFO - Starting Training Loop...
[W reducer.cpp:1282] Warning: find_unused_parameters=True was specified in DDP constructor, but did not find any unused parameters in the forward pass. This flag results in an extra traversal of the autograd graph every iteration,  which can adversely affect performance. If your model indeed never has any unused parameters in the forward pass, consider turning this flag off. Note that this warning may be a false positive if your model has flow control causing later iterations to have unused parameters. (function operator())
[W reducer.cpp:1282] Warning: find_unused_parameters=True was specified in DDP constructor, but did not find any unused parameters in the forward pass. This flag results in an extra traversal of the autograd graph every iteration,  which can adversely affect performance. If your model indeed never has any unused parameters in the forward pass, consider turning this flag off. Note that this warning may be a false positive if your model has flow control causing later iterations to have unused parameters. (function operator())
[W reducer.cpp:1282] Warning: find_unused_parameters=True was specified in DDP constructor, but did not find any unused parameters in the forward pass. This flag results in an extra traversal of the autograd graph every iteration,  which can adversely affect performance. If your model indeed never has any unused parameters in the forward pass, consider turning this flag off. Note that this warning may be a false positive if your model has flow control causing later iterations to have unused parameters. (function operator())
[W reducer.cpp:1282] Warning: find_unused_parameters=True was specified in DDP constructor, but did not find any unused parameters in the forward pass. This flag results in an extra traversal of the autograd graph every iteration,  which can adversely affect performance. If your model indeed never has any unused parameters in the forward pass, consider turning this flag off. Note that this warning may be a false positive if your model has flow control causing later iterations to have unused parameters. (function operator())
[W reducer.cpp:1282] Warning: find_unused_parameters=True was specified in DDP constructor, but did not find any unused parameters in the forward pass. This flag results in an extra traversal of the autograd graph every iteration,  which can adversely affect performance. If your model indeed never has any unused parameters in the forward pass, consider turning this flag off. Note that this warning may be a false positive if your model has flow control causing later iterations to have unused parameters. (function operator())
[W reducer.cpp:1282] Warning: find_unused_parameters=True was specified in DDP constructor, but did not find any unused parameters in the forward pass. This flag results in an extra traversal of the autograd graph every iteration,  which can adversely affect performance. If your model indeed never has any unused parameters in the forward pass, consider turning this flag off. Note that this warning may be a false positive if your model has flow control causing later iterations to have unused parameters. (function operator())
[W reducer.cpp:1282] Warning: find_unused_parameters=True was specified in DDP constructor, but did not find any unused parameters in the forward pass. This flag results in an extra traversal of the autograd graph every iteration,  which can adversely affect performance. If your model indeed never has any unused parameters in the forward pass, consider turning this flag off. Note that this warning may be a false positive if your model has flow control causing later iterations to have unused parameters. (function operator())
[W reducer.cpp:1282] Warning: find_unused_parameters=True was specified in DDP constructor, but did not find any unused parameters in the forward pass. This flag results in an extra traversal of the autograd graph every iteration,  which can adversely affect performance. If your model indeed never has any unused parameters in the forward pass, consider turning this flag off. Note that this warning may be a false positive if your model has flow control causing later iterations to have unused parameters. (function operator())
[W reducer.cpp:1282] Warning: find_unused_parameters=True was specified in DDP constructor, but did not find any unused parameters in the forward pass. This flag results in an extra traversal of the autograd graph every iteration,  which can adversely affect performance. If your model indeed never has any unused parameters in the forward pass, consider turning this flag off. Note that this warning may be a false positive if your model has flow control causing later iterations to have unused parameters. (function operator())
[W reducer.cpp:1282] Warning: find_unused_parameters=True was specified in DDP constructor, but did not find any unused parameters in the forward pass. This flag results in an extra traversal of the autograd graph every iteration,  which can adversely affect performance. If your model indeed never has any unused parameters in the forward pass, consider turning this flag off. Note that this warning may be a false positive if your model has flow control causing later iterations to have unused parameters. (function operator())
[W reducer.cpp:1282] Warning: find_unused_parameters=True was specified in DDP constructor, but did not find any unused parameters in the forward pass. This flag results in an extra traversal of the autograd graph every iteration,  which can adversely affect performance. If your model indeed never has any unused parameters in the forward pass, consider turning this flag off. Note that this warning may be a false positive if your model has flow control causing later iterations to have unused parameters. (function operator())
[W reducer.cpp:1282] Warning: find_unused_parameters=True was specified in DDP constructor, but did not find any unused parameters in the forward pass. This flag results in an extra traversal of the autograd graph every iteration,  which can adversely affect performance. If your model indeed never has any unused parameters in the forward pass, consider turning this flag off. Note that this warning may be a false positive if your model has flow control causing later iterations to have unused parameters. (function operator())
[W reducer.cpp:1282] Warning: find_unused_parameters=True was specified in DDP constructor, but did not find any unused parameters in the forward pass. This flag results in an extra traversal of the autograd graph every iteration,  which can adversely affect performance. If your model indeed never has any unused parameters in the forward pass, consider turning this flag off. Note that this warning may be a false positive if your model has flow control causing later iterations to have unused parameters. (function operator())
[W reducer.cpp:1282] Warning: find_unused_parameters=True was specified in DDP constructor, but did not find any unused parameters in the forward pass. This flag results in an extra traversal of the autograd graph every iteration,  which can adversely affect performance. If your model indeed never has any unused parameters in the forward pass, consider turning this flag off. Note that this warning may be a false positive if your model has flow control causing later iterations to have unused parameters. (function operator())
[W reducer.cpp:1282] Warning: find_unused_parameters=True was specified in DDP constructor, but did not find any unused parameters in the forward pass. This flag results in an extra traversal of the autograd graph every iteration,  which can adversely affect performance. If your model indeed never has any unused parameters in the forward pass, consider turning this flag off. Note that this warning may be a false positive if your model has flow control causing later iterations to have unused parameters. (function operator())
[W reducer.cpp:1282] Warning: find_unused_parameters=True was specified in DDP constructor, but did not find any unused parameters in the forward pass. This flag results in an extra traversal of the autograd graph every iteration,  which can adversely affect performance. If your model indeed never has any unused parameters in the forward pass, consider turning this flag off. Note that this warning may be a false positive if your model has flow control causing later iterations to have unused parameters. (function operator())
generator made step 0
discriminator made step 0
generator made step 16
discriminator made step 16
generator made step 32
discriminator made step 32
generator made step 48
discriminator made step 48
generator made step 64
discriminator made step 64
generator made step 80
discriminator made step 80
generator made step 96
discriminator made step 96
generator made step 112
discriminator made step 112
generator made step 128
discriminator made step 128
generator made step 144
discriminator made step 144
generator made step 160
discriminator made step 160
generator made step 176
discriminator made step 176
generator made step 192
discriminator made step 192
generator made step 208
discriminator made step 208
generator made step 224
discriminator made step 224
generator made step 240
discriminator made step 240
generator made step 256
discriminator made step 256
generator made step 272
discriminator made step 272
generator made step 288
discriminator made step 288
generator made step 304
discriminator made step 304
generator made step 320
discriminator made step 320
generator made step 336
discriminator made step 336
generator made step 352
discriminator made step 352
generator made step 368
discriminator made step 368
generator made step 384
discriminator made step 384
generator made step 400
discriminator made step 400
generator made step 416
discriminator made step 416
generator made step 432
discriminator made step 432
generator made step 448
discriminator made step 448
generator made step 464
discriminator made step 464
generator made step 480
discriminator made step 480
generator made step 496
discriminator made step 496
2022-07-23 19:22:49,138 - root - INFO - Total=469.197754, G=371.444865, D=92.328639, data=1.658050, next=3.766200
2022-07-23 19:22:55,486 - root - INFO - Total=6.346890, G=0.445902, data=3.224871, acc=1.305291, agg=0.245568, next=1.125258
2022-07-23 19:23:09,214 - root - INFO - Time taken for epoch 48 is 489.2754361629486 sec
2022-07-23 19:23:09,215 - root - INFO - Train time = 469.19775438308716, Valid time = 6.346890449523926
2022-07-23 19:23:09,215 - root - INFO - G losses = {'GAN': 6.409463405609131, 'GAN_Feat': 0.5532345771789551}
2022-07-23 19:23:09,215 - root - INFO - D losses = {'D_Fake': 1.3640999895869754e-05, 'D_real': 0.21644841134548187}
generator made step 0
discriminator made step 0
generator made step 16
discriminator made step 16
generator made step 32
discriminator made step 32
generator made step 48
discriminator made step 48
generator made step 64
discriminator made step 64
generator made step 80
discriminator made step 80
generator made step 96
discriminator made step 96
generator made step 112
discriminator made step 112
generator made step 128
discriminator made step 128
generator made step 144
discriminator made step 144
generator made step 160
discriminator made step 160
generator made step 176
discriminator made step 176
generator made step 192
discriminator made step 192
generator made step 208
discriminator made step 208
generator made step 224
discriminator made step 224
generator made step 240
discriminator made step 240
generator made step 256
discriminator made step 256
generator made step 272
discriminator made step 272
generator made step 288
discriminator made step 288
generator made step 304
discriminator made step 304
generator made step 320
discriminator made step 320
generator made step 336
discriminator made step 336
generator made step 352
discriminator made step 352
generator made step 368
discriminator made step 368
generator made step 384
discriminator made step 384
generator made step 400
discriminator made step 400
generator made step 416
discriminator made step 416
generator made step 432
discriminator made step 432
generator made step 448
discriminator made step 448
generator made step 464
discriminator made step 464
generator made step 480
discriminator made step 480
generator made step 496
discriminator made step 496
2022-07-23 19:30:31,037 - root - INFO - Total=441.820906, G=346.507060, D=92.338154, data=1.630674, next=1.345018
2022-07-23 19:30:36,944 - root - INFO - Total=5.905611, G=0.551599, data=3.301671, acc=0.006280, agg=0.212466, next=1.833595
2022-07-23 19:30:49,471 - root - INFO - Time taken for epoch 49 is 460.2563443183899 sec
2022-07-23 19:30:49,472 - root - INFO - Train time = 441.8209059238434, Valid time = 5.905610799789429
2022-07-23 19:30:49,472 - root - INFO - G losses = {'GAN': 3.5469939708709717, 'GAN_Feat': 0.297759085893631}
2022-07-23 19:30:49,472 - root - INFO - D losses = {'D_Fake': 0.005060929339379072, 'D_real': 0.0016766904154792428}
generator made step 0
discriminator made step 0
generator made step 16
discriminator made step 16
generator made step 32
discriminator made step 32
generator made step 48
discriminator made step 48
generator made step 64
discriminator made step 64
generator made step 80
discriminator made step 80
generator made step 96
discriminator made step 96
generator made step 112
discriminator made step 112
generator made step 128
discriminator made step 128
generator made step 144
discriminator made step 144
generator made step 160
discriminator made step 160
generator made step 176
discriminator made step 176
generator made step 192
discriminator made step 192
generator made step 208
discriminator made step 208
generator made step 224
discriminator made step 224
generator made step 240
discriminator made step 240
generator made step 256
discriminator made step 256
generator made step 272
discriminator made step 272
generator made step 288
discriminator made step 288
generator made step 304
discriminator made step 304
generator made step 320
discriminator made step 320
generator made step 336
discriminator made step 336
generator made step 352
discriminator made step 352
generator made step 368
discriminator made step 368
generator made step 384
discriminator made step 384
generator made step 400
discriminator made step 400
generator made step 416
discriminator made step 416
generator made step 432
discriminator made step 432
generator made step 448
discriminator made step 448
generator made step 464
discriminator made step 464
generator made step 480
discriminator made step 480
generator made step 496
discriminator made step 496
2022-07-23 19:38:11,251 - root - INFO - Total=441.777875, G=346.565464, D=92.337278, data=1.630831, next=1.244303
2022-07-23 19:38:16,859 - root - INFO - Total=5.607205, G=0.608904, data=3.201873, acc=0.006694, agg=0.209360, next=1.580375
2022-07-23 19:38:29,208 - root - INFO - Time taken for epoch 50 is 459.73636198043823 sec
2022-07-23 19:38:29,209 - root - INFO - Train time = 441.7778754234314, Valid time = 5.607205152511597
2022-07-23 19:38:29,209 - root - INFO - G losses = {'GAN': -1.0134892463684082, 'GAN_Feat': 0.29581117630004883}
2022-07-23 19:38:29,209 - root - INFO - D losses = {'D_Fake': 0.5695648193359375, 'D_real': 0.0}
generator made step 0
discriminator made step 0
generator made step 16
discriminator made step 16
generator made step 32
discriminator made step 32
generator made step 48
discriminator made step 48
generator made step 64
discriminator made step 64
generator made step 80
discriminator made step 80
generator made step 96
discriminator made step 96
generator made step 112
discriminator made step 112
generator made step 128
discriminator made step 128
generator made step 144
discriminator made step 144
generator made step 160
discriminator made step 160
generator made step 176
discriminator made step 176
generator made step 192
discriminator made step 192
generator made step 208
discriminator made step 208
generator made step 224
discriminator made step 224
generator made step 240
discriminator made step 240
generator made step 256
discriminator made step 256
generator made step 272
discriminator made step 272
generator made step 288
discriminator made step 288
generator made step 304
discriminator made step 304
generator made step 320
discriminator made step 320
generator made step 336
discriminator made step 336
generator made step 352
discriminator made step 352
generator made step 368
discriminator made step 368
generator made step 384
discriminator made step 384
generator made step 400
discriminator made step 400
generator made step 416
discriminator made step 416
generator made step 432
discriminator made step 432
generator made step 448
discriminator made step 448
generator made step 464
discriminator made step 464
generator made step 480
discriminator made step 480
generator made step 496
discriminator made step 496
2022-07-23 19:45:51,851 - root - INFO - Total=442.641297, G=346.474202, D=92.339191, data=1.630988, next=2.196916
2022-07-23 19:45:58,067 - root - INFO - Total=6.215050, G=0.435351, data=3.414397, acc=0.005636, agg=0.267462, next=2.092204
2022-07-23 19:46:10,515 - root - INFO - Time taken for epoch 51 is 461.30611753463745 sec
2022-07-23 19:46:10,515 - root - INFO - Train time = 442.64129734039307, Valid time = 6.215050220489502
2022-07-23 19:46:10,515 - root - INFO - G losses = {'GAN': 5.4343156814575195, 'GAN_Feat': 0.2764078974723816}
2022-07-23 19:46:10,515 - root - INFO - D losses = {'D_Fake': 0.014680490829050541, 'D_real': 0.3733111023902893}
generator made step 0
discriminator made step 0
generator made step 16
discriminator made step 16
generator made step 32
discriminator made step 32
generator made step 48
discriminator made step 48
generator made step 64
discriminator made step 64
generator made step 80
discriminator made step 80
generator made step 96
discriminator made step 96
generator made step 112
discriminator made step 112
generator made step 128
discriminator made step 128
generator made step 144
discriminator made step 144
generator made step 160
discriminator made step 160
generator made step 176
discriminator made step 176
generator made step 192
discriminator made step 192
generator made step 208
discriminator made step 208
generator made step 224
discriminator made step 224
generator made step 240
discriminator made step 240
generator made step 256
discriminator made step 256
generator made step 272
discriminator made step 272
generator made step 288
discriminator made step 288
generator made step 304
discriminator made step 304
generator made step 320
discriminator made step 320
generator made step 336
discriminator made step 336
generator made step 352
discriminator made step 352
generator made step 368
discriminator made step 368
generator made step 384
discriminator made step 384
generator made step 400
discriminator made step 400
generator made step 416
discriminator made step 416
generator made step 432
discriminator made step 432
generator made step 448
discriminator made step 448
generator made step 464
discriminator made step 464
generator made step 480
discriminator made step 480
generator made step 496
discriminator made step 496
2022-07-23 19:53:32,258 - root - INFO - Total=441.741831, G=346.777634, D=92.252550, data=1.631054, next=1.080592
2022-07-23 19:53:38,052 - root - INFO - Total=5.793433, G=0.472974, data=3.144551, acc=0.006029, agg=0.222127, next=1.947753
2022-07-23 19:53:50,552 - root - INFO - Time taken for epoch 52 is 460.03702664375305 sec
2022-07-23 19:53:50,552 - root - INFO - Train time = 441.74183082580566, Valid time = 5.793433427810669
2022-07-23 19:53:50,553 - root - INFO - G losses = {'GAN': 1.9487296342849731, 'GAN_Feat': 0.34830009937286377}
2022-07-23 19:53:50,553 - root - INFO - D losses = {'D_Fake': 0.007695736363530159, 'D_real': 0.00023892437457107008}
generator made step 0
discriminator made step 0
generator made step 16
discriminator made step 16
generator made step 32
discriminator made step 32
generator made step 48
discriminator made step 48
generator made step 64
discriminator made step 64
generator made step 80
discriminator made step 80
generator made step 96
discriminator made step 96
generator made step 112
discriminator made step 112
generator made step 128
discriminator made step 128
generator made step 144
discriminator made step 144
generator made step 160
discriminator made step 160
generator made step 176
discriminator made step 176
generator made step 192
discriminator made step 192
generator made step 208
discriminator made step 208
generator made step 224
discriminator made step 224
generator made step 240
discriminator made step 240
generator made step 256
discriminator made step 256
generator made step 272
discriminator made step 272
generator made step 288
discriminator made step 288
generator made step 304
discriminator made step 304
generator made step 320
discriminator made step 320
generator made step 336
discriminator made step 336
generator made step 352
discriminator made step 352
generator made step 368
discriminator made step 368
generator made step 384
discriminator made step 384
generator made step 400
discriminator made step 400
generator made step 416
discriminator made step 416
generator made step 432
discriminator made step 432
generator made step 448
discriminator made step 448
generator made step 464
discriminator made step 464
generator made step 480
discriminator made step 480
generator made step 496
discriminator made step 496
2022-07-23 20:01:12,306 - root - INFO - Total=441.752441, G=346.530903, D=92.359194, data=1.631247, next=1.231098
2022-07-23 20:01:18,084 - root - INFO - Total=5.777055, G=0.519012, data=3.293290, acc=0.006809, agg=0.236043, next=1.721900
2022-07-23 20:01:30,492 - root - INFO - Time taken for epoch 53 is 459.9395866394043 sec
2022-07-23 20:01:30,493 - root - INFO - Train time = 441.7524411678314, Valid time = 5.777054786682129
2022-07-23 20:01:30,493 - root - INFO - G losses = {'GAN': 3.516641139984131, 'GAN_Feat': 0.2987026572227478}
2022-07-23 20:01:30,493 - root - INFO - D losses = {'D_Fake': 0.21144059300422668, 'D_real': 0.29917171597480774}
generator made step 0
discriminator made step 0
generator made step 16
discriminator made step 16
generator made step 32
discriminator made step 32
generator made step 48
discriminator made step 48
generator made step 64
discriminator made step 64
generator made step 80
discriminator made step 80
generator made step 96
discriminator made step 96
generator made step 112
discriminator made step 112
generator made step 128
discriminator made step 128
generator made step 144
discriminator made step 144
generator made step 160
discriminator made step 160
generator made step 176
discriminator made step 176
generator made step 192
discriminator made step 192
generator made step 208
discriminator made step 208
generator made step 224
discriminator made step 224
generator made step 240
discriminator made step 240
generator made step 256
discriminator made step 256
generator made step 272
discriminator made step 272
generator made step 288
discriminator made step 288
generator made step 304
discriminator made step 304
generator made step 320
discriminator made step 320
generator made step 336
discriminator made step 336
generator made step 352
discriminator made step 352
generator made step 368
discriminator made step 368
generator made step 384
discriminator made step 384
generator made step 400
discriminator made step 400
generator made step 416
discriminator made step 416
generator made step 432
discriminator made step 432
generator made step 448
discriminator made step 448
generator made step 464
discriminator made step 464
generator made step 480
discriminator made step 480
generator made step 496
discriminator made step 496
2022-07-23 20:08:52,291 - root - INFO - Total=441.797179, G=346.479284, D=92.317576, data=1.633995, next=1.366324
2022-07-23 20:08:58,434 - root - INFO - Total=6.141582, G=0.473272, data=3.380911, acc=0.005858, agg=0.261645, next=2.019895
2022-07-23 20:09:10,842 - root - INFO - Time taken for epoch 54 is 460.34953808784485 sec
2022-07-23 20:09:10,843 - root - INFO - Train time = 441.79717898368835, Valid time = 6.141582012176514
2022-07-23 20:09:10,843 - root - INFO - G losses = {'GAN': 2.17514705657959, 'GAN_Feat': 0.30564084649086}
2022-07-23 20:09:10,843 - root - INFO - D losses = {'D_Fake': 0.0, 'D_real': 0.0010099359788000584}
generator made step 0
discriminator made step 0
generator made step 16
discriminator made step 16
generator made step 32
discriminator made step 32
generator made step 48
discriminator made step 48
generator made step 64
discriminator made step 64
generator made step 80
discriminator made step 80
generator made step 96
discriminator made step 96
generator made step 112
discriminator made step 112
generator made step 128
discriminator made step 128
generator made step 144
discriminator made step 144
generator made step 160
discriminator made step 160
generator made step 176
discriminator made step 176
generator made step 192
discriminator made step 192
generator made step 208
discriminator made step 208
generator made step 224
discriminator made step 224
generator made step 240
discriminator made step 240
generator made step 256
discriminator made step 256
generator made step 272
discriminator made step 272
generator made step 288
discriminator made step 288
generator made step 304
discriminator made step 304
generator made step 320
discriminator made step 320
generator made step 336
discriminator made step 336
slurmstepd: error: *** STEP 2784138.0 ON nid002308 CANCELLED AT 2022-07-23T20:14:09 DUE TO TIME LIMIT ***
slurmstepd: error: *** JOB 2784138 ON nid002308 CANCELLED AT 2022-07-23T20:14:09 DUE TO TIME LIMIT ***
srun: Job step aborted: Waiting up to 32 seconds for job step to finish.
