+ srun -u shifter -V /pscratch/sd/c/cjacobus/ML_Hydro_train/logs:/logs --image=nersc/pytorch:ngc-22.03-v0 --env PYTHONUSERBASE=/global/homes/c/cjacobus/.local/perlmutter/nersc-pytorch-ngc-22.03-v0 bash -c '
    source export_DDP_vars.sh
    python train.py --root_dir=/pscratch/sd/c/cjacobus/tsit --config=full_fresh
    '
[W socket.cpp:701] The server socket on [nid002608]:29500 is not yet listening (errno: 111 - Connection refused), will retry.
[W socket.cpp:701] The server socket on [nid002608]:29500 is not yet listening (errno: 111 - Connection refused), will retry.
[W socket.cpp:701] The server socket on [nid002608]:29500 is not yet listening (errno: 111 - Connection refused), will retry.
[W socket.cpp:701] The server socket on [nid002608]:29500 is not yet listening (errno: 111 - Connection refused), will retry.
2022-07-23 05:17:33,007 - torch.distributed.distributed_c10d - INFO - Added key: store_based_barrier_key:1 to store for rank: 1
2022-07-23 05:17:33,008 - torch.distributed.distributed_c10d - INFO - Added key: store_based_barrier_key:1 to store for rank: 3
2022-07-23 05:17:33,009 - torch.distributed.distributed_c10d - INFO - Added key: store_based_barrier_key:1 to store for rank: 2
2022-07-23 05:17:33,078 - torch.distributed.distributed_c10d - INFO - Added key: store_based_barrier_key:1 to store for rank: 15
2022-07-23 05:17:33,082 - torch.distributed.distributed_c10d - INFO - Added key: store_based_barrier_key:1 to store for rank: 14
2022-07-23 05:17:33,084 - torch.distributed.distributed_c10d - INFO - Added key: store_based_barrier_key:1 to store for rank: 13
2022-07-23 05:17:33,085 - torch.distributed.distributed_c10d - INFO - Added key: store_based_barrier_key:1 to store for rank: 12
2022-07-23 05:17:33,580 - torch.distributed.distributed_c10d - INFO - Added key: store_based_barrier_key:1 to store for rank: 0
2022-07-23 05:17:33,716 - torch.distributed.distributed_c10d - INFO - Added key: store_based_barrier_key:1 to store for rank: 6
2022-07-23 05:17:33,717 - torch.distributed.distributed_c10d - INFO - Added key: store_based_barrier_key:1 to store for rank: 5
2022-07-23 05:17:33,718 - torch.distributed.distributed_c10d - INFO - Added key: store_based_barrier_key:1 to store for rank: 7
2022-07-23 05:17:33,719 - torch.distributed.distributed_c10d - INFO - Added key: store_based_barrier_key:1 to store for rank: 4
2022-07-23 05:17:33,751 - torch.distributed.distributed_c10d - INFO - Added key: store_based_barrier_key:1 to store for rank: 11
2022-07-23 05:17:33,755 - torch.distributed.distributed_c10d - INFO - Added key: store_based_barrier_key:1 to store for rank: 9
2022-07-23 05:17:33,758 - torch.distributed.distributed_c10d - INFO - Added key: store_based_barrier_key:1 to store for rank: 8
2022-07-23 05:17:33,758 - torch.distributed.distributed_c10d - INFO - Added key: store_based_barrier_key:1 to store for rank: 10
2022-07-23 05:17:33,758 - torch.distributed.distributed_c10d - INFO - Rank 10: Completed store-based barrier for key:store_based_barrier_key:1 with 16 nodes.
2022-07-23 05:17:33,759 - torch.distributed.distributed_c10d - INFO - Rank 1: Completed store-based barrier for key:store_based_barrier_key:1 with 16 nodes.
2022-07-23 05:17:33,759 - torch.distributed.distributed_c10d - INFO - Rank 7: Completed store-based barrier for key:store_based_barrier_key:1 with 16 nodes.
2022-07-23 05:17:33,759 - torch.distributed.distributed_c10d - INFO - Rank 14: Completed store-based barrier for key:store_based_barrier_key:1 with 16 nodes.
2022-07-23 05:17:33,759 - torch.distributed.distributed_c10d - INFO - Rank 4: Completed store-based barrier for key:store_based_barrier_key:1 with 16 nodes.
2022-07-23 05:17:33,760 - torch.distributed.distributed_c10d - INFO - Rank 3: Completed store-based barrier for key:store_based_barrier_key:1 with 16 nodes.
2022-07-23 05:17:33,761 - torch.distributed.distributed_c10d - INFO - Rank 2: Completed store-based barrier for key:store_based_barrier_key:1 with 16 nodes.
2022-07-23 05:17:33,761 - torch.distributed.distributed_c10d - INFO - Rank 11: Completed store-based barrier for key:store_based_barrier_key:1 with 16 nodes.
2022-07-23 05:17:33,762 - torch.distributed.distributed_c10d - INFO - Rank 13: Completed store-based barrier for key:store_based_barrier_key:1 with 16 nodes.
2022-07-23 05:17:33,762 - torch.distributed.distributed_c10d - INFO - Rank 15: Completed store-based barrier for key:store_based_barrier_key:1 with 16 nodes.
2022-07-23 05:17:33,762 - torch.distributed.distributed_c10d - INFO - Rank 0: Completed store-based barrier for key:store_based_barrier_key:1 with 16 nodes.
2022-07-23 05:17:33,762 - torch.distributed.distributed_c10d - INFO - Rank 12: Completed store-based barrier for key:store_based_barrier_key:1 with 16 nodes.
2022-07-23 05:17:33,765 - torch.distributed.distributed_c10d - INFO - Rank 9: Completed store-based barrier for key:store_based_barrier_key:1 with 16 nodes.
2022-07-23 05:17:33,767 - torch.distributed.distributed_c10d - INFO - Rank 6: Completed store-based barrier for key:store_based_barrier_key:1 with 16 nodes.
2022-07-23 05:17:33,768 - torch.distributed.distributed_c10d - INFO - Rank 8: Completed store-based barrier for key:store_based_barrier_key:1 with 16 nodes.
2022-07-23 05:17:33,768 - torch.distributed.distributed_c10d - INFO - Rank 5: Completed store-based barrier for key:store_based_barrier_key:1 with 16 nodes.
2022-07-23 05:17:33,778 - root - INFO - rank 7, begin data loader init
2022-07-23 05:17:33,779 - root - INFO - rank 7, data loader initialized
2022-07-23 05:17:33,780 - root - INFO - rank 3, begin data loader init
2022-07-23 05:17:33,780 - root - INFO - rank 3, data loader initialized
2022-07-23 05:17:33,780 - root - INFO - ------------------ Configuration ------------------
2022-07-23 05:17:33,780 - root - INFO - Configuration file: /global/u1/c/cjacobus/Nyx-TSIT/config/tsit.yaml
2022-07-23 05:17:33,780 - root - INFO - Configuration name: full_fresh
2022-07-23 05:17:33,780 - root - INFO - Nsamples 8192
2022-07-23 05:17:33,780 - root - INFO - Nsamples_val 512
2022-07-23 05:17:33,780 - root - INFO - niter 100
2022-07-23 05:17:33,780 - root - INFO - niter_decay 50
2022-07-23 05:17:33,780 - root - INFO - num_data_workers 16
2022-07-23 05:17:33,780 - root - INFO - in_channels [0, 1, 2, 3, 17, 18, 19]
2022-07-23 05:17:33,780 - root - INFO - out_channels [0]
2022-07-23 05:17:33,780 - root - INFO - rank 1, begin data loader init
2022-07-23 05:17:33,780 - root - INFO - min_path /pscratch/sd/s/shas1693/data/era5/mins.npy
2022-07-23 05:17:33,780 - root - INFO - max_path /pscratch/sd/s/shas1693/data/era5/maxs.npy
2022-07-23 05:17:33,780 - root - INFO - rank 2, begin data loader init
2022-07-23 05:17:33,780 - root - INFO - time_means_path /pscratch/sd/s/shas1693/data/era5/time_means.npy
2022-07-23 05:17:33,780 - root - INFO - global_means_path /pscratch/sd/s/shas1693/data/era5/global_means.npy
2022-07-23 05:17:33,780 - root - INFO - global_stds_path /pscratch/sd/s/shas1693/data/era5/global_stds.npy
2022-07-23 05:17:33,780 - root - INFO - precip /pscratch/sd/p/pharring/ERA5/precip/total_precipitation
2022-07-23 05:17:33,781 - root - INFO - precip_eps 1e-05
2022-07-23 05:17:33,781 - root - INFO - dt 1
2022-07-23 05:17:33,781 - root - INFO - n_history 0
2022-07-23 05:17:33,781 - root - INFO - crop_size_x None
2022-07-23 05:17:33,781 - root - INFO - crop_size_y None
2022-07-23 05:17:33,781 - root - INFO - roll False
2022-07-23 05:17:33,781 - root - INFO - conttime False
2022-07-23 05:17:33,781 - root - INFO - rank 4, begin data loader init
2022-07-23 05:17:33,781 - root - INFO - normalization zscore
2022-07-23 05:17:33,781 - root - INFO - add_grid False
2022-07-23 05:17:33,781 - root - INFO - model pix2pix
2022-07-23 05:17:33,781 - root - INFO - rank 1, data loader initialized
2022-07-23 05:17:33,781 - root - INFO - rank 2, data loader initialized
2022-07-23 05:17:33,781 - root - INFO - norm_G spectralfadebatch3x3
2022-07-23 05:17:33,781 - root - INFO - norm_D spectralinstance
2022-07-23 05:17:33,781 - root - INFO - norm_S spectralinstance
2022-07-23 05:17:33,781 - root - INFO - norm_E spectralinstance
2022-07-23 05:17:33,781 - root - INFO - batch_size 16
2022-07-23 05:17:33,781 - root - INFO - img_size [512, 512, 512]
2022-07-23 05:17:33,781 - root - INFO - box_size [512, 512, 512]
2022-07-23 05:17:33,781 - root - INFO - data_size 128
2022-07-23 05:17:33,781 - root - INFO - input_nc 5
2022-07-23 05:17:33,781 - root - INFO - output_nc 5
2022-07-23 05:17:33,781 - root - INFO - rank 4, data loader initialized
2022-07-23 05:17:33,781 - root - INFO - netG tsit
2022-07-23 05:17:33,781 - root - INFO - ngf 64
2022-07-23 05:17:33,781 - root - INFO - init_type xavier
2022-07-23 05:17:33,781 - root - INFO - init_variance 0.02
2022-07-23 05:17:33,781 - root - INFO - z_dim 256
2022-07-23 05:17:33,781 - root - INFO - alpha 1.0
2022-07-23 05:17:33,781 - root - INFO - no_ss True
2022-07-23 05:17:33,781 - root - INFO - downsamp True
2022-07-23 05:17:33,781 - root - INFO - num_upsampling_blocks 6
2022-07-23 05:17:33,781 - root - INFO - use_periodic_padding True
2022-07-23 05:17:33,781 - root - INFO - additive_noise False
2022-07-23 05:17:33,781 - root - INFO - nef 16
2022-07-23 05:17:33,781 - root - INFO - use_vae False
2022-07-23 05:17:33,781 - root - INFO - optimizer adam
2022-07-23 05:17:33,781 - root - INFO - beta1 0.5
2022-07-23 05:17:33,781 - root - INFO - beta2 0.999
2022-07-23 05:17:33,781 - root - INFO - lr 0.0002
2022-07-23 05:17:33,781 - root - INFO - D_steps_per_G 1
2022-07-23 05:17:33,781 - root - INFO - use_spec_loss False
2022-07-23 05:17:33,781 - root - INFO - lambda_spec 1.0
2022-07-23 05:17:33,781 - root - INFO - rank 10, begin data loader init
2022-07-23 05:17:33,781 - root - INFO - use_l1_loss False
2022-07-23 05:17:33,781 - root - INFO - lambda_l1 1.0
2022-07-23 05:17:33,781 - root - INFO - ndf 64
2022-07-23 05:17:33,781 - root - INFO - lambda_feat 0.5
2022-07-23 05:17:33,781 - root - INFO - no_ganFeat_loss False
2022-07-23 05:17:33,781 - root - INFO - gan_mode hinge
2022-07-23 05:17:33,781 - root - INFO - netD multiscale
2022-07-23 05:17:33,781 - root - INFO - num_D 2
2022-07-23 05:17:33,781 - root - INFO - n_layers_D 4
2022-07-23 05:17:33,781 - root - INFO - no_TTUR True
2022-07-23 05:17:33,781 - root - INFO - lambda_kld 0.05
2022-07-23 05:17:33,781 - root - INFO - cat_inp False
2022-07-23 05:17:33,781 - root - INFO - rank 11, begin data loader init
2022-07-23 05:17:33,781 - root - INFO - entity weatherbenching
2022-07-23 05:17:33,781 - root - INFO - project Nyx-TSIT
2022-07-23 05:17:33,781 - root - INFO - log_to_wandb True
2022-07-23 05:17:33,781 - root - INFO - log_to_screen True
2022-07-23 05:17:33,781 - root - INFO - save_checkpoint True
2022-07-23 05:17:33,781 - root - INFO - weight_init ordereddict([('conv_init', 'normal'), ('conv_scale', 0.02), ('conv_bias', 0.0)])
2022-07-23 05:17:33,781 - root - INFO - rank 10, data loader initialized
2022-07-23 05:17:33,781 - root - INFO - lambda_rho 0
2022-07-23 05:17:33,781 - root - INFO - full_scale True
2022-07-23 05:17:33,781 - root - INFO - global_batch_size 64
2022-07-23 05:17:33,781 - root - INFO - base_batch_size 64
2022-07-23 05:17:33,781 - root - INFO - num_epochs 60
2022-07-23 05:17:33,781 - root - INFO - enable_amp False
2022-07-23 05:17:33,781 - root - INFO - rank 9, begin data loader init
2022-07-23 05:17:33,782 - root - INFO - enable_apex False
2022-07-23 05:17:33,782 - root - INFO - enable_benchy False
2022-07-23 05:17:33,782 - root - INFO - enable_jit False
2022-07-23 05:17:33,782 - root - INFO - expdir /logs
2022-07-23 05:17:33,782 - root - INFO - lr_schedule ordereddict([('scaling', 'sqrt'), ('start_lr', 0.0002), ('end_lr', 0.0), ('warmup_steps', 128)])
2022-07-23 05:17:33,782 - root - INFO - data_loader_config lowmem
2022-07-23 05:17:33,781 - root - INFO - rank 11, data loader initialized
2022-07-23 05:17:33,782 - root - INFO - N_out_channels 5
2022-07-23 05:17:33,782 - root - INFO - N_in_channels 5
2022-07-23 05:17:33,782 - root - INFO - train_path /pscratch/sd/c/cjacobus/Nyx_512/train_s1_512_hydro.h5
2022-07-23 05:17:33,782 - root - INFO - val_path /pscratch/sd/c/cjacobus/Nyx_512/train_s1_512_hydro.h5
2022-07-23 05:17:33,782 - root - INFO - use_cache None
2022-07-23 05:17:33,782 - root - INFO - ---------------------------------------------------
2022-07-23 05:17:33,782 - root - INFO - rank 9, data loader initialized
log_to_wandb -------------------------------------------------------------------
dir exists: /pscratch/sd/c/cjacobus/tsit/expts/full_fresh/checkpoints/
2022-07-23 05:17:33,782 - root - INFO - rank 6, begin data loader init
2022-07-23 05:17:33,782 - root - INFO - rank 5, begin data loader init
2022-07-23 05:17:33,782 - root - INFO - rank 8, begin data loader init
2022-07-23 05:17:33,782 - root - INFO - rank 6, data loader initialized
2022-07-23 05:17:33,782 - root - INFO - rank 8, data loader initialized
2022-07-23 05:17:33,782 - root - INFO - rank 5, data loader initialized
2022-07-23 05:17:33,783 - root - INFO - rank 13, begin data loader init
2022-07-23 05:17:33,783 - root - INFO - rank 14, begin data loader init
2022-07-23 05:17:33,783 - root - INFO - rank 15, begin data loader init
2022-07-23 05:17:33,783 - root - INFO - rank 12, begin data loader init
2022-07-23 05:17:33,783 - root - INFO - rank 12, data loader initialized
2022-07-23 05:17:33,783 - root - INFO - rank 13, data loader initialized
2022-07-23 05:17:33,783 - root - INFO - rank 14, data loader initialized
2022-07-23 05:17:33,783 - root - INFO - rank 15, data loader initialized
wandb: Currently logged in as: cjacobus (use `wandb login --relogin` to force relogin)
wandb: wandb version 0.12.21 is available!  To upgrade, please run:
wandb:  $ pip install wandb --upgrade
wandb: Tracking run with wandb version 0.12.13
wandb: Run data is saved locally in /global/u1/c/cjacobus/Nyx-TSIT/wandb/run-20220723_051734-bjvg6h7j
wandb: Run `wandb offline` to turn off syncing.
wandb: Resuming run full_fresh
wandb: ⭐️ View project at https://wandb.ai/weatherbenching/Nyx-TSIT
wandb: 🚀 View run at https://wandb.ai/weatherbenching/Nyx-TSIT/runs/bjvg6h7j
checking dir: /pscratch/sd/c/cjacobus/tsit/expts/full_fresh/checkpoints/
dir exists: /pscratch/sd/c/cjacobus/tsit/expts/full_fresh/checkpoints/
2022-07-23 05:17:35,366 - root - INFO - rank 0, begin data loader init
2022-07-23 05:17:35,366 - root - INFO - rank 0, data loader initialized
Network [TSITGenerator] was created. Total number of parameters: 934.7 million. To see the architecture, do print(network).
Network [TSITGenerator] was created. Total number of parameters: 934.7 million. To see the architecture, do print(network).
Network [TSITGenerator] was created. Total number of parameters: 934.7 million. To see the architecture, do print(network).
Network [TSITGenerator] was created. Total number of parameters: 934.7 million. To see the architecture, do print(network).
Network [TSITGenerator] was created. Total number of parameters: 934.7 million. To see the architecture, do print(network).
Network [TSITGenerator] was created. Total number of parameters: 934.7 million. To see the architecture, do print(network).
Network [TSITGenerator] was created. Total number of parameters: 934.7 million. To see the architecture, do print(network).
Network [TSITGenerator] was created. Total number of parameters: 934.7 million. To see the architecture, do print(network).
Network [TSITGenerator] was created. Total number of parameters: 934.7 million. To see the architecture, do print(network).
Network [TSITGenerator] was created. Total number of parameters: 934.7 million. To see the architecture, do print(network).
Network [TSITGenerator] was created. Total number of parameters: 934.7 million. To see the architecture, do print(network).
Network [TSITGenerator] was created. Total number of parameters: 934.7 million. To see the architecture, do print(network).
Network [TSITGenerator] was created. Total number of parameters: 934.7 million. To see the architecture, do print(network).
Network [TSITGenerator] was created. Total number of parameters: 934.7 million. To see the architecture, do print(network).
Network [TSITGenerator] was created. Total number of parameters: 934.7 million. To see the architecture, do print(network).
Network [TSITGenerator] was created. Total number of parameters: 934.7 million. To see the architecture, do print(network).
Network [MultiscaleDiscriminator] was created. Total number of parameters: 22.1 million. To see the architecture, do print(network).
Network [MultiscaleDiscriminator] was created. Total number of parameters: 22.1 million. To see the architecture, do print(network).
Network [MultiscaleDiscriminator] was created. Total number of parameters: 22.1 million. To see the architecture, do print(network).
Network [MultiscaleDiscriminator] was created. Total number of parameters: 22.1 million. To see the architecture, do print(network).
Network [MultiscaleDiscriminator] was created. Total number of parameters: 22.1 million. To see the architecture, do print(network).
Network [MultiscaleDiscriminator] was created. Total number of parameters: 22.1 million. To see the architecture, do print(network).
Network [MultiscaleDiscriminator] was created. Total number of parameters: 22.1 million. To see the architecture, do print(network).
Network [MultiscaleDiscriminator] was created. Total number of parameters: 22.1 million. To see the architecture, do print(network).
Network [MultiscaleDiscriminator] was created. Total number of parameters: 22.1 million. To see the architecture, do print(network).
Network [MultiscaleDiscriminator] was created. Total number of parameters: 22.1 million. To see the architecture, do print(network).
Network [MultiscaleDiscriminator] was created. Total number of parameters: 22.1 million. To see the architecture, do print(network).
Network [MultiscaleDiscriminator] was created. Total number of parameters: 22.1 million. To see the architecture, do print(network).
Network [MultiscaleDiscriminator] was created. Total number of parameters: 22.1 million. To see the architecture, do print(network).
Network [MultiscaleDiscriminator] was created. Total number of parameters: 22.1 million. To see the architecture, do print(network).
Network [MultiscaleDiscriminator] was created. Total number of parameters: 22.1 million. To see the architecture, do print(network).
Network [MultiscaleDiscriminator] was created. Total number of parameters: 22.1 million. To see the architecture, do print(network).
2022-07-23 05:17:57,902 - root - INFO - Loading checkpoint /pscratch/sd/c/cjacobus/tsit/expts/full_fresh/checkpoints/ckpt.tar
2022-07-23 05:17:57,902 - root - INFO - Loading checkpoint /pscratch/sd/c/cjacobus/tsit/expts/full_fresh/checkpoints/ckpt.tar
2022-07-23 05:17:57,903 - root - INFO - Loading checkpoint /pscratch/sd/c/cjacobus/tsit/expts/full_fresh/checkpoints/ckpt.tar
2022-07-23 05:17:57,904 - root - INFO - Loading checkpoint /pscratch/sd/c/cjacobus/tsit/expts/full_fresh/checkpoints/ckpt.tar
2022-07-23 05:17:57,905 - root - INFO - Loading checkpoint /pscratch/sd/c/cjacobus/tsit/expts/full_fresh/checkpoints/ckpt.tar
2022-07-23 05:17:57,906 - root - INFO - Loading checkpoint /pscratch/sd/c/cjacobus/tsit/expts/full_fresh/checkpoints/ckpt.tar
2022-07-23 05:17:57,906 - root - INFO - Loading checkpoint /pscratch/sd/c/cjacobus/tsit/expts/full_fresh/checkpoints/ckpt.tar
2022-07-23 05:17:57,907 - root - INFO - Loading checkpoint /pscratch/sd/c/cjacobus/tsit/expts/full_fresh/checkpoints/ckpt.tar
2022-07-23 05:17:57,907 - root - INFO - Loading checkpoint /pscratch/sd/c/cjacobus/tsit/expts/full_fresh/checkpoints/ckpt.tar
2022-07-23 05:17:57,907 - root - INFO - Loading checkpoint /pscratch/sd/c/cjacobus/tsit/expts/full_fresh/checkpoints/ckpt.tar
2022-07-23 05:17:57,908 - root - INFO - Loading checkpoint /pscratch/sd/c/cjacobus/tsit/expts/full_fresh/checkpoints/ckpt.tar
2022-07-23 05:17:57,908 - root - INFO - Loading checkpoint /pscratch/sd/c/cjacobus/tsit/expts/full_fresh/checkpoints/ckpt.tar
2022-07-23 05:17:57,908 - root - INFO - Loading checkpoint /pscratch/sd/c/cjacobus/tsit/expts/full_fresh/checkpoints/ckpt.tar
2022-07-23 05:17:57,908 - root - INFO - Loading checkpoint /pscratch/sd/c/cjacobus/tsit/expts/full_fresh/checkpoints/ckpt.tar
2022-07-23 05:17:57,908 - root - INFO - Loading checkpoint /pscratch/sd/c/cjacobus/tsit/expts/full_fresh/checkpoints/ckpt.tar
2022-07-23 05:17:57,909 - root - INFO - Loading checkpoint /pscratch/sd/c/cjacobus/tsit/expts/full_fresh/checkpoints/ckpt.tar
2022-07-23 05:18:04,599 - root - INFO - Starting Training Loop...
[W reducer.cpp:1282] Warning: find_unused_parameters=True was specified in DDP constructor, but did not find any unused parameters in the forward pass. This flag results in an extra traversal of the autograd graph every iteration,  which can adversely affect performance. If your model indeed never has any unused parameters in the forward pass, consider turning this flag off. Note that this warning may be a false positive if your model has flow control causing later iterations to have unused parameters. (function operator())
[W reducer.cpp:1282] Warning: find_unused_parameters=True was specified in DDP constructor, but did not find any unused parameters in the forward pass. This flag results in an extra traversal of the autograd graph every iteration,  which can adversely affect performance. If your model indeed never has any unused parameters in the forward pass, consider turning this flag off. Note that this warning may be a false positive if your model has flow control causing later iterations to have unused parameters. (function operator())
[W reducer.cpp:1282] Warning: find_unused_parameters=True was specified in DDP constructor, but did not find any unused parameters in the forward pass. This flag results in an extra traversal of the autograd graph every iteration,  which can adversely affect performance. If your model indeed never has any unused parameters in the forward pass, consider turning this flag off. Note that this warning may be a false positive if your model has flow control causing later iterations to have unused parameters. (function operator())
[W reducer.cpp:1282] Warning: find_unused_parameters=True was specified in DDP constructor, but did not find any unused parameters in the forward pass. This flag results in an extra traversal of the autograd graph every iteration,  which can adversely affect performance. If your model indeed never has any unused parameters in the forward pass, consider turning this flag off. Note that this warning may be a false positive if your model has flow control causing later iterations to have unused parameters. (function operator())
[W reducer.cpp:1282] Warning: find_unused_parameters=True was specified in DDP constructor, but did not find any unused parameters in the forward pass. This flag results in an extra traversal of the autograd graph every iteration,  which can adversely affect performance. If your model indeed never has any unused parameters in the forward pass, consider turning this flag off. Note that this warning may be a false positive if your model has flow control causing later iterations to have unused parameters. (function operator())
[W reducer.cpp:1282] Warning: find_unused_parameters=True was specified in DDP constructor, but did not find any unused parameters in the forward pass. This flag results in an extra traversal of the autograd graph every iteration,  which can adversely affect performance. If your model indeed never has any unused parameters in the forward pass, consider turning this flag off. Note that this warning may be a false positive if your model has flow control causing later iterations to have unused parameters. (function operator())
[W reducer.cpp:1282] Warning: find_unused_parameters=True was specified in DDP constructor, but did not find any unused parameters in the forward pass. This flag results in an extra traversal of the autograd graph every iteration,  which can adversely affect performance. If your model indeed never has any unused parameters in the forward pass, consider turning this flag off. Note that this warning may be a false positive if your model has flow control causing later iterations to have unused parameters. (function operator())
[W reducer.cpp:1282] Warning: find_unused_parameters=True was specified in DDP constructor, but did not find any unused parameters in the forward pass. This flag results in an extra traversal of the autograd graph every iteration,  which can adversely affect performance. If your model indeed never has any unused parameters in the forward pass, consider turning this flag off. Note that this warning may be a false positive if your model has flow control causing later iterations to have unused parameters. (function operator())
[W reducer.cpp:1282] Warning: find_unused_parameters=True was specified in DDP constructor, but did not find any unused parameters in the forward pass. This flag results in an extra traversal of the autograd graph every iteration,  which can adversely affect performance. If your model indeed never has any unused parameters in the forward pass, consider turning this flag off. Note that this warning may be a false positive if your model has flow control causing later iterations to have unused parameters. (function operator())
[W reducer.cpp:1282] Warning: find_unused_parameters=True was specified in DDP constructor, but did not find any unused parameters in the forward pass. This flag results in an extra traversal of the autograd graph every iteration,  which can adversely affect performance. If your model indeed never has any unused parameters in the forward pass, consider turning this flag off. Note that this warning may be a false positive if your model has flow control causing later iterations to have unused parameters. (function operator())
[W reducer.cpp:1282] Warning: find_unused_parameters=True was specified in DDP constructor, but did not find any unused parameters in the forward pass. This flag results in an extra traversal of the autograd graph every iteration,  which can adversely affect performance. If your model indeed never has any unused parameters in the forward pass, consider turning this flag off. Note that this warning may be a false positive if your model has flow control causing later iterations to have unused parameters. (function operator())
[W reducer.cpp:1282] Warning: find_unused_parameters=True was specified in DDP constructor, but did not find any unused parameters in the forward pass. This flag results in an extra traversal of the autograd graph every iteration,  which can adversely affect performance. If your model indeed never has any unused parameters in the forward pass, consider turning this flag off. Note that this warning may be a false positive if your model has flow control causing later iterations to have unused parameters. (function operator())
[W reducer.cpp:1282] Warning: find_unused_parameters=True was specified in DDP constructor, but did not find any unused parameters in the forward pass. This flag results in an extra traversal of the autograd graph every iteration,  which can adversely affect performance. If your model indeed never has any unused parameters in the forward pass, consider turning this flag off. Note that this warning may be a false positive if your model has flow control causing later iterations to have unused parameters. (function operator())
[W reducer.cpp:1282] Warning: find_unused_parameters=True was specified in DDP constructor, but did not find any unused parameters in the forward pass. This flag results in an extra traversal of the autograd graph every iteration,  which can adversely affect performance. If your model indeed never has any unused parameters in the forward pass, consider turning this flag off. Note that this warning may be a false positive if your model has flow control causing later iterations to have unused parameters. (function operator())
[W reducer.cpp:1282] Warning: find_unused_parameters=True was specified in DDP constructor, but did not find any unused parameters in the forward pass. This flag results in an extra traversal of the autograd graph every iteration,  which can adversely affect performance. If your model indeed never has any unused parameters in the forward pass, consider turning this flag off. Note that this warning may be a false positive if your model has flow control causing later iterations to have unused parameters. (function operator())
[W reducer.cpp:1282] Warning: find_unused_parameters=True was specified in DDP constructor, but did not find any unused parameters in the forward pass. This flag results in an extra traversal of the autograd graph every iteration,  which can adversely affect performance. If your model indeed never has any unused parameters in the forward pass, consider turning this flag off. Note that this warning may be a false positive if your model has flow control causing later iterations to have unused parameters. (function operator())
generator made step 0
discriminator made step 0
generator made step 16
discriminator made step 16
generator made step 32
discriminator made step 32
generator made step 48
discriminator made step 48
generator made step 64
discriminator made step 64
generator made step 80
discriminator made step 80
generator made step 96
discriminator made step 96
generator made step 112
discriminator made step 112
generator made step 128
discriminator made step 128
generator made step 144
discriminator made step 144
generator made step 160
discriminator made step 160
generator made step 176
discriminator made step 176
generator made step 192
discriminator made step 192
generator made step 208
discriminator made step 208
generator made step 224
discriminator made step 224
generator made step 240
discriminator made step 240
generator made step 256
discriminator made step 256
generator made step 272
discriminator made step 272
generator made step 288
discriminator made step 288
generator made step 304
discriminator made step 304
generator made step 320
discriminator made step 320
generator made step 336
discriminator made step 336
generator made step 352
discriminator made step 352
generator made step 368
discriminator made step 368
generator made step 384
discriminator made step 384
generator made step 400
discriminator made step 400
generator made step 416
discriminator made step 416
generator made step 432
discriminator made step 432
generator made step 448
discriminator made step 448
generator made step 464
discriminator made step 464
generator made step 480
discriminator made step 480
generator made step 496
discriminator made step 496
2022-07-23 05:25:54,638 - root - INFO - Total=470.038053, G=371.883124, D=92.387582, data=1.655573, next=4.111774
2022-07-23 05:26:00,960 - root - INFO - Total=6.321201, G=0.554008, data=3.196895, acc=0.865278, agg=0.278465, next=1.426554
2022-07-23 05:26:14,438 - root - INFO - Time taken for epoch 15 is 489.8396940231323 sec
2022-07-23 05:26:14,439 - root - INFO - Train time = 470.0380525588989, Valid time = 6.321200847625732
2022-07-23 05:26:14,439 - root - INFO - G losses = {'GAN': 2.800992488861084, 'GAN_Feat': 0.3596803843975067}
2022-07-23 05:26:14,439 - root - INFO - D losses = {'D_Fake': 3.658802233985625e-05, 'D_real': 0.0}
generator made step 0
discriminator made step 0
generator made step 16
discriminator made step 16
generator made step 32
discriminator made step 32
generator made step 48
discriminator made step 48
generator made step 64
discriminator made step 64
generator made step 80
discriminator made step 80
generator made step 96
discriminator made step 96
generator made step 112
discriminator made step 112
generator made step 128
discriminator made step 128
generator made step 144
discriminator made step 144
generator made step 160
discriminator made step 160
generator made step 176
discriminator made step 176
generator made step 192
discriminator made step 192
generator made step 208
discriminator made step 208
generator made step 224
discriminator made step 224
generator made step 240
discriminator made step 240
generator made step 256
discriminator made step 256
generator made step 272
discriminator made step 272
generator made step 288
discriminator made step 288
generator made step 304
discriminator made step 304
generator made step 320
discriminator made step 320
generator made step 336
discriminator made step 336
generator made step 352
discriminator made step 352
generator made step 368
discriminator made step 368
generator made step 384
discriminator made step 384
generator made step 400
discriminator made step 400
generator made step 416
discriminator made step 416
generator made step 432
discriminator made step 432
generator made step 448
discriminator made step 448
generator made step 464
discriminator made step 464
generator made step 480
discriminator made step 480
generator made step 496
discriminator made step 496
2022-07-23 05:33:37,685 - root - INFO - Total=443.245572, G=346.971668, D=92.424201, data=1.629359, next=2.220343
2022-07-23 05:33:43,838 - root - INFO - Total=6.152264, G=0.472406, data=3.371315, acc=0.006490, agg=0.260451, next=2.041603
2022-07-23 05:33:56,013 - root - INFO - Time taken for epoch 16 is 461.57419896125793 sec
2022-07-23 05:33:56,013 - root - INFO - Train time = 443.24557161331177, Valid time = 6.152264356613159
2022-07-23 05:33:56,013 - root - INFO - G losses = {'GAN': 3.626523494720459, 'GAN_Feat': 0.25569990277290344}
2022-07-23 05:33:56,013 - root - INFO - D losses = {'D_Fake': 0.2879553735256195, 'D_real': 1.6267162561416626}
generator made step 0
discriminator made step 0
generator made step 16
discriminator made step 16
generator made step 32
discriminator made step 32
generator made step 48
discriminator made step 48
generator made step 64
discriminator made step 64
generator made step 80
discriminator made step 80
generator made step 96
discriminator made step 96
generator made step 112
discriminator made step 112
generator made step 128
discriminator made step 128
generator made step 144
discriminator made step 144
generator made step 160
discriminator made step 160
generator made step 176
discriminator made step 176
generator made step 192
discriminator made step 192
generator made step 208
discriminator made step 208
generator made step 224
discriminator made step 224
generator made step 240
discriminator made step 240
generator made step 256
discriminator made step 256
generator made step 272
discriminator made step 272
generator made step 288
discriminator made step 288
generator made step 304
discriminator made step 304
generator made step 320
discriminator made step 320
generator made step 336
discriminator made step 336
generator made step 352
discriminator made step 352
generator made step 368
discriminator made step 368
generator made step 384
discriminator made step 384
generator made step 400
discriminator made step 400
generator made step 416
discriminator made step 416
generator made step 432
discriminator made step 432
generator made step 448
discriminator made step 448
generator made step 464
discriminator made step 464
generator made step 480
discriminator made step 480
generator made step 496
discriminator made step 496
2022-07-23 05:41:18,369 - root - INFO - Total=442.354948, G=347.097394, D=92.396875, data=1.631069, next=1.229611
2022-07-23 05:41:23,535 - root - INFO - Total=5.164506, G=0.493775, data=3.203813, acc=0.006644, agg=0.209896, next=1.250379
2022-07-23 05:41:35,818 - root - INFO - Time taken for epoch 17 is 459.8049886226654 sec
2022-07-23 05:41:35,819 - root - INFO - Train time = 442.3549482822418, Valid time = 5.16450572013855
2022-07-23 05:41:35,819 - root - INFO - G losses = {'GAN': 1.8214006423950195, 'GAN_Feat': 0.35162800550460815}
2022-07-23 05:41:35,819 - root - INFO - D losses = {'D_Fake': 0.3341164290904999, 'D_real': 0.0}
generator made step 0
discriminator made step 0
generator made step 16
discriminator made step 16
generator made step 32
discriminator made step 32
generator made step 48
discriminator made step 48
generator made step 64
discriminator made step 64
generator made step 80
discriminator made step 80
generator made step 96
discriminator made step 96
generator made step 112
discriminator made step 112
generator made step 128
discriminator made step 128
generator made step 144
discriminator made step 144
generator made step 160
discriminator made step 160
generator made step 176
discriminator made step 176
generator made step 192
discriminator made step 192
generator made step 208
discriminator made step 208
generator made step 224
discriminator made step 224
generator made step 240
discriminator made step 240
generator made step 256
discriminator made step 256
generator made step 272
discriminator made step 272
generator made step 288
discriminator made step 288
generator made step 304
discriminator made step 304
generator made step 320
discriminator made step 320
generator made step 336
discriminator made step 336
generator made step 352
discriminator made step 352
generator made step 368
discriminator made step 368
generator made step 384
discriminator made step 384
generator made step 400
discriminator made step 400
generator made step 416
discriminator made step 416
generator made step 432
discriminator made step 432
generator made step 448
discriminator made step 448
generator made step 464
discriminator made step 464
generator made step 480
discriminator made step 480
generator made step 496
discriminator made step 496
2022-07-23 05:48:58,230 - root - INFO - Total=442.409730, G=347.103098, D=92.372408, data=1.629769, next=1.304455
2022-07-23 05:49:03,904 - root - INFO - Total=5.673509, G=0.583792, data=3.151779, acc=0.008110, agg=0.208803, next=1.721026
2022-07-23 05:49:16,258 - root - INFO - Time taken for epoch 18 is 460.4394052028656 sec
2022-07-23 05:49:16,259 - root - INFO - Train time = 442.4097304344177, Valid time = 5.673509359359741
2022-07-23 05:49:16,259 - root - INFO - G losses = {'GAN': 1.9196865558624268, 'GAN_Feat': 0.24193277955055237}
2022-07-23 05:49:16,259 - root - INFO - D losses = {'D_Fake': 0.047179605811834335, 'D_real': 0.0039033072534948587}
generator made step 0
discriminator made step 0
generator made step 16
discriminator made step 16
generator made step 32
discriminator made step 32
generator made step 48
discriminator made step 48
generator made step 64
discriminator made step 64
generator made step 80
discriminator made step 80
generator made step 96
discriminator made step 96
generator made step 112
discriminator made step 112
generator made step 128
discriminator made step 128
generator made step 144
discriminator made step 144
generator made step 160
discriminator made step 160
generator made step 176
discriminator made step 176
generator made step 192
discriminator made step 192
generator made step 208
discriminator made step 208
generator made step 224
discriminator made step 224
generator made step 240
discriminator made step 240
generator made step 256
discriminator made step 256
generator made step 272
discriminator made step 272
generator made step 288
discriminator made step 288
generator made step 304
discriminator made step 304
generator made step 320
discriminator made step 320
generator made step 336
discriminator made step 336
generator made step 352
discriminator made step 352
generator made step 368
discriminator made step 368
generator made step 384
discriminator made step 384
generator made step 400
discriminator made step 400
generator made step 416
discriminator made step 416
generator made step 432
discriminator made step 432
generator made step 448
discriminator made step 448
generator made step 464
discriminator made step 464
generator made step 480
discriminator made step 480
generator made step 496
discriminator made step 496
2022-07-23 05:56:38,594 - root - INFO - Total=442.333865, G=346.985540, D=92.436806, data=1.632175, next=1.279344
2022-07-23 05:56:44,729 - root - INFO - Total=6.134256, G=0.416130, data=3.436059, acc=0.005692, agg=0.229984, next=2.046391
2022-07-23 05:56:57,017 - root - INFO - Time taken for epoch 19 is 460.7580533027649 sec
2022-07-23 05:56:57,018 - root - INFO - Train time = 442.33386516571045, Valid time = 6.134256362915039
2022-07-23 05:56:57,018 - root - INFO - G losses = {'GAN': 4.1155595779418945, 'GAN_Feat': 0.47183218598365784}
2022-07-23 05:56:57,018 - root - INFO - D losses = {'D_Fake': 0.031115805730223656, 'D_real': 0.0}
generator made step 0
discriminator made step 0
generator made step 16
discriminator made step 16
generator made step 32
discriminator made step 32
generator made step 48
discriminator made step 48
generator made step 64
discriminator made step 64
generator made step 80
discriminator made step 80
generator made step 96
discriminator made step 96
generator made step 112
discriminator made step 112
generator made step 128
discriminator made step 128
generator made step 144
discriminator made step 144
generator made step 160
discriminator made step 160
generator made step 176
discriminator made step 176
generator made step 192
discriminator made step 192
generator made step 208
discriminator made step 208
generator made step 224
discriminator made step 224
generator made step 240
discriminator made step 240
generator made step 256
discriminator made step 256
generator made step 272
discriminator made step 272
generator made step 288
discriminator made step 288
generator made step 304
discriminator made step 304
generator made step 320
discriminator made step 320
generator made step 336
discriminator made step 336
generator made step 352
discriminator made step 352
generator made step 368
discriminator made step 368
generator made step 384
discriminator made step 384
generator made step 400
discriminator made step 400
generator made step 416
discriminator made step 416
generator made step 432
discriminator made step 432
generator made step 448
discriminator made step 448
generator made step 464
discriminator made step 464
generator made step 480
discriminator made step 480
generator made step 496
discriminator made step 496
2022-07-23 06:04:19,230 - root - INFO - Total=442.211482, G=347.217824, D=92.363647, data=1.631904, next=0.998109
2022-07-23 06:04:25,372 - root - INFO - Total=6.141328, G=0.455872, data=3.402930, acc=0.006156, agg=0.247929, next=2.028441
2022-07-23 06:04:37,600 - root - INFO - Time taken for epoch 20 is 460.5826954841614 sec
2022-07-23 06:04:37,601 - root - INFO - Train time = 442.21148228645325, Valid time = 6.1413280963897705
2022-07-23 06:04:37,601 - root - INFO - G losses = {'GAN': 1.1391792297363281, 'GAN_Feat': 0.2507877051830292}
2022-07-23 06:04:37,601 - root - INFO - D losses = {'D_Fake': 0.043291181325912476, 'D_real': 0.9566465616226196}
generator made step 0
discriminator made step 0
generator made step 16
discriminator made step 16
generator made step 32
discriminator made step 32
generator made step 48
discriminator made step 48
generator made step 64
discriminator made step 64
generator made step 80
discriminator made step 80
generator made step 96
discriminator made step 96
generator made step 112
discriminator made step 112
generator made step 128
discriminator made step 128
generator made step 144
discriminator made step 144
generator made step 160
discriminator made step 160
generator made step 176
discriminator made step 176
generator made step 192
discriminator made step 192
generator made step 208
discriminator made step 208
generator made step 224
discriminator made step 224
generator made step 240
discriminator made step 240
generator made step 256
discriminator made step 256
generator made step 272
discriminator made step 272
generator made step 288
discriminator made step 288
generator made step 304
discriminator made step 304
generator made step 320
discriminator made step 320
generator made step 336
discriminator made step 336
generator made step 352
discriminator made step 352
generator made step 368
discriminator made step 368
generator made step 384
discriminator made step 384
generator made step 400
discriminator made step 400
generator made step 416
discriminator made step 416
generator made step 432
discriminator made step 432
generator made step 448
discriminator made step 448
generator made step 464
discriminator made step 464
generator made step 480
discriminator made step 480
generator made step 496
discriminator made step 496
2022-07-23 06:11:59,977 - root - INFO - Total=442.375720, G=347.079056, D=92.359233, data=1.630835, next=1.306596
2022-07-23 06:12:05,797 - root - INFO - Total=5.818707, G=0.484620, data=3.307119, acc=0.006816, agg=0.215104, next=1.805048
2022-07-23 06:12:17,896 - root - INFO - Time taken for epoch 21 is 460.2957308292389 sec
2022-07-23 06:12:17,897 - root - INFO - Train time = 442.37571954727173, Valid time = 5.818707466125488
2022-07-23 06:12:17,897 - root - INFO - G losses = {'GAN': 3.8266844749450684, 'GAN_Feat': 0.29514023661613464}
2022-07-23 06:12:17,897 - root - INFO - D losses = {'D_Fake': 0.0022179558873176575, 'D_real': 0.33690550923347473}
generator made step 0
discriminator made step 0
generator made step 16
discriminator made step 16
generator made step 32
discriminator made step 32
generator made step 48
discriminator made step 48
generator made step 64
discriminator made step 64
generator made step 80
discriminator made step 80
generator made step 96
discriminator made step 96
generator made step 112
discriminator made step 112
generator made step 128
discriminator made step 128
generator made step 144
discriminator made step 144
generator made step 160
discriminator made step 160
generator made step 176
discriminator made step 176
generator made step 192
discriminator made step 192
generator made step 208
discriminator made step 208
generator made step 224
discriminator made step 224
generator made step 240
discriminator made step 240
generator made step 256
discriminator made step 256
generator made step 272
discriminator made step 272
generator made step 288
discriminator made step 288
generator made step 304
discriminator made step 304
generator made step 320
discriminator made step 320
generator made step 336
discriminator made step 336
generator made step 352
discriminator made step 352
generator made step 368
discriminator made step 368
generator made step 384
discriminator made step 384
generator made step 400
discriminator made step 400
generator made step 416
discriminator made step 416
generator made step 432
discriminator made step 432
generator made step 448
discriminator made step 448
generator made step 464
discriminator made step 464
generator made step 480
discriminator made step 480
generator made step 496
discriminator made step 496
2022-07-23 06:19:41,138 - root - INFO - Total=443.240189, G=346.967422, D=92.401809, data=1.631767, next=2.239191
2022-07-23 06:19:46,381 - root - INFO - Total=5.242091, G=0.476219, data=3.235151, acc=0.006308, agg=0.208913, next=1.315500
2022-07-23 06:19:58,792 - root - INFO - Time taken for epoch 22 is 460.89470911026 sec
2022-07-23 06:19:58,792 - root - INFO - Train time = 443.24018907546997, Valid time = 5.242090940475464
2022-07-23 06:19:58,792 - root - INFO - G losses = {'GAN': 2.36315655708313, 'GAN_Feat': 0.22485974431037903}
2022-07-23 06:19:58,792 - root - INFO - D losses = {'D_Fake': 0.13925695419311523, 'D_real': 0.1595628410577774}
generator made step 0
discriminator made step 0
generator made step 16
discriminator made step 16
generator made step 32
discriminator made step 32
generator made step 48
discriminator made step 48
generator made step 64
discriminator made step 64
generator made step 80
discriminator made step 80
generator made step 96
discriminator made step 96
generator made step 112
discriminator made step 112
generator made step 128
discriminator made step 128
generator made step 144
discriminator made step 144
generator made step 160
discriminator made step 160
generator made step 176
discriminator made step 176
generator made step 192
discriminator made step 192
generator made step 208
discriminator made step 208
generator made step 224
discriminator made step 224
generator made step 240
discriminator made step 240
generator made step 256
discriminator made step 256
generator made step 272
discriminator made step 272
generator made step 288
discriminator made step 288
generator made step 304
discriminator made step 304
generator made step 320
discriminator made step 320
generator made step 336
discriminator made step 336
generator made step 352
discriminator made step 352
generator made step 368
discriminator made step 368
generator made step 384
discriminator made step 384
generator made step 400
discriminator made step 400
generator made step 416
discriminator made step 416
generator made step 432
discriminator made step 432
generator made step 448
discriminator made step 448
generator made step 464
discriminator made step 464
generator made step 480
discriminator made step 480
generator made step 496
discriminator made step 496
2022-07-23 06:27:21,418 - root - INFO - Total=442.624339, G=347.296671, D=92.390321, data=1.632185, next=1.305162
2022-07-23 06:27:27,637 - root - INFO - Total=6.218923, G=0.425594, data=3.398130, acc=0.005496, agg=0.249968, next=2.139736
2022-07-23 06:27:39,803 - root - INFO - Time taken for epoch 23 is 461.01034593582153 sec
2022-07-23 06:27:39,803 - root - INFO - Train time = 442.6243386268616, Valid time = 6.218922853469849
2022-07-23 06:27:39,803 - root - INFO - G losses = {'GAN': 3.759005546569824, 'GAN_Feat': 0.29534339904785156}
2022-07-23 06:27:39,803 - root - INFO - D losses = {'D_Fake': 0.27242785692214966, 'D_real': 0.0031445573549717665}
generator made step 0
discriminator made step 0
generator made step 16
discriminator made step 16
generator made step 32
discriminator made step 32
generator made step 48
discriminator made step 48
generator made step 64
discriminator made step 64
generator made step 80
discriminator made step 80
generator made step 96
discriminator made step 96
generator made step 112
discriminator made step 112
generator made step 128
discriminator made step 128
generator made step 144
discriminator made step 144
generator made step 160
discriminator made step 160
generator made step 176
discriminator made step 176
generator made step 192
discriminator made step 192
generator made step 208
discriminator made step 208
generator made step 224
discriminator made step 224
generator made step 240
discriminator made step 240
generator made step 256
discriminator made step 256
generator made step 272
discriminator made step 272
generator made step 288
discriminator made step 288
generator made step 304
discriminator made step 304
generator made step 320
discriminator made step 320
generator made step 336
discriminator made step 336
generator made step 352
discriminator made step 352
generator made step 368
discriminator made step 368
generator made step 384
discriminator made step 384
generator made step 400
discriminator made step 400
generator made step 416
discriminator made step 416
generator made step 432
discriminator made step 432
generator made step 448
discriminator made step 448
generator made step 464
discriminator made step 464
generator made step 480
discriminator made step 480
generator made step 496
discriminator made step 496
2022-07-23 06:35:03,139 - root - INFO - Total=443.335216, G=347.222808, D=92.358020, data=1.629105, next=2.125283
2022-07-23 06:35:08,767 - root - INFO - Total=5.626778, G=0.479754, data=3.250136, acc=0.006156, agg=0.211629, next=1.679103
2022-07-23 06:35:21,031 - root - INFO - Time taken for epoch 24 is 461.22789478302 sec
2022-07-23 06:35:21,032 - root - INFO - Train time = 443.3352155685425, Valid time = 5.6267781257629395
2022-07-23 06:35:21,032 - root - INFO - G losses = {'GAN': 4.7671895027160645, 'GAN_Feat': 0.33392372727394104}
2022-07-23 06:35:21,032 - root - INFO - D losses = {'D_Fake': 0.006018532905727625, 'D_real': 0.0012205344391986728}
generator made step 0
discriminator made step 0
generator made step 16
discriminator made step 16
generator made step 32
discriminator made step 32
generator made step 48
discriminator made step 48
generator made step 64
discriminator made step 64
generator made step 80
discriminator made step 80
generator made step 96
discriminator made step 96
generator made step 112
discriminator made step 112
generator made step 128
discriminator made step 128
generator made step 144
discriminator made step 144
generator made step 160
discriminator made step 160
generator made step 176
discriminator made step 176
generator made step 192
discriminator made step 192
generator made step 208
discriminator made step 208
generator made step 224
discriminator made step 224
generator made step 240
discriminator made step 240
generator made step 256
discriminator made step 256
generator made step 272
discriminator made step 272
generator made step 288
discriminator made step 288
generator made step 304
discriminator made step 304
generator made step 320
discriminator made step 320
generator made step 336
discriminator made step 336
generator made step 352
discriminator made step 352
generator made step 368
discriminator made step 368
generator made step 384
discriminator made step 384
generator made step 400
discriminator made step 400
generator made step 416
discriminator made step 416
generator made step 432
discriminator made step 432
generator made step 448
discriminator made step 448
generator made step 464
discriminator made step 464
generator made step 480
discriminator made step 480
generator made step 496
discriminator made step 496
2022-07-23 06:42:43,390 - root - INFO - Total=442.356947, G=347.231745, D=92.379351, data=1.632296, next=1.113555
2022-07-23 06:42:49,520 - root - INFO - Total=6.129524, G=0.435983, data=3.386893, acc=0.005568, agg=0.279181, next=2.021898
2022-07-23 06:43:01,694 - root - INFO - Time taken for epoch 25 is 460.6619441509247 sec
2022-07-23 06:43:01,694 - root - INFO - Train time = 442.3569474220276, Valid time = 6.12952446937561
2022-07-23 06:43:01,694 - root - INFO - G losses = {'GAN': 3.440378189086914, 'GAN_Feat': 0.32198187708854675}
2022-07-23 06:43:01,694 - root - INFO - D losses = {'D_Fake': 5.599856194749009e-06, 'D_real': 1.3405872583389282}
generator made step 0
discriminator made step 0
generator made step 16
discriminator made step 16
generator made step 32
discriminator made step 32
generator made step 48
discriminator made step 48
generator made step 64
discriminator made step 64
generator made step 80
discriminator made step 80
generator made step 96
discriminator made step 96
generator made step 112
discriminator made step 112
generator made step 128
discriminator made step 128
generator made step 144
discriminator made step 144
generator made step 160
discriminator made step 160
generator made step 176
discriminator made step 176
generator made step 192
discriminator made step 192
generator made step 208
discriminator made step 208
generator made step 224
discriminator made step 224
generator made step 240
discriminator made step 240
generator made step 256
discriminator made step 256
generator made step 272
discriminator made step 272
generator made step 288
discriminator made step 288
generator made step 304
discriminator made step 304
generator made step 320
discriminator made step 320
generator made step 336
discriminator made step 336
generator made step 352
discriminator made step 352
generator made step 368
discriminator made step 368
generator made step 384
discriminator made step 384
generator made step 400
discriminator made step 400
generator made step 416
discriminator made step 416
generator made step 432
discriminator made step 432
generator made step 448
discriminator made step 448
generator made step 464
discriminator made step 464
generator made step 480
discriminator made step 480
generator made step 496
discriminator made step 496
2022-07-23 06:50:24,464 - root - INFO - Total=442.768618, G=347.283460, D=92.529250, data=1.631182, next=1.324727
2022-07-23 06:50:30,433 - root - INFO - Total=5.967733, G=0.556014, data=3.167330, acc=0.006751, agg=0.252346, next=1.985291
2022-07-23 06:50:42,773 - root - INFO - Time taken for epoch 26 is 461.07870984077454 sec
2022-07-23 06:50:42,773 - root - INFO - Train time = 442.7686183452606, Valid time = 5.967732667922974
2022-07-23 06:50:42,773 - root - INFO - G losses = {'GAN': 4.331744194030762, 'GAN_Feat': 0.3277810215950012}
2022-07-23 06:50:42,773 - root - INFO - D losses = {'D_Fake': 3.6555044061969966e-05, 'D_real': 1.9947474356740713e-05}
generator made step 0
discriminator made step 0
generator made step 16
discriminator made step 16
generator made step 32
discriminator made step 32
generator made step 48
discriminator made step 48
generator made step 64
discriminator made step 64
generator made step 80
discriminator made step 80
generator made step 96
discriminator made step 96
generator made step 112
discriminator made step 112
generator made step 128
discriminator made step 128
generator made step 144
discriminator made step 144
generator made step 160
discriminator made step 160
generator made step 176
discriminator made step 176
generator made step 192
discriminator made step 192
generator made step 208
discriminator made step 208
generator made step 224
discriminator made step 224
generator made step 240
discriminator made step 240
generator made step 256
discriminator made step 256
generator made step 272
discriminator made step 272
generator made step 288
discriminator made step 288
generator made step 304
discriminator made step 304
generator made step 320
discriminator made step 320
generator made step 336
discriminator made step 336
generator made step 352
discriminator made step 352
generator made step 368
discriminator made step 368
generator made step 384
discriminator made step 384
generator made step 400
discriminator made step 400
generator made step 416
discriminator made step 416
generator made step 432
discriminator made step 432
generator made step 448
discriminator made step 448
generator made step 464
discriminator made step 464
generator made step 480
discriminator made step 480
generator made step 496
discriminator made step 496
2022-07-23 06:58:06,152 - root - INFO - Total=443.377424, G=347.160875, D=92.361727, data=1.629361, next=2.225461
2022-07-23 06:58:12,119 - root - INFO - Total=5.966286, G=0.509979, data=3.253611, acc=0.007115, agg=0.241548, next=1.954032
2022-07-23 06:58:24,353 - root - INFO - Time taken for epoch 27 is 461.57924699783325 sec
2022-07-23 06:58:24,353 - root - INFO - Train time = 443.37742376327515, Valid time = 5.966285943984985
2022-07-23 06:58:24,353 - root - INFO - G losses = {'GAN': 2.7184362411499023, 'GAN_Feat': 0.2608010768890381}
2022-07-23 06:58:24,353 - root - INFO - D losses = {'D_Fake': 0.9488409161567688, 'D_real': 0.014746245928108692}
generator made step 0
discriminator made step 0
generator made step 16
discriminator made step 16
generator made step 32
discriminator made step 32
generator made step 48
discriminator made step 48
generator made step 64
discriminator made step 64
generator made step 80
discriminator made step 80
generator made step 96
discriminator made step 96
generator made step 112
discriminator made step 112
generator made step 128
discriminator made step 128
generator made step 144
discriminator made step 144
generator made step 160
discriminator made step 160
generator made step 176
discriminator made step 176
generator made step 192
discriminator made step 192
generator made step 208
discriminator made step 208
generator made step 224
discriminator made step 224
generator made step 240
discriminator made step 240
generator made step 256
discriminator made step 256
generator made step 272
discriminator made step 272
generator made step 288
discriminator made step 288
generator made step 304
discriminator made step 304
generator made step 320
discriminator made step 320
generator made step 336
discriminator made step 336
generator made step 352
discriminator made step 352
generator made step 368
discriminator made step 368
generator made step 384
discriminator made step 384
generator made step 400
discriminator made step 400
generator made step 416
discriminator made step 416
generator made step 432
discriminator made step 432
generator made step 448
discriminator made step 448
generator made step 464
discriminator made step 464
generator made step 480
discriminator made step 480
generator made step 496
discriminator made step 496
2022-07-23 07:05:47,914 - root - INFO - Total=443.559801, G=347.162424, D=92.485166, data=1.629371, next=2.282841
2022-07-23 07:05:54,077 - root - INFO - Total=6.161596, G=0.467170, data=3.372968, acc=0.006300, agg=0.235740, next=2.079417
2022-07-23 07:06:06,318 - root - INFO - Time taken for epoch 28 is 461.96465253829956 sec
2022-07-23 07:06:06,318 - root - INFO - Train time = 443.55980134010315, Valid time = 6.161595821380615
2022-07-23 07:06:06,318 - root - INFO - G losses = {'GAN': 4.547757148742676, 'GAN_Feat': 0.3392333388328552}
2022-07-23 07:06:06,318 - root - INFO - D losses = {'D_Fake': 0.0, 'D_real': 6.208482227521017e-05}
generator made step 0
discriminator made step 0
generator made step 16
discriminator made step 16
generator made step 32
discriminator made step 32
generator made step 48
discriminator made step 48
generator made step 64
discriminator made step 64
generator made step 80
discriminator made step 80
generator made step 96
discriminator made step 96
generator made step 112
discriminator made step 112
generator made step 128
discriminator made step 128
generator made step 144
discriminator made step 144
generator made step 160
discriminator made step 160
generator made step 176
discriminator made step 176
generator made step 192
discriminator made step 192
generator made step 208
discriminator made step 208
generator made step 224
discriminator made step 224
generator made step 240
discriminator made step 240
generator made step 256
discriminator made step 256
generator made step 272
discriminator made step 272
generator made step 288
discriminator made step 288
generator made step 304
discriminator made step 304
generator made step 320
discriminator made step 320
generator made step 336
discriminator made step 336
generator made step 352
discriminator made step 352
generator made step 368
discriminator made step 368
generator made step 384
discriminator made step 384
generator made step 400
discriminator made step 400
generator made step 416
discriminator made step 416
generator made step 432
discriminator made step 432
generator made step 448
discriminator made step 448
generator made step 464
discriminator made step 464
generator made step 480
discriminator made step 480
generator made step 496
discriminator made step 496
2022-07-23 07:13:28,939 - root - INFO - Total=442.619262, G=347.322128, D=92.386939, data=1.642416, next=1.267778
2022-07-23 07:13:34,926 - root - INFO - Total=5.986131, G=0.443499, data=3.369665, acc=0.005914, agg=0.239230, next=1.927823
2022-07-23 07:13:47,167 - root - INFO - Time taken for epoch 29 is 460.848913192749 sec
2022-07-23 07:13:47,168 - root - INFO - Train time = 442.6192615032196, Valid time = 5.986130714416504
2022-07-23 07:13:47,168 - root - INFO - G losses = {'GAN': 4.117852210998535, 'GAN_Feat': 0.33594152331352234}
2022-07-23 07:13:47,168 - root - INFO - D losses = {'D_Fake': 7.379567978205159e-05, 'D_real': 0.0041347830556333065}
generator made step 0
discriminator made step 0
generator made step 16
discriminator made step 16
generator made step 32
discriminator made step 32
generator made step 48
discriminator made step 48
generator made step 64
discriminator made step 64
generator made step 80
discriminator made step 80
generator made step 96
discriminator made step 96
generator made step 112
discriminator made step 112
generator made step 128
discriminator made step 128
generator made step 144
discriminator made step 144
generator made step 160
discriminator made step 160
generator made step 176
discriminator made step 176
generator made step 192
discriminator made step 192
generator made step 208
discriminator made step 208
generator made step 224
discriminator made step 224
srun: Job step aborted: Waiting up to 32 seconds for job step to finish.
slurmstepd: error: *** STEP 2780738.0 ON nid002608 CANCELLED AT 2022-07-23T07:17:09 DUE TO TIME LIMIT ***
slurmstepd: error: *** JOB 2780738 ON nid002608 CANCELLED AT 2022-07-23T07:17:09 DUE TO TIME LIMIT ***
