+ srun -u shifter -V /pscratch/sd/c/cjacobus/ML_Hydro_train/logs:/logs --image=nersc/pytorch:ngc-22.03-v0 --env PYTHONUSERBASE=/global/homes/c/cjacobus/.local/perlmutter/nersc-pytorch-ngc-22.03-v0 bash -c '
    source export_DDP_vars.sh
    python train.py --root_dir=/pscratch/sd/c/cjacobus/tsit --config=full_interact
    '
2022-07-22 19:23:38,805 - torch.distributed.distributed_c10d - INFO - Added key: store_based_barrier_key:1 to store for rank: 1
2022-07-22 19:23:38,809 - torch.distributed.distributed_c10d - INFO - Added key: store_based_barrier_key:1 to store for rank: 2
2022-07-22 19:23:38,809 - torch.distributed.distributed_c10d - INFO - Added key: store_based_barrier_key:1 to store for rank: 3
2022-07-22 19:23:38,979 - torch.distributed.distributed_c10d - INFO - Added key: store_based_barrier_key:1 to store for rank: 7
2022-07-22 19:23:38,982 - torch.distributed.distributed_c10d - INFO - Added key: store_based_barrier_key:1 to store for rank: 4
2022-07-22 19:23:38,985 - torch.distributed.distributed_c10d - INFO - Added key: store_based_barrier_key:1 to store for rank: 6
2022-07-22 19:23:38,985 - torch.distributed.distributed_c10d - INFO - Added key: store_based_barrier_key:1 to store for rank: 5
2022-07-22 19:23:39,039 - torch.distributed.distributed_c10d - INFO - Added key: store_based_barrier_key:1 to store for rank: 0
2022-07-22 19:23:39,162 - torch.distributed.distributed_c10d - INFO - Added key: store_based_barrier_key:1 to store for rank: 15
2022-07-22 19:23:39,164 - torch.distributed.distributed_c10d - INFO - Added key: store_based_barrier_key:1 to store for rank: 13
2022-07-22 19:23:39,167 - torch.distributed.distributed_c10d - INFO - Added key: store_based_barrier_key:1 to store for rank: 14
2022-07-22 19:23:39,167 - torch.distributed.distributed_c10d - INFO - Added key: store_based_barrier_key:1 to store for rank: 12
2022-07-22 19:23:39,219 - torch.distributed.distributed_c10d - INFO - Added key: store_based_barrier_key:1 to store for rank: 11
2022-07-22 19:23:39,227 - torch.distributed.distributed_c10d - INFO - Added key: store_based_barrier_key:1 to store for rank: 10
2022-07-22 19:23:39,229 - torch.distributed.distributed_c10d - INFO - Added key: store_based_barrier_key:1 to store for rank: 8
2022-07-22 19:23:39,230 - torch.distributed.distributed_c10d - INFO - Added key: store_based_barrier_key:1 to store for rank: 9
2022-07-22 19:23:39,230 - torch.distributed.distributed_c10d - INFO - Rank 11: Completed store-based barrier for key:store_based_barrier_key:1 with 16 nodes.
2022-07-22 19:23:39,230 - torch.distributed.distributed_c10d - INFO - Rank 9: Completed store-based barrier for key:store_based_barrier_key:1 with 16 nodes.
2022-07-22 19:23:39,231 - torch.distributed.distributed_c10d - INFO - Rank 5: Completed store-based barrier for key:store_based_barrier_key:1 with 16 nodes.
2022-07-22 19:23:39,231 - torch.distributed.distributed_c10d - INFO - Rank 6: Completed store-based barrier for key:store_based_barrier_key:1 with 16 nodes.
2022-07-22 19:23:39,231 - torch.distributed.distributed_c10d - INFO - Rank 1: Completed store-based barrier for key:store_based_barrier_key:1 with 16 nodes.
2022-07-22 19:23:39,231 - torch.distributed.distributed_c10d - INFO - Rank 0: Completed store-based barrier for key:store_based_barrier_key:1 with 16 nodes.
2022-07-22 19:23:39,234 - torch.distributed.distributed_c10d - INFO - Rank 15: Completed store-based barrier for key:store_based_barrier_key:1 with 16 nodes.
2022-07-22 19:23:39,235 - torch.distributed.distributed_c10d - INFO - Rank 13: Completed store-based barrier for key:store_based_barrier_key:1 with 16 nodes.
2022-07-22 19:23:39,235 - torch.distributed.distributed_c10d - INFO - Rank 7: Completed store-based barrier for key:store_based_barrier_key:1 with 16 nodes.
2022-07-22 19:23:39,235 - torch.distributed.distributed_c10d - INFO - Rank 2: Completed store-based barrier for key:store_based_barrier_key:1 with 16 nodes.
2022-07-22 19:23:39,235 - torch.distributed.distributed_c10d - INFO - Rank 3: Completed store-based barrier for key:store_based_barrier_key:1 with 16 nodes.
2022-07-22 19:23:39,236 - torch.distributed.distributed_c10d - INFO - Rank 4: Completed store-based barrier for key:store_based_barrier_key:1 with 16 nodes.
2022-07-22 19:23:39,237 - torch.distributed.distributed_c10d - INFO - Rank 10: Completed store-based barrier for key:store_based_barrier_key:1 with 16 nodes.
2022-07-22 19:23:39,238 - torch.distributed.distributed_c10d - INFO - Rank 14: Completed store-based barrier for key:store_based_barrier_key:1 with 16 nodes.
2022-07-22 19:23:39,239 - torch.distributed.distributed_c10d - INFO - Rank 12: Completed store-based barrier for key:store_based_barrier_key:1 with 16 nodes.
2022-07-22 19:23:39,239 - torch.distributed.distributed_c10d - INFO - Rank 8: Completed store-based barrier for key:store_based_barrier_key:1 with 16 nodes.
2022-07-22 19:23:39,252 - root - INFO - rank 11, begin data loader init
2022-07-22 19:23:39,252 - root - INFO - rank 11, data loader initialized
2022-07-22 19:23:39,253 - root - INFO - rank 10, begin data loader init
2022-07-22 19:23:39,253 - root - INFO - ------------------ Configuration ------------------
2022-07-22 19:23:39,253 - root - INFO - Configuration file: /global/u1/c/cjacobus/Nyx-TSIT/config/tsit.yaml
2022-07-22 19:23:39,253 - root - INFO - Configuration name: full_interact
2022-07-22 19:23:39,253 - root - INFO - Nsamples 8192
2022-07-22 19:23:39,253 - root - INFO - Nsamples_val 512
2022-07-22 19:23:39,253 - root - INFO - niter 100
2022-07-22 19:23:39,253 - root - INFO - niter_decay 50
2022-07-22 19:23:39,253 - root - INFO - num_data_workers 16
2022-07-22 19:23:39,253 - root - INFO - in_channels [0, 1, 2, 3, 17, 18, 19]
2022-07-22 19:23:39,253 - root - INFO - rank 10, data loader initialized
2022-07-22 19:23:39,253 - root - INFO - out_channels [0]
2022-07-22 19:23:39,253 - root - INFO - min_path /pscratch/sd/s/shas1693/data/era5/mins.npy
2022-07-22 19:23:39,253 - root - INFO - max_path /pscratch/sd/s/shas1693/data/era5/maxs.npy
2022-07-22 19:23:39,253 - root - INFO - time_means_path /pscratch/sd/s/shas1693/data/era5/time_means.npy
2022-07-22 19:23:39,253 - root - INFO - global_means_path /pscratch/sd/s/shas1693/data/era5/global_means.npy
2022-07-22 19:23:39,253 - root - INFO - global_stds_path /pscratch/sd/s/shas1693/data/era5/global_stds.npy
2022-07-22 19:23:39,253 - root - INFO - precip /pscratch/sd/p/pharring/ERA5/precip/total_precipitation
2022-07-22 19:23:39,253 - root - INFO - precip_eps 1e-05
2022-07-22 19:23:39,253 - root - INFO - dt 1
2022-07-22 19:23:39,253 - root - INFO - n_history 0
2022-07-22 19:23:39,253 - root - INFO - crop_size_x None
2022-07-22 19:23:39,253 - root - INFO - crop_size_y None
2022-07-22 19:23:39,253 - root - INFO - roll False
2022-07-22 19:23:39,253 - root - INFO - conttime False
2022-07-22 19:23:39,253 - root - INFO - normalization zscore
2022-07-22 19:23:39,253 - root - INFO - add_grid False
2022-07-22 19:23:39,253 - root - INFO - model pix2pix
2022-07-22 19:23:39,253 - root - INFO - norm_G spectralfadebatch3x3
2022-07-22 19:23:39,253 - root - INFO - norm_D spectralinstance
2022-07-22 19:23:39,253 - root - INFO - norm_S spectralinstance
2022-07-22 19:23:39,253 - root - INFO - norm_E spectralinstance
2022-07-22 19:23:39,253 - root - INFO - batch_size 16
2022-07-22 19:23:39,254 - root - INFO - img_size [512, 512, 512]
2022-07-22 19:23:39,254 - root - INFO - box_size [512, 512, 512]
2022-07-22 19:23:39,254 - root - INFO - data_size 128
2022-07-22 19:23:39,254 - root - INFO - input_nc 5
2022-07-22 19:23:39,254 - root - INFO - output_nc 5
2022-07-22 19:23:39,254 - root - INFO - netG tsit
2022-07-22 19:23:39,254 - root - INFO - ngf 64
2022-07-22 19:23:39,254 - root - INFO - init_type xavier
2022-07-22 19:23:39,254 - root - INFO - init_variance 0.02
2022-07-22 19:23:39,253 - root - INFO - rank 9, begin data loader init
2022-07-22 19:23:39,254 - root - INFO - z_dim 256
2022-07-22 19:23:39,254 - root - INFO - alpha 1.0
2022-07-22 19:23:39,254 - root - INFO - no_ss True
2022-07-22 19:23:39,254 - root - INFO - downsamp True
2022-07-22 19:23:39,253 - root - INFO - rank 9, data loader initialized
2022-07-22 19:23:39,254 - root - INFO - num_upsampling_blocks 6
2022-07-22 19:23:39,254 - root - INFO - rank 6, begin data loader init
2022-07-22 19:23:39,254 - root - INFO - use_periodic_padding True
2022-07-22 19:23:39,254 - root - INFO - additive_noise False
2022-07-22 19:23:39,254 - root - INFO - nef 16
2022-07-22 19:23:39,254 - root - INFO - use_vae False
2022-07-22 19:23:39,254 - root - INFO - optimizer adam
2022-07-22 19:23:39,254 - root - INFO - beta1 0.5
2022-07-22 19:23:39,254 - root - INFO - beta2 0.999
2022-07-22 19:23:39,254 - root - INFO - lr 0.0002
2022-07-22 19:23:39,254 - root - INFO - rank 8, begin data loader init
2022-07-22 19:23:39,254 - root - INFO - D_steps_per_G 1
2022-07-22 19:23:39,254 - root - INFO - use_spec_loss False
2022-07-22 19:23:39,254 - root - INFO - lambda_spec 1.0
2022-07-22 19:23:39,254 - root - INFO - rank 6, data loader initialized
2022-07-22 19:23:39,254 - root - INFO - use_l1_loss False
2022-07-22 19:23:39,254 - root - INFO - lambda_l1 1.0
2022-07-22 19:23:39,254 - root - INFO - ndf 64
2022-07-22 19:23:39,254 - root - INFO - lambda_feat 0.5
2022-07-22 19:23:39,254 - root - INFO - no_ganFeat_loss False
2022-07-22 19:23:39,254 - root - INFO - gan_mode hinge
2022-07-22 19:23:39,254 - root - INFO - netD multiscale
2022-07-22 19:23:39,254 - root - INFO - num_D 2
2022-07-22 19:23:39,254 - root - INFO - n_layers_D 4
2022-07-22 19:23:39,254 - root - INFO - no_TTUR True
2022-07-22 19:23:39,254 - root - INFO - lambda_kld 0.05
2022-07-22 19:23:39,254 - root - INFO - cat_inp False
2022-07-22 19:23:39,254 - root - INFO - rank 8, data loader initialized
2022-07-22 19:23:39,254 - root - INFO - entity weatherbenching
2022-07-22 19:23:39,254 - root - INFO - project Nyx-TSIT
2022-07-22 19:23:39,254 - root - INFO - log_to_wandb True
2022-07-22 19:23:39,254 - root - INFO - log_to_screen True
2022-07-22 19:23:39,254 - root - INFO - save_checkpoint True
2022-07-22 19:23:39,254 - root - INFO - weight_init ordereddict([('conv_init', 'normal'), ('conv_scale', 0.02), ('conv_bias', 0.0)])
2022-07-22 19:23:39,254 - root - INFO - rank 5, begin data loader init
2022-07-22 19:23:39,254 - root - INFO - lambda_rho 0
2022-07-22 19:23:39,254 - root - INFO - full_scale True
2022-07-22 19:23:39,254 - root - INFO - global_batch_size 64
2022-07-22 19:23:39,254 - root - INFO - base_batch_size 64
2022-07-22 19:23:39,254 - root - INFO - num_epochs 60
2022-07-22 19:23:39,254 - root - INFO - enable_amp False
2022-07-22 19:23:39,254 - root - INFO - rank 4, begin data loader init
2022-07-22 19:23:39,254 - root - INFO - rank 7, begin data loader init
2022-07-22 19:23:39,254 - root - INFO - enable_apex False
2022-07-22 19:23:39,254 - root - INFO - enable_benchy False
2022-07-22 19:23:39,254 - root - INFO - enable_jit False
2022-07-22 19:23:39,254 - root - INFO - expdir /logs
2022-07-22 19:23:39,254 - root - INFO - lr_schedule ordereddict([('scaling', 'sqrt'), ('start_lr', 0.0002), ('end_lr', 0.0), ('warmup_steps', 128)])
2022-07-22 19:23:39,254 - root - INFO - data_loader_config lowmem
2022-07-22 19:23:39,254 - root - INFO - rank 5, data loader initialized
2022-07-22 19:23:39,254 - root - INFO - N_out_channels 5
2022-07-22 19:23:39,254 - root - INFO - N_in_channels 5
2022-07-22 19:23:39,254 - root - INFO - train_path /pscratch/sd/c/cjacobus/Nyx_512/train_s1_512_hydro.h5
2022-07-22 19:23:39,254 - root - INFO - rank 4, data loader initialized
2022-07-22 19:23:39,254 - root - INFO - val_path /pscratch/sd/c/cjacobus/Nyx_512/train_s1_512_hydro.h5
2022-07-22 19:23:39,254 - root - INFO - use_cache None
2022-07-22 19:23:39,254 - root - INFO - ---------------------------------------------------
2022-07-22 19:23:39,254 - root - INFO - rank 7, data loader initialized
log_to_wandb -------------------------------------------------------------------
dir exists: /pscratch/sd/c/cjacobus/tsit/expts/full_interact/checkpoints/
2022-07-22 19:23:39,255 - root - INFO - rank 1, begin data loader init
2022-07-22 19:23:39,255 - root - INFO - rank 2, begin data loader init
2022-07-22 19:23:39,255 - root - INFO - rank 3, begin data loader init
2022-07-22 19:23:39,255 - root - INFO - rank 2, data loader initialized
2022-07-22 19:23:39,255 - root - INFO - rank 3, data loader initialized
2022-07-22 19:23:39,255 - root - INFO - rank 1, data loader initialized
2022-07-22 19:23:39,260 - root - INFO - rank 12, begin data loader init
2022-07-22 19:23:39,260 - root - INFO - rank 14, begin data loader init
2022-07-22 19:23:39,260 - root - INFO - rank 13, begin data loader init
2022-07-22 19:23:39,260 - root - INFO - rank 15, begin data loader init
2022-07-22 19:23:39,260 - root - INFO - rank 12, data loader initialized
2022-07-22 19:23:39,260 - root - INFO - rank 14, data loader initialized
2022-07-22 19:23:39,260 - root - INFO - rank 13, data loader initialized
2022-07-22 19:23:39,260 - root - INFO - rank 15, data loader initialized
wandb: Currently logged in as: cjacobus (use `wandb login --relogin` to force relogin)
wandb: wandb version 0.12.21 is available!  To upgrade, please run:
wandb:  $ pip install wandb --upgrade
wandb: Tracking run with wandb version 0.12.13
wandb: Run data is saved locally in /global/u1/c/cjacobus/Nyx-TSIT/wandb/run-20220722_192340-2hlox9wl
wandb: Run `wandb offline` to turn off syncing.
wandb: Resuming run full_interact
wandb: ⭐️ View project at https://wandb.ai/weatherbenching/Nyx-TSIT
wandb: 🚀 View run at https://wandb.ai/weatherbenching/Nyx-TSIT/runs/2hlox9wl
checking dir: /pscratch/sd/c/cjacobus/tsit/expts/full_interact/checkpoints/
dir exists: /pscratch/sd/c/cjacobus/tsit/expts/full_interact/checkpoints/
2022-07-22 19:23:40,777 - root - INFO - rank 0, begin data loader init
2022-07-22 19:23:40,777 - root - INFO - rank 0, data loader initialized
Network [TSITGenerator] was created. Total number of parameters: 934.7 million. To see the architecture, do print(network).
Network [TSITGenerator] was created. Total number of parameters: 934.7 million. To see the architecture, do print(network).
Network [TSITGenerator] was created. Total number of parameters: 934.7 million. To see the architecture, do print(network).
Network [TSITGenerator] was created. Total number of parameters: 934.7 million. To see the architecture, do print(network).
Network [TSITGenerator] was created. Total number of parameters: 934.7 million. To see the architecture, do print(network).
Network [TSITGenerator] was created. Total number of parameters: 934.7 million. To see the architecture, do print(network).
Network [TSITGenerator] was created. Total number of parameters: 934.7 million. To see the architecture, do print(network).
Network [TSITGenerator] was created. Total number of parameters: 934.7 million. To see the architecture, do print(network).
Network [TSITGenerator] was created. Total number of parameters: 934.7 million. To see the architecture, do print(network).
Network [TSITGenerator] was created. Total number of parameters: 934.7 million. To see the architecture, do print(network).
Network [TSITGenerator] was created. Total number of parameters: 934.7 million. To see the architecture, do print(network).
Network [TSITGenerator] was created. Total number of parameters: 934.7 million. To see the architecture, do print(network).
Network [TSITGenerator] was created. Total number of parameters: 934.7 million. To see the architecture, do print(network).
Network [TSITGenerator] was created. Total number of parameters: 934.7 million. To see the architecture, do print(network).
Network [TSITGenerator] was created. Total number of parameters: 934.7 million. To see the architecture, do print(network).
Network [TSITGenerator] was created. Total number of parameters: 934.7 million. To see the architecture, do print(network).
Network [MultiscaleDiscriminator] was created. Total number of parameters: 22.1 million. To see the architecture, do print(network).
Network [MultiscaleDiscriminator] was created. Total number of parameters: 22.1 million. To see the architecture, do print(network).
Network [MultiscaleDiscriminator] was created. Total number of parameters: 22.1 million. To see the architecture, do print(network).
Network [MultiscaleDiscriminator] was created. Total number of parameters: 22.1 million. To see the architecture, do print(network).
Network [MultiscaleDiscriminator] was created. Total number of parameters: 22.1 million. To see the architecture, do print(network).
Network [MultiscaleDiscriminator] was created. Total number of parameters: 22.1 million. To see the architecture, do print(network).
Network [MultiscaleDiscriminator] was created. Total number of parameters: 22.1 million. To see the architecture, do print(network).
Network [MultiscaleDiscriminator] was created. Total number of parameters: 22.1 million. To see the architecture, do print(network).
Network [MultiscaleDiscriminator] was created. Total number of parameters: 22.1 million. To see the architecture, do print(network).
Network [MultiscaleDiscriminator] was created. Total number of parameters: 22.1 million. To see the architecture, do print(network).
Network [MultiscaleDiscriminator] was created. Total number of parameters: 22.1 million. To see the architecture, do print(network).
Network [MultiscaleDiscriminator] was created. Total number of parameters: 22.1 million. To see the architecture, do print(network).
Network [MultiscaleDiscriminator] was created. Total number of parameters: 22.1 million. To see the architecture, do print(network).
Network [MultiscaleDiscriminator] was created. Total number of parameters: 22.1 million. To see the architecture, do print(network).
Network [MultiscaleDiscriminator] was created. Total number of parameters: 22.1 million. To see the architecture, do print(network).
Network [MultiscaleDiscriminator] was created. Total number of parameters: 22.1 million. To see the architecture, do print(network).
2022-07-22 19:24:02,852 - root - INFO - Loading checkpoint /pscratch/sd/c/cjacobus/tsit/expts/full_interact/checkpoints/ckpt.tar
2022-07-22 19:24:02,852 - root - INFO - Loading checkpoint /pscratch/sd/c/cjacobus/tsit/expts/full_interact/checkpoints/ckpt.tar
2022-07-22 19:24:02,853 - root - INFO - Loading checkpoint /pscratch/sd/c/cjacobus/tsit/expts/full_interact/checkpoints/ckpt.tar
2022-07-22 19:24:02,854 - root - INFO - Loading checkpoint /pscratch/sd/c/cjacobus/tsit/expts/full_interact/checkpoints/ckpt.tar
2022-07-22 19:24:02,855 - root - INFO - Loading checkpoint /pscratch/sd/c/cjacobus/tsit/expts/full_interact/checkpoints/ckpt.tar
2022-07-22 19:24:02,855 - root - INFO - Loading checkpoint /pscratch/sd/c/cjacobus/tsit/expts/full_interact/checkpoints/ckpt.tar
2022-07-22 19:24:02,856 - root - INFO - Loading checkpoint /pscratch/sd/c/cjacobus/tsit/expts/full_interact/checkpoints/ckpt.tar
2022-07-22 19:24:02,857 - root - INFO - Loading checkpoint /pscratch/sd/c/cjacobus/tsit/expts/full_interact/checkpoints/ckpt.tar
2022-07-22 19:24:02,857 - root - INFO - Loading checkpoint /pscratch/sd/c/cjacobus/tsit/expts/full_interact/checkpoints/ckpt.tar
2022-07-22 19:24:02,858 - root - INFO - Loading checkpoint /pscratch/sd/c/cjacobus/tsit/expts/full_interact/checkpoints/ckpt.tar
2022-07-22 19:24:02,858 - root - INFO - Loading checkpoint /pscratch/sd/c/cjacobus/tsit/expts/full_interact/checkpoints/ckpt.tar
2022-07-22 19:24:02,858 - root - INFO - Loading checkpoint /pscratch/sd/c/cjacobus/tsit/expts/full_interact/checkpoints/ckpt.tar
2022-07-22 19:24:02,858 - root - INFO - Loading checkpoint /pscratch/sd/c/cjacobus/tsit/expts/full_interact/checkpoints/ckpt.tar
2022-07-22 19:24:02,858 - root - INFO - Loading checkpoint /pscratch/sd/c/cjacobus/tsit/expts/full_interact/checkpoints/ckpt.tar
2022-07-22 19:24:02,858 - root - INFO - Loading checkpoint /pscratch/sd/c/cjacobus/tsit/expts/full_interact/checkpoints/ckpt.tar
2022-07-22 19:24:02,858 - root - INFO - Loading checkpoint /pscratch/sd/c/cjacobus/tsit/expts/full_interact/checkpoints/ckpt.tar
2022-07-22 19:24:09,428 - root - INFO - Starting Training Loop...
[W reducer.cpp:1282] Warning: find_unused_parameters=True was specified in DDP constructor, but did not find any unused parameters in the forward pass. This flag results in an extra traversal of the autograd graph every iteration,  which can adversely affect performance. If your model indeed never has any unused parameters in the forward pass, consider turning this flag off. Note that this warning may be a false positive if your model has flow control causing later iterations to have unused parameters. (function operator())
[W reducer.cpp:1282] Warning: find_unused_parameters=True was specified in DDP constructor, but did not find any unused parameters in the forward pass. This flag results in an extra traversal of the autograd graph every iteration,  which can adversely affect performance. If your model indeed never has any unused parameters in the forward pass, consider turning this flag off. Note that this warning may be a false positive if your model has flow control causing later iterations to have unused parameters. (function operator())
[W reducer.cpp:1282] Warning: find_unused_parameters=True was specified in DDP constructor, but did not find any unused parameters in the forward pass. This flag results in an extra traversal of the autograd graph every iteration,  which can adversely affect performance. If your model indeed never has any unused parameters in the forward pass, consider turning this flag off. Note that this warning may be a false positive if your model has flow control causing later iterations to have unused parameters. (function operator())
[W reducer.cpp:1282] Warning: find_unused_parameters=True was specified in DDP constructor, but did not find any unused parameters in the forward pass. This flag results in an extra traversal of the autograd graph every iteration,  which can adversely affect performance. If your model indeed never has any unused parameters in the forward pass, consider turning this flag off. Note that this warning may be a false positive if your model has flow control causing later iterations to have unused parameters. (function operator())
[W reducer.cpp:1282] Warning: find_unused_parameters=True was specified in DDP constructor, but did not find any unused parameters in the forward pass. This flag results in an extra traversal of the autograd graph every iteration,  which can adversely affect performance. If your model indeed never has any unused parameters in the forward pass, consider turning this flag off. Note that this warning may be a false positive if your model has flow control causing later iterations to have unused parameters. (function operator())
[W reducer.cpp:1282] Warning: find_unused_parameters=True was specified in DDP constructor, but did not find any unused parameters in the forward pass. This flag results in an extra traversal of the autograd graph every iteration,  which can adversely affect performance. If your model indeed never has any unused parameters in the forward pass, consider turning this flag off. Note that this warning may be a false positive if your model has flow control causing later iterations to have unused parameters. (function operator())
[W reducer.cpp:1282] Warning: find_unused_parameters=True was specified in DDP constructor, but did not find any unused parameters in the forward pass. This flag results in an extra traversal of the autograd graph every iteration,  which can adversely affect performance. If your model indeed never has any unused parameters in the forward pass, consider turning this flag off. Note that this warning may be a false positive if your model has flow control causing later iterations to have unused parameters. (function operator())
[W reducer.cpp:1282] Warning: find_unused_parameters=True was specified in DDP constructor, but did not find any unused parameters in the forward pass. This flag results in an extra traversal of the autograd graph every iteration,  which can adversely affect performance. If your model indeed never has any unused parameters in the forward pass, consider turning this flag off. Note that this warning may be a false positive if your model has flow control causing later iterations to have unused parameters. (function operator())
[W reducer.cpp:1282] Warning: find_unused_parameters=True was specified in DDP constructor, but did not find any unused parameters in the forward pass. This flag results in an extra traversal of the autograd graph every iteration,  which can adversely affect performance. If your model indeed never has any unused parameters in the forward pass, consider turning this flag off. Note that this warning may be a false positive if your model has flow control causing later iterations to have unused parameters. (function operator())
[W reducer.cpp:1282] Warning: find_unused_parameters=True was specified in DDP constructor, but did not find any unused parameters in the forward pass. This flag results in an extra traversal of the autograd graph every iteration,  which can adversely affect performance. If your model indeed never has any unused parameters in the forward pass, consider turning this flag off. Note that this warning may be a false positive if your model has flow control causing later iterations to have unused parameters. (function operator())
[W reducer.cpp:1282] Warning: find_unused_parameters=True was specified in DDP constructor, but did not find any unused parameters in the forward pass. This flag results in an extra traversal of the autograd graph every iteration,  which can adversely affect performance. If your model indeed never has any unused parameters in the forward pass, consider turning this flag off. Note that this warning may be a false positive if your model has flow control causing later iterations to have unused parameters. (function operator())
[W reducer.cpp:1282] Warning: find_unused_parameters=True was specified in DDP constructor, but did not find any unused parameters in the forward pass. This flag results in an extra traversal of the autograd graph every iteration,  which can adversely affect performance. If your model indeed never has any unused parameters in the forward pass, consider turning this flag off. Note that this warning may be a false positive if your model has flow control causing later iterations to have unused parameters. (function operator())
[W reducer.cpp:1282] Warning: find_unused_parameters=True was specified in DDP constructor, but did not find any unused parameters in the forward pass. This flag results in an extra traversal of the autograd graph every iteration,  which can adversely affect performance. If your model indeed never has any unused parameters in the forward pass, consider turning this flag off. Note that this warning may be a false positive if your model has flow control causing later iterations to have unused parameters. (function operator())
[W reducer.cpp:1282] Warning: find_unused_parameters=True was specified in DDP constructor, but did not find any unused parameters in the forward pass. This flag results in an extra traversal of the autograd graph every iteration,  which can adversely affect performance. If your model indeed never has any unused parameters in the forward pass, consider turning this flag off. Note that this warning may be a false positive if your model has flow control causing later iterations to have unused parameters. (function operator())
[W reducer.cpp:1282] Warning: find_unused_parameters=True was specified in DDP constructor, but did not find any unused parameters in the forward pass. This flag results in an extra traversal of the autograd graph every iteration,  which can adversely affect performance. If your model indeed never has any unused parameters in the forward pass, consider turning this flag off. Note that this warning may be a false positive if your model has flow control causing later iterations to have unused parameters. (function operator())
[W reducer.cpp:1282] Warning: find_unused_parameters=True was specified in DDP constructor, but did not find any unused parameters in the forward pass. This flag results in an extra traversal of the autograd graph every iteration,  which can adversely affect performance. If your model indeed never has any unused parameters in the forward pass, consider turning this flag off. Note that this warning may be a false positive if your model has flow control causing later iterations to have unused parameters. (function operator())
generator made step 0
discriminator made step 0
generator made step 16
discriminator made step 16
generator made step 32
discriminator made step 32
generator made step 48
discriminator made step 48
generator made step 64
discriminator made step 64
generator made step 80
discriminator made step 80
generator made step 96
discriminator made step 96
generator made step 112
discriminator made step 112
generator made step 128
discriminator made step 128
generator made step 144
discriminator made step 144
generator made step 160
discriminator made step 160
generator made step 176
discriminator made step 176
generator made step 192
discriminator made step 192
generator made step 208
discriminator made step 208
generator made step 224
discriminator made step 224
generator made step 240
discriminator made step 240
generator made step 256
discriminator made step 256
generator made step 272
discriminator made step 272
generator made step 288
discriminator made step 288
generator made step 304
discriminator made step 304
generator made step 320
discriminator made step 320
generator made step 336
discriminator made step 336
generator made step 352
discriminator made step 352
generator made step 368
discriminator made step 368
generator made step 384
discriminator made step 384
generator made step 400
discriminator made step 400
generator made step 416
discriminator made step 416
generator made step 432
discriminator made step 432
generator made step 448
discriminator made step 448
generator made step 464
discriminator made step 464
generator made step 480
discriminator made step 480
generator made step 496
discriminator made step 496
2022-07-22 19:31:58,143 - root - INFO - Total=468.713899, G=371.066559, D=92.461855, data=1.648204, next=3.537280
2022-07-22 19:32:04,935 - root - INFO - Total=6.791231, G=0.432166, data=3.262944, acc=0.760698, agg=0.227086, next=2.108337
2022-07-22 19:32:17,665 - root - INFO - Time taken for epoch 8 is 488.2366507053375 sec
2022-07-22 19:32:17,665 - root - INFO - Train time = 468.7138993740082, Valid time = 6.791230916976929
2022-07-22 19:32:17,665 - root - INFO - G losses = {'GAN': 3.044935941696167, 'GAN_Feat': 0.3813919425010681}
2022-07-22 19:32:17,666 - root - INFO - D losses = {'D_Fake': 0.3552702069282532, 'D_real': 0.4745544493198395}
generator made step 0
discriminator made step 0
generator made step 16
discriminator made step 16
generator made step 32
discriminator made step 32
generator made step 48
discriminator made step 48
generator made step 64
discriminator made step 64
generator made step 80
discriminator made step 80
generator made step 96
discriminator made step 96
generator made step 112
discriminator made step 112
generator made step 128
discriminator made step 128
generator made step 144
discriminator made step 144
generator made step 160
discriminator made step 160
generator made step 176
discriminator made step 176
generator made step 192
discriminator made step 192
generator made step 208
discriminator made step 208
generator made step 224
discriminator made step 224
generator made step 240
discriminator made step 240
generator made step 256
discriminator made step 256
generator made step 272
discriminator made step 272
generator made step 288
discriminator made step 288
generator made step 304
discriminator made step 304
generator made step 320
discriminator made step 320
generator made step 336
discriminator made step 336
generator made step 352
discriminator made step 352
generator made step 368
discriminator made step 368
generator made step 384
discriminator made step 384
generator made step 400
discriminator made step 400
generator made step 416
discriminator made step 416
generator made step 432
discriminator made step 432
generator made step 448
discriminator made step 448
generator made step 464
discriminator made step 464
generator made step 480
discriminator made step 480
generator made step 496
discriminator made step 496
2022-07-22 19:39:39,760 - root - INFO - Total=442.093757, G=346.509092, D=92.540499, data=1.630425, next=1.413741
2022-07-22 19:39:45,922 - root - INFO - Total=6.160816, G=0.432830, data=3.425967, acc=0.005679, agg=0.237517, next=2.058823
2022-07-22 19:39:57,965 - root - INFO - Time taken for epoch 9 is 460.29939126968384 sec
2022-07-22 19:39:57,965 - root - INFO - Train time = 442.0937571525574, Valid time = 6.160815715789795
2022-07-22 19:39:57,965 - root - INFO - G losses = {'GAN': 3.6583900451660156, 'GAN_Feat': 0.3851592540740967}
2022-07-22 19:39:57,966 - root - INFO - D losses = {'D_Fake': 0.46098360419273376, 'D_real': 0.4637104272842407}
generator made step 0
discriminator made step 0
generator made step 16
discriminator made step 16
generator made step 32
discriminator made step 32
generator made step 48
discriminator made step 48
generator made step 64
discriminator made step 64
generator made step 80
discriminator made step 80
generator made step 96
discriminator made step 96
generator made step 112
discriminator made step 112
generator made step 128
discriminator made step 128
generator made step 144
discriminator made step 144
generator made step 160
discriminator made step 160
generator made step 176
discriminator made step 176
generator made step 192
discriminator made step 192
generator made step 208
discriminator made step 208
generator made step 224
discriminator made step 224
generator made step 240
discriminator made step 240
generator made step 256
discriminator made step 256
generator made step 272
discriminator made step 272
generator made step 288
discriminator made step 288
generator made step 304
discriminator made step 304
generator made step 320
discriminator made step 320
generator made step 336
discriminator made step 336
generator made step 352
discriminator made step 352
generator made step 368
discriminator made step 368
generator made step 384
discriminator made step 384
generator made step 400
discriminator made step 400
generator made step 416
discriminator made step 416
generator made step 432
discriminator made step 432
generator made step 448
discriminator made step 448
generator made step 464
discriminator made step 464
generator made step 480
discriminator made step 480
generator made step 496
discriminator made step 496
2022-07-22 19:47:20,085 - root - INFO - Total=442.118988, G=346.652136, D=92.513881, data=1.630700, next=1.322272
2022-07-22 19:47:25,983 - root - INFO - Total=5.896078, G=0.491055, data=3.183198, acc=0.006010, agg=0.251421, next=1.964393
2022-07-22 19:47:38,052 - root - INFO - Time taken for epoch 10 is 460.0867211818695 sec
2022-07-22 19:47:38,053 - root - INFO - Train time = 442.11898827552795, Valid time = 5.896077871322632
2022-07-22 19:47:38,053 - root - INFO - G losses = {'GAN': 1.7309181690216064, 'GAN_Feat': 0.3378950357437134}
2022-07-22 19:47:38,053 - root - INFO - D losses = {'D_Fake': 0.8572828769683838, 'D_real': 0.2809341847896576}
generator made step 0
discriminator made step 0
generator made step 16
discriminator made step 16
generator made step 32
discriminator made step 32
generator made step 48
discriminator made step 48
generator made step 64
discriminator made step 64
generator made step 80
discriminator made step 80
generator made step 96
discriminator made step 96
generator made step 112
discriminator made step 112
generator made step 128
discriminator made step 128
generator made step 144
discriminator made step 144
generator made step 160
discriminator made step 160
generator made step 176
discriminator made step 176
generator made step 192
discriminator made step 192
generator made step 208
discriminator made step 208
generator made step 224
discriminator made step 224
generator made step 240
discriminator made step 240
generator made step 256
discriminator made step 256
generator made step 272
discriminator made step 272
generator made step 288
discriminator made step 288
generator made step 304
discriminator made step 304
generator made step 320
discriminator made step 320
generator made step 336
discriminator made step 336
generator made step 352
discriminator made step 352
generator made step 368
discriminator made step 368
generator made step 384
discriminator made step 384
generator made step 400
discriminator made step 400
generator made step 416
discriminator made step 416
generator made step 432
discriminator made step 432
generator made step 448
discriminator made step 448
generator made step 464
discriminator made step 464
generator made step 480
discriminator made step 480
generator made step 496
discriminator made step 496
2022-07-22 19:55:00,208 - root - INFO - Total=442.154434, G=346.601964, D=92.456970, data=1.629692, next=1.465808
2022-07-22 19:55:06,296 - root - INFO - Total=6.086777, G=0.495703, data=3.360745, acc=0.005867, agg=0.256855, next=1.967606
2022-07-22 19:55:18,472 - root - INFO - Time taken for epoch 11 is 460.4195919036865 sec
2022-07-22 19:55:18,473 - root - INFO - Train time = 442.15443420410156, Valid time = 6.0867767333984375
2022-07-22 19:55:18,473 - root - INFO - G losses = {'GAN': 3.5696511268615723, 'GAN_Feat': 0.3252207040786743}
2022-07-22 19:55:18,473 - root - INFO - D losses = {'D_Fake': 0.4985090494155884, 'D_real': 0.07997105270624161}
generator made step 0
discriminator made step 0
generator made step 16
discriminator made step 16
generator made step 32
discriminator made step 32
generator made step 48
discriminator made step 48
generator made step 64
discriminator made step 64
generator made step 80
discriminator made step 80
generator made step 96
discriminator made step 96
generator made step 112
discriminator made step 112
generator made step 128
discriminator made step 128
generator made step 144
discriminator made step 144
generator made step 160
discriminator made step 160
generator made step 176
discriminator made step 176
generator made step 192
discriminator made step 192
generator made step 208
discriminator made step 208
generator made step 224
discriminator made step 224
generator made step 240
discriminator made step 240
generator made step 256
discriminator made step 256
generator made step 272
discriminator made step 272
generator made step 288
discriminator made step 288
generator made step 304
discriminator made step 304
generator made step 320
discriminator made step 320
generator made step 336
discriminator made step 336
generator made step 352
discriminator made step 352
generator made step 368
discriminator made step 368
generator made step 384
discriminator made step 384
generator made step 400
discriminator made step 400
generator made step 416
discriminator made step 416
generator made step 432
discriminator made step 432
generator made step 448
discriminator made step 448
generator made step 464
discriminator made step 464
generator made step 480
discriminator made step 480
generator made step 496
discriminator made step 496
2022-07-22 20:02:40,531 - root - INFO - Total=442.057133, G=346.559729, D=92.515635, data=1.629919, next=1.351849
2022-07-22 20:02:46,604 - root - INFO - Total=6.071829, G=0.444441, data=3.399530, acc=0.006071, agg=0.310514, next=1.911273
2022-07-22 20:02:58,647 - root - INFO - Time taken for epoch 12 is 460.17441415786743 sec
2022-07-22 20:02:58,648 - root - INFO - Train time = 442.05713272094727, Valid time = 6.071828842163086
2022-07-22 20:02:58,648 - root - INFO - G losses = {'GAN': 4.392444133758545, 'GAN_Feat': 0.3298303782939911}
2022-07-22 20:02:58,648 - root - INFO - D losses = {'D_Fake': 0.6250495314598083, 'D_real': 0.0038974808994680643}
generator made step 0
discriminator made step 0
generator made step 16
discriminator made step 16
generator made step 32
discriminator made step 32
generator made step 48
discriminator made step 48
generator made step 64
discriminator made step 64
generator made step 80
discriminator made step 80
generator made step 96
discriminator made step 96
generator made step 112
discriminator made step 112
generator made step 128
discriminator made step 128
generator made step 144
discriminator made step 144
generator made step 160
discriminator made step 160
generator made step 176
discriminator made step 176
generator made step 192
discriminator made step 192
generator made step 208
discriminator made step 208
generator made step 224
discriminator made step 224
generator made step 240
discriminator made step 240
generator made step 256
discriminator made step 256
generator made step 272
discriminator made step 272
generator made step 288
discriminator made step 288
generator made step 304
discriminator made step 304
generator made step 320
discriminator made step 320
generator made step 336
discriminator made step 336
generator made step 352
discriminator made step 352
generator made step 368
discriminator made step 368
generator made step 384
discriminator made step 384
generator made step 400
discriminator made step 400
generator made step 416
discriminator made step 416
generator made step 432
discriminator made step 432
generator made step 448
discriminator made step 448
generator made step 464
discriminator made step 464
generator made step 480
discriminator made step 480
generator made step 496
discriminator made step 496
2022-07-22 20:10:21,659 - root - INFO - Total=443.010889, G=346.601341, D=92.529398, data=1.630618, next=2.249532
2022-07-22 20:10:27,815 - root - INFO - Total=6.154716, G=0.414799, data=3.418676, acc=0.005422, agg=0.244780, next=2.071038
2022-07-22 20:10:39,800 - root - INFO - Time taken for epoch 13 is 461.1527819633484 sec
2022-07-22 20:10:39,801 - root - INFO - Train time = 443.01088857650757, Valid time = 6.1547160148620605
2022-07-22 20:10:39,801 - root - INFO - G losses = {'GAN': 3.7178690433502197, 'GAN_Feat': 0.25682950019836426}
2022-07-22 20:10:39,801 - root - INFO - D losses = {'D_Fake': 0.537691056728363, 'D_real': 0.7051874995231628}
generator made step 0
discriminator made step 0
generator made step 16
discriminator made step 16
generator made step 32
discriminator made step 32
generator made step 48
discriminator made step 48
generator made step 64
discriminator made step 64
generator made step 80
discriminator made step 80
generator made step 96
discriminator made step 96
generator made step 112
discriminator made step 112
generator made step 128
discriminator made step 128
generator made step 144
discriminator made step 144
generator made step 160
discriminator made step 160
generator made step 176
discriminator made step 176
generator made step 192
discriminator made step 192
generator made step 208
discriminator made step 208
generator made step 224
discriminator made step 224
generator made step 240
discriminator made step 240
generator made step 256
discriminator made step 256
generator made step 272
discriminator made step 272
generator made step 288
discriminator made step 288
generator made step 304
discriminator made step 304
generator made step 320
discriminator made step 320
generator made step 336
discriminator made step 336
generator made step 352
discriminator made step 352
generator made step 368
discriminator made step 368
generator made step 384
discriminator made step 384
generator made step 400
discriminator made step 400
generator made step 416
discriminator made step 416
generator made step 432
discriminator made step 432
generator made step 448
discriminator made step 448
generator made step 464
discriminator made step 464
generator made step 480
discriminator made step 480
generator made step 496
discriminator made step 496
2022-07-22 20:18:01,802 - root - INFO - Total=442.000347, G=346.580268, D=92.462883, data=1.631412, next=1.325785
2022-07-22 20:18:07,873 - root - INFO - Total=6.069753, G=0.434155, data=3.427381, acc=0.005531, agg=0.266201, next=1.936485
2022-07-22 20:18:20,022 - root - INFO - Time taken for epoch 14 is 460.2213180065155 sec
2022-07-22 20:18:20,022 - root - INFO - Train time = 442.0003468990326, Valid time = 6.069753408432007
2022-07-22 20:18:20,023 - root - INFO - G losses = {'GAN': 3.6324901580810547, 'GAN_Feat': 0.30602139234542847}
2022-07-22 20:18:20,023 - root - INFO - D losses = {'D_Fake': 0.12141779810190201, 'D_real': 0.00554476585239172}
generator made step 0
discriminator made step 0
generator made step 16
discriminator made step 16
generator made step 32
discriminator made step 32
generator made step 48
discriminator made step 48
generator made step 64
discriminator made step 64
generator made step 80
discriminator made step 80
generator made step 96
discriminator made step 96
generator made step 112
discriminator made step 112
generator made step 128
discriminator made step 128
generator made step 144
discriminator made step 144
generator made step 160
discriminator made step 160
generator made step 176
discriminator made step 176
generator made step 192
discriminator made step 192
generator made step 208
discriminator made step 208
generator made step 224
discriminator made step 224
generator made step 240
discriminator made step 240
generator made step 256
discriminator made step 256
generator made step 272
discriminator made step 272
generator made step 288
discriminator made step 288
generator made step 304
discriminator made step 304
generator made step 320
discriminator made step 320
slurmstepd: error: *** STEP 2772552.0 ON nid002308 CANCELLED AT 2022-07-22T20:23:08 DUE TO TIME LIMIT ***
slurmstepd: error: *** JOB 2772552 ON nid002308 CANCELLED AT 2022-07-22T20:23:08 DUE TO TIME LIMIT ***
srun: Job step aborted: Waiting up to 32 seconds for job step to finish.
