+ srun -u shifter -V /pscratch/sd/c/cjacobus/ML_Hydro_train/logs:/logs --image=nersc/pytorch:ngc-22.03-v0 --env PYTHONUSERBASE=/global/homes/c/cjacobus/.local/perlmutter/nersc-pytorch-ngc-22.03-v0 bash -c '
    source export_DDP_vars.sh
    python train.py --root_dir=/pscratch/sd/c/cjacobus/tsit --config=valid_L1_spec_128
    '
[W socket.cpp:701] The server socket on [nid002701]:29500 is not yet listening (errno: 111 - Connection refused), will retry.
[W socket.cpp:701] The server socket on [nid002701]:29500 is not yet listening (errno: 111 - Connection refused), will retry.
[W socket.cpp:701] The server socket on [nid002701]:29500 is not yet listening (errno: 111 - Connection refused), will retry.
[W socket.cpp:701] The server socket on [nid002701]:29500 is not yet listening (errno: 111 - Connection refused), will retry.
2022-07-29 09:16:15,731 - torch.distributed.distributed_c10d - INFO - Added key: store_based_barrier_key:1 to store for rank: 3
2022-07-29 09:16:15,735 - torch.distributed.distributed_c10d - INFO - Added key: store_based_barrier_key:1 to store for rank: 2
2022-07-29 09:16:15,735 - torch.distributed.distributed_c10d - INFO - Added key: store_based_barrier_key:1 to store for rank: 1
2022-07-29 09:16:15,880 - torch.distributed.distributed_c10d - INFO - Added key: store_based_barrier_key:1 to store for rank: 5
2022-07-29 09:16:15,882 - torch.distributed.distributed_c10d - INFO - Added key: store_based_barrier_key:1 to store for rank: 6
2022-07-29 09:16:15,886 - torch.distributed.distributed_c10d - INFO - Added key: store_based_barrier_key:1 to store for rank: 4
2022-07-29 09:16:15,887 - torch.distributed.distributed_c10d - INFO - Added key: store_based_barrier_key:1 to store for rank: 7
2022-07-29 09:16:15,983 - torch.distributed.distributed_c10d - INFO - Added key: store_based_barrier_key:1 to store for rank: 10
2022-07-29 09:16:15,985 - torch.distributed.distributed_c10d - INFO - Added key: store_based_barrier_key:1 to store for rank: 11
2022-07-29 09:16:15,987 - torch.distributed.distributed_c10d - INFO - Added key: store_based_barrier_key:1 to store for rank: 9
2022-07-29 09:16:15,988 - torch.distributed.distributed_c10d - INFO - Added key: store_based_barrier_key:1 to store for rank: 8
2022-07-29 09:16:16,160 - torch.distributed.distributed_c10d - INFO - Added key: store_based_barrier_key:1 to store for rank: 0
2022-07-29 09:16:16,372 - torch.distributed.distributed_c10d - INFO - Added key: store_based_barrier_key:1 to store for rank: 12
2022-07-29 09:16:16,374 - torch.distributed.distributed_c10d - INFO - Added key: store_based_barrier_key:1 to store for rank: 14
2022-07-29 09:16:16,376 - torch.distributed.distributed_c10d - INFO - Added key: store_based_barrier_key:1 to store for rank: 15
2022-07-29 09:16:16,377 - torch.distributed.distributed_c10d - INFO - Added key: store_based_barrier_key:1 to store for rank: 13
2022-07-29 09:16:16,377 - torch.distributed.distributed_c10d - INFO - Rank 13: Completed store-based barrier for key:store_based_barrier_key:1 with 16 nodes.
2022-07-29 09:16:16,377 - torch.distributed.distributed_c10d - INFO - Rank 8: Completed store-based barrier for key:store_based_barrier_key:1 with 16 nodes.
2022-07-29 09:16:16,378 - torch.distributed.distributed_c10d - INFO - Rank 4: Completed store-based barrier for key:store_based_barrier_key:1 with 16 nodes.
2022-07-29 09:16:16,378 - torch.distributed.distributed_c10d - INFO - Rank 7: Completed store-based barrier for key:store_based_barrier_key:1 with 16 nodes.
2022-07-29 09:16:16,381 - torch.distributed.distributed_c10d - INFO - Rank 3: Completed store-based barrier for key:store_based_barrier_key:1 with 16 nodes.
2022-07-29 09:16:16,382 - torch.distributed.distributed_c10d - INFO - Rank 12: Completed store-based barrier for key:store_based_barrier_key:1 with 16 nodes.
2022-07-29 09:16:16,382 - torch.distributed.distributed_c10d - INFO - Rank 0: Completed store-based barrier for key:store_based_barrier_key:1 with 16 nodes.
2022-07-29 09:16:16,382 - torch.distributed.distributed_c10d - INFO - Rank 10: Completed store-based barrier for key:store_based_barrier_key:1 with 16 nodes.
2022-07-29 09:16:16,383 - torch.distributed.distributed_c10d - INFO - Rank 5: Completed store-based barrier for key:store_based_barrier_key:1 with 16 nodes.
2022-07-29 09:16:16,384 - torch.distributed.distributed_c10d - INFO - Rank 11: Completed store-based barrier for key:store_based_barrier_key:1 with 16 nodes.
2022-07-29 09:16:16,384 - torch.distributed.distributed_c10d - INFO - Rank 6: Completed store-based barrier for key:store_based_barrier_key:1 with 16 nodes.
2022-07-29 09:16:16,385 - torch.distributed.distributed_c10d - INFO - Rank 14: Completed store-based barrier for key:store_based_barrier_key:1 with 16 nodes.
2022-07-29 09:16:16,386 - torch.distributed.distributed_c10d - INFO - Rank 2: Completed store-based barrier for key:store_based_barrier_key:1 with 16 nodes.
2022-07-29 09:16:16,386 - torch.distributed.distributed_c10d - INFO - Rank 1: Completed store-based barrier for key:store_based_barrier_key:1 with 16 nodes.
2022-07-29 09:16:16,387 - torch.distributed.distributed_c10d - INFO - Rank 15: Completed store-based barrier for key:store_based_barrier_key:1 with 16 nodes.
2022-07-29 09:16:16,387 - torch.distributed.distributed_c10d - INFO - Rank 9: Completed store-based barrier for key:store_based_barrier_key:1 with 16 nodes.
2022-07-29 09:16:16,400 - root - INFO - rank 7, begin data loader init
2022-07-29 09:16:16,400 - root - INFO - rank 4, begin data loader init
2022-07-29 09:16:16,400 - root - INFO - rank 3, begin data loader init
2022-07-29 09:16:16,400 - root - INFO - rank 7, data loader initialized
2022-07-29 09:16:16,400 - root - INFO - rank 6, begin data loader init
2022-07-29 09:16:16,400 - root - INFO - rank 4, data loader initialized
2022-07-29 09:16:16,400 - root - INFO - rank 5, begin data loader init
2022-07-29 09:16:16,400 - root - INFO - rank 3, data loader initialized
2022-07-29 09:16:16,400 - root - INFO - rank 5, data loader initialized
2022-07-29 09:16:16,400 - root - INFO - rank 6, data loader initialized
2022-07-29 09:16:16,402 - root - INFO - rank 10, begin data loader init
2022-07-29 09:16:16,402 - root - INFO - rank 11, begin data loader init
2022-07-29 09:16:16,403 - root - INFO - rank 11, data loader initialized
2022-07-29 09:16:16,403 - root - INFO - ------------------ Configuration ------------------
2022-07-29 09:16:16,403 - root - INFO - Configuration file: /global/u1/c/cjacobus/Nyx-TSIT/config/tsit.yaml
2022-07-29 09:16:16,403 - root - INFO - Configuration name: valid_L1_spec_128
2022-07-29 09:16:16,403 - root - INFO - Nsamples 8192
2022-07-29 09:16:16,403 - root - INFO - Nsamples_val 512
2022-07-29 09:16:16,403 - root - INFO - niter 100
2022-07-29 09:16:16,403 - root - INFO - niter_decay 50
2022-07-29 09:16:16,403 - root - INFO - use_spec_loss False
2022-07-29 09:16:16,403 - root - INFO - lambda_spec 100.0
2022-07-29 09:16:16,403 - root - INFO - use_l1_loss True
2022-07-29 09:16:16,403 - root - INFO - lambda_l1 300.0
2022-07-29 09:16:16,403 - root - INFO - data_size 128
2022-07-29 09:16:16,403 - root - INFO - train_path /pscratch/sd/c/cjacobus/Nyx_512/train_s1_512_invar3_hydro.h5
2022-07-29 09:16:16,403 - root - INFO - rank 8, begin data loader init
2022-07-29 09:16:16,403 - root - INFO - rank 1, begin data loader init
2022-07-29 09:16:16,403 - root - INFO - rank 9, begin data loader init
2022-07-29 09:16:16,403 - root - INFO - val_path /pscratch/sd/c/cjacobus/Nyx_512/valid_s2_512_invar3_hydro.h5
2022-07-29 09:16:16,403 - root - INFO - rank 10, data loader initialized
2022-07-29 09:16:16,403 - root - INFO - num_data_workers 16
2022-07-29 09:16:16,403 - root - INFO - rank 8, data loader initialized
2022-07-29 09:16:16,403 - root - INFO - in_channels [0, 1, 2, 3, 17, 18, 19]
2022-07-29 09:16:16,403 - root - INFO - rank 9, data loader initialized
2022-07-29 09:16:16,403 - root - INFO - out_channels [0]
2022-07-29 09:16:16,403 - root - INFO - min_path /pscratch/sd/s/shas1693/data/era5/mins.npy
2022-07-29 09:16:16,403 - root - INFO - rank 2, begin data loader init
2022-07-29 09:16:16,403 - root - INFO - max_path /pscratch/sd/s/shas1693/data/era5/maxs.npy
2022-07-29 09:16:16,403 - root - INFO - time_means_path /pscratch/sd/s/shas1693/data/era5/time_means.npy
2022-07-29 09:16:16,403 - root - INFO - global_means_path /pscratch/sd/s/shas1693/data/era5/global_means.npy
2022-07-29 09:16:16,403 - root - INFO - global_stds_path /pscratch/sd/s/shas1693/data/era5/global_stds.npy
2022-07-29 09:16:16,403 - root - INFO - precip /pscratch/sd/p/pharring/ERA5/precip/total_precipitation
2022-07-29 09:16:16,403 - root - INFO - rank 1, data loader initialized
2022-07-29 09:16:16,403 - root - INFO - precip_eps 1e-05
2022-07-29 09:16:16,403 - root - INFO - dt 1
2022-07-29 09:16:16,403 - root - INFO - n_history 0
2022-07-29 09:16:16,403 - root - INFO - crop_size_x None
2022-07-29 09:16:16,403 - root - INFO - crop_size_y None
2022-07-29 09:16:16,403 - root - INFO - roll False
2022-07-29 09:16:16,403 - root - INFO - conttime False
2022-07-29 09:16:16,403 - root - INFO - rank 2, data loader initialized
2022-07-29 09:16:16,403 - root - INFO - normalization zscore
2022-07-29 09:16:16,403 - root - INFO - add_grid False
2022-07-29 09:16:16,403 - root - INFO - model pix2pix
2022-07-29 09:16:16,403 - root - INFO - norm_G spectralfadebatch3x3
2022-07-29 09:16:16,403 - root - INFO - norm_D spectralinstance
2022-07-29 09:16:16,403 - root - INFO - norm_S spectralinstance
2022-07-29 09:16:16,403 - root - INFO - norm_E spectralinstance
2022-07-29 09:16:16,403 - root - INFO - batch_size 16
2022-07-29 09:16:16,404 - root - INFO - img_size [512, 512, 512]
2022-07-29 09:16:16,404 - root - INFO - box_size [512, 512, 512]
2022-07-29 09:16:16,404 - root - INFO - input_nc 5
2022-07-29 09:16:16,404 - root - INFO - output_nc 5
2022-07-29 09:16:16,404 - root - INFO - netG tsit
2022-07-29 09:16:16,404 - root - INFO - ngf 64
2022-07-29 09:16:16,404 - root - INFO - init_type xavier
2022-07-29 09:16:16,404 - root - INFO - init_variance 0.02
2022-07-29 09:16:16,404 - root - INFO - z_dim 256
2022-07-29 09:16:16,404 - root - INFO - alpha 1.0
2022-07-29 09:16:16,404 - root - INFO - no_ss True
2022-07-29 09:16:16,404 - root - INFO - downsamp True
2022-07-29 09:16:16,404 - root - INFO - num_upsampling_blocks 6
2022-07-29 09:16:16,404 - root - INFO - use_periodic_padding True
2022-07-29 09:16:16,404 - root - INFO - additive_noise False
2022-07-29 09:16:16,404 - root - INFO - nef 16
2022-07-29 09:16:16,404 - root - INFO - use_vae False
2022-07-29 09:16:16,404 - root - INFO - optimizer adam
2022-07-29 09:16:16,404 - root - INFO - beta1 0.5
2022-07-29 09:16:16,404 - root - INFO - beta2 0.999
2022-07-29 09:16:16,404 - root - INFO - lr 0.0002
2022-07-29 09:16:16,404 - root - INFO - D_steps_per_G 1
2022-07-29 09:16:16,404 - root - INFO - ndf 64
2022-07-29 09:16:16,404 - root - INFO - lambda_feat 0.5
2022-07-29 09:16:16,404 - root - INFO - no_ganFeat_loss False
2022-07-29 09:16:16,404 - root - INFO - gan_mode hinge
2022-07-29 09:16:16,404 - root - INFO - netD multiscale
2022-07-29 09:16:16,404 - root - INFO - num_D 2
2022-07-29 09:16:16,404 - root - INFO - n_layers_D 4
2022-07-29 09:16:16,404 - root - INFO - no_TTUR True
2022-07-29 09:16:16,404 - root - INFO - lambda_kld 0.05
2022-07-29 09:16:16,404 - root - INFO - cat_inp False
2022-07-29 09:16:16,404 - root - INFO - entity weatherbenching
2022-07-29 09:16:16,404 - root - INFO - project Nyx-TSIT
2022-07-29 09:16:16,404 - root - INFO - log_to_wandb True
2022-07-29 09:16:16,404 - root - INFO - log_to_screen True
2022-07-29 09:16:16,404 - root - INFO - save_checkpoint True
2022-07-29 09:16:16,404 - root - INFO - weight_init ordereddict([('conv_init', 'normal'), ('conv_scale', 0.02), ('conv_bias', 0.0)])
2022-07-29 09:16:16,404 - root - INFO - lambda_rho 0
2022-07-29 09:16:16,404 - root - INFO - full_scale True
2022-07-29 09:16:16,404 - root - INFO - global_batch_size 64
2022-07-29 09:16:16,404 - root - INFO - base_batch_size 64
2022-07-29 09:16:16,404 - root - INFO - num_epochs 60
2022-07-29 09:16:16,404 - root - INFO - enable_amp False
2022-07-29 09:16:16,404 - root - INFO - enable_apex False
2022-07-29 09:16:16,404 - root - INFO - enable_benchy False
2022-07-29 09:16:16,404 - root - INFO - enable_jit False
2022-07-29 09:16:16,404 - root - INFO - expdir /logs
2022-07-29 09:16:16,404 - root - INFO - lr_schedule ordereddict([('scaling', 'sqrt'), ('start_lr', 0.0002), ('end_lr', 0.0), ('warmup_steps', 128)])
2022-07-29 09:16:16,404 - root - INFO - data_loader_config lowmem
2022-07-29 09:16:16,404 - root - INFO - N_out_channels 5
2022-07-29 09:16:16,404 - root - INFO - N_in_channels 5
2022-07-29 09:16:16,404 - root - INFO - use_cache None
2022-07-29 09:16:16,404 - root - INFO - ---------------------------------------------------
log_to_wandb -------------------------------------------------------------------
dir exists: /pscratch/sd/c/cjacobus/tsit/expts/valid_L1_spec_128/checkpoints/
2022-07-29 09:16:16,405 - root - INFO - rank 12, begin data loader init
2022-07-29 09:16:16,405 - root - INFO - rank 13, begin data loader init
2022-07-29 09:16:16,405 - root - INFO - rank 15, begin data loader init
2022-07-29 09:16:16,405 - root - INFO - rank 14, begin data loader init
2022-07-29 09:16:16,405 - root - INFO - rank 13, data loader initialized
2022-07-29 09:16:16,405 - root - INFO - rank 15, data loader initialized
2022-07-29 09:16:16,405 - root - INFO - rank 12, data loader initialized
2022-07-29 09:16:16,405 - root - INFO - rank 14, data loader initialized
wandb: Currently logged in as: cjacobus (use `wandb login --relogin` to force relogin)
wandb: wandb version 0.12.21 is available!  To upgrade, please run:
wandb:  $ pip install wandb --upgrade
wandb: Tracking run with wandb version 0.12.13
wandb: Run data is saved locally in /pscratch/sd/c/cjacobus/tsit/expts/valid_L1_spec_128/wandb/run-20220729_091617-2bpu4ibs
wandb: Run `wandb offline` to turn off syncing.
wandb: Resuming run valid_L1_spec_128
wandb: ⭐️ View project at https://wandb.ai/weatherbenching/Nyx-TSIT
wandb: 🚀 View run at https://wandb.ai/weatherbenching/Nyx-TSIT/runs/2bpu4ibs
checking dir: /pscratch/sd/c/cjacobus/tsit/expts/valid_L1_spec_128/checkpoints/
dir exists: /pscratch/sd/c/cjacobus/tsit/expts/valid_L1_spec_128/checkpoints/
2022-07-29 09:16:17,724 - root - INFO - rank 0, begin data loader init
2022-07-29 09:16:17,725 - root - INFO - rank 0, data loader initialized
Network [TSITGenerator] was created. Total number of parameters: 934.7 million. To see the architecture, do print(network).
Network [TSITGenerator] was created. Total number of parameters: 934.7 million. To see the architecture, do print(network).
Network [TSITGenerator] was created. Total number of parameters: 934.7 million. To see the architecture, do print(network).
Network [TSITGenerator] was created. Total number of parameters: 934.7 million. To see the architecture, do print(network).
Network [TSITGenerator] was created. Total number of parameters: 934.7 million. To see the architecture, do print(network).
Network [TSITGenerator] was created. Total number of parameters: 934.7 million. To see the architecture, do print(network).
Network [TSITGenerator] was created. Total number of parameters: 934.7 million. To see the architecture, do print(network).
Network [TSITGenerator] was created. Total number of parameters: 934.7 million. To see the architecture, do print(network).
Network [TSITGenerator] was created. Total number of parameters: 934.7 million. To see the architecture, do print(network).
Network [TSITGenerator] was created. Total number of parameters: 934.7 million. To see the architecture, do print(network).
Network [TSITGenerator] was created. Total number of parameters: 934.7 million. To see the architecture, do print(network).
Network [TSITGenerator] was created. Total number of parameters: 934.7 million. To see the architecture, do print(network).
Network [TSITGenerator] was created. Total number of parameters: 934.7 million. To see the architecture, do print(network).
Network [TSITGenerator] was created. Total number of parameters: 934.7 million. To see the architecture, do print(network).
Network [TSITGenerator] was created. Total number of parameters: 934.7 million. To see the architecture, do print(network).
Network [TSITGenerator] was created. Total number of parameters: 934.7 million. To see the architecture, do print(network).
Network [MultiscaleDiscriminator] was created. Total number of parameters: 22.1 million. To see the architecture, do print(network).
Network [MultiscaleDiscriminator] was created. Total number of parameters: 22.1 million. To see the architecture, do print(network).
Network [MultiscaleDiscriminator] was created. Total number of parameters: 22.1 million. To see the architecture, do print(network).
Network [MultiscaleDiscriminator] was created. Total number of parameters: 22.1 million. To see the architecture, do print(network).
Network [MultiscaleDiscriminator] was created. Total number of parameters: 22.1 million. To see the architecture, do print(network).
Network [MultiscaleDiscriminator] was created. Total number of parameters: 22.1 million. To see the architecture, do print(network).
Network [MultiscaleDiscriminator] was created. Total number of parameters: 22.1 million. To see the architecture, do print(network).
Network [MultiscaleDiscriminator] was created. Total number of parameters: 22.1 million. To see the architecture, do print(network).
Network [MultiscaleDiscriminator] was created. Total number of parameters: 22.1 million. To see the architecture, do print(network).
Network [MultiscaleDiscriminator] was created. Total number of parameters: 22.1 million. To see the architecture, do print(network).
Network [MultiscaleDiscriminator] was created. Total number of parameters: 22.1 million. To see the architecture, do print(network).
Network [MultiscaleDiscriminator] was created. Total number of parameters: 22.1 million. To see the architecture, do print(network).
Network [MultiscaleDiscriminator] was created. Total number of parameters: 22.1 million. To see the architecture, do print(network).
Network [MultiscaleDiscriminator] was created. Total number of parameters: 22.1 million. To see the architecture, do print(network).
Network [MultiscaleDiscriminator] was created. Total number of parameters: 22.1 million. To see the architecture, do print(network).
Network [MultiscaleDiscriminator] was created. Total number of parameters: 22.1 million. To see the architecture, do print(network).
2022-07-29 09:16:38,139 - root - INFO - Loading checkpoint /pscratch/sd/c/cjacobus/tsit/expts/valid_L1_spec_128/checkpoints/ckpt.tar
2022-07-29 09:16:38,140 - root - INFO - Loading checkpoint /pscratch/sd/c/cjacobus/tsit/expts/valid_L1_spec_128/checkpoints/ckpt.tar
2022-07-29 09:16:38,140 - root - INFO - Loading checkpoint /pscratch/sd/c/cjacobus/tsit/expts/valid_L1_spec_128/checkpoints/ckpt.tar
2022-07-29 09:16:38,141 - root - INFO - Loading checkpoint /pscratch/sd/c/cjacobus/tsit/expts/valid_L1_spec_128/checkpoints/ckpt.tar
2022-07-29 09:16:38,142 - root - INFO - Loading checkpoint /pscratch/sd/c/cjacobus/tsit/expts/valid_L1_spec_128/checkpoints/ckpt.tar
2022-07-29 09:16:38,142 - root - INFO - Loading checkpoint /pscratch/sd/c/cjacobus/tsit/expts/valid_L1_spec_128/checkpoints/ckpt.tar
2022-07-29 09:16:38,143 - root - INFO - Loading checkpoint /pscratch/sd/c/cjacobus/tsit/expts/valid_L1_spec_128/checkpoints/ckpt.tar
2022-07-29 09:16:38,144 - root - INFO - Loading checkpoint /pscratch/sd/c/cjacobus/tsit/expts/valid_L1_spec_128/checkpoints/ckpt.tar
2022-07-29 09:16:38,144 - root - INFO - Loading checkpoint /pscratch/sd/c/cjacobus/tsit/expts/valid_L1_spec_128/checkpoints/ckpt.tar
2022-07-29 09:16:38,144 - root - INFO - Loading checkpoint /pscratch/sd/c/cjacobus/tsit/expts/valid_L1_spec_128/checkpoints/ckpt.tar
2022-07-29 09:16:38,145 - root - INFO - Loading checkpoint /pscratch/sd/c/cjacobus/tsit/expts/valid_L1_spec_128/checkpoints/ckpt.tar
2022-07-29 09:16:38,145 - root - INFO - Loading checkpoint /pscratch/sd/c/cjacobus/tsit/expts/valid_L1_spec_128/checkpoints/ckpt.tar
2022-07-29 09:16:38,145 - root - INFO - Loading checkpoint /pscratch/sd/c/cjacobus/tsit/expts/valid_L1_spec_128/checkpoints/ckpt.tar
2022-07-29 09:16:38,145 - root - INFO - Loading checkpoint /pscratch/sd/c/cjacobus/tsit/expts/valid_L1_spec_128/checkpoints/ckpt.tar
2022-07-29 09:16:38,145 - root - INFO - Loading checkpoint /pscratch/sd/c/cjacobus/tsit/expts/valid_L1_spec_128/checkpoints/ckpt.tar
2022-07-29 09:16:38,145 - root - INFO - Loading checkpoint /pscratch/sd/c/cjacobus/tsit/expts/valid_L1_spec_128/checkpoints/ckpt.tar
2022-07-29 09:16:45,099 - root - INFO - Starting Training Loop...
[W reducer.cpp:1282] Warning: find_unused_parameters=True was specified in DDP constructor, but did not find any unused parameters in the forward pass. This flag results in an extra traversal of the autograd graph every iteration,  which can adversely affect performance. If your model indeed never has any unused parameters in the forward pass, consider turning this flag off. Note that this warning may be a false positive if your model has flow control causing later iterations to have unused parameters. (function operator())
[W reducer.cpp:1282] Warning: find_unused_parameters=True was specified in DDP constructor, but did not find any unused parameters in the forward pass. This flag results in an extra traversal of the autograd graph every iteration,  which can adversely affect performance. If your model indeed never has any unused parameters in the forward pass, consider turning this flag off. Note that this warning may be a false positive if your model has flow control causing later iterations to have unused parameters. (function operator())
[W reducer.cpp:1282] Warning: find_unused_parameters=True was specified in DDP constructor, but did not find any unused parameters in the forward pass. This flag results in an extra traversal of the autograd graph every iteration,  which can adversely affect performance. If your model indeed never has any unused parameters in the forward pass, consider turning this flag off. Note that this warning may be a false positive if your model has flow control causing later iterations to have unused parameters. (function operator())
[W reducer.cpp:1282] Warning: find_unused_parameters=True was specified in DDP constructor, but did not find any unused parameters in the forward pass. This flag results in an extra traversal of the autograd graph every iteration,  which can adversely affect performance. If your model indeed never has any unused parameters in the forward pass, consider turning this flag off. Note that this warning may be a false positive if your model has flow control causing later iterations to have unused parameters. (function operator())
[W reducer.cpp:1282] Warning: find_unused_parameters=True was specified in DDP constructor, but did not find any unused parameters in the forward pass. This flag results in an extra traversal of the autograd graph every iteration,  which can adversely affect performance. If your model indeed never has any unused parameters in the forward pass, consider turning this flag off. Note that this warning may be a false positive if your model has flow control causing later iterations to have unused parameters. (function operator())
[W reducer.cpp:1282] Warning: find_unused_parameters=True was specified in DDP constructor, but did not find any unused parameters in the forward pass. This flag results in an extra traversal of the autograd graph every iteration,  which can adversely affect performance. If your model indeed never has any unused parameters in the forward pass, consider turning this flag off. Note that this warning may be a false positive if your model has flow control causing later iterations to have unused parameters. (function operator())
[W reducer.cpp:1282] Warning: find_unused_parameters=True was specified in DDP constructor, but did not find any unused parameters in the forward pass. This flag results in an extra traversal of the autograd graph every iteration,  which can adversely affect performance. If your model indeed never has any unused parameters in the forward pass, consider turning this flag off. Note that this warning may be a false positive if your model has flow control causing later iterations to have unused parameters. (function operator())
[W reducer.cpp:1282] Warning: find_unused_parameters=True was specified in DDP constructor, but did not find any unused parameters in the forward pass. This flag results in an extra traversal of the autograd graph every iteration,  which can adversely affect performance. If your model indeed never has any unused parameters in the forward pass, consider turning this flag off. Note that this warning may be a false positive if your model has flow control causing later iterations to have unused parameters. (function operator())
[W reducer.cpp:1282] Warning: find_unused_parameters=True was specified in DDP constructor, but did not find any unused parameters in the forward pass. This flag results in an extra traversal of the autograd graph every iteration,  which can adversely affect performance. If your model indeed never has any unused parameters in the forward pass, consider turning this flag off. Note that this warning may be a false positive if your model has flow control causing later iterations to have unused parameters. (function operator())
[W reducer.cpp:1282] Warning: find_unused_parameters=True was specified in DDP constructor, but did not find any unused parameters in the forward pass. This flag results in an extra traversal of the autograd graph every iteration,  which can adversely affect performance. If your model indeed never has any unused parameters in the forward pass, consider turning this flag off. Note that this warning may be a false positive if your model has flow control causing later iterations to have unused parameters. (function operator())
[W reducer.cpp:1282] Warning: find_unused_parameters=True was specified in DDP constructor, but did not find any unused parameters in the forward pass. This flag results in an extra traversal of the autograd graph every iteration,  which can adversely affect performance. If your model indeed never has any unused parameters in the forward pass, consider turning this flag off. Note that this warning may be a false positive if your model has flow control causing later iterations to have unused parameters. (function operator())
[W reducer.cpp:1282] Warning: find_unused_parameters=True was specified in DDP constructor, but did not find any unused parameters in the forward pass. This flag results in an extra traversal of the autograd graph every iteration,  which can adversely affect performance. If your model indeed never has any unused parameters in the forward pass, consider turning this flag off. Note that this warning may be a false positive if your model has flow control causing later iterations to have unused parameters. (function operator())
[W reducer.cpp:1282] Warning: find_unused_parameters=True was specified in DDP constructor, but did not find any unused parameters in the forward pass. This flag results in an extra traversal of the autograd graph every iteration,  which can adversely affect performance. If your model indeed never has any unused parameters in the forward pass, consider turning this flag off. Note that this warning may be a false positive if your model has flow control causing later iterations to have unused parameters. (function operator())
[W reducer.cpp:1282] Warning: find_unused_parameters=True was specified in DDP constructor, but did not find any unused parameters in the forward pass. This flag results in an extra traversal of the autograd graph every iteration,  which can adversely affect performance. If your model indeed never has any unused parameters in the forward pass, consider turning this flag off. Note that this warning may be a false positive if your model has flow control causing later iterations to have unused parameters. (function operator())
[W reducer.cpp:1282] Warning: find_unused_parameters=True was specified in DDP constructor, but did not find any unused parameters in the forward pass. This flag results in an extra traversal of the autograd graph every iteration,  which can adversely affect performance. If your model indeed never has any unused parameters in the forward pass, consider turning this flag off. Note that this warning may be a false positive if your model has flow control causing later iterations to have unused parameters. (function operator())
[W reducer.cpp:1282] Warning: find_unused_parameters=True was specified in DDP constructor, but did not find any unused parameters in the forward pass. This flag results in an extra traversal of the autograd graph every iteration,  which can adversely affect performance. If your model indeed never has any unused parameters in the forward pass, consider turning this flag off. Note that this warning may be a false positive if your model has flow control causing later iterations to have unused parameters. (function operator())
generator made step 0
discriminator made step 0
generator made step 16
discriminator made step 16
generator made step 32
discriminator made step 32
generator made step 48
discriminator made step 48
generator made step 64
discriminator made step 64
generator made step 80
discriminator made step 80
generator made step 96
discriminator made step 96
generator made step 112
discriminator made step 112
generator made step 128
discriminator made step 128
generator made step 144
discriminator made step 144
generator made step 160
discriminator made step 160
generator made step 176
discriminator made step 176
generator made step 192
discriminator made step 192
generator made step 208
discriminator made step 208
generator made step 224
discriminator made step 224
generator made step 240
discriminator made step 240
generator made step 256
discriminator made step 256
generator made step 272
discriminator made step 272
generator made step 288
discriminator made step 288
generator made step 304
discriminator made step 304
generator made step 320
discriminator made step 320
generator made step 336
discriminator made step 336
generator made step 352
discriminator made step 352
generator made step 368
discriminator made step 368
generator made step 384
discriminator made step 384
generator made step 400
discriminator made step 400
generator made step 416
discriminator made step 416
generator made step 432
discriminator made step 432
generator made step 448
discriminator made step 448
generator made step 464
discriminator made step 464
generator made step 480
discriminator made step 480
generator made step 496
discriminator made step 496
2022-07-29 09:24:35,651 - root - INFO - Total=470.551912, G=372.796461, D=92.600717, data=1.645623, next=3.509111
2022-07-29 09:24:42,863 - root - INFO - Total=7.210582, G=0.439352, data=3.264630, acc=0.791904, agg=0.147166, next=2.567530
saving checkpoint...
2022-07-29 09:24:56,335 - root - INFO - Time taken for epoch 15 is 491.2358946800232 sec
2022-07-29 09:24:56,335 - root - INFO - Train time = 470.5519120693207, Valid time = 7.210582256317139
2022-07-29 09:24:56,335 - root - INFO - G losses = {'GAN': 4.040472030639648, 'GAN_Feat': 0.5406845808029175, 'L1': 19.818084716796875}
2022-07-29 09:24:56,335 - root - INFO - D losses = {'D_Fake': 0.21122652292251587, 'D_real': 1.4210269451141357}
generator made step 0
discriminator made step 0
generator made step 16
discriminator made step 16
generator made step 32
discriminator made step 32
generator made step 48
discriminator made step 48
generator made step 64
discriminator made step 64
generator made step 80
discriminator made step 80
generator made step 96
discriminator made step 96
generator made step 112
discriminator made step 112
generator made step 128
discriminator made step 128
generator made step 144
discriminator made step 144
generator made step 160
discriminator made step 160
generator made step 176
discriminator made step 176
generator made step 192
discriminator made step 192
generator made step 208
discriminator made step 208
generator made step 224
discriminator made step 224
generator made step 240
discriminator made step 240
generator made step 256
discriminator made step 256
generator made step 272
discriminator made step 272
generator made step 288
discriminator made step 288
generator made step 304
discriminator made step 304
generator made step 320
discriminator made step 320
generator made step 336
discriminator made step 336
generator made step 352
discriminator made step 352
generator made step 368
discriminator made step 368
generator made step 384
discriminator made step 384
generator made step 400
discriminator made step 400
generator made step 416
discriminator made step 416
generator made step 432
discriminator made step 432
generator made step 448
discriminator made step 448
generator made step 464
discriminator made step 464
generator made step 480
discriminator made step 480
generator made step 496
discriminator made step 496
2022-07-29 09:32:19,073 - root - INFO - Total=442.736789, G=347.793747, D=92.424155, data=1.629984, next=0.888903
2022-07-29 09:32:24,980 - root - INFO - Total=5.906037, G=0.504248, data=3.265398, acc=0.006114, agg=0.165200, next=1.965076
saving checkpoint...
2022-07-29 09:32:37,268 - root - INFO - Time taken for epoch 16 is 460.93339490890503 sec
2022-07-29 09:32:37,268 - root - INFO - Train time = 442.7367887496948, Valid time = 5.906036853790283
2022-07-29 09:32:37,268 - root - INFO - G losses = {'GAN': 3.9837422370910645, 'GAN_Feat': 0.5334820747375488, 'L1': 20.567338943481445}
2022-07-29 09:32:37,268 - root - INFO - D losses = {'D_Fake': 0.00384210585616529, 'D_real': 0.0038315746933221817}
generator made step 0
discriminator made step 0
generator made step 16
discriminator made step 16
generator made step 32
discriminator made step 32
generator made step 48
discriminator made step 48
generator made step 64
discriminator made step 64
generator made step 80
discriminator made step 80
generator made step 96
discriminator made step 96
generator made step 112
discriminator made step 112
generator made step 128
discriminator made step 128
generator made step 144
discriminator made step 144
generator made step 160
discriminator made step 160
generator made step 176
discriminator made step 176
generator made step 192
discriminator made step 192
generator made step 208
discriminator made step 208
generator made step 224
discriminator made step 224
generator made step 240
discriminator made step 240
generator made step 256
discriminator made step 256
generator made step 272
discriminator made step 272
generator made step 288
discriminator made step 288
generator made step 304
discriminator made step 304
generator made step 320
discriminator made step 320
generator made step 336
discriminator made step 336
generator made step 352
discriminator made step 352
generator made step 368
discriminator made step 368
generator made step 384
discriminator made step 384
generator made step 400
discriminator made step 400
generator made step 416
discriminator made step 416
generator made step 432
discriminator made step 432
generator made step 448
discriminator made step 448
generator made step 464
discriminator made step 464
generator made step 480
discriminator made step 480
generator made step 496
discriminator made step 496
2022-07-29 09:40:00,206 - root - INFO - Total=442.936961, G=347.558425, D=92.537339, data=1.631704, next=1.209492
2022-07-29 09:40:05,270 - root - INFO - Total=5.062738, G=0.516493, data=3.188119, acc=0.006436, agg=0.129594, next=1.222097
saving checkpoint...
2022-07-29 09:40:17,509 - root - INFO - Time taken for epoch 17 is 460.24051308631897 sec
2022-07-29 09:40:17,509 - root - INFO - Train time = 442.9369606971741, Valid time = 5.0627381801605225
2022-07-29 09:40:17,509 - root - INFO - G losses = {'GAN': 1.9887001514434814, 'GAN_Feat': 0.5301570892333984, 'L1': 18.66830062866211}
2022-07-29 09:40:17,509 - root - INFO - D losses = {'D_Fake': 1.1547611951828003, 'D_real': 0.03151480481028557}
generator made step 0
discriminator made step 0
generator made step 16
discriminator made step 16
generator made step 32
discriminator made step 32
generator made step 48
discriminator made step 48
generator made step 64
discriminator made step 64
generator made step 80
discriminator made step 80
generator made step 96
discriminator made step 96
generator made step 112
discriminator made step 112
generator made step 128
discriminator made step 128
generator made step 144
discriminator made step 144
generator made step 160
discriminator made step 160
generator made step 176
discriminator made step 176
generator made step 192
discriminator made step 192
generator made step 208
discriminator made step 208
generator made step 224
discriminator made step 224
generator made step 240
discriminator made step 240
generator made step 256
discriminator made step 256
generator made step 272
discriminator made step 272
generator made step 288
discriminator made step 288
generator made step 304
discriminator made step 304
generator made step 320
discriminator made step 320
generator made step 336
discriminator made step 336
generator made step 352
discriminator made step 352
generator made step 368
discriminator made step 368
generator made step 384
discriminator made step 384
generator made step 400
discriminator made step 400
generator made step 416
discriminator made step 416
generator made step 432
discriminator made step 432
generator made step 448
discriminator made step 448
generator made step 464
discriminator made step 464
generator made step 480
discriminator made step 480
generator made step 496
discriminator made step 496
2022-07-29 09:47:41,433 - root - INFO - Total=443.922633, G=347.565545, D=92.543809, data=1.631266, next=2.182013
2022-07-29 09:47:47,074 - root - INFO - Total=5.640704, G=0.530658, data=3.203995, acc=0.006720, agg=0.143700, next=1.755631
saving checkpoint...
2022-07-29 09:47:59,402 - root - INFO - Time taken for epoch 18 is 461.89308190345764 sec
2022-07-29 09:47:59,402 - root - INFO - Train time = 443.92263317108154, Valid time = 5.640703916549683
2022-07-29 09:47:59,402 - root - INFO - G losses = {'GAN': 2.5915374755859375, 'GAN_Feat': 0.5362477898597717, 'L1': 20.21394920349121}
2022-07-29 09:47:59,402 - root - INFO - D losses = {'D_Fake': 0.05134747922420502, 'D_real': 0.06403239071369171}
generator made step 0
discriminator made step 0
generator made step 16
discriminator made step 16
generator made step 32
discriminator made step 32
generator made step 48
discriminator made step 48
generator made step 64
discriminator made step 64
generator made step 80
discriminator made step 80
generator made step 96
discriminator made step 96
generator made step 112
discriminator made step 112
generator made step 128
discriminator made step 128
generator made step 144
discriminator made step 144
generator made step 160
discriminator made step 160
generator made step 176
discriminator made step 176
generator made step 192
discriminator made step 192
generator made step 208
discriminator made step 208
generator made step 224
discriminator made step 224
generator made step 240
discriminator made step 240
generator made step 256
discriminator made step 256
generator made step 272
discriminator made step 272
generator made step 288
discriminator made step 288
generator made step 304
discriminator made step 304
generator made step 320
discriminator made step 320
generator made step 336
discriminator made step 336
generator made step 352
discriminator made step 352
generator made step 368
discriminator made step 368
generator made step 384
discriminator made step 384
generator made step 400
discriminator made step 400
generator made step 416
discriminator made step 416
generator made step 432
discriminator made step 432
generator made step 448
discriminator made step 448
generator made step 464
discriminator made step 464
generator made step 480
discriminator made step 480
generator made step 496
discriminator made step 496
2022-07-29 09:55:22,563 - root - INFO - Total=443.159978, G=347.701280, D=92.490605, data=1.631170, next=1.336923
2022-07-29 09:55:28,392 - root - INFO - Total=5.827829, G=0.570778, data=3.214612, acc=0.014438, agg=0.154965, next=1.873035
saving checkpoint...
2022-07-29 09:55:40,779 - root - INFO - Time taken for epoch 19 is 461.37635684013367 sec
2022-07-29 09:55:40,779 - root - INFO - Train time = 443.1599781513214, Valid time = 5.827828645706177
2022-07-29 09:55:40,779 - root - INFO - G losses = {'GAN': 2.7150707244873047, 'GAN_Feat': 0.4968411326408386, 'L1': 18.22374725341797}
2022-07-29 09:55:40,779 - root - INFO - D losses = {'D_Fake': 0.2569873631000519, 'D_real': 0.0002174532855860889}
generator made step 0
discriminator made step 0
generator made step 16
discriminator made step 16
generator made step 32
discriminator made step 32
generator made step 48
discriminator made step 48
generator made step 64
discriminator made step 64
generator made step 80
discriminator made step 80
generator made step 96
discriminator made step 96
generator made step 112
discriminator made step 112
generator made step 128
discriminator made step 128
generator made step 144
discriminator made step 144
generator made step 160
discriminator made step 160
generator made step 176
discriminator made step 176
generator made step 192
discriminator made step 192
generator made step 208
discriminator made step 208
generator made step 224
discriminator made step 224
generator made step 240
discriminator made step 240
generator made step 256
discriminator made step 256
generator made step 272
discriminator made step 272
generator made step 288
discriminator made step 288
generator made step 304
discriminator made step 304
generator made step 320
discriminator made step 320
generator made step 336
discriminator made step 336
generator made step 352
discriminator made step 352
generator made step 368
discriminator made step 368
generator made step 384
discriminator made step 384
generator made step 400
discriminator made step 400
generator made step 416
discriminator made step 416
generator made step 432
discriminator made step 432
generator made step 448
discriminator made step 448
generator made step 464
discriminator made step 464
generator made step 480
discriminator made step 480
generator made step 496
discriminator made step 496
2022-07-29 10:03:04,008 - root - INFO - Total=443.228279, G=347.706500, D=92.558954, data=1.630714, next=1.332110
2022-07-29 10:03:09,506 - root - INFO - Total=5.497022, G=0.598650, data=3.115997, acc=0.006677, agg=0.133393, next=1.642306
saving checkpoint...
2022-07-29 10:03:21,869 - root - INFO - Time taken for epoch 20 is 461.09033012390137 sec
2022-07-29 10:03:21,869 - root - INFO - Train time = 443.2282786369324, Valid time = 5.497022390365601
2022-07-29 10:03:21,870 - root - INFO - G losses = {'GAN': 3.03085994720459, 'GAN_Feat': 0.5303503274917603, 'L1': 18.94747543334961}
2022-07-29 10:03:21,870 - root - INFO - D losses = {'D_Fake': 0.019749758765101433, 'D_real': 0.0885145366191864}
generator made step 0
discriminator made step 0
generator made step 16
discriminator made step 16
generator made step 32
discriminator made step 32
generator made step 48
discriminator made step 48
generator made step 64
discriminator made step 64
generator made step 80
discriminator made step 80
generator made step 96
discriminator made step 96
generator made step 112
discriminator made step 112
generator made step 128
discriminator made step 128
generator made step 144
discriminator made step 144
generator made step 160
discriminator made step 160
generator made step 176
discriminator made step 176
generator made step 192
discriminator made step 192
generator made step 208
discriminator made step 208
generator made step 224
discriminator made step 224
generator made step 240
discriminator made step 240
generator made step 256
discriminator made step 256
generator made step 272
discriminator made step 272
generator made step 288
discriminator made step 288
generator made step 304
discriminator made step 304
generator made step 320
discriminator made step 320
generator made step 336
discriminator made step 336
generator made step 352
discriminator made step 352
generator made step 368
discriminator made step 368
generator made step 384
discriminator made step 384
generator made step 400
discriminator made step 400
generator made step 416
discriminator made step 416
generator made step 432
discriminator made step 432
generator made step 448
discriminator made step 448
generator made step 464
discriminator made step 464
generator made step 480
discriminator made step 480
generator made step 496
discriminator made step 496
2022-07-29 10:10:45,076 - root - INFO - Total=443.205360, G=347.757171, D=92.568578, data=1.629949, next=1.249662
2022-07-29 10:10:51,024 - root - INFO - Total=5.946870, G=0.471977, data=3.299755, acc=0.005900, agg=0.156363, next=2.012874
saving checkpoint...
2022-07-29 10:11:03,078 - root - INFO - Time taken for epoch 21 is 461.20866417884827 sec
2022-07-29 10:11:03,078 - root - INFO - Train time = 443.2053601741791, Valid time = 5.946869850158691
2022-07-29 10:11:03,078 - root - INFO - G losses = {'GAN': 4.259150505065918, 'GAN_Feat': 0.567345142364502, 'L1': 20.093015670776367}
2022-07-29 10:11:03,078 - root - INFO - D losses = {'D_Fake': 0.18836458027362823, 'D_real': 0.015737954527139664}
generator made step 0
discriminator made step 0
generator made step 16
discriminator made step 16
generator made step 32
discriminator made step 32
generator made step 48
discriminator made step 48
generator made step 64
discriminator made step 64
generator made step 80
discriminator made step 80
generator made step 96
discriminator made step 96
generator made step 112
discriminator made step 112
generator made step 128
discriminator made step 128
generator made step 144
discriminator made step 144
generator made step 160
discriminator made step 160
generator made step 176
discriminator made step 176
generator made step 192
discriminator made step 192
generator made step 208
discriminator made step 208
generator made step 224
discriminator made step 224
generator made step 240
discriminator made step 240
generator made step 256
discriminator made step 256
generator made step 272
discriminator made step 272
generator made step 288
discriminator made step 288
generator made step 304
discriminator made step 304
generator made step 320
discriminator made step 320
srun: Job step aborted: Waiting up to 32 seconds for job step to finish.
slurmstepd: error: *** STEP 2843129.0 ON nid002701 CANCELLED AT 2022-07-29T10:15:53 DUE TO TIME LIMIT ***
slurmstepd: error: *** JOB 2843129 ON nid002701 CANCELLED AT 2022-07-29T10:15:53 DUE TO TIME LIMIT ***
