+ srun -u shifter -V /pscratch/sd/c/cjacobus/ML_Hydro_train/logs:/logs --image=nersc/pytorch:ngc-22.03-v0 --env PYTHONUSERBASE=/global/homes/c/cjacobus/.local/perlmutter/nersc-pytorch-ngc-22.03-v0 bash -c '
    source export_DDP_vars.sh
    python train.py --root_dir=/pscratch/sd/c/cjacobus/tsit --config=tighttrain_up5_tanh_L1_spec
    '
[W socket.cpp:701] The server socket on [nid002192]:29500 is not yet listening (errno: 111 - Connection refused), will retry.
[W socket.cpp:701] The server socket on [nid002192]:29500 is not yet listening (errno: 111 - Connection refused), will retry.
[W socket.cpp:701] The server socket on [nid002192]:29500 is not yet listening (errno: 111 - Connection refused), will retry.
[W socket.cpp:701] The server socket on [nid002192]:29500 is not yet listening (errno: 111 - Connection refused), will retry.
[W socket.cpp:701] The server socket on [nid002192]:29500 is not yet listening (errno: 111 - Connection refused), will retry.
[W socket.cpp:701] The server socket on [nid002192]:29500 is not yet listening (errno: 111 - Connection refused), will retry.
[W socket.cpp:701] The server socket on [nid002192]:29500 is not yet listening (errno: 111 - Connection refused), will retry.
[W socket.cpp:701] The server socket on [nid002192]:29500 is not yet listening (errno: 111 - Connection refused), will retry.
2022-08-01 05:42:00,163 - torch.distributed.distributed_c10d - INFO - Added key: store_based_barrier_key:1 to store for rank: 1
2022-08-01 05:42:00,165 - torch.distributed.distributed_c10d - INFO - Added key: store_based_barrier_key:1 to store for rank: 3
2022-08-01 05:42:00,165 - torch.distributed.distributed_c10d - INFO - Added key: store_based_barrier_key:1 to store for rank: 2
2022-08-01 05:42:00,713 - torch.distributed.distributed_c10d - INFO - Added key: store_based_barrier_key:1 to store for rank: 8
2022-08-01 05:42:00,719 - torch.distributed.distributed_c10d - INFO - Added key: store_based_barrier_key:1 to store for rank: 10
2022-08-01 05:42:00,720 - torch.distributed.distributed_c10d - INFO - Added key: store_based_barrier_key:1 to store for rank: 9
2022-08-01 05:42:00,720 - torch.distributed.distributed_c10d - INFO - Added key: store_based_barrier_key:1 to store for rank: 11
2022-08-01 05:42:00,934 - torch.distributed.distributed_c10d - INFO - Added key: store_based_barrier_key:1 to store for rank: 0
2022-08-01 05:42:00,953 - torch.distributed.distributed_c10d - INFO - Added key: store_based_barrier_key:1 to store for rank: 7
2022-08-01 05:42:00,960 - torch.distributed.distributed_c10d - INFO - Added key: store_based_barrier_key:1 to store for rank: 4
2022-08-01 05:42:00,960 - torch.distributed.distributed_c10d - INFO - Added key: store_based_barrier_key:1 to store for rank: 6
2022-08-01 05:42:00,961 - torch.distributed.distributed_c10d - INFO - Added key: store_based_barrier_key:1 to store for rank: 5
2022-08-01 05:42:01,050 - torch.distributed.distributed_c10d - INFO - Added key: store_based_barrier_key:1 to store for rank: 14
2022-08-01 05:42:01,053 - torch.distributed.distributed_c10d - INFO - Added key: store_based_barrier_key:1 to store for rank: 13
2022-08-01 05:42:01,057 - torch.distributed.distributed_c10d - INFO - Added key: store_based_barrier_key:1 to store for rank: 12
2022-08-01 05:42:01,058 - torch.distributed.distributed_c10d - INFO - Added key: store_based_barrier_key:1 to store for rank: 15
2022-08-01 05:42:01,058 - torch.distributed.distributed_c10d - INFO - Rank 15: Completed store-based barrier for key:store_based_barrier_key:1 with 16 nodes.
2022-08-01 05:42:01,059 - torch.distributed.distributed_c10d - INFO - Rank 1: Completed store-based barrier for key:store_based_barrier_key:1 with 16 nodes.
2022-08-01 05:42:01,060 - torch.distributed.distributed_c10d - INFO - Rank 3: Completed store-based barrier for key:store_based_barrier_key:1 with 16 nodes.
2022-08-01 05:42:01,060 - torch.distributed.distributed_c10d - INFO - Rank 8: Completed store-based barrier for key:store_based_barrier_key:1 with 16 nodes.
2022-08-01 05:42:01,060 - torch.distributed.distributed_c10d - INFO - Rank 14: Completed store-based barrier for key:store_based_barrier_key:1 with 16 nodes.
2022-08-01 05:42:01,061 - torch.distributed.distributed_c10d - INFO - Rank 2: Completed store-based barrier for key:store_based_barrier_key:1 with 16 nodes.
2022-08-01 05:42:01,062 - torch.distributed.distributed_c10d - INFO - Rank 4: Completed store-based barrier for key:store_based_barrier_key:1 with 16 nodes.
2022-08-01 05:42:01,063 - torch.distributed.distributed_c10d - INFO - Rank 6: Completed store-based barrier for key:store_based_barrier_key:1 with 16 nodes.
2022-08-01 05:42:01,063 - torch.distributed.distributed_c10d - INFO - Rank 5: Completed store-based barrier for key:store_based_barrier_key:1 with 16 nodes.
2022-08-01 05:42:01,064 - torch.distributed.distributed_c10d - INFO - Rank 13: Completed store-based barrier for key:store_based_barrier_key:1 with 16 nodes.
2022-08-01 05:42:01,066 - torch.distributed.distributed_c10d - INFO - Rank 7: Completed store-based barrier for key:store_based_barrier_key:1 with 16 nodes.
2022-08-01 05:42:01,066 - torch.distributed.distributed_c10d - INFO - Rank 0: Completed store-based barrier for key:store_based_barrier_key:1 with 16 nodes.
2022-08-01 05:42:01,067 - torch.distributed.distributed_c10d - INFO - Rank 12: Completed store-based barrier for key:store_based_barrier_key:1 with 16 nodes.
2022-08-01 05:42:01,067 - torch.distributed.distributed_c10d - INFO - Rank 11: Completed store-based barrier for key:store_based_barrier_key:1 with 16 nodes.
2022-08-01 05:42:01,068 - torch.distributed.distributed_c10d - INFO - Rank 9: Completed store-based barrier for key:store_based_barrier_key:1 with 16 nodes.
2022-08-01 05:42:01,068 - torch.distributed.distributed_c10d - INFO - Rank 10: Completed store-based barrier for key:store_based_barrier_key:1 with 16 nodes.
2022-08-01 05:42:01,077 - root - INFO - rank 12, begin data loader init
2022-08-01 05:42:01,077 - root - INFO - rank 12, data loader initialized
2022-08-01 05:42:01,079 - root - INFO - rank 13, begin data loader init
2022-08-01 05:42:01,079 - root - INFO - rank 13, data loader initialized
2022-08-01 05:42:01,079 - root - INFO - rank 14, begin data loader init
2022-08-01 05:42:01,079 - root - INFO - rank 15, begin data loader init
2022-08-01 05:42:01,079 - root - INFO - rank 15, data loader initialized
2022-08-01 05:42:01,080 - root - INFO - rank 14, data loader initialized
2022-08-01 05:42:01,081 - root - INFO - ------------------ Configuration ------------------
2022-08-01 05:42:01,081 - root - INFO - Configuration file: /global/u1/c/cjacobus/Nyx-TSIT/config/tsit.yaml
2022-08-01 05:42:01,081 - root - INFO - Configuration name: tighttrain_up5_tanh_L1_spec
2022-08-01 05:42:01,081 - root - INFO - Nsamples 8192
2022-08-01 05:42:01,081 - root - INFO - Nsamples_val 512
2022-08-01 05:42:01,082 - root - INFO - niter 200
2022-08-01 05:42:01,082 - root - INFO - niter_decay 150
2022-08-01 05:42:01,082 - root - INFO - use_spec_loss False
2022-08-01 05:42:01,082 - root - INFO - lambda_spec 100.0
2022-08-01 05:42:01,082 - root - INFO - use_l1_loss True
2022-08-01 05:42:01,082 - root - INFO - lambda_l1 300.0
2022-08-01 05:42:01,082 - root - INFO - data_size 128
2022-08-01 05:42:01,082 - root - INFO - train_path /pscratch/sd/c/cjacobus/Nyx_512/train_s1_512_invar3_fullnorm_hydro.h5
2022-08-01 05:42:01,082 - root - INFO - val_path /pscratch/sd/c/cjacobus/Nyx_512/train_s1_512_invar3_fullnorm_hydro.h5
2022-08-01 05:42:01,082 - root - INFO - num_upsampling_blocks 5
2022-08-01 05:42:01,082 - root - INFO - tanh False
2022-08-01 05:42:01,082 - root - INFO - num_data_workers 16
2022-08-01 05:42:01,082 - root - INFO - in_channels [0, 1, 2, 3, 17, 18, 19]
2022-08-01 05:42:01,082 - root - INFO - out_channels [0]
2022-08-01 05:42:01,082 - root - INFO - min_path /pscratch/sd/s/shas1693/data/era5/mins.npy
2022-08-01 05:42:01,082 - root - INFO - max_path /pscratch/sd/s/shas1693/data/era5/maxs.npy
2022-08-01 05:42:01,082 - root - INFO - time_means_path /pscratch/sd/s/shas1693/data/era5/time_means.npy
2022-08-01 05:42:01,082 - root - INFO - global_means_path /pscratch/sd/s/shas1693/data/era5/global_means.npy
2022-08-01 05:42:01,082 - root - INFO - global_stds_path /pscratch/sd/s/shas1693/data/era5/global_stds.npy
2022-08-01 05:42:01,082 - root - INFO - precip /pscratch/sd/p/pharring/ERA5/precip/total_precipitation
2022-08-01 05:42:01,082 - root - INFO - precip_eps 1e-05
2022-08-01 05:42:01,082 - root - INFO - dt 1
2022-08-01 05:42:01,082 - root - INFO - n_history 0
2022-08-01 05:42:01,082 - root - INFO - crop_size_x None
2022-08-01 05:42:01,082 - root - INFO - crop_size_y None
2022-08-01 05:42:01,082 - root - INFO - roll False
2022-08-01 05:42:01,082 - root - INFO - conttime False
2022-08-01 05:42:01,082 - root - INFO - normalization zscore
2022-08-01 05:42:01,082 - root - INFO - add_grid False
2022-08-01 05:42:01,082 - root - INFO - model pix2pix
2022-08-01 05:42:01,082 - root - INFO - norm_G spectralfadebatch3x3
2022-08-01 05:42:01,082 - root - INFO - norm_D spectralinstance
2022-08-01 05:42:01,082 - root - INFO - norm_S spectralinstance
2022-08-01 05:42:01,082 - root - INFO - norm_E spectralinstance
2022-08-01 05:42:01,082 - root - INFO - batch_size 16
2022-08-01 05:42:01,082 - root - INFO - img_size [512, 512, 512]
2022-08-01 05:42:01,082 - root - INFO - box_size [512, 512, 512]
2022-08-01 05:42:01,082 - root - INFO - input_nc 5
2022-08-01 05:42:01,082 - root - INFO - output_nc 5
2022-08-01 05:42:01,082 - root - INFO - netG tsit
2022-08-01 05:42:01,082 - root - INFO - ngf 64
2022-08-01 05:42:01,082 - root - INFO - init_type xavier
2022-08-01 05:42:01,082 - root - INFO - init_variance 0.02
2022-08-01 05:42:01,082 - root - INFO - z_dim 256
2022-08-01 05:42:01,082 - root - INFO - alpha 1.0
2022-08-01 05:42:01,082 - root - INFO - no_ss True
2022-08-01 05:42:01,082 - root - INFO - downsamp True
2022-08-01 05:42:01,082 - root - INFO - use_periodic_padding True
2022-08-01 05:42:01,082 - root - INFO - additive_noise False
2022-08-01 05:42:01,082 - root - INFO - nef 16
2022-08-01 05:42:01,082 - root - INFO - use_vae False
2022-08-01 05:42:01,082 - root - INFO - optimizer adam
2022-08-01 05:42:01,082 - root - INFO - beta1 0.5
2022-08-01 05:42:01,082 - root - INFO - beta2 0.999
2022-08-01 05:42:01,082 - root - INFO - lr 0.0002
2022-08-01 05:42:01,082 - root - INFO - D_steps_per_G 1
2022-08-01 05:42:01,082 - root - INFO - ndf 64
2022-08-01 05:42:01,082 - root - INFO - lambda_feat 0.5
2022-08-01 05:42:01,082 - root - INFO - no_ganFeat_loss False
2022-08-01 05:42:01,082 - root - INFO - gan_mode hinge
2022-08-01 05:42:01,082 - root - INFO - netD multiscale
2022-08-01 05:42:01,082 - root - INFO - num_D 2
2022-08-01 05:42:01,082 - root - INFO - n_layers_D 4
2022-08-01 05:42:01,082 - root - INFO - no_TTUR True
2022-08-01 05:42:01,083 - root - INFO - lambda_kld 0.05
2022-08-01 05:42:01,083 - root - INFO - cat_inp False
2022-08-01 05:42:01,083 - root - INFO - entity weatherbenching
2022-08-01 05:42:01,083 - root - INFO - project Nyx-TSIT
2022-08-01 05:42:01,083 - root - INFO - log_to_wandb True
2022-08-01 05:42:01,083 - root - INFO - log_to_screen True
2022-08-01 05:42:01,083 - root - INFO - save_checkpoint True
2022-08-01 05:42:01,083 - root - INFO - weight_init ordereddict([('conv_init', 'normal'), ('conv_scale', 0.02), ('conv_bias', 0.0)])
2022-08-01 05:42:01,083 - root - INFO - lambda_rho 0
2022-08-01 05:42:01,083 - root - INFO - full_scale True
2022-08-01 05:42:01,083 - root - INFO - global_batch_size 64
2022-08-01 05:42:01,083 - root - INFO - base_batch_size 64
2022-08-01 05:42:01,083 - root - INFO - num_epochs 60
2022-08-01 05:42:01,083 - root - INFO - enable_amp False
2022-08-01 05:42:01,083 - root - INFO - enable_apex False
2022-08-01 05:42:01,083 - root - INFO - enable_benchy False
2022-08-01 05:42:01,083 - root - INFO - enable_jit False
2022-08-01 05:42:01,083 - root - INFO - expdir /pscratch/sd/c/cjacobus/Nyx_TSIT_train
2022-08-01 05:42:01,083 - root - INFO - lr_schedule ordereddict([('scaling', 'sqrt'), ('start_lr', 0.0002), ('end_lr', 0.0), ('warmup_steps', 128)])
2022-08-01 05:42:01,083 - root - INFO - data_loader_config lowmem
2022-08-01 05:42:01,083 - root - INFO - N_out_channels 5
2022-08-01 05:42:01,083 - root - INFO - N_in_channels 5
2022-08-01 05:42:01,083 - root - INFO - use_cache None
2022-08-01 05:42:01,083 - root - INFO - ---------------------------------------------------
log_to_wandb -------------------------------------------------------------------
2022-08-01 05:42:01,083 - root - INFO - rank 1, begin data loader init
2022-08-01 05:42:01,083 - root - INFO - rank 2, begin data loader init
2022-08-01 05:42:01,083 - root - INFO - rank 3, begin data loader init
dir exists: /pscratch/sd/c/cjacobus/tsit/expts/tighttrain_up5_tanh_L1_spec/checkpoints/
2022-08-01 05:42:01,083 - root - INFO - rank 1, data loader initialized
2022-08-01 05:42:01,083 - root - INFO - rank 2, data loader initialized
2022-08-01 05:42:01,083 - root - INFO - rank 3, data loader initialized
2022-08-01 05:42:01,083 - root - INFO - rank 4, begin data loader init
2022-08-01 05:42:01,084 - root - INFO - rank 5, begin data loader init
2022-08-01 05:42:01,084 - root - INFO - rank 6, begin data loader init
2022-08-01 05:42:01,084 - root - INFO - rank 7, begin data loader init
2022-08-01 05:42:01,084 - root - INFO - rank 4, data loader initialized
2022-08-01 05:42:01,084 - root - INFO - rank 5, data loader initialized
2022-08-01 05:42:01,084 - root - INFO - rank 6, data loader initialized
2022-08-01 05:42:01,084 - root - INFO - rank 7, data loader initialized
2022-08-01 05:42:01,086 - root - INFO - rank 8, begin data loader init
2022-08-01 05:42:01,086 - root - INFO - rank 9, begin data loader init
2022-08-01 05:42:01,086 - root - INFO - rank 11, begin data loader init
2022-08-01 05:42:01,086 - root - INFO - rank 10, begin data loader init
2022-08-01 05:42:01,087 - root - INFO - rank 8, data loader initialized
2022-08-01 05:42:01,087 - root - INFO - rank 9, data loader initialized
2022-08-01 05:42:01,087 - root - INFO - rank 10, data loader initialized
2022-08-01 05:42:01,087 - root - INFO - rank 11, data loader initialized
wandb: Currently logged in as: cjacobus (use `wandb login --relogin` to force relogin)
wandb: wandb version 0.12.21 is available!  To upgrade, please run:
wandb:  $ pip install wandb --upgrade
wandb: Tracking run with wandb version 0.12.13
wandb: Run data is saved locally in /pscratch/sd/c/cjacobus/tsit/expts/tighttrain_up5_tanh_L1_spec/wandb/run-20220801_054201-dc5xuvwg
wandb: Run `wandb offline` to turn off syncing.
wandb: Resuming run tighttrain_up5_tanh_L1_spec
wandb: ⭐️ View project at https://wandb.ai/weatherbenching/Nyx-TSIT
wandb: 🚀 View run at https://wandb.ai/weatherbenching/Nyx-TSIT/runs/dc5xuvwg
checking dir: /pscratch/sd/c/cjacobus/tsit/expts/tighttrain_up5_tanh_L1_spec/checkpoints/
dir exists: /pscratch/sd/c/cjacobus/tsit/expts/tighttrain_up5_tanh_L1_spec/checkpoints/
2022-08-01 05:42:03,960 - root - INFO - rank 0, begin data loader init
2022-08-01 05:42:03,960 - root - INFO - rank 0, data loader initialized
Network [TSITGenerator] was created. Total number of parameters: 991.3 million. To see the architecture, do print(network).
Network [TSITGenerator] was created. Total number of parameters: 991.3 million. To see the architecture, do print(network).
Network [TSITGenerator] was created. Total number of parameters: 991.3 million. To see the architecture, do print(network).
Network [TSITGenerator] was created. Total number of parameters: 991.3 million. To see the architecture, do print(network).
Network [TSITGenerator] was created. Total number of parameters: 991.3 million. To see the architecture, do print(network).
Network [TSITGenerator] was created. Total number of parameters: 991.3 million. To see the architecture, do print(network).
Network [TSITGenerator] was created. Total number of parameters: 991.3 million. To see the architecture, do print(network).
Network [TSITGenerator] was created. Total number of parameters: 991.3 million. To see the architecture, do print(network).
Network [TSITGenerator] was created. Total number of parameters: 991.3 million. To see the architecture, do print(network).
Network [TSITGenerator] was created. Total number of parameters: 991.3 million. To see the architecture, do print(network).
Network [TSITGenerator] was created. Total number of parameters: 991.3 million. To see the architecture, do print(network).
Network [TSITGenerator] was created. Total number of parameters: 991.3 million. To see the architecture, do print(network).
Network [TSITGenerator] was created. Total number of parameters: 991.3 million. To see the architecture, do print(network).
Network [TSITGenerator] was created. Total number of parameters: 991.3 million. To see the architecture, do print(network).
Network [TSITGenerator] was created. Total number of parameters: 991.3 million. To see the architecture, do print(network).
Network [TSITGenerator] was created. Total number of parameters: 991.3 million. To see the architecture, do print(network).
Network [MultiscaleDiscriminator] was created. Total number of parameters: 22.1 million. To see the architecture, do print(network).
Network [MultiscaleDiscriminator] was created. Total number of parameters: 22.1 million. To see the architecture, do print(network).
Network [MultiscaleDiscriminator] was created. Total number of parameters: 22.1 million. To see the architecture, do print(network).
Network [MultiscaleDiscriminator] was created. Total number of parameters: 22.1 million. To see the architecture, do print(network).
Network [MultiscaleDiscriminator] was created. Total number of parameters: 22.1 million. To see the architecture, do print(network).
Network [MultiscaleDiscriminator] was created. Total number of parameters: 22.1 million. To see the architecture, do print(network).
Network [MultiscaleDiscriminator] was created. Total number of parameters: 22.1 million. To see the architecture, do print(network).
Network [MultiscaleDiscriminator] was created. Total number of parameters: 22.1 million. To see the architecture, do print(network).
Network [MultiscaleDiscriminator] was created. Total number of parameters: 22.1 million. To see the architecture, do print(network).
Network [MultiscaleDiscriminator] was created. Total number of parameters: 22.1 million. To see the architecture, do print(network).
Network [MultiscaleDiscriminator] was created. Total number of parameters: 22.1 million. To see the architecture, do print(network).
Network [MultiscaleDiscriminator] was created. Total number of parameters: 22.1 million. To see the architecture, do print(network).
Network [MultiscaleDiscriminator] was created. Total number of parameters: 22.1 million. To see the architecture, do print(network).
Network [MultiscaleDiscriminator] was created. Total number of parameters: 22.1 million. To see the architecture, do print(network).
Network [MultiscaleDiscriminator] was created. Total number of parameters: 22.1 million. To see the architecture, do print(network).
Network [MultiscaleDiscriminator] was created. Total number of parameters: 22.1 million. To see the architecture, do print(network).
2022-08-01 05:42:22,860 - root - INFO - Loading checkpoint /pscratch/sd/c/cjacobus/tsit/expts/tighttrain_up5_tanh_L1_spec/checkpoints/ckpt.tar
2022-08-01 05:42:22,861 - root - INFO - Loading checkpoint /pscratch/sd/c/cjacobus/tsit/expts/tighttrain_up5_tanh_L1_spec/checkpoints/ckpt.tar
2022-08-01 05:42:22,862 - root - INFO - Loading checkpoint /pscratch/sd/c/cjacobus/tsit/expts/tighttrain_up5_tanh_L1_spec/checkpoints/ckpt.tar
2022-08-01 05:42:22,862 - root - INFO - Loading checkpoint /pscratch/sd/c/cjacobus/tsit/expts/tighttrain_up5_tanh_L1_spec/checkpoints/ckpt.tar
2022-08-01 05:42:22,864 - root - INFO - Loading checkpoint /pscratch/sd/c/cjacobus/tsit/expts/tighttrain_up5_tanh_L1_spec/checkpoints/ckpt.tar
2022-08-01 05:42:22,864 - root - INFO - Loading checkpoint /pscratch/sd/c/cjacobus/tsit/expts/tighttrain_up5_tanh_L1_spec/checkpoints/ckpt.tar
2022-08-01 05:42:22,865 - root - INFO - Loading checkpoint /pscratch/sd/c/cjacobus/tsit/expts/tighttrain_up5_tanh_L1_spec/checkpoints/ckpt.tar
2022-08-01 05:42:22,866 - root - INFO - Loading checkpoint /pscratch/sd/c/cjacobus/tsit/expts/tighttrain_up5_tanh_L1_spec/checkpoints/ckpt.tar
2022-08-01 05:42:22,866 - root - INFO - Loading checkpoint /pscratch/sd/c/cjacobus/tsit/expts/tighttrain_up5_tanh_L1_spec/checkpoints/ckpt.tar
2022-08-01 05:42:22,866 - root - INFO - Loading checkpoint /pscratch/sd/c/cjacobus/tsit/expts/tighttrain_up5_tanh_L1_spec/checkpoints/ckpt.tar
2022-08-01 05:42:22,866 - root - INFO - Loading checkpoint /pscratch/sd/c/cjacobus/tsit/expts/tighttrain_up5_tanh_L1_spec/checkpoints/ckpt.tar
2022-08-01 05:42:22,867 - root - INFO - Loading checkpoint /pscratch/sd/c/cjacobus/tsit/expts/tighttrain_up5_tanh_L1_spec/checkpoints/ckpt.tar
2022-08-01 05:42:22,867 - root - INFO - Loading checkpoint /pscratch/sd/c/cjacobus/tsit/expts/tighttrain_up5_tanh_L1_spec/checkpoints/ckpt.tar
2022-08-01 05:42:22,867 - root - INFO - Loading checkpoint /pscratch/sd/c/cjacobus/tsit/expts/tighttrain_up5_tanh_L1_spec/checkpoints/ckpt.tar
2022-08-01 05:42:22,867 - root - INFO - Loading checkpoint /pscratch/sd/c/cjacobus/tsit/expts/tighttrain_up5_tanh_L1_spec/checkpoints/ckpt.tar
2022-08-01 05:42:22,867 - root - INFO - Loading checkpoint /pscratch/sd/c/cjacobus/tsit/expts/tighttrain_up5_tanh_L1_spec/checkpoints/ckpt.tar
2022-08-01 05:42:28,555 - root - INFO - Starting Training Loop...
[W reducer.cpp:1282] Warning: find_unused_parameters=True was specified in DDP constructor, but did not find any unused parameters in the forward pass. This flag results in an extra traversal of the autograd graph every iteration,  which can adversely affect performance. If your model indeed never has any unused parameters in the forward pass, consider turning this flag off. Note that this warning may be a false positive if your model has flow control causing later iterations to have unused parameters. (function operator())
[W reducer.cpp:1282] Warning: find_unused_parameters=True was specified in DDP constructor, but did not find any unused parameters in the forward pass. This flag results in an extra traversal of the autograd graph every iteration,  which can adversely affect performance. If your model indeed never has any unused parameters in the forward pass, consider turning this flag off. Note that this warning may be a false positive if your model has flow control causing later iterations to have unused parameters. (function operator())
[W reducer.cpp:1282] Warning: find_unused_parameters=True was specified in DDP constructor, but did not find any unused parameters in the forward pass. This flag results in an extra traversal of the autograd graph every iteration,  which can adversely affect performance. If your model indeed never has any unused parameters in the forward pass, consider turning this flag off. Note that this warning may be a false positive if your model has flow control causing later iterations to have unused parameters. (function operator())
[W reducer.cpp:1282] Warning: find_unused_parameters=True was specified in DDP constructor, but did not find any unused parameters in the forward pass. This flag results in an extra traversal of the autograd graph every iteration,  which can adversely affect performance. If your model indeed never has any unused parameters in the forward pass, consider turning this flag off. Note that this warning may be a false positive if your model has flow control causing later iterations to have unused parameters. (function operator())
[W reducer.cpp:1282] Warning: find_unused_parameters=True was specified in DDP constructor, but did not find any unused parameters in the forward pass. This flag results in an extra traversal of the autograd graph every iteration,  which can adversely affect performance. If your model indeed never has any unused parameters in the forward pass, consider turning this flag off. Note that this warning may be a false positive if your model has flow control causing later iterations to have unused parameters. (function operator())
[W reducer.cpp:1282] Warning: find_unused_parameters=True was specified in DDP constructor, but did not find any unused parameters in the forward pass. This flag results in an extra traversal of the autograd graph every iteration,  which can adversely affect performance. If your model indeed never has any unused parameters in the forward pass, consider turning this flag off. Note that this warning may be a false positive if your model has flow control causing later iterations to have unused parameters. (function operator())
[W reducer.cpp:1282] Warning: find_unused_parameters=True was specified in DDP constructor, but did not find any unused parameters in the forward pass. This flag results in an extra traversal of the autograd graph every iteration,  which can adversely affect performance. If your model indeed never has any unused parameters in the forward pass, consider turning this flag off. Note that this warning may be a false positive if your model has flow control causing later iterations to have unused parameters. (function operator())
[W reducer.cpp:1282] Warning: find_unused_parameters=True was specified in DDP constructor, but did not find any unused parameters in the forward pass. This flag results in an extra traversal of the autograd graph every iteration,  which can adversely affect performance. If your model indeed never has any unused parameters in the forward pass, consider turning this flag off. Note that this warning may be a false positive if your model has flow control causing later iterations to have unused parameters. (function operator())
[W reducer.cpp:1282] Warning: find_unused_parameters=True was specified in DDP constructor, but did not find any unused parameters in the forward pass. This flag results in an extra traversal of the autograd graph every iteration,  which can adversely affect performance. If your model indeed never has any unused parameters in the forward pass, consider turning this flag off. Note that this warning may be a false positive if your model has flow control causing later iterations to have unused parameters. (function operator())
[W reducer.cpp:1282] Warning: find_unused_parameters=True was specified in DDP constructor, but did not find any unused parameters in the forward pass. This flag results in an extra traversal of the autograd graph every iteration,  which can adversely affect performance. If your model indeed never has any unused parameters in the forward pass, consider turning this flag off. Note that this warning may be a false positive if your model has flow control causing later iterations to have unused parameters. (function operator())
[W reducer.cpp:1282] Warning: find_unused_parameters=True was specified in DDP constructor, but did not find any unused parameters in the forward pass. This flag results in an extra traversal of the autograd graph every iteration,  which can adversely affect performance. If your model indeed never has any unused parameters in the forward pass, consider turning this flag off. Note that this warning may be a false positive if your model has flow control causing later iterations to have unused parameters. (function operator())
[W reducer.cpp:1282] Warning: find_unused_parameters=True was specified in DDP constructor, but did not find any unused parameters in the forward pass. This flag results in an extra traversal of the autograd graph every iteration,  which can adversely affect performance. If your model indeed never has any unused parameters in the forward pass, consider turning this flag off. Note that this warning may be a false positive if your model has flow control causing later iterations to have unused parameters. (function operator())
[W reducer.cpp:1282] Warning: find_unused_parameters=True was specified in DDP constructor, but did not find any unused parameters in the forward pass. This flag results in an extra traversal of the autograd graph every iteration,  which can adversely affect performance. If your model indeed never has any unused parameters in the forward pass, consider turning this flag off. Note that this warning may be a false positive if your model has flow control causing later iterations to have unused parameters. (function operator())
[W reducer.cpp:1282] Warning: find_unused_parameters=True was specified in DDP constructor, but did not find any unused parameters in the forward pass. This flag results in an extra traversal of the autograd graph every iteration,  which can adversely affect performance. If your model indeed never has any unused parameters in the forward pass, consider turning this flag off. Note that this warning may be a false positive if your model has flow control causing later iterations to have unused parameters. (function operator())
[W reducer.cpp:1282] Warning: find_unused_parameters=True was specified in DDP constructor, but did not find any unused parameters in the forward pass. This flag results in an extra traversal of the autograd graph every iteration,  which can adversely affect performance. If your model indeed never has any unused parameters in the forward pass, consider turning this flag off. Note that this warning may be a false positive if your model has flow control causing later iterations to have unused parameters. (function operator())
[W reducer.cpp:1282] Warning: find_unused_parameters=True was specified in DDP constructor, but did not find any unused parameters in the forward pass. This flag results in an extra traversal of the autograd graph every iteration,  which can adversely affect performance. If your model indeed never has any unused parameters in the forward pass, consider turning this flag off. Note that this warning may be a false positive if your model has flow control causing later iterations to have unused parameters. (function operator())
generator made step 0
discriminator made step 0
generator made step 16
discriminator made step 16
generator made step 32
discriminator made step 32
generator made step 48
discriminator made step 48
generator made step 64
discriminator made step 64
generator made step 80
discriminator made step 80
generator made step 96
discriminator made step 96
generator made step 112
discriminator made step 112
generator made step 128
discriminator made step 128
generator made step 144
discriminator made step 144
generator made step 160
discriminator made step 160
generator made step 176
discriminator made step 176
generator made step 192
discriminator made step 192
generator made step 208
discriminator made step 208
generator made step 224
discriminator made step 224
generator made step 240
discriminator made step 240
generator made step 256
discriminator made step 256
generator made step 272
discriminator made step 272
generator made step 288
discriminator made step 288
generator made step 304
discriminator made step 304
generator made step 320
discriminator made step 320
generator made step 336
discriminator made step 336
generator made step 352
discriminator made step 352
generator made step 368
discriminator made step 368
generator made step 384
discriminator made step 384
generator made step 400
discriminator made step 400
generator made step 416
discriminator made step 416
generator made step 432
discriminator made step 432
generator made step 448
discriminator made step 448
generator made step 464
discriminator made step 464
generator made step 480
discriminator made step 480
generator made step 496
discriminator made step 496
2022-08-01 05:50:10,422 - root - INFO - Total=461.866523, G=367.374732, D=89.267099, data=1.646489, next=3.578203
2022-08-01 05:50:16,656 - root - INFO - Total=6.232498, G=0.441633, data=3.162828, acc=0.550034, agg=0.167097, next=1.910907
saving checkpoint...
2022-08-01 05:50:28,208 - root - INFO - Time taken for epoch 35 is 479.65278458595276 sec
2022-08-01 05:50:28,208 - root - INFO - Train time = 461.86652302742004, Valid time = 6.232497692108154
2022-08-01 05:50:28,208 - root - INFO - G losses = {'GAN': 4.51782751083374, 'GAN_Feat': 0.6793521642684937, 'L1': 18.72956085205078}
2022-08-01 05:50:28,208 - root - INFO - D losses = {'D_Fake': 0.0, 'D_real': 0.0}
generator made step 0
discriminator made step 0
generator made step 16
discriminator made step 16
generator made step 32
discriminator made step 32
generator made step 48
discriminator made step 48
generator made step 64
discriminator made step 64
generator made step 80
discriminator made step 80
generator made step 96
discriminator made step 96
generator made step 112
discriminator made step 112
generator made step 128
discriminator made step 128
generator made step 144
discriminator made step 144
generator made step 160
discriminator made step 160
generator made step 176
discriminator made step 176
generator made step 192
discriminator made step 192
generator made step 208
discriminator made step 208
generator made step 224
discriminator made step 224
generator made step 240
discriminator made step 240
generator made step 256
discriminator made step 256
generator made step 272
discriminator made step 272
generator made step 288
discriminator made step 288
generator made step 304
discriminator made step 304
generator made step 320
discriminator made step 320
generator made step 336
discriminator made step 336
generator made step 352
discriminator made step 352
generator made step 368
discriminator made step 368
generator made step 384
discriminator made step 384
generator made step 400
discriminator made step 400
generator made step 416
discriminator made step 416
generator made step 432
discriminator made step 432
generator made step 448
discriminator made step 448
generator made step 464
discriminator made step 464
generator made step 480
discriminator made step 480
generator made step 496
discriminator made step 496
2022-08-01 05:57:43,105 - root - INFO - Total=434.895900, G=342.700212, D=89.268842, data=1.632719, next=1.294127
2022-08-01 05:57:48,837 - root - INFO - Total=5.730983, G=0.515476, data=3.219754, acc=0.008236, agg=0.155884, next=1.831633
saving checkpoint...
2022-08-01 05:57:59,299 - root - INFO - Time taken for epoch 36 is 451.0904974937439 sec
2022-08-01 05:57:59,299 - root - INFO - Train time = 434.89589977264404, Valid time = 5.730983257293701
2022-08-01 05:57:59,299 - root - INFO - G losses = {'GAN': 4.575247287750244, 'GAN_Feat': 0.6795182228088379, 'L1': 17.895017623901367}
2022-08-01 05:57:59,299 - root - INFO - D losses = {'D_Fake': 0.0, 'D_real': 0.0}
generator made step 0
discriminator made step 0
generator made step 16
discriminator made step 16
generator made step 32
discriminator made step 32
generator made step 48
discriminator made step 48
generator made step 64
discriminator made step 64
generator made step 80
discriminator made step 80
generator made step 96
discriminator made step 96
generator made step 112
discriminator made step 112
generator made step 128
discriminator made step 128
generator made step 144
discriminator made step 144
generator made step 160
discriminator made step 160
generator made step 176
discriminator made step 176
generator made step 192
discriminator made step 192
generator made step 208
discriminator made step 208
generator made step 224
discriminator made step 224
generator made step 240
discriminator made step 240
generator made step 256
discriminator made step 256
generator made step 272
discriminator made step 272
generator made step 288
discriminator made step 288
generator made step 304
discriminator made step 304
generator made step 320
discriminator made step 320
generator made step 336
discriminator made step 336
generator made step 352
discriminator made step 352
generator made step 368
discriminator made step 368
generator made step 384
discriminator made step 384
generator made step 400
discriminator made step 400
generator made step 416
discriminator made step 416
generator made step 432
discriminator made step 432
generator made step 448
discriminator made step 448
generator made step 464
discriminator made step 464
generator made step 480
discriminator made step 480
generator made step 496
discriminator made step 496
2022-08-01 06:05:14,256 - root - INFO - Total=434.956465, G=342.800304, D=89.210196, data=1.631388, next=1.314577
2022-08-01 06:05:19,986 - root - INFO - Total=5.729137, G=0.525661, data=3.147168, acc=0.008744, agg=0.151043, next=1.896520
saving checkpoint...
2022-08-01 06:05:30,604 - root - INFO - Time taken for epoch 37 is 451.3052701950073 sec
2022-08-01 06:05:30,604 - root - INFO - Train time = 434.9564654827118, Valid time = 5.72913670539856
2022-08-01 06:05:30,604 - root - INFO - G losses = {'GAN': 4.39467716217041, 'GAN_Feat': 0.6757320761680603, 'L1': 17.04375457763672}
2022-08-01 06:05:30,604 - root - INFO - D losses = {'D_Fake': 0.0, 'D_real': 0.0}
generator made step 0
discriminator made step 0
generator made step 16
discriminator made step 16
generator made step 32
discriminator made step 32
generator made step 48
discriminator made step 48
generator made step 64
discriminator made step 64
generator made step 80
discriminator made step 80
generator made step 96
discriminator made step 96
generator made step 112
discriminator made step 112
generator made step 128
discriminator made step 128
generator made step 144
discriminator made step 144
generator made step 160
discriminator made step 160
generator made step 176
discriminator made step 176
generator made step 192
discriminator made step 192
generator made step 208
discriminator made step 208
generator made step 224
discriminator made step 224
generator made step 240
discriminator made step 240
generator made step 256
discriminator made step 256
generator made step 272
discriminator made step 272
generator made step 288
discriminator made step 288
generator made step 304
discriminator made step 304
generator made step 320
discriminator made step 320
generator made step 336
discriminator made step 336
generator made step 352
discriminator made step 352
generator made step 368
discriminator made step 368
generator made step 384
discriminator made step 384
generator made step 400
discriminator made step 400
generator made step 416
discriminator made step 416
generator made step 432
discriminator made step 432
generator made step 448
discriminator made step 448
generator made step 464
discriminator made step 464
generator made step 480
discriminator made step 480
generator made step 496
discriminator made step 496
2022-08-01 06:12:46,203 - root - INFO - Total=435.597481, G=342.675615, D=89.184451, data=1.632522, next=2.104893
2022-08-01 06:12:51,654 - root - INFO - Total=5.449949, G=0.428190, data=3.144752, acc=0.006717, agg=0.130282, next=1.740008
saving checkpoint...
2022-08-01 06:13:02,083 - root - INFO - Time taken for epoch 38 is 451.47857451438904 sec
2022-08-01 06:13:02,083 - root - INFO - Train time = 435.5974805355072, Valid time = 5.449948787689209
2022-08-01 06:13:02,083 - root - INFO - G losses = {'GAN': 4.609618663787842, 'GAN_Feat': 0.6729884743690491, 'L1': 17.207683563232422}
2022-08-01 06:13:02,083 - root - INFO - D losses = {'D_Fake': 0.0, 'D_real': 0.0}
generator made step 0
discriminator made step 0
generator made step 16
discriminator made step 16
generator made step 32
discriminator made step 32
generator made step 48
discriminator made step 48
generator made step 64
discriminator made step 64
generator made step 80
discriminator made step 80
generator made step 96
discriminator made step 96
generator made step 112
discriminator made step 112
generator made step 128
discriminator made step 128
generator made step 144
discriminator made step 144
generator made step 160
discriminator made step 160
generator made step 176
discriminator made step 176
generator made step 192
discriminator made step 192
generator made step 208
discriminator made step 208
generator made step 224
discriminator made step 224
generator made step 240
discriminator made step 240
generator made step 256
discriminator made step 256
generator made step 272
discriminator made step 272
generator made step 288
discriminator made step 288
generator made step 304
discriminator made step 304
generator made step 320
discriminator made step 320
generator made step 336
discriminator made step 336
generator made step 352
discriminator made step 352
generator made step 368
discriminator made step 368
generator made step 384
discriminator made step 384
generator made step 400
discriminator made step 400
generator made step 416
discriminator made step 416
generator made step 432
discriminator made step 432
generator made step 448
discriminator made step 448
generator made step 464
discriminator made step 464
generator made step 480
discriminator made step 480
generator made step 496
discriminator made step 496
2022-08-01 06:20:17,108 - root - INFO - Total=435.023525, G=342.911235, D=89.203834, data=1.630736, next=1.277719
2022-08-01 06:20:23,175 - root - INFO - Total=6.066613, G=0.415047, data=3.290089, acc=0.006369, agg=0.155816, next=2.199291
saving checkpoint...
2022-08-01 06:20:33,821 - root - INFO - Time taken for epoch 39 is 451.7382664680481 sec
2022-08-01 06:20:33,821 - root - INFO - Train time = 435.02352476119995, Valid time = 6.066612720489502
2022-08-01 06:20:33,821 - root - INFO - G losses = {'GAN': 4.4833149909973145, 'GAN_Feat': 0.683193564414978, 'L1': 20.10846710205078}
2022-08-01 06:20:33,821 - root - INFO - D losses = {'D_Fake': 0.0, 'D_real': 0.0}
generator made step 0
discriminator made step 0
generator made step 16
discriminator made step 16
generator made step 32
discriminator made step 32
generator made step 48
discriminator made step 48
generator made step 64
discriminator made step 64
generator made step 80
discriminator made step 80
generator made step 96
discriminator made step 96
generator made step 112
discriminator made step 112
generator made step 128
discriminator made step 128
generator made step 144
discriminator made step 144
generator made step 160
discriminator made step 160
generator made step 176
discriminator made step 176
generator made step 192
discriminator made step 192
generator made step 208
discriminator made step 208
generator made step 224
discriminator made step 224
generator made step 240
discriminator made step 240
generator made step 256
discriminator made step 256
generator made step 272
discriminator made step 272
generator made step 288
discriminator made step 288
generator made step 304
discriminator made step 304
generator made step 320
discriminator made step 320
generator made step 336
discriminator made step 336
generator made step 352
discriminator made step 352
generator made step 368
discriminator made step 368
generator made step 384
discriminator made step 384
generator made step 400
discriminator made step 400
generator made step 416
discriminator made step 416
generator made step 432
discriminator made step 432
generator made step 448
discriminator made step 448
generator made step 464
discriminator made step 464
generator made step 480
discriminator made step 480
generator made step 496
discriminator made step 496
2022-08-01 06:27:48,671 - root - INFO - Total=434.848185, G=342.888033, D=89.213604, data=1.631493, next=1.115055
2022-08-01 06:27:54,664 - root - INFO - Total=5.992839, G=0.396896, data=3.357154, acc=0.006044, agg=0.135051, next=2.097694
saving checkpoint...
2022-08-01 06:28:04,966 - root - INFO - Time taken for epoch 40 is 451.14474987983704 sec
2022-08-01 06:28:04,966 - root - INFO - Train time = 434.848185300827, Valid time = 5.9928388595581055
2022-08-01 06:28:04,966 - root - INFO - G losses = {'GAN': 4.38730001449585, 'GAN_Feat': 0.675281286239624, 'L1': 17.020973205566406}
2022-08-01 06:28:04,966 - root - INFO - D losses = {'D_Fake': 0.0, 'D_real': 0.0}
generator made step 0
discriminator made step 0
generator made step 16
discriminator made step 16
generator made step 32
discriminator made step 32
generator made step 48
discriminator made step 48
generator made step 64
discriminator made step 64
generator made step 80
discriminator made step 80
generator made step 96
discriminator made step 96
generator made step 112
discriminator made step 112
generator made step 128
discriminator made step 128
generator made step 144
discriminator made step 144
generator made step 160
discriminator made step 160
generator made step 176
discriminator made step 176
generator made step 192
discriminator made step 192
generator made step 208
discriminator made step 208
generator made step 224
discriminator made step 224
generator made step 240
discriminator made step 240
generator made step 256
discriminator made step 256
generator made step 272
discriminator made step 272
generator made step 288
discriminator made step 288
generator made step 304
discriminator made step 304
generator made step 320
discriminator made step 320
generator made step 336
discriminator made step 336
generator made step 352
discriminator made step 352
generator made step 368
discriminator made step 368
generator made step 384
discriminator made step 384
generator made step 400
discriminator made step 400
generator made step 416
discriminator made step 416
generator made step 432
discriminator made step 432
generator made step 448
discriminator made step 448
generator made step 464
discriminator made step 464
generator made step 480
discriminator made step 480
generator made step 496
discriminator made step 496
2022-08-01 06:35:20,059 - root - INFO - Total=435.092038, G=342.990924, D=89.141860, data=1.630438, next=1.328816
2022-08-01 06:35:25,977 - root - INFO - Total=5.916807, G=0.394232, data=3.376839, acc=0.006175, agg=0.129656, next=2.009904
saving checkpoint...
2022-08-01 06:35:36,615 - root - INFO - Time taken for epoch 41 is 451.648485660553 sec
2022-08-01 06:35:36,615 - root - INFO - Train time = 435.0920379161835, Valid time = 5.916807174682617
2022-08-01 06:35:36,615 - root - INFO - G losses = {'GAN': 5.099846839904785, 'GAN_Feat': 0.6978194713592529, 'L1': 22.505474090576172}
2022-08-01 06:35:36,615 - root - INFO - D losses = {'D_Fake': 8.220406016334891e-05, 'D_real': 1.6310799765051343e-05}
generator made step 0
discriminator made step 0
generator made step 16
discriminator made step 16
generator made step 32
discriminator made step 32
generator made step 48
discriminator made step 48
generator made step 64
discriminator made step 64
generator made step 80
discriminator made step 80
generator made step 96
discriminator made step 96
generator made step 112
discriminator made step 112
generator made step 128
discriminator made step 128
generator made step 144
discriminator made step 144
generator made step 160
discriminator made step 160
generator made step 176
discriminator made step 176
generator made step 192
discriminator made step 192
generator made step 208
discriminator made step 208
generator made step 224
discriminator made step 224
generator made step 240
discriminator made step 240
generator made step 256
discriminator made step 256
generator made step 272
discriminator made step 272
generator made step 288
discriminator made step 288
generator made step 304
discriminator made step 304
generator made step 320
discriminator made step 320
generator made step 336
discriminator made step 336
generator made step 352
discriminator made step 352
generator made step 368
discriminator made step 368
generator made step 384
discriminator made step 384
generator made step 400
discriminator made step 400
generator made step 416
discriminator made step 416
generator made step 432
discriminator made step 432
slurmstepd: error: *** STEP 2859762.0 ON nid002192 CANCELLED AT 2022-08-01T06:41:48 DUE TO TIME LIMIT ***
slurmstepd: error: *** JOB 2859762 ON nid002192 CANCELLED AT 2022-08-01T06:41:48 DUE TO TIME LIMIT ***
srun: Job step aborted: Waiting up to 32 seconds for job step to finish.
