+ srun -u shifter -V /pscratch/sd/c/cjacobus/ML_Hydro_train/logs:/logs --image=nersc/pytorch:ngc-22.03-v0 --env PYTHONUSERBASE=/global/homes/c/cjacobus/.local/perlmutter/nersc-pytorch-ngc-22.03-v0 bash -c '
    source export_DDP_vars.sh
    python train.py --root_dir=/pscratch/sd/c/cjacobus/tsit --config=new_L1
    '
[W socket.cpp:701] The server socket on [nid002213]:29500 is not yet listening (errno: 111 - Connection refused), will retry.
[W socket.cpp:701] The server socket on [nid002213]:29500 is not yet listening (errno: 111 - Connection refused), will retry.
[W socket.cpp:701] The server socket on [nid002213]:29500 is not yet listening (errno: 111 - Connection refused), will retry.
[W socket.cpp:701] The server socket on [nid002213]:29500 is not yet listening (errno: 111 - Connection refused), will retry.
2022-07-28 11:24:37,128 - torch.distributed.distributed_c10d - INFO - Added key: store_based_barrier_key:1 to store for rank: 1
2022-07-28 11:24:37,129 - torch.distributed.distributed_c10d - INFO - Added key: store_based_barrier_key:1 to store for rank: 3
2022-07-28 11:24:37,130 - torch.distributed.distributed_c10d - INFO - Added key: store_based_barrier_key:1 to store for rank: 2
2022-07-28 11:24:37,511 - torch.distributed.distributed_c10d - INFO - Added key: store_based_barrier_key:1 to store for rank: 7
2022-07-28 11:24:37,515 - torch.distributed.distributed_c10d - INFO - Added key: store_based_barrier_key:1 to store for rank: 5
2022-07-28 11:24:37,516 - torch.distributed.distributed_c10d - INFO - Added key: store_based_barrier_key:1 to store for rank: 4
2022-07-28 11:24:37,517 - torch.distributed.distributed_c10d - INFO - Added key: store_based_barrier_key:1 to store for rank: 6
2022-07-28 11:24:37,746 - torch.distributed.distributed_c10d - INFO - Added key: store_based_barrier_key:1 to store for rank: 0
2022-07-28 11:24:37,832 - torch.distributed.distributed_c10d - INFO - Added key: store_based_barrier_key:1 to store for rank: 8
2022-07-28 11:24:37,836 - torch.distributed.distributed_c10d - INFO - Added key: store_based_barrier_key:1 to store for rank: 10
2022-07-28 11:24:37,839 - torch.distributed.distributed_c10d - INFO - Added key: store_based_barrier_key:1 to store for rank: 11
2022-07-28 11:24:37,840 - torch.distributed.distributed_c10d - INFO - Added key: store_based_barrier_key:1 to store for rank: 9
2022-07-28 11:24:37,964 - torch.distributed.distributed_c10d - INFO - Added key: store_based_barrier_key:1 to store for rank: 12
2022-07-28 11:24:37,968 - torch.distributed.distributed_c10d - INFO - Added key: store_based_barrier_key:1 to store for rank: 15
2022-07-28 11:24:37,971 - torch.distributed.distributed_c10d - INFO - Added key: store_based_barrier_key:1 to store for rank: 13
2022-07-28 11:24:37,976 - torch.distributed.distributed_c10d - INFO - Added key: store_based_barrier_key:1 to store for rank: 14
2022-07-28 11:24:37,976 - torch.distributed.distributed_c10d - INFO - Rank 14: Completed store-based barrier for key:store_based_barrier_key:1 with 16 nodes.
2022-07-28 11:24:37,977 - torch.distributed.distributed_c10d - INFO - Rank 5: Completed store-based barrier for key:store_based_barrier_key:1 with 16 nodes.
2022-07-28 11:24:37,977 - torch.distributed.distributed_c10d - INFO - Rank 4: Completed store-based barrier for key:store_based_barrier_key:1 with 16 nodes.
2022-07-28 11:24:37,978 - torch.distributed.distributed_c10d - INFO - Rank 6: Completed store-based barrier for key:store_based_barrier_key:1 with 16 nodes.
2022-07-28 11:24:37,978 - torch.distributed.distributed_c10d - INFO - Rank 15: Completed store-based barrier for key:store_based_barrier_key:1 with 16 nodes.
2022-07-28 11:24:37,979 - torch.distributed.distributed_c10d - INFO - Rank 0: Completed store-based barrier for key:store_based_barrier_key:1 with 16 nodes.
2022-07-28 11:24:37,979 - torch.distributed.distributed_c10d - INFO - Rank 10: Completed store-based barrier for key:store_based_barrier_key:1 with 16 nodes.
2022-07-28 11:24:37,981 - torch.distributed.distributed_c10d - INFO - Rank 13: Completed store-based barrier for key:store_based_barrier_key:1 with 16 nodes.
2022-07-28 11:24:37,981 - torch.distributed.distributed_c10d - INFO - Rank 1: Completed store-based barrier for key:store_based_barrier_key:1 with 16 nodes.
2022-07-28 11:24:37,981 - torch.distributed.distributed_c10d - INFO - Rank 7: Completed store-based barrier for key:store_based_barrier_key:1 with 16 nodes.
2022-07-28 11:24:37,982 - torch.distributed.distributed_c10d - INFO - Rank 11: Completed store-based barrier for key:store_based_barrier_key:1 with 16 nodes.
2022-07-28 11:24:37,983 - torch.distributed.distributed_c10d - INFO - Rank 9: Completed store-based barrier for key:store_based_barrier_key:1 with 16 nodes.
2022-07-28 11:24:37,983 - torch.distributed.distributed_c10d - INFO - Rank 3: Completed store-based barrier for key:store_based_barrier_key:1 with 16 nodes.
2022-07-28 11:24:37,984 - torch.distributed.distributed_c10d - INFO - Rank 2: Completed store-based barrier for key:store_based_barrier_key:1 with 16 nodes.
2022-07-28 11:24:37,985 - torch.distributed.distributed_c10d - INFO - Rank 8: Completed store-based barrier for key:store_based_barrier_key:1 with 16 nodes.
2022-07-28 11:24:37,985 - torch.distributed.distributed_c10d - INFO - Rank 12: Completed store-based barrier for key:store_based_barrier_key:1 with 16 nodes.
2022-07-28 11:24:37,997 - root - INFO - rank 13, begin data loader init
2022-07-28 11:24:37,997 - root - INFO - rank 13, data loader initialized
2022-07-28 11:24:37,997 - root - INFO - rank 15, begin data loader init
2022-07-28 11:24:37,998 - root - INFO - rank 14, begin data loader init
2022-07-28 11:24:37,998 - root - INFO - rank 15, data loader initialized
2022-07-28 11:24:37,998 - root - INFO - rank 14, data loader initialized
2022-07-28 11:24:37,999 - root - INFO - rank 4, begin data loader init
2022-07-28 11:24:37,999 - root - INFO - rank 5, begin data loader init
2022-07-28 11:24:37,999 - root - INFO - rank 6, begin data loader init
2022-07-28 11:24:37,999 - root - INFO - rank 4, data loader initialized
2022-07-28 11:24:37,999 - root - INFO - rank 7, begin data loader init
2022-07-28 11:24:37,999 - root - INFO - rank 5, data loader initialized
2022-07-28 11:24:37,999 - root - INFO - rank 6, data loader initialized
2022-07-28 11:24:37,999 - root - INFO - rank 7, data loader initialized
2022-07-28 11:24:38,000 - root - INFO - rank 12, begin data loader init
2022-07-28 11:24:38,000 - root - INFO - rank 12, data loader initialized
2022-07-28 11:24:38,002 - root - INFO - rank 2, begin data loader init
2022-07-28 11:24:38,002 - root - INFO - rank 2, data loader initialized
2022-07-28 11:24:38,002 - root - INFO - rank 3, begin data loader init
2022-07-28 11:24:38,002 - root - INFO - ------------------ Configuration ------------------
2022-07-28 11:24:38,002 - root - INFO - rank 1, begin data loader init
2022-07-28 11:24:38,002 - root - INFO - Configuration file: /global/u1/c/cjacobus/Nyx-TSIT/config/tsit.yaml
2022-07-28 11:24:38,003 - root - INFO - Configuration name: new_L1
2022-07-28 11:24:38,003 - root - INFO - Nsamples 8192
2022-07-28 11:24:38,003 - root - INFO - Nsamples_val 512
2022-07-28 11:24:38,003 - root - INFO - niter 100
2022-07-28 11:24:38,003 - root - INFO - niter_decay 50
2022-07-28 11:24:38,003 - root - INFO - use_spec_loss False
2022-07-28 11:24:38,003 - root - INFO - rank 3, data loader initialized
2022-07-28 11:24:38,003 - root - INFO - lambda_spec 1.0
2022-07-28 11:24:38,003 - root - INFO - use_l1_loss True
2022-07-28 11:24:38,003 - root - INFO - lambda_l1 100.0
2022-07-28 11:24:38,003 - root - INFO - num_data_workers 16
2022-07-28 11:24:38,003 - root - INFO - in_channels [0, 1, 2, 3, 17, 18, 19]
2022-07-28 11:24:38,003 - root - INFO - rank 1, data loader initialized
2022-07-28 11:24:38,003 - root - INFO - out_channels [0]
2022-07-28 11:24:38,003 - root - INFO - min_path /pscratch/sd/s/shas1693/data/era5/mins.npy
2022-07-28 11:24:38,003 - root - INFO - max_path /pscratch/sd/s/shas1693/data/era5/maxs.npy
2022-07-28 11:24:38,003 - root - INFO - time_means_path /pscratch/sd/s/shas1693/data/era5/time_means.npy
2022-07-28 11:24:38,003 - root - INFO - global_means_path /pscratch/sd/s/shas1693/data/era5/global_means.npy
2022-07-28 11:24:38,003 - root - INFO - global_stds_path /pscratch/sd/s/shas1693/data/era5/global_stds.npy
2022-07-28 11:24:38,003 - root - INFO - precip /pscratch/sd/p/pharring/ERA5/precip/total_precipitation
2022-07-28 11:24:38,003 - root - INFO - precip_eps 1e-05
2022-07-28 11:24:38,003 - root - INFO - dt 1
2022-07-28 11:24:38,003 - root - INFO - n_history 0
2022-07-28 11:24:38,003 - root - INFO - crop_size_x None
2022-07-28 11:24:38,003 - root - INFO - crop_size_y None
2022-07-28 11:24:38,003 - root - INFO - roll False
2022-07-28 11:24:38,003 - root - INFO - conttime False
2022-07-28 11:24:38,003 - root - INFO - normalization zscore
2022-07-28 11:24:38,003 - root - INFO - add_grid False
2022-07-28 11:24:38,003 - root - INFO - model pix2pix
2022-07-28 11:24:38,003 - root - INFO - norm_G spectralfadebatch3x3
2022-07-28 11:24:38,003 - root - INFO - norm_D spectralinstance
2022-07-28 11:24:38,003 - root - INFO - norm_S spectralinstance
2022-07-28 11:24:38,003 - root - INFO - norm_E spectralinstance
2022-07-28 11:24:38,003 - root - INFO - batch_size 16
2022-07-28 11:24:38,003 - root - INFO - img_size [512, 512, 512]
2022-07-28 11:24:38,003 - root - INFO - box_size [512, 512, 512]
2022-07-28 11:24:38,003 - root - INFO - data_size 128
2022-07-28 11:24:38,003 - root - INFO - input_nc 5
2022-07-28 11:24:38,003 - root - INFO - output_nc 5
2022-07-28 11:24:38,003 - root - INFO - netG tsit
2022-07-28 11:24:38,003 - root - INFO - ngf 64
2022-07-28 11:24:38,003 - root - INFO - init_type xavier
2022-07-28 11:24:38,003 - root - INFO - init_variance 0.02
2022-07-28 11:24:38,003 - root - INFO - z_dim 256
2022-07-28 11:24:38,003 - root - INFO - alpha 1.0
2022-07-28 11:24:38,003 - root - INFO - no_ss True
2022-07-28 11:24:38,003 - root - INFO - downsamp True
2022-07-28 11:24:38,003 - root - INFO - num_upsampling_blocks 6
2022-07-28 11:24:38,003 - root - INFO - use_periodic_padding True
2022-07-28 11:24:38,003 - root - INFO - additive_noise False
2022-07-28 11:24:38,003 - root - INFO - nef 16
2022-07-28 11:24:38,003 - root - INFO - use_vae False
2022-07-28 11:24:38,003 - root - INFO - optimizer adam
2022-07-28 11:24:38,003 - root - INFO - beta1 0.5
2022-07-28 11:24:38,003 - root - INFO - beta2 0.999
2022-07-28 11:24:38,003 - root - INFO - lr 0.0002
2022-07-28 11:24:38,003 - root - INFO - D_steps_per_G 1
2022-07-28 11:24:38,003 - root - INFO - ndf 64
2022-07-28 11:24:38,003 - root - INFO - lambda_feat 0.5
2022-07-28 11:24:38,003 - root - INFO - no_ganFeat_loss False
2022-07-28 11:24:38,003 - root - INFO - gan_mode hinge
2022-07-28 11:24:38,003 - root - INFO - netD multiscale
2022-07-28 11:24:38,004 - root - INFO - num_D 2
2022-07-28 11:24:38,004 - root - INFO - n_layers_D 4
2022-07-28 11:24:38,004 - root - INFO - no_TTUR True
2022-07-28 11:24:38,004 - root - INFO - lambda_kld 0.05
2022-07-28 11:24:38,004 - root - INFO - cat_inp False
2022-07-28 11:24:38,004 - root - INFO - entity weatherbenching
2022-07-28 11:24:38,004 - root - INFO - project Nyx-TSIT
2022-07-28 11:24:38,004 - root - INFO - log_to_wandb True
2022-07-28 11:24:38,004 - root - INFO - log_to_screen True
2022-07-28 11:24:38,004 - root - INFO - save_checkpoint True
2022-07-28 11:24:38,004 - root - INFO - weight_init ordereddict([('conv_init', 'normal'), ('conv_scale', 0.02), ('conv_bias', 0.0)])
2022-07-28 11:24:38,004 - root - INFO - lambda_rho 0
2022-07-28 11:24:38,004 - root - INFO - full_scale True
2022-07-28 11:24:38,004 - root - INFO - global_batch_size 64
2022-07-28 11:24:38,004 - root - INFO - base_batch_size 64
2022-07-28 11:24:38,004 - root - INFO - num_epochs 60
2022-07-28 11:24:38,004 - root - INFO - enable_amp False
2022-07-28 11:24:38,004 - root - INFO - enable_apex False
2022-07-28 11:24:38,004 - root - INFO - enable_benchy False
2022-07-28 11:24:38,004 - root - INFO - enable_jit False
2022-07-28 11:24:38,004 - root - INFO - expdir /logs
2022-07-28 11:24:38,004 - root - INFO - lr_schedule ordereddict([('scaling', 'sqrt'), ('start_lr', 0.0002), ('end_lr', 0.0), ('warmup_steps', 128)])
2022-07-28 11:24:38,004 - root - INFO - rank 8, begin data loader init
2022-07-28 11:24:38,004 - root - INFO - data_loader_config lowmem
2022-07-28 11:24:38,004 - root - INFO - N_out_channels 5
2022-07-28 11:24:38,004 - root - INFO - N_in_channels 5
2022-07-28 11:24:38,004 - root - INFO - train_path /pscratch/sd/c/cjacobus/Nyx_512/train_s1_512_hydro.h5
2022-07-28 11:24:38,004 - root - INFO - rank 11, begin data loader init
2022-07-28 11:24:38,004 - root - INFO - rank 9, begin data loader init
2022-07-28 11:24:38,004 - root - INFO - rank 10, begin data loader init
2022-07-28 11:24:38,004 - root - INFO - val_path /pscratch/sd/c/cjacobus/Nyx_512/train_s1_512_hydro.h5
2022-07-28 11:24:38,004 - root - INFO - use_cache None
2022-07-28 11:24:38,004 - root - INFO - ---------------------------------------------------
log_to_wandb -------------------------------------------------------------------
dir exists: /pscratch/sd/c/cjacobus/tsit/expts/new_L1/checkpoints/
2022-07-28 11:24:38,004 - root - INFO - rank 8, data loader initialized
2022-07-28 11:24:38,004 - root - INFO - rank 9, data loader initialized
2022-07-28 11:24:38,004 - root - INFO - rank 11, data loader initialized
2022-07-28 11:24:38,004 - root - INFO - rank 10, data loader initialized
wandb: Currently logged in as: cjacobus (use `wandb login --relogin` to force relogin)
wandb: wandb version 0.12.21 is available!  To upgrade, please run:
wandb:  $ pip install wandb --upgrade
wandb: Tracking run with wandb version 0.12.13
wandb: Run data is saved locally in /pscratch/sd/c/cjacobus/tsit/expts/new_L1/wandb/run-20220728_112438-o2ecxlpa
wandb: Run `wandb offline` to turn off syncing.
wandb: Resuming run new_L1
wandb: ⭐️ View project at https://wandb.ai/weatherbenching/Nyx-TSIT
wandb: 🚀 View run at https://wandb.ai/weatherbenching/Nyx-TSIT/runs/o2ecxlpa
checking dir: /pscratch/sd/c/cjacobus/tsit/expts/new_L1/checkpoints/
dir exists: /pscratch/sd/c/cjacobus/tsit/expts/new_L1/checkpoints/
2022-07-28 11:24:39,457 - root - INFO - rank 0, begin data loader init
2022-07-28 11:24:39,458 - root - INFO - rank 0, data loader initialized
Network [TSITGenerator] was created. Total number of parameters: 934.7 million. To see the architecture, do print(network).
Network [TSITGenerator] was created. Total number of parameters: 934.7 million. To see the architecture, do print(network).
Network [TSITGenerator] was created. Total number of parameters: 934.7 million. To see the architecture, do print(network).
Network [TSITGenerator] was created. Total number of parameters: 934.7 million. To see the architecture, do print(network).
Network [TSITGenerator] was created. Total number of parameters: 934.7 million. To see the architecture, do print(network).
Network [TSITGenerator] was created. Total number of parameters: 934.7 million. To see the architecture, do print(network).
Network [TSITGenerator] was created. Total number of parameters: 934.7 million. To see the architecture, do print(network).
Network [TSITGenerator] was created. Total number of parameters: 934.7 million. To see the architecture, do print(network).
Network [TSITGenerator] was created. Total number of parameters: 934.7 million. To see the architecture, do print(network).
Network [TSITGenerator] was created. Total number of parameters: 934.7 million. To see the architecture, do print(network).
Network [TSITGenerator] was created. Total number of parameters: 934.7 million. To see the architecture, do print(network).
Network [TSITGenerator] was created. Total number of parameters: 934.7 million. To see the architecture, do print(network).
Network [TSITGenerator] was created. Total number of parameters: 934.7 million. To see the architecture, do print(network).
Network [TSITGenerator] was created. Total number of parameters: 934.7 million. To see the architecture, do print(network).
Network [TSITGenerator] was created. Total number of parameters: 934.7 million. To see the architecture, do print(network).
Network [TSITGenerator] was created. Total number of parameters: 934.7 million. To see the architecture, do print(network).
Network [MultiscaleDiscriminator] was created. Total number of parameters: 22.1 million. To see the architecture, do print(network).
Network [MultiscaleDiscriminator] was created. Total number of parameters: 22.1 million. To see the architecture, do print(network).
Network [MultiscaleDiscriminator] was created. Total number of parameters: 22.1 million. To see the architecture, do print(network).
Network [MultiscaleDiscriminator] was created. Total number of parameters: 22.1 million. To see the architecture, do print(network).
Network [MultiscaleDiscriminator] was created. Total number of parameters: 22.1 million. To see the architecture, do print(network).
Network [MultiscaleDiscriminator] was created. Total number of parameters: 22.1 million. To see the architecture, do print(network).
Network [MultiscaleDiscriminator] was created. Total number of parameters: 22.1 million. To see the architecture, do print(network).
Network [MultiscaleDiscriminator] was created. Total number of parameters: 22.1 million. To see the architecture, do print(network).
Network [MultiscaleDiscriminator] was created. Total number of parameters: 22.1 million. To see the architecture, do print(network).
Network [MultiscaleDiscriminator] was created. Total number of parameters: 22.1 million. To see the architecture, do print(network).
Network [MultiscaleDiscriminator] was created. Total number of parameters: 22.1 million. To see the architecture, do print(network).
Network [MultiscaleDiscriminator] was created. Total number of parameters: 22.1 million. To see the architecture, do print(network).
Network [MultiscaleDiscriminator] was created. Total number of parameters: 22.1 million. To see the architecture, do print(network).
Network [MultiscaleDiscriminator] was created. Total number of parameters: 22.1 million. To see the architecture, do print(network).
Network [MultiscaleDiscriminator] was created. Total number of parameters: 22.1 million. To see the architecture, do print(network).
Network [MultiscaleDiscriminator] was created. Total number of parameters: 22.1 million. To see the architecture, do print(network).
2022-07-28 11:25:00,200 - root - INFO - Loading checkpoint /pscratch/sd/c/cjacobus/tsit/expts/new_L1/checkpoints/ckpt.tar
2022-07-28 11:25:00,201 - root - INFO - Loading checkpoint /pscratch/sd/c/cjacobus/tsit/expts/new_L1/checkpoints/ckpt.tar
2022-07-28 11:25:00,201 - root - INFO - Loading checkpoint /pscratch/sd/c/cjacobus/tsit/expts/new_L1/checkpoints/ckpt.tar
2022-07-28 11:25:00,203 - root - INFO - Loading checkpoint /pscratch/sd/c/cjacobus/tsit/expts/new_L1/checkpoints/ckpt.tar
2022-07-28 11:25:00,203 - root - INFO - Loading checkpoint /pscratch/sd/c/cjacobus/tsit/expts/new_L1/checkpoints/ckpt.tar
2022-07-28 11:25:00,204 - root - INFO - Loading checkpoint /pscratch/sd/c/cjacobus/tsit/expts/new_L1/checkpoints/ckpt.tar
2022-07-28 11:25:00,204 - root - INFO - Loading checkpoint /pscratch/sd/c/cjacobus/tsit/expts/new_L1/checkpoints/ckpt.tar
2022-07-28 11:25:00,205 - root - INFO - Loading checkpoint /pscratch/sd/c/cjacobus/tsit/expts/new_L1/checkpoints/ckpt.tar
2022-07-28 11:25:00,206 - root - INFO - Loading checkpoint /pscratch/sd/c/cjacobus/tsit/expts/new_L1/checkpoints/ckpt.tar
2022-07-28 11:25:00,206 - root - INFO - Loading checkpoint /pscratch/sd/c/cjacobus/tsit/expts/new_L1/checkpoints/ckpt.tar
2022-07-28 11:25:00,207 - root - INFO - Loading checkpoint /pscratch/sd/c/cjacobus/tsit/expts/new_L1/checkpoints/ckpt.tar
2022-07-28 11:25:00,207 - root - INFO - Loading checkpoint /pscratch/sd/c/cjacobus/tsit/expts/new_L1/checkpoints/ckpt.tar
2022-07-28 11:25:00,208 - root - INFO - Loading checkpoint /pscratch/sd/c/cjacobus/tsit/expts/new_L1/checkpoints/ckpt.tar
2022-07-28 11:25:00,208 - root - INFO - Loading checkpoint /pscratch/sd/c/cjacobus/tsit/expts/new_L1/checkpoints/ckpt.tar
2022-07-28 11:25:00,208 - root - INFO - Loading checkpoint /pscratch/sd/c/cjacobus/tsit/expts/new_L1/checkpoints/ckpt.tar
2022-07-28 11:25:00,208 - root - INFO - Loading checkpoint /pscratch/sd/c/cjacobus/tsit/expts/new_L1/checkpoints/ckpt.tar
2022-07-28 11:25:07,039 - root - INFO - Starting Training Loop...
[W reducer.cpp:1282] Warning: find_unused_parameters=True was specified in DDP constructor, but did not find any unused parameters in the forward pass. This flag results in an extra traversal of the autograd graph every iteration,  which can adversely affect performance. If your model indeed never has any unused parameters in the forward pass, consider turning this flag off. Note that this warning may be a false positive if your model has flow control causing later iterations to have unused parameters. (function operator())
[W reducer.cpp:1282] Warning: find_unused_parameters=True was specified in DDP constructor, but did not find any unused parameters in the forward pass. This flag results in an extra traversal of the autograd graph every iteration,  which can adversely affect performance. If your model indeed never has any unused parameters in the forward pass, consider turning this flag off. Note that this warning may be a false positive if your model has flow control causing later iterations to have unused parameters. (function operator())
[W reducer.cpp:1282] Warning: find_unused_parameters=True was specified in DDP constructor, but did not find any unused parameters in the forward pass. This flag results in an extra traversal of the autograd graph every iteration,  which can adversely affect performance. If your model indeed never has any unused parameters in the forward pass, consider turning this flag off. Note that this warning may be a false positive if your model has flow control causing later iterations to have unused parameters. (function operator())
[W reducer.cpp:1282] Warning: find_unused_parameters=True was specified in DDP constructor, but did not find any unused parameters in the forward pass. This flag results in an extra traversal of the autograd graph every iteration,  which can adversely affect performance. If your model indeed never has any unused parameters in the forward pass, consider turning this flag off. Note that this warning may be a false positive if your model has flow control causing later iterations to have unused parameters. (function operator())
[W reducer.cpp:1282] Warning: find_unused_parameters=True was specified in DDP constructor, but did not find any unused parameters in the forward pass. This flag results in an extra traversal of the autograd graph every iteration,  which can adversely affect performance. If your model indeed never has any unused parameters in the forward pass, consider turning this flag off. Note that this warning may be a false positive if your model has flow control causing later iterations to have unused parameters. (function operator())
[W reducer.cpp:1282] Warning: find_unused_parameters=True was specified in DDP constructor, but did not find any unused parameters in the forward pass. This flag results in an extra traversal of the autograd graph every iteration,  which can adversely affect performance. If your model indeed never has any unused parameters in the forward pass, consider turning this flag off. Note that this warning may be a false positive if your model has flow control causing later iterations to have unused parameters. (function operator())
[W reducer.cpp:1282] Warning: find_unused_parameters=True was specified in DDP constructor, but did not find any unused parameters in the forward pass. This flag results in an extra traversal of the autograd graph every iteration,  which can adversely affect performance. If your model indeed never has any unused parameters in the forward pass, consider turning this flag off. Note that this warning may be a false positive if your model has flow control causing later iterations to have unused parameters. (function operator())
[W reducer.cpp:1282] Warning: find_unused_parameters=True was specified in DDP constructor, but did not find any unused parameters in the forward pass. This flag results in an extra traversal of the autograd graph every iteration,  which can adversely affect performance. If your model indeed never has any unused parameters in the forward pass, consider turning this flag off. Note that this warning may be a false positive if your model has flow control causing later iterations to have unused parameters. (function operator())
[W reducer.cpp:1282] Warning: find_unused_parameters=True was specified in DDP constructor, but did not find any unused parameters in the forward pass. This flag results in an extra traversal of the autograd graph every iteration,  which can adversely affect performance. If your model indeed never has any unused parameters in the forward pass, consider turning this flag off. Note that this warning may be a false positive if your model has flow control causing later iterations to have unused parameters. (function operator())
[W reducer.cpp:1282] Warning: find_unused_parameters=True was specified in DDP constructor, but did not find any unused parameters in the forward pass. This flag results in an extra traversal of the autograd graph every iteration,  which can adversely affect performance. If your model indeed never has any unused parameters in the forward pass, consider turning this flag off. Note that this warning may be a false positive if your model has flow control causing later iterations to have unused parameters. (function operator())
[W reducer.cpp:1282] Warning: find_unused_parameters=True was specified in DDP constructor, but did not find any unused parameters in the forward pass. This flag results in an extra traversal of the autograd graph every iteration,  which can adversely affect performance. If your model indeed never has any unused parameters in the forward pass, consider turning this flag off. Note that this warning may be a false positive if your model has flow control causing later iterations to have unused parameters. (function operator())
[W reducer.cpp:1282] Warning: find_unused_parameters=True was specified in DDP constructor, but did not find any unused parameters in the forward pass. This flag results in an extra traversal of the autograd graph every iteration,  which can adversely affect performance. If your model indeed never has any unused parameters in the forward pass, consider turning this flag off. Note that this warning may be a false positive if your model has flow control causing later iterations to have unused parameters. (function operator())
[W reducer.cpp:1282] Warning: find_unused_parameters=True was specified in DDP constructor, but did not find any unused parameters in the forward pass. This flag results in an extra traversal of the autograd graph every iteration,  which can adversely affect performance. If your model indeed never has any unused parameters in the forward pass, consider turning this flag off. Note that this warning may be a false positive if your model has flow control causing later iterations to have unused parameters. (function operator())
[W reducer.cpp:1282] Warning: find_unused_parameters=True was specified in DDP constructor, but did not find any unused parameters in the forward pass. This flag results in an extra traversal of the autograd graph every iteration,  which can adversely affect performance. If your model indeed never has any unused parameters in the forward pass, consider turning this flag off. Note that this warning may be a false positive if your model has flow control causing later iterations to have unused parameters. (function operator())
[W reducer.cpp:1282] Warning: find_unused_parameters=True was specified in DDP constructor, but did not find any unused parameters in the forward pass. This flag results in an extra traversal of the autograd graph every iteration,  which can adversely affect performance. If your model indeed never has any unused parameters in the forward pass, consider turning this flag off. Note that this warning may be a false positive if your model has flow control causing later iterations to have unused parameters. (function operator())
[W reducer.cpp:1282] Warning: find_unused_parameters=True was specified in DDP constructor, but did not find any unused parameters in the forward pass. This flag results in an extra traversal of the autograd graph every iteration,  which can adversely affect performance. If your model indeed never has any unused parameters in the forward pass, consider turning this flag off. Note that this warning may be a false positive if your model has flow control causing later iterations to have unused parameters. (function operator())
generator made step 0
discriminator made step 0
generator made step 16
discriminator made step 16
generator made step 32
discriminator made step 32
generator made step 48
discriminator made step 48
generator made step 64
discriminator made step 64
generator made step 80
discriminator made step 80
generator made step 96
discriminator made step 96
generator made step 112
discriminator made step 112
generator made step 128
discriminator made step 128
generator made step 144
discriminator made step 144
generator made step 160
discriminator made step 160
generator made step 176
discriminator made step 176
generator made step 192
discriminator made step 192
generator made step 208
discriminator made step 208
generator made step 224
discriminator made step 224
generator made step 240
discriminator made step 240
generator made step 256
discriminator made step 256
generator made step 272
discriminator made step 272
generator made step 288
discriminator made step 288
generator made step 304
discriminator made step 304
generator made step 320
discriminator made step 320
generator made step 336
discriminator made step 336
generator made step 352
discriminator made step 352
generator made step 368
discriminator made step 368
generator made step 384
discriminator made step 384
generator made step 400
discriminator made step 400
generator made step 416
discriminator made step 416
generator made step 432
discriminator made step 432
generator made step 448
discriminator made step 448
generator made step 464
discriminator made step 464
generator made step 480
discriminator made step 480
generator made step 496
discriminator made step 496
2022-07-28 11:32:57,306 - root - INFO - Total=470.265385, G=372.796902, D=92.631268, data=1.645811, next=3.191405
2022-07-28 11:33:04,121 - root - INFO - Total=6.813791, G=0.432773, data=3.285276, acc=0.778913, agg=0.153704, next=2.163126
2022-07-28 11:33:17,244 - root - INFO - Time taken for epoch 103 is 490.20491790771484 sec
2022-07-28 11:33:17,245 - root - INFO - Train time = 470.26538467407227, Valid time = 6.813791036605835
2022-07-28 11:33:17,245 - root - INFO - G losses = {'GAN': 1.605885624885559, 'GAN_Feat': 0.2766439914703369, 'L1': 2.3330678939819336}
2022-07-28 11:33:17,245 - root - INFO - D losses = {'D_Fake': 2.257323741912842, 'D_real': 0.007969715632498264}
generator made step 0
discriminator made step 0
generator made step 16
discriminator made step 16
generator made step 32
discriminator made step 32
generator made step 48
discriminator made step 48
generator made step 64
discriminator made step 64
generator made step 80
discriminator made step 80
generator made step 96
discriminator made step 96
generator made step 112
discriminator made step 112
generator made step 128
discriminator made step 128
generator made step 144
discriminator made step 144
generator made step 160
discriminator made step 160
generator made step 176
discriminator made step 176
generator made step 192
discriminator made step 192
generator made step 208
discriminator made step 208
generator made step 224
discriminator made step 224
generator made step 240
discriminator made step 240
generator made step 256
discriminator made step 256
generator made step 272
discriminator made step 272
generator made step 288
discriminator made step 288
generator made step 304
discriminator made step 304
generator made step 320
discriminator made step 320
generator made step 336
discriminator made step 336
generator made step 352
discriminator made step 352
generator made step 368
discriminator made step 368
generator made step 384
discriminator made step 384
generator made step 400
discriminator made step 400
generator made step 416
discriminator made step 416
generator made step 432
discriminator made step 432
generator made step 448
discriminator made step 448
generator made step 464
discriminator made step 464
generator made step 480
discriminator made step 480
generator made step 496
discriminator made step 496
2022-07-28 11:40:39,688 - root - INFO - Total=442.442437, G=346.844693, D=92.716728, data=1.632000, next=1.249016
2022-07-28 11:40:45,452 - root - INFO - Total=5.762913, G=0.436478, data=3.118200, acc=0.005682, agg=0.144815, next=2.057738
2022-07-28 11:40:57,735 - root - INFO - Time taken for epoch 104 is 460.49000215530396 sec
2022-07-28 11:40:57,735 - root - INFO - Train time = 442.44243693351746, Valid time = 5.762913465499878
2022-07-28 11:40:57,735 - root - INFO - G losses = {'GAN': 6.144031047821045, 'GAN_Feat': 0.3173939883708954, 'L1': 2.788945436477661}
2022-07-28 11:40:57,735 - root - INFO - D losses = {'D_Fake': 0.015287483111023903, 'D_real': 0.07385275512933731}
generator made step 0
discriminator made step 0
generator made step 16
discriminator made step 16
generator made step 32
discriminator made step 32
generator made step 48
discriminator made step 48
generator made step 64
discriminator made step 64
generator made step 80
discriminator made step 80
generator made step 96
discriminator made step 96
generator made step 112
discriminator made step 112
generator made step 128
discriminator made step 128
generator made step 144
discriminator made step 144
generator made step 160
discriminator made step 160
generator made step 176
discriminator made step 176
generator made step 192
discriminator made step 192
generator made step 208
discriminator made step 208
generator made step 224
discriminator made step 224
generator made step 240
discriminator made step 240
generator made step 256
discriminator made step 256
generator made step 272
discriminator made step 272
generator made step 288
discriminator made step 288
generator made step 304
discriminator made step 304
generator made step 320
discriminator made step 320
generator made step 336
discriminator made step 336
generator made step 352
discriminator made step 352
generator made step 368
discriminator made step 368
generator made step 384
discriminator made step 384
generator made step 400
discriminator made step 400
generator made step 416
discriminator made step 416
generator made step 432
discriminator made step 432
generator made step 448
discriminator made step 448
generator made step 464
discriminator made step 464
generator made step 480
discriminator made step 480
generator made step 496
discriminator made step 496
2022-07-28 11:48:20,301 - root - INFO - Total=442.565674, G=347.018628, D=92.638412, data=1.631363, next=1.277272
2022-07-28 11:48:26,351 - root - INFO - Total=6.049107, G=0.478239, data=3.310994, acc=0.006099, agg=0.155501, next=2.098274
2022-07-28 11:48:38,735 - root - INFO - Time taken for epoch 105 is 461.00059700012207 sec
2022-07-28 11:48:38,736 - root - INFO - Train time = 442.56567430496216, Valid time = 6.04910683631897
2022-07-28 11:48:38,736 - root - INFO - G losses = {'GAN': 8.414397239685059, 'GAN_Feat': 0.34879904985427856, 'L1': 2.678032636642456}
2022-07-28 11:48:38,736 - root - INFO - D losses = {'D_Fake': 0.0007641870179213583, 'D_real': 1.5704954421380535e-05}
generator made step 0
discriminator made step 0
generator made step 16
discriminator made step 16
generator made step 32
discriminator made step 32
generator made step 48
discriminator made step 48
generator made step 64
discriminator made step 64
generator made step 80
discriminator made step 80
generator made step 96
discriminator made step 96
generator made step 112
discriminator made step 112
generator made step 128
discriminator made step 128
generator made step 144
discriminator made step 144
generator made step 160
discriminator made step 160
generator made step 176
discriminator made step 176
generator made step 192
discriminator made step 192
generator made step 208
discriminator made step 208
generator made step 224
discriminator made step 224
generator made step 240
discriminator made step 240
generator made step 256
discriminator made step 256
generator made step 272
discriminator made step 272
generator made step 288
discriminator made step 288
generator made step 304
discriminator made step 304
generator made step 320
discriminator made step 320
generator made step 336
discriminator made step 336
generator made step 352
discriminator made step 352
generator made step 368
discriminator made step 368
generator made step 384
discriminator made step 384
generator made step 400
discriminator made step 400
generator made step 416
discriminator made step 416
generator made step 432
discriminator made step 432
generator made step 448
discriminator made step 448
generator made step 464
discriminator made step 464
generator made step 480
discriminator made step 480
generator made step 496
discriminator made step 496
2022-07-28 11:56:01,230 - root - INFO - Total=442.493658, G=346.863723, D=92.634856, data=1.629839, next=1.365240
2022-07-28 11:56:06,769 - root - INFO - Total=5.537627, G=0.552022, data=3.149630, acc=0.008563, agg=0.128442, next=1.698970
2022-07-28 11:56:19,031 - root - INFO - Time taken for epoch 106 is 460.2951557636261 sec
2022-07-28 11:56:19,031 - root - INFO - Train time = 442.4936580657959, Valid time = 5.5376269817352295
2022-07-28 11:56:19,031 - root - INFO - G losses = {'GAN': 1.606957197189331, 'GAN_Feat': 0.2787073254585266, 'L1': 2.7677829265594482}
2022-07-28 11:56:19,031 - root - INFO - D losses = {'D_Fake': 0.0005282802158035338, 'D_real': 0.4348205327987671}
generator made step 0
discriminator made step 0
generator made step 16
discriminator made step 16
generator made step 32
discriminator made step 32
generator made step 48
discriminator made step 48
generator made step 64
discriminator made step 64
generator made step 80
discriminator made step 80
generator made step 96
discriminator made step 96
generator made step 112
discriminator made step 112
generator made step 128
discriminator made step 128
generator made step 144
discriminator made step 144
generator made step 160
discriminator made step 160
generator made step 176
discriminator made step 176
generator made step 192
discriminator made step 192
generator made step 208
discriminator made step 208
generator made step 224
discriminator made step 224
generator made step 240
discriminator made step 240
generator made step 256
discriminator made step 256
generator made step 272
discriminator made step 272
generator made step 288
discriminator made step 288
generator made step 304
discriminator made step 304
generator made step 320
discriminator made step 320
generator made step 336
discriminator made step 336
generator made step 352
discriminator made step 352
generator made step 368
discriminator made step 368
generator made step 384
discriminator made step 384
generator made step 400
discriminator made step 400
generator made step 416
discriminator made step 416
generator made step 432
discriminator made step 432
generator made step 448
discriminator made step 448
generator made step 464
discriminator made step 464
generator made step 480
discriminator made step 480
generator made step 496
discriminator made step 496
2022-07-28 12:03:41,439 - root - INFO - Total=442.407130, G=346.789257, D=92.671315, data=1.631225, next=1.315333
2022-07-28 12:03:46,822 - root - INFO - Total=5.381512, G=0.579686, data=3.104990, acc=0.007362, agg=0.135564, next=1.553909
2022-07-28 12:03:58,916 - root - INFO - Time taken for epoch 107 is 459.88500332832336 sec
2022-07-28 12:03:58,916 - root - INFO - Train time = 442.4071295261383, Valid time = 5.381511926651001
2022-07-28 12:03:58,916 - root - INFO - G losses = {'GAN': 3.508775234222412, 'GAN_Feat': 0.2942293584346771, 'L1': 2.5341246128082275}
2022-07-28 12:03:58,917 - root - INFO - D losses = {'D_Fake': 0.0011061474215239286, 'D_real': 0.01374416146427393}
generator made step 0
discriminator made step 0
generator made step 16
discriminator made step 16
generator made step 32
discriminator made step 32
generator made step 48
discriminator made step 48
generator made step 64
discriminator made step 64
generator made step 80
discriminator made step 80
generator made step 96
discriminator made step 96
generator made step 112
discriminator made step 112
generator made step 128
discriminator made step 128
generator made step 144
discriminator made step 144
generator made step 160
discriminator made step 160
generator made step 176
discriminator made step 176
generator made step 192
discriminator made step 192
generator made step 208
discriminator made step 208
generator made step 224
discriminator made step 224
generator made step 240
discriminator made step 240
generator made step 256
discriminator made step 256
generator made step 272
discriminator made step 272
generator made step 288
discriminator made step 288
generator made step 304
discriminator made step 304
generator made step 320
discriminator made step 320
generator made step 336
discriminator made step 336
generator made step 352
discriminator made step 352
generator made step 368
discriminator made step 368
generator made step 384
discriminator made step 384
generator made step 400
discriminator made step 400
generator made step 416
discriminator made step 416
generator made step 432
discriminator made step 432
generator made step 448
discriminator made step 448
generator made step 464
discriminator made step 464
generator made step 480
discriminator made step 480
generator made step 496
discriminator made step 496
2022-07-28 12:11:22,315 - root - INFO - Total=443.397023, G=346.892543, D=92.651670, data=1.630339, next=2.222471
2022-07-28 12:11:28,298 - root - INFO - Total=5.983029, G=0.467637, data=3.300675, acc=0.006828, agg=0.138690, next=2.069199
2022-07-28 12:11:40,449 - root - INFO - Time taken for epoch 108 is 461.53260946273804 sec
2022-07-28 12:11:40,449 - root - INFO - Train time = 443.3970229625702, Valid time = 5.9830286502838135
2022-07-28 12:11:40,449 - root - INFO - G losses = {'GAN': 2.944232702255249, 'GAN_Feat': 0.29856640100479126, 'L1': 3.3211567401885986}
2022-07-28 12:11:40,449 - root - INFO - D losses = {'D_Fake': 0.15013188123703003, 'D_real': 0.23432345688343048}
generator made step 0
discriminator made step 0
generator made step 16
discriminator made step 16
generator made step 32
discriminator made step 32
generator made step 48
discriminator made step 48
generator made step 64
discriminator made step 64
generator made step 80
discriminator made step 80
generator made step 96
discriminator made step 96
generator made step 112
discriminator made step 112
generator made step 128
discriminator made step 128
generator made step 144
discriminator made step 144
generator made step 160
discriminator made step 160
generator made step 176
discriminator made step 176
generator made step 192
discriminator made step 192
generator made step 208
discriminator made step 208
generator made step 224
discriminator made step 224
generator made step 240
discriminator made step 240
generator made step 256
discriminator made step 256
generator made step 272
discriminator made step 272
generator made step 288
discriminator made step 288
generator made step 304
discriminator made step 304
generator made step 320
discriminator made step 320
generator made step 336
discriminator made step 336
generator made step 352
discriminator made step 352
generator made step 368
discriminator made step 368
generator made step 384
discriminator made step 384
generator made step 400
discriminator made step 400
generator made step 416
discriminator made step 416
generator made step 432
discriminator made step 432
generator made step 448
discriminator made step 448
generator made step 464
discriminator made step 464
generator made step 480
discriminator made step 480
generator made step 496
discriminator made step 496
2022-07-28 12:19:02,990 - root - INFO - Total=442.539299, G=346.991721, D=92.670368, data=1.632609, next=1.244601
2022-07-28 12:19:08,944 - root - INFO - Total=5.953310, G=0.457045, data=3.316118, acc=0.005916, agg=0.177906, next=1.996325
2022-07-28 12:19:21,236 - root - INFO - Time taken for epoch 109 is 460.78669595718384 sec
2022-07-28 12:19:21,236 - root - INFO - Train time = 442.5392994880676, Valid time = 5.953310012817383
2022-07-28 12:19:21,236 - root - INFO - G losses = {'GAN': 2.7031283378601074, 'GAN_Feat': 0.30161184072494507, 'L1': 3.2181172370910645}
2022-07-28 12:19:21,236 - root - INFO - D losses = {'D_Fake': 0.028881657868623734, 'D_real': 0.164589524269104}
generator made step 0
discriminator made step 0
generator made step 16
discriminator made step 16
generator made step 32
discriminator made step 32
generator made step 48
discriminator made step 48
generator made step 64
discriminator made step 64
generator made step 80
discriminator made step 80
generator made step 96
discriminator made step 96
generator made step 112
discriminator made step 112
generator made step 128
discriminator made step 128
generator made step 144
discriminator made step 144
generator made step 160
discriminator made step 160
generator made step 176
discriminator made step 176
generator made step 192
discriminator made step 192
generator made step 208
discriminator made step 208
generator made step 224
discriminator made step 224
generator made step 240
discriminator made step 240
generator made step 256
discriminator made step 256
generator made step 272
discriminator made step 272
generator made step 288
discriminator made step 288
generator made step 304
discriminator made step 304
generator made step 320
discriminator made step 320
generator made step 336
discriminator made step 336
slurmstepd: error: *** STEP 2834322.0 ON nid002213 CANCELLED AT 2022-07-28T12:24:23 DUE TO TIME LIMIT ***
slurmstepd: error: *** JOB 2834322 ON nid002213 CANCELLED AT 2022-07-28T12:24:23 DUE TO TIME LIMIT ***
srun: Job step aborted: Waiting up to 32 seconds for job step to finish.
