+ srun -u shifter -V /pscratch/sd/c/cjacobus/ML_Hydro_train/logs:/logs --image=nersc/pytorch:ngc-22.03-v0 --env PYTHONUSERBASE=/global/homes/c/cjacobus/.local/perlmutter/nersc-pytorch-ngc-22.03-v0 bash -c '
    source export_DDP_vars.sh
    python train.py --root_dir=/pscratch/sd/c/cjacobus/tsit --config=new_full_fresh
    '
[W socket.cpp:701] The server socket on [nid002532]:29500 is not yet listening (errno: 111 - Connection refused), will retry.
[W socket.cpp:701] The server socket on [nid002532]:29500 is not yet listening (errno: 111 - Connection refused), will retry.
[W socket.cpp:701] The server socket on [nid002532]:29500 is not yet listening (errno: 111 - Connection refused), will retry.
[W socket.cpp:701] The server socket on [nid002532]:29500 is not yet listening (errno: 111 - Connection refused), will retry.
2022-07-25 08:54:47,358 - torch.distributed.distributed_c10d - INFO - Added key: store_based_barrier_key:1 to store for rank: 2
2022-07-25 08:54:47,361 - torch.distributed.distributed_c10d - INFO - Added key: store_based_barrier_key:1 to store for rank: 3
2022-07-25 08:54:47,362 - torch.distributed.distributed_c10d - INFO - Added key: store_based_barrier_key:1 to store for rank: 1
2022-07-25 08:54:47,587 - torch.distributed.distributed_c10d - INFO - Added key: store_based_barrier_key:1 to store for rank: 7
2022-07-25 08:54:47,593 - torch.distributed.distributed_c10d - INFO - Added key: store_based_barrier_key:1 to store for rank: 4
2022-07-25 08:54:47,594 - torch.distributed.distributed_c10d - INFO - Added key: store_based_barrier_key:1 to store for rank: 6
2022-07-25 08:54:47,595 - torch.distributed.distributed_c10d - INFO - Added key: store_based_barrier_key:1 to store for rank: 5
2022-07-25 08:54:47,801 - torch.distributed.distributed_c10d - INFO - Added key: store_based_barrier_key:1 to store for rank: 12
2022-07-25 08:54:47,807 - torch.distributed.distributed_c10d - INFO - Added key: store_based_barrier_key:1 to store for rank: 14
2022-07-25 08:54:47,808 - torch.distributed.distributed_c10d - INFO - Added key: store_based_barrier_key:1 to store for rank: 15
2022-07-25 08:54:47,809 - torch.distributed.distributed_c10d - INFO - Added key: store_based_barrier_key:1 to store for rank: 13
2022-07-25 08:54:47,891 - torch.distributed.distributed_c10d - INFO - Added key: store_based_barrier_key:1 to store for rank: 0
2022-07-25 08:54:48,066 - torch.distributed.distributed_c10d - INFO - Added key: store_based_barrier_key:1 to store for rank: 9
2022-07-25 08:54:48,071 - torch.distributed.distributed_c10d - INFO - Added key: store_based_barrier_key:1 to store for rank: 10
2022-07-25 08:54:48,073 - torch.distributed.distributed_c10d - INFO - Added key: store_based_barrier_key:1 to store for rank: 11
2022-07-25 08:54:48,073 - torch.distributed.distributed_c10d - INFO - Added key: store_based_barrier_key:1 to store for rank: 8
2022-07-25 08:54:48,074 - torch.distributed.distributed_c10d - INFO - Rank 1: Completed store-based barrier for key:store_based_barrier_key:1 with 16 nodes.
2022-07-25 08:54:48,074 - torch.distributed.distributed_c10d - INFO - Rank 8: Completed store-based barrier for key:store_based_barrier_key:1 with 16 nodes.
2022-07-25 08:54:48,073 - torch.distributed.distributed_c10d - INFO - Rank 14: Completed store-based barrier for key:store_based_barrier_key:1 with 16 nodes.
2022-07-25 08:54:48,074 - torch.distributed.distributed_c10d - INFO - Rank 15: Completed store-based barrier for key:store_based_barrier_key:1 with 16 nodes.
2022-07-25 08:54:48,075 - torch.distributed.distributed_c10d - INFO - Rank 13: Completed store-based barrier for key:store_based_barrier_key:1 with 16 nodes.
2022-07-25 08:54:48,075 - torch.distributed.distributed_c10d - INFO - Rank 4: Completed store-based barrier for key:store_based_barrier_key:1 with 16 nodes.
2022-07-25 08:54:48,076 - torch.distributed.distributed_c10d - INFO - Rank 6: Completed store-based barrier for key:store_based_barrier_key:1 with 16 nodes.
2022-07-25 08:54:48,076 - torch.distributed.distributed_c10d - INFO - Rank 12: Completed store-based barrier for key:store_based_barrier_key:1 with 16 nodes.
2022-07-25 08:54:48,076 - torch.distributed.distributed_c10d - INFO - Rank 9: Completed store-based barrier for key:store_based_barrier_key:1 with 16 nodes.
2022-07-25 08:54:48,077 - torch.distributed.distributed_c10d - INFO - Rank 5: Completed store-based barrier for key:store_based_barrier_key:1 with 16 nodes.
2022-07-25 08:54:48,079 - torch.distributed.distributed_c10d - INFO - Rank 2: Completed store-based barrier for key:store_based_barrier_key:1 with 16 nodes.
2022-07-25 08:54:48,080 - torch.distributed.distributed_c10d - INFO - Rank 7: Completed store-based barrier for key:store_based_barrier_key:1 with 16 nodes.
2022-07-25 08:54:48,081 - torch.distributed.distributed_c10d - INFO - Rank 10: Completed store-based barrier for key:store_based_barrier_key:1 with 16 nodes.
2022-07-25 08:54:48,082 - torch.distributed.distributed_c10d - INFO - Rank 3: Completed store-based barrier for key:store_based_barrier_key:1 with 16 nodes.
2022-07-25 08:54:48,083 - torch.distributed.distributed_c10d - INFO - Rank 0: Completed store-based barrier for key:store_based_barrier_key:1 with 16 nodes.
2022-07-25 08:54:48,083 - torch.distributed.distributed_c10d - INFO - Rank 11: Completed store-based barrier for key:store_based_barrier_key:1 with 16 nodes.
2022-07-25 08:54:48,096 - root - INFO - rank 14, begin data loader init
2022-07-25 08:54:48,096 - root - INFO - rank 13, begin data loader init
2022-07-25 08:54:48,096 - root - INFO - rank 15, begin data loader init
2022-07-25 08:54:48,096 - root - INFO - rank 12, begin data loader init
2022-07-25 08:54:48,096 - root - INFO - rank 14, data loader initialized
2022-07-25 08:54:48,096 - root - INFO - rank 13, data loader initialized
2022-07-25 08:54:48,096 - root - INFO - rank 15, data loader initialized
2022-07-25 08:54:48,096 - root - INFO - rank 12, data loader initialized
2022-07-25 08:54:48,100 - root - INFO - ------------------ Configuration ------------------
2022-07-25 08:54:48,100 - root - INFO - Configuration file: /global/u1/c/cjacobus/Nyx-TSIT/config/tsit.yaml
2022-07-25 08:54:48,100 - root - INFO - Configuration name: new_full_fresh
2022-07-25 08:54:48,100 - root - INFO - Nsamples 8192
2022-07-25 08:54:48,100 - root - INFO - Nsamples_val 512
2022-07-25 08:54:48,100 - root - INFO - niter 100
2022-07-25 08:54:48,100 - root - INFO - niter_decay 50
2022-07-25 08:54:48,100 - root - INFO - num_data_workers 16
2022-07-25 08:54:48,100 - root - INFO - in_channels [0, 1, 2, 3, 17, 18, 19]
2022-07-25 08:54:48,100 - root - INFO - out_channels [0]
2022-07-25 08:54:48,100 - root - INFO - min_path /pscratch/sd/s/shas1693/data/era5/mins.npy
2022-07-25 08:54:48,100 - root - INFO - max_path /pscratch/sd/s/shas1693/data/era5/maxs.npy
2022-07-25 08:54:48,100 - root - INFO - time_means_path /pscratch/sd/s/shas1693/data/era5/time_means.npy
2022-07-25 08:54:48,100 - root - INFO - global_means_path /pscratch/sd/s/shas1693/data/era5/global_means.npy
2022-07-25 08:54:48,100 - root - INFO - global_stds_path /pscratch/sd/s/shas1693/data/era5/global_stds.npy
2022-07-25 08:54:48,100 - root - INFO - precip /pscratch/sd/p/pharring/ERA5/precip/total_precipitation
2022-07-25 08:54:48,101 - root - INFO - precip_eps 1e-05
2022-07-25 08:54:48,101 - root - INFO - dt 1
2022-07-25 08:54:48,101 - root - INFO - n_history 0
2022-07-25 08:54:48,101 - root - INFO - crop_size_x None
2022-07-25 08:54:48,101 - root - INFO - crop_size_y None
2022-07-25 08:54:48,101 - root - INFO - roll False
2022-07-25 08:54:48,101 - root - INFO - conttime False
2022-07-25 08:54:48,101 - root - INFO - normalization zscore
2022-07-25 08:54:48,101 - root - INFO - rank 8, begin data loader init
2022-07-25 08:54:48,101 - root - INFO - add_grid False
2022-07-25 08:54:48,101 - root - INFO - model pix2pix
2022-07-25 08:54:48,101 - root - INFO - norm_G spectralfadebatch3x3
2022-07-25 08:54:48,101 - root - INFO - norm_D spectralinstance
2022-07-25 08:54:48,101 - root - INFO - norm_S spectralinstance
2022-07-25 08:54:48,101 - root - INFO - norm_E spectralinstance
2022-07-25 08:54:48,101 - root - INFO - batch_size 16
2022-07-25 08:54:48,101 - root - INFO - rank 10, begin data loader init
2022-07-25 08:54:48,101 - root - INFO - rank 11, begin data loader init
2022-07-25 08:54:48,101 - root - INFO - img_size [512, 512, 512]
2022-07-25 08:54:48,101 - root - INFO - rank 9, begin data loader init
2022-07-25 08:54:48,101 - root - INFO - box_size [512, 512, 512]
2022-07-25 08:54:48,101 - root - INFO - data_size 128
2022-07-25 08:54:48,101 - root - INFO - input_nc 5
2022-07-25 08:54:48,101 - root - INFO - output_nc 5
2022-07-25 08:54:48,101 - root - INFO - netG tsit
2022-07-25 08:54:48,101 - root - INFO - rank 4, begin data loader init
2022-07-25 08:54:48,101 - root - INFO - ngf 64
2022-07-25 08:54:48,101 - root - INFO - rank 8, data loader initialized
2022-07-25 08:54:48,101 - root - INFO - init_type xavier
2022-07-25 08:54:48,101 - root - INFO - init_variance 0.02
2022-07-25 08:54:48,101 - root - INFO - z_dim 256
2022-07-25 08:54:48,101 - root - INFO - alpha 1.0
2022-07-25 08:54:48,101 - root - INFO - no_ss True
2022-07-25 08:54:48,101 - root - INFO - downsamp True
2022-07-25 08:54:48,101 - root - INFO - num_upsampling_blocks 6
2022-07-25 08:54:48,101 - root - INFO - rank 10, data loader initialized
2022-07-25 08:54:48,101 - root - INFO - rank 7, begin data loader init
2022-07-25 08:54:48,101 - root - INFO - use_periodic_padding True
2022-07-25 08:54:48,101 - root - INFO - rank 5, begin data loader init
2022-07-25 08:54:48,101 - root - INFO - rank 6, begin data loader init
2022-07-25 08:54:48,101 - root - INFO - additive_noise False
2022-07-25 08:54:48,101 - root - INFO - nef 16
2022-07-25 08:54:48,101 - root - INFO - use_vae False
2022-07-25 08:54:48,101 - root - INFO - optimizer adam
2022-07-25 08:54:48,101 - root - INFO - beta1 0.5
2022-07-25 08:54:48,101 - root - INFO - beta2 0.999
2022-07-25 08:54:48,101 - root - INFO - rank 4, data loader initialized
2022-07-25 08:54:48,101 - root - INFO - rank 9, data loader initialized
2022-07-25 08:54:48,101 - root - INFO - rank 11, data loader initialized
2022-07-25 08:54:48,101 - root - INFO - lr 0.0002
2022-07-25 08:54:48,101 - root - INFO - D_steps_per_G 1
2022-07-25 08:54:48,101 - root - INFO - use_spec_loss False
2022-07-25 08:54:48,101 - root - INFO - lambda_spec 1.0
2022-07-25 08:54:48,101 - root - INFO - use_l1_loss False
2022-07-25 08:54:48,101 - root - INFO - lambda_l1 1.0
2022-07-25 08:54:48,101 - root - INFO - ndf 64
2022-07-25 08:54:48,101 - root - INFO - rank 5, data loader initialized
2022-07-25 08:54:48,101 - root - INFO - rank 6, data loader initialized
2022-07-25 08:54:48,101 - root - INFO - rank 7, data loader initialized
2022-07-25 08:54:48,101 - root - INFO - lambda_feat 0.5
2022-07-25 08:54:48,101 - root - INFO - no_ganFeat_loss False
2022-07-25 08:54:48,101 - root - INFO - gan_mode hinge
2022-07-25 08:54:48,101 - root - INFO - netD multiscale
2022-07-25 08:54:48,101 - root - INFO - num_D 2
2022-07-25 08:54:48,101 - root - INFO - n_layers_D 4
2022-07-25 08:54:48,101 - root - INFO - no_TTUR True
2022-07-25 08:54:48,101 - root - INFO - lambda_kld 0.05
2022-07-25 08:54:48,101 - root - INFO - cat_inp False
2022-07-25 08:54:48,101 - root - INFO - entity weatherbenching
2022-07-25 08:54:48,101 - root - INFO - project Nyx-TSIT
2022-07-25 08:54:48,101 - root - INFO - log_to_wandb True
2022-07-25 08:54:48,101 - root - INFO - log_to_screen True
2022-07-25 08:54:48,101 - root - INFO - save_checkpoint True
2022-07-25 08:54:48,101 - root - INFO - weight_init ordereddict([('conv_init', 'normal'), ('conv_scale', 0.02), ('conv_bias', 0.0)])
2022-07-25 08:54:48,101 - root - INFO - lambda_rho 0
2022-07-25 08:54:48,101 - root - INFO - full_scale True
2022-07-25 08:54:48,101 - root - INFO - global_batch_size 64
2022-07-25 08:54:48,101 - root - INFO - base_batch_size 64
2022-07-25 08:54:48,101 - root - INFO - num_epochs 60
2022-07-25 08:54:48,101 - root - INFO - enable_amp False
2022-07-25 08:54:48,101 - root - INFO - enable_apex False
2022-07-25 08:54:48,101 - root - INFO - enable_benchy False
2022-07-25 08:54:48,101 - root - INFO - enable_jit False
2022-07-25 08:54:48,102 - root - INFO - expdir /logs
2022-07-25 08:54:48,102 - root - INFO - lr_schedule ordereddict([('scaling', 'sqrt'), ('start_lr', 0.0002), ('end_lr', 0.0), ('warmup_steps', 128)])
2022-07-25 08:54:48,102 - root - INFO - data_loader_config lowmem
2022-07-25 08:54:48,102 - root - INFO - N_out_channels 5
2022-07-25 08:54:48,102 - root - INFO - N_in_channels 5
2022-07-25 08:54:48,102 - root - INFO - train_path /pscratch/sd/c/cjacobus/Nyx_512/train_s1_512_hydro.h5
2022-07-25 08:54:48,102 - root - INFO - val_path /pscratch/sd/c/cjacobus/Nyx_512/train_s1_512_hydro.h5
2022-07-25 08:54:48,102 - root - INFO - use_cache None
2022-07-25 08:54:48,102 - root - INFO - ---------------------------------------------------
log_to_wandb -------------------------------------------------------------------
dir exists: /pscratch/sd/c/cjacobus/tsit/expts/new_full_fresh/checkpoints/
2022-07-25 08:54:48,102 - root - INFO - rank 1, begin data loader init
2022-07-25 08:54:48,102 - root - INFO - rank 3, begin data loader init
2022-07-25 08:54:48,102 - root - INFO - rank 2, begin data loader init
2022-07-25 08:54:48,103 - root - INFO - rank 1, data loader initialized
2022-07-25 08:54:48,103 - root - INFO - rank 3, data loader initialized
2022-07-25 08:54:48,103 - root - INFO - rank 2, data loader initialized
wandb: Currently logged in as: cjacobus (use `wandb login --relogin` to force relogin)
wandb: wandb version 0.12.21 is available!  To upgrade, please run:
wandb:  $ pip install wandb --upgrade
wandb: Tracking run with wandb version 0.12.13
wandb: Run data is saved locally in /global/u1/c/cjacobus/Nyx-TSIT/wandb/run-20220725_085448-bjvg6h7j
wandb: Run `wandb offline` to turn off syncing.
wandb: Resuming run new_full_fresh
wandb: ⭐️ View project at https://wandb.ai/weatherbenching/Nyx-TSIT
wandb: 🚀 View run at https://wandb.ai/weatherbenching/Nyx-TSIT/runs/bjvg6h7j
checking dir: /pscratch/sd/c/cjacobus/tsit/expts/new_full_fresh/checkpoints/
dir exists: /pscratch/sd/c/cjacobus/tsit/expts/new_full_fresh/checkpoints/
2022-07-25 08:54:50,500 - root - INFO - rank 0, begin data loader init
2022-07-25 08:54:50,500 - root - INFO - rank 0, data loader initialized
Network [TSITGenerator] was created. Total number of parameters: 934.7 million. To see the architecture, do print(network).
Network [TSITGenerator] was created. Total number of parameters: 934.7 million. To see the architecture, do print(network).
Network [TSITGenerator] was created. Total number of parameters: 934.7 million. To see the architecture, do print(network).
Network [TSITGenerator] was created. Total number of parameters: 934.7 million. To see the architecture, do print(network).
Network [TSITGenerator] was created. Total number of parameters: 934.7 million. To see the architecture, do print(network).
Network [TSITGenerator] was created. Total number of parameters: 934.7 million. To see the architecture, do print(network).
Network [TSITGenerator] was created. Total number of parameters: 934.7 million. To see the architecture, do print(network).
Network [TSITGenerator] was created. Total number of parameters: 934.7 million. To see the architecture, do print(network).
Network [TSITGenerator] was created. Total number of parameters: 934.7 million. To see the architecture, do print(network).
Network [TSITGenerator] was created. Total number of parameters: 934.7 million. To see the architecture, do print(network).
Network [TSITGenerator] was created. Total number of parameters: 934.7 million. To see the architecture, do print(network).
Network [TSITGenerator] was created. Total number of parameters: 934.7 million. To see the architecture, do print(network).
Network [TSITGenerator] was created. Total number of parameters: 934.7 million. To see the architecture, do print(network).
Network [TSITGenerator] was created. Total number of parameters: 934.7 million. To see the architecture, do print(network).
Network [TSITGenerator] was created. Total number of parameters: 934.7 million. To see the architecture, do print(network).
Network [TSITGenerator] was created. Total number of parameters: 934.7 million. To see the architecture, do print(network).
Network [MultiscaleDiscriminator] was created. Total number of parameters: 22.1 million. To see the architecture, do print(network).
Network [MultiscaleDiscriminator] was created. Total number of parameters: 22.1 million. To see the architecture, do print(network).
Network [MultiscaleDiscriminator] was created. Total number of parameters: 22.1 million. To see the architecture, do print(network).
Network [MultiscaleDiscriminator] was created. Total number of parameters: 22.1 million. To see the architecture, do print(network).
Network [MultiscaleDiscriminator] was created. Total number of parameters: 22.1 million. To see the architecture, do print(network).
Network [MultiscaleDiscriminator] was created. Total number of parameters: 22.1 million. To see the architecture, do print(network).
Network [MultiscaleDiscriminator] was created. Total number of parameters: 22.1 million. To see the architecture, do print(network).
Network [MultiscaleDiscriminator] was created. Total number of parameters: 22.1 million. To see the architecture, do print(network).
Network [MultiscaleDiscriminator] was created. Total number of parameters: 22.1 million. To see the architecture, do print(network).
Network [MultiscaleDiscriminator] was created. Total number of parameters: 22.1 million. To see the architecture, do print(network).
Network [MultiscaleDiscriminator] was created. Total number of parameters: 22.1 million. To see the architecture, do print(network).
Network [MultiscaleDiscriminator] was created. Total number of parameters: 22.1 million. To see the architecture, do print(network).
Network [MultiscaleDiscriminator] was created. Total number of parameters: 22.1 million. To see the architecture, do print(network).
Network [MultiscaleDiscriminator] was created. Total number of parameters: 22.1 million. To see the architecture, do print(network).
Network [MultiscaleDiscriminator] was created. Total number of parameters: 22.1 million. To see the architecture, do print(network).
Network [MultiscaleDiscriminator] was created. Total number of parameters: 22.1 million. To see the architecture, do print(network).
2022-07-25 08:55:12,894 - root - INFO - Loading checkpoint /pscratch/sd/c/cjacobus/tsit/expts/new_full_fresh/checkpoints/ckpt.tar
2022-07-25 08:55:12,894 - root - INFO - Loading checkpoint /pscratch/sd/c/cjacobus/tsit/expts/new_full_fresh/checkpoints/ckpt.tar
2022-07-25 08:55:12,895 - root - INFO - Loading checkpoint /pscratch/sd/c/cjacobus/tsit/expts/new_full_fresh/checkpoints/ckpt.tar
2022-07-25 08:55:12,896 - root - INFO - Loading checkpoint /pscratch/sd/c/cjacobus/tsit/expts/new_full_fresh/checkpoints/ckpt.tar
2022-07-25 08:55:12,897 - root - INFO - Loading checkpoint /pscratch/sd/c/cjacobus/tsit/expts/new_full_fresh/checkpoints/ckpt.tar
2022-07-25 08:55:12,897 - root - INFO - Loading checkpoint /pscratch/sd/c/cjacobus/tsit/expts/new_full_fresh/checkpoints/ckpt.tar
2022-07-25 08:55:12,897 - root - INFO - Loading checkpoint /pscratch/sd/c/cjacobus/tsit/expts/new_full_fresh/checkpoints/ckpt.tar
2022-07-25 08:55:12,898 - root - INFO - Loading checkpoint /pscratch/sd/c/cjacobus/tsit/expts/new_full_fresh/checkpoints/ckpt.tar
2022-07-25 08:55:12,899 - root - INFO - Loading checkpoint /pscratch/sd/c/cjacobus/tsit/expts/new_full_fresh/checkpoints/ckpt.tar
2022-07-25 08:55:12,899 - root - INFO - Loading checkpoint /pscratch/sd/c/cjacobus/tsit/expts/new_full_fresh/checkpoints/ckpt.tar
2022-07-25 08:55:12,900 - root - INFO - Loading checkpoint /pscratch/sd/c/cjacobus/tsit/expts/new_full_fresh/checkpoints/ckpt.tar
2022-07-25 08:55:12,900 - root - INFO - Loading checkpoint /pscratch/sd/c/cjacobus/tsit/expts/new_full_fresh/checkpoints/ckpt.tar
2022-07-25 08:55:12,900 - root - INFO - Loading checkpoint /pscratch/sd/c/cjacobus/tsit/expts/new_full_fresh/checkpoints/ckpt.tar
2022-07-25 08:55:12,900 - root - INFO - Loading checkpoint /pscratch/sd/c/cjacobus/tsit/expts/new_full_fresh/checkpoints/ckpt.tar
2022-07-25 08:55:12,900 - root - INFO - Loading checkpoint /pscratch/sd/c/cjacobus/tsit/expts/new_full_fresh/checkpoints/ckpt.tar
2022-07-25 08:55:12,900 - root - INFO - Loading checkpoint /pscratch/sd/c/cjacobus/tsit/expts/new_full_fresh/checkpoints/ckpt.tar
2022-07-25 08:55:19,762 - root - INFO - Starting Training Loop...
[W reducer.cpp:1282] Warning: find_unused_parameters=True was specified in DDP constructor, but did not find any unused parameters in the forward pass. This flag results in an extra traversal of the autograd graph every iteration,  which can adversely affect performance. If your model indeed never has any unused parameters in the forward pass, consider turning this flag off. Note that this warning may be a false positive if your model has flow control causing later iterations to have unused parameters. (function operator())
[W reducer.cpp:1282] Warning: find_unused_parameters=True was specified in DDP constructor, but did not find any unused parameters in the forward pass. This flag results in an extra traversal of the autograd graph every iteration,  which can adversely affect performance. If your model indeed never has any unused parameters in the forward pass, consider turning this flag off. Note that this warning may be a false positive if your model has flow control causing later iterations to have unused parameters. (function operator())
[W reducer.cpp:1282] Warning: find_unused_parameters=True was specified in DDP constructor, but did not find any unused parameters in the forward pass. This flag results in an extra traversal of the autograd graph every iteration,  which can adversely affect performance. If your model indeed never has any unused parameters in the forward pass, consider turning this flag off. Note that this warning may be a false positive if your model has flow control causing later iterations to have unused parameters. (function operator())
[W reducer.cpp:1282] Warning: find_unused_parameters=True was specified in DDP constructor, but did not find any unused parameters in the forward pass. This flag results in an extra traversal of the autograd graph every iteration,  which can adversely affect performance. If your model indeed never has any unused parameters in the forward pass, consider turning this flag off. Note that this warning may be a false positive if your model has flow control causing later iterations to have unused parameters. (function operator())
[W reducer.cpp:1282] Warning: find_unused_parameters=True was specified in DDP constructor, but did not find any unused parameters in the forward pass. This flag results in an extra traversal of the autograd graph every iteration,  which can adversely affect performance. If your model indeed never has any unused parameters in the forward pass, consider turning this flag off. Note that this warning may be a false positive if your model has flow control causing later iterations to have unused parameters. (function operator())
[W reducer.cpp:1282] Warning: find_unused_parameters=True was specified in DDP constructor, but did not find any unused parameters in the forward pass. This flag results in an extra traversal of the autograd graph every iteration,  which can adversely affect performance. If your model indeed never has any unused parameters in the forward pass, consider turning this flag off. Note that this warning may be a false positive if your model has flow control causing later iterations to have unused parameters. (function operator())
[W reducer.cpp:1282] Warning: find_unused_parameters=True was specified in DDP constructor, but did not find any unused parameters in the forward pass. This flag results in an extra traversal of the autograd graph every iteration,  which can adversely affect performance. If your model indeed never has any unused parameters in the forward pass, consider turning this flag off. Note that this warning may be a false positive if your model has flow control causing later iterations to have unused parameters. (function operator())
[W reducer.cpp:1282] Warning: find_unused_parameters=True was specified in DDP constructor, but did not find any unused parameters in the forward pass. This flag results in an extra traversal of the autograd graph every iteration,  which can adversely affect performance. If your model indeed never has any unused parameters in the forward pass, consider turning this flag off. Note that this warning may be a false positive if your model has flow control causing later iterations to have unused parameters. (function operator())
[W reducer.cpp:1282] Warning: find_unused_parameters=True was specified in DDP constructor, but did not find any unused parameters in the forward pass. This flag results in an extra traversal of the autograd graph every iteration,  which can adversely affect performance. If your model indeed never has any unused parameters in the forward pass, consider turning this flag off. Note that this warning may be a false positive if your model has flow control causing later iterations to have unused parameters. (function operator())
[W reducer.cpp:1282] Warning: find_unused_parameters=True was specified in DDP constructor, but did not find any unused parameters in the forward pass. This flag results in an extra traversal of the autograd graph every iteration,  which can adversely affect performance. If your model indeed never has any unused parameters in the forward pass, consider turning this flag off. Note that this warning may be a false positive if your model has flow control causing later iterations to have unused parameters. (function operator())
[W reducer.cpp:1282] Warning: find_unused_parameters=True was specified in DDP constructor, but did not find any unused parameters in the forward pass. This flag results in an extra traversal of the autograd graph every iteration,  which can adversely affect performance. If your model indeed never has any unused parameters in the forward pass, consider turning this flag off. Note that this warning may be a false positive if your model has flow control causing later iterations to have unused parameters. (function operator())
[W reducer.cpp:1282] Warning: find_unused_parameters=True was specified in DDP constructor, but did not find any unused parameters in the forward pass. This flag results in an extra traversal of the autograd graph every iteration,  which can adversely affect performance. If your model indeed never has any unused parameters in the forward pass, consider turning this flag off. Note that this warning may be a false positive if your model has flow control causing later iterations to have unused parameters. (function operator())
[W reducer.cpp:1282] Warning: find_unused_parameters=True was specified in DDP constructor, but did not find any unused parameters in the forward pass. This flag results in an extra traversal of the autograd graph every iteration,  which can adversely affect performance. If your model indeed never has any unused parameters in the forward pass, consider turning this flag off. Note that this warning may be a false positive if your model has flow control causing later iterations to have unused parameters. (function operator())
[W reducer.cpp:1282] Warning: find_unused_parameters=True was specified in DDP constructor, but did not find any unused parameters in the forward pass. This flag results in an extra traversal of the autograd graph every iteration,  which can adversely affect performance. If your model indeed never has any unused parameters in the forward pass, consider turning this flag off. Note that this warning may be a false positive if your model has flow control causing later iterations to have unused parameters. (function operator())
[W reducer.cpp:1282] Warning: find_unused_parameters=True was specified in DDP constructor, but did not find any unused parameters in the forward pass. This flag results in an extra traversal of the autograd graph every iteration,  which can adversely affect performance. If your model indeed never has any unused parameters in the forward pass, consider turning this flag off. Note that this warning may be a false positive if your model has flow control causing later iterations to have unused parameters. (function operator())
[W reducer.cpp:1282] Warning: find_unused_parameters=True was specified in DDP constructor, but did not find any unused parameters in the forward pass. This flag results in an extra traversal of the autograd graph every iteration,  which can adversely affect performance. If your model indeed never has any unused parameters in the forward pass, consider turning this flag off. Note that this warning may be a false positive if your model has flow control causing later iterations to have unused parameters. (function operator())
generator made step 0
discriminator made step 0
generator made step 16
discriminator made step 16
generator made step 32
discriminator made step 32
generator made step 48
discriminator made step 48
generator made step 64
discriminator made step 64
generator made step 80
discriminator made step 80
generator made step 96
discriminator made step 96
generator made step 112
discriminator made step 112
generator made step 128
discriminator made step 128
generator made step 144
discriminator made step 144
generator made step 160
discriminator made step 160
generator made step 176
discriminator made step 176
generator made step 192
discriminator made step 192
generator made step 208
discriminator made step 208
generator made step 224
discriminator made step 224
generator made step 240
discriminator made step 240
generator made step 256
discriminator made step 256
generator made step 272
discriminator made step 272
generator made step 288
discriminator made step 288
generator made step 304
discriminator made step 304
generator made step 320
discriminator made step 320
generator made step 336
discriminator made step 336
generator made step 352
discriminator made step 352
generator made step 368
discriminator made step 368
generator made step 384
discriminator made step 384
generator made step 400
discriminator made step 400
generator made step 416
discriminator made step 416
generator made step 432
discriminator made step 432
generator made step 448
discriminator made step 448
generator made step 464
discriminator made step 464
generator made step 480
discriminator made step 480
generator made step 496
discriminator made step 496
2022-07-25 09:03:10,397 - root - INFO - Total=470.634467, G=372.809920, D=92.308341, data=1.654408, next=3.861799
2022-07-25 09:03:17,259 - root - INFO - Total=6.860668, G=0.546688, data=3.220743, acc=0.802692, agg=0.308440, next=1.982104
2022-07-25 09:03:30,623 - root - INFO - Time taken for epoch 38 is 490.8608796596527 sec
2022-07-25 09:03:30,623 - root - INFO - Train time = 470.63446712493896, Valid time = 6.860667943954468
2022-07-25 09:03:30,623 - root - INFO - G losses = {'GAN': 2.8165435791015625, 'GAN_Feat': 0.33968880772590637}
2022-07-25 09:03:30,623 - root - INFO - D losses = {'D_Fake': 0.0018214299343526363, 'D_real': 0.3080797791481018}
generator made step 0
discriminator made step 0
generator made step 16
discriminator made step 16
generator made step 32
discriminator made step 32
generator made step 48
discriminator made step 48
generator made step 64
discriminator made step 64
generator made step 80
discriminator made step 80
generator made step 96
discriminator made step 96
generator made step 112
discriminator made step 112
generator made step 128
discriminator made step 128
generator made step 144
discriminator made step 144
generator made step 160
discriminator made step 160
generator made step 176
discriminator made step 176
generator made step 192
discriminator made step 192
generator made step 208
discriminator made step 208
generator made step 224
discriminator made step 224
generator made step 240
discriminator made step 240
generator made step 256
discriminator made step 256
generator made step 272
discriminator made step 272
generator made step 288
discriminator made step 288
generator made step 304
discriminator made step 304
generator made step 320
discriminator made step 320
generator made step 336
discriminator made step 336
generator made step 352
discriminator made step 352
generator made step 368
discriminator made step 368
generator made step 384
discriminator made step 384
generator made step 400
discriminator made step 400
generator made step 416
discriminator made step 416
generator made step 432
discriminator made step 432
generator made step 448
discriminator made step 448
generator made step 464
discriminator made step 464
generator made step 480
discriminator made step 480
generator made step 496
discriminator made step 496
2022-07-25 09:10:54,907 - root - INFO - Total=444.282841, G=347.944857, D=92.511969, data=1.629800, next=2.196215
2022-07-25 09:11:01,106 - root - INFO - Total=6.197591, G=0.444652, data=3.422813, acc=0.005612, agg=0.281852, next=2.042661
2022-07-25 09:11:13,888 - root - INFO - Time taken for epoch 39 is 463.2643549442291 sec
2022-07-25 09:11:13,888 - root - INFO - Train time = 444.28284072875977, Valid time = 6.197591066360474
2022-07-25 09:11:13,888 - root - INFO - G losses = {'GAN': 3.4692935943603516, 'GAN_Feat': 0.2513313293457031}
2022-07-25 09:11:13,888 - root - INFO - D losses = {'D_Fake': 0.03956785053014755, 'D_real': 1.3521875143051147}
generator made step 0
discriminator made step 0
generator made step 16
discriminator made step 16
generator made step 32
discriminator made step 32
generator made step 48
discriminator made step 48
generator made step 64
discriminator made step 64
generator made step 80
discriminator made step 80
generator made step 96
discriminator made step 96
generator made step 112
discriminator made step 112
generator made step 128
discriminator made step 128
generator made step 144
discriminator made step 144
generator made step 160
discriminator made step 160
generator made step 176
discriminator made step 176
generator made step 192
discriminator made step 192
generator made step 208
discriminator made step 208
generator made step 224
discriminator made step 224
generator made step 240
discriminator made step 240
generator made step 256
discriminator made step 256
generator made step 272
discriminator made step 272
generator made step 288
discriminator made step 288
generator made step 304
discriminator made step 304
generator made step 320
discriminator made step 320
generator made step 336
discriminator made step 336
generator made step 352
discriminator made step 352
generator made step 368
discriminator made step 368
generator made step 384
discriminator made step 384
generator made step 400
discriminator made step 400
generator made step 416
discriminator made step 416
generator made step 432
discriminator made step 432
generator made step 448
discriminator made step 448
generator made step 464
discriminator made step 464
generator made step 480
discriminator made step 480
generator made step 496
discriminator made step 496
2022-07-25 09:18:38,188 - root - INFO - Total=444.298780, G=348.213893, D=92.251523, data=1.631638, next=2.201725
2022-07-25 09:18:44,270 - root - INFO - Total=6.081673, G=0.483734, data=3.396175, acc=0.006156, agg=0.258205, next=1.937403
2022-07-25 09:18:56,977 - root - INFO - Time taken for epoch 40 is 463.08883714675903 sec
2022-07-25 09:18:56,977 - root - INFO - Train time = 444.29877972602844, Valid time = 6.0816733837127686
2022-07-25 09:18:56,977 - root - INFO - G losses = {'GAN': 1.718556523323059, 'GAN_Feat': 0.27326178550720215}
2022-07-25 09:18:56,978 - root - INFO - D losses = {'D_Fake': 0.1405738741159439, 'D_real': 3.574397851480171e-05}
generator made step 0
discriminator made step 0
generator made step 16
discriminator made step 16
generator made step 32
discriminator made step 32
generator made step 48
discriminator made step 48
generator made step 64
discriminator made step 64
generator made step 80
discriminator made step 80
generator made step 96
discriminator made step 96
generator made step 112
discriminator made step 112
generator made step 128
discriminator made step 128
generator made step 144
discriminator made step 144
generator made step 160
discriminator made step 160
generator made step 176
discriminator made step 176
generator made step 192
discriminator made step 192
generator made step 208
discriminator made step 208
generator made step 224
discriminator made step 224
generator made step 240
discriminator made step 240
generator made step 256
discriminator made step 256
generator made step 272
discriminator made step 272
generator made step 288
discriminator made step 288
generator made step 304
discriminator made step 304
generator made step 320
discriminator made step 320
generator made step 336
discriminator made step 336
generator made step 352
discriminator made step 352
generator made step 368
discriminator made step 368
generator made step 384
discriminator made step 384
generator made step 400
discriminator made step 400
generator made step 416
discriminator made step 416
generator made step 432
discriminator made step 432
generator made step 448
discriminator made step 448
generator made step 464
discriminator made step 464
generator made step 480
discriminator made step 480
generator made step 496
discriminator made step 496
2022-07-25 09:26:20,334 - root - INFO - Total=443.355694, G=348.043013, D=92.331380, data=1.632648, next=1.348653
2022-07-25 09:26:26,456 - root - INFO - Total=6.121331, G=0.466771, data=3.405597, acc=0.005635, agg=0.238495, next=2.004833
2022-07-25 09:26:39,408 - root - INFO - Time taken for epoch 41 is 462.43048572540283 sec
2022-07-25 09:26:39,409 - root - INFO - Train time = 443.35569405555725, Valid time = 6.121331453323364
2022-07-25 09:26:39,409 - root - INFO - G losses = {'GAN': 4.271350860595703, 'GAN_Feat': 0.3054164946079254}
2022-07-25 09:26:39,409 - root - INFO - D losses = {'D_Fake': 0.09992615133523941, 'D_real': 0.0002069038018817082}
generator made step 0
discriminator made step 0
generator made step 16
discriminator made step 16
generator made step 32
discriminator made step 32
generator made step 48
discriminator made step 48
generator made step 64
discriminator made step 64
generator made step 80
discriminator made step 80
generator made step 96
discriminator made step 96
generator made step 112
discriminator made step 112
generator made step 128
discriminator made step 128
generator made step 144
discriminator made step 144
generator made step 160
discriminator made step 160
generator made step 176
discriminator made step 176
generator made step 192
discriminator made step 192
generator made step 208
discriminator made step 208
generator made step 224
discriminator made step 224
generator made step 240
discriminator made step 240
generator made step 256
discriminator made step 256
generator made step 272
discriminator made step 272
generator made step 288
discriminator made step 288
generator made step 304
discriminator made step 304
generator made step 320
discriminator made step 320
generator made step 336
discriminator made step 336
generator made step 352
discriminator made step 352
generator made step 368
discriminator made step 368
generator made step 384
discriminator made step 384
generator made step 400
discriminator made step 400
generator made step 416
discriminator made step 416
generator made step 432
discriminator made step 432
generator made step 448
discriminator made step 448
generator made step 464
discriminator made step 464
generator made step 480
discriminator made step 480
generator made step 496
discriminator made step 496
2022-07-25 09:34:02,670 - root - INFO - Total=443.260150, G=347.909579, D=92.373224, data=1.632536, next=1.344811
2022-07-25 09:34:08,384 - root - INFO - Total=5.713409, G=0.492910, data=3.127512, acc=0.015809, agg=0.213078, next=1.864101
2022-07-25 09:34:21,173 - root - INFO - Time taken for epoch 42 is 461.7643566131592 sec
2022-07-25 09:34:21,173 - root - INFO - Train time = 443.26014971733093, Valid time = 5.713409185409546
2022-07-25 09:34:21,173 - root - INFO - G losses = {'GAN': 6.272928237915039, 'GAN_Feat': 0.6861367225646973}
2022-07-25 09:34:21,173 - root - INFO - D losses = {'D_Fake': 0.00012473743117880076, 'D_real': 0.0}
generator made step 0
discriminator made step 0
generator made step 16
discriminator made step 16
generator made step 32
discriminator made step 32
generator made step 48
discriminator made step 48
generator made step 64
discriminator made step 64
generator made step 80
discriminator made step 80
generator made step 96
discriminator made step 96
generator made step 112
discriminator made step 112
generator made step 128
discriminator made step 128
generator made step 144
discriminator made step 144
generator made step 160
discriminator made step 160
generator made step 176
discriminator made step 176
generator made step 192
discriminator made step 192
generator made step 208
discriminator made step 208
generator made step 224
discriminator made step 224
generator made step 240
discriminator made step 240
generator made step 256
discriminator made step 256
generator made step 272
discriminator made step 272
generator made step 288
discriminator made step 288
generator made step 304
discriminator made step 304
generator made step 320
discriminator made step 320
generator made step 336
discriminator made step 336
generator made step 352
discriminator made step 352
generator made step 368
discriminator made step 368
generator made step 384
discriminator made step 384
generator made step 400
discriminator made step 400
generator made step 416
discriminator made step 416
generator made step 432
discriminator made step 432
generator made step 448
discriminator made step 448
generator made step 464
discriminator made step 464
generator made step 480
discriminator made step 480
generator made step 496
discriminator made step 496
2022-07-25 09:41:44,146 - root - INFO - Total=442.972021, G=347.914520, D=92.295416, data=1.631393, next=1.130692
2022-07-25 09:41:50,274 - root - INFO - Total=6.126942, G=0.543549, data=3.342791, acc=0.006072, agg=0.257904, next=1.976626
2022-07-25 09:42:03,116 - root - INFO - Time taken for epoch 43 is 461.94251132011414 sec
2022-07-25 09:42:03,117 - root - INFO - Train time = 442.97202134132385, Valid time = 6.126941919326782
2022-07-25 09:42:03,117 - root - INFO - G losses = {'GAN': 2.0368382930755615, 'GAN_Feat': 0.305722177028656}
2022-07-25 09:42:03,117 - root - INFO - D losses = {'D_Fake': 0.0, 'D_real': 0.0}
generator made step 0
discriminator made step 0
generator made step 16
discriminator made step 16
generator made step 32
discriminator made step 32
generator made step 48
discriminator made step 48
generator made step 64
discriminator made step 64
generator made step 80
discriminator made step 80
generator made step 96
discriminator made step 96
generator made step 112
discriminator made step 112
generator made step 128
discriminator made step 128
generator made step 144
discriminator made step 144
generator made step 160
discriminator made step 160
generator made step 176
discriminator made step 176
generator made step 192
discriminator made step 192
generator made step 208
discriminator made step 208
generator made step 224
discriminator made step 224
generator made step 240
discriminator made step 240
generator made step 256
discriminator made step 256
generator made step 272
discriminator made step 272
generator made step 288
discriminator made step 288
generator made step 304
discriminator made step 304
generator made step 320
discriminator made step 320
generator made step 336
discriminator made step 336
generator made step 352
discriminator made step 352
generator made step 368
discriminator made step 368
generator made step 384
discriminator made step 384
generator made step 400
discriminator made step 400
generator made step 416
discriminator made step 416
generator made step 432
discriminator made step 432
generator made step 448
discriminator made step 448
generator made step 464
discriminator made step 464
generator made step 480
discriminator made step 480
generator made step 496
discriminator made step 496
2022-07-25 09:49:27,444 - root - INFO - Total=444.326435, G=348.067345, D=92.341528, data=1.629476, next=2.288086
2022-07-25 09:49:33,729 - root - INFO - Total=6.283849, G=0.481294, data=3.306551, acc=0.006238, agg=0.263482, next=2.226283
2022-07-25 09:49:57,589 - root - INFO - Time taken for epoch 44 is 474.47279047966003 sec
2022-07-25 09:49:57,590 - root - INFO - Train time = 444.3264350891113, Valid time = 6.283848524093628
2022-07-25 09:49:57,590 - root - INFO - G losses = {'GAN': 1.3598841428756714, 'GAN_Feat': 0.2625323534011841}
2022-07-25 09:49:57,590 - root - INFO - D losses = {'D_Fake': 0.001154761528596282, 'D_real': 0.10328374058008194}
generator made step 0
discriminator made step 0
generator made step 16
discriminator made step 16
generator made step 32
discriminator made step 32
generator made step 48
discriminator made step 48
generator made step 64
discriminator made step 64
generator made step 80
discriminator made step 80
generator made step 96
discriminator made step 96
generator made step 112
discriminator made step 112
generator made step 128
discriminator made step 128
generator made step 144
discriminator made step 144
generator made step 160
discriminator made step 160
generator made step 176
discriminator made step 176
generator made step 192
discriminator made step 192
generator made step 208
discriminator made step 208
generator made step 224
discriminator made step 224
generator made step 240
discriminator made step 240
generator made step 256
discriminator made step 256
generator made step 272
discriminator made step 272
generator made step 288
discriminator made step 288
srun: Job step aborted: Waiting up to 32 seconds for job step to finish.
slurmstepd: error: *** STEP 2791427.0 ON nid002532 CANCELLED AT 2022-07-25T09:54:21 DUE TO TIME LIMIT ***
slurmstepd: error: *** JOB 2791427 ON nid002532 CANCELLED AT 2022-07-25T09:54:21 DUE TO TIME LIMIT ***
