+ srun -u shifter -V /pscratch/sd/c/cjacobus/ML_Hydro_train/logs:/logs --image=nersc/pytorch:ngc-22.03-v0 --env PYTHONUSERBASE=/global/homes/c/cjacobus/.local/perlmutter/nersc-pytorch-ngc-22.03-v0 bash -c '
    source export_DDP_vars.sh
    python train.py --root_dir=/pscratch/sd/c/cjacobus/tsit --config=valid_up5_tanh_L1_spec
    '
2022-07-30 17:27:45,833 - torch.distributed.distributed_c10d - INFO - Added key: store_based_barrier_key:1 to store for rank: 2
2022-07-30 17:27:45,834 - torch.distributed.distributed_c10d - INFO - Added key: store_based_barrier_key:1 to store for rank: 3
2022-07-30 17:27:45,835 - torch.distributed.distributed_c10d - INFO - Added key: store_based_barrier_key:1 to store for rank: 1
2022-07-30 17:27:46,092 - torch.distributed.distributed_c10d - INFO - Added key: store_based_barrier_key:1 to store for rank: 15
2022-07-30 17:27:46,097 - torch.distributed.distributed_c10d - INFO - Added key: store_based_barrier_key:1 to store for rank: 12
2022-07-30 17:27:46,099 - torch.distributed.distributed_c10d - INFO - Added key: store_based_barrier_key:1 to store for rank: 14
2022-07-30 17:27:46,100 - torch.distributed.distributed_c10d - INFO - Added key: store_based_barrier_key:1 to store for rank: 13
2022-07-30 17:27:46,239 - torch.distributed.distributed_c10d - INFO - Added key: store_based_barrier_key:1 to store for rank: 11
2022-07-30 17:27:46,240 - torch.distributed.distributed_c10d - INFO - Added key: store_based_barrier_key:1 to store for rank: 9
2022-07-30 17:27:46,240 - torch.distributed.distributed_c10d - INFO - Added key: store_based_barrier_key:1 to store for rank: 10
2022-07-30 17:27:46,712 - torch.distributed.distributed_c10d - INFO - Added key: store_based_barrier_key:1 to store for rank: 6
2022-07-30 17:27:46,716 - torch.distributed.distributed_c10d - INFO - Added key: store_based_barrier_key:1 to store for rank: 5
2022-07-30 17:27:46,718 - torch.distributed.distributed_c10d - INFO - Added key: store_based_barrier_key:1 to store for rank: 4
2022-07-30 17:27:46,719 - torch.distributed.distributed_c10d - INFO - Added key: store_based_barrier_key:1 to store for rank: 7
2022-07-30 17:27:47,949 - torch.distributed.distributed_c10d - INFO - Added key: store_based_barrier_key:1 to store for rank: 8
2022-07-30 17:27:47,956 - torch.distributed.distributed_c10d - INFO - Added key: store_based_barrier_key:1 to store for rank: 0
2022-07-30 17:27:47,956 - torch.distributed.distributed_c10d - INFO - Rank 0: Completed store-based barrier for key:store_based_barrier_key:1 with 16 nodes.
2022-07-30 17:27:47,958 - torch.distributed.distributed_c10d - INFO - Rank 11: Completed store-based barrier for key:store_based_barrier_key:1 with 16 nodes.
2022-07-30 17:27:47,958 - torch.distributed.distributed_c10d - INFO - Rank 2: Completed store-based barrier for key:store_based_barrier_key:1 with 16 nodes.
2022-07-30 17:27:47,960 - torch.distributed.distributed_c10d - INFO - Rank 8: Completed store-based barrier for key:store_based_barrier_key:1 with 16 nodes.
2022-07-30 17:27:47,960 - torch.distributed.distributed_c10d - INFO - Rank 1: Completed store-based barrier for key:store_based_barrier_key:1 with 16 nodes.
2022-07-30 17:27:47,961 - torch.distributed.distributed_c10d - INFO - Rank 9: Completed store-based barrier for key:store_based_barrier_key:1 with 16 nodes.
2022-07-30 17:27:47,961 - torch.distributed.distributed_c10d - INFO - Rank 7: Completed store-based barrier for key:store_based_barrier_key:1 with 16 nodes.
2022-07-30 17:27:47,962 - torch.distributed.distributed_c10d - INFO - Rank 10: Completed store-based barrier for key:store_based_barrier_key:1 with 16 nodes.
2022-07-30 17:27:47,962 - torch.distributed.distributed_c10d - INFO - Rank 12: Completed store-based barrier for key:store_based_barrier_key:1 with 16 nodes.
2022-07-30 17:27:47,963 - torch.distributed.distributed_c10d - INFO - Rank 5: Completed store-based barrier for key:store_based_barrier_key:1 with 16 nodes.
2022-07-30 17:27:47,963 - torch.distributed.distributed_c10d - INFO - Rank 3: Completed store-based barrier for key:store_based_barrier_key:1 with 16 nodes.
2022-07-30 17:27:47,964 - torch.distributed.distributed_c10d - INFO - Rank 13: Completed store-based barrier for key:store_based_barrier_key:1 with 16 nodes.
2022-07-30 17:27:47,964 - torch.distributed.distributed_c10d - INFO - Rank 14: Completed store-based barrier for key:store_based_barrier_key:1 with 16 nodes.
2022-07-30 17:27:47,965 - torch.distributed.distributed_c10d - INFO - Rank 6: Completed store-based barrier for key:store_based_barrier_key:1 with 16 nodes.
2022-07-30 17:27:47,965 - torch.distributed.distributed_c10d - INFO - Rank 15: Completed store-based barrier for key:store_based_barrier_key:1 with 16 nodes.
2022-07-30 17:27:47,966 - torch.distributed.distributed_c10d - INFO - Rank 4: Completed store-based barrier for key:store_based_barrier_key:1 with 16 nodes.
2022-07-30 17:27:47,976 - root - INFO - ------------------ Configuration ------------------
2022-07-30 17:27:47,977 - root - INFO - Configuration file: /global/u1/c/cjacobus/Nyx-TSIT/config/tsit.yaml
2022-07-30 17:27:47,977 - root - INFO - Configuration name: valid_up5_tanh_L1_spec
2022-07-30 17:27:47,977 - root - INFO - Nsamples 8192
2022-07-30 17:27:47,977 - root - INFO - Nsamples_val 512
2022-07-30 17:27:47,977 - root - INFO - niter 200
2022-07-30 17:27:47,977 - root - INFO - niter_decay 150
2022-07-30 17:27:47,977 - root - INFO - use_spec_loss False
2022-07-30 17:27:47,977 - root - INFO - lambda_spec 100.0
2022-07-30 17:27:47,977 - root - INFO - use_l1_loss True
2022-07-30 17:27:47,977 - root - INFO - lambda_l1 300.0
2022-07-30 17:27:47,977 - root - INFO - data_size 128
2022-07-30 17:27:47,977 - root - INFO - train_path /pscratch/sd/c/cjacobus/Nyx_512/train_s1_512_invar3_hydro.h5
2022-07-30 17:27:47,977 - root - INFO - val_path /pscratch/sd/c/cjacobus/Nyx_512/valid_s2_512_invar3_hydro.h5
2022-07-30 17:27:47,977 - root - INFO - num_upsampling_blocks 5
2022-07-30 17:27:47,977 - root - INFO - tanh False
2022-07-30 17:27:47,977 - root - INFO - num_data_workers 16
2022-07-30 17:27:47,977 - root - INFO - in_channels [0, 1, 2, 3, 17, 18, 19]
2022-07-30 17:27:47,977 - root - INFO - out_channels [0]
2022-07-30 17:27:47,977 - root - INFO - min_path /pscratch/sd/s/shas1693/data/era5/mins.npy
2022-07-30 17:27:47,977 - root - INFO - max_path /pscratch/sd/s/shas1693/data/era5/maxs.npy
2022-07-30 17:27:47,977 - root - INFO - time_means_path /pscratch/sd/s/shas1693/data/era5/time_means.npy
2022-07-30 17:27:47,977 - root - INFO - global_means_path /pscratch/sd/s/shas1693/data/era5/global_means.npy
2022-07-30 17:27:47,977 - root - INFO - global_stds_path /pscratch/sd/s/shas1693/data/era5/global_stds.npy
2022-07-30 17:27:47,977 - root - INFO - precip /pscratch/sd/p/pharring/ERA5/precip/total_precipitation
2022-07-30 17:27:47,977 - root - INFO - precip_eps 1e-05
2022-07-30 17:27:47,977 - root - INFO - dt 1
2022-07-30 17:27:47,977 - root - INFO - n_history 0
2022-07-30 17:27:47,977 - root - INFO - crop_size_x None
2022-07-30 17:27:47,977 - root - INFO - crop_size_y None
2022-07-30 17:27:47,977 - root - INFO - roll False
2022-07-30 17:27:47,977 - root - INFO - conttime False
2022-07-30 17:27:47,977 - root - INFO - normalization zscore
2022-07-30 17:27:47,977 - root - INFO - add_grid False
2022-07-30 17:27:47,977 - root - INFO - model pix2pix
2022-07-30 17:27:47,977 - root - INFO - norm_G spectralfadebatch3x3
2022-07-30 17:27:47,977 - root - INFO - norm_D spectralinstance
2022-07-30 17:27:47,977 - root - INFO - norm_S spectralinstance
2022-07-30 17:27:47,977 - root - INFO - norm_E spectralinstance
2022-07-30 17:27:47,977 - root - INFO - batch_size 16
2022-07-30 17:27:47,977 - root - INFO - img_size [512, 512, 512]
2022-07-30 17:27:47,977 - root - INFO - box_size [512, 512, 512]
2022-07-30 17:27:47,977 - root - INFO - input_nc 5
2022-07-30 17:27:47,977 - root - INFO - output_nc 5
2022-07-30 17:27:47,977 - root - INFO - netG tsit
2022-07-30 17:27:47,977 - root - INFO - ngf 64
2022-07-30 17:27:47,977 - root - INFO - init_type xavier
2022-07-30 17:27:47,977 - root - INFO - init_variance 0.02
2022-07-30 17:27:47,977 - root - INFO - z_dim 256
2022-07-30 17:27:47,977 - root - INFO - alpha 1.0
2022-07-30 17:27:47,977 - root - INFO - no_ss True
2022-07-30 17:27:47,977 - root - INFO - downsamp True
2022-07-30 17:27:47,977 - root - INFO - use_periodic_padding True
2022-07-30 17:27:47,977 - root - INFO - additive_noise False
2022-07-30 17:27:47,977 - root - INFO - nef 16
2022-07-30 17:27:47,977 - root - INFO - use_vae False
2022-07-30 17:27:47,977 - root - INFO - optimizer adam
2022-07-30 17:27:47,977 - root - INFO - beta1 0.5
2022-07-30 17:27:47,977 - root - INFO - beta2 0.999
2022-07-30 17:27:47,977 - root - INFO - lr 0.0002
2022-07-30 17:27:47,977 - root - INFO - D_steps_per_G 1
2022-07-30 17:27:47,977 - root - INFO - ndf 64
2022-07-30 17:27:47,978 - root - INFO - lambda_feat 0.5
2022-07-30 17:27:47,978 - root - INFO - no_ganFeat_loss False
2022-07-30 17:27:47,978 - root - INFO - gan_mode hinge
2022-07-30 17:27:47,978 - root - INFO - netD multiscale
2022-07-30 17:27:47,978 - root - INFO - num_D 2
2022-07-30 17:27:47,978 - root - INFO - n_layers_D 4
2022-07-30 17:27:47,978 - root - INFO - no_TTUR True
2022-07-30 17:27:47,978 - root - INFO - lambda_kld 0.05
2022-07-30 17:27:47,978 - root - INFO - cat_inp False
2022-07-30 17:27:47,978 - root - INFO - entity weatherbenching
2022-07-30 17:27:47,978 - root - INFO - project Nyx-TSIT
2022-07-30 17:27:47,978 - root - INFO - log_to_wandb True
2022-07-30 17:27:47,978 - root - INFO - log_to_screen True
2022-07-30 17:27:47,978 - root - INFO - save_checkpoint True
2022-07-30 17:27:47,978 - root - INFO - weight_init ordereddict([('conv_init', 'normal'), ('conv_scale', 0.02), ('conv_bias', 0.0)])
2022-07-30 17:27:47,978 - root - INFO - lambda_rho 0
2022-07-30 17:27:47,978 - root - INFO - full_scale True
2022-07-30 17:27:47,978 - root - INFO - global_batch_size 64
2022-07-30 17:27:47,978 - root - INFO - base_batch_size 64
2022-07-30 17:27:47,978 - root - INFO - num_epochs 60
2022-07-30 17:27:47,978 - root - INFO - enable_amp False
2022-07-30 17:27:47,978 - root - INFO - enable_apex False
2022-07-30 17:27:47,978 - root - INFO - enable_benchy False
2022-07-30 17:27:47,978 - root - INFO - enable_jit False
2022-07-30 17:27:47,978 - root - INFO - expdir /logs
2022-07-30 17:27:47,978 - root - INFO - lr_schedule ordereddict([('scaling', 'sqrt'), ('start_lr', 0.0002), ('end_lr', 0.0), ('warmup_steps', 128)])
2022-07-30 17:27:47,978 - root - INFO - data_loader_config lowmem
2022-07-30 17:27:47,978 - root - INFO - N_out_channels 5
2022-07-30 17:27:47,978 - root - INFO - N_in_channels 5
2022-07-30 17:27:47,978 - root - INFO - use_cache None
2022-07-30 17:27:47,978 - root - INFO - ---------------------------------------------------
log_to_wandb -------------------------------------------------------------------
dir exists: /pscratch/sd/c/cjacobus/tsit/expts/valid_up5_tanh_L1_spec/checkpoints/
2022-07-30 17:27:47,978 - root - INFO - rank 2, begin data loader init
2022-07-30 17:27:47,978 - root - INFO - rank 3, begin data loader init
2022-07-30 17:27:47,978 - root - INFO - rank 1, begin data loader init
2022-07-30 17:27:47,978 - root - INFO - rank 2, data loader initialized
2022-07-30 17:27:47,978 - root - INFO - rank 3, data loader initialized
2022-07-30 17:27:47,979 - root - INFO - rank 1, data loader initialized
2022-07-30 17:27:47,982 - root - INFO - rank 8, begin data loader init
2022-07-30 17:27:47,983 - root - INFO - rank 9, begin data loader init
2022-07-30 17:27:47,983 - root - INFO - rank 10, begin data loader init
2022-07-30 17:27:47,983 - root - INFO - rank 11, begin data loader init
2022-07-30 17:27:47,983 - root - INFO - rank 8, data loader initialized
2022-07-30 17:27:47,983 - root - INFO - rank 9, data loader initialized
2022-07-30 17:27:47,983 - root - INFO - rank 10, data loader initialized
2022-07-30 17:27:47,983 - root - INFO - rank 11, data loader initialized
2022-07-30 17:27:47,985 - root - INFO - rank 12, begin data loader init
2022-07-30 17:27:47,985 - root - INFO - rank 13, begin data loader init
2022-07-30 17:27:47,985 - root - INFO - rank 15, begin data loader init
2022-07-30 17:27:47,985 - root - INFO - rank 14, begin data loader init
2022-07-30 17:27:47,985 - root - INFO - rank 4, begin data loader init
2022-07-30 17:27:47,985 - root - INFO - rank 12, data loader initialized
2022-07-30 17:27:47,985 - root - INFO - rank 6, begin data loader init
2022-07-30 17:27:47,985 - root - INFO - rank 13, data loader initialized
2022-07-30 17:27:47,985 - root - INFO - rank 14, data loader initialized
2022-07-30 17:27:47,985 - root - INFO - rank 15, data loader initialized
2022-07-30 17:27:47,985 - root - INFO - rank 4, data loader initialized
2022-07-30 17:27:47,985 - root - INFO - rank 5, begin data loader init
2022-07-30 17:27:47,985 - root - INFO - rank 6, data loader initialized
2022-07-30 17:27:47,985 - root - INFO - rank 7, begin data loader init
2022-07-30 17:27:47,986 - root - INFO - rank 5, data loader initialized
2022-07-30 17:27:47,986 - root - INFO - rank 7, data loader initialized
wandb: Currently logged in as: cjacobus (use `wandb login --relogin` to force relogin)
Network [TSITGenerator] was created. Total number of parameters: 991.3 million. To see the architecture, do print(network).
Network [TSITGenerator] was created. Total number of parameters: 991.3 million. To see the architecture, do print(network).
Network [TSITGenerator] was created. Total number of parameters: 991.3 million. To see the architecture, do print(network).
Network [TSITGenerator] was created. Total number of parameters: 991.3 million. To see the architecture, do print(network).
Network [TSITGenerator] was created. Total number of parameters: 991.3 million. To see the architecture, do print(network).
Network [TSITGenerator] was created. Total number of parameters: 991.3 million. To see the architecture, do print(network).
Network [TSITGenerator] was created. Total number of parameters: 991.3 million. To see the architecture, do print(network).
Network [TSITGenerator] was created. Total number of parameters: 991.3 million. To see the architecture, do print(network).
Network [TSITGenerator] was created. Total number of parameters: 991.3 million. To see the architecture, do print(network).
Network [TSITGenerator] was created. Total number of parameters: 991.3 million. To see the architecture, do print(network).
Network [TSITGenerator] was created. Total number of parameters: 991.3 million. To see the architecture, do print(network).
Network [TSITGenerator] was created. Total number of parameters: 991.3 million. To see the architecture, do print(network).
Network [TSITGenerator] was created. Total number of parameters: 991.3 million. To see the architecture, do print(network).
Network [TSITGenerator] was created. Total number of parameters: 991.3 million. To see the architecture, do print(network).
Network [TSITGenerator] was created. Total number of parameters: 991.3 million. To see the architecture, do print(network).
wandb: wandb version 0.12.21 is available!  To upgrade, please run:
wandb:  $ pip install wandb --upgrade
wandb: Tracking run with wandb version 0.12.13
wandb: Run data is saved locally in /pscratch/sd/c/cjacobus/tsit/expts/valid_up5_tanh_L1_spec/wandb/run-20220730_172748-xj7e74nu
wandb: Run `wandb offline` to turn off syncing.
wandb: Syncing run valid_up5_tanh_L1_spec
wandb: ⭐️ View project at https://wandb.ai/weatherbenching/Nyx-TSIT
wandb: 🚀 View run at https://wandb.ai/weatherbenching/Nyx-TSIT/runs/xj7e74nu
checking dir: /pscratch/sd/c/cjacobus/tsit/expts/valid_up5_tanh_L1_spec/checkpoints/
dir exists: /pscratch/sd/c/cjacobus/tsit/expts/valid_up5_tanh_L1_spec/checkpoints/
2022-07-30 17:27:54,820 - root - INFO - rank 0, begin data loader init
2022-07-30 17:27:54,821 - root - INFO - rank 0, data loader initialized
Network [TSITGenerator] was created. Total number of parameters: 991.3 million. To see the architecture, do print(network).
Network [MultiscaleDiscriminator] was created. Total number of parameters: 22.1 million. To see the architecture, do print(network).
Network [MultiscaleDiscriminator] was created. Total number of parameters: 22.1 million. To see the architecture, do print(network).
Network [MultiscaleDiscriminator] was created. Total number of parameters: 22.1 million. To see the architecture, do print(network).
Network [MultiscaleDiscriminator] was created. Total number of parameters: 22.1 million. To see the architecture, do print(network).
Network [MultiscaleDiscriminator] was created. Total number of parameters: 22.1 million. To see the architecture, do print(network).
Network [MultiscaleDiscriminator] was created. Total number of parameters: 22.1 million. To see the architecture, do print(network).
Network [MultiscaleDiscriminator] was created. Total number of parameters: 22.1 million. To see the architecture, do print(network).
Network [MultiscaleDiscriminator] was created. Total number of parameters: 22.1 million. To see the architecture, do print(network).
Network [MultiscaleDiscriminator] was created. Total number of parameters: 22.1 million. To see the architecture, do print(network).
Network [MultiscaleDiscriminator] was created. Total number of parameters: 22.1 million. To see the architecture, do print(network).
Network [MultiscaleDiscriminator] was created. Total number of parameters: 22.1 million. To see the architecture, do print(network).
Network [MultiscaleDiscriminator] was created. Total number of parameters: 22.1 million. To see the architecture, do print(network).
Network [MultiscaleDiscriminator] was created. Total number of parameters: 22.1 million. To see the architecture, do print(network).
Network [MultiscaleDiscriminator] was created. Total number of parameters: 22.1 million. To see the architecture, do print(network).
Network [MultiscaleDiscriminator] was created. Total number of parameters: 22.1 million. To see the architecture, do print(network).
Network [MultiscaleDiscriminator] was created. Total number of parameters: 22.1 million. To see the architecture, do print(network).
2022-07-30 17:28:13,057 - root - INFO - Loading checkpoint /pscratch/sd/c/cjacobus/tsit/expts/valid_up5_tanh_L1_spec/checkpoints/ckpt.tar
2022-07-30 17:28:13,058 - root - INFO - Loading checkpoint /pscratch/sd/c/cjacobus/tsit/expts/valid_up5_tanh_L1_spec/checkpoints/ckpt.tar
2022-07-30 17:28:13,059 - root - INFO - Loading checkpoint /pscratch/sd/c/cjacobus/tsit/expts/valid_up5_tanh_L1_spec/checkpoints/ckpt.tar
2022-07-30 17:28:13,060 - root - INFO - Loading checkpoint /pscratch/sd/c/cjacobus/tsit/expts/valid_up5_tanh_L1_spec/checkpoints/ckpt.tar
2022-07-30 17:28:13,061 - root - INFO - Loading checkpoint /pscratch/sd/c/cjacobus/tsit/expts/valid_up5_tanh_L1_spec/checkpoints/ckpt.tar
2022-07-30 17:28:13,061 - root - INFO - Loading checkpoint /pscratch/sd/c/cjacobus/tsit/expts/valid_up5_tanh_L1_spec/checkpoints/ckpt.tar
2022-07-30 17:28:13,062 - root - INFO - Loading checkpoint /pscratch/sd/c/cjacobus/tsit/expts/valid_up5_tanh_L1_spec/checkpoints/ckpt.tar
2022-07-30 17:28:13,063 - root - INFO - Loading checkpoint /pscratch/sd/c/cjacobus/tsit/expts/valid_up5_tanh_L1_spec/checkpoints/ckpt.tar
2022-07-30 17:28:13,063 - root - INFO - Loading checkpoint /pscratch/sd/c/cjacobus/tsit/expts/valid_up5_tanh_L1_spec/checkpoints/ckpt.tar
2022-07-30 17:28:13,063 - root - INFO - Loading checkpoint /pscratch/sd/c/cjacobus/tsit/expts/valid_up5_tanh_L1_spec/checkpoints/ckpt.tar
2022-07-30 17:28:13,064 - root - INFO - Loading checkpoint /pscratch/sd/c/cjacobus/tsit/expts/valid_up5_tanh_L1_spec/checkpoints/ckpt.tar
2022-07-30 17:28:13,065 - root - INFO - Loading checkpoint /pscratch/sd/c/cjacobus/tsit/expts/valid_up5_tanh_L1_spec/checkpoints/ckpt.tar
2022-07-30 17:28:13,065 - root - INFO - Loading checkpoint /pscratch/sd/c/cjacobus/tsit/expts/valid_up5_tanh_L1_spec/checkpoints/ckpt.tar
2022-07-30 17:28:13,065 - root - INFO - Loading checkpoint /pscratch/sd/c/cjacobus/tsit/expts/valid_up5_tanh_L1_spec/checkpoints/ckpt.tar
2022-07-30 17:28:13,065 - root - INFO - Loading checkpoint /pscratch/sd/c/cjacobus/tsit/expts/valid_up5_tanh_L1_spec/checkpoints/ckpt.tar
2022-07-30 17:28:13,065 - root - INFO - Loading checkpoint /pscratch/sd/c/cjacobus/tsit/expts/valid_up5_tanh_L1_spec/checkpoints/ckpt.tar
2022-07-30 17:28:18,764 - root - INFO - Starting Training Loop...
[W reducer.cpp:1282] Warning: find_unused_parameters=True was specified in DDP constructor, but did not find any unused parameters in the forward pass. This flag results in an extra traversal of the autograd graph every iteration,  which can adversely affect performance. If your model indeed never has any unused parameters in the forward pass, consider turning this flag off. Note that this warning may be a false positive if your model has flow control causing later iterations to have unused parameters. (function operator())
[W reducer.cpp:1282] Warning: find_unused_parameters=True was specified in DDP constructor, but did not find any unused parameters in the forward pass. This flag results in an extra traversal of the autograd graph every iteration,  which can adversely affect performance. If your model indeed never has any unused parameters in the forward pass, consider turning this flag off. Note that this warning may be a false positive if your model has flow control causing later iterations to have unused parameters. (function operator())
[W reducer.cpp:1282] Warning: find_unused_parameters=True was specified in DDP constructor, but did not find any unused parameters in the forward pass. This flag results in an extra traversal of the autograd graph every iteration,  which can adversely affect performance. If your model indeed never has any unused parameters in the forward pass, consider turning this flag off. Note that this warning may be a false positive if your model has flow control causing later iterations to have unused parameters. (function operator())
[W reducer.cpp:1282] Warning: find_unused_parameters=True was specified in DDP constructor, but did not find any unused parameters in the forward pass. This flag results in an extra traversal of the autograd graph every iteration,  which can adversely affect performance. If your model indeed never has any unused parameters in the forward pass, consider turning this flag off. Note that this warning may be a false positive if your model has flow control causing later iterations to have unused parameters. (function operator())
[W reducer.cpp:1282] Warning: find_unused_parameters=True was specified in DDP constructor, but did not find any unused parameters in the forward pass. This flag results in an extra traversal of the autograd graph every iteration,  which can adversely affect performance. If your model indeed never has any unused parameters in the forward pass, consider turning this flag off. Note that this warning may be a false positive if your model has flow control causing later iterations to have unused parameters. (function operator())
[W reducer.cpp:1282] Warning: find_unused_parameters=True was specified in DDP constructor, but did not find any unused parameters in the forward pass. This flag results in an extra traversal of the autograd graph every iteration,  which can adversely affect performance. If your model indeed never has any unused parameters in the forward pass, consider turning this flag off. Note that this warning may be a false positive if your model has flow control causing later iterations to have unused parameters. (function operator())
[W reducer.cpp:1282] Warning: find_unused_parameters=True was specified in DDP constructor, but did not find any unused parameters in the forward pass. This flag results in an extra traversal of the autograd graph every iteration,  which can adversely affect performance. If your model indeed never has any unused parameters in the forward pass, consider turning this flag off. Note that this warning may be a false positive if your model has flow control causing later iterations to have unused parameters. (function operator())
[W reducer.cpp:1282] Warning: find_unused_parameters=True was specified in DDP constructor, but did not find any unused parameters in the forward pass. This flag results in an extra traversal of the autograd graph every iteration,  which can adversely affect performance. If your model indeed never has any unused parameters in the forward pass, consider turning this flag off. Note that this warning may be a false positive if your model has flow control causing later iterations to have unused parameters. (function operator())
[W reducer.cpp:1282] Warning: find_unused_parameters=True was specified in DDP constructor, but did not find any unused parameters in the forward pass. This flag results in an extra traversal of the autograd graph every iteration,  which can adversely affect performance. If your model indeed never has any unused parameters in the forward pass, consider turning this flag off. Note that this warning may be a false positive if your model has flow control causing later iterations to have unused parameters. (function operator())
[W reducer.cpp:1282] Warning: find_unused_parameters=True was specified in DDP constructor, but did not find any unused parameters in the forward pass. This flag results in an extra traversal of the autograd graph every iteration,  which can adversely affect performance. If your model indeed never has any unused parameters in the forward pass, consider turning this flag off. Note that this warning may be a false positive if your model has flow control causing later iterations to have unused parameters. (function operator())
[W reducer.cpp:1282] Warning: find_unused_parameters=True was specified in DDP constructor, but did not find any unused parameters in the forward pass. This flag results in an extra traversal of the autograd graph every iteration,  which can adversely affect performance. If your model indeed never has any unused parameters in the forward pass, consider turning this flag off. Note that this warning may be a false positive if your model has flow control causing later iterations to have unused parameters. (function operator())
[W reducer.cpp:1282] Warning: find_unused_parameters=True was specified in DDP constructor, but did not find any unused parameters in the forward pass. This flag results in an extra traversal of the autograd graph every iteration,  which can adversely affect performance. If your model indeed never has any unused parameters in the forward pass, consider turning this flag off. Note that this warning may be a false positive if your model has flow control causing later iterations to have unused parameters. (function operator())
[W reducer.cpp:1282] Warning: find_unused_parameters=True was specified in DDP constructor, but did not find any unused parameters in the forward pass. This flag results in an extra traversal of the autograd graph every iteration,  which can adversely affect performance. If your model indeed never has any unused parameters in the forward pass, consider turning this flag off. Note that this warning may be a false positive if your model has flow control causing later iterations to have unused parameters. (function operator())
[W reducer.cpp:1282] Warning: find_unused_parameters=True was specified in DDP constructor, but did not find any unused parameters in the forward pass. This flag results in an extra traversal of the autograd graph every iteration,  which can adversely affect performance. If your model indeed never has any unused parameters in the forward pass, consider turning this flag off. Note that this warning may be a false positive if your model has flow control causing later iterations to have unused parameters. (function operator())
[W reducer.cpp:1282] Warning: find_unused_parameters=True was specified in DDP constructor, but did not find any unused parameters in the forward pass. This flag results in an extra traversal of the autograd graph every iteration,  which can adversely affect performance. If your model indeed never has any unused parameters in the forward pass, consider turning this flag off. Note that this warning may be a false positive if your model has flow control causing later iterations to have unused parameters. (function operator())
[W reducer.cpp:1282] Warning: find_unused_parameters=True was specified in DDP constructor, but did not find any unused parameters in the forward pass. This flag results in an extra traversal of the autograd graph every iteration,  which can adversely affect performance. If your model indeed never has any unused parameters in the forward pass, consider turning this flag off. Note that this warning may be a false positive if your model has flow control causing later iterations to have unused parameters. (function operator())
generator made step 0
discriminator made step 0
generator made step 16
discriminator made step 16
generator made step 32
discriminator made step 32
generator made step 48
discriminator made step 48
generator made step 64
discriminator made step 64
generator made step 80
discriminator made step 80
generator made step 96
discriminator made step 96
generator made step 112
discriminator made step 112
generator made step 128
discriminator made step 128
generator made step 144
discriminator made step 144
generator made step 160
discriminator made step 160
generator made step 176
discriminator made step 176
generator made step 192
discriminator made step 192
generator made step 208
discriminator made step 208
generator made step 224
discriminator made step 224
generator made step 240
discriminator made step 240
generator made step 256
discriminator made step 256
generator made step 272
discriminator made step 272
generator made step 288
discriminator made step 288
generator made step 304
discriminator made step 304
generator made step 320
discriminator made step 320
generator made step 336
discriminator made step 336
generator made step 352
discriminator made step 352
generator made step 368
discriminator made step 368
generator made step 384
discriminator made step 384
generator made step 400
discriminator made step 400
generator made step 416
discriminator made step 416
generator made step 432
discriminator made step 432
generator made step 448
discriminator made step 448
generator made step 464
discriminator made step 464
generator made step 480
discriminator made step 480
generator made step 496
discriminator made step 496
2022-07-30 17:36:00,536 - root - INFO - Total=461.770846, G=368.238086, D=89.357368, data=1.662739, next=2.512653
2022-07-30 17:36:07,303 - root - INFO - Total=6.765274, G=0.488805, data=3.149379, acc=1.632956, agg=0.128659, next=1.365474
saving checkpoint...
2022-07-30 17:36:17,896 - root - INFO - Time taken for epoch 8 is 479.13097882270813 sec
2022-07-30 17:36:17,896 - root - INFO - Train time = 461.77084612846375, Valid time = 6.7652740478515625
2022-07-30 17:36:17,896 - root - INFO - G losses = {'GAN': 3.48295521736145, 'GAN_Feat': 0.5327284336090088, 'L1': 20.928157806396484}
2022-07-30 17:36:17,896 - root - INFO - D losses = {'D_Fake': 0.0005257377051748335, 'D_real': 0.07248372584581375}
generator made step 0
discriminator made step 0
generator made step 16
discriminator made step 16
generator made step 32
discriminator made step 32
generator made step 48
discriminator made step 48
generator made step 64
discriminator made step 64
generator made step 80
discriminator made step 80
generator made step 96
discriminator made step 96
generator made step 112
discriminator made step 112
generator made step 128
discriminator made step 128
generator made step 144
discriminator made step 144
generator made step 160
discriminator made step 160
generator made step 176
discriminator made step 176
generator made step 192
discriminator made step 192
generator made step 208
discriminator made step 208
generator made step 224
discriminator made step 224
generator made step 240
discriminator made step 240
generator made step 256
discriminator made step 256
generator made step 272
discriminator made step 272
generator made step 288
discriminator made step 288
generator made step 304
discriminator made step 304
generator made step 320
discriminator made step 320
generator made step 336
discriminator made step 336
generator made step 352
discriminator made step 352
generator made step 368
discriminator made step 368
generator made step 384
discriminator made step 384
generator made step 400
discriminator made step 400
generator made step 416
discriminator made step 416
generator made step 432
discriminator made step 432
generator made step 448
discriminator made step 448
generator made step 464
discriminator made step 464
generator made step 480
discriminator made step 480
generator made step 496
discriminator made step 496
2022-07-30 17:43:33,213 - root - INFO - Total=435.316391, G=343.177989, D=89.276587, data=1.631847, next=1.229968
2022-07-30 17:43:38,833 - root - INFO - Total=5.618430, G=0.492896, data=3.207723, acc=0.006857, agg=0.138456, next=1.772499
saving checkpoint...
2022-07-30 17:43:49,064 - root - INFO - Time taken for epoch 9 is 451.1682107448578 sec
2022-07-30 17:43:49,064 - root - INFO - Train time = 435.3163905143738, Valid time = 5.618430137634277
2022-07-30 17:43:49,064 - root - INFO - G losses = {'GAN': 2.093958616256714, 'GAN_Feat': 0.46746060252189636, 'L1': 15.42198657989502}
2022-07-30 17:43:49,064 - root - INFO - D losses = {'D_Fake': 0.8939771056175232, 'D_real': 4.886241731583141e-05}
generator made step 0
discriminator made step 0
generator made step 16
discriminator made step 16
generator made step 32
discriminator made step 32
generator made step 48
discriminator made step 48
generator made step 64
discriminator made step 64
generator made step 80
discriminator made step 80
generator made step 96
discriminator made step 96
generator made step 112
discriminator made step 112
generator made step 128
discriminator made step 128
generator made step 144
discriminator made step 144
generator made step 160
discriminator made step 160
generator made step 176
discriminator made step 176
generator made step 192
discriminator made step 192
generator made step 208
discriminator made step 208
generator made step 224
discriminator made step 224
generator made step 240
discriminator made step 240
generator made step 256
discriminator made step 256
generator made step 272
discriminator made step 272
generator made step 288
discriminator made step 288
generator made step 304
discriminator made step 304
generator made step 320
discriminator made step 320
generator made step 336
discriminator made step 336
generator made step 352
discriminator made step 352
generator made step 368
discriminator made step 368
generator made step 384
discriminator made step 384
generator made step 400
discriminator made step 400
generator made step 416
discriminator made step 416
generator made step 432
discriminator made step 432
generator made step 448
discriminator made step 448
generator made step 464
discriminator made step 464
generator made step 480
discriminator made step 480
generator made step 496
discriminator made step 496
2022-07-30 17:51:04,124 - root - INFO - Total=435.058233, G=343.025974, D=89.427306, data=1.631330, next=0.973624
2022-07-30 17:51:09,151 - root - INFO - Total=5.026491, G=0.513313, data=3.147188, acc=0.006448, agg=0.127441, next=1.232102
saving checkpoint...
2022-07-30 17:51:19,501 - root - INFO - Time taken for epoch 10 is 450.4367563724518 sec
2022-07-30 17:51:19,501 - root - INFO - Train time = 435.058233499527, Valid time = 5.026491165161133
2022-07-30 17:51:19,501 - root - INFO - G losses = {'GAN': 2.4123120307922363, 'GAN_Feat': 0.46282508969306946, 'L1': 15.673588752746582}
2022-07-30 17:51:19,501 - root - INFO - D losses = {'D_Fake': 1.1654565334320068, 'D_real': 9.641005453886464e-05}
generator made step 0
discriminator made step 0
generator made step 16
discriminator made step 16
generator made step 32
discriminator made step 32
generator made step 48
discriminator made step 48
generator made step 64
discriminator made step 64
generator made step 80
discriminator made step 80
generator made step 96
discriminator made step 96
generator made step 112
discriminator made step 112
generator made step 128
discriminator made step 128
generator made step 144
discriminator made step 144
generator made step 160
discriminator made step 160
generator made step 176
discriminator made step 176
generator made step 192
discriminator made step 192
generator made step 208
discriminator made step 208
generator made step 224
discriminator made step 224
generator made step 240
discriminator made step 240
generator made step 256
discriminator made step 256
generator made step 272
discriminator made step 272
generator made step 288
discriminator made step 288
generator made step 304
discriminator made step 304
generator made step 320
discriminator made step 320
generator made step 336
discriminator made step 336
generator made step 352
discriminator made step 352
generator made step 368
discriminator made step 368
generator made step 384
discriminator made step 384
generator made step 400
discriminator made step 400
generator made step 416
discriminator made step 416
generator made step 432
discriminator made step 432
generator made step 448
discriminator made step 448
generator made step 464
discriminator made step 464
generator made step 480
discriminator made step 480
generator made step 496
discriminator made step 496
2022-07-30 17:58:35,712 - root - INFO - Total=436.209189, G=343.057637, D=89.366794, data=1.630614, next=2.154144
2022-07-30 17:58:41,407 - root - INFO - Total=5.695029, G=0.557787, data=3.178733, acc=0.007178, agg=0.168777, next=1.782554
saving checkpoint...
2022-07-30 17:58:51,699 - root - INFO - Time taken for epoch 11 is 452.1976261138916 sec
2022-07-30 17:58:51,699 - root - INFO - Train time = 436.2091886997223, Valid time = 5.695028781890869
2022-07-30 17:58:51,699 - root - INFO - G losses = {'GAN': 4.899391174316406, 'GAN_Feat': 0.5051286816596985, 'L1': 18.167484283447266}
2022-07-30 17:58:51,699 - root - INFO - D losses = {'D_Fake': 1.896177673188504e-05, 'D_real': 0.4421978294849396}
generator made step 0
discriminator made step 0
generator made step 16
discriminator made step 16
generator made step 32
discriminator made step 32
generator made step 48
discriminator made step 48
generator made step 64
discriminator made step 64
generator made step 80
discriminator made step 80
generator made step 96
discriminator made step 96
generator made step 112
discriminator made step 112
generator made step 128
discriminator made step 128
generator made step 144
discriminator made step 144
generator made step 160
discriminator made step 160
generator made step 176
discriminator made step 176
generator made step 192
discriminator made step 192
generator made step 208
discriminator made step 208
generator made step 224
discriminator made step 224
generator made step 240
discriminator made step 240
generator made step 256
discriminator made step 256
generator made step 272
discriminator made step 272
generator made step 288
discriminator made step 288
generator made step 304
discriminator made step 304
generator made step 320
discriminator made step 320
generator made step 336
discriminator made step 336
generator made step 352
discriminator made step 352
generator made step 368
discriminator made step 368
generator made step 384
discriminator made step 384
generator made step 400
discriminator made step 400
generator made step 416
discriminator made step 416
generator made step 432
discriminator made step 432
generator made step 448
discriminator made step 448
generator made step 464
discriminator made step 464
generator made step 480
discriminator made step 480
generator made step 496
discriminator made step 496
2022-07-30 18:06:07,091 - root - INFO - Total=435.390972, G=343.168209, D=89.287579, data=1.629486, next=1.305698
2022-07-30 18:06:12,477 - root - INFO - Total=5.385262, G=0.498999, data=3.098023, acc=0.007408, agg=0.136582, next=1.644250
saving checkpoint...
2022-07-30 18:06:22,590 - root - INFO - Time taken for epoch 12 is 450.89071893692017 sec
2022-07-30 18:06:22,590 - root - INFO - Train time = 435.39097237586975, Valid time = 5.38526177406311
2022-07-30 18:06:22,590 - root - INFO - G losses = {'GAN': 3.743262529373169, 'GAN_Feat': 0.42514973878860474, 'L1': 16.920392990112305}
2022-07-30 18:06:22,590 - root - INFO - D losses = {'D_Fake': 0.07433401048183441, 'D_real': 0.65401291847229}
generator made step 0
discriminator made step 0
generator made step 16
discriminator made step 16
generator made step 32
discriminator made step 32
generator made step 48
discriminator made step 48
generator made step 64
discriminator made step 64
generator made step 80
discriminator made step 80
generator made step 96
discriminator made step 96
generator made step 112
discriminator made step 112
generator made step 128
discriminator made step 128
generator made step 144
discriminator made step 144
generator made step 160
discriminator made step 160
generator made step 176
discriminator made step 176
generator made step 192
discriminator made step 192
generator made step 208
discriminator made step 208
generator made step 224
discriminator made step 224
generator made step 240
discriminator made step 240
generator made step 256
discriminator made step 256
generator made step 272
discriminator made step 272
generator made step 288
discriminator made step 288
generator made step 304
discriminator made step 304
generator made step 320
discriminator made step 320
generator made step 336
discriminator made step 336
generator made step 352
discriminator made step 352
generator made step 368
discriminator made step 368
generator made step 384
discriminator made step 384
generator made step 400
discriminator made step 400
generator made step 416
discriminator made step 416
generator made step 432
discriminator made step 432
generator made step 448
discriminator made step 448
generator made step 464
discriminator made step 464
generator made step 480
discriminator made step 480
generator made step 496
discriminator made step 496
2022-07-30 18:13:38,820 - root - INFO - Total=436.229160, G=342.923315, D=89.388754, data=1.629394, next=2.287697
2022-07-30 18:13:44,683 - root - INFO - Total=5.861393, G=0.449826, data=3.317321, acc=0.006428, agg=0.139777, next=1.948041
saving checkpoint...
2022-07-30 18:13:54,963 - root - INFO - Time taken for epoch 13 is 452.3723669052124 sec
2022-07-30 18:13:54,963 - root - INFO - Train time = 436.22915959358215, Valid time = 5.861393451690674
2022-07-30 18:13:54,963 - root - INFO - G losses = {'GAN': 2.8825430870056152, 'GAN_Feat': 0.44527071714401245, 'L1': 16.506990432739258}
2022-07-30 18:13:54,963 - root - INFO - D losses = {'D_Fake': 0.1492774933576584, 'D_real': 0.00016178391524590552}
generator made step 0
discriminator made step 0
generator made step 16
discriminator made step 16
generator made step 32
discriminator made step 32
generator made step 48
discriminator made step 48
generator made step 64
discriminator made step 64
generator made step 80
discriminator made step 80
generator made step 96
discriminator made step 96
generator made step 112
discriminator made step 112
generator made step 128
discriminator made step 128
generator made step 144
discriminator made step 144
generator made step 160
discriminator made step 160
generator made step 176
discriminator made step 176
generator made step 192
discriminator made step 192
generator made step 208
discriminator made step 208
generator made step 224
discriminator made step 224
generator made step 240
discriminator made step 240
generator made step 256
discriminator made step 256
generator made step 272
discriminator made step 272
generator made step 288
discriminator made step 288
generator made step 304
discriminator made step 304
generator made step 320
discriminator made step 320
generator made step 336
discriminator made step 336
generator made step 352
discriminator made step 352
generator made step 368
discriminator made step 368
generator made step 384
discriminator made step 384
generator made step 400
discriminator made step 400
generator made step 416
discriminator made step 416
generator made step 432
discriminator made step 432
generator made step 448
discriminator made step 448
generator made step 464
discriminator made step 464
generator made step 480
discriminator made step 480
generator made step 496
discriminator made step 496
2022-07-30 18:21:11,302 - root - INFO - Total=436.338035, G=343.116100, D=89.331593, data=1.629562, next=2.260779
2022-07-30 18:21:17,212 - root - INFO - Total=5.909501, G=0.390126, data=3.352015, acc=0.005511, agg=0.138937, next=2.022912
saving checkpoint...
2022-07-30 18:21:27,516 - root - INFO - Time taken for epoch 14 is 452.5532503128052 sec
2022-07-30 18:21:27,516 - root - INFO - Train time = 436.33803486824036, Valid time = 5.909501314163208
2022-07-30 18:21:27,516 - root - INFO - G losses = {'GAN': 4.339813232421875, 'GAN_Feat': 0.4799747169017792, 'L1': 17.145896911621094}
2022-07-30 18:21:27,516 - root - INFO - D losses = {'D_Fake': 0.006796674337238073, 'D_real': 0.002272693905979395}
generator made step 0
discriminator made step 0
generator made step 16
discriminator made step 16
generator made step 32
discriminator made step 32
generator made step 48
discriminator made step 48
generator made step 64
discriminator made step 64
generator made step 80
discriminator made step 80
generator made step 96
discriminator made step 96
generator made step 112
discriminator made step 112
generator made step 128
discriminator made step 128
generator made step 144
discriminator made step 144
generator made step 160
discriminator made step 160
generator made step 176
discriminator made step 176
generator made step 192
discriminator made step 192
generator made step 208
discriminator made step 208
generator made step 224
discriminator made step 224
generator made step 240
discriminator made step 240
generator made step 256
discriminator made step 256
generator made step 272
discriminator made step 272
generator made step 288
discriminator made step 288
generator made step 304
discriminator made step 304
generator made step 320
discriminator made step 320
generator made step 336
discriminator made step 336
generator made step 352
discriminator made step 352
generator made step 368
discriminator made step 368
generator made step 384
discriminator made step 384
generator made step 400
discriminator made step 400
generator made step 416
discriminator made step 416
generator made step 432
discriminator made step 432
srun: Job step aborted: Waiting up to 32 seconds for job step to finish.
slurmstepd: error: *** STEP 2856308.0 ON nid003948 CANCELLED AT 2022-07-30T18:27:44 DUE TO TIME LIMIT ***
slurmstepd: error: *** JOB 2856308 ON nid003948 CANCELLED AT 2022-07-30T18:27:44 DUE TO TIME LIMIT ***
