+ srun -u shifter -V /pscratch/sd/c/cjacobus/ML_Hydro_train/logs:/logs --image=nersc/pytorch:ngc-22.03-v0 --env PYTHONUSERBASE=/global/homes/c/cjacobus/.local/perlmutter/nersc-pytorch-ngc-22.03-v0 bash -c '
    source export_DDP_vars.sh
    python train.py --root_dir=/pscratch/sd/c/cjacobus/tsit --config=new_L1
    '
[W socket.cpp:701] The server socket on [nid003796]:29500 is not yet listening (errno: 111 - Connection refused), will retry.
[W socket.cpp:701] The server socket on [nid003796]:29500 is not yet listening (errno: 111 - Connection refused), will retry.
[W socket.cpp:701] The server socket on [nid003796]:29500 is not yet listening (errno: 111 - Connection refused), will retry.
[W socket.cpp:701] The server socket on [nid003796]:29500 is not yet listening (errno: 111 - Connection refused), will retry.
2022-07-28 06:18:38,325 - torch.distributed.distributed_c10d - INFO - Added key: store_based_barrier_key:1 to store for rank: 1
2022-07-28 06:18:38,326 - torch.distributed.distributed_c10d - INFO - Added key: store_based_barrier_key:1 to store for rank: 2
2022-07-28 06:18:38,327 - torch.distributed.distributed_c10d - INFO - Added key: store_based_barrier_key:1 to store for rank: 3
2022-07-28 06:18:38,389 - torch.distributed.distributed_c10d - INFO - Added key: store_based_barrier_key:1 to store for rank: 6
2022-07-28 06:18:38,391 - torch.distributed.distributed_c10d - INFO - Added key: store_based_barrier_key:1 to store for rank: 7
2022-07-28 06:18:38,394 - torch.distributed.distributed_c10d - INFO - Added key: store_based_barrier_key:1 to store for rank: 5
2022-07-28 06:18:38,396 - torch.distributed.distributed_c10d - INFO - Added key: store_based_barrier_key:1 to store for rank: 4
2022-07-28 06:18:39,115 - torch.distributed.distributed_c10d - INFO - Added key: store_based_barrier_key:1 to store for rank: 15
2022-07-28 06:18:39,119 - torch.distributed.distributed_c10d - INFO - Added key: store_based_barrier_key:1 to store for rank: 14
2022-07-28 06:18:39,122 - torch.distributed.distributed_c10d - INFO - Added key: store_based_barrier_key:1 to store for rank: 12
2022-07-28 06:18:39,123 - torch.distributed.distributed_c10d - INFO - Added key: store_based_barrier_key:1 to store for rank: 13
2022-07-28 06:18:39,747 - torch.distributed.distributed_c10d - INFO - Added key: store_based_barrier_key:1 to store for rank: 0
2022-07-28 06:18:39,912 - torch.distributed.distributed_c10d - INFO - Added key: store_based_barrier_key:1 to store for rank: 8
2022-07-28 06:18:39,918 - torch.distributed.distributed_c10d - INFO - Added key: store_based_barrier_key:1 to store for rank: 10
2022-07-28 06:18:39,920 - torch.distributed.distributed_c10d - INFO - Added key: store_based_barrier_key:1 to store for rank: 11
2022-07-28 06:18:39,921 - torch.distributed.distributed_c10d - INFO - Added key: store_based_barrier_key:1 to store for rank: 9
2022-07-28 06:18:39,921 - torch.distributed.distributed_c10d - INFO - Rank 9: Completed store-based barrier for key:store_based_barrier_key:1 with 16 nodes.
2022-07-28 06:18:39,922 - torch.distributed.distributed_c10d - INFO - Rank 8: Completed store-based barrier for key:store_based_barrier_key:1 with 16 nodes.
2022-07-28 06:18:39,922 - torch.distributed.distributed_c10d - INFO - Rank 12: Completed store-based barrier for key:store_based_barrier_key:1 with 16 nodes.
2022-07-28 06:18:39,923 - torch.distributed.distributed_c10d - INFO - Rank 13: Completed store-based barrier for key:store_based_barrier_key:1 with 16 nodes.
2022-07-28 06:18:39,923 - torch.distributed.distributed_c10d - INFO - Rank 2: Completed store-based barrier for key:store_based_barrier_key:1 with 16 nodes.
2022-07-28 06:18:39,923 - torch.distributed.distributed_c10d - INFO - Rank 5: Completed store-based barrier for key:store_based_barrier_key:1 with 16 nodes.
2022-07-28 06:18:39,923 - torch.distributed.distributed_c10d - INFO - Rank 3: Completed store-based barrier for key:store_based_barrier_key:1 with 16 nodes.
2022-07-28 06:18:39,923 - torch.distributed.distributed_c10d - INFO - Rank 7: Completed store-based barrier for key:store_based_barrier_key:1 with 16 nodes.
2022-07-28 06:18:39,923 - torch.distributed.distributed_c10d - INFO - Rank 15: Completed store-based barrier for key:store_based_barrier_key:1 with 16 nodes.
2022-07-28 06:18:39,924 - torch.distributed.distributed_c10d - INFO - Rank 4: Completed store-based barrier for key:store_based_barrier_key:1 with 16 nodes.
2022-07-28 06:18:39,925 - torch.distributed.distributed_c10d - INFO - Rank 6: Completed store-based barrier for key:store_based_barrier_key:1 with 16 nodes.
2022-07-28 06:18:39,928 - torch.distributed.distributed_c10d - INFO - Rank 10: Completed store-based barrier for key:store_based_barrier_key:1 with 16 nodes.
2022-07-28 06:18:39,929 - torch.distributed.distributed_c10d - INFO - Rank 0: Completed store-based barrier for key:store_based_barrier_key:1 with 16 nodes.
2022-07-28 06:18:39,930 - torch.distributed.distributed_c10d - INFO - Rank 14: Completed store-based barrier for key:store_based_barrier_key:1 with 16 nodes.
2022-07-28 06:18:39,930 - torch.distributed.distributed_c10d - INFO - Rank 1: Completed store-based barrier for key:store_based_barrier_key:1 with 16 nodes.
2022-07-28 06:18:39,931 - torch.distributed.distributed_c10d - INFO - Rank 11: Completed store-based barrier for key:store_based_barrier_key:1 with 16 nodes.
2022-07-28 06:18:39,941 - root - INFO - rank 9, begin data loader init
2022-07-28 06:18:39,941 - root - INFO - rank 8, begin data loader init
2022-07-28 06:18:39,942 - root - INFO - rank 9, data loader initialized
2022-07-28 06:18:39,942 - root - INFO - rank 8, data loader initialized
2022-07-28 06:18:39,942 - root - INFO - rank 10, begin data loader init
2022-07-28 06:18:39,942 - root - INFO - rank 10, data loader initialized
2022-07-28 06:18:39,943 - root - INFO - rank 11, begin data loader init
2022-07-28 06:18:39,943 - root - INFO - rank 12, begin data loader init
2022-07-28 06:18:39,943 - root - INFO - rank 15, begin data loader init
2022-07-28 06:18:39,943 - root - INFO - rank 13, begin data loader init
2022-07-28 06:18:39,943 - root - INFO - rank 11, data loader initialized
2022-07-28 06:18:39,943 - root - INFO - rank 12, data loader initialized
2022-07-28 06:18:39,943 - root - INFO - rank 15, data loader initialized
2022-07-28 06:18:39,943 - root - INFO - rank 13, data loader initialized
2022-07-28 06:18:39,944 - root - INFO - rank 14, begin data loader init
2022-07-28 06:18:39,944 - root - INFO - rank 14, data loader initialized
2022-07-28 06:18:39,945 - root - INFO - rank 2, begin data loader init
2022-07-28 06:18:39,945 - root - INFO - rank 4, begin data loader init
2022-07-28 06:18:39,945 - root - INFO - rank 5, begin data loader init
2022-07-28 06:18:39,945 - root - INFO - rank 7, begin data loader init
2022-07-28 06:18:39,945 - root - INFO - rank 6, begin data loader init
2022-07-28 06:18:39,946 - root - INFO - rank 2, data loader initialized
2022-07-28 06:18:39,946 - root - INFO - rank 4, data loader initialized
2022-07-28 06:18:39,946 - root - INFO - rank 5, data loader initialized
2022-07-28 06:18:39,946 - root - INFO - rank 7, data loader initialized
2022-07-28 06:18:39,946 - root - INFO - rank 6, data loader initialized
2022-07-28 06:18:39,947 - root - INFO - ------------------ Configuration ------------------
2022-07-28 06:18:39,947 - root - INFO - rank 1, begin data loader init
2022-07-28 06:18:39,947 - root - INFO - Configuration file: /global/u1/c/cjacobus/Nyx-TSIT/config/tsit.yaml
2022-07-28 06:18:39,947 - root - INFO - Configuration name: new_L1
2022-07-28 06:18:39,947 - root - INFO - Nsamples 8192
2022-07-28 06:18:39,947 - root - INFO - rank 3, begin data loader init
2022-07-28 06:18:39,947 - root - INFO - Nsamples_val 512
2022-07-28 06:18:39,947 - root - INFO - niter 100
2022-07-28 06:18:39,947 - root - INFO - niter_decay 50
2022-07-28 06:18:39,947 - root - INFO - use_spec_loss False
2022-07-28 06:18:39,947 - root - INFO - lambda_spec 1.0
2022-07-28 06:18:39,947 - root - INFO - use_l1_loss True
2022-07-28 06:18:39,947 - root - INFO - lambda_l1 100.0
2022-07-28 06:18:39,947 - root - INFO - num_data_workers 16
2022-07-28 06:18:39,947 - root - INFO - in_channels [0, 1, 2, 3, 17, 18, 19]
2022-07-28 06:18:39,947 - root - INFO - out_channels [0]
2022-07-28 06:18:39,947 - root - INFO - rank 1, data loader initialized
2022-07-28 06:18:39,947 - root - INFO - min_path /pscratch/sd/s/shas1693/data/era5/mins.npy
2022-07-28 06:18:39,947 - root - INFO - max_path /pscratch/sd/s/shas1693/data/era5/maxs.npy
2022-07-28 06:18:39,947 - root - INFO - time_means_path /pscratch/sd/s/shas1693/data/era5/time_means.npy
2022-07-28 06:18:39,947 - root - INFO - rank 3, data loader initialized
2022-07-28 06:18:39,947 - root - INFO - global_means_path /pscratch/sd/s/shas1693/data/era5/global_means.npy
2022-07-28 06:18:39,947 - root - INFO - global_stds_path /pscratch/sd/s/shas1693/data/era5/global_stds.npy
2022-07-28 06:18:39,947 - root - INFO - precip /pscratch/sd/p/pharring/ERA5/precip/total_precipitation
2022-07-28 06:18:39,947 - root - INFO - precip_eps 1e-05
2022-07-28 06:18:39,947 - root - INFO - dt 1
2022-07-28 06:18:39,947 - root - INFO - n_history 0
2022-07-28 06:18:39,947 - root - INFO - crop_size_x None
2022-07-28 06:18:39,947 - root - INFO - crop_size_y None
2022-07-28 06:18:39,947 - root - INFO - roll False
2022-07-28 06:18:39,947 - root - INFO - conttime False
2022-07-28 06:18:39,947 - root - INFO - normalization zscore
2022-07-28 06:18:39,947 - root - INFO - add_grid False
2022-07-28 06:18:39,947 - root - INFO - model pix2pix
2022-07-28 06:18:39,947 - root - INFO - norm_G spectralfadebatch3x3
2022-07-28 06:18:39,947 - root - INFO - norm_D spectralinstance
2022-07-28 06:18:39,947 - root - INFO - norm_S spectralinstance
2022-07-28 06:18:39,947 - root - INFO - norm_E spectralinstance
2022-07-28 06:18:39,947 - root - INFO - batch_size 16
2022-07-28 06:18:39,947 - root - INFO - img_size [512, 512, 512]
2022-07-28 06:18:39,947 - root - INFO - box_size [512, 512, 512]
2022-07-28 06:18:39,947 - root - INFO - data_size 128
2022-07-28 06:18:39,947 - root - INFO - input_nc 5
2022-07-28 06:18:39,947 - root - INFO - output_nc 5
2022-07-28 06:18:39,947 - root - INFO - netG tsit
2022-07-28 06:18:39,947 - root - INFO - ngf 64
2022-07-28 06:18:39,947 - root - INFO - init_type xavier
2022-07-28 06:18:39,947 - root - INFO - init_variance 0.02
2022-07-28 06:18:39,948 - root - INFO - z_dim 256
2022-07-28 06:18:39,948 - root - INFO - alpha 1.0
2022-07-28 06:18:39,948 - root - INFO - no_ss True
2022-07-28 06:18:39,948 - root - INFO - downsamp True
2022-07-28 06:18:39,948 - root - INFO - num_upsampling_blocks 6
2022-07-28 06:18:39,948 - root - INFO - use_periodic_padding True
2022-07-28 06:18:39,948 - root - INFO - additive_noise False
2022-07-28 06:18:39,948 - root - INFO - nef 16
2022-07-28 06:18:39,948 - root - INFO - use_vae False
2022-07-28 06:18:39,948 - root - INFO - optimizer adam
2022-07-28 06:18:39,948 - root - INFO - beta1 0.5
2022-07-28 06:18:39,948 - root - INFO - beta2 0.999
2022-07-28 06:18:39,948 - root - INFO - lr 0.0002
2022-07-28 06:18:39,948 - root - INFO - D_steps_per_G 1
2022-07-28 06:18:39,948 - root - INFO - ndf 64
2022-07-28 06:18:39,948 - root - INFO - lambda_feat 0.5
2022-07-28 06:18:39,948 - root - INFO - no_ganFeat_loss False
2022-07-28 06:18:39,948 - root - INFO - gan_mode hinge
2022-07-28 06:18:39,948 - root - INFO - netD multiscale
2022-07-28 06:18:39,948 - root - INFO - num_D 2
2022-07-28 06:18:39,948 - root - INFO - n_layers_D 4
2022-07-28 06:18:39,948 - root - INFO - no_TTUR True
2022-07-28 06:18:39,948 - root - INFO - lambda_kld 0.05
2022-07-28 06:18:39,948 - root - INFO - cat_inp False
2022-07-28 06:18:39,948 - root - INFO - entity weatherbenching
2022-07-28 06:18:39,948 - root - INFO - project Nyx-TSIT
2022-07-28 06:18:39,948 - root - INFO - log_to_wandb True
2022-07-28 06:18:39,948 - root - INFO - log_to_screen True
2022-07-28 06:18:39,948 - root - INFO - save_checkpoint True
2022-07-28 06:18:39,948 - root - INFO - weight_init ordereddict([('conv_init', 'normal'), ('conv_scale', 0.02), ('conv_bias', 0.0)])
2022-07-28 06:18:39,948 - root - INFO - lambda_rho 0
2022-07-28 06:18:39,948 - root - INFO - full_scale True
2022-07-28 06:18:39,948 - root - INFO - global_batch_size 64
2022-07-28 06:18:39,948 - root - INFO - base_batch_size 64
2022-07-28 06:18:39,948 - root - INFO - num_epochs 60
2022-07-28 06:18:39,948 - root - INFO - enable_amp False
2022-07-28 06:18:39,948 - root - INFO - enable_apex False
2022-07-28 06:18:39,948 - root - INFO - enable_benchy False
2022-07-28 06:18:39,948 - root - INFO - enable_jit False
2022-07-28 06:18:39,948 - root - INFO - expdir /logs
2022-07-28 06:18:39,948 - root - INFO - lr_schedule ordereddict([('scaling', 'sqrt'), ('start_lr', 0.0002), ('end_lr', 0.0), ('warmup_steps', 128)])
2022-07-28 06:18:39,948 - root - INFO - data_loader_config lowmem
2022-07-28 06:18:39,948 - root - INFO - N_out_channels 5
2022-07-28 06:18:39,948 - root - INFO - N_in_channels 5
2022-07-28 06:18:39,948 - root - INFO - train_path /pscratch/sd/c/cjacobus/Nyx_512/train_s1_512_hydro.h5
2022-07-28 06:18:39,948 - root - INFO - val_path /pscratch/sd/c/cjacobus/Nyx_512/train_s1_512_hydro.h5
2022-07-28 06:18:39,948 - root - INFO - use_cache None
2022-07-28 06:18:39,948 - root - INFO - ---------------------------------------------------
log_to_wandb -------------------------------------------------------------------
dir exists: /pscratch/sd/c/cjacobus/tsit/expts/new_L1/checkpoints/
Network [TSITGenerator] was created. Total number of parameters: 934.7 million. To see the architecture, do print(network).
Network [TSITGenerator] was created. Total number of parameters: 934.7 million. To see the architecture, do print(network).
Network [TSITGenerator] was created. Total number of parameters: 934.7 million. To see the architecture, do print(network).
Network [TSITGenerator] was created. Total number of parameters: 934.7 million. To see the architecture, do print(network).
Network [TSITGenerator] was created. Total number of parameters: 934.7 million. To see the architecture, do print(network).
Network [TSITGenerator] was created. Total number of parameters: 934.7 million. To see the architecture, do print(network).
Network [TSITGenerator] was created. Total number of parameters: 934.7 million. To see the architecture, do print(network).
Network [TSITGenerator] was created. Total number of parameters: 934.7 million. To see the architecture, do print(network).
Network [TSITGenerator] was created. Total number of parameters: 934.7 million. To see the architecture, do print(network).
Network [TSITGenerator] was created. Total number of parameters: 934.7 million. To see the architecture, do print(network).
Network [TSITGenerator] was created. Total number of parameters: 934.7 million. To see the architecture, do print(network).
wandb: W&B API key is configured (use `wandb login --relogin` to force relogin)
Network [TSITGenerator] was created. Total number of parameters: 934.7 million. To see the architecture, do print(network).
Network [TSITGenerator] was created. Total number of parameters: 934.7 million. To see the architecture, do print(network).
Network [TSITGenerator] was created. Total number of parameters: 934.7 million. To see the architecture, do print(network).
Network [TSITGenerator] was created. Total number of parameters: 934.7 million. To see the architecture, do print(network).
wandb: wandb version 0.12.21 is available!  To upgrade, please run:
wandb:  $ pip install wandb --upgrade
wandb: Tracking run with wandb version 0.12.13
wandb: Run data is saved locally in /pscratch/sd/c/cjacobus/tsit/expts/new_L1/wandb/run-20220728_061845-o2ecxlpa
wandb: Run `wandb offline` to turn off syncing.
wandb: Resuming run new_L1
wandb: ⭐️ View project at https://wandb.ai/weatherbenching/Nyx-TSIT
wandb: 🚀 View run at https://wandb.ai/weatherbenching/Nyx-TSIT/runs/o2ecxlpa
checking dir: /pscratch/sd/c/cjacobus/tsit/expts/new_L1/checkpoints/
dir exists: /pscratch/sd/c/cjacobus/tsit/expts/new_L1/checkpoints/
2022-07-28 06:18:51,486 - root - INFO - rank 0, begin data loader init
2022-07-28 06:18:51,487 - root - INFO - rank 0, data loader initialized
Network [TSITGenerator] was created. Total number of parameters: 934.7 million. To see the architecture, do print(network).
Network [MultiscaleDiscriminator] was created. Total number of parameters: 22.1 million. To see the architecture, do print(network).
Network [MultiscaleDiscriminator] was created. Total number of parameters: 22.1 million. To see the architecture, do print(network).
Network [MultiscaleDiscriminator] was created. Total number of parameters: 22.1 million. To see the architecture, do print(network).
Network [MultiscaleDiscriminator] was created. Total number of parameters: 22.1 million. To see the architecture, do print(network).
Network [MultiscaleDiscriminator] was created. Total number of parameters: 22.1 million. To see the architecture, do print(network).
Network [MultiscaleDiscriminator] was created. Total number of parameters: 22.1 million. To see the architecture, do print(network).
Network [MultiscaleDiscriminator] was created. Total number of parameters: 22.1 million. To see the architecture, do print(network).
Network [MultiscaleDiscriminator] was created. Total number of parameters: 22.1 million. To see the architecture, do print(network).
Network [MultiscaleDiscriminator] was created. Total number of parameters: 22.1 million. To see the architecture, do print(network).
Network [MultiscaleDiscriminator] was created. Total number of parameters: 22.1 million. To see the architecture, do print(network).
Network [MultiscaleDiscriminator] was created. Total number of parameters: 22.1 million. To see the architecture, do print(network).
Network [MultiscaleDiscriminator] was created. Total number of parameters: 22.1 million. To see the architecture, do print(network).
Network [MultiscaleDiscriminator] was created. Total number of parameters: 22.1 million. To see the architecture, do print(network).
Network [MultiscaleDiscriminator] was created. Total number of parameters: 22.1 million. To see the architecture, do print(network).
Network [MultiscaleDiscriminator] was created. Total number of parameters: 22.1 million. To see the architecture, do print(network).
Network [MultiscaleDiscriminator] was created. Total number of parameters: 22.1 million. To see the architecture, do print(network).
2022-07-28 06:19:08,653 - root - INFO - Loading checkpoint /pscratch/sd/c/cjacobus/tsit/expts/new_L1/checkpoints/ckpt.tar
2022-07-28 06:19:08,654 - root - INFO - Loading checkpoint /pscratch/sd/c/cjacobus/tsit/expts/new_L1/checkpoints/ckpt.tar
2022-07-28 06:19:08,654 - root - INFO - Loading checkpoint /pscratch/sd/c/cjacobus/tsit/expts/new_L1/checkpoints/ckpt.tar
2022-07-28 06:19:08,655 - root - INFO - Loading checkpoint /pscratch/sd/c/cjacobus/tsit/expts/new_L1/checkpoints/ckpt.tar
2022-07-28 06:19:08,655 - root - INFO - Loading checkpoint /pscratch/sd/c/cjacobus/tsit/expts/new_L1/checkpoints/ckpt.tar
2022-07-28 06:19:08,655 - root - INFO - Loading checkpoint /pscratch/sd/c/cjacobus/tsit/expts/new_L1/checkpoints/ckpt.tar
2022-07-28 06:19:08,656 - root - INFO - Loading checkpoint /pscratch/sd/c/cjacobus/tsit/expts/new_L1/checkpoints/ckpt.tar
2022-07-28 06:19:08,657 - root - INFO - Loading checkpoint /pscratch/sd/c/cjacobus/tsit/expts/new_L1/checkpoints/ckpt.tar
2022-07-28 06:19:08,658 - root - INFO - Loading checkpoint /pscratch/sd/c/cjacobus/tsit/expts/new_L1/checkpoints/ckpt.tar
2022-07-28 06:19:08,658 - root - INFO - Loading checkpoint /pscratch/sd/c/cjacobus/tsit/expts/new_L1/checkpoints/ckpt.tar
2022-07-28 06:19:08,658 - root - INFO - Loading checkpoint /pscratch/sd/c/cjacobus/tsit/expts/new_L1/checkpoints/ckpt.tar
2022-07-28 06:19:08,658 - root - INFO - Loading checkpoint /pscratch/sd/c/cjacobus/tsit/expts/new_L1/checkpoints/ckpt.tar
2022-07-28 06:19:08,659 - root - INFO - Loading checkpoint /pscratch/sd/c/cjacobus/tsit/expts/new_L1/checkpoints/ckpt.tar
2022-07-28 06:19:08,659 - root - INFO - Loading checkpoint /pscratch/sd/c/cjacobus/tsit/expts/new_L1/checkpoints/ckpt.tar
2022-07-28 06:19:08,659 - root - INFO - Loading checkpoint /pscratch/sd/c/cjacobus/tsit/expts/new_L1/checkpoints/ckpt.tar
2022-07-28 06:19:08,659 - root - INFO - Loading checkpoint /pscratch/sd/c/cjacobus/tsit/expts/new_L1/checkpoints/ckpt.tar
2022-07-28 06:19:15,415 - root - INFO - Starting Training Loop...
[W reducer.cpp:1282] Warning: find_unused_parameters=True was specified in DDP constructor, but did not find any unused parameters in the forward pass. This flag results in an extra traversal of the autograd graph every iteration,  which can adversely affect performance. If your model indeed never has any unused parameters in the forward pass, consider turning this flag off. Note that this warning may be a false positive if your model has flow control causing later iterations to have unused parameters. (function operator())
[W reducer.cpp:1282] Warning: find_unused_parameters=True was specified in DDP constructor, but did not find any unused parameters in the forward pass. This flag results in an extra traversal of the autograd graph every iteration,  which can adversely affect performance. If your model indeed never has any unused parameters in the forward pass, consider turning this flag off. Note that this warning may be a false positive if your model has flow control causing later iterations to have unused parameters. (function operator())
[W reducer.cpp:1282] Warning: find_unused_parameters=True was specified in DDP constructor, but did not find any unused parameters in the forward pass. This flag results in an extra traversal of the autograd graph every iteration,  which can adversely affect performance. If your model indeed never has any unused parameters in the forward pass, consider turning this flag off. Note that this warning may be a false positive if your model has flow control causing later iterations to have unused parameters. (function operator())
[W reducer.cpp:1282] Warning: find_unused_parameters=True was specified in DDP constructor, but did not find any unused parameters in the forward pass. This flag results in an extra traversal of the autograd graph every iteration,  which can adversely affect performance. If your model indeed never has any unused parameters in the forward pass, consider turning this flag off. Note that this warning may be a false positive if your model has flow control causing later iterations to have unused parameters. (function operator())
[W reducer.cpp:1282] Warning: find_unused_parameters=True was specified in DDP constructor, but did not find any unused parameters in the forward pass. This flag results in an extra traversal of the autograd graph every iteration,  which can adversely affect performance. If your model indeed never has any unused parameters in the forward pass, consider turning this flag off. Note that this warning may be a false positive if your model has flow control causing later iterations to have unused parameters. (function operator())
[W reducer.cpp:1282] Warning: find_unused_parameters=True was specified in DDP constructor, but did not find any unused parameters in the forward pass. This flag results in an extra traversal of the autograd graph every iteration,  which can adversely affect performance. If your model indeed never has any unused parameters in the forward pass, consider turning this flag off. Note that this warning may be a false positive if your model has flow control causing later iterations to have unused parameters. (function operator())
[W reducer.cpp:1282] Warning: find_unused_parameters=True was specified in DDP constructor, but did not find any unused parameters in the forward pass. This flag results in an extra traversal of the autograd graph every iteration,  which can adversely affect performance. If your model indeed never has any unused parameters in the forward pass, consider turning this flag off. Note that this warning may be a false positive if your model has flow control causing later iterations to have unused parameters. (function operator())
[W reducer.cpp:1282] Warning: find_unused_parameters=True was specified in DDP constructor, but did not find any unused parameters in the forward pass. This flag results in an extra traversal of the autograd graph every iteration,  which can adversely affect performance. If your model indeed never has any unused parameters in the forward pass, consider turning this flag off. Note that this warning may be a false positive if your model has flow control causing later iterations to have unused parameters. (function operator())
[W reducer.cpp:1282] Warning: find_unused_parameters=True was specified in DDP constructor, but did not find any unused parameters in the forward pass. This flag results in an extra traversal of the autograd graph every iteration,  which can adversely affect performance. If your model indeed never has any unused parameters in the forward pass, consider turning this flag off. Note that this warning may be a false positive if your model has flow control causing later iterations to have unused parameters. (function operator())
[W reducer.cpp:1282] Warning: find_unused_parameters=True was specified in DDP constructor, but did not find any unused parameters in the forward pass. This flag results in an extra traversal of the autograd graph every iteration,  which can adversely affect performance. If your model indeed never has any unused parameters in the forward pass, consider turning this flag off. Note that this warning may be a false positive if your model has flow control causing later iterations to have unused parameters. (function operator())
[W reducer.cpp:1282] Warning: find_unused_parameters=True was specified in DDP constructor, but did not find any unused parameters in the forward pass. This flag results in an extra traversal of the autograd graph every iteration,  which can adversely affect performance. If your model indeed never has any unused parameters in the forward pass, consider turning this flag off. Note that this warning may be a false positive if your model has flow control causing later iterations to have unused parameters. (function operator())
[W reducer.cpp:1282] Warning: find_unused_parameters=True was specified in DDP constructor, but did not find any unused parameters in the forward pass. This flag results in an extra traversal of the autograd graph every iteration,  which can adversely affect performance. If your model indeed never has any unused parameters in the forward pass, consider turning this flag off. Note that this warning may be a false positive if your model has flow control causing later iterations to have unused parameters. (function operator())
[W reducer.cpp:1282] Warning: find_unused_parameters=True was specified in DDP constructor, but did not find any unused parameters in the forward pass. This flag results in an extra traversal of the autograd graph every iteration,  which can adversely affect performance. If your model indeed never has any unused parameters in the forward pass, consider turning this flag off. Note that this warning may be a false positive if your model has flow control causing later iterations to have unused parameters. (function operator())
[W reducer.cpp:1282] Warning: find_unused_parameters=True was specified in DDP constructor, but did not find any unused parameters in the forward pass. This flag results in an extra traversal of the autograd graph every iteration,  which can adversely affect performance. If your model indeed never has any unused parameters in the forward pass, consider turning this flag off. Note that this warning may be a false positive if your model has flow control causing later iterations to have unused parameters. (function operator())
[W reducer.cpp:1282] Warning: find_unused_parameters=True was specified in DDP constructor, but did not find any unused parameters in the forward pass. This flag results in an extra traversal of the autograd graph every iteration,  which can adversely affect performance. If your model indeed never has any unused parameters in the forward pass, consider turning this flag off. Note that this warning may be a false positive if your model has flow control causing later iterations to have unused parameters. (function operator())
[W reducer.cpp:1282] Warning: find_unused_parameters=True was specified in DDP constructor, but did not find any unused parameters in the forward pass. This flag results in an extra traversal of the autograd graph every iteration,  which can adversely affect performance. If your model indeed never has any unused parameters in the forward pass, consider turning this flag off. Note that this warning may be a false positive if your model has flow control causing later iterations to have unused parameters. (function operator())
generator made step 0
discriminator made step 0
generator made step 16
discriminator made step 16
generator made step 32
discriminator made step 32
generator made step 48
discriminator made step 48
generator made step 64
discriminator made step 64
generator made step 80
discriminator made step 80
generator made step 96
discriminator made step 96
generator made step 112
discriminator made step 112
generator made step 128
discriminator made step 128
generator made step 144
discriminator made step 144
generator made step 160
discriminator made step 160
generator made step 176
discriminator made step 176
generator made step 192
discriminator made step 192
generator made step 208
discriminator made step 208
generator made step 224
discriminator made step 224
generator made step 240
discriminator made step 240
generator made step 256
discriminator made step 256
generator made step 272
discriminator made step 272
generator made step 288
discriminator made step 288
generator made step 304
discriminator made step 304
generator made step 320
discriminator made step 320
generator made step 336
discriminator made step 336
generator made step 352
discriminator made step 352
generator made step 368
discriminator made step 368
generator made step 384
discriminator made step 384
generator made step 400
discriminator made step 400
generator made step 416
discriminator made step 416
generator made step 432
discriminator made step 432
generator made step 448
discriminator made step 448
generator made step 464
discriminator made step 464
generator made step 480
discriminator made step 480
generator made step 496
discriminator made step 496
2022-07-28 06:27:06,396 - root - INFO - Total=470.980699, G=372.921021, D=92.473829, data=1.646083, next=3.939766
2022-07-28 06:27:12,302 - root - INFO - Total=5.904437, G=0.453439, data=3.238406, acc=1.041463, agg=0.132251, next=1.038877
2022-07-28 06:27:25,540 - root - INFO - Time taken for epoch 82 is 490.12485909461975 sec
2022-07-28 06:27:25,540 - root - INFO - Train time = 470.98069882392883, Valid time = 5.904437065124512
2022-07-28 06:27:25,540 - root - INFO - G losses = {'GAN': 1.5183502435684204, 'GAN_Feat': 0.26577234268188477, 'L1': 1.9480929374694824}
2022-07-28 06:27:25,540 - root - INFO - D losses = {'D_Fake': 0.03222162276506424, 'D_real': 0.006444564554840326}
generator made step 0
discriminator made step 0
generator made step 16
discriminator made step 16
generator made step 32
discriminator made step 32
generator made step 48
discriminator made step 48
generator made step 64
discriminator made step 64
generator made step 80
discriminator made step 80
generator made step 96
discriminator made step 96
generator made step 112
discriminator made step 112
generator made step 128
discriminator made step 128
generator made step 144
discriminator made step 144
generator made step 160
discriminator made step 160
generator made step 176
discriminator made step 176
generator made step 192
discriminator made step 192
generator made step 208
discriminator made step 208
generator made step 224
discriminator made step 224
generator made step 240
discriminator made step 240
generator made step 256
discriminator made step 256
generator made step 272
discriminator made step 272
generator made step 288
discriminator made step 288
generator made step 304
discriminator made step 304
generator made step 320
discriminator made step 320
generator made step 336
discriminator made step 336
generator made step 352
discriminator made step 352
generator made step 368
discriminator made step 368
generator made step 384
discriminator made step 384
generator made step 400
discriminator made step 400
generator made step 416
discriminator made step 416
generator made step 432
discriminator made step 432
generator made step 448
discriminator made step 448
generator made step 464
discriminator made step 464
generator made step 480
discriminator made step 480
generator made step 496
discriminator made step 496
2022-07-28 06:34:48,986 - root - INFO - Total=443.445502, G=347.042204, D=92.547596, data=1.629987, next=2.225716
2022-07-28 06:34:54,820 - root - INFO - Total=5.832930, G=0.462630, data=3.291238, acc=0.007356, agg=0.146942, next=1.924765
2022-07-28 06:35:06,828 - root - INFO - Time taken for epoch 83 is 461.28797149658203 sec
2022-07-28 06:35:06,828 - root - INFO - Train time = 443.4455018043518, Valid time = 5.832930326461792
2022-07-28 06:35:06,828 - root - INFO - G losses = {'GAN': 2.92804217338562, 'GAN_Feat': 0.2533133625984192, 'L1': 1.9996815919876099}
2022-07-28 06:35:06,828 - root - INFO - D losses = {'D_Fake': 0.0, 'D_real': 0.05200917273759842}
generator made step 0
discriminator made step 0
generator made step 16
discriminator made step 16
generator made step 32
discriminator made step 32
generator made step 48
discriminator made step 48
generator made step 64
discriminator made step 64
generator made step 80
discriminator made step 80
generator made step 96
discriminator made step 96
generator made step 112
discriminator made step 112
generator made step 128
discriminator made step 128
generator made step 144
discriminator made step 144
generator made step 160
discriminator made step 160
generator made step 176
discriminator made step 176
generator made step 192
discriminator made step 192
generator made step 208
discriminator made step 208
generator made step 224
discriminator made step 224
generator made step 240
discriminator made step 240
generator made step 256
discriminator made step 256
generator made step 272
discriminator made step 272
generator made step 288
discriminator made step 288
generator made step 304
discriminator made step 304
generator made step 320
discriminator made step 320
generator made step 336
discriminator made step 336
generator made step 352
discriminator made step 352
generator made step 368
discriminator made step 368
generator made step 384
discriminator made step 384
generator made step 400
discriminator made step 400
generator made step 416
discriminator made step 416
generator made step 432
discriminator made step 432
generator made step 448
discriminator made step 448
generator made step 464
discriminator made step 464
generator made step 480
discriminator made step 480
generator made step 496
discriminator made step 496
2022-07-28 06:42:29,270 - root - INFO - Total=442.440630, G=347.039397, D=92.394000, data=1.637857, next=1.369376
2022-07-28 06:42:35,042 - root - INFO - Total=5.771462, G=0.508060, data=3.288663, acc=0.008795, agg=0.145541, next=1.820404
2022-07-28 06:42:47,020 - root - INFO - Time taken for epoch 84 is 460.19178223609924 sec
2022-07-28 06:42:47,020 - root - INFO - Train time = 442.44062972068787, Valid time = 5.771462440490723
2022-07-28 06:42:47,020 - root - INFO - G losses = {'GAN': 1.7331496477127075, 'GAN_Feat': 0.24819596111774445, 'L1': 2.8051340579986572}
2022-07-28 06:42:47,020 - root - INFO - D losses = {'D_Fake': 0.09574573487043381, 'D_real': 1.4956881999969482}
generator made step 0
discriminator made step 0
generator made step 16
discriminator made step 16
generator made step 32
discriminator made step 32
generator made step 48
discriminator made step 48
generator made step 64
discriminator made step 64
generator made step 80
discriminator made step 80
generator made step 96
discriminator made step 96
generator made step 112
discriminator made step 112
generator made step 128
discriminator made step 128
generator made step 144
discriminator made step 144
generator made step 160
discriminator made step 160
generator made step 176
discriminator made step 176
generator made step 192
discriminator made step 192
generator made step 208
discriminator made step 208
generator made step 224
discriminator made step 224
generator made step 240
discriminator made step 240
generator made step 256
discriminator made step 256
generator made step 272
discriminator made step 272
generator made step 288
discriminator made step 288
generator made step 304
discriminator made step 304
generator made step 320
discriminator made step 320
generator made step 336
discriminator made step 336
generator made step 352
discriminator made step 352
generator made step 368
discriminator made step 368
generator made step 384
discriminator made step 384
generator made step 400
discriminator made step 400
generator made step 416
discriminator made step 416
generator made step 432
discriminator made step 432
generator made step 448
discriminator made step 448
generator made step 464
discriminator made step 464
generator made step 480
discriminator made step 480
generator made step 496
discriminator made step 496
2022-07-28 06:50:10,316 - root - INFO - Total=443.294801, G=347.028823, D=92.478232, data=1.630244, next=2.157501
2022-07-28 06:50:15,425 - root - INFO - Total=5.107507, G=0.609496, data=3.241422, acc=0.013298, agg=0.129400, next=1.113891
2022-07-28 06:50:27,689 - root - INFO - Time taken for epoch 85 is 460.6680483818054 sec
2022-07-28 06:50:27,689 - root - INFO - Train time = 443.29480051994324, Valid time = 5.107506513595581
2022-07-28 06:50:27,689 - root - INFO - G losses = {'GAN': 2.135310173034668, 'GAN_Feat': 0.2867956757545471, 'L1': 2.3695144653320312}
2022-07-28 06:50:27,689 - root - INFO - D losses = {'D_Fake': 1.9330893337610178e-05, 'D_real': 0.007525513879954815}
generator made step 0
discriminator made step 0
generator made step 16
discriminator made step 16
generator made step 32
discriminator made step 32
generator made step 48
discriminator made step 48
generator made step 64
discriminator made step 64
generator made step 80
discriminator made step 80
generator made step 96
discriminator made step 96
generator made step 112
discriminator made step 112
generator made step 128
discriminator made step 128
generator made step 144
discriminator made step 144
generator made step 160
discriminator made step 160
generator made step 176
discriminator made step 176
generator made step 192
discriminator made step 192
generator made step 208
discriminator made step 208
generator made step 224
discriminator made step 224
generator made step 240
discriminator made step 240
generator made step 256
discriminator made step 256
generator made step 272
discriminator made step 272
generator made step 288
discriminator made step 288
generator made step 304
discriminator made step 304
generator made step 320
discriminator made step 320
generator made step 336
discriminator made step 336
generator made step 352
discriminator made step 352
generator made step 368
discriminator made step 368
generator made step 384
discriminator made step 384
generator made step 400
discriminator made step 400
generator made step 416
discriminator made step 416
generator made step 432
discriminator made step 432
generator made step 448
discriminator made step 448
generator made step 464
discriminator made step 464
generator made step 480
discriminator made step 480
generator made step 496
discriminator made step 496
2022-07-28 06:57:50,347 - root - INFO - Total=442.657081, G=347.176621, D=92.462568, data=1.629680, next=1.388212
2022-07-28 06:57:55,920 - root - INFO - Total=5.571921, G=0.509228, data=3.211813, acc=0.006791, agg=0.153003, next=1.691086
2022-07-28 06:58:08,035 - root - INFO - Time taken for epoch 86 is 460.34633469581604 sec
2022-07-28 06:58:08,035 - root - INFO - Train time = 442.6570806503296, Valid time = 5.571921110153198
2022-07-28 06:58:08,035 - root - INFO - G losses = {'GAN': 2.5107970237731934, 'GAN_Feat': 0.27292191982269287, 'L1': 3.364802598953247}
2022-07-28 06:58:08,035 - root - INFO - D losses = {'D_Fake': 0.011072912253439426, 'D_real': 0.24230994284152985}
generator made step 0
discriminator made step 0
generator made step 16
discriminator made step 16
generator made step 32
discriminator made step 32
generator made step 48
discriminator made step 48
generator made step 64
discriminator made step 64
generator made step 80
discriminator made step 80
generator made step 96
discriminator made step 96
generator made step 112
discriminator made step 112
generator made step 128
discriminator made step 128
generator made step 144
discriminator made step 144
generator made step 160
discriminator made step 160
generator made step 176
discriminator made step 176
generator made step 192
discriminator made step 192
generator made step 208
discriminator made step 208
generator made step 224
discriminator made step 224
generator made step 240
discriminator made step 240
generator made step 256
discriminator made step 256
generator made step 272
discriminator made step 272
generator made step 288
discriminator made step 288
generator made step 304
discriminator made step 304
generator made step 320
discriminator made step 320
generator made step 336
discriminator made step 336
generator made step 352
discriminator made step 352
generator made step 368
discriminator made step 368
generator made step 384
discriminator made step 384
generator made step 400
discriminator made step 400
generator made step 416
discriminator made step 416
generator made step 432
discriminator made step 432
generator made step 448
discriminator made step 448
generator made step 464
discriminator made step 464
generator made step 480
discriminator made step 480
generator made step 496
discriminator made step 496
2022-07-28 07:05:30,544 - root - INFO - Total=442.507838, G=346.997404, D=92.495926, data=1.632175, next=1.382333
2022-07-28 07:05:36,606 - root - INFO - Total=6.060718, G=0.435820, data=3.432295, acc=0.005749, agg=0.157758, next=2.029096
2022-07-28 07:05:48,866 - root - INFO - Time taken for epoch 87 is 460.83023619651794 sec
2022-07-28 07:05:48,866 - root - INFO - Train time = 442.50783801078796, Valid time = 6.060718059539795
2022-07-28 07:05:48,866 - root - INFO - G losses = {'GAN': 2.499626398086548, 'GAN_Feat': 0.2684165835380554, 'L1': 2.7518351078033447}
2022-07-28 07:05:48,866 - root - INFO - D losses = {'D_Fake': 1.2834588289260864, 'D_real': 0.045692507177591324}
generator made step 0
discriminator made step 0
generator made step 16
discriminator made step 16
generator made step 32
discriminator made step 32
generator made step 48
discriminator made step 48
generator made step 64
discriminator made step 64
generator made step 80
discriminator made step 80
generator made step 96
discriminator made step 96
generator made step 112
discriminator made step 112
generator made step 128
discriminator made step 128
generator made step 144
discriminator made step 144
generator made step 160
discriminator made step 160
generator made step 176
discriminator made step 176
generator made step 192
discriminator made step 192
generator made step 208
discriminator made step 208
generator made step 224
discriminator made step 224
generator made step 240
discriminator made step 240
generator made step 256
discriminator made step 256
generator made step 272
discriminator made step 272
generator made step 288
discriminator made step 288
generator made step 304
discriminator made step 304
generator made step 320
discriminator made step 320
generator made step 336
discriminator made step 336
generator made step 352
discriminator made step 352
generator made step 368
discriminator made step 368
generator made step 384
discriminator made step 384
generator made step 400
discriminator made step 400
generator made step 416
discriminator made step 416
generator made step 432
discriminator made step 432
generator made step 448
discriminator made step 448
generator made step 464
discriminator made step 464
generator made step 480
discriminator made step 480
generator made step 496
discriminator made step 496
2022-07-28 07:13:11,269 - root - INFO - Total=442.401670, G=347.050371, D=92.418728, data=1.629321, next=1.303251
2022-07-28 07:13:16,992 - root - INFO - Total=5.722219, G=0.506460, data=3.239926, acc=0.006952, agg=0.169888, next=1.798993
2022-07-28 07:13:29,218 - root - INFO - Time taken for epoch 88 is 460.3516752719879 sec
2022-07-28 07:13:29,218 - root - INFO - Train time = 442.4016704559326, Valid time = 5.722218990325928
2022-07-28 07:13:29,218 - root - INFO - G losses = {'GAN': 3.1556456089019775, 'GAN_Feat': 0.26797446608543396, 'L1': 2.372596025466919}
2022-07-28 07:13:29,218 - root - INFO - D losses = {'D_Fake': 0.0, 'D_real': 0.5756009817123413}
generator made step 0
discriminator made step 0
generator made step 16
discriminator made step 16
generator made step 32
discriminator made step 32
generator made step 48
discriminator made step 48
generator made step 64
discriminator made step 64
generator made step 80
discriminator made step 80
generator made step 96
discriminator made step 96
generator made step 112
discriminator made step 112
generator made step 128
discriminator made step 128
generator made step 144
discriminator made step 144
generator made step 160
discriminator made step 160
generator made step 176
discriminator made step 176
generator made step 192
discriminator made step 192
generator made step 208
discriminator made step 208
generator made step 224
discriminator made step 224
generator made step 240
discriminator made step 240
generator made step 256
discriminator made step 256
generator made step 272
discriminator made step 272
generator made step 288
discriminator made step 288
generator made step 304
discriminator made step 304
generator made step 320
discriminator made step 320
srun: Job step aborted: Waiting up to 32 seconds for job step to finish.
slurmstepd: error: *** STEP 2834318.0 ON nid003796 CANCELLED AT 2022-07-28T07:18:16 DUE TO TIME LIMIT ***
slurmstepd: error: *** JOB 2834318 ON nid003796 CANCELLED AT 2022-07-28T07:18:16 DUE TO TIME LIMIT ***
