+ srun -u shifter -V /pscratch/sd/c/cjacobus/ML_Hydro_train/logs:/logs --image=nersc/pytorch:ngc-22.03-v0 --env PYTHONUSERBASE=/global/homes/c/cjacobus/.local/perlmutter/nersc-pytorch-ngc-22.03-v0 bash -c '
    source export_DDP_vars.sh
    python train.py --root_dir=/pscratch/sd/c/cjacobus/tsit --config=valid_up5_tanh_L1_spec
    '
[W socket.cpp:701] The server socket on [nid003613]:29500 is not yet listening (errno: 111 - Connection refused), will retry.
[W socket.cpp:701] The server socket on [nid003613]:29500 is not yet listening (errno: 111 - Connection refused), will retry.
[W socket.cpp:701] The server socket on [nid003613]:29500 is not yet listening (errno: 111 - Connection refused), will retry.
[W socket.cpp:701] The server socket on [nid003613]:29500 is not yet listening (errno: 111 - Connection refused), will retry.
[W socket.cpp:701] The server socket on [nid003613]:29500 is not yet listening (errno: 111 - Connection refused), will retry.
[W socket.cpp:701] The server socket on [nid003613]:29500 is not yet listening (errno: 111 - Connection refused), will retry.
[W socket.cpp:701] The server socket on [nid003613]:29500 is not yet listening (errno: 111 - Connection refused), will retry.
[W socket.cpp:701] The server socket on [nid003613]:29500 is not yet listening (errno: 111 - Connection refused), will retry.
[W socket.cpp:701] The server socket on [nid003613]:29500 is not yet listening (errno: 111 - Connection refused), will retry.
[W socket.cpp:701] The server socket on [nid003613]:29500 is not yet listening (errno: 111 - Connection refused), will retry.
[W socket.cpp:701] The server socket on [nid003613]:29500 is not yet listening (errno: 111 - Connection refused), will retry.
[W socket.cpp:701] The server socket on [nid003613]:29500 is not yet listening (errno: 111 - Connection refused), will retry.
[W socket.cpp:701] The server socket on [nid003613]:29500 is not yet listening (errno: 111 - Connection refused), will retry.
[W socket.cpp:701] The server socket on [nid003613]:29500 is not yet listening (errno: 111 - Connection refused), will retry.
[W socket.cpp:701] The server socket on [nid003613]:29500 is not yet listening (errno: 111 - Connection refused), will retry.
[W socket.cpp:701] The server socket on [nid003613]:29500 is not yet listening (errno: 111 - Connection refused), will retry.
[W socket.cpp:701] The server socket on [nid003613]:29500 is not yet listening (errno: 111 - Connection refused), will retry.
[W socket.cpp:701] The server socket on [nid003613]:29500 is not yet listening (errno: 111 - Connection refused), will retry.
[W socket.cpp:701] The server socket on [nid003613]:29500 is not yet listening (errno: 111 - Connection refused), will retry.
[W socket.cpp:701] The server socket on [nid003613]:29500 is not yet listening (errno: 111 - Connection refused), will retry.
[W socket.cpp:701] The server socket on [nid003613]:29500 is not yet listening (errno: 111 - Connection refused), will retry.
[W socket.cpp:701] The server socket on [nid003613]:29500 is not yet listening (errno: 111 - Connection refused), will retry.
[W socket.cpp:701] The server socket on [nid003613]:29500 is not yet listening (errno: 111 - Connection refused), will retry.
[W socket.cpp:701] The server socket on [nid003613]:29500 is not yet listening (errno: 111 - Connection refused), will retry.
2022-07-31 13:17:08,772 - torch.distributed.distributed_c10d - INFO - Added key: store_based_barrier_key:1 to store for rank: 2
2022-07-31 13:17:08,773 - torch.distributed.distributed_c10d - INFO - Added key: store_based_barrier_key:1 to store for rank: 3
2022-07-31 13:17:08,774 - torch.distributed.distributed_c10d - INFO - Added key: store_based_barrier_key:1 to store for rank: 1
2022-07-31 13:17:09,466 - torch.distributed.distributed_c10d - INFO - Added key: store_based_barrier_key:1 to store for rank: 0
2022-07-31 13:17:09,512 - torch.distributed.distributed_c10d - INFO - Added key: store_based_barrier_key:1 to store for rank: 11
2022-07-31 13:17:09,516 - torch.distributed.distributed_c10d - INFO - Added key: store_based_barrier_key:1 to store for rank: 9
2022-07-31 13:17:09,519 - torch.distributed.distributed_c10d - INFO - Added key: store_based_barrier_key:1 to store for rank: 10
2022-07-31 13:17:09,519 - torch.distributed.distributed_c10d - INFO - Added key: store_based_barrier_key:1 to store for rank: 8
2022-07-31 13:17:09,649 - torch.distributed.distributed_c10d - INFO - Added key: store_based_barrier_key:1 to store for rank: 4
2022-07-31 13:17:09,655 - torch.distributed.distributed_c10d - INFO - Added key: store_based_barrier_key:1 to store for rank: 7
2022-07-31 13:17:09,656 - torch.distributed.distributed_c10d - INFO - Added key: store_based_barrier_key:1 to store for rank: 5
2022-07-31 13:17:09,656 - torch.distributed.distributed_c10d - INFO - Added key: store_based_barrier_key:1 to store for rank: 6
2022-07-31 13:17:09,660 - torch.distributed.distributed_c10d - INFO - Added key: store_based_barrier_key:1 to store for rank: 15
2022-07-31 13:17:09,662 - torch.distributed.distributed_c10d - INFO - Added key: store_based_barrier_key:1 to store for rank: 13
2022-07-31 13:17:09,664 - torch.distributed.distributed_c10d - INFO - Added key: store_based_barrier_key:1 to store for rank: 12
2022-07-31 13:17:09,665 - torch.distributed.distributed_c10d - INFO - Added key: store_based_barrier_key:1 to store for rank: 14
2022-07-31 13:17:09,665 - torch.distributed.distributed_c10d - INFO - Rank 14: Completed store-based barrier for key:store_based_barrier_key:1 with 16 nodes.
2022-07-31 13:17:09,666 - torch.distributed.distributed_c10d - INFO - Rank 7: Completed store-based barrier for key:store_based_barrier_key:1 with 16 nodes.
2022-07-31 13:17:09,666 - torch.distributed.distributed_c10d - INFO - Rank 5: Completed store-based barrier for key:store_based_barrier_key:1 with 16 nodes.
2022-07-31 13:17:09,667 - torch.distributed.distributed_c10d - INFO - Rank 6: Completed store-based barrier for key:store_based_barrier_key:1 with 16 nodes.
2022-07-31 13:17:09,667 - torch.distributed.distributed_c10d - INFO - Rank 2: Completed store-based barrier for key:store_based_barrier_key:1 with 16 nodes.
2022-07-31 13:17:09,669 - torch.distributed.distributed_c10d - INFO - Rank 3: Completed store-based barrier for key:store_based_barrier_key:1 with 16 nodes.
2022-07-31 13:17:09,669 - torch.distributed.distributed_c10d - INFO - Rank 0: Completed store-based barrier for key:store_based_barrier_key:1 with 16 nodes.
2022-07-31 13:17:09,669 - torch.distributed.distributed_c10d - INFO - Rank 9: Completed store-based barrier for key:store_based_barrier_key:1 with 16 nodes.
2022-07-31 13:17:09,669 - torch.distributed.distributed_c10d - INFO - Rank 1: Completed store-based barrier for key:store_based_barrier_key:1 with 16 nodes.
2022-07-31 13:17:09,670 - torch.distributed.distributed_c10d - INFO - Rank 4: Completed store-based barrier for key:store_based_barrier_key:1 with 16 nodes.
2022-07-31 13:17:09,670 - torch.distributed.distributed_c10d - INFO - Rank 15: Completed store-based barrier for key:store_based_barrier_key:1 with 16 nodes.
2022-07-31 13:17:09,672 - torch.distributed.distributed_c10d - INFO - Rank 10: Completed store-based barrier for key:store_based_barrier_key:1 with 16 nodes.
2022-07-31 13:17:09,672 - torch.distributed.distributed_c10d - INFO - Rank 13: Completed store-based barrier for key:store_based_barrier_key:1 with 16 nodes.
2022-07-31 13:17:09,673 - torch.distributed.distributed_c10d - INFO - Rank 8: Completed store-based barrier for key:store_based_barrier_key:1 with 16 nodes.
2022-07-31 13:17:09,674 - torch.distributed.distributed_c10d - INFO - Rank 11: Completed store-based barrier for key:store_based_barrier_key:1 with 16 nodes.
2022-07-31 13:17:09,675 - torch.distributed.distributed_c10d - INFO - Rank 12: Completed store-based barrier for key:store_based_barrier_key:1 with 16 nodes.
2022-07-31 13:17:09,688 - root - INFO - rank 4, begin data loader init
2022-07-31 13:17:09,688 - root - INFO - rank 6, begin data loader init
2022-07-31 13:17:09,688 - root - INFO - rank 5, begin data loader init
2022-07-31 13:17:09,688 - root - INFO - rank 7, begin data loader init
2022-07-31 13:17:09,688 - root - INFO - rank 4, data loader initialized
2022-07-31 13:17:09,688 - root - INFO - rank 6, data loader initialized
2022-07-31 13:17:09,688 - root - INFO - rank 5, data loader initialized
2022-07-31 13:17:09,688 - root - INFO - rank 7, data loader initialized
2022-07-31 13:17:09,691 - root - INFO - rank 3, begin data loader init
2022-07-31 13:17:09,691 - root - INFO - rank 3, data loader initialized
2022-07-31 13:17:09,691 - root - INFO - rank 12, begin data loader init
2022-07-31 13:17:09,691 - root - INFO - rank 13, begin data loader init
2022-07-31 13:17:09,691 - root - INFO - rank 14, begin data loader init
2022-07-31 13:17:09,691 - root - INFO - rank 15, begin data loader init
2022-07-31 13:17:09,691 - root - INFO - rank 12, data loader initialized
2022-07-31 13:17:09,692 - root - INFO - rank 13, data loader initialized
2022-07-31 13:17:09,692 - root - INFO - rank 14, data loader initialized
2022-07-31 13:17:09,692 - root - INFO - rank 15, data loader initialized
2022-07-31 13:17:09,692 - root - INFO - ------------------ Configuration ------------------
2022-07-31 13:17:09,692 - root - INFO - rank 1, begin data loader init
2022-07-31 13:17:09,692 - root - INFO - Configuration file: /global/u1/c/cjacobus/Nyx-TSIT/config/tsit.yaml
2022-07-31 13:17:09,692 - root - INFO - Configuration name: valid_up5_tanh_L1_spec
2022-07-31 13:17:09,692 - root - INFO - rank 2, begin data loader init
2022-07-31 13:17:09,692 - root - INFO - Nsamples 8192
2022-07-31 13:17:09,692 - root - INFO - Nsamples_val 512
2022-07-31 13:17:09,692 - root - INFO - niter 200
2022-07-31 13:17:09,692 - root - INFO - niter_decay 150
2022-07-31 13:17:09,692 - root - INFO - use_spec_loss False
2022-07-31 13:17:09,692 - root - INFO - lambda_spec 100.0
2022-07-31 13:17:09,692 - root - INFO - use_l1_loss True
2022-07-31 13:17:09,692 - root - INFO - lambda_l1 300.0
2022-07-31 13:17:09,692 - root - INFO - rank 1, data loader initialized
2022-07-31 13:17:09,692 - root - INFO - data_size 128
2022-07-31 13:17:09,692 - root - INFO - train_path /pscratch/sd/c/cjacobus/Nyx_512/train_s1_512_invar3_hydro.h5
2022-07-31 13:17:09,692 - root - INFO - val_path /pscratch/sd/c/cjacobus/Nyx_512/valid_s2_512_invar3_hydro.h5
2022-07-31 13:17:09,692 - root - INFO - num_upsampling_blocks 5
2022-07-31 13:17:09,692 - root - INFO - tanh False
2022-07-31 13:17:09,692 - root - INFO - rank 2, data loader initialized
2022-07-31 13:17:09,692 - root - INFO - num_data_workers 16
2022-07-31 13:17:09,692 - root - INFO - in_channels [0, 1, 2, 3, 17, 18, 19]
2022-07-31 13:17:09,692 - root - INFO - out_channels [0]
2022-07-31 13:17:09,692 - root - INFO - min_path /pscratch/sd/s/shas1693/data/era5/mins.npy
2022-07-31 13:17:09,692 - root - INFO - max_path /pscratch/sd/s/shas1693/data/era5/maxs.npy
2022-07-31 13:17:09,692 - root - INFO - time_means_path /pscratch/sd/s/shas1693/data/era5/time_means.npy
2022-07-31 13:17:09,692 - root - INFO - global_means_path /pscratch/sd/s/shas1693/data/era5/global_means.npy
2022-07-31 13:17:09,693 - root - INFO - global_stds_path /pscratch/sd/s/shas1693/data/era5/global_stds.npy
2022-07-31 13:17:09,693 - root - INFO - precip /pscratch/sd/p/pharring/ERA5/precip/total_precipitation
2022-07-31 13:17:09,693 - root - INFO - precip_eps 1e-05
2022-07-31 13:17:09,693 - root - INFO - dt 1
2022-07-31 13:17:09,693 - root - INFO - n_history 0
2022-07-31 13:17:09,693 - root - INFO - crop_size_x None
2022-07-31 13:17:09,693 - root - INFO - crop_size_y None
2022-07-31 13:17:09,693 - root - INFO - roll False
2022-07-31 13:17:09,693 - root - INFO - conttime False
2022-07-31 13:17:09,693 - root - INFO - normalization zscore
2022-07-31 13:17:09,693 - root - INFO - add_grid False
2022-07-31 13:17:09,693 - root - INFO - model pix2pix
2022-07-31 13:17:09,693 - root - INFO - norm_G spectralfadebatch3x3
2022-07-31 13:17:09,693 - root - INFO - norm_D spectralinstance
2022-07-31 13:17:09,693 - root - INFO - norm_S spectralinstance
2022-07-31 13:17:09,693 - root - INFO - norm_E spectralinstance
2022-07-31 13:17:09,693 - root - INFO - batch_size 16
2022-07-31 13:17:09,693 - root - INFO - img_size [512, 512, 512]
2022-07-31 13:17:09,693 - root - INFO - box_size [512, 512, 512]
2022-07-31 13:17:09,693 - root - INFO - input_nc 5
2022-07-31 13:17:09,693 - root - INFO - output_nc 5
2022-07-31 13:17:09,693 - root - INFO - netG tsit
2022-07-31 13:17:09,693 - root - INFO - ngf 64
2022-07-31 13:17:09,693 - root - INFO - init_type xavier
2022-07-31 13:17:09,693 - root - INFO - init_variance 0.02
2022-07-31 13:17:09,693 - root - INFO - z_dim 256
2022-07-31 13:17:09,693 - root - INFO - alpha 1.0
2022-07-31 13:17:09,693 - root - INFO - no_ss True
2022-07-31 13:17:09,693 - root - INFO - downsamp True
2022-07-31 13:17:09,693 - root - INFO - use_periodic_padding True
2022-07-31 13:17:09,693 - root - INFO - additive_noise False
2022-07-31 13:17:09,693 - root - INFO - nef 16
2022-07-31 13:17:09,693 - root - INFO - use_vae False
2022-07-31 13:17:09,693 - root - INFO - optimizer adam
2022-07-31 13:17:09,693 - root - INFO - beta1 0.5
2022-07-31 13:17:09,693 - root - INFO - beta2 0.999
2022-07-31 13:17:09,693 - root - INFO - lr 0.0002
2022-07-31 13:17:09,693 - root - INFO - D_steps_per_G 1
2022-07-31 13:17:09,693 - root - INFO - ndf 64
2022-07-31 13:17:09,693 - root - INFO - lambda_feat 0.5
2022-07-31 13:17:09,693 - root - INFO - no_ganFeat_loss False
2022-07-31 13:17:09,693 - root - INFO - gan_mode hinge
2022-07-31 13:17:09,693 - root - INFO - netD multiscale
2022-07-31 13:17:09,693 - root - INFO - num_D 2
2022-07-31 13:17:09,693 - root - INFO - n_layers_D 4
2022-07-31 13:17:09,693 - root - INFO - no_TTUR True
2022-07-31 13:17:09,693 - root - INFO - lambda_kld 0.05
2022-07-31 13:17:09,693 - root - INFO - cat_inp False
2022-07-31 13:17:09,693 - root - INFO - entity weatherbenching
2022-07-31 13:17:09,693 - root - INFO - project Nyx-TSIT
2022-07-31 13:17:09,693 - root - INFO - log_to_wandb True
2022-07-31 13:17:09,693 - root - INFO - log_to_screen True
2022-07-31 13:17:09,693 - root - INFO - save_checkpoint True
2022-07-31 13:17:09,693 - root - INFO - weight_init ordereddict([('conv_init', 'normal'), ('conv_scale', 0.02), ('conv_bias', 0.0)])
2022-07-31 13:17:09,693 - root - INFO - lambda_rho 0
2022-07-31 13:17:09,693 - root - INFO - full_scale True
2022-07-31 13:17:09,693 - root - INFO - global_batch_size 64
2022-07-31 13:17:09,693 - root - INFO - base_batch_size 64
2022-07-31 13:17:09,693 - root - INFO - num_epochs 60
2022-07-31 13:17:09,693 - root - INFO - enable_amp False
2022-07-31 13:17:09,693 - root - INFO - enable_apex False
2022-07-31 13:17:09,694 - root - INFO - enable_benchy False
2022-07-31 13:17:09,694 - root - INFO - enable_jit False
2022-07-31 13:17:09,694 - root - INFO - expdir /logs
2022-07-31 13:17:09,694 - root - INFO - lr_schedule ordereddict([('scaling', 'sqrt'), ('start_lr', 0.0002), ('end_lr', 0.0), ('warmup_steps', 128)])
2022-07-31 13:17:09,694 - root - INFO - data_loader_config lowmem
2022-07-31 13:17:09,694 - root - INFO - N_out_channels 5
2022-07-31 13:17:09,694 - root - INFO - N_in_channels 5
2022-07-31 13:17:09,694 - root - INFO - use_cache None
2022-07-31 13:17:09,694 - root - INFO - ---------------------------------------------------
log_to_wandb -------------------------------------------------------------------
dir exists: /pscratch/sd/c/cjacobus/tsit/expts/valid_up5_tanh_L1_spec/checkpoints/
2022-07-31 13:17:09,696 - root - INFO - rank 9, begin data loader init
2022-07-31 13:17:09,696 - root - INFO - rank 10, begin data loader init
2022-07-31 13:17:09,696 - root - INFO - rank 11, begin data loader init
2022-07-31 13:17:09,696 - root - INFO - rank 8, begin data loader init
2022-07-31 13:17:09,696 - root - INFO - rank 9, data loader initialized
2022-07-31 13:17:09,696 - root - INFO - rank 10, data loader initialized
2022-07-31 13:17:09,696 - root - INFO - rank 8, data loader initialized
2022-07-31 13:17:09,696 - root - INFO - rank 11, data loader initialized
wandb: Currently logged in as: cjacobus (use `wandb login --relogin` to force relogin)
wandb: wandb version 0.12.21 is available!  To upgrade, please run:
wandb:  $ pip install wandb --upgrade
wandb: Tracking run with wandb version 0.12.13
wandb: Run data is saved locally in /pscratch/sd/c/cjacobus/tsit/expts/valid_up5_tanh_L1_spec/wandb/run-20220731_131710-xj7e74nu
wandb: Run `wandb offline` to turn off syncing.
wandb: Resuming run valid_up5_tanh_L1_spec
wandb: ⭐️ View project at https://wandb.ai/weatherbenching/Nyx-TSIT
wandb: 🚀 View run at https://wandb.ai/weatherbenching/Nyx-TSIT/runs/xj7e74nu
checking dir: /pscratch/sd/c/cjacobus/tsit/expts/valid_up5_tanh_L1_spec/checkpoints/
dir exists: /pscratch/sd/c/cjacobus/tsit/expts/valid_up5_tanh_L1_spec/checkpoints/
2022-07-31 13:17:11,190 - root - INFO - rank 0, begin data loader init
2022-07-31 13:17:11,190 - root - INFO - rank 0, data loader initialized
Network [TSITGenerator] was created. Total number of parameters: 991.3 million. To see the architecture, do print(network).
Network [TSITGenerator] was created. Total number of parameters: 991.3 million. To see the architecture, do print(network).
Network [TSITGenerator] was created. Total number of parameters: 991.3 million. To see the architecture, do print(network).
Network [TSITGenerator] was created. Total number of parameters: 991.3 million. To see the architecture, do print(network).
Network [TSITGenerator] was created. Total number of parameters: 991.3 million. To see the architecture, do print(network).
Network [TSITGenerator] was created. Total number of parameters: 991.3 million. To see the architecture, do print(network).
Network [TSITGenerator] was created. Total number of parameters: 991.3 million. To see the architecture, do print(network).
Network [TSITGenerator] was created. Total number of parameters: 991.3 million. To see the architecture, do print(network).
Network [TSITGenerator] was created. Total number of parameters: 991.3 million. To see the architecture, do print(network).
Network [TSITGenerator] was created. Total number of parameters: 991.3 million. To see the architecture, do print(network).
Network [TSITGenerator] was created. Total number of parameters: 991.3 million. To see the architecture, do print(network).
Network [TSITGenerator] was created. Total number of parameters: 991.3 million. To see the architecture, do print(network).
Network [TSITGenerator] was created. Total number of parameters: 991.3 million. To see the architecture, do print(network).
Network [TSITGenerator] was created. Total number of parameters: 991.3 million. To see the architecture, do print(network).
Network [TSITGenerator] was created. Total number of parameters: 991.3 million. To see the architecture, do print(network).
Network [TSITGenerator] was created. Total number of parameters: 991.3 million. To see the architecture, do print(network).
Network [MultiscaleDiscriminator] was created. Total number of parameters: 22.1 million. To see the architecture, do print(network).
Network [MultiscaleDiscriminator] was created. Total number of parameters: 22.1 million. To see the architecture, do print(network).
Network [MultiscaleDiscriminator] was created. Total number of parameters: 22.1 million. To see the architecture, do print(network).
Network [MultiscaleDiscriminator] was created. Total number of parameters: 22.1 million. To see the architecture, do print(network).
Network [MultiscaleDiscriminator] was created. Total number of parameters: 22.1 million. To see the architecture, do print(network).
Network [MultiscaleDiscriminator] was created. Total number of parameters: 22.1 million. To see the architecture, do print(network).
Network [MultiscaleDiscriminator] was created. Total number of parameters: 22.1 million. To see the architecture, do print(network).
Network [MultiscaleDiscriminator] was created. Total number of parameters: 22.1 million. To see the architecture, do print(network).
Network [MultiscaleDiscriminator] was created. Total number of parameters: 22.1 million. To see the architecture, do print(network).
Network [MultiscaleDiscriminator] was created. Total number of parameters: 22.1 million. To see the architecture, do print(network).
Network [MultiscaleDiscriminator] was created. Total number of parameters: 22.1 million. To see the architecture, do print(network).
Network [MultiscaleDiscriminator] was created. Total number of parameters: 22.1 million. To see the architecture, do print(network).
Network [MultiscaleDiscriminator] was created. Total number of parameters: 22.1 million. To see the architecture, do print(network).
Network [MultiscaleDiscriminator] was created. Total number of parameters: 22.1 million. To see the architecture, do print(network).
Network [MultiscaleDiscriminator] was created. Total number of parameters: 22.1 million. To see the architecture, do print(network).
Network [MultiscaleDiscriminator] was created. Total number of parameters: 22.1 million. To see the architecture, do print(network).
2022-07-31 13:17:31,484 - root - INFO - Loading checkpoint /pscratch/sd/c/cjacobus/tsit/expts/valid_up5_tanh_L1_spec/checkpoints/ckpt.tar
2022-07-31 13:17:31,485 - root - INFO - Loading checkpoint /pscratch/sd/c/cjacobus/tsit/expts/valid_up5_tanh_L1_spec/checkpoints/ckpt.tar
2022-07-31 13:17:31,485 - root - INFO - Loading checkpoint /pscratch/sd/c/cjacobus/tsit/expts/valid_up5_tanh_L1_spec/checkpoints/ckpt.tar
2022-07-31 13:17:31,487 - root - INFO - Loading checkpoint /pscratch/sd/c/cjacobus/tsit/expts/valid_up5_tanh_L1_spec/checkpoints/ckpt.tar
2022-07-31 13:17:31,487 - root - INFO - Loading checkpoint /pscratch/sd/c/cjacobus/tsit/expts/valid_up5_tanh_L1_spec/checkpoints/ckpt.tar
2022-07-31 13:17:31,487 - root - INFO - Loading checkpoint /pscratch/sd/c/cjacobus/tsit/expts/valid_up5_tanh_L1_spec/checkpoints/ckpt.tar
2022-07-31 13:17:31,488 - root - INFO - Loading checkpoint /pscratch/sd/c/cjacobus/tsit/expts/valid_up5_tanh_L1_spec/checkpoints/ckpt.tar
2022-07-31 13:17:31,489 - root - INFO - Loading checkpoint /pscratch/sd/c/cjacobus/tsit/expts/valid_up5_tanh_L1_spec/checkpoints/ckpt.tar
2022-07-31 13:17:31,490 - root - INFO - Loading checkpoint /pscratch/sd/c/cjacobus/tsit/expts/valid_up5_tanh_L1_spec/checkpoints/ckpt.tar
2022-07-31 13:17:31,490 - root - INFO - Loading checkpoint /pscratch/sd/c/cjacobus/tsit/expts/valid_up5_tanh_L1_spec/checkpoints/ckpt.tar
2022-07-31 13:17:31,491 - root - INFO - Loading checkpoint /pscratch/sd/c/cjacobus/tsit/expts/valid_up5_tanh_L1_spec/checkpoints/ckpt.tar
2022-07-31 13:17:31,492 - root - INFO - Loading checkpoint /pscratch/sd/c/cjacobus/tsit/expts/valid_up5_tanh_L1_spec/checkpoints/ckpt.tar
2022-07-31 13:17:31,492 - root - INFO - Loading checkpoint /pscratch/sd/c/cjacobus/tsit/expts/valid_up5_tanh_L1_spec/checkpoints/ckpt.tar
2022-07-31 13:17:31,492 - root - INFO - Loading checkpoint /pscratch/sd/c/cjacobus/tsit/expts/valid_up5_tanh_L1_spec/checkpoints/ckpt.tar
2022-07-31 13:17:31,492 - root - INFO - Loading checkpoint /pscratch/sd/c/cjacobus/tsit/expts/valid_up5_tanh_L1_spec/checkpoints/ckpt.tar
2022-07-31 13:17:31,493 - root - INFO - Loading checkpoint /pscratch/sd/c/cjacobus/tsit/expts/valid_up5_tanh_L1_spec/checkpoints/ckpt.tar
2022-07-31 13:17:37,339 - root - INFO - Starting Training Loop...
[W reducer.cpp:1282] Warning: find_unused_parameters=True was specified in DDP constructor, but did not find any unused parameters in the forward pass. This flag results in an extra traversal of the autograd graph every iteration,  which can adversely affect performance. If your model indeed never has any unused parameters in the forward pass, consider turning this flag off. Note that this warning may be a false positive if your model has flow control causing later iterations to have unused parameters. (function operator())
[W reducer.cpp:1282] Warning: find_unused_parameters=True was specified in DDP constructor, but did not find any unused parameters in the forward pass. This flag results in an extra traversal of the autograd graph every iteration,  which can adversely affect performance. If your model indeed never has any unused parameters in the forward pass, consider turning this flag off. Note that this warning may be a false positive if your model has flow control causing later iterations to have unused parameters. (function operator())
[W reducer.cpp:1282] Warning: find_unused_parameters=True was specified in DDP constructor, but did not find any unused parameters in the forward pass. This flag results in an extra traversal of the autograd graph every iteration,  which can adversely affect performance. If your model indeed never has any unused parameters in the forward pass, consider turning this flag off. Note that this warning may be a false positive if your model has flow control causing later iterations to have unused parameters. (function operator())
[W reducer.cpp:1282] Warning: find_unused_parameters=True was specified in DDP constructor, but did not find any unused parameters in the forward pass. This flag results in an extra traversal of the autograd graph every iteration,  which can adversely affect performance. If your model indeed never has any unused parameters in the forward pass, consider turning this flag off. Note that this warning may be a false positive if your model has flow control causing later iterations to have unused parameters. (function operator())
[W reducer.cpp:1282] Warning: find_unused_parameters=True was specified in DDP constructor, but did not find any unused parameters in the forward pass. This flag results in an extra traversal of the autograd graph every iteration,  which can adversely affect performance. If your model indeed never has any unused parameters in the forward pass, consider turning this flag off. Note that this warning may be a false positive if your model has flow control causing later iterations to have unused parameters. (function operator())
[W reducer.cpp:1282] Warning: find_unused_parameters=True was specified in DDP constructor, but did not find any unused parameters in the forward pass. This flag results in an extra traversal of the autograd graph every iteration,  which can adversely affect performance. If your model indeed never has any unused parameters in the forward pass, consider turning this flag off. Note that this warning may be a false positive if your model has flow control causing later iterations to have unused parameters. (function operator())
[W reducer.cpp:1282] Warning: find_unused_parameters=True was specified in DDP constructor, but did not find any unused parameters in the forward pass. This flag results in an extra traversal of the autograd graph every iteration,  which can adversely affect performance. If your model indeed never has any unused parameters in the forward pass, consider turning this flag off. Note that this warning may be a false positive if your model has flow control causing later iterations to have unused parameters. (function operator())
[W reducer.cpp:1282] Warning: find_unused_parameters=True was specified in DDP constructor, but did not find any unused parameters in the forward pass. This flag results in an extra traversal of the autograd graph every iteration,  which can adversely affect performance. If your model indeed never has any unused parameters in the forward pass, consider turning this flag off. Note that this warning may be a false positive if your model has flow control causing later iterations to have unused parameters. (function operator())
[W reducer.cpp:1282] Warning: find_unused_parameters=True was specified in DDP constructor, but did not find any unused parameters in the forward pass. This flag results in an extra traversal of the autograd graph every iteration,  which can adversely affect performance. If your model indeed never has any unused parameters in the forward pass, consider turning this flag off. Note that this warning may be a false positive if your model has flow control causing later iterations to have unused parameters. (function operator())
[W reducer.cpp:1282] Warning: find_unused_parameters=True was specified in DDP constructor, but did not find any unused parameters in the forward pass. This flag results in an extra traversal of the autograd graph every iteration,  which can adversely affect performance. If your model indeed never has any unused parameters in the forward pass, consider turning this flag off. Note that this warning may be a false positive if your model has flow control causing later iterations to have unused parameters. (function operator())
[W reducer.cpp:1282] Warning: find_unused_parameters=True was specified in DDP constructor, but did not find any unused parameters in the forward pass. This flag results in an extra traversal of the autograd graph every iteration,  which can adversely affect performance. If your model indeed never has any unused parameters in the forward pass, consider turning this flag off. Note that this warning may be a false positive if your model has flow control causing later iterations to have unused parameters. (function operator())
[W reducer.cpp:1282] Warning: find_unused_parameters=True was specified in DDP constructor, but did not find any unused parameters in the forward pass. This flag results in an extra traversal of the autograd graph every iteration,  which can adversely affect performance. If your model indeed never has any unused parameters in the forward pass, consider turning this flag off. Note that this warning may be a false positive if your model has flow control causing later iterations to have unused parameters. (function operator())
[W reducer.cpp:1282] Warning: find_unused_parameters=True was specified in DDP constructor, but did not find any unused parameters in the forward pass. This flag results in an extra traversal of the autograd graph every iteration,  which can adversely affect performance. If your model indeed never has any unused parameters in the forward pass, consider turning this flag off. Note that this warning may be a false positive if your model has flow control causing later iterations to have unused parameters. (function operator())
[W reducer.cpp:1282] Warning: find_unused_parameters=True was specified in DDP constructor, but did not find any unused parameters in the forward pass. This flag results in an extra traversal of the autograd graph every iteration,  which can adversely affect performance. If your model indeed never has any unused parameters in the forward pass, consider turning this flag off. Note that this warning may be a false positive if your model has flow control causing later iterations to have unused parameters. (function operator())
[W reducer.cpp:1282] Warning: find_unused_parameters=True was specified in DDP constructor, but did not find any unused parameters in the forward pass. This flag results in an extra traversal of the autograd graph every iteration,  which can adversely affect performance. If your model indeed never has any unused parameters in the forward pass, consider turning this flag off. Note that this warning may be a false positive if your model has flow control causing later iterations to have unused parameters. (function operator())
[W reducer.cpp:1282] Warning: find_unused_parameters=True was specified in DDP constructor, but did not find any unused parameters in the forward pass. This flag results in an extra traversal of the autograd graph every iteration,  which can adversely affect performance. If your model indeed never has any unused parameters in the forward pass, consider turning this flag off. Note that this warning may be a false positive if your model has flow control causing later iterations to have unused parameters. (function operator())
generator made step 0
discriminator made step 0
generator made step 16
discriminator made step 16
generator made step 32
discriminator made step 32
generator made step 48
discriminator made step 48
generator made step 64
discriminator made step 64
generator made step 80
discriminator made step 80
generator made step 96
discriminator made step 96
generator made step 112
discriminator made step 112
generator made step 128
discriminator made step 128
generator made step 144
discriminator made step 144
generator made step 160
discriminator made step 160
generator made step 176
discriminator made step 176
generator made step 192
discriminator made step 192
generator made step 208
discriminator made step 208
generator made step 224
discriminator made step 224
generator made step 240
discriminator made step 240
generator made step 256
discriminator made step 256
generator made step 272
discriminator made step 272
generator made step 288
discriminator made step 288
generator made step 304
discriminator made step 304
generator made step 320
discriminator made step 320
generator made step 336
discriminator made step 336
generator made step 352
discriminator made step 352
generator made step 368
discriminator made step 368
generator made step 384
discriminator made step 384
generator made step 400
discriminator made step 400
generator made step 416
discriminator made step 416
generator made step 432
discriminator made step 432
generator made step 448
discriminator made step 448
generator made step 464
discriminator made step 464
generator made step 480
discriminator made step 480
generator made step 496
discriminator made step 496
2022-07-31 13:25:18,687 - root - INFO - Total=461.347538, G=367.270079, D=89.053480, data=1.644705, next=3.379274
2022-07-31 13:25:25,523 - root - INFO - Total=6.834417, G=0.427374, data=3.139347, acc=0.545306, agg=0.166655, next=2.555735
saving checkpoint...
2022-07-31 13:25:36,886 - root - INFO - Time taken for epoch 43 is 479.5469741821289 sec
2022-07-31 13:25:36,886 - root - INFO - Train time = 461.3475375175476, Valid time = 6.834417343139648
2022-07-31 13:25:36,886 - root - INFO - G losses = {'GAN': 3.3129022121429443, 'GAN_Feat': 0.4439274072647095, 'L1': 15.082433700561523}
2022-07-31 13:25:36,886 - root - INFO - D losses = {'D_Fake': 0.09059922397136688, 'D_real': 0.41591203212738037}
generator made step 0
discriminator made step 0
generator made step 16
discriminator made step 16
generator made step 32
discriminator made step 32
generator made step 48
discriminator made step 48
generator made step 64
discriminator made step 64
generator made step 80
discriminator made step 80
generator made step 96
discriminator made step 96
generator made step 112
discriminator made step 112
generator made step 128
discriminator made step 128
generator made step 144
discriminator made step 144
generator made step 160
discriminator made step 160
generator made step 176
discriminator made step 176
generator made step 192
discriminator made step 192
generator made step 208
discriminator made step 208
generator made step 224
discriminator made step 224
generator made step 240
discriminator made step 240
generator made step 256
discriminator made step 256
generator made step 272
discriminator made step 272
generator made step 288
discriminator made step 288
generator made step 304
discriminator made step 304
generator made step 320
discriminator made step 320
generator made step 336
discriminator made step 336
generator made step 352
discriminator made step 352
generator made step 368
discriminator made step 368
generator made step 384
discriminator made step 384
generator made step 400
discriminator made step 400
generator made step 416
discriminator made step 416
generator made step 432
discriminator made step 432
generator made step 448
discriminator made step 448
generator made step 464
discriminator made step 464
generator made step 480
discriminator made step 480
generator made step 496
discriminator made step 496
2022-07-31 13:32:51,742 - root - INFO - Total=434.854619, G=342.905546, D=88.975942, data=1.629513, next=1.343618
2022-07-31 13:32:56,884 - root - INFO - Total=5.140957, G=0.464290, data=3.166110, acc=0.006355, agg=0.129903, next=1.374299
saving checkpoint...
2022-07-31 13:33:07,281 - root - INFO - Time taken for epoch 44 is 450.3951234817505 sec
2022-07-31 13:33:07,281 - root - INFO - Train time = 434.8546185493469, Valid time = 5.140957355499268
2022-07-31 13:33:07,281 - root - INFO - G losses = {'GAN': 10.514287948608398, 'GAN_Feat': 0.5320137739181519, 'L1': 17.188465118408203}
2022-07-31 13:33:07,281 - root - INFO - D losses = {'D_Fake': 0.0, 'D_real': 0.011289625428617}
generator made step 0
discriminator made step 0
generator made step 16
discriminator made step 16
generator made step 32
discriminator made step 32
generator made step 48
discriminator made step 48
generator made step 64
discriminator made step 64
generator made step 80
discriminator made step 80
generator made step 96
discriminator made step 96
generator made step 112
discriminator made step 112
generator made step 128
discriminator made step 128
generator made step 144
discriminator made step 144
generator made step 160
discriminator made step 160
generator made step 176
discriminator made step 176
generator made step 192
discriminator made step 192
generator made step 208
discriminator made step 208
generator made step 224
discriminator made step 224
generator made step 240
discriminator made step 240
generator made step 256
discriminator made step 256
generator made step 272
discriminator made step 272
generator made step 288
discriminator made step 288
generator made step 304
discriminator made step 304
generator made step 320
discriminator made step 320
generator made step 336
discriminator made step 336
generator made step 352
discriminator made step 352
generator made step 368
discriminator made step 368
generator made step 384
discriminator made step 384
generator made step 400
discriminator made step 400
generator made step 416
discriminator made step 416
generator made step 432
discriminator made step 432
generator made step 448
discriminator made step 448
generator made step 464
discriminator made step 464
generator made step 480
discriminator made step 480
generator made step 496
discriminator made step 496
2022-07-31 13:40:22,955 - root - INFO - Total=435.672094, G=342.933619, D=89.015227, data=1.629454, next=2.093794
2022-07-31 13:40:27,817 - root - INFO - Total=4.861072, G=0.595192, data=2.970609, acc=0.009530, agg=0.128736, next=1.157005
saving checkpoint...
2022-07-31 13:40:38,198 - root - INFO - Time taken for epoch 45 is 450.9164283275604 sec
2022-07-31 13:40:38,198 - root - INFO - Train time = 435.67209362983704, Valid time = 4.861072063446045
2022-07-31 13:40:38,198 - root - INFO - G losses = {'GAN': 4.673392295837402, 'GAN_Feat': 0.46651771664619446, 'L1': 14.556404113769531}
2022-07-31 13:40:38,198 - root - INFO - D losses = {'D_Fake': 0.004436959978193045, 'D_real': 0.8061614036560059}
generator made step 0
discriminator made step 0
generator made step 16
discriminator made step 16
generator made step 32
discriminator made step 32
generator made step 48
discriminator made step 48
generator made step 64
discriminator made step 64
generator made step 80
discriminator made step 80
generator made step 96
discriminator made step 96
generator made step 112
discriminator made step 112
generator made step 128
discriminator made step 128
generator made step 144
discriminator made step 144
generator made step 160
discriminator made step 160
generator made step 176
discriminator made step 176
generator made step 192
discriminator made step 192
generator made step 208
discriminator made step 208
generator made step 224
discriminator made step 224
generator made step 240
discriminator made step 240
generator made step 256
discriminator made step 256
generator made step 272
discriminator made step 272
generator made step 288
discriminator made step 288
generator made step 304
discriminator made step 304
generator made step 320
discriminator made step 320
generator made step 336
discriminator made step 336
generator made step 352
discriminator made step 352
generator made step 368
discriminator made step 368
generator made step 384
discriminator made step 384
generator made step 400
discriminator made step 400
generator made step 416
discriminator made step 416
generator made step 432
discriminator made step 432
generator made step 448
discriminator made step 448
generator made step 464
discriminator made step 464
generator made step 480
discriminator made step 480
generator made step 496
discriminator made step 496
2022-07-31 13:47:52,792 - root - INFO - Total=434.592560, G=343.027286, D=88.963376, data=1.630756, next=0.971142
2022-07-31 13:47:58,753 - root - INFO - Total=5.960671, G=0.413796, data=3.337975, acc=0.005553, agg=0.149631, next=2.053716
saving checkpoint...
2022-07-31 13:48:09,080 - root - INFO - Time taken for epoch 46 is 450.88176131248474 sec
2022-07-31 13:48:09,080 - root - INFO - Train time = 434.5925598144531, Valid time = 5.9606711864471436
2022-07-31 13:48:09,080 - root - INFO - G losses = {'GAN': 3.8369035720825195, 'GAN_Feat': 0.4585396647453308, 'L1': 14.567261695861816}
2022-07-31 13:48:09,081 - root - INFO - D losses = {'D_Fake': 0.008895480073988438, 'D_real': 1.1563427448272705}
generator made step 0
discriminator made step 0
generator made step 16
discriminator made step 16
generator made step 32
discriminator made step 32
generator made step 48
discriminator made step 48
generator made step 64
discriminator made step 64
generator made step 80
discriminator made step 80
generator made step 96
discriminator made step 96
generator made step 112
discriminator made step 112
generator made step 128
discriminator made step 128
generator made step 144
discriminator made step 144
generator made step 160
discriminator made step 160
generator made step 176
discriminator made step 176
generator made step 192
discriminator made step 192
generator made step 208
discriminator made step 208
generator made step 224
discriminator made step 224
generator made step 240
discriminator made step 240
generator made step 256
discriminator made step 256
generator made step 272
discriminator made step 272
generator made step 288
discriminator made step 288
generator made step 304
discriminator made step 304
generator made step 320
discriminator made step 320
generator made step 336
discriminator made step 336
generator made step 352
discriminator made step 352
generator made step 368
discriminator made step 368
generator made step 384
discriminator made step 384
generator made step 400
discriminator made step 400
generator made step 416
discriminator made step 416
generator made step 432
discriminator made step 432
generator made step 448
discriminator made step 448
generator made step 464
discriminator made step 464
generator made step 480
discriminator made step 480
generator made step 496
discriminator made step 496
2022-07-31 13:55:23,612 - root - INFO - Total=434.529992, G=342.840363, D=88.923140, data=1.631527, next=1.134962
2022-07-31 13:55:29,521 - root - INFO - Total=5.908794, G=0.478744, data=3.240097, acc=0.008053, agg=0.167807, next=2.014094
saving checkpoint...
2022-07-31 13:55:39,770 - root - INFO - Time taken for epoch 47 is 450.689466714859 sec
2022-07-31 13:55:39,770 - root - INFO - Train time = 434.52999234199524, Valid time = 5.908794164657593
2022-07-31 13:55:39,770 - root - INFO - G losses = {'GAN': 4.7426958084106445, 'GAN_Feat': 0.5126708149909973, 'L1': 17.511564254760742}
2022-07-31 13:55:39,770 - root - INFO - D losses = {'D_Fake': 0.37184494733810425, 'D_real': 0.30407819151878357}
generator made step 0
discriminator made step 0
generator made step 16
discriminator made step 16
generator made step 32
discriminator made step 32
generator made step 48
discriminator made step 48
generator made step 64
discriminator made step 64
generator made step 80
discriminator made step 80
generator made step 96
discriminator made step 96
generator made step 112
discriminator made step 112
generator made step 128
discriminator made step 128
generator made step 144
discriminator made step 144
generator made step 160
discriminator made step 160
generator made step 176
discriminator made step 176
generator made step 192
discriminator made step 192
generator made step 208
discriminator made step 208
generator made step 224
discriminator made step 224
generator made step 240
discriminator made step 240
generator made step 256
discriminator made step 256
generator made step 272
discriminator made step 272
generator made step 288
discriminator made step 288
generator made step 304
discriminator made step 304
generator made step 320
discriminator made step 320
generator made step 336
discriminator made step 336
generator made step 352
discriminator made step 352
generator made step 368
discriminator made step 368
generator made step 384
discriminator made step 384
generator made step 400
discriminator made step 400
generator made step 416
discriminator made step 416
generator made step 432
discriminator made step 432
generator made step 448
discriminator made step 448
generator made step 464
discriminator made step 464
generator made step 480
discriminator made step 480
generator made step 496
discriminator made step 496
2022-07-31 14:02:54,109 - root - INFO - Total=434.337842, G=342.741099, D=88.978958, data=1.631941, next=0.985843
2022-07-31 14:02:59,856 - root - INFO - Total=5.745779, G=0.481660, data=3.224799, acc=0.007144, agg=0.141342, next=1.890833
saving checkpoint...
2022-07-31 14:03:10,206 - root - INFO - Time taken for epoch 48 is 450.4357736110687 sec
2022-07-31 14:03:10,206 - root - INFO - Train time = 434.3378415107727, Valid time = 5.745778799057007
2022-07-31 14:03:10,206 - root - INFO - G losses = {'GAN': 3.4205267429351807, 'GAN_Feat': 0.48182031512260437, 'L1': 14.678088188171387}
2022-07-31 14:03:10,206 - root - INFO - D losses = {'D_Fake': 0.2254638522863388, 'D_real': 0.7210487127304077}
generator made step 0
discriminator made step 0
generator made step 16
discriminator made step 16
generator made step 32
discriminator made step 32
generator made step 48
discriminator made step 48
generator made step 64
discriminator made step 64
generator made step 80
discriminator made step 80
generator made step 96
discriminator made step 96
generator made step 112
discriminator made step 112
generator made step 128
discriminator made step 128
generator made step 144
discriminator made step 144
generator made step 160
discriminator made step 160
generator made step 176
discriminator made step 176
generator made step 192
discriminator made step 192
generator made step 208
discriminator made step 208
generator made step 224
discriminator made step 224
generator made step 240
discriminator made step 240
generator made step 256
discriminator made step 256
generator made step 272
discriminator made step 272
generator made step 288
discriminator made step 288
generator made step 304
discriminator made step 304
generator made step 320
discriminator made step 320
generator made step 336
discriminator made step 336
generator made step 352
discriminator made step 352
generator made step 368
discriminator made step 368
generator made step 384
discriminator made step 384
generator made step 400
discriminator made step 400
generator made step 416
discriminator made step 416
generator made step 432
discriminator made step 432
generator made step 448
discriminator made step 448
generator made step 464
discriminator made step 464
generator made step 480
discriminator made step 480
generator made step 496
discriminator made step 496
2022-07-31 14:10:24,771 - root - INFO - Total=434.563861, G=342.790058, D=89.046764, data=1.630361, next=1.096679
2022-07-31 14:10:30,520 - root - INFO - Total=5.748006, G=0.418526, data=3.331611, acc=0.006615, agg=0.160567, next=1.830686
saving checkpoint...
SAVED NEW CHECKPOINT ##############################################
2022-07-31 14:10:49,477 - root - INFO - Time taken for epoch 49 is 459.27117466926575 sec
2022-07-31 14:10:49,477 - root - INFO - Train time = 434.56386137008667, Valid time = 5.748005628585815
2022-07-31 14:10:49,477 - root - INFO - G losses = {'GAN': 3.5533952713012695, 'GAN_Feat': 0.49971193075180054, 'L1': 15.660656929016113}
2022-07-31 14:10:49,478 - root - INFO - D losses = {'D_Fake': 0.5808995366096497, 'D_real': 0.0109419459477067}
generator made step 0
discriminator made step 0
generator made step 16
discriminator made step 16
generator made step 32
discriminator made step 32
generator made step 48
discriminator made step 48
generator made step 64
discriminator made step 64
generator made step 80
discriminator made step 80
generator made step 96
discriminator made step 96
generator made step 112
discriminator made step 112
generator made step 128
discriminator made step 128
generator made step 144
discriminator made step 144
generator made step 160
discriminator made step 160
generator made step 176
discriminator made step 176
generator made step 192
discriminator made step 192
generator made step 208
discriminator made step 208
generator made step 224
discriminator made step 224
generator made step 240
discriminator made step 240
generator made step 256
discriminator made step 256
generator made step 272
discriminator made step 272
generator made step 288
discriminator made step 288
generator made step 304
discriminator made step 304
generator made step 320
discriminator made step 320
generator made step 336
discriminator made step 336
generator made step 352
discriminator made step 352
generator made step 368
discriminator made step 368
generator made step 384
discriminator made step 384
generator made step 400
discriminator made step 400
generator made step 416
discriminator made step 416
srun: Job step aborted: Waiting up to 32 seconds for job step to finish.
slurmstepd: error: *** STEP 2856313.0 ON nid003613 CANCELLED AT 2022-07-31T14:16:52 DUE TO TIME LIMIT ***
slurmstepd: error: *** JOB 2856313 ON nid003613 CANCELLED AT 2022-07-31T14:16:52 DUE TO TIME LIMIT ***
