+ srun -u shifter -V /pscratch/sd/c/cjacobus/ML_Hydro_train/logs:/logs --image=nersc/pytorch:ngc-22.03-v0 --env PYTHONUSERBASE=/global/homes/c/cjacobus/.local/perlmutter/nersc-pytorch-ngc-22.03-v0 bash -c '
    source export_DDP_vars.sh
    python train.py --root_dir=/pscratch/sd/c/cjacobus/tsit --config=valid_up5_tanh_L1_spec
    '
[W socket.cpp:701] The server socket on [nid002733]:29500 is not yet listening (errno: 111 - Connection refused), will retry.
[W socket.cpp:701] The server socket on [nid002733]:29500 is not yet listening (errno: 111 - Connection refused), will retry.
[W socket.cpp:701] The server socket on [nid002733]:29500 is not yet listening (errno: 111 - Connection refused), will retry.
[W socket.cpp:701] The server socket on [nid002733]:29500 is not yet listening (errno: 111 - Connection refused), will retry.
[W socket.cpp:701] The server socket on [nid002733]:29500 is not yet listening (errno: 111 - Connection refused), will retry.
[W socket.cpp:701] The server socket on [nid002733]:29500 is not yet listening (errno: 111 - Connection refused), will retry.
[W socket.cpp:701] The server socket on [nid002733]:29500 is not yet listening (errno: 111 - Connection refused), will retry.
[W socket.cpp:701] The server socket on [nid002733]:29500 is not yet listening (errno: 111 - Connection refused), will retry.
[W socket.cpp:701] The server socket on [nid002733]:29500 is not yet listening (errno: 111 - Connection refused), will retry.
[W socket.cpp:701] The server socket on [nid002733]:29500 is not yet listening (errno: 111 - Connection refused), will retry.
[W socket.cpp:701] The server socket on [nid002733]:29500 is not yet listening (errno: 111 - Connection refused), will retry.
[W socket.cpp:701] The server socket on [nid002733]:29500 is not yet listening (errno: 111 - Connection refused), will retry.
2022-07-31 04:30:01,557 - torch.distributed.distributed_c10d - INFO - Added key: store_based_barrier_key:1 to store for rank: 1
2022-07-31 04:30:01,558 - torch.distributed.distributed_c10d - INFO - Added key: store_based_barrier_key:1 to store for rank: 2
2022-07-31 04:30:01,559 - torch.distributed.distributed_c10d - INFO - Added key: store_based_barrier_key:1 to store for rank: 3
2022-07-31 04:30:01,791 - torch.distributed.distributed_c10d - INFO - Added key: store_based_barrier_key:1 to store for rank: 13
2022-07-31 04:30:01,797 - torch.distributed.distributed_c10d - INFO - Added key: store_based_barrier_key:1 to store for rank: 15
2022-07-31 04:30:01,798 - torch.distributed.distributed_c10d - INFO - Added key: store_based_barrier_key:1 to store for rank: 12
2022-07-31 04:30:01,799 - torch.distributed.distributed_c10d - INFO - Added key: store_based_barrier_key:1 to store for rank: 14
2022-07-31 04:30:02,283 - torch.distributed.distributed_c10d - INFO - Added key: store_based_barrier_key:1 to store for rank: 8
2022-07-31 04:30:02,285 - torch.distributed.distributed_c10d - INFO - Added key: store_based_barrier_key:1 to store for rank: 11
2022-07-31 04:30:02,287 - torch.distributed.distributed_c10d - INFO - Added key: store_based_barrier_key:1 to store for rank: 9
2022-07-31 04:30:02,288 - torch.distributed.distributed_c10d - INFO - Added key: store_based_barrier_key:1 to store for rank: 10
2022-07-31 04:30:02,349 - torch.distributed.distributed_c10d - INFO - Added key: store_based_barrier_key:1 to store for rank: 0
2022-07-31 04:30:02,538 - torch.distributed.distributed_c10d - INFO - Added key: store_based_barrier_key:1 to store for rank: 7
2022-07-31 04:30:02,542 - torch.distributed.distributed_c10d - INFO - Added key: store_based_barrier_key:1 to store for rank: 6
2022-07-31 04:30:02,545 - torch.distributed.distributed_c10d - INFO - Added key: store_based_barrier_key:1 to store for rank: 5
2022-07-31 04:30:02,545 - torch.distributed.distributed_c10d - INFO - Added key: store_based_barrier_key:1 to store for rank: 4
2022-07-31 04:30:02,545 - torch.distributed.distributed_c10d - INFO - Rank 4: Completed store-based barrier for key:store_based_barrier_key:1 with 16 nodes.
2022-07-31 04:30:02,546 - torch.distributed.distributed_c10d - INFO - Rank 14: Completed store-based barrier for key:store_based_barrier_key:1 with 16 nodes.
2022-07-31 04:30:02,546 - torch.distributed.distributed_c10d - INFO - Rank 15: Completed store-based barrier for key:store_based_barrier_key:1 with 16 nodes.
2022-07-31 04:30:02,547 - torch.distributed.distributed_c10d - INFO - Rank 12: Completed store-based barrier for key:store_based_barrier_key:1 with 16 nodes.
2022-07-31 04:30:02,548 - torch.distributed.distributed_c10d - INFO - Rank 7: Completed store-based barrier for key:store_based_barrier_key:1 with 16 nodes.
2022-07-31 04:30:02,548 - torch.distributed.distributed_c10d - INFO - Rank 8: Completed store-based barrier for key:store_based_barrier_key:1 with 16 nodes.
2022-07-31 04:30:02,550 - torch.distributed.distributed_c10d - INFO - Rank 11: Completed store-based barrier for key:store_based_barrier_key:1 with 16 nodes.
2022-07-31 04:30:02,551 - torch.distributed.distributed_c10d - INFO - Rank 13: Completed store-based barrier for key:store_based_barrier_key:1 with 16 nodes.
2022-07-31 04:30:02,551 - torch.distributed.distributed_c10d - INFO - Rank 0: Completed store-based barrier for key:store_based_barrier_key:1 with 16 nodes.
2022-07-31 04:30:02,552 - torch.distributed.distributed_c10d - INFO - Rank 6: Completed store-based barrier for key:store_based_barrier_key:1 with 16 nodes.
2022-07-31 04:30:02,552 - torch.distributed.distributed_c10d - INFO - Rank 1: Completed store-based barrier for key:store_based_barrier_key:1 with 16 nodes.
2022-07-31 04:30:02,554 - torch.distributed.distributed_c10d - INFO - Rank 9: Completed store-based barrier for key:store_based_barrier_key:1 with 16 nodes.
2022-07-31 04:30:02,554 - torch.distributed.distributed_c10d - INFO - Rank 3: Completed store-based barrier for key:store_based_barrier_key:1 with 16 nodes.
2022-07-31 04:30:02,554 - torch.distributed.distributed_c10d - INFO - Rank 10: Completed store-based barrier for key:store_based_barrier_key:1 with 16 nodes.
2022-07-31 04:30:02,555 - torch.distributed.distributed_c10d - INFO - Rank 2: Completed store-based barrier for key:store_based_barrier_key:1 with 16 nodes.
2022-07-31 04:30:02,555 - torch.distributed.distributed_c10d - INFO - Rank 5: Completed store-based barrier for key:store_based_barrier_key:1 with 16 nodes.
2022-07-31 04:30:02,569 - root - INFO - rank 6, begin data loader init
2022-07-31 04:30:02,569 - root - INFO - rank 4, begin data loader init
2022-07-31 04:30:02,569 - root - INFO - rank 5, begin data loader init
2022-07-31 04:30:02,569 - root - INFO - rank 7, begin data loader init
2022-07-31 04:30:02,569 - root - INFO - rank 14, begin data loader init
2022-07-31 04:30:02,569 - root - INFO - rank 6, data loader initialized
2022-07-31 04:30:02,569 - root - INFO - rank 4, data loader initialized
2022-07-31 04:30:02,569 - root - INFO - rank 5, data loader initialized
2022-07-31 04:30:02,569 - root - INFO - rank 7, data loader initialized
2022-07-31 04:30:02,569 - root - INFO - rank 13, begin data loader init
2022-07-31 04:30:02,569 - root - INFO - rank 12, begin data loader init
2022-07-31 04:30:02,569 - root - INFO - rank 15, begin data loader init
2022-07-31 04:30:02,569 - root - INFO - rank 14, data loader initialized
2022-07-31 04:30:02,570 - root - INFO - rank 12, data loader initialized
2022-07-31 04:30:02,570 - root - INFO - rank 13, data loader initialized
2022-07-31 04:30:02,570 - root - INFO - rank 15, data loader initialized
2022-07-31 04:30:02,571 - root - INFO - rank 9, begin data loader init
2022-07-31 04:30:02,571 - root - INFO - rank 10, begin data loader init
2022-07-31 04:30:02,571 - root - INFO - rank 11, begin data loader init
2022-07-31 04:30:02,571 - root - INFO - rank 8, begin data loader init
2022-07-31 04:30:02,572 - root - INFO - rank 9, data loader initialized
2022-07-31 04:30:02,572 - root - INFO - rank 10, data loader initialized
2022-07-31 04:30:02,572 - root - INFO - rank 11, data loader initialized
2022-07-31 04:30:02,572 - root - INFO - rank 8, data loader initialized
2022-07-31 04:30:02,577 - root - INFO - ------------------ Configuration ------------------
2022-07-31 04:30:02,577 - root - INFO - Configuration file: /global/u1/c/cjacobus/Nyx-TSIT/config/tsit.yaml
2022-07-31 04:30:02,577 - root - INFO - Configuration name: valid_up5_tanh_L1_spec
2022-07-31 04:30:02,577 - root - INFO - Nsamples 8192
2022-07-31 04:30:02,577 - root - INFO - Nsamples_val 512
2022-07-31 04:30:02,577 - root - INFO - niter 200
2022-07-31 04:30:02,577 - root - INFO - niter_decay 150
2022-07-31 04:30:02,577 - root - INFO - use_spec_loss False
2022-07-31 04:30:02,577 - root - INFO - lambda_spec 100.0
2022-07-31 04:30:02,577 - root - INFO - use_l1_loss True
2022-07-31 04:30:02,577 - root - INFO - lambda_l1 300.0
2022-07-31 04:30:02,577 - root - INFO - data_size 128
2022-07-31 04:30:02,577 - root - INFO - train_path /pscratch/sd/c/cjacobus/Nyx_512/train_s1_512_invar3_hydro.h5
2022-07-31 04:30:02,577 - root - INFO - val_path /pscratch/sd/c/cjacobus/Nyx_512/valid_s2_512_invar3_hydro.h5
2022-07-31 04:30:02,577 - root - INFO - num_upsampling_blocks 5
2022-07-31 04:30:02,577 - root - INFO - tanh False
2022-07-31 04:30:02,577 - root - INFO - num_data_workers 16
2022-07-31 04:30:02,577 - root - INFO - in_channels [0, 1, 2, 3, 17, 18, 19]
2022-07-31 04:30:02,577 - root - INFO - out_channels [0]
2022-07-31 04:30:02,577 - root - INFO - min_path /pscratch/sd/s/shas1693/data/era5/mins.npy
2022-07-31 04:30:02,577 - root - INFO - max_path /pscratch/sd/s/shas1693/data/era5/maxs.npy
2022-07-31 04:30:02,577 - root - INFO - time_means_path /pscratch/sd/s/shas1693/data/era5/time_means.npy
2022-07-31 04:30:02,577 - root - INFO - global_means_path /pscratch/sd/s/shas1693/data/era5/global_means.npy
2022-07-31 04:30:02,577 - root - INFO - global_stds_path /pscratch/sd/s/shas1693/data/era5/global_stds.npy
2022-07-31 04:30:02,578 - root - INFO - precip /pscratch/sd/p/pharring/ERA5/precip/total_precipitation
2022-07-31 04:30:02,578 - root - INFO - precip_eps 1e-05
2022-07-31 04:30:02,578 - root - INFO - dt 1
2022-07-31 04:30:02,578 - root - INFO - n_history 0
2022-07-31 04:30:02,578 - root - INFO - crop_size_x None
2022-07-31 04:30:02,578 - root - INFO - crop_size_y None
2022-07-31 04:30:02,578 - root - INFO - roll False
2022-07-31 04:30:02,578 - root - INFO - conttime False
2022-07-31 04:30:02,578 - root - INFO - normalization zscore
2022-07-31 04:30:02,578 - root - INFO - add_grid False
2022-07-31 04:30:02,578 - root - INFO - model pix2pix
2022-07-31 04:30:02,578 - root - INFO - norm_G spectralfadebatch3x3
2022-07-31 04:30:02,578 - root - INFO - norm_D spectralinstance
2022-07-31 04:30:02,578 - root - INFO - norm_S spectralinstance
2022-07-31 04:30:02,578 - root - INFO - norm_E spectralinstance
2022-07-31 04:30:02,578 - root - INFO - batch_size 16
2022-07-31 04:30:02,578 - root - INFO - img_size [512, 512, 512]
2022-07-31 04:30:02,578 - root - INFO - box_size [512, 512, 512]
2022-07-31 04:30:02,578 - root - INFO - input_nc 5
2022-07-31 04:30:02,578 - root - INFO - output_nc 5
2022-07-31 04:30:02,578 - root - INFO - netG tsit
2022-07-31 04:30:02,578 - root - INFO - ngf 64
2022-07-31 04:30:02,578 - root - INFO - init_type xavier
2022-07-31 04:30:02,578 - root - INFO - init_variance 0.02
2022-07-31 04:30:02,578 - root - INFO - z_dim 256
2022-07-31 04:30:02,578 - root - INFO - alpha 1.0
2022-07-31 04:30:02,578 - root - INFO - no_ss True
2022-07-31 04:30:02,578 - root - INFO - downsamp True
2022-07-31 04:30:02,578 - root - INFO - use_periodic_padding True
2022-07-31 04:30:02,578 - root - INFO - additive_noise False
2022-07-31 04:30:02,578 - root - INFO - nef 16
2022-07-31 04:30:02,578 - root - INFO - use_vae False
2022-07-31 04:30:02,578 - root - INFO - optimizer adam
2022-07-31 04:30:02,578 - root - INFO - beta1 0.5
2022-07-31 04:30:02,578 - root - INFO - beta2 0.999
2022-07-31 04:30:02,578 - root - INFO - lr 0.0002
2022-07-31 04:30:02,578 - root - INFO - D_steps_per_G 1
2022-07-31 04:30:02,578 - root - INFO - ndf 64
2022-07-31 04:30:02,578 - root - INFO - lambda_feat 0.5
2022-07-31 04:30:02,578 - root - INFO - no_ganFeat_loss False
2022-07-31 04:30:02,578 - root - INFO - gan_mode hinge
2022-07-31 04:30:02,578 - root - INFO - netD multiscale
2022-07-31 04:30:02,578 - root - INFO - num_D 2
2022-07-31 04:30:02,578 - root - INFO - n_layers_D 4
2022-07-31 04:30:02,578 - root - INFO - no_TTUR True
2022-07-31 04:30:02,578 - root - INFO - lambda_kld 0.05
2022-07-31 04:30:02,578 - root - INFO - cat_inp False
2022-07-31 04:30:02,578 - root - INFO - entity weatherbenching
2022-07-31 04:30:02,578 - root - INFO - project Nyx-TSIT
2022-07-31 04:30:02,578 - root - INFO - log_to_wandb True
2022-07-31 04:30:02,578 - root - INFO - log_to_screen True
2022-07-31 04:30:02,578 - root - INFO - save_checkpoint True
2022-07-31 04:30:02,578 - root - INFO - weight_init ordereddict([('conv_init', 'normal'), ('conv_scale', 0.02), ('conv_bias', 0.0)])
2022-07-31 04:30:02,578 - root - INFO - lambda_rho 0
2022-07-31 04:30:02,578 - root - INFO - full_scale True
2022-07-31 04:30:02,578 - root - INFO - global_batch_size 64
2022-07-31 04:30:02,578 - root - INFO - base_batch_size 64
2022-07-31 04:30:02,578 - root - INFO - num_epochs 60
2022-07-31 04:30:02,578 - root - INFO - enable_amp False
2022-07-31 04:30:02,578 - root - INFO - enable_apex False
2022-07-31 04:30:02,579 - root - INFO - enable_benchy False
2022-07-31 04:30:02,579 - root - INFO - enable_jit False
2022-07-31 04:30:02,579 - root - INFO - expdir /logs
2022-07-31 04:30:02,579 - root - INFO - lr_schedule ordereddict([('scaling', 'sqrt'), ('start_lr', 0.0002), ('end_lr', 0.0), ('warmup_steps', 128)])
2022-07-31 04:30:02,579 - root - INFO - data_loader_config lowmem
2022-07-31 04:30:02,579 - root - INFO - N_out_channels 5
2022-07-31 04:30:02,579 - root - INFO - N_in_channels 5
2022-07-31 04:30:02,579 - root - INFO - use_cache None
2022-07-31 04:30:02,579 - root - INFO - ---------------------------------------------------
log_to_wandb -------------------------------------------------------------------
2022-07-31 04:30:02,579 - root - INFO - rank 2, begin data loader init
dir exists: /pscratch/sd/c/cjacobus/tsit/expts/valid_up5_tanh_L1_spec/checkpoints/
2022-07-31 04:30:02,579 - root - INFO - rank 3, begin data loader init
2022-07-31 04:30:02,579 - root - INFO - rank 1, begin data loader init
2022-07-31 04:30:02,579 - root - INFO - rank 2, data loader initialized
2022-07-31 04:30:02,579 - root - INFO - rank 3, data loader initialized
2022-07-31 04:30:02,579 - root - INFO - rank 1, data loader initialized
wandb: Currently logged in as: cjacobus (use `wandb login --relogin` to force relogin)
wandb: wandb version 0.12.21 is available!  To upgrade, please run:
wandb:  $ pip install wandb --upgrade
wandb: Tracking run with wandb version 0.12.13
wandb: Run data is saved locally in /pscratch/sd/c/cjacobus/tsit/expts/valid_up5_tanh_L1_spec/wandb/run-20220731_043003-xj7e74nu
wandb: Run `wandb offline` to turn off syncing.
wandb: Resuming run valid_up5_tanh_L1_spec
wandb: ⭐️ View project at https://wandb.ai/weatherbenching/Nyx-TSIT
wandb: 🚀 View run at https://wandb.ai/weatherbenching/Nyx-TSIT/runs/xj7e74nu
checking dir: /pscratch/sd/c/cjacobus/tsit/expts/valid_up5_tanh_L1_spec/checkpoints/
dir exists: /pscratch/sd/c/cjacobus/tsit/expts/valid_up5_tanh_L1_spec/checkpoints/
2022-07-31 04:30:04,064 - root - INFO - rank 0, begin data loader init
2022-07-31 04:30:04,064 - root - INFO - rank 0, data loader initialized
Network [TSITGenerator] was created. Total number of parameters: 991.3 million. To see the architecture, do print(network).
Network [TSITGenerator] was created. Total number of parameters: 991.3 million. To see the architecture, do print(network).
Network [TSITGenerator] was created. Total number of parameters: 991.3 million. To see the architecture, do print(network).
Network [TSITGenerator] was created. Total number of parameters: 991.3 million. To see the architecture, do print(network).
Network [TSITGenerator] was created. Total number of parameters: 991.3 million. To see the architecture, do print(network).
Network [TSITGenerator] was created. Total number of parameters: 991.3 million. To see the architecture, do print(network).
Network [TSITGenerator] was created. Total number of parameters: 991.3 million. To see the architecture, do print(network).
Network [TSITGenerator] was created. Total number of parameters: 991.3 million. To see the architecture, do print(network).
Network [TSITGenerator] was created. Total number of parameters: 991.3 million. To see the architecture, do print(network).
Network [TSITGenerator] was created. Total number of parameters: 991.3 million. To see the architecture, do print(network).
Network [TSITGenerator] was created. Total number of parameters: 991.3 million. To see the architecture, do print(network).
Network [TSITGenerator] was created. Total number of parameters: 991.3 million. To see the architecture, do print(network).
Network [TSITGenerator] was created. Total number of parameters: 991.3 million. To see the architecture, do print(network).
Network [TSITGenerator] was created. Total number of parameters: 991.3 million. To see the architecture, do print(network).
Network [TSITGenerator] was created. Total number of parameters: 991.3 million. To see the architecture, do print(network).
Network [TSITGenerator] was created. Total number of parameters: 991.3 million. To see the architecture, do print(network).
Network [MultiscaleDiscriminator] was created. Total number of parameters: 22.1 million. To see the architecture, do print(network).
Network [MultiscaleDiscriminator] was created. Total number of parameters: 22.1 million. To see the architecture, do print(network).
Network [MultiscaleDiscriminator] was created. Total number of parameters: 22.1 million. To see the architecture, do print(network).
Network [MultiscaleDiscriminator] was created. Total number of parameters: 22.1 million. To see the architecture, do print(network).
Network [MultiscaleDiscriminator] was created. Total number of parameters: 22.1 million. To see the architecture, do print(network).
Network [MultiscaleDiscriminator] was created. Total number of parameters: 22.1 million. To see the architecture, do print(network).
Network [MultiscaleDiscriminator] was created. Total number of parameters: 22.1 million. To see the architecture, do print(network).
Network [MultiscaleDiscriminator] was created. Total number of parameters: 22.1 million. To see the architecture, do print(network).
Network [MultiscaleDiscriminator] was created. Total number of parameters: 22.1 million. To see the architecture, do print(network).
Network [MultiscaleDiscriminator] was created. Total number of parameters: 22.1 million. To see the architecture, do print(network).
Network [MultiscaleDiscriminator] was created. Total number of parameters: 22.1 million. To see the architecture, do print(network).
Network [MultiscaleDiscriminator] was created. Total number of parameters: 22.1 million. To see the architecture, do print(network).
Network [MultiscaleDiscriminator] was created. Total number of parameters: 22.1 million. To see the architecture, do print(network).
Network [MultiscaleDiscriminator] was created. Total number of parameters: 22.1 million. To see the architecture, do print(network).
Network [MultiscaleDiscriminator] was created. Total number of parameters: 22.1 million. To see the architecture, do print(network).
Network [MultiscaleDiscriminator] was created. Total number of parameters: 22.1 million. To see the architecture, do print(network).
2022-07-31 04:30:24,642 - root - INFO - Loading checkpoint /pscratch/sd/c/cjacobus/tsit/expts/valid_up5_tanh_L1_spec/checkpoints/ckpt.tar
2022-07-31 04:30:24,642 - root - INFO - Loading checkpoint /pscratch/sd/c/cjacobus/tsit/expts/valid_up5_tanh_L1_spec/checkpoints/ckpt.tar
2022-07-31 04:30:24,643 - root - INFO - Loading checkpoint /pscratch/sd/c/cjacobus/tsit/expts/valid_up5_tanh_L1_spec/checkpoints/ckpt.tar
2022-07-31 04:30:24,644 - root - INFO - Loading checkpoint /pscratch/sd/c/cjacobus/tsit/expts/valid_up5_tanh_L1_spec/checkpoints/ckpt.tar
2022-07-31 04:30:24,645 - root - INFO - Loading checkpoint /pscratch/sd/c/cjacobus/tsit/expts/valid_up5_tanh_L1_spec/checkpoints/ckpt.tar
2022-07-31 04:30:24,645 - root - INFO - Loading checkpoint /pscratch/sd/c/cjacobus/tsit/expts/valid_up5_tanh_L1_spec/checkpoints/ckpt.tar
2022-07-31 04:30:24,646 - root - INFO - Loading checkpoint /pscratch/sd/c/cjacobus/tsit/expts/valid_up5_tanh_L1_spec/checkpoints/ckpt.tar
2022-07-31 04:30:24,647 - root - INFO - Loading checkpoint /pscratch/sd/c/cjacobus/tsit/expts/valid_up5_tanh_L1_spec/checkpoints/ckpt.tar
2022-07-31 04:30:24,647 - root - INFO - Loading checkpoint /pscratch/sd/c/cjacobus/tsit/expts/valid_up5_tanh_L1_spec/checkpoints/ckpt.tar
2022-07-31 04:30:24,647 - root - INFO - Loading checkpoint /pscratch/sd/c/cjacobus/tsit/expts/valid_up5_tanh_L1_spec/checkpoints/ckpt.tar
2022-07-31 04:30:24,648 - root - INFO - Loading checkpoint /pscratch/sd/c/cjacobus/tsit/expts/valid_up5_tanh_L1_spec/checkpoints/ckpt.tar
2022-07-31 04:30:24,649 - root - INFO - Loading checkpoint /pscratch/sd/c/cjacobus/tsit/expts/valid_up5_tanh_L1_spec/checkpoints/ckpt.tar
2022-07-31 04:30:24,649 - root - INFO - Loading checkpoint /pscratch/sd/c/cjacobus/tsit/expts/valid_up5_tanh_L1_spec/checkpoints/ckpt.tar
2022-07-31 04:30:24,649 - root - INFO - Loading checkpoint /pscratch/sd/c/cjacobus/tsit/expts/valid_up5_tanh_L1_spec/checkpoints/ckpt.tar
2022-07-31 04:30:24,649 - root - INFO - Loading checkpoint /pscratch/sd/c/cjacobus/tsit/expts/valid_up5_tanh_L1_spec/checkpoints/ckpt.tar
2022-07-31 04:30:24,650 - root - INFO - Loading checkpoint /pscratch/sd/c/cjacobus/tsit/expts/valid_up5_tanh_L1_spec/checkpoints/ckpt.tar
2022-07-31 04:30:30,532 - root - INFO - Starting Training Loop...
[W reducer.cpp:1282] Warning: find_unused_parameters=True was specified in DDP constructor, but did not find any unused parameters in the forward pass. This flag results in an extra traversal of the autograd graph every iteration,  which can adversely affect performance. If your model indeed never has any unused parameters in the forward pass, consider turning this flag off. Note that this warning may be a false positive if your model has flow control causing later iterations to have unused parameters. (function operator())
[W reducer.cpp:1282] Warning: find_unused_parameters=True was specified in DDP constructor, but did not find any unused parameters in the forward pass. This flag results in an extra traversal of the autograd graph every iteration,  which can adversely affect performance. If your model indeed never has any unused parameters in the forward pass, consider turning this flag off. Note that this warning may be a false positive if your model has flow control causing later iterations to have unused parameters. (function operator())
[W reducer.cpp:1282] Warning: find_unused_parameters=True was specified in DDP constructor, but did not find any unused parameters in the forward pass. This flag results in an extra traversal of the autograd graph every iteration,  which can adversely affect performance. If your model indeed never has any unused parameters in the forward pass, consider turning this flag off. Note that this warning may be a false positive if your model has flow control causing later iterations to have unused parameters. (function operator())
[W reducer.cpp:1282] Warning: find_unused_parameters=True was specified in DDP constructor, but did not find any unused parameters in the forward pass. This flag results in an extra traversal of the autograd graph every iteration,  which can adversely affect performance. If your model indeed never has any unused parameters in the forward pass, consider turning this flag off. Note that this warning may be a false positive if your model has flow control causing later iterations to have unused parameters. (function operator())
[W reducer.cpp:1282] Warning: find_unused_parameters=True was specified in DDP constructor, but did not find any unused parameters in the forward pass. This flag results in an extra traversal of the autograd graph every iteration,  which can adversely affect performance. If your model indeed never has any unused parameters in the forward pass, consider turning this flag off. Note that this warning may be a false positive if your model has flow control causing later iterations to have unused parameters. (function operator())
[W reducer.cpp:1282] Warning: find_unused_parameters=True was specified in DDP constructor, but did not find any unused parameters in the forward pass. This flag results in an extra traversal of the autograd graph every iteration,  which can adversely affect performance. If your model indeed never has any unused parameters in the forward pass, consider turning this flag off. Note that this warning may be a false positive if your model has flow control causing later iterations to have unused parameters. (function operator())
[W reducer.cpp:1282] Warning: find_unused_parameters=True was specified in DDP constructor, but did not find any unused parameters in the forward pass. This flag results in an extra traversal of the autograd graph every iteration,  which can adversely affect performance. If your model indeed never has any unused parameters in the forward pass, consider turning this flag off. Note that this warning may be a false positive if your model has flow control causing later iterations to have unused parameters. (function operator())
[W reducer.cpp:1282] Warning: find_unused_parameters=True was specified in DDP constructor, but did not find any unused parameters in the forward pass. This flag results in an extra traversal of the autograd graph every iteration,  which can adversely affect performance. If your model indeed never has any unused parameters in the forward pass, consider turning this flag off. Note that this warning may be a false positive if your model has flow control causing later iterations to have unused parameters. (function operator())
[W reducer.cpp:1282] Warning: find_unused_parameters=True was specified in DDP constructor, but did not find any unused parameters in the forward pass. This flag results in an extra traversal of the autograd graph every iteration,  which can adversely affect performance. If your model indeed never has any unused parameters in the forward pass, consider turning this flag off. Note that this warning may be a false positive if your model has flow control causing later iterations to have unused parameters. (function operator())
[W reducer.cpp:1282] Warning: find_unused_parameters=True was specified in DDP constructor, but did not find any unused parameters in the forward pass. This flag results in an extra traversal of the autograd graph every iteration,  which can adversely affect performance. If your model indeed never has any unused parameters in the forward pass, consider turning this flag off. Note that this warning may be a false positive if your model has flow control causing later iterations to have unused parameters. (function operator())
[W reducer.cpp:1282] Warning: find_unused_parameters=True was specified in DDP constructor, but did not find any unused parameters in the forward pass. This flag results in an extra traversal of the autograd graph every iteration,  which can adversely affect performance. If your model indeed never has any unused parameters in the forward pass, consider turning this flag off. Note that this warning may be a false positive if your model has flow control causing later iterations to have unused parameters. (function operator())
[W reducer.cpp:1282] Warning: find_unused_parameters=True was specified in DDP constructor, but did not find any unused parameters in the forward pass. This flag results in an extra traversal of the autograd graph every iteration,  which can adversely affect performance. If your model indeed never has any unused parameters in the forward pass, consider turning this flag off. Note that this warning may be a false positive if your model has flow control causing later iterations to have unused parameters. (function operator())
[W reducer.cpp:1282] Warning: find_unused_parameters=True was specified in DDP constructor, but did not find any unused parameters in the forward pass. This flag results in an extra traversal of the autograd graph every iteration,  which can adversely affect performance. If your model indeed never has any unused parameters in the forward pass, consider turning this flag off. Note that this warning may be a false positive if your model has flow control causing later iterations to have unused parameters. (function operator())
[W reducer.cpp:1282] Warning: find_unused_parameters=True was specified in DDP constructor, but did not find any unused parameters in the forward pass. This flag results in an extra traversal of the autograd graph every iteration,  which can adversely affect performance. If your model indeed never has any unused parameters in the forward pass, consider turning this flag off. Note that this warning may be a false positive if your model has flow control causing later iterations to have unused parameters. (function operator())
[W reducer.cpp:1282] Warning: find_unused_parameters=True was specified in DDP constructor, but did not find any unused parameters in the forward pass. This flag results in an extra traversal of the autograd graph every iteration,  which can adversely affect performance. If your model indeed never has any unused parameters in the forward pass, consider turning this flag off. Note that this warning may be a false positive if your model has flow control causing later iterations to have unused parameters. (function operator())
[W reducer.cpp:1282] Warning: find_unused_parameters=True was specified in DDP constructor, but did not find any unused parameters in the forward pass. This flag results in an extra traversal of the autograd graph every iteration,  which can adversely affect performance. If your model indeed never has any unused parameters in the forward pass, consider turning this flag off. Note that this warning may be a false positive if your model has flow control causing later iterations to have unused parameters. (function operator())
generator made step 0
discriminator made step 0
generator made step 16
discriminator made step 16
generator made step 32
discriminator made step 32
generator made step 48
discriminator made step 48
generator made step 64
discriminator made step 64
generator made step 80
discriminator made step 80
generator made step 96
discriminator made step 96
generator made step 112
discriminator made step 112
generator made step 128
discriminator made step 128
generator made step 144
discriminator made step 144
generator made step 160
discriminator made step 160
generator made step 176
discriminator made step 176
generator made step 192
discriminator made step 192
generator made step 208
discriminator made step 208
generator made step 224
discriminator made step 224
generator made step 240
discriminator made step 240
generator made step 256
discriminator made step 256
generator made step 272
discriminator made step 272
generator made step 288
discriminator made step 288
generator made step 304
discriminator made step 304
generator made step 320
discriminator made step 320
generator made step 336
discriminator made step 336
generator made step 352
discriminator made step 352
generator made step 368
discriminator made step 368
generator made step 384
discriminator made step 384
generator made step 400
discriminator made step 400
generator made step 416
discriminator made step 416
generator made step 432
discriminator made step 432
generator made step 448
discriminator made step 448
generator made step 464
discriminator made step 464
generator made step 480
discriminator made step 480
generator made step 496
discriminator made step 496
2022-07-31 04:38:13,343 - root - INFO - Total=462.809931, G=369.074463, D=89.137101, data=1.654070, next=2.944298
2022-07-31 04:38:20,320 - root - INFO - Total=6.976433, G=0.400009, data=3.157540, acc=0.554014, agg=0.174642, next=2.690228
saving checkpoint...
2022-07-31 04:38:31,883 - root - INFO - Time taken for epoch 29 is 481.35092782974243 sec
2022-07-31 04:38:31,883 - root - INFO - Train time = 462.8099310398102, Valid time = 6.976433277130127
2022-07-31 04:38:31,883 - root - INFO - G losses = {'GAN': 5.943639755249023, 'GAN_Feat': 0.5768951177597046, 'L1': 19.21099853515625}
2022-07-31 04:38:31,883 - root - INFO - D losses = {'D_Fake': 2.5284583898610435e-05, 'D_real': 0.0}
generator made step 0
discriminator made step 0
generator made step 16
discriminator made step 16
generator made step 32
discriminator made step 32
generator made step 48
discriminator made step 48
generator made step 64
discriminator made step 64
generator made step 80
discriminator made step 80
generator made step 96
discriminator made step 96
generator made step 112
discriminator made step 112
generator made step 128
discriminator made step 128
generator made step 144
discriminator made step 144
generator made step 160
discriminator made step 160
generator made step 176
discriminator made step 176
generator made step 192
discriminator made step 192
generator made step 208
discriminator made step 208
generator made step 224
discriminator made step 224
generator made step 240
discriminator made step 240
generator made step 256
discriminator made step 256
generator made step 272
discriminator made step 272
generator made step 288
discriminator made step 288
generator made step 304
discriminator made step 304
generator made step 320
discriminator made step 320
generator made step 336
discriminator made step 336
generator made step 352
discriminator made step 352
generator made step 368
discriminator made step 368
generator made step 384
discriminator made step 384
generator made step 400
discriminator made step 400
generator made step 416
discriminator made step 416
generator made step 432
discriminator made step 432
generator made step 448
discriminator made step 448
generator made step 464
discriminator made step 464
generator made step 480
discriminator made step 480
generator made step 496
discriminator made step 496
2022-07-31 04:45:46,901 - root - INFO - Total=435.016349, G=342.936447, D=89.119407, data=1.630728, next=1.329767
2022-07-31 04:45:52,386 - root - INFO - Total=5.484527, G=0.416954, data=3.155596, acc=0.014029, agg=0.145173, next=1.752775
saving checkpoint...
2022-07-31 04:46:02,931 - root - INFO - Time taken for epoch 30 is 451.04811811447144 sec
2022-07-31 04:46:02,931 - root - INFO - Train time = 435.0163493156433, Valid time = 5.484527349472046
2022-07-31 04:46:02,931 - root - INFO - G losses = {'GAN': 7.552096366882324, 'GAN_Feat': 0.5054476857185364, 'L1': 20.064697265625}
2022-07-31 04:46:02,931 - root - INFO - D losses = {'D_Fake': 3.939377165806945e-06, 'D_real': 0.13850656151771545}
generator made step 0
discriminator made step 0
generator made step 16
discriminator made step 16
generator made step 32
discriminator made step 32
generator made step 48
discriminator made step 48
generator made step 64
discriminator made step 64
generator made step 80
discriminator made step 80
generator made step 96
discriminator made step 96
generator made step 112
discriminator made step 112
generator made step 128
discriminator made step 128
generator made step 144
discriminator made step 144
generator made step 160
discriminator made step 160
generator made step 176
discriminator made step 176
generator made step 192
discriminator made step 192
generator made step 208
discriminator made step 208
generator made step 224
discriminator made step 224
generator made step 240
discriminator made step 240
generator made step 256
discriminator made step 256
generator made step 272
discriminator made step 272
generator made step 288
discriminator made step 288
generator made step 304
discriminator made step 304
generator made step 320
discriminator made step 320
generator made step 336
discriminator made step 336
generator made step 352
discriminator made step 352
generator made step 368
discriminator made step 368
generator made step 384
discriminator made step 384
generator made step 400
discriminator made step 400
generator made step 416
discriminator made step 416
generator made step 432
discriminator made step 432
generator made step 448
discriminator made step 448
generator made step 464
discriminator made step 464
generator made step 480
discriminator made step 480
generator made step 496
discriminator made step 496
2022-07-31 04:53:17,690 - root - INFO - Total=434.757161, G=342.802776, D=89.111615, data=1.631410, next=1.211360
2022-07-31 04:53:23,461 - root - INFO - Total=5.770039, G=0.414619, data=3.173073, acc=0.005952, agg=0.152134, next=2.024261
saving checkpoint...
2022-07-31 04:53:33,962 - root - INFO - Time taken for epoch 31 is 451.03071904182434 sec
2022-07-31 04:53:33,962 - root - INFO - Train time = 434.7571609020233, Valid time = 5.770038843154907
2022-07-31 04:53:33,962 - root - INFO - G losses = {'GAN': 4.443943023681641, 'GAN_Feat': 0.4253835678100586, 'L1': 16.933635711669922}
2022-07-31 04:53:33,962 - root - INFO - D losses = {'D_Fake': 0.0009116347646340728, 'D_real': 0.0020584100857377052}
generator made step 0
discriminator made step 0
generator made step 16
discriminator made step 16
generator made step 32
discriminator made step 32
generator made step 48
discriminator made step 48
generator made step 64
discriminator made step 64
generator made step 80
discriminator made step 80
generator made step 96
discriminator made step 96
generator made step 112
discriminator made step 112
generator made step 128
discriminator made step 128
generator made step 144
discriminator made step 144
generator made step 160
discriminator made step 160
generator made step 176
discriminator made step 176
generator made step 192
discriminator made step 192
generator made step 208
discriminator made step 208
generator made step 224
discriminator made step 224
generator made step 240
discriminator made step 240
generator made step 256
discriminator made step 256
generator made step 272
discriminator made step 272
generator made step 288
discriminator made step 288
generator made step 304
discriminator made step 304
generator made step 320
discriminator made step 320
generator made step 336
discriminator made step 336
generator made step 352
discriminator made step 352
generator made step 368
discriminator made step 368
generator made step 384
discriminator made step 384
generator made step 400
discriminator made step 400
generator made step 416
discriminator made step 416
generator made step 432
discriminator made step 432
generator made step 448
discriminator made step 448
generator made step 464
discriminator made step 464
generator made step 480
discriminator made step 480
generator made step 496
discriminator made step 496
2022-07-31 05:00:48,787 - root - INFO - Total=434.823640, G=342.778707, D=89.134944, data=1.630959, next=1.279029
2022-07-31 05:00:54,484 - root - INFO - Total=5.695531, G=0.544673, data=3.120292, acc=0.006564, agg=0.147923, next=1.876079
saving checkpoint...
2022-07-31 05:01:04,975 - root - INFO - Time taken for epoch 32 is 451.01268768310547 sec
2022-07-31 05:01:04,975 - root - INFO - Train time = 434.82363963127136, Valid time = 5.695530891418457
2022-07-31 05:01:04,975 - root - INFO - G losses = {'GAN': 2.4035725593566895, 'GAN_Feat': 0.4530339539051056, 'L1': 15.59152889251709}
2022-07-31 05:01:04,975 - root - INFO - D losses = {'D_Fake': 0.10755479335784912, 'D_real': 0.006916651036590338}
generator made step 0
discriminator made step 0
generator made step 16
discriminator made step 16
generator made step 32
discriminator made step 32
generator made step 48
discriminator made step 48
generator made step 64
discriminator made step 64
generator made step 80
discriminator made step 80
generator made step 96
discriminator made step 96
generator made step 112
discriminator made step 112
generator made step 128
discriminator made step 128
generator made step 144
discriminator made step 144
generator made step 160
discriminator made step 160
generator made step 176
discriminator made step 176
generator made step 192
discriminator made step 192
generator made step 208
discriminator made step 208
generator made step 224
discriminator made step 224
generator made step 240
discriminator made step 240
generator made step 256
discriminator made step 256
generator made step 272
discriminator made step 272
generator made step 288
discriminator made step 288
generator made step 304
discriminator made step 304
generator made step 320
discriminator made step 320
generator made step 336
discriminator made step 336
generator made step 352
discriminator made step 352
generator made step 368
discriminator made step 368
generator made step 384
discriminator made step 384
generator made step 400
discriminator made step 400
generator made step 416
discriminator made step 416
generator made step 432
discriminator made step 432
generator made step 448
discriminator made step 448
generator made step 464
discriminator made step 464
generator made step 480
discriminator made step 480
generator made step 496
discriminator made step 496
2022-07-31 05:08:20,741 - root - INFO - Total=435.765002, G=342.916104, D=89.014832, data=1.630065, next=2.204001
2022-07-31 05:08:26,592 - root - INFO - Total=5.849858, G=0.498512, data=3.215635, acc=0.007103, agg=0.159905, next=1.968703
saving checkpoint...
2022-07-31 05:08:37,093 - root - INFO - Time taken for epoch 33 is 452.1179242134094 sec
2022-07-31 05:08:37,093 - root - INFO - Train time = 435.7650020122528, Valid time = 5.849858045578003
2022-07-31 05:08:37,094 - root - INFO - G losses = {'GAN': 3.1975479125976562, 'GAN_Feat': 0.4483831822872162, 'L1': 13.46074390411377}
2022-07-31 05:08:37,094 - root - INFO - D losses = {'D_Fake': 0.013759741559624672, 'D_real': 0.21423174440860748}
generator made step 0
discriminator made step 0
generator made step 16
discriminator made step 16
generator made step 32
discriminator made step 32
generator made step 48
discriminator made step 48
generator made step 64
discriminator made step 64
generator made step 80
discriminator made step 80
generator made step 96
discriminator made step 96
generator made step 112
discriminator made step 112
generator made step 128
discriminator made step 128
generator made step 144
discriminator made step 144
generator made step 160
discriminator made step 160
generator made step 176
discriminator made step 176
generator made step 192
discriminator made step 192
generator made step 208
discriminator made step 208
generator made step 224
discriminator made step 224
generator made step 240
discriminator made step 240
generator made step 256
discriminator made step 256
generator made step 272
discriminator made step 272
generator made step 288
discriminator made step 288
generator made step 304
discriminator made step 304
generator made step 320
discriminator made step 320
generator made step 336
discriminator made step 336
generator made step 352
discriminator made step 352
generator made step 368
discriminator made step 368
generator made step 384
discriminator made step 384
generator made step 400
discriminator made step 400
generator made step 416
discriminator made step 416
generator made step 432
discriminator made step 432
generator made step 448
discriminator made step 448
generator made step 464
discriminator made step 464
generator made step 480
discriminator made step 480
generator made step 496
discriminator made step 496
2022-07-31 05:15:51,969 - root - INFO - Total=434.874270, G=342.921247, D=89.044116, data=1.632013, next=1.276894
2022-07-31 05:15:57,724 - root - INFO - Total=5.753799, G=0.457823, data=3.206723, acc=0.016342, agg=0.152023, next=1.920888
saving checkpoint...
2022-07-31 05:16:08,172 - root - INFO - Time taken for epoch 34 is 451.078843832016 sec
2022-07-31 05:16:08,173 - root - INFO - Train time = 434.8742697238922, Valid time = 5.7537994384765625
2022-07-31 05:16:08,173 - root - INFO - G losses = {'GAN': 4.733095645904541, 'GAN_Feat': 0.4546233117580414, 'L1': 15.071629524230957}
2022-07-31 05:16:08,173 - root - INFO - D losses = {'D_Fake': 0.2740745544433594, 'D_real': 0.037920620292425156}
generator made step 0
discriminator made step 0
generator made step 16
discriminator made step 16
generator made step 32
discriminator made step 32
generator made step 48
discriminator made step 48
generator made step 64
discriminator made step 64
generator made step 80
discriminator made step 80
generator made step 96
discriminator made step 96
generator made step 112
discriminator made step 112
generator made step 128
discriminator made step 128
generator made step 144
discriminator made step 144
generator made step 160
discriminator made step 160
generator made step 176
discriminator made step 176
generator made step 192
discriminator made step 192
generator made step 208
discriminator made step 208
generator made step 224
discriminator made step 224
generator made step 240
discriminator made step 240
generator made step 256
discriminator made step 256
generator made step 272
discriminator made step 272
generator made step 288
discriminator made step 288
generator made step 304
discriminator made step 304
generator made step 320
discriminator made step 320
generator made step 336
discriminator made step 336
generator made step 352
discriminator made step 352
generator made step 368
discriminator made step 368
generator made step 384
discriminator made step 384
generator made step 400
discriminator made step 400
generator made step 416
discriminator made step 416
generator made step 432
discriminator made step 432
generator made step 448
discriminator made step 448
generator made step 464
discriminator made step 464
generator made step 480
discriminator made step 480
generator made step 496
discriminator made step 496
2022-07-31 05:23:22,848 - root - INFO - Total=434.674365, G=343.015872, D=88.998361, data=1.632086, next=1.028046
2022-07-31 05:23:28,315 - root - INFO - Total=5.466436, G=0.451119, data=3.171391, acc=0.006233, agg=0.142371, next=1.695321
saving checkpoint...
2022-07-31 05:23:38,901 - root - INFO - Time taken for epoch 35 is 450.7288625240326 sec
2022-07-31 05:23:38,902 - root - INFO - Train time = 434.67436504364014, Valid time = 5.46643590927124
2022-07-31 05:23:38,902 - root - INFO - G losses = {'GAN': 6.331484794616699, 'GAN_Feat': 0.49578848481178284, 'L1': 15.75296401977539}
2022-07-31 05:23:38,902 - root - INFO - D losses = {'D_Fake': 0.007307663094252348, 'D_real': 0.003077103290706873}
generator made step 0
discriminator made step 0
generator made step 16
discriminator made step 16
generator made step 32
discriminator made step 32
generator made step 48
discriminator made step 48
generator made step 64
discriminator made step 64
generator made step 80
discriminator made step 80
generator made step 96
discriminator made step 96
generator made step 112
discriminator made step 112
generator made step 128
discriminator made step 128
generator made step 144
discriminator made step 144
generator made step 160
discriminator made step 160
generator made step 176
discriminator made step 176
generator made step 192
discriminator made step 192
generator made step 208
discriminator made step 208
generator made step 224
discriminator made step 224
generator made step 240
discriminator made step 240
generator made step 256
discriminator made step 256
generator made step 272
discriminator made step 272
generator made step 288
discriminator made step 288
generator made step 304
discriminator made step 304
generator made step 320
discriminator made step 320
generator made step 336
discriminator made step 336
generator made step 352
discriminator made step 352
generator made step 368
discriminator made step 368
generator made step 384
discriminator made step 384
generator made step 400
discriminator made step 400
generator made step 416
discriminator made step 416
generator made step 432
discriminator made step 432
srun: Job step aborted: Waiting up to 32 seconds for job step to finish.
slurmstepd: error: *** STEP 2856311.0 ON nid002733 CANCELLED AT 2022-07-31T05:29:51 DUE TO TIME LIMIT ***
slurmstepd: error: *** JOB 2856311 ON nid002733 CANCELLED AT 2022-07-31T05:29:51 DUE TO TIME LIMIT ***
