+ srun -u shifter -V /pscratch/sd/c/cjacobus/ML_Hydro_train/logs:/logs --image=nersc/pytorch:ngc-22.03-v0 --env PYTHONUSERBASE=/global/homes/c/cjacobus/.local/perlmutter/nersc-pytorch-ngc-22.03-v0 bash -c '
    source export_DDP_vars.sh
    python train.py --root_dir=/pscratch/sd/c/cjacobus/tsit --config=valid_up5_tanh_L1
    '
[W socket.cpp:701] The server socket on [nid002229]:29500 is not yet listening (errno: 111 - Connection refused), will retry.
[W socket.cpp:701] The server socket on [nid002229]:29500 is not yet listening (errno: 111 - Connection refused), will retry.
2022-07-31 09:08:38,426 - torch.distributed.distributed_c10d - INFO - Added key: store_based_barrier_key:1 to store for rank: 3
2022-07-31 09:08:38,790 - torch.distributed.distributed_c10d - INFO - Added key: store_based_barrier_key:1 to store for rank: 8
2022-07-31 09:08:38,796 - torch.distributed.distributed_c10d - INFO - Added key: store_based_barrier_key:1 to store for rank: 10
2022-07-31 09:08:38,797 - torch.distributed.distributed_c10d - INFO - Added key: store_based_barrier_key:1 to store for rank: 11
2022-07-31 09:08:38,798 - torch.distributed.distributed_c10d - INFO - Added key: store_based_barrier_key:1 to store for rank: 9
2022-07-31 09:08:39,071 - torch.distributed.distributed_c10d - INFO - Added key: store_based_barrier_key:1 to store for rank: 7
2022-07-31 09:08:39,076 - torch.distributed.distributed_c10d - INFO - Added key: store_based_barrier_key:1 to store for rank: 4
2022-07-31 09:08:39,078 - torch.distributed.distributed_c10d - INFO - Added key: store_based_barrier_key:1 to store for rank: 6
2022-07-31 09:08:39,079 - torch.distributed.distributed_c10d - INFO - Added key: store_based_barrier_key:1 to store for rank: 5
2022-07-31 09:08:39,329 - torch.distributed.distributed_c10d - INFO - Added key: store_based_barrier_key:1 to store for rank: 2
2022-07-31 09:08:39,331 - torch.distributed.distributed_c10d - INFO - Added key: store_based_barrier_key:1 to store for rank: 0
2022-07-31 09:08:39,332 - torch.distributed.distributed_c10d - INFO - Added key: store_based_barrier_key:1 to store for rank: 1
2022-07-31 09:08:39,371 - torch.distributed.distributed_c10d - INFO - Added key: store_based_barrier_key:1 to store for rank: 12
2022-07-31 09:08:39,377 - torch.distributed.distributed_c10d - INFO - Added key: store_based_barrier_key:1 to store for rank: 15
2022-07-31 09:08:39,378 - torch.distributed.distributed_c10d - INFO - Added key: store_based_barrier_key:1 to store for rank: 13
2022-07-31 09:08:39,378 - torch.distributed.distributed_c10d - INFO - Added key: store_based_barrier_key:1 to store for rank: 14
2022-07-31 09:08:39,379 - torch.distributed.distributed_c10d - INFO - Rank 14: Completed store-based barrier for key:store_based_barrier_key:1 with 16 nodes.
2022-07-31 09:08:39,380 - torch.distributed.distributed_c10d - INFO - Rank 2: Completed store-based barrier for key:store_based_barrier_key:1 with 16 nodes.
2022-07-31 09:08:39,381 - torch.distributed.distributed_c10d - INFO - Rank 3: Completed store-based barrier for key:store_based_barrier_key:1 with 16 nodes.
2022-07-31 09:08:39,381 - torch.distributed.distributed_c10d - INFO - Rank 12: Completed store-based barrier for key:store_based_barrier_key:1 with 16 nodes.
2022-07-31 09:08:39,381 - torch.distributed.distributed_c10d - INFO - Rank 10: Completed store-based barrier for key:store_based_barrier_key:1 with 16 nodes.
2022-07-31 09:08:39,381 - torch.distributed.distributed_c10d - INFO - Rank 4: Completed store-based barrier for key:store_based_barrier_key:1 with 16 nodes.
2022-07-31 09:08:39,382 - torch.distributed.distributed_c10d - INFO - Rank 0: Completed store-based barrier for key:store_based_barrier_key:1 with 16 nodes.
2022-07-31 09:08:39,382 - torch.distributed.distributed_c10d - INFO - Rank 11: Completed store-based barrier for key:store_based_barrier_key:1 with 16 nodes.
2022-07-31 09:08:39,382 - torch.distributed.distributed_c10d - INFO - Rank 9: Completed store-based barrier for key:store_based_barrier_key:1 with 16 nodes.
2022-07-31 09:08:39,382 - torch.distributed.distributed_c10d - INFO - Rank 1: Completed store-based barrier for key:store_based_barrier_key:1 with 16 nodes.
2022-07-31 09:08:39,383 - torch.distributed.distributed_c10d - INFO - Rank 8: Completed store-based barrier for key:store_based_barrier_key:1 with 16 nodes.
2022-07-31 09:08:39,385 - torch.distributed.distributed_c10d - INFO - Rank 5: Completed store-based barrier for key:store_based_barrier_key:1 with 16 nodes.
2022-07-31 09:08:39,385 - torch.distributed.distributed_c10d - INFO - Rank 6: Completed store-based barrier for key:store_based_barrier_key:1 with 16 nodes.
2022-07-31 09:08:39,386 - torch.distributed.distributed_c10d - INFO - Rank 7: Completed store-based barrier for key:store_based_barrier_key:1 with 16 nodes.
2022-07-31 09:08:39,387 - torch.distributed.distributed_c10d - INFO - Rank 15: Completed store-based barrier for key:store_based_barrier_key:1 with 16 nodes.
2022-07-31 09:08:39,388 - torch.distributed.distributed_c10d - INFO - Rank 13: Completed store-based barrier for key:store_based_barrier_key:1 with 16 nodes.
2022-07-31 09:08:39,401 - root - INFO - ------------------ Configuration ------------------
2022-07-31 09:08:39,402 - root - INFO - Configuration file: /global/u1/c/cjacobus/Nyx-TSIT/config/tsit.yaml
2022-07-31 09:08:39,402 - root - INFO - Configuration name: valid_up5_tanh_L1
2022-07-31 09:08:39,402 - root - INFO - Nsamples 8192
2022-07-31 09:08:39,402 - root - INFO - Nsamples_val 512
2022-07-31 09:08:39,402 - root - INFO - niter 200
2022-07-31 09:08:39,402 - root - INFO - niter_decay 150
2022-07-31 09:08:39,402 - root - INFO - use_spec_loss False
2022-07-31 09:08:39,402 - root - INFO - lambda_spec 10.0
2022-07-31 09:08:39,402 - root - INFO - use_l1_loss True
2022-07-31 09:08:39,402 - root - INFO - lambda_l1 300.0
2022-07-31 09:08:39,402 - root - INFO - data_size 128
2022-07-31 09:08:39,402 - root - INFO - train_path /pscratch/sd/c/cjacobus/Nyx_512/train_s1_512_invar3_hydro.h5
2022-07-31 09:08:39,402 - root - INFO - val_path /pscratch/sd/c/cjacobus/Nyx_512/valid_s2_512_invar3_hydro.h5
2022-07-31 09:08:39,402 - root - INFO - num_upsampling_blocks 5
2022-07-31 09:08:39,402 - root - INFO - tanh False
2022-07-31 09:08:39,402 - root - INFO - num_data_workers 16
2022-07-31 09:08:39,402 - root - INFO - in_channels [0, 1, 2, 3, 17, 18, 19]
2022-07-31 09:08:39,402 - root - INFO - out_channels [0]
2022-07-31 09:08:39,402 - root - INFO - min_path /pscratch/sd/s/shas1693/data/era5/mins.npy
2022-07-31 09:08:39,402 - root - INFO - max_path /pscratch/sd/s/shas1693/data/era5/maxs.npy
2022-07-31 09:08:39,402 - root - INFO - time_means_path /pscratch/sd/s/shas1693/data/era5/time_means.npy
2022-07-31 09:08:39,402 - root - INFO - global_means_path /pscratch/sd/s/shas1693/data/era5/global_means.npy
2022-07-31 09:08:39,402 - root - INFO - global_stds_path /pscratch/sd/s/shas1693/data/era5/global_stds.npy
2022-07-31 09:08:39,402 - root - INFO - precip /pscratch/sd/p/pharring/ERA5/precip/total_precipitation
2022-07-31 09:08:39,402 - root - INFO - precip_eps 1e-05
2022-07-31 09:08:39,402 - root - INFO - dt 1
2022-07-31 09:08:39,402 - root - INFO - n_history 0
2022-07-31 09:08:39,402 - root - INFO - crop_size_x None
2022-07-31 09:08:39,402 - root - INFO - crop_size_y None
2022-07-31 09:08:39,402 - root - INFO - rank 8, begin data loader init
2022-07-31 09:08:39,402 - root - INFO - roll False
2022-07-31 09:08:39,402 - root - INFO - conttime False
2022-07-31 09:08:39,402 - root - INFO - rank 1, begin data loader init
2022-07-31 09:08:39,402 - root - INFO - rank 2, begin data loader init
2022-07-31 09:08:39,402 - root - INFO - rank 3, begin data loader init
2022-07-31 09:08:39,402 - root - INFO - normalization zscore
2022-07-31 09:08:39,402 - root - INFO - add_grid False
2022-07-31 09:08:39,402 - root - INFO - model pix2pix
2022-07-31 09:08:39,402 - root - INFO - norm_G spectralfadebatch3x3
2022-07-31 09:08:39,402 - root - INFO - norm_D spectralinstance
2022-07-31 09:08:39,402 - root - INFO - rank 11, begin data loader init
2022-07-31 09:08:39,402 - root - INFO - norm_S spectralinstance
2022-07-31 09:08:39,402 - root - INFO - norm_E spectralinstance
2022-07-31 09:08:39,402 - root - INFO - batch_size 16
2022-07-31 09:08:39,402 - root - INFO - rank 1, data loader initialized
2022-07-31 09:08:39,402 - root - INFO - rank 2, data loader initialized
2022-07-31 09:08:39,402 - root - INFO - rank 9, begin data loader init
2022-07-31 09:08:39,402 - root - INFO - rank 10, begin data loader init
2022-07-31 09:08:39,402 - root - INFO - img_size [512, 512, 512]
2022-07-31 09:08:39,402 - root - INFO - rank 3, data loader initialized
2022-07-31 09:08:39,403 - root - INFO - box_size [512, 512, 512]
2022-07-31 09:08:39,403 - root - INFO - input_nc 5
2022-07-31 09:08:39,402 - root - INFO - rank 8, data loader initialized
2022-07-31 09:08:39,403 - root - INFO - output_nc 5
2022-07-31 09:08:39,403 - root - INFO - netG tsit
2022-07-31 09:08:39,403 - root - INFO - ngf 64
2022-07-31 09:08:39,402 - root - INFO - rank 11, data loader initialized
2022-07-31 09:08:39,403 - root - INFO - init_type xavier
2022-07-31 09:08:39,403 - root - INFO - init_variance 0.02
2022-07-31 09:08:39,403 - root - INFO - z_dim 256
2022-07-31 09:08:39,402 - root - INFO - rank 9, data loader initialized
2022-07-31 09:08:39,402 - root - INFO - rank 10, data loader initialized
2022-07-31 09:08:39,403 - root - INFO - alpha 1.0
2022-07-31 09:08:39,403 - root - INFO - no_ss True
2022-07-31 09:08:39,403 - root - INFO - downsamp True
2022-07-31 09:08:39,403 - root - INFO - use_periodic_padding True
2022-07-31 09:08:39,403 - root - INFO - additive_noise False
2022-07-31 09:08:39,403 - root - INFO - nef 16
2022-07-31 09:08:39,403 - root - INFO - use_vae False
2022-07-31 09:08:39,403 - root - INFO - optimizer adam
2022-07-31 09:08:39,403 - root - INFO - beta1 0.5
2022-07-31 09:08:39,403 - root - INFO - beta2 0.999
2022-07-31 09:08:39,403 - root - INFO - lr 0.0002
2022-07-31 09:08:39,403 - root - INFO - D_steps_per_G 1
2022-07-31 09:08:39,403 - root - INFO - ndf 64
2022-07-31 09:08:39,403 - root - INFO - lambda_feat 0.5
2022-07-31 09:08:39,403 - root - INFO - no_ganFeat_loss False
2022-07-31 09:08:39,403 - root - INFO - gan_mode hinge
2022-07-31 09:08:39,403 - root - INFO - netD multiscale
2022-07-31 09:08:39,403 - root - INFO - num_D 2
2022-07-31 09:08:39,403 - root - INFO - n_layers_D 4
2022-07-31 09:08:39,403 - root - INFO - no_TTUR True
2022-07-31 09:08:39,403 - root - INFO - lambda_kld 0.05
2022-07-31 09:08:39,403 - root - INFO - cat_inp False
2022-07-31 09:08:39,403 - root - INFO - entity weatherbenching
2022-07-31 09:08:39,403 - root - INFO - project Nyx-TSIT
2022-07-31 09:08:39,403 - root - INFO - log_to_wandb True
2022-07-31 09:08:39,403 - root - INFO - log_to_screen True
2022-07-31 09:08:39,403 - root - INFO - save_checkpoint True
2022-07-31 09:08:39,403 - root - INFO - weight_init ordereddict([('conv_init', 'normal'), ('conv_scale', 0.02), ('conv_bias', 0.0)])
2022-07-31 09:08:39,403 - root - INFO - lambda_rho 0
2022-07-31 09:08:39,403 - root - INFO - full_scale True
2022-07-31 09:08:39,403 - root - INFO - global_batch_size 64
2022-07-31 09:08:39,403 - root - INFO - base_batch_size 64
2022-07-31 09:08:39,403 - root - INFO - num_epochs 60
2022-07-31 09:08:39,403 - root - INFO - enable_amp False
2022-07-31 09:08:39,404 - root - INFO - enable_apex False
2022-07-31 09:08:39,403 - root - INFO - rank 6, begin data loader init
2022-07-31 09:08:39,404 - root - INFO - enable_benchy False
2022-07-31 09:08:39,404 - root - INFO - enable_jit False
2022-07-31 09:08:39,404 - root - INFO - expdir /logs
2022-07-31 09:08:39,404 - root - INFO - lr_schedule ordereddict([('scaling', 'sqrt'), ('start_lr', 0.0002), ('end_lr', 0.0), ('warmup_steps', 128)])
2022-07-31 09:08:39,404 - root - INFO - data_loader_config lowmem
2022-07-31 09:08:39,404 - root - INFO - N_out_channels 5
2022-07-31 09:08:39,404 - root - INFO - N_in_channels 5
2022-07-31 09:08:39,404 - root - INFO - rank 6, data loader initialized
2022-07-31 09:08:39,404 - root - INFO - use_cache None
2022-07-31 09:08:39,404 - root - INFO - ---------------------------------------------------
log_to_wandb -------------------------------------------------------------------
dir exists: /pscratch/sd/c/cjacobus/tsit/expts/valid_up5_tanh_L1/checkpoints/
2022-07-31 09:08:39,404 - root - INFO - rank 12, begin data loader init
2022-07-31 09:08:39,404 - root - INFO - rank 14, begin data loader init
2022-07-31 09:08:39,404 - root - INFO - rank 13, begin data loader init
2022-07-31 09:08:39,404 - root - INFO - rank 15, begin data loader init
2022-07-31 09:08:39,405 - root - INFO - rank 12, data loader initialized
2022-07-31 09:08:39,405 - root - INFO - rank 14, data loader initialized
2022-07-31 09:08:39,405 - root - INFO - rank 15, data loader initialized
2022-07-31 09:08:39,405 - root - INFO - rank 13, data loader initialized
2022-07-31 09:08:39,405 - root - INFO - rank 7, begin data loader init
2022-07-31 09:08:39,405 - root - INFO - rank 4, begin data loader init
2022-07-31 09:08:39,405 - root - INFO - rank 5, begin data loader init
2022-07-31 09:08:39,405 - root - INFO - rank 4, data loader initialized
2022-07-31 09:08:39,405 - root - INFO - rank 7, data loader initialized
2022-07-31 09:08:39,405 - root - INFO - rank 5, data loader initialized
wandb: Currently logged in as: cjacobus (use `wandb login --relogin` to force relogin)
wandb: wandb version 0.12.21 is available!  To upgrade, please run:
wandb:  $ pip install wandb --upgrade
wandb: Tracking run with wandb version 0.12.13
wandb: Run data is saved locally in /pscratch/sd/c/cjacobus/tsit/expts/valid_up5_tanh_L1/wandb/run-20220731_090840-31qx31tz
wandb: Run `wandb offline` to turn off syncing.
wandb: Resuming run valid_up5_tanh_L1
wandb: ⭐️ View project at https://wandb.ai/weatherbenching/Nyx-TSIT
wandb: 🚀 View run at https://wandb.ai/weatherbenching/Nyx-TSIT/runs/31qx31tz
checking dir: /pscratch/sd/c/cjacobus/tsit/expts/valid_up5_tanh_L1/checkpoints/
dir exists: /pscratch/sd/c/cjacobus/tsit/expts/valid_up5_tanh_L1/checkpoints/
2022-07-31 09:08:40,777 - root - INFO - rank 0, begin data loader init
2022-07-31 09:08:40,778 - root - INFO - rank 0, data loader initialized
Network [TSITGenerator] was created. Total number of parameters: 991.3 million. To see the architecture, do print(network).
Network [TSITGenerator] was created. Total number of parameters: 991.3 million. To see the architecture, do print(network).
Network [TSITGenerator] was created. Total number of parameters: 991.3 million. To see the architecture, do print(network).
Network [TSITGenerator] was created. Total number of parameters: 991.3 million. To see the architecture, do print(network).
Network [TSITGenerator] was created. Total number of parameters: 991.3 million. To see the architecture, do print(network).
Network [TSITGenerator] was created. Total number of parameters: 991.3 million. To see the architecture, do print(network).
Network [TSITGenerator] was created. Total number of parameters: 991.3 million. To see the architecture, do print(network).
Network [TSITGenerator] was created. Total number of parameters: 991.3 million. To see the architecture, do print(network).
Network [TSITGenerator] was created. Total number of parameters: 991.3 million. To see the architecture, do print(network).
Network [TSITGenerator] was created. Total number of parameters: 991.3 million. To see the architecture, do print(network).
Network [TSITGenerator] was created. Total number of parameters: 991.3 million. To see the architecture, do print(network).
Network [TSITGenerator] was created. Total number of parameters: 991.3 million. To see the architecture, do print(network).
Network [TSITGenerator] was created. Total number of parameters: 991.3 million. To see the architecture, do print(network).
Network [TSITGenerator] was created. Total number of parameters: 991.3 million. To see the architecture, do print(network).
Network [TSITGenerator] was created. Total number of parameters: 991.3 million. To see the architecture, do print(network).
Network [TSITGenerator] was created. Total number of parameters: 991.3 million. To see the architecture, do print(network).
Network [MultiscaleDiscriminator] was created. Total number of parameters: 22.1 million. To see the architecture, do print(network).
Network [MultiscaleDiscriminator] was created. Total number of parameters: 22.1 million. To see the architecture, do print(network).
Network [MultiscaleDiscriminator] was created. Total number of parameters: 22.1 million. To see the architecture, do print(network).
Network [MultiscaleDiscriminator] was created. Total number of parameters: 22.1 million. To see the architecture, do print(network).
Network [MultiscaleDiscriminator] was created. Total number of parameters: 22.1 million. To see the architecture, do print(network).
Network [MultiscaleDiscriminator] was created. Total number of parameters: 22.1 million. To see the architecture, do print(network).
Network [MultiscaleDiscriminator] was created. Total number of parameters: 22.1 million. To see the architecture, do print(network).
Network [MultiscaleDiscriminator] was created. Total number of parameters: 22.1 million. To see the architecture, do print(network).
Network [MultiscaleDiscriminator] was created. Total number of parameters: 22.1 million. To see the architecture, do print(network).
Network [MultiscaleDiscriminator] was created. Total number of parameters: 22.1 million. To see the architecture, do print(network).
Network [MultiscaleDiscriminator] was created. Total number of parameters: 22.1 million. To see the architecture, do print(network).
Network [MultiscaleDiscriminator] was created. Total number of parameters: 22.1 million. To see the architecture, do print(network).
Network [MultiscaleDiscriminator] was created. Total number of parameters: 22.1 million. To see the architecture, do print(network).
Network [MultiscaleDiscriminator] was created. Total number of parameters: 22.1 million. To see the architecture, do print(network).
Network [MultiscaleDiscriminator] was created. Total number of parameters: 22.1 million. To see the architecture, do print(network).
Network [MultiscaleDiscriminator] was created. Total number of parameters: 22.1 million. To see the architecture, do print(network).
2022-07-31 09:09:02,089 - root - INFO - Loading checkpoint /pscratch/sd/c/cjacobus/tsit/expts/valid_up5_tanh_L1/checkpoints/ckpt.tar
2022-07-31 09:09:02,090 - root - INFO - Loading checkpoint /pscratch/sd/c/cjacobus/tsit/expts/valid_up5_tanh_L1/checkpoints/ckpt.tar
2022-07-31 09:09:02,091 - root - INFO - Loading checkpoint /pscratch/sd/c/cjacobus/tsit/expts/valid_up5_tanh_L1/checkpoints/ckpt.tar
2022-07-31 09:09:02,092 - root - INFO - Loading checkpoint /pscratch/sd/c/cjacobus/tsit/expts/valid_up5_tanh_L1/checkpoints/ckpt.tar
2022-07-31 09:09:02,092 - root - INFO - Loading checkpoint /pscratch/sd/c/cjacobus/tsit/expts/valid_up5_tanh_L1/checkpoints/ckpt.tar
2022-07-31 09:09:02,093 - root - INFO - Loading checkpoint /pscratch/sd/c/cjacobus/tsit/expts/valid_up5_tanh_L1/checkpoints/ckpt.tar
2022-07-31 09:09:02,094 - root - INFO - Loading checkpoint /pscratch/sd/c/cjacobus/tsit/expts/valid_up5_tanh_L1/checkpoints/ckpt.tar
2022-07-31 09:09:02,094 - root - INFO - Loading checkpoint /pscratch/sd/c/cjacobus/tsit/expts/valid_up5_tanh_L1/checkpoints/ckpt.tar
2022-07-31 09:09:02,095 - root - INFO - Loading checkpoint /pscratch/sd/c/cjacobus/tsit/expts/valid_up5_tanh_L1/checkpoints/ckpt.tar
2022-07-31 09:09:02,095 - root - INFO - Loading checkpoint /pscratch/sd/c/cjacobus/tsit/expts/valid_up5_tanh_L1/checkpoints/ckpt.tar
2022-07-31 09:09:02,095 - root - INFO - Loading checkpoint /pscratch/sd/c/cjacobus/tsit/expts/valid_up5_tanh_L1/checkpoints/ckpt.tar
2022-07-31 09:09:02,095 - root - INFO - Loading checkpoint /pscratch/sd/c/cjacobus/tsit/expts/valid_up5_tanh_L1/checkpoints/ckpt.tar
2022-07-31 09:09:02,096 - root - INFO - Loading checkpoint /pscratch/sd/c/cjacobus/tsit/expts/valid_up5_tanh_L1/checkpoints/ckpt.tar
2022-07-31 09:09:02,096 - root - INFO - Loading checkpoint /pscratch/sd/c/cjacobus/tsit/expts/valid_up5_tanh_L1/checkpoints/ckpt.tar
2022-07-31 09:09:02,096 - root - INFO - Loading checkpoint /pscratch/sd/c/cjacobus/tsit/expts/valid_up5_tanh_L1/checkpoints/ckpt.tar
2022-07-31 09:09:02,096 - root - INFO - Loading checkpoint /pscratch/sd/c/cjacobus/tsit/expts/valid_up5_tanh_L1/checkpoints/ckpt.tar
2022-07-31 09:09:07,799 - root - INFO - Starting Training Loop...
[W reducer.cpp:1282] Warning: find_unused_parameters=True was specified in DDP constructor, but did not find any unused parameters in the forward pass. This flag results in an extra traversal of the autograd graph every iteration,  which can adversely affect performance. If your model indeed never has any unused parameters in the forward pass, consider turning this flag off. Note that this warning may be a false positive if your model has flow control causing later iterations to have unused parameters. (function operator())
[W reducer.cpp:1282] Warning: find_unused_parameters=True was specified in DDP constructor, but did not find any unused parameters in the forward pass. This flag results in an extra traversal of the autograd graph every iteration,  which can adversely affect performance. If your model indeed never has any unused parameters in the forward pass, consider turning this flag off. Note that this warning may be a false positive if your model has flow control causing later iterations to have unused parameters. (function operator())
[W reducer.cpp:1282] Warning: find_unused_parameters=True was specified in DDP constructor, but did not find any unused parameters in the forward pass. This flag results in an extra traversal of the autograd graph every iteration,  which can adversely affect performance. If your model indeed never has any unused parameters in the forward pass, consider turning this flag off. Note that this warning may be a false positive if your model has flow control causing later iterations to have unused parameters. (function operator())
[W reducer.cpp:1282] Warning: find_unused_parameters=True was specified in DDP constructor, but did not find any unused parameters in the forward pass. This flag results in an extra traversal of the autograd graph every iteration,  which can adversely affect performance. If your model indeed never has any unused parameters in the forward pass, consider turning this flag off. Note that this warning may be a false positive if your model has flow control causing later iterations to have unused parameters. (function operator())
[W reducer.cpp:1282] Warning: find_unused_parameters=True was specified in DDP constructor, but did not find any unused parameters in the forward pass. This flag results in an extra traversal of the autograd graph every iteration,  which can adversely affect performance. If your model indeed never has any unused parameters in the forward pass, consider turning this flag off. Note that this warning may be a false positive if your model has flow control causing later iterations to have unused parameters. (function operator())
[W reducer.cpp:1282] Warning: find_unused_parameters=True was specified in DDP constructor, but did not find any unused parameters in the forward pass. This flag results in an extra traversal of the autograd graph every iteration,  which can adversely affect performance. If your model indeed never has any unused parameters in the forward pass, consider turning this flag off. Note that this warning may be a false positive if your model has flow control causing later iterations to have unused parameters. (function operator())
[W reducer.cpp:1282] Warning: find_unused_parameters=True was specified in DDP constructor, but did not find any unused parameters in the forward pass. This flag results in an extra traversal of the autograd graph every iteration,  which can adversely affect performance. If your model indeed never has any unused parameters in the forward pass, consider turning this flag off. Note that this warning may be a false positive if your model has flow control causing later iterations to have unused parameters. (function operator())
[W reducer.cpp:1282] Warning: find_unused_parameters=True was specified in DDP constructor, but did not find any unused parameters in the forward pass. This flag results in an extra traversal of the autograd graph every iteration,  which can adversely affect performance. If your model indeed never has any unused parameters in the forward pass, consider turning this flag off. Note that this warning may be a false positive if your model has flow control causing later iterations to have unused parameters. (function operator())
[W reducer.cpp:1282] Warning: find_unused_parameters=True was specified in DDP constructor, but did not find any unused parameters in the forward pass. This flag results in an extra traversal of the autograd graph every iteration,  which can adversely affect performance. If your model indeed never has any unused parameters in the forward pass, consider turning this flag off. Note that this warning may be a false positive if your model has flow control causing later iterations to have unused parameters. (function operator())
[W reducer.cpp:1282] Warning: find_unused_parameters=True was specified in DDP constructor, but did not find any unused parameters in the forward pass. This flag results in an extra traversal of the autograd graph every iteration,  which can adversely affect performance. If your model indeed never has any unused parameters in the forward pass, consider turning this flag off. Note that this warning may be a false positive if your model has flow control causing later iterations to have unused parameters. (function operator())
[W reducer.cpp:1282] Warning: find_unused_parameters=True was specified in DDP constructor, but did not find any unused parameters in the forward pass. This flag results in an extra traversal of the autograd graph every iteration,  which can adversely affect performance. If your model indeed never has any unused parameters in the forward pass, consider turning this flag off. Note that this warning may be a false positive if your model has flow control causing later iterations to have unused parameters. (function operator())
[W reducer.cpp:1282] Warning: find_unused_parameters=True was specified in DDP constructor, but did not find any unused parameters in the forward pass. This flag results in an extra traversal of the autograd graph every iteration,  which can adversely affect performance. If your model indeed never has any unused parameters in the forward pass, consider turning this flag off. Note that this warning may be a false positive if your model has flow control causing later iterations to have unused parameters. (function operator())
[W reducer.cpp:1282] Warning: find_unused_parameters=True was specified in DDP constructor, but did not find any unused parameters in the forward pass. This flag results in an extra traversal of the autograd graph every iteration,  which can adversely affect performance. If your model indeed never has any unused parameters in the forward pass, consider turning this flag off. Note that this warning may be a false positive if your model has flow control causing later iterations to have unused parameters. (function operator())
[W reducer.cpp:1282] Warning: find_unused_parameters=True was specified in DDP constructor, but did not find any unused parameters in the forward pass. This flag results in an extra traversal of the autograd graph every iteration,  which can adversely affect performance. If your model indeed never has any unused parameters in the forward pass, consider turning this flag off. Note that this warning may be a false positive if your model has flow control causing later iterations to have unused parameters. (function operator())
[W reducer.cpp:1282] Warning: find_unused_parameters=True was specified in DDP constructor, but did not find any unused parameters in the forward pass. This flag results in an extra traversal of the autograd graph every iteration,  which can adversely affect performance. If your model indeed never has any unused parameters in the forward pass, consider turning this flag off. Note that this warning may be a false positive if your model has flow control causing later iterations to have unused parameters. (function operator())
[W reducer.cpp:1282] Warning: find_unused_parameters=True was specified in DDP constructor, but did not find any unused parameters in the forward pass. This flag results in an extra traversal of the autograd graph every iteration,  which can adversely affect performance. If your model indeed never has any unused parameters in the forward pass, consider turning this flag off. Note that this warning may be a false positive if your model has flow control causing later iterations to have unused parameters. (function operator())
generator made step 0
discriminator made step 0
generator made step 16
discriminator made step 16
generator made step 32
discriminator made step 32
generator made step 48
discriminator made step 48
generator made step 64
discriminator made step 64
generator made step 80
discriminator made step 80
generator made step 96
discriminator made step 96
generator made step 112
discriminator made step 112
generator made step 128
discriminator made step 128
generator made step 144
discriminator made step 144
generator made step 160
discriminator made step 160
generator made step 176
discriminator made step 176
generator made step 192
discriminator made step 192
generator made step 208
discriminator made step 208
generator made step 224
discriminator made step 224
generator made step 240
discriminator made step 240
generator made step 256
discriminator made step 256
generator made step 272
discriminator made step 272
generator made step 288
discriminator made step 288
generator made step 304
discriminator made step 304
generator made step 320
discriminator made step 320
generator made step 336
discriminator made step 336
generator made step 352
discriminator made step 352
generator made step 368
discriminator made step 368
generator made step 384
discriminator made step 384
generator made step 400
discriminator made step 400
generator made step 416
discriminator made step 416
generator made step 432
discriminator made step 432
generator made step 448
discriminator made step 448
generator made step 464
discriminator made step 464
generator made step 480
discriminator made step 480
generator made step 496
discriminator made step 496
2022-07-31 09:16:51,306 - root - INFO - Total=463.505179, G=368.291982, D=89.197101, data=1.643936, next=4.372160
2022-07-31 09:16:58,134 - root - INFO - Total=6.826732, G=0.485592, data=3.161704, acc=1.632329, agg=0.132642, next=1.414466
saving checkpoint...
2022-07-31 09:17:09,576 - root - INFO - Time taken for epoch 112 is 481.77643942832947 sec
2022-07-31 09:17:09,577 - root - INFO - Train time = 463.5051791667938, Valid time = 6.826732158660889
2022-07-31 09:17:09,577 - root - INFO - G losses = {'GAN': 2.70375394821167, 'GAN_Feat': 0.4585585594177246, 'L1': 11.364554405212402}
2022-07-31 09:17:09,577 - root - INFO - D losses = {'D_Fake': 0.9092338681221008, 'D_real': 0.043918754905462265}
generator made step 0
discriminator made step 0
generator made step 16
discriminator made step 16
generator made step 32
discriminator made step 32
generator made step 48
discriminator made step 48
generator made step 64
discriminator made step 64
generator made step 80
discriminator made step 80
generator made step 96
discriminator made step 96
generator made step 112
discriminator made step 112
generator made step 128
discriminator made step 128
generator made step 144
discriminator made step 144
generator made step 160
discriminator made step 160
generator made step 176
discriminator made step 176
generator made step 192
discriminator made step 192
generator made step 208
discriminator made step 208
generator made step 224
discriminator made step 224
generator made step 240
discriminator made step 240
generator made step 256
discriminator made step 256
generator made step 272
discriminator made step 272
generator made step 288
discriminator made step 288
generator made step 304
discriminator made step 304
generator made step 320
discriminator made step 320
generator made step 336
discriminator made step 336
generator made step 352
discriminator made step 352
generator made step 368
discriminator made step 368
generator made step 384
discriminator made step 384
generator made step 400
discriminator made step 400
generator made step 416
discriminator made step 416
generator made step 432
discriminator made step 432
generator made step 448
discriminator made step 448
generator made step 464
discriminator made step 464
generator made step 480
discriminator made step 480
generator made step 496
discriminator made step 496
2022-07-31 09:24:25,793 - root - INFO - Total=436.215224, G=343.878997, D=89.414347, data=1.631137, next=1.290742
2022-07-31 09:24:30,905 - root - INFO - Total=5.111340, G=0.463927, data=3.262105, acc=0.006064, agg=0.129818, next=1.249427
saving checkpoint...
2022-07-31 09:24:41,310 - root - INFO - Time taken for epoch 113 is 451.7330975532532 sec
2022-07-31 09:24:41,310 - root - INFO - Train time = 436.2152235507965, Valid time = 5.111339569091797
2022-07-31 09:24:41,310 - root - INFO - G losses = {'GAN': 1.7623875141143799, 'GAN_Feat': 0.4202043414115906, 'L1': 14.202814102172852}
2022-07-31 09:24:41,310 - root - INFO - D losses = {'D_Fake': 0.8477457761764526, 'D_real': 0.07878623157739639}
generator made step 0
discriminator made step 0
generator made step 16
discriminator made step 16
generator made step 32
discriminator made step 32
generator made step 48
discriminator made step 48
generator made step 64
discriminator made step 64
generator made step 80
discriminator made step 80
generator made step 96
discriminator made step 96
generator made step 112
discriminator made step 112
generator made step 128
discriminator made step 128
generator made step 144
discriminator made step 144
generator made step 160
discriminator made step 160
generator made step 176
discriminator made step 176
generator made step 192
discriminator made step 192
generator made step 208
discriminator made step 208
generator made step 224
discriminator made step 224
generator made step 240
discriminator made step 240
generator made step 256
discriminator made step 256
generator made step 272
discriminator made step 272
generator made step 288
discriminator made step 288
generator made step 304
discriminator made step 304
generator made step 320
discriminator made step 320
generator made step 336
discriminator made step 336
generator made step 352
discriminator made step 352
generator made step 368
discriminator made step 368
generator made step 384
discriminator made step 384
generator made step 400
discriminator made step 400
generator made step 416
discriminator made step 416
generator made step 432
discriminator made step 432
generator made step 448
discriminator made step 448
generator made step 464
discriminator made step 464
generator made step 480
discriminator made step 480
generator made step 496
discriminator made step 496
2022-07-31 09:31:57,192 - root - INFO - Total=435.880988, G=343.742368, D=89.308126, data=1.630838, next=1.199656
2022-07-31 09:32:02,807 - root - INFO - Total=5.614479, G=0.429709, data=3.211903, acc=0.005833, agg=0.140001, next=1.827032
saving checkpoint...
2022-07-31 09:32:12,989 - root - INFO - Time taken for epoch 114 is 451.6792860031128 sec
2022-07-31 09:32:12,989 - root - INFO - Train time = 435.88098788261414, Valid time = 5.614478588104248
2022-07-31 09:32:12,989 - root - INFO - G losses = {'GAN': 3.9087576866149902, 'GAN_Feat': 0.45293352007865906, 'L1': 14.008870124816895}
2022-07-31 09:32:12,989 - root - INFO - D losses = {'D_Fake': 0.08055394887924194, 'D_real': 0.001722032786346972}
generator made step 0
discriminator made step 0
generator made step 16
discriminator made step 16
generator made step 32
discriminator made step 32
generator made step 48
discriminator made step 48
generator made step 64
discriminator made step 64
generator made step 80
discriminator made step 80
generator made step 96
discriminator made step 96
generator made step 112
discriminator made step 112
generator made step 128
discriminator made step 128
generator made step 144
discriminator made step 144
generator made step 160
discriminator made step 160
generator made step 176
discriminator made step 176
generator made step 192
discriminator made step 192
generator made step 208
discriminator made step 208
generator made step 224
discriminator made step 224
generator made step 240
discriminator made step 240
generator made step 256
discriminator made step 256
generator made step 272
discriminator made step 272
generator made step 288
discriminator made step 288
generator made step 304
discriminator made step 304
generator made step 320
discriminator made step 320
generator made step 336
discriminator made step 336
generator made step 352
discriminator made step 352
generator made step 368
discriminator made step 368
generator made step 384
discriminator made step 384
generator made step 400
discriminator made step 400
generator made step 416
discriminator made step 416
generator made step 432
discriminator made step 432
generator made step 448
discriminator made step 448
generator made step 464
discriminator made step 464
generator made step 480
discriminator made step 480
generator made step 496
discriminator made step 496
2022-07-31 09:39:28,859 - root - INFO - Total=435.869047, G=343.734344, D=89.225336, data=1.632389, next=1.276978
2022-07-31 09:39:34,385 - root - INFO - Total=5.524343, G=0.417714, data=3.131287, acc=0.005803, agg=0.140212, next=1.829327
saving checkpoint...
2022-07-31 09:39:44,736 - root - INFO - Time taken for epoch 115 is 451.74681186676025 sec
2022-07-31 09:39:44,736 - root - INFO - Train time = 435.86904668807983, Valid time = 5.524343252182007
2022-07-31 09:39:44,736 - root - INFO - G losses = {'GAN': 2.391439914703369, 'GAN_Feat': 0.4858325123786926, 'L1': 11.13697338104248}
2022-07-31 09:39:44,736 - root - INFO - D losses = {'D_Fake': 0.13406425714492798, 'D_real': 3.0438815883826464e-05}
generator made step 0
discriminator made step 0
generator made step 16
discriminator made step 16
generator made step 32
discriminator made step 32
generator made step 48
discriminator made step 48
generator made step 64
discriminator made step 64
generator made step 80
discriminator made step 80
generator made step 96
discriminator made step 96
generator made step 112
discriminator made step 112
generator made step 128
discriminator made step 128
generator made step 144
discriminator made step 144
generator made step 160
discriminator made step 160
generator made step 176
discriminator made step 176
generator made step 192
discriminator made step 192
generator made step 208
discriminator made step 208
generator made step 224
discriminator made step 224
generator made step 240
discriminator made step 240
generator made step 256
discriminator made step 256
generator made step 272
discriminator made step 272
generator made step 288
discriminator made step 288
generator made step 304
discriminator made step 304
generator made step 320
discriminator made step 320
generator made step 336
discriminator made step 336
generator made step 352
discriminator made step 352
generator made step 368
discriminator made step 368
generator made step 384
discriminator made step 384
generator made step 400
discriminator made step 400
generator made step 416
discriminator made step 416
generator made step 432
discriminator made step 432
generator made step 448
discriminator made step 448
generator made step 464
discriminator made step 464
generator made step 480
discriminator made step 480
generator made step 496
discriminator made step 496
2022-07-31 09:47:00,711 - root - INFO - Total=435.974046, G=343.955257, D=89.225379, data=1.629599, next=1.163812
2022-07-31 09:47:06,181 - root - INFO - Total=5.468994, G=0.457459, data=3.198091, acc=0.006594, agg=0.135397, next=1.671453
saving checkpoint...
2022-07-31 09:47:16,441 - root - INFO - Time taken for epoch 116 is 451.7047336101532 sec
2022-07-31 09:47:16,441 - root - INFO - Train time = 435.97404623031616, Valid time = 5.468994140625
2022-07-31 09:47:16,441 - root - INFO - G losses = {'GAN': 2.917819023132324, 'GAN_Feat': 0.48965704441070557, 'L1': 12.642712593078613}
2022-07-31 09:47:16,441 - root - INFO - D losses = {'D_Fake': 0.47637638449668884, 'D_real': 0.008215908892452717}
generator made step 0
discriminator made step 0
generator made step 16
discriminator made step 16
generator made step 32
discriminator made step 32
generator made step 48
discriminator made step 48
generator made step 64
discriminator made step 64
generator made step 80
discriminator made step 80
generator made step 96
discriminator made step 96
generator made step 112
discriminator made step 112
generator made step 128
discriminator made step 128
generator made step 144
discriminator made step 144
generator made step 160
discriminator made step 160
generator made step 176
discriminator made step 176
generator made step 192
discriminator made step 192
generator made step 208
discriminator made step 208
generator made step 224
discriminator made step 224
generator made step 240
discriminator made step 240
generator made step 256
discriminator made step 256
generator made step 272
discriminator made step 272
generator made step 288
discriminator made step 288
generator made step 304
discriminator made step 304
generator made step 320
discriminator made step 320
generator made step 336
discriminator made step 336
generator made step 352
discriminator made step 352
generator made step 368
discriminator made step 368
generator made step 384
discriminator made step 384
generator made step 400
discriminator made step 400
generator made step 416
discriminator made step 416
generator made step 432
discriminator made step 432
generator made step 448
discriminator made step 448
generator made step 464
discriminator made step 464
generator made step 480
discriminator made step 480
generator made step 496
discriminator made step 496
2022-07-31 09:54:32,619 - root - INFO - Total=436.177032, G=343.848665, D=89.205123, data=1.630777, next=1.492466
2022-07-31 09:54:37,606 - root - INFO - Total=4.986125, G=0.418352, data=3.311105, acc=0.005937, agg=0.132402, next=1.118329
saving checkpoint...
2022-07-31 09:54:48,103 - root - INFO - Time taken for epoch 117 is 451.66212797164917 sec
2022-07-31 09:54:48,104 - root - INFO - Train time = 436.1770315170288, Valid time = 4.986124753952026
2022-07-31 09:54:48,104 - root - INFO - G losses = {'GAN': 6.199151992797852, 'GAN_Feat': 0.4740658700466156, 'L1': 12.708208084106445}
2022-07-31 09:54:48,104 - root - INFO - D losses = {'D_Fake': 0.0, 'D_real': 0.157972052693367}
generator made step 0
discriminator made step 0
generator made step 16
discriminator made step 16
generator made step 32
discriminator made step 32
generator made step 48
discriminator made step 48
generator made step 64
discriminator made step 64
generator made step 80
discriminator made step 80
generator made step 96
discriminator made step 96
generator made step 112
discriminator made step 112
generator made step 128
discriminator made step 128
generator made step 144
discriminator made step 144
generator made step 160
discriminator made step 160
generator made step 176
discriminator made step 176
generator made step 192
discriminator made step 192
generator made step 208
discriminator made step 208
generator made step 224
discriminator made step 224
generator made step 240
discriminator made step 240
generator made step 256
discriminator made step 256
generator made step 272
discriminator made step 272
generator made step 288
discriminator made step 288
generator made step 304
discriminator made step 304
generator made step 320
discriminator made step 320
generator made step 336
discriminator made step 336
generator made step 352
discriminator made step 352
generator made step 368
discriminator made step 368
generator made step 384
discriminator made step 384
generator made step 400
discriminator made step 400
generator made step 416
discriminator made step 416
generator made step 432
discriminator made step 432
generator made step 448
discriminator made step 448
generator made step 464
discriminator made step 464
generator made step 480
discriminator made step 480
generator made step 496
discriminator made step 496
2022-07-31 10:02:04,126 - root - INFO - Total=436.021346, G=343.916276, D=89.318986, data=1.630761, next=1.155324
2022-07-31 10:02:09,443 - root - INFO - Total=5.316039, G=0.516535, data=3.114778, acc=0.006410, agg=0.127180, next=1.551136
saving checkpoint...
2022-07-31 10:02:19,870 - root - INFO - Time taken for epoch 118 is 451.76682567596436 sec
2022-07-31 10:02:19,871 - root - INFO - Train time = 436.0213463306427, Valid time = 5.316039085388184
2022-07-31 10:02:19,871 - root - INFO - G losses = {'GAN': 3.5336408615112305, 'GAN_Feat': 0.46337106823921204, 'L1': 12.622620582580566}
2022-07-31 10:02:19,871 - root - INFO - D losses = {'D_Fake': 0.19719381630420685, 'D_real': 0.006443581078201532}
generator made step 0
discriminator made step 0
generator made step 16
discriminator made step 16
generator made step 32
discriminator made step 32
generator made step 48
discriminator made step 48
generator made step 64
discriminator made step 64
generator made step 80
discriminator made step 80
generator made step 96
discriminator made step 96
generator made step 112
discriminator made step 112
generator made step 128
discriminator made step 128
generator made step 144
discriminator made step 144
generator made step 160
discriminator made step 160
generator made step 176
discriminator made step 176
generator made step 192
discriminator made step 192
generator made step 208
discriminator made step 208
generator made step 224
discriminator made step 224
generator made step 240
discriminator made step 240
generator made step 256
discriminator made step 256
generator made step 272
discriminator made step 272
generator made step 288
discriminator made step 288
generator made step 304
discriminator made step 304
generator made step 320
discriminator made step 320
generator made step 336
discriminator made step 336
generator made step 352
discriminator made step 352
generator made step 368
discriminator made step 368
generator made step 384
discriminator made step 384
generator made step 400
discriminator made step 400
generator made step 416
discriminator made step 416
generator made step 432
discriminator made step 432
slurmstepd: error: *** STEP 2856305.0 ON nid002229 CANCELLED AT 2022-07-31T10:08:32 DUE TO TIME LIMIT ***
slurmstepd: error: *** JOB 2856305 ON nid002229 CANCELLED AT 2022-07-31T10:08:32 DUE TO TIME LIMIT ***
srun: Job step aborted: Waiting up to 32 seconds for job step to finish.
