+ srun -u shifter -V /pscratch/sd/c/cjacobus/ML_Hydro_train/logs:/logs --image=nersc/pytorch:ngc-22.03-v0 --env PYTHONUSERBASE=/global/homes/c/cjacobus/.local/perlmutter/nersc-pytorch-ngc-22.03-v0 bash -c '
    source export_DDP_vars.sh
    python train.py --root_dir=/pscratch/sd/c/cjacobus/tsit --config=full_long
    '
[W socket.cpp:701] The server socket on [nid002245]:29500 is not yet listening (errno: 111 - Connection refused), will retry.
[W socket.cpp:701] The server socket on [nid002245]:29500 is not yet listening (errno: 111 - Connection refused), will retry.
[W socket.cpp:701] The server socket on [nid002245]:29500 is not yet listening (errno: 111 - Connection refused), will retry.
[W socket.cpp:701] The server socket on [nid002245]:29500 is not yet listening (errno: 111 - Connection refused), will retry.
[W socket.cpp:701] The server socket on [nid002245]:29500 is not yet listening (errno: 111 - Connection refused), will retry.
[W socket.cpp:701] The server socket on [nid002245]:29500 is not yet listening (errno: 111 - Connection refused), will retry.
[W socket.cpp:701] The server socket on [nid002245]:29500 is not yet listening (errno: 111 - Connection refused), will retry.
[W socket.cpp:701] The server socket on [nid002245]:29500 is not yet listening (errno: 111 - Connection refused), will retry.
2022-07-24 06:09:58,663 - torch.distributed.distributed_c10d - INFO - Added key: store_based_barrier_key:1 to store for rank: 1
2022-07-24 06:09:58,664 - torch.distributed.distributed_c10d - INFO - Added key: store_based_barrier_key:1 to store for rank: 2
2022-07-24 06:09:58,665 - torch.distributed.distributed_c10d - INFO - Added key: store_based_barrier_key:1 to store for rank: 3
2022-07-24 06:09:58,961 - torch.distributed.distributed_c10d - INFO - Added key: store_based_barrier_key:1 to store for rank: 8
2022-07-24 06:09:58,964 - torch.distributed.distributed_c10d - INFO - Added key: store_based_barrier_key:1 to store for rank: 11
2022-07-24 06:09:58,965 - torch.distributed.distributed_c10d - INFO - Added key: store_based_barrier_key:1 to store for rank: 10
2022-07-24 06:09:58,966 - torch.distributed.distributed_c10d - INFO - Added key: store_based_barrier_key:1 to store for rank: 9
2022-07-24 06:09:59,179 - torch.distributed.distributed_c10d - INFO - Added key: store_based_barrier_key:1 to store for rank: 0
2022-07-24 06:09:59,255 - torch.distributed.distributed_c10d - INFO - Added key: store_based_barrier_key:1 to store for rank: 13
2022-07-24 06:09:59,258 - torch.distributed.distributed_c10d - INFO - Added key: store_based_barrier_key:1 to store for rank: 12
2022-07-24 06:09:59,262 - torch.distributed.distributed_c10d - INFO - Added key: store_based_barrier_key:1 to store for rank: 14
2022-07-24 06:09:59,263 - torch.distributed.distributed_c10d - INFO - Added key: store_based_barrier_key:1 to store for rank: 15
2022-07-24 06:09:59,269 - torch.distributed.distributed_c10d - INFO - Added key: store_based_barrier_key:1 to store for rank: 4
2022-07-24 06:09:59,273 - torch.distributed.distributed_c10d - INFO - Added key: store_based_barrier_key:1 to store for rank: 7
2022-07-24 06:09:59,276 - torch.distributed.distributed_c10d - INFO - Added key: store_based_barrier_key:1 to store for rank: 5
2022-07-24 06:09:59,276 - torch.distributed.distributed_c10d - INFO - Added key: store_based_barrier_key:1 to store for rank: 6
2022-07-24 06:09:59,277 - torch.distributed.distributed_c10d - INFO - Rank 6: Completed store-based barrier for key:store_based_barrier_key:1 with 16 nodes.
2022-07-24 06:09:59,278 - torch.distributed.distributed_c10d - INFO - Rank 8: Completed store-based barrier for key:store_based_barrier_key:1 with 16 nodes.
2022-07-24 06:09:59,279 - torch.distributed.distributed_c10d - INFO - Rank 12: Completed store-based barrier for key:store_based_barrier_key:1 with 16 nodes.
2022-07-24 06:09:59,279 - torch.distributed.distributed_c10d - INFO - Rank 4: Completed store-based barrier for key:store_based_barrier_key:1 with 16 nodes.
2022-07-24 06:09:59,279 - torch.distributed.distributed_c10d - INFO - Rank 11: Completed store-based barrier for key:store_based_barrier_key:1 with 16 nodes.
2022-07-24 06:09:59,280 - torch.distributed.distributed_c10d - INFO - Rank 0: Completed store-based barrier for key:store_based_barrier_key:1 with 16 nodes.
2022-07-24 06:09:59,282 - torch.distributed.distributed_c10d - INFO - Rank 1: Completed store-based barrier for key:store_based_barrier_key:1 with 16 nodes.
2022-07-24 06:09:59,282 - torch.distributed.distributed_c10d - INFO - Rank 10: Completed store-based barrier for key:store_based_barrier_key:1 with 16 nodes.
2022-07-24 06:09:59,283 - torch.distributed.distributed_c10d - INFO - Rank 14: Completed store-based barrier for key:store_based_barrier_key:1 with 16 nodes.
2022-07-24 06:09:59,283 - torch.distributed.distributed_c10d - INFO - Rank 15: Completed store-based barrier for key:store_based_barrier_key:1 with 16 nodes.
2022-07-24 06:09:59,283 - torch.distributed.distributed_c10d - INFO - Rank 7: Completed store-based barrier for key:store_based_barrier_key:1 with 16 nodes.
2022-07-24 06:09:59,284 - torch.distributed.distributed_c10d - INFO - Rank 9: Completed store-based barrier for key:store_based_barrier_key:1 with 16 nodes.
2022-07-24 06:09:59,284 - torch.distributed.distributed_c10d - INFO - Rank 2: Completed store-based barrier for key:store_based_barrier_key:1 with 16 nodes.
2022-07-24 06:09:59,285 - torch.distributed.distributed_c10d - INFO - Rank 3: Completed store-based barrier for key:store_based_barrier_key:1 with 16 nodes.
2022-07-24 06:09:59,285 - torch.distributed.distributed_c10d - INFO - Rank 13: Completed store-based barrier for key:store_based_barrier_key:1 with 16 nodes.
2022-07-24 06:09:59,286 - torch.distributed.distributed_c10d - INFO - Rank 5: Completed store-based barrier for key:store_based_barrier_key:1 with 16 nodes.
2022-07-24 06:09:59,300 - root - INFO - rank 6, begin data loader init
2022-07-24 06:09:59,300 - root - INFO - rank 7, begin data loader init
2022-07-24 06:09:59,301 - root - INFO - rank 4, begin data loader init
2022-07-24 06:09:59,301 - root - INFO - rank 6, data loader initialized
2022-07-24 06:09:59,301 - root - INFO - rank 7, data loader initialized
2022-07-24 06:09:59,301 - root - INFO - rank 4, data loader initialized
2022-07-24 06:09:59,301 - root - INFO - rank 5, begin data loader init
2022-07-24 06:09:59,301 - root - INFO - rank 5, data loader initialized
2022-07-24 06:09:59,302 - root - INFO - rank 9, begin data loader init
2022-07-24 06:09:59,302 - root - INFO - rank 10, begin data loader init
2022-07-24 06:09:59,302 - root - INFO - rank 11, begin data loader init
2022-07-24 06:09:59,302 - root - INFO - rank 8, begin data loader init
2022-07-24 06:09:59,302 - root - INFO - rank 9, data loader initialized
2022-07-24 06:09:59,302 - root - INFO - rank 10, data loader initialized
2022-07-24 06:09:59,302 - root - INFO - rank 11, data loader initialized
2022-07-24 06:09:59,302 - root - INFO - rank 8, data loader initialized
2022-07-24 06:09:59,303 - root - INFO - ------------------ Configuration ------------------
2022-07-24 06:09:59,303 - root - INFO - Configuration file: /global/u1/c/cjacobus/Nyx-TSIT/config/tsit.yaml
2022-07-24 06:09:59,303 - root - INFO - Configuration name: full_long
2022-07-24 06:09:59,303 - root - INFO - Nsamples 8192
2022-07-24 06:09:59,303 - root - INFO - Nsamples_val 512
2022-07-24 06:09:59,303 - root - INFO - niter 60
2022-07-24 06:09:59,303 - root - INFO - niter_decay 60
2022-07-24 06:09:59,303 - root - INFO - num_data_workers 16
2022-07-24 06:09:59,303 - root - INFO - in_channels [0, 1, 2, 3, 17, 18, 19]
2022-07-24 06:09:59,303 - root - INFO - out_channels [0]
2022-07-24 06:09:59,303 - root - INFO - min_path /pscratch/sd/s/shas1693/data/era5/mins.npy
2022-07-24 06:09:59,303 - root - INFO - max_path /pscratch/sd/s/shas1693/data/era5/maxs.npy
2022-07-24 06:09:59,303 - root - INFO - time_means_path /pscratch/sd/s/shas1693/data/era5/time_means.npy
2022-07-24 06:09:59,303 - root - INFO - global_means_path /pscratch/sd/s/shas1693/data/era5/global_means.npy
2022-07-24 06:09:59,303 - root - INFO - global_stds_path /pscratch/sd/s/shas1693/data/era5/global_stds.npy
2022-07-24 06:09:59,303 - root - INFO - precip /pscratch/sd/p/pharring/ERA5/precip/total_precipitation
2022-07-24 06:09:59,303 - root - INFO - precip_eps 1e-05
2022-07-24 06:09:59,303 - root - INFO - dt 1
2022-07-24 06:09:59,303 - root - INFO - n_history 0
2022-07-24 06:09:59,303 - root - INFO - crop_size_x None
2022-07-24 06:09:59,303 - root - INFO - crop_size_y None
2022-07-24 06:09:59,303 - root - INFO - roll False
2022-07-24 06:09:59,303 - root - INFO - conttime False
2022-07-24 06:09:59,303 - root - INFO - normalization zscore
2022-07-24 06:09:59,303 - root - INFO - add_grid False
2022-07-24 06:09:59,303 - root - INFO - model pix2pix
2022-07-24 06:09:59,303 - root - INFO - norm_G spectralfadebatch3x3
2022-07-24 06:09:59,303 - root - INFO - norm_D spectralinstance
2022-07-24 06:09:59,303 - root - INFO - norm_S spectralinstance
2022-07-24 06:09:59,303 - root - INFO - norm_E spectralinstance
2022-07-24 06:09:59,303 - root - INFO - batch_size 16
2022-07-24 06:09:59,303 - root - INFO - img_size [512, 512, 512]
2022-07-24 06:09:59,303 - root - INFO - box_size [512, 512, 512]
2022-07-24 06:09:59,303 - root - INFO - data_size 128
2022-07-24 06:09:59,303 - root - INFO - input_nc 5
2022-07-24 06:09:59,304 - root - INFO - output_nc 5
2022-07-24 06:09:59,304 - root - INFO - netG tsit
2022-07-24 06:09:59,304 - root - INFO - ngf 64
2022-07-24 06:09:59,304 - root - INFO - init_type xavier
2022-07-24 06:09:59,304 - root - INFO - init_variance 0.02
2022-07-24 06:09:59,304 - root - INFO - z_dim 256
2022-07-24 06:09:59,304 - root - INFO - alpha 1.0
2022-07-24 06:09:59,304 - root - INFO - no_ss True
2022-07-24 06:09:59,304 - root - INFO - downsamp True
2022-07-24 06:09:59,304 - root - INFO - num_upsampling_blocks 6
2022-07-24 06:09:59,304 - root - INFO - use_periodic_padding True
2022-07-24 06:09:59,304 - root - INFO - additive_noise False
2022-07-24 06:09:59,304 - root - INFO - nef 16
2022-07-24 06:09:59,304 - root - INFO - use_vae False
2022-07-24 06:09:59,304 - root - INFO - optimizer adam
2022-07-24 06:09:59,304 - root - INFO - beta1 0.5
2022-07-24 06:09:59,304 - root - INFO - beta2 0.999
2022-07-24 06:09:59,304 - root - INFO - lr 0.0002
2022-07-24 06:09:59,304 - root - INFO - D_steps_per_G 1
2022-07-24 06:09:59,304 - root - INFO - use_spec_loss False
2022-07-24 06:09:59,304 - root - INFO - lambda_spec 1.0
2022-07-24 06:09:59,304 - root - INFO - use_l1_loss False
2022-07-24 06:09:59,304 - root - INFO - lambda_l1 1.0
2022-07-24 06:09:59,304 - root - INFO - ndf 64
2022-07-24 06:09:59,304 - root - INFO - lambda_feat 0.5
2022-07-24 06:09:59,304 - root - INFO - no_ganFeat_loss False
2022-07-24 06:09:59,304 - root - INFO - gan_mode hinge
2022-07-24 06:09:59,304 - root - INFO - netD multiscale
2022-07-24 06:09:59,304 - root - INFO - num_D 2
2022-07-24 06:09:59,304 - root - INFO - n_layers_D 4
2022-07-24 06:09:59,304 - root - INFO - no_TTUR True
2022-07-24 06:09:59,304 - root - INFO - lambda_kld 0.05
2022-07-24 06:09:59,304 - root - INFO - cat_inp False
2022-07-24 06:09:59,304 - root - INFO - entity weatherbenching
2022-07-24 06:09:59,304 - root - INFO - project Nyx-TSIT
2022-07-24 06:09:59,304 - root - INFO - log_to_wandb True
2022-07-24 06:09:59,304 - root - INFO - log_to_screen True
2022-07-24 06:09:59,304 - root - INFO - save_checkpoint True
2022-07-24 06:09:59,304 - root - INFO - weight_init ordereddict([('conv_init', 'normal'), ('conv_scale', 0.02), ('conv_bias', 0.0)])
2022-07-24 06:09:59,304 - root - INFO - lambda_rho 0
2022-07-24 06:09:59,304 - root - INFO - full_scale True
2022-07-24 06:09:59,304 - root - INFO - global_batch_size 64
2022-07-24 06:09:59,304 - root - INFO - base_batch_size 64
2022-07-24 06:09:59,304 - root - INFO - num_epochs 60
2022-07-24 06:09:59,304 - root - INFO - enable_amp False
2022-07-24 06:09:59,304 - root - INFO - enable_apex False
2022-07-24 06:09:59,304 - root - INFO - rank 2, begin data loader init
2022-07-24 06:09:59,304 - root - INFO - enable_benchy False
2022-07-24 06:09:59,304 - root - INFO - enable_jit False
2022-07-24 06:09:59,304 - root - INFO - expdir /logs
2022-07-24 06:09:59,304 - root - INFO - lr_schedule ordereddict([('scaling', 'sqrt'), ('start_lr', 0.0002), ('end_lr', 0.0), ('warmup_steps', 128)])
2022-07-24 06:09:59,304 - root - INFO - rank 1, begin data loader init
2022-07-24 06:09:59,304 - root - INFO - data_loader_config lowmem
2022-07-24 06:09:59,304 - root - INFO - rank 3, begin data loader init
2022-07-24 06:09:59,304 - root - INFO - N_out_channels 5
2022-07-24 06:09:59,304 - root - INFO - N_in_channels 5
2022-07-24 06:09:59,304 - root - INFO - train_path /pscratch/sd/c/cjacobus/Nyx_512/train_s1_512_hydro.h5
2022-07-24 06:09:59,304 - root - INFO - val_path /pscratch/sd/c/cjacobus/Nyx_512/train_s1_512_hydro.h5
2022-07-24 06:09:59,304 - root - INFO - use_cache None
2022-07-24 06:09:59,304 - root - INFO - ---------------------------------------------------
log_to_wandb -------------------------------------------------------------------
2022-07-24 06:09:59,304 - root - INFO - rank 2, data loader initialized
dir exists: /pscratch/sd/c/cjacobus/tsit/expts/full_long/checkpoints/
2022-07-24 06:09:59,305 - root - INFO - rank 3, data loader initialized
2022-07-24 06:09:59,305 - root - INFO - rank 1, data loader initialized
2022-07-24 06:09:59,306 - root - INFO - rank 14, begin data loader init
2022-07-24 06:09:59,306 - root - INFO - rank 15, begin data loader init
2022-07-24 06:09:59,306 - root - INFO - rank 12, begin data loader init
2022-07-24 06:09:59,306 - root - INFO - rank 13, begin data loader init
2022-07-24 06:09:59,306 - root - INFO - rank 14, data loader initialized
2022-07-24 06:09:59,306 - root - INFO - rank 15, data loader initialized
2022-07-24 06:09:59,306 - root - INFO - rank 12, data loader initialized
2022-07-24 06:09:59,306 - root - INFO - rank 13, data loader initialized
wandb: Currently logged in as: cjacobus (use `wandb login --relogin` to force relogin)
wandb: wandb version 0.12.21 is available!  To upgrade, please run:
wandb:  $ pip install wandb --upgrade
wandb: Tracking run with wandb version 0.12.13
wandb: Run data is saved locally in /global/u1/c/cjacobus/Nyx-TSIT/wandb/run-20220724_061000-bjvg6h7j
wandb: Run `wandb offline` to turn off syncing.
wandb: Resuming run full_long
wandb: ⭐️ View project at https://wandb.ai/weatherbenching/Nyx-TSIT
wandb: 🚀 View run at https://wandb.ai/weatherbenching/Nyx-TSIT/runs/bjvg6h7j
checking dir: /pscratch/sd/c/cjacobus/tsit/expts/full_long/checkpoints/
dir exists: /pscratch/sd/c/cjacobus/tsit/expts/full_long/checkpoints/
2022-07-24 06:10:02,005 - root - INFO - rank 0, begin data loader init
2022-07-24 06:10:02,005 - root - INFO - rank 0, data loader initialized
Network [TSITGenerator] was created. Total number of parameters: 934.7 million. To see the architecture, do print(network).
Network [TSITGenerator] was created. Total number of parameters: 934.7 million. To see the architecture, do print(network).
Network [TSITGenerator] was created. Total number of parameters: 934.7 million. To see the architecture, do print(network).
Network [TSITGenerator] was created. Total number of parameters: 934.7 million. To see the architecture, do print(network).
Network [TSITGenerator] was created. Total number of parameters: 934.7 million. To see the architecture, do print(network).
Network [TSITGenerator] was created. Total number of parameters: 934.7 million. To see the architecture, do print(network).
Network [TSITGenerator] was created. Total number of parameters: 934.7 million. To see the architecture, do print(network).
Network [TSITGenerator] was created. Total number of parameters: 934.7 million. To see the architecture, do print(network).
Network [TSITGenerator] was created. Total number of parameters: 934.7 million. To see the architecture, do print(network).
Network [TSITGenerator] was created. Total number of parameters: 934.7 million. To see the architecture, do print(network).
Network [TSITGenerator] was created. Total number of parameters: 934.7 million. To see the architecture, do print(network).
Network [TSITGenerator] was created. Total number of parameters: 934.7 million. To see the architecture, do print(network).
Network [TSITGenerator] was created. Total number of parameters: 934.7 million. To see the architecture, do print(network).
Network [TSITGenerator] was created. Total number of parameters: 934.7 million. To see the architecture, do print(network).
Network [TSITGenerator] was created. Total number of parameters: 934.7 million. To see the architecture, do print(network).
Network [TSITGenerator] was created. Total number of parameters: 934.7 million. To see the architecture, do print(network).
Network [MultiscaleDiscriminator] was created. Total number of parameters: 22.1 million. To see the architecture, do print(network).
Network [MultiscaleDiscriminator] was created. Total number of parameters: 22.1 million. To see the architecture, do print(network).
Network [MultiscaleDiscriminator] was created. Total number of parameters: 22.1 million. To see the architecture, do print(network).
Network [MultiscaleDiscriminator] was created. Total number of parameters: 22.1 million. To see the architecture, do print(network).
Network [MultiscaleDiscriminator] was created. Total number of parameters: 22.1 million. To see the architecture, do print(network).
Network [MultiscaleDiscriminator] was created. Total number of parameters: 22.1 million. To see the architecture, do print(network).
Network [MultiscaleDiscriminator] was created. Total number of parameters: 22.1 million. To see the architecture, do print(network).
Network [MultiscaleDiscriminator] was created. Total number of parameters: 22.1 million. To see the architecture, do print(network).
Network [MultiscaleDiscriminator] was created. Total number of parameters: 22.1 million. To see the architecture, do print(network).
Network [MultiscaleDiscriminator] was created. Total number of parameters: 22.1 million. To see the architecture, do print(network).
Network [MultiscaleDiscriminator] was created. Total number of parameters: 22.1 million. To see the architecture, do print(network).
Network [MultiscaleDiscriminator] was created. Total number of parameters: 22.1 million. To see the architecture, do print(network).
Network [MultiscaleDiscriminator] was created. Total number of parameters: 22.1 million. To see the architecture, do print(network).
Network [MultiscaleDiscriminator] was created. Total number of parameters: 22.1 million. To see the architecture, do print(network).
Network [MultiscaleDiscriminator] was created. Total number of parameters: 22.1 million. To see the architecture, do print(network).
Network [MultiscaleDiscriminator] was created. Total number of parameters: 22.1 million. To see the architecture, do print(network).
2022-07-24 06:10:23,740 - root - INFO - Loading checkpoint /pscratch/sd/c/cjacobus/tsit/expts/full_long/checkpoints/ckpt.tar
2022-07-24 06:10:23,740 - root - INFO - Loading checkpoint /pscratch/sd/c/cjacobus/tsit/expts/full_long/checkpoints/ckpt.tar
2022-07-24 06:10:23,741 - root - INFO - Loading checkpoint /pscratch/sd/c/cjacobus/tsit/expts/full_long/checkpoints/ckpt.tar
2022-07-24 06:10:23,742 - root - INFO - Loading checkpoint /pscratch/sd/c/cjacobus/tsit/expts/full_long/checkpoints/ckpt.tar
2022-07-24 06:10:23,743 - root - INFO - Loading checkpoint /pscratch/sd/c/cjacobus/tsit/expts/full_long/checkpoints/ckpt.tar
2022-07-24 06:10:23,743 - root - INFO - Loading checkpoint /pscratch/sd/c/cjacobus/tsit/expts/full_long/checkpoints/ckpt.tar
2022-07-24 06:10:23,744 - root - INFO - Loading checkpoint /pscratch/sd/c/cjacobus/tsit/expts/full_long/checkpoints/ckpt.tar
2022-07-24 06:10:23,744 - root - INFO - Loading checkpoint /pscratch/sd/c/cjacobus/tsit/expts/full_long/checkpoints/ckpt.tar
2022-07-24 06:10:23,745 - root - INFO - Loading checkpoint /pscratch/sd/c/cjacobus/tsit/expts/full_long/checkpoints/ckpt.tar
2022-07-24 06:10:23,746 - root - INFO - Loading checkpoint /pscratch/sd/c/cjacobus/tsit/expts/full_long/checkpoints/ckpt.tar
2022-07-24 06:10:23,746 - root - INFO - Loading checkpoint /pscratch/sd/c/cjacobus/tsit/expts/full_long/checkpoints/ckpt.tar
2022-07-24 06:10:23,747 - root - INFO - Loading checkpoint /pscratch/sd/c/cjacobus/tsit/expts/full_long/checkpoints/ckpt.tar
2022-07-24 06:10:23,748 - root - INFO - Loading checkpoint /pscratch/sd/c/cjacobus/tsit/expts/full_long/checkpoints/ckpt.tar
2022-07-24 06:10:23,748 - root - INFO - Loading checkpoint /pscratch/sd/c/cjacobus/tsit/expts/full_long/checkpoints/ckpt.tar
2022-07-24 06:10:23,748 - root - INFO - Loading checkpoint /pscratch/sd/c/cjacobus/tsit/expts/full_long/checkpoints/ckpt.tar
2022-07-24 06:10:23,748 - root - INFO - Loading checkpoint /pscratch/sd/c/cjacobus/tsit/expts/full_long/checkpoints/ckpt.tar
2022-07-24 06:10:30,583 - root - INFO - Starting Training Loop...
[W reducer.cpp:1282] Warning: find_unused_parameters=True was specified in DDP constructor, but did not find any unused parameters in the forward pass. This flag results in an extra traversal of the autograd graph every iteration,  which can adversely affect performance. If your model indeed never has any unused parameters in the forward pass, consider turning this flag off. Note that this warning may be a false positive if your model has flow control causing later iterations to have unused parameters. (function operator())
[W reducer.cpp:1282] Warning: find_unused_parameters=True was specified in DDP constructor, but did not find any unused parameters in the forward pass. This flag results in an extra traversal of the autograd graph every iteration,  which can adversely affect performance. If your model indeed never has any unused parameters in the forward pass, consider turning this flag off. Note that this warning may be a false positive if your model has flow control causing later iterations to have unused parameters. (function operator())
[W reducer.cpp:1282] Warning: find_unused_parameters=True was specified in DDP constructor, but did not find any unused parameters in the forward pass. This flag results in an extra traversal of the autograd graph every iteration,  which can adversely affect performance. If your model indeed never has any unused parameters in the forward pass, consider turning this flag off. Note that this warning may be a false positive if your model has flow control causing later iterations to have unused parameters. (function operator())
[W reducer.cpp:1282] Warning: find_unused_parameters=True was specified in DDP constructor, but did not find any unused parameters in the forward pass. This flag results in an extra traversal of the autograd graph every iteration,  which can adversely affect performance. If your model indeed never has any unused parameters in the forward pass, consider turning this flag off. Note that this warning may be a false positive if your model has flow control causing later iterations to have unused parameters. (function operator())
[W reducer.cpp:1282] Warning: find_unused_parameters=True was specified in DDP constructor, but did not find any unused parameters in the forward pass. This flag results in an extra traversal of the autograd graph every iteration,  which can adversely affect performance. If your model indeed never has any unused parameters in the forward pass, consider turning this flag off. Note that this warning may be a false positive if your model has flow control causing later iterations to have unused parameters. (function operator())
[W reducer.cpp:1282] Warning: find_unused_parameters=True was specified in DDP constructor, but did not find any unused parameters in the forward pass. This flag results in an extra traversal of the autograd graph every iteration,  which can adversely affect performance. If your model indeed never has any unused parameters in the forward pass, consider turning this flag off. Note that this warning may be a false positive if your model has flow control causing later iterations to have unused parameters. (function operator())
[W reducer.cpp:1282] Warning: find_unused_parameters=True was specified in DDP constructor, but did not find any unused parameters in the forward pass. This flag results in an extra traversal of the autograd graph every iteration,  which can adversely affect performance. If your model indeed never has any unused parameters in the forward pass, consider turning this flag off. Note that this warning may be a false positive if your model has flow control causing later iterations to have unused parameters. (function operator())
[W reducer.cpp:1282] Warning: find_unused_parameters=True was specified in DDP constructor, but did not find any unused parameters in the forward pass. This flag results in an extra traversal of the autograd graph every iteration,  which can adversely affect performance. If your model indeed never has any unused parameters in the forward pass, consider turning this flag off. Note that this warning may be a false positive if your model has flow control causing later iterations to have unused parameters. (function operator())
[W reducer.cpp:1282] Warning: find_unused_parameters=True was specified in DDP constructor, but did not find any unused parameters in the forward pass. This flag results in an extra traversal of the autograd graph every iteration,  which can adversely affect performance. If your model indeed never has any unused parameters in the forward pass, consider turning this flag off. Note that this warning may be a false positive if your model has flow control causing later iterations to have unused parameters. (function operator())
[W reducer.cpp:1282] Warning: find_unused_parameters=True was specified in DDP constructor, but did not find any unused parameters in the forward pass. This flag results in an extra traversal of the autograd graph every iteration,  which can adversely affect performance. If your model indeed never has any unused parameters in the forward pass, consider turning this flag off. Note that this warning may be a false positive if your model has flow control causing later iterations to have unused parameters. (function operator())
[W reducer.cpp:1282] Warning: find_unused_parameters=True was specified in DDP constructor, but did not find any unused parameters in the forward pass. This flag results in an extra traversal of the autograd graph every iteration,  which can adversely affect performance. If your model indeed never has any unused parameters in the forward pass, consider turning this flag off. Note that this warning may be a false positive if your model has flow control causing later iterations to have unused parameters. (function operator())
[W reducer.cpp:1282] Warning: find_unused_parameters=True was specified in DDP constructor, but did not find any unused parameters in the forward pass. This flag results in an extra traversal of the autograd graph every iteration,  which can adversely affect performance. If your model indeed never has any unused parameters in the forward pass, consider turning this flag off. Note that this warning may be a false positive if your model has flow control causing later iterations to have unused parameters. (function operator())
[W reducer.cpp:1282] Warning: find_unused_parameters=True was specified in DDP constructor, but did not find any unused parameters in the forward pass. This flag results in an extra traversal of the autograd graph every iteration,  which can adversely affect performance. If your model indeed never has any unused parameters in the forward pass, consider turning this flag off. Note that this warning may be a false positive if your model has flow control causing later iterations to have unused parameters. (function operator())
[W reducer.cpp:1282] Warning: find_unused_parameters=True was specified in DDP constructor, but did not find any unused parameters in the forward pass. This flag results in an extra traversal of the autograd graph every iteration,  which can adversely affect performance. If your model indeed never has any unused parameters in the forward pass, consider turning this flag off. Note that this warning may be a false positive if your model has flow control causing later iterations to have unused parameters. (function operator())
[W reducer.cpp:1282] Warning: find_unused_parameters=True was specified in DDP constructor, but did not find any unused parameters in the forward pass. This flag results in an extra traversal of the autograd graph every iteration,  which can adversely affect performance. If your model indeed never has any unused parameters in the forward pass, consider turning this flag off. Note that this warning may be a false positive if your model has flow control causing later iterations to have unused parameters. (function operator())
[W reducer.cpp:1282] Warning: find_unused_parameters=True was specified in DDP constructor, but did not find any unused parameters in the forward pass. This flag results in an extra traversal of the autograd graph every iteration,  which can adversely affect performance. If your model indeed never has any unused parameters in the forward pass, consider turning this flag off. Note that this warning may be a false positive if your model has flow control causing later iterations to have unused parameters. (function operator())
generator made step 0
discriminator made step 0
generator made step 16
discriminator made step 16
generator made step 32
discriminator made step 32
generator made step 48
discriminator made step 48
generator made step 64
discriminator made step 64
generator made step 80
discriminator made step 80
generator made step 96
discriminator made step 96
generator made step 112
discriminator made step 112
generator made step 128
discriminator made step 128
generator made step 144
discriminator made step 144
generator made step 160
discriminator made step 160
generator made step 176
discriminator made step 176
generator made step 192
discriminator made step 192
generator made step 208
discriminator made step 208
generator made step 224
discriminator made step 224
generator made step 240
discriminator made step 240
generator made step 256
discriminator made step 256
generator made step 272
discriminator made step 272
generator made step 288
discriminator made step 288
generator made step 304
discriminator made step 304
generator made step 320
discriminator made step 320
generator made step 336
discriminator made step 336
generator made step 352
discriminator made step 352
generator made step 368
discriminator made step 368
generator made step 384
discriminator made step 384
generator made step 400
discriminator made step 400
generator made step 416
discriminator made step 416
generator made step 432
discriminator made step 432
generator made step 448
discriminator made step 448
generator made step 464
discriminator made step 464
generator made step 480
discriminator made step 480
generator made step 496
discriminator made step 496
2022-07-24 06:18:21,252 - root - INFO - Total=470.667744, G=373.202825, D=92.385831, data=1.645442, next=3.433646
2022-07-24 06:18:27,816 - root - INFO - Total=6.562705, G=0.460654, data=3.216723, acc=0.832243, agg=0.272138, next=1.780946
2022-07-24 06:18:41,143 - root - INFO - Time taken for epoch 55 is 490.5599069595337 sec
2022-07-24 06:18:41,144 - root - INFO - Train time = 470.6677441596985, Valid time = 6.562704801559448
2022-07-24 06:18:41,144 - root - INFO - G losses = {'GAN': 3.9759669303894043, 'GAN_Feat': 0.2707035541534424}
2022-07-24 06:18:41,144 - root - INFO - D losses = {'D_Fake': 0.0, 'D_real': 1.0398977994918823}
generator made step 0
discriminator made step 0
generator made step 16
discriminator made step 16
generator made step 32
discriminator made step 32
generator made step 48
discriminator made step 48
generator made step 64
discriminator made step 64
generator made step 80
discriminator made step 80
generator made step 96
discriminator made step 96
generator made step 112
discriminator made step 112
generator made step 128
discriminator made step 128
generator made step 144
discriminator made step 144
generator made step 160
discriminator made step 160
generator made step 176
discriminator made step 176
generator made step 192
discriminator made step 192
generator made step 208
discriminator made step 208
generator made step 224
discriminator made step 224
generator made step 240
discriminator made step 240
generator made step 256
discriminator made step 256
generator made step 272
discriminator made step 272
generator made step 288
discriminator made step 288
generator made step 304
discriminator made step 304
generator made step 320
discriminator made step 320
generator made step 336
discriminator made step 336
generator made step 352
discriminator made step 352
generator made step 368
discriminator made step 368
generator made step 384
discriminator made step 384
generator made step 400
discriminator made step 400
generator made step 416
discriminator made step 416
generator made step 432
discriminator made step 432
generator made step 448
discriminator made step 448
generator made step 464
discriminator made step 464
generator made step 480
discriminator made step 480
generator made step 496
discriminator made step 496
2022-07-24 06:26:05,135 - root - INFO - Total=443.989841, G=347.760160, D=92.460366, data=1.630466, next=2.138849
2022-07-24 06:26:11,135 - root - INFO - Total=5.999776, G=0.442981, data=3.415187, acc=0.005775, agg=0.227499, next=1.908334
2022-07-24 06:26:23,195 - root - INFO - Time taken for epoch 56 is 462.05105924606323 sec
2022-07-24 06:26:23,195 - root - INFO - Train time = 443.98984122276306, Valid time = 5.999776363372803
2022-07-24 06:26:23,195 - root - INFO - G losses = {'GAN': 3.6389997005462646, 'GAN_Feat': 0.2853356599807739}
2022-07-24 06:26:23,195 - root - INFO - D losses = {'D_Fake': 0.12365084886550903, 'D_real': 0.069518081843853}
generator made step 0
discriminator made step 0
generator made step 16
discriminator made step 16
generator made step 32
discriminator made step 32
generator made step 48
discriminator made step 48
generator made step 64
discriminator made step 64
generator made step 80
discriminator made step 80
generator made step 96
discriminator made step 96
generator made step 112
discriminator made step 112
generator made step 128
discriminator made step 128
generator made step 144
discriminator made step 144
generator made step 160
discriminator made step 160
generator made step 176
discriminator made step 176
generator made step 192
discriminator made step 192
generator made step 208
discriminator made step 208
generator made step 224
discriminator made step 224
generator made step 240
discriminator made step 240
generator made step 256
discriminator made step 256
generator made step 272
discriminator made step 272
generator made step 288
discriminator made step 288
generator made step 304
discriminator made step 304
generator made step 320
discriminator made step 320
generator made step 336
discriminator made step 336
generator made step 352
discriminator made step 352
generator made step 368
discriminator made step 368
generator made step 384
discriminator made step 384
generator made step 400
discriminator made step 400
generator made step 416
discriminator made step 416
generator made step 432
discriminator made step 432
generator made step 448
discriminator made step 448
generator made step 464
discriminator made step 464
generator made step 480
discriminator made step 480
generator made step 496
discriminator made step 496
2022-07-24 06:33:46,372 - root - INFO - Total=443.175598, G=347.773040, D=92.384263, data=1.630416, next=1.387879
2022-07-24 06:33:52,611 - root - INFO - Total=6.237566, G=0.421062, data=3.436388, acc=0.005183, agg=0.277135, next=2.097797
2022-07-24 06:34:04,890 - root - INFO - Time taken for epoch 57 is 461.6945676803589 sec
2022-07-24 06:34:04,890 - root - INFO - Train time = 443.17559814453125, Valid time = 6.2375664710998535
2022-07-24 06:34:04,890 - root - INFO - G losses = {'GAN': 2.3403120040893555, 'GAN_Feat': 0.27624431252479553}
2022-07-24 06:34:04,890 - root - INFO - D losses = {'D_Fake': 1.0044870376586914, 'D_real': 0.058019764721393585}
generator made step 0
discriminator made step 0
generator made step 16
discriminator made step 16
generator made step 32
discriminator made step 32
generator made step 48
discriminator made step 48
generator made step 64
discriminator made step 64
generator made step 80
discriminator made step 80
generator made step 96
discriminator made step 96
generator made step 112
discriminator made step 112
generator made step 128
discriminator made step 128
generator made step 144
discriminator made step 144
generator made step 160
discriminator made step 160
generator made step 176
discriminator made step 176
generator made step 192
discriminator made step 192
generator made step 208
discriminator made step 208
generator made step 224
discriminator made step 224
generator made step 240
discriminator made step 240
generator made step 256
discriminator made step 256
generator made step 272
discriminator made step 272
generator made step 288
discriminator made step 288
generator made step 304
discriminator made step 304
generator made step 320
discriminator made step 320
generator made step 336
discriminator made step 336
generator made step 352
discriminator made step 352
generator made step 368
discriminator made step 368
generator made step 384
discriminator made step 384
generator made step 400
discriminator made step 400
generator made step 416
discriminator made step 416
generator made step 432
discriminator made step 432
generator made step 448
discriminator made step 448
generator made step 464
discriminator made step 464
generator made step 480
discriminator made step 480
generator made step 496
discriminator made step 496
2022-07-24 06:41:29,048 - root - INFO - Total=444.156851, G=347.800899, D=92.465643, data=1.630584, next=2.259725
2022-07-24 06:41:35,184 - root - INFO - Total=6.135309, G=0.454787, data=3.424909, acc=0.005420, agg=0.260533, next=1.989660
2022-07-24 06:41:47,942 - root - INFO - Time taken for epoch 58 is 463.05174374580383 sec
2022-07-24 06:41:47,943 - root - INFO - Train time = 444.1568510532379, Valid time = 6.135308504104614
2022-07-24 06:41:47,943 - root - INFO - G losses = {'GAN': 6.2714080810546875, 'GAN_Feat': 0.48548710346221924}
2022-07-24 06:41:47,943 - root - INFO - D losses = {'D_Fake': 7.152585021685809e-05, 'D_real': 0.0027012533973902464}
generator made step 0
discriminator made step 0
generator made step 16
discriminator made step 16
generator made step 32
discriminator made step 32
generator made step 48
discriminator made step 48
generator made step 64
discriminator made step 64
generator made step 80
discriminator made step 80
generator made step 96
discriminator made step 96
generator made step 112
discriminator made step 112
generator made step 128
discriminator made step 128
generator made step 144
discriminator made step 144
generator made step 160
discriminator made step 160
generator made step 176
discriminator made step 176
generator made step 192
discriminator made step 192
generator made step 208
discriminator made step 208
generator made step 224
discriminator made step 224
generator made step 240
discriminator made step 240
generator made step 256
discriminator made step 256
generator made step 272
discriminator made step 272
generator made step 288
discriminator made step 288
generator made step 304
discriminator made step 304
generator made step 320
discriminator made step 320
generator made step 336
discriminator made step 336
generator made step 352
discriminator made step 352
generator made step 368
discriminator made step 368
generator made step 384
discriminator made step 384
generator made step 400
discriminator made step 400
generator made step 416
discriminator made step 416
generator made step 432
discriminator made step 432
generator made step 448
discriminator made step 448
generator made step 464
discriminator made step 464
generator made step 480
discriminator made step 480
generator made step 496
discriminator made step 496
2022-07-24 06:49:10,751 - root - INFO - Total=442.806863, G=347.791964, D=92.421633, data=1.631119, next=0.962148
2022-07-24 06:49:16,408 - root - INFO - Total=5.656491, G=0.510044, data=3.224785, acc=0.006121, agg=0.227541, next=1.687999
2022-07-24 06:49:28,555 - root - INFO - Time taken for epoch 59 is 460.6119821071625 sec
2022-07-24 06:49:28,555 - root - INFO - Train time = 442.8068630695343, Valid time = 5.656491279602051
2022-07-24 06:49:28,555 - root - INFO - G losses = {'GAN': 3.203800678253174, 'GAN_Feat': 0.2542092502117157}
2022-07-24 06:49:28,555 - root - INFO - D losses = {'D_Fake': 0.474164217710495, 'D_real': 0.019225848838686943}
generator made step 0
discriminator made step 0
generator made step 16
discriminator made step 16
generator made step 32
discriminator made step 32
generator made step 48
discriminator made step 48
generator made step 64
discriminator made step 64
generator made step 80
discriminator made step 80
generator made step 96
discriminator made step 96
generator made step 112
discriminator made step 112
generator made step 128
discriminator made step 128
generator made step 144
discriminator made step 144
generator made step 160
discriminator made step 160
generator made step 176
discriminator made step 176
generator made step 192
discriminator made step 192
generator made step 208
discriminator made step 208
generator made step 224
discriminator made step 224
generator made step 240
discriminator made step 240
generator made step 256
discriminator made step 256
generator made step 272
discriminator made step 272
generator made step 288
discriminator made step 288
generator made step 304
discriminator made step 304
generator made step 320
discriminator made step 320
generator made step 336
discriminator made step 336
generator made step 352
discriminator made step 352
generator made step 368
discriminator made step 368
generator made step 384
discriminator made step 384
generator made step 400
discriminator made step 400
generator made step 416
discriminator made step 416
generator made step 432
discriminator made step 432
generator made step 448
discriminator made step 448
generator made step 464
discriminator made step 464
generator made step 480
discriminator made step 480
generator made step 496
discriminator made step 496
2022-07-24 06:56:51,258 - root - INFO - Total=442.701828, G=347.740921, D=92.392958, data=1.631539, next=0.936410
2022-07-24 06:56:57,262 - root - INFO - Total=6.003605, G=0.445449, data=3.331680, acc=0.005736, agg=0.239245, next=1.981496
/opt/conda/lib/python3.8/site-packages/torch/optim/lr_scheduler.py:156: UserWarning: The epoch parameter in `scheduler.step()` was not necessary and is being deprecated where possible. Please use `scheduler.step()` to step the scheduler. During the deprecation, if epoch is different from None, the closed form is used instead of the new chainable form, where available. Please open an issue if you are unable to replicate your use case: https://github.com/pytorch/pytorch/issues/new/choose.
  warnings.warn(EPOCH_DEPRECATION_WARNING, UserWarning)
2022-07-24 06:57:20,996 - root - INFO - Time taken for epoch 60 is 472.441437959671 sec
2022-07-24 06:57:20,997 - root - INFO - Train time = 442.7018280029297, Valid time = 6.003605127334595
2022-07-24 06:57:20,997 - root - INFO - G losses = {'GAN': 1.1117552518844604, 'GAN_Feat': 0.2713363468647003}
2022-07-24 06:57:20,997 - root - INFO - D losses = {'D_Fake': 0.5063724517822266, 'D_real': 0.01321286242455244}
generator made step 0
discriminator made step 0
generator made step 16
discriminator made step 16
generator made step 32
discriminator made step 32
generator made step 48
discriminator made step 48
generator made step 64
discriminator made step 64
generator made step 80
discriminator made step 80
generator made step 96
discriminator made step 96
generator made step 112
discriminator made step 112
generator made step 128
discriminator made step 128
generator made step 144
discriminator made step 144
generator made step 160
discriminator made step 160
generator made step 176
discriminator made step 176
generator made step 192
discriminator made step 192
generator made step 208
discriminator made step 208
generator made step 224
discriminator made step 224
generator made step 240
discriminator made step 240
generator made step 256
discriminator made step 256
generator made step 272
discriminator made step 272
generator made step 288
discriminator made step 288
generator made step 304
discriminator made step 304
generator made step 320
discriminator made step 320
generator made step 336
discriminator made step 336
generator made step 352
discriminator made step 352
generator made step 368
discriminator made step 368
generator made step 384
discriminator made step 384
generator made step 400
discriminator made step 400
generator made step 416
discriminator made step 416
generator made step 432
discriminator made step 432
generator made step 448
discriminator made step 448
generator made step 464
discriminator made step 464
generator made step 480
discriminator made step 480
generator made step 496
discriminator made step 496
2022-07-24 07:04:44,039 - root - INFO - Total=443.040974, G=347.913221, D=92.428378, data=1.632863, next=1.066513
/opt/conda/lib/python3.8/site-packages/torch/optim/lr_scheduler.py:156: UserWarning: The epoch parameter in `scheduler.step()` was not necessary and is being deprecated where possible. Please use `scheduler.step()` to step the scheduler. During the deprecation, if epoch is different from None, the closed form is used instead of the new chainable form, where available. Please open an issue if you are unable to replicate your use case: https://github.com/pytorch/pytorch/issues/new/choose.
  warnings.warn(EPOCH_DEPRECATION_WARNING, UserWarning)
/opt/conda/lib/python3.8/site-packages/torch/optim/lr_scheduler.py:156: UserWarning: The epoch parameter in `scheduler.step()` was not necessary and is being deprecated where possible. Please use `scheduler.step()` to step the scheduler. During the deprecation, if epoch is different from None, the closed form is used instead of the new chainable form, where available. Please open an issue if you are unable to replicate your use case: https://github.com/pytorch/pytorch/issues/new/choose.
  warnings.warn(EPOCH_DEPRECATION_WARNING, UserWarning)
/opt/conda/lib/python3.8/site-packages/torch/optim/lr_scheduler.py:156: UserWarning: The epoch parameter in `scheduler.step()` was not necessary and is being deprecated where possible. Please use `scheduler.step()` to step the scheduler. During the deprecation, if epoch is different from None, the closed form is used instead of the new chainable form, where available. Please open an issue if you are unable to replicate your use case: https://github.com/pytorch/pytorch/issues/new/choose.
  warnings.warn(EPOCH_DEPRECATION_WARNING, UserWarning)
/opt/conda/lib/python3.8/site-packages/torch/optim/lr_scheduler.py:156: UserWarning: The epoch parameter in `scheduler.step()` was not necessary and is being deprecated where possible. Please use `scheduler.step()` to step the scheduler. During the deprecation, if epoch is different from None, the closed form is used instead of the new chainable form, where available. Please open an issue if you are unable to replicate your use case: https://github.com/pytorch/pytorch/issues/new/choose.
  warnings.warn(EPOCH_DEPRECATION_WARNING, UserWarning)
/opt/conda/lib/python3.8/site-packages/torch/optim/lr_scheduler.py:156: UserWarning: The epoch parameter in `scheduler.step()` was not necessary and is being deprecated where possible. Please use `scheduler.step()` to step the scheduler. During the deprecation, if epoch is different from None, the closed form is used instead of the new chainable form, where available. Please open an issue if you are unable to replicate your use case: https://github.com/pytorch/pytorch/issues/new/choose.
  warnings.warn(EPOCH_DEPRECATION_WARNING, UserWarning)
/opt/conda/lib/python3.8/site-packages/torch/optim/lr_scheduler.py:156: UserWarning: The epoch parameter in `scheduler.step()` was not necessary and is being deprecated where possible. Please use `scheduler.step()` to step the scheduler. During the deprecation, if epoch is different from None, the closed form is used instead of the new chainable form, where available. Please open an issue if you are unable to replicate your use case: https://github.com/pytorch/pytorch/issues/new/choose.
  warnings.warn(EPOCH_DEPRECATION_WARNING, UserWarning)
/opt/conda/lib/python3.8/site-packages/torch/optim/lr_scheduler.py:156: UserWarning: The epoch parameter in `scheduler.step()` was not necessary and is being deprecated where possible. Please use `scheduler.step()` to step the scheduler. During the deprecation, if epoch is different from None, the closed form is used instead of the new chainable form, where available. Please open an issue if you are unable to replicate your use case: https://github.com/pytorch/pytorch/issues/new/choose.
  warnings.warn(EPOCH_DEPRECATION_WARNING, UserWarning)
/opt/conda/lib/python3.8/site-packages/torch/optim/lr_scheduler.py:156: UserWarning: The epoch parameter in `scheduler.step()` was not necessary and is being deprecated where possible. Please use `scheduler.step()` to step the scheduler. During the deprecation, if epoch is different from None, the closed form is used instead of the new chainable form, where available. Please open an issue if you are unable to replicate your use case: https://github.com/pytorch/pytorch/issues/new/choose.
  warnings.warn(EPOCH_DEPRECATION_WARNING, UserWarning)
/opt/conda/lib/python3.8/site-packages/torch/optim/lr_scheduler.py:156: UserWarning: The epoch parameter in `scheduler.step()` was not necessary and is being deprecated where possible. Please use `scheduler.step()` to step the scheduler. During the deprecation, if epoch is different from None, the closed form is used instead of the new chainable form, where available. Please open an issue if you are unable to replicate your use case: https://github.com/pytorch/pytorch/issues/new/choose.
  warnings.warn(EPOCH_DEPRECATION_WARNING, UserWarning)
/opt/conda/lib/python3.8/site-packages/torch/optim/lr_scheduler.py:156: UserWarning: The epoch parameter in `scheduler.step()` was not necessary and is being deprecated where possible. Please use `scheduler.step()` to step the scheduler. During the deprecation, if epoch is different from None, the closed form is used instead of the new chainable form, where available. Please open an issue if you are unable to replicate your use case: https://github.com/pytorch/pytorch/issues/new/choose.
  warnings.warn(EPOCH_DEPRECATION_WARNING, UserWarning)
/opt/conda/lib/python3.8/site-packages/torch/optim/lr_scheduler.py:156: UserWarning: The epoch parameter in `scheduler.step()` was not necessary and is being deprecated where possible. Please use `scheduler.step()` to step the scheduler. During the deprecation, if epoch is different from None, the closed form is used instead of the new chainable form, where available. Please open an issue if you are unable to replicate your use case: https://github.com/pytorch/pytorch/issues/new/choose.
  warnings.warn(EPOCH_DEPRECATION_WARNING, UserWarning)
/opt/conda/lib/python3.8/site-packages/torch/optim/lr_scheduler.py:156: UserWarning: The epoch parameter in `scheduler.step()` was not necessary and is being deprecated where possible. Please use `scheduler.step()` to step the scheduler. During the deprecation, if epoch is different from None, the closed form is used instead of the new chainable form, where available. Please open an issue if you are unable to replicate your use case: https://github.com/pytorch/pytorch/issues/new/choose.
  warnings.warn(EPOCH_DEPRECATION_WARNING, UserWarning)
/opt/conda/lib/python3.8/site-packages/torch/optim/lr_scheduler.py:156: UserWarning: The epoch parameter in `scheduler.step()` was not necessary and is being deprecated where possible. Please use `scheduler.step()` to step the scheduler. During the deprecation, if epoch is different from None, the closed form is used instead of the new chainable form, where available. Please open an issue if you are unable to replicate your use case: https://github.com/pytorch/pytorch/issues/new/choose.
  warnings.warn(EPOCH_DEPRECATION_WARNING, UserWarning)
/opt/conda/lib/python3.8/site-packages/torch/optim/lr_scheduler.py:156: UserWarning: The epoch parameter in `scheduler.step()` was not necessary and is being deprecated where possible. Please use `scheduler.step()` to step the scheduler. During the deprecation, if epoch is different from None, the closed form is used instead of the new chainable form, where available. Please open an issue if you are unable to replicate your use case: https://github.com/pytorch/pytorch/issues/new/choose.
  warnings.warn(EPOCH_DEPRECATION_WARNING, UserWarning)
/opt/conda/lib/python3.8/site-packages/torch/optim/lr_scheduler.py:156: UserWarning: The epoch parameter in `scheduler.step()` was not necessary and is being deprecated where possible. Please use `scheduler.step()` to step the scheduler. During the deprecation, if epoch is different from None, the closed form is used instead of the new chainable form, where available. Please open an issue if you are unable to replicate your use case: https://github.com/pytorch/pytorch/issues/new/choose.
  warnings.warn(EPOCH_DEPRECATION_WARNING, UserWarning)
2022-07-24 07:04:50,050 - root - INFO - Total=6.010024, G=0.514565, data=3.192989, acc=0.006305, agg=0.279595, next=2.016569
2022-07-24 07:05:14,708 - root - INFO - Time taken for epoch 61 is 473.7106261253357 sec
2022-07-24 07:05:14,708 - root - INFO - Train time = 443.04097414016724, Valid time = 6.010023593902588
2022-07-24 07:05:14,708 - root - INFO - G losses = {'GAN': 5.682224273681641, 'GAN_Feat': 0.3047500252723694}
2022-07-24 07:05:14,708 - root - INFO - D losses = {'D_Fake': 0.0, 'D_real': 0.02014269307255745}
generator made step 0
discriminator made step 0
generator made step 16
discriminator made step 16
generator made step 32
discriminator made step 32
generator made step 48
discriminator made step 48
generator made step 64
discriminator made step 64
generator made step 80
discriminator made step 80
generator made step 96
discriminator made step 96
generator made step 112
discriminator made step 112
generator made step 128
discriminator made step 128
generator made step 144
discriminator made step 144
generator made step 160
discriminator made step 160
generator made step 176
discriminator made step 176
generator made step 192
discriminator made step 192
generator made step 208
discriminator made step 208
generator made step 224
discriminator made step 224
generator made step 240
discriminator made step 240
generator made step 256
discriminator made step 256
generator made step 272
discriminator made step 272
generator made step 288
discriminator made step 288
generator made step 304
discriminator made step 304
generator made step 320
discriminator made step 320
generator made step 336
discriminator made step 336
generator made step 352
discriminator made step 352
generator made step 368
discriminator made step 368
generator made step 384
discriminator made step 384
generator made step 400
discriminator made step 400
generator made step 416
discriminator made step 416
generator made step 432
discriminator made step 432
generator made step 448
discriminator made step 448
generator made step 464
discriminator made step 464
generator made step 480
discriminator made step 480
generator made step 496
discriminator made step 496
2022-07-24 07:12:38,607 - root - INFO - Total=443.898359, G=347.717992, D=92.482365, data=1.630805, next=2.067197
2022-07-24 07:12:44,633 - root - INFO - Total=6.024574, G=0.450137, data=3.305453, acc=0.005562, agg=0.246363, next=2.017059
2022-07-24 07:13:09,557 - root - INFO - Time taken for epoch 62 is 474.8485412597656 sec
2022-07-24 07:13:09,557 - root - INFO - Train time = 443.8983588218689, Valid time = 6.024573564529419
2022-07-24 07:13:09,557 - root - INFO - G losses = {'GAN': 2.562263011932373, 'GAN_Feat': 0.25825580954551697}
2022-07-24 07:13:09,557 - root - INFO - D losses = {'D_Fake': 0.2734677791595459, 'D_real': 0.004530276637524366}
generator made step 0
discriminator made step 0
generator made step 16
discriminator made step 16
generator made step 32
discriminator made step 32
generator made step 48
discriminator made step 48
generator made step 64
discriminator made step 64
generator made step 80
discriminator made step 80
generator made step 96
discriminator made step 96
generator made step 112
discriminator made step 112
generator made step 128
discriminator made step 128
generator made step 144
discriminator made step 144
generator made step 160
discriminator made step 160
generator made step 176
discriminator made step 176
generator made step 192
discriminator made step 192
generator made step 208
discriminator made step 208
generator made step 224
discriminator made step 224
generator made step 240
discriminator made step 240
generator made step 256
discriminator made step 256
generator made step 272
discriminator made step 272
generator made step 288
discriminator made step 288
generator made step 304
discriminator made step 304
generator made step 320
discriminator made step 320
generator made step 336
discriminator made step 336
generator made step 352
discriminator made step 352
generator made step 368
discriminator made step 368
generator made step 384
discriminator made step 384
generator made step 400
discriminator made step 400
generator made step 416
discriminator made step 416
generator made step 432
discriminator made step 432
generator made step 448
discriminator made step 448
generator made step 464
discriminator made step 464
generator made step 480
discriminator made step 480
generator made step 496
discriminator made step 496
2022-07-24 07:20:32,911 - root - INFO - Total=443.352915, G=348.174169, D=92.367354, data=1.632815, next=1.178578
2022-07-24 07:20:39,133 - root - INFO - Total=6.221334, G=0.451401, data=3.409903, acc=0.005299, agg=0.279266, next=2.075464
2022-07-24 07:20:51,951 - root - INFO - Time taken for epoch 63 is 462.3934693336487 sec
2022-07-24 07:20:51,951 - root - INFO - Train time = 443.3529152870178, Valid time = 6.2213335037231445
2022-07-24 07:20:51,951 - root - INFO - G losses = {'GAN': 4.6137261390686035, 'GAN_Feat': 0.26525673270225525}
2022-07-24 07:20:51,951 - root - INFO - D losses = {'D_Fake': 0.2562968134880066, 'D_real': 0.008906974457204342}
generator made step 0
discriminator made step 0
generator made step 16
discriminator made step 16
generator made step 32
discriminator made step 32
generator made step 48
discriminator made step 48
generator made step 64
discriminator made step 64
generator made step 80
discriminator made step 80
generator made step 96
discriminator made step 96
generator made step 112
discriminator made step 112
generator made step 128
discriminator made step 128
generator made step 144
discriminator made step 144
generator made step 160
discriminator made step 160
generator made step 176
discriminator made step 176
generator made step 192
discriminator made step 192
generator made step 208
discriminator made step 208
generator made step 224
discriminator made step 224
generator made step 240
discriminator made step 240
generator made step 256
discriminator made step 256
generator made step 272
discriminator made step 272
generator made step 288
discriminator made step 288
generator made step 304
discriminator made step 304
generator made step 320
discriminator made step 320
generator made step 336
discriminator made step 336
generator made step 352
discriminator made step 352
generator made step 368
discriminator made step 368
generator made step 384
discriminator made step 384
generator made step 400
discriminator made step 400
generator made step 416
discriminator made step 416
generator made step 432
discriminator made step 432
generator made step 448
discriminator made step 448
generator made step 464
discriminator made step 464
generator made step 480
discriminator made step 480
generator made step 496
discriminator made step 496
2022-07-24 07:28:16,279 - root - INFO - Total=444.326648, G=348.047492, D=92.573723, data=1.630928, next=2.074505
2022-07-24 07:28:21,590 - root - INFO - Total=5.310883, G=0.470250, data=3.205226, acc=0.006448, agg=0.206754, next=1.422205
2022-07-24 07:28:34,597 - root - INFO - Time taken for epoch 64 is 462.6460199356079 sec
2022-07-24 07:28:34,597 - root - INFO - Train time = 444.32664799690247, Valid time = 5.310882806777954
2022-07-24 07:28:34,597 - root - INFO - G losses = {'GAN': 5.451660633087158, 'GAN_Feat': 0.31602615118026733}
2022-07-24 07:28:34,597 - root - INFO - D losses = {'D_Fake': 0.7307651042938232, 'D_real': 0.0032080872915685177}
generator made step 0
discriminator made step 0
generator made step 16
discriminator made step 16
generator made step 32
discriminator made step 32
generator made step 48
discriminator made step 48
generator made step 64
discriminator made step 64
generator made step 80
discriminator made step 80
generator made step 96
discriminator made step 96
generator made step 112
discriminator made step 112
generator made step 128
discriminator made step 128
generator made step 144
discriminator made step 144
generator made step 160
discriminator made step 160
generator made step 176
discriminator made step 176
generator made step 192
discriminator made step 192
generator made step 208
discriminator made step 208
generator made step 224
discriminator made step 224
generator made step 240
discriminator made step 240
generator made step 256
discriminator made step 256
generator made step 272
discriminator made step 272
generator made step 288
discriminator made step 288
generator made step 304
discriminator made step 304
generator made step 320
discriminator made step 320
generator made step 336
discriminator made step 336
generator made step 352
discriminator made step 352
generator made step 368
discriminator made step 368
generator made step 384
discriminator made step 384
generator made step 400
discriminator made step 400
generator made step 416
discriminator made step 416
generator made step 432
discriminator made step 432
generator made step 448
discriminator made step 448
generator made step 464
discriminator made step 464
generator made step 480
discriminator made step 480
generator made step 496
discriminator made step 496
2022-07-24 07:35:58,075 - root - INFO - Total=443.476514, G=348.154278, D=92.458477, data=1.634667, next=1.229091
2022-07-24 07:36:04,315 - root - INFO - Total=6.239642, G=0.508121, data=3.326858, acc=0.014048, agg=0.265117, next=2.125497
2022-07-24 07:36:17,124 - root - INFO - Time taken for epoch 65 is 462.5265407562256 sec
2022-07-24 07:36:17,124 - root - INFO - Train time = 443.47651410102844, Valid time = 6.239642381668091
2022-07-24 07:36:17,124 - root - INFO - G losses = {'GAN': 4.0927228927612305, 'GAN_Feat': 0.23651503026485443}
2022-07-24 07:36:17,124 - root - INFO - D losses = {'D_Fake': 0.0004849225515499711, 'D_real': 1.1923015117645264}
generator made step 0
discriminator made step 0
generator made step 16
discriminator made step 16
generator made step 32
discriminator made step 32
generator made step 48
discriminator made step 48
generator made step 64
discriminator made step 64
generator made step 80
discriminator made step 80
generator made step 96
discriminator made step 96
generator made step 112
discriminator made step 112
generator made step 128
discriminator made step 128
generator made step 144
discriminator made step 144
generator made step 160
discriminator made step 160
generator made step 176
discriminator made step 176
generator made step 192
discriminator made step 192
generator made step 208
discriminator made step 208
generator made step 224
discriminator made step 224
srun: Job step aborted: Waiting up to 32 seconds for job step to finish.
slurmstepd: error: *** STEP 2787515.0 ON nid002245 CANCELLED AT 2022-07-24T07:39:39 DUE TO TIME LIMIT ***
slurmstepd: error: *** JOB 2787515 ON nid002245 CANCELLED AT 2022-07-24T07:39:39 DUE TO TIME LIMIT ***
