+ srun -u shifter -V UNKNOWN/sd/c/cjacobus/ML_Hydro_train/logs:/logs --image=nersc/pytorch:ngc-22.03-v0 --env PYTHONUSERBASE=/global/homes/c/cjacobus/.local/perlmutter/nersc-pytorch-ngc-22.03-v0 bash -c '
    source export_DDP_vars.sh
    python train.py --root_dir=UNKNOWN/sd/c/cjacobus/tsit --config=tightvalid_tanh_extraL1
    '
Invalid Volume Map: UNKNOWN/sd/c/cjacobus/ML_Hydro_train/logs:/logs, aborting! 1
Failed to parse volume map options

Usage:
shifter [-h|--help] [-v|--verbose] [--image=<imageType>:<imageTag>]
    [--entrypoint[=command]] [--workdir[=/path]]
    [-E|--clearenv] [-e|--env=<var>=<value>] [--env-file=/env/file
    [-V|--volume=/path/to/bind:/mnt/in/image[:<flags>[,...]][;...]]
    [-m|--module=<modulename>[,...]]
    [-- /command/to/exec/in/shifter [args...]]


Usage:
shifter [-h|--help] [-v|--verbose] [--image=<imageType>:<imageTag>]
    [--entrypoint[=command]] [--workdir[=/path]]
    [-E|--clearenv] [-e|--env=<var>=<value>] [--env-file=/env/file
    [-V|--volume=/path/to/bind:/mnt/in/image[:<flags>[,...]][;...]]
    [-m|--module=<modulename>[,...]]
    [-- /command/to/exec/in/shifter [args...]]

Invalid Volume Map: UNKNOWN/sd/c/cjacobus/ML_Hydro_train/logs:/logs, aborting! 1
Failed to parse volume map options

Usage:
shifter [-h|--help] [-v|--verbose] [--image=<imageType>:<imageTag>]
    [--entrypoint[=command]] [--workdir[=/path]]
    [-E|--clearenv] [-e|--env=<var>=<value>] [--env-file=/env/file
    [-V|--volume=/path/to/bind:/mnt/in/image[:<flags>[,...]][;...]]
    [-m|--module=<modulename>[,...]]
    [-- /command/to/exec/in/shifter [args...]]

Invalid Volume Map: UNKNOWN/sd/c/cjacobus/ML_Hydro_train/logs:/logs, aborting! 1
Failed to parse volume map options

Usage:
shifter [-h|--help] [-v|--verbose] [--image=<imageType>:<imageTag>]
    [--entrypoint[=command]] [--workdir[=/path]]
    [-E|--clearenv] [-e|--env=<var>=<value>] [--env-file=/env/file
    [-V|--volume=/path/to/bind:/mnt/in/image[:<flags>[,...]][;...]]
    [-m|--module=<modulename>[,...]]
    [-- /command/to/exec/in/shifter [args...]]

Invalid Volume Map: UNKNOWN/sd/c/cjacobus/ML_Hydro_train/logs:/logs, aborting! 1
Failed to parse volume map options

Usage:
shifter [-h|--help] [-v|--verbose] [--image=<imageType>:<imageTag>]
    [--entrypoint[=command]] [--workdir[=/path]]
    [-E|--clearenv] [-e|--env=<var>=<value>] [--env-file=/env/file
    [-V|--volume=/path/to/bind:/mnt/in/image[:<flags>[,...]][;...]]
    [-m|--module=<modulename>[,...]]
    [-- /command/to/exec/in/shifter [args...]]

Invalid Volume Map: UNKNOWN/sd/c/cjacobus/ML_Hydro_train/logs:/logs, aborting! 1
Failed to parse volume map options
Invalid Volume Map: UNKNOWN/sd/c/cjacobus/ML_Hydro_train/logs:/logs, aborting! 1
Failed to parse volume map options

Usage:
shifter [-h|--help] [-v|--verbose] [--image=<imageType>:<imageTag>]
    [--entrypoint[=command]] [--workdir[=/path]]
    [-E|--clearenv] [-e|--env=<var>=<value>] [--env-file=/env/file
    [-V|--volume=/path/to/bind:/mnt/in/image[:<flags>[,...]][;...]]
    [-m|--module=<modulename>[,...]]
    [-- /command/to/exec/in/shifter [args...]]

Invalid Volume Map: UNKNOWN/sd/c/cjacobus/ML_Hydro_train/logs:/logs, aborting! 1
Failed to parse volume map options

Usage:
shifter [-h|--help] [-v|--verbose] [--image=<imageType>:<imageTag>]
    [--entrypoint[=command]] [--workdir[=/path]]
    [-E|--clearenv] [-e|--env=<var>=<value>] [--env-file=/env/file
    [-V|--volume=/path/to/bind:/mnt/in/image[:<flags>[,...]][;...]]
    [-m|--module=<modulename>[,...]]
    [-- /command/to/exec/in/shifter [args...]]

Invalid Volume Map: UNKNOWN/sd/c/cjacobus/ML_Hydro_train/logs:/logs, aborting! 1
Failed to parse volume map options

Usage:
shifter [-h|--help] [-v|--verbose] [--image=<imageType>:<imageTag>]
    [--entrypoint[=command]] [--workdir[=/path]]
    [-E|--clearenv] [-e|--env=<var>=<value>] [--env-file=/env/file
    [-V|--volume=/path/to/bind:/mnt/in/image[:<flags>[,...]][;...]]
    [-m|--module=<modulename>[,...]]
    [-- /command/to/exec/in/shifter [args...]]


Usage:
shifter [-h|--help] [-v|--verbose] [--image=<imageType>:<imageTag>]
    [--entrypoint[=command]] [--workdir[=/path]]
    [-E|--clearenv] [-e|--env=<var>=<value>] [--env-file=/env/file
    [-V|--volume=/path/to/bind:/mnt/in/image[:<flags>[,...]][;...]]
    [-m|--module=<modulename>[,...]]
    [-- /command/to/exec/in/shifter [args...]]

Invalid Volume Map: UNKNOWN/sd/c/cjacobus/ML_Hydro_train/logs:/logs, aborting! 1
Failed to parse volume map options

Usage:
shifter [-h|--help] [-v|--verbose] [--image=<imageType>:<imageTag>]
    [--entrypoint[=command]] [--workdir[=/path]]
    [-E|--clearenv] [-e|--env=<var>=<value>] [--env-file=/env/file
    [-V|--volume=/path/to/bind:/mnt/in/image[:<flags>[,...]][;...]]
    [-m|--module=<modulename>[,...]]
    [-- /command/to/exec/in/shifter [args...]]

Invalid Volume Map: UNKNOWN/sd/c/cjacobus/ML_Hydro_train/logs:/logs, aborting! 1
Failed to parse volume map options

Usage:
shifter [-h|--help] [-v|--verbose] [--image=<imageType>:<imageTag>]
    [--entrypoint[=command]] [--workdir[=/path]]
    [-E|--clearenv] [-e|--env=<var>=<value>] [--env-file=/env/file
    [-V|--volume=/path/to/bind:/mnt/in/image[:<flags>[,...]][;...]]
    [-m|--module=<modulename>[,...]]
    [-- /command/to/exec/in/shifter [args...]]

Invalid Volume Map: UNKNOWN/sd/c/cjacobus/ML_Hydro_train/logs:/logs, aborting! 1
Failed to parse volume map options

Usage:
shifter [-h|--help] [-v|--verbose] [--image=<imageType>:<imageTag>]
    [--entrypoint[=command]] [--workdir[=/path]]
    [-E|--clearenv] [-e|--env=<var>=<value>] [--env-file=/env/file
    [-V|--volume=/path/to/bind:/mnt/in/image[:<flags>[,...]][;...]]
    [-m|--module=<modulename>[,...]]
    [-- /command/to/exec/in/shifter [args...]]

Invalid Volume Map: UNKNOWN/sd/c/cjacobus/ML_Hydro_train/logs:/logs, aborting! 1
Failed to parse volume map options
srun: error: nid001617: tasks 0-3: Exited with exit code 1
srun: launch/slurm: _step_signal: Terminating StepId=3054320.0
srun: error: nid001621: tasks 8-11: Exited with exit code 1
srun: error: nid001624: tasks 12-15: Exited with exit code 1
srun: error: nid001620: tasks 4-7: Terminated
srun: Force Terminated StepId=3054320.0
