+ srun -u shifter -V /pscratch/sd/c/cjacobus/ML_Hydro_train/logs:/logs --image=nersc/pytorch:ngc-22.03-v0 --env PYTHONUSERBASE=/global/homes/c/cjacobus/.local/perlmutter/nersc-pytorch-ngc-22.03-v0 bash -c '
    source export_DDP_vars.sh
    python train.py --root_dir=/pscratch/sd/c/cjacobus/tsit --config=valid_up5_tanh_L1_spec
    '
[W socket.cpp:701] The server socket on [nid002300]:29500 is not yet listening (errno: 111 - Connection refused), will retry.
[W socket.cpp:701] The server socket on [nid002300]:29500 is not yet listening (errno: 111 - Connection refused), will retry.
[W socket.cpp:701] The server socket on [nid002300]:29500 is not yet listening (errno: 111 - Connection refused), will retry.
[W socket.cpp:701] The server socket on [nid002300]:29500 is not yet listening (errno: 111 - Connection refused), will retry.
[W socket.cpp:701] The server socket on [nid002300]:29500 is not yet listening (errno: 111 - Connection refused), will retry.
[W socket.cpp:701] The server socket on [nid002300]:29500 is not yet listening (errno: 111 - Connection refused), will retry.
[W socket.cpp:701] The server socket on [nid002300]:29500 is not yet listening (errno: 111 - Connection refused), will retry.
[W socket.cpp:701] The server socket on [nid002300]:29500 is not yet listening (errno: 111 - Connection refused), will retry.
2022-07-31 06:41:39,919 - torch.distributed.distributed_c10d - INFO - Added key: store_based_barrier_key:1 to store for rank: 1
2022-07-31 06:41:39,921 - torch.distributed.distributed_c10d - INFO - Added key: store_based_barrier_key:1 to store for rank: 2
2022-07-31 06:41:39,922 - torch.distributed.distributed_c10d - INFO - Added key: store_based_barrier_key:1 to store for rank: 3
2022-07-31 06:41:40,228 - torch.distributed.distributed_c10d - INFO - Added key: store_based_barrier_key:1 to store for rank: 15
2022-07-31 06:41:40,233 - torch.distributed.distributed_c10d - INFO - Added key: store_based_barrier_key:1 to store for rank: 14
2022-07-31 06:41:40,235 - torch.distributed.distributed_c10d - INFO - Added key: store_based_barrier_key:1 to store for rank: 13
2022-07-31 06:41:40,236 - torch.distributed.distributed_c10d - INFO - Added key: store_based_barrier_key:1 to store for rank: 12
2022-07-31 06:41:40,304 - torch.distributed.distributed_c10d - INFO - Added key: store_based_barrier_key:1 to store for rank: 5
2022-07-31 06:41:40,312 - torch.distributed.distributed_c10d - INFO - Added key: store_based_barrier_key:1 to store for rank: 4
2022-07-31 06:41:40,314 - torch.distributed.distributed_c10d - INFO - Added key: store_based_barrier_key:1 to store for rank: 7
2022-07-31 06:41:40,314 - torch.distributed.distributed_c10d - INFO - Added key: store_based_barrier_key:1 to store for rank: 6
2022-07-31 06:41:40,620 - torch.distributed.distributed_c10d - INFO - Added key: store_based_barrier_key:1 to store for rank: 0
2022-07-31 06:41:40,801 - torch.distributed.distributed_c10d - INFO - Added key: store_based_barrier_key:1 to store for rank: 8
2022-07-31 06:41:40,807 - torch.distributed.distributed_c10d - INFO - Added key: store_based_barrier_key:1 to store for rank: 11
2022-07-31 06:41:40,809 - torch.distributed.distributed_c10d - INFO - Added key: store_based_barrier_key:1 to store for rank: 10
2022-07-31 06:41:40,809 - torch.distributed.distributed_c10d - INFO - Added key: store_based_barrier_key:1 to store for rank: 9
2022-07-31 06:41:40,809 - torch.distributed.distributed_c10d - INFO - Rank 9: Completed store-based barrier for key:store_based_barrier_key:1 with 16 nodes.
2022-07-31 06:41:40,810 - torch.distributed.distributed_c10d - INFO - Rank 15: Completed store-based barrier for key:store_based_barrier_key:1 with 16 nodes.
2022-07-31 06:41:40,812 - torch.distributed.distributed_c10d - INFO - Rank 8: Completed store-based barrier for key:store_based_barrier_key:1 with 16 nodes.
2022-07-31 06:41:40,812 - torch.distributed.distributed_c10d - INFO - Rank 0: Completed store-based barrier for key:store_based_barrier_key:1 with 16 nodes.
2022-07-31 06:41:40,812 - torch.distributed.distributed_c10d - INFO - Rank 12: Completed store-based barrier for key:store_based_barrier_key:1 with 16 nodes.
2022-07-31 06:41:40,814 - torch.distributed.distributed_c10d - INFO - Rank 1: Completed store-based barrier for key:store_based_barrier_key:1 with 16 nodes.
2022-07-31 06:41:40,815 - torch.distributed.distributed_c10d - INFO - Rank 2: Completed store-based barrier for key:store_based_barrier_key:1 with 16 nodes.
2022-07-31 06:41:40,815 - torch.distributed.distributed_c10d - INFO - Rank 7: Completed store-based barrier for key:store_based_barrier_key:1 with 16 nodes.
2022-07-31 06:41:40,815 - torch.distributed.distributed_c10d - INFO - Rank 4: Completed store-based barrier for key:store_based_barrier_key:1 with 16 nodes.
2022-07-31 06:41:40,816 - torch.distributed.distributed_c10d - INFO - Rank 3: Completed store-based barrier for key:store_based_barrier_key:1 with 16 nodes.
2022-07-31 06:41:40,816 - torch.distributed.distributed_c10d - INFO - Rank 5: Completed store-based barrier for key:store_based_barrier_key:1 with 16 nodes.
2022-07-31 06:41:40,816 - torch.distributed.distributed_c10d - INFO - Rank 6: Completed store-based barrier for key:store_based_barrier_key:1 with 16 nodes.
2022-07-31 06:41:40,817 - torch.distributed.distributed_c10d - INFO - Rank 14: Completed store-based barrier for key:store_based_barrier_key:1 with 16 nodes.
2022-07-31 06:41:40,817 - torch.distributed.distributed_c10d - INFO - Rank 11: Completed store-based barrier for key:store_based_barrier_key:1 with 16 nodes.
2022-07-31 06:41:40,818 - torch.distributed.distributed_c10d - INFO - Rank 13: Completed store-based barrier for key:store_based_barrier_key:1 with 16 nodes.
2022-07-31 06:41:40,819 - torch.distributed.distributed_c10d - INFO - Rank 10: Completed store-based barrier for key:store_based_barrier_key:1 with 16 nodes.
2022-07-31 06:41:40,836 - root - INFO - rank 8, begin data loader init
2022-07-31 06:41:40,836 - root - INFO - rank 9, begin data loader init
2022-07-31 06:41:40,836 - root - INFO - rank 10, begin data loader init
2022-07-31 06:41:40,836 - root - INFO - rank 11, begin data loader init
2022-07-31 06:41:40,836 - root - INFO - ------------------ Configuration ------------------
2022-07-31 06:41:40,837 - root - INFO - Configuration file: /global/u1/c/cjacobus/Nyx-TSIT/config/tsit.yaml
2022-07-31 06:41:40,837 - root - INFO - Configuration name: valid_up5_tanh_L1_spec
2022-07-31 06:41:40,837 - root - INFO - Nsamples 8192
2022-07-31 06:41:40,837 - root - INFO - Nsamples_val 512
2022-07-31 06:41:40,836 - root - INFO - rank 4, begin data loader init
2022-07-31 06:41:40,837 - root - INFO - niter 200
2022-07-31 06:41:40,836 - root - INFO - rank 5, begin data loader init
2022-07-31 06:41:40,836 - root - INFO - rank 9, data loader initialized
2022-07-31 06:41:40,837 - root - INFO - niter_decay 150
2022-07-31 06:41:40,836 - root - INFO - rank 6, begin data loader init
2022-07-31 06:41:40,837 - root - INFO - use_spec_loss False
2022-07-31 06:41:40,836 - root - INFO - rank 7, begin data loader init
2022-07-31 06:41:40,837 - root - INFO - lambda_spec 100.0
2022-07-31 06:41:40,837 - root - INFO - rank 4, data loader initialized
2022-07-31 06:41:40,837 - root - INFO - use_l1_loss True
2022-07-31 06:41:40,837 - root - INFO - rank 6, data loader initialized
2022-07-31 06:41:40,837 - root - INFO - rank 14, begin data loader init
2022-07-31 06:41:40,836 - root - INFO - rank 10, data loader initialized
2022-07-31 06:41:40,837 - root - INFO - lambda_l1 300.0
2022-07-31 06:41:40,837 - root - INFO - rank 7, data loader initialized
2022-07-31 06:41:40,836 - root - INFO - rank 11, data loader initialized
2022-07-31 06:41:40,837 - root - INFO - data_size 128
2022-07-31 06:41:40,837 - root - INFO - rank 5, data loader initialized
2022-07-31 06:41:40,837 - root - INFO - rank 8, data loader initialized
2022-07-31 06:41:40,837 - root - INFO - train_path /pscratch/sd/c/cjacobus/Nyx_512/train_s1_512_invar3_hydro.h5
2022-07-31 06:41:40,837 - root - INFO - val_path /pscratch/sd/c/cjacobus/Nyx_512/valid_s2_512_invar3_hydro.h5
2022-07-31 06:41:40,837 - root - INFO - num_upsampling_blocks 5
2022-07-31 06:41:40,837 - root - INFO - tanh False
2022-07-31 06:41:40,837 - root - INFO - num_data_workers 16
2022-07-31 06:41:40,837 - root - INFO - in_channels [0, 1, 2, 3, 17, 18, 19]
2022-07-31 06:41:40,837 - root - INFO - out_channels [0]
2022-07-31 06:41:40,837 - root - INFO - min_path /pscratch/sd/s/shas1693/data/era5/mins.npy
2022-07-31 06:41:40,837 - root - INFO - max_path /pscratch/sd/s/shas1693/data/era5/maxs.npy
2022-07-31 06:41:40,837 - root - INFO - rank 12, begin data loader init
2022-07-31 06:41:40,837 - root - INFO - time_means_path /pscratch/sd/s/shas1693/data/era5/time_means.npy
2022-07-31 06:41:40,837 - root - INFO - rank 13, begin data loader init
2022-07-31 06:41:40,837 - root - INFO - global_means_path /pscratch/sd/s/shas1693/data/era5/global_means.npy
2022-07-31 06:41:40,837 - root - INFO - rank 15, begin data loader init
2022-07-31 06:41:40,837 - root - INFO - global_stds_path /pscratch/sd/s/shas1693/data/era5/global_stds.npy
2022-07-31 06:41:40,837 - root - INFO - precip /pscratch/sd/p/pharring/ERA5/precip/total_precipitation
2022-07-31 06:41:40,837 - root - INFO - precip_eps 1e-05
2022-07-31 06:41:40,837 - root - INFO - dt 1
2022-07-31 06:41:40,837 - root - INFO - n_history 0
2022-07-31 06:41:40,837 - root - INFO - crop_size_x None
2022-07-31 06:41:40,837 - root - INFO - crop_size_y None
2022-07-31 06:41:40,837 - root - INFO - roll False
2022-07-31 06:41:40,837 - root - INFO - conttime False
2022-07-31 06:41:40,837 - root - INFO - normalization zscore
2022-07-31 06:41:40,837 - root - INFO - add_grid False
2022-07-31 06:41:40,837 - root - INFO - model pix2pix
2022-07-31 06:41:40,837 - root - INFO - norm_G spectralfadebatch3x3
2022-07-31 06:41:40,837 - root - INFO - norm_D spectralinstance
2022-07-31 06:41:40,837 - root - INFO - rank 13, data loader initialized
2022-07-31 06:41:40,837 - root - INFO - norm_S spectralinstance
2022-07-31 06:41:40,837 - root - INFO - rank 14, data loader initialized
2022-07-31 06:41:40,837 - root - INFO - norm_E spectralinstance
2022-07-31 06:41:40,837 - root - INFO - rank 12, data loader initialized
2022-07-31 06:41:40,837 - root - INFO - batch_size 16
2022-07-31 06:41:40,837 - root - INFO - rank 15, data loader initialized
2022-07-31 06:41:40,837 - root - INFO - img_size [512, 512, 512]
2022-07-31 06:41:40,837 - root - INFO - box_size [512, 512, 512]
2022-07-31 06:41:40,837 - root - INFO - input_nc 5
2022-07-31 06:41:40,837 - root - INFO - output_nc 5
2022-07-31 06:41:40,837 - root - INFO - netG tsit
2022-07-31 06:41:40,837 - root - INFO - ngf 64
2022-07-31 06:41:40,837 - root - INFO - init_type xavier
2022-07-31 06:41:40,837 - root - INFO - init_variance 0.02
2022-07-31 06:41:40,837 - root - INFO - z_dim 256
2022-07-31 06:41:40,837 - root - INFO - alpha 1.0
2022-07-31 06:41:40,837 - root - INFO - no_ss True
2022-07-31 06:41:40,837 - root - INFO - downsamp True
2022-07-31 06:41:40,837 - root - INFO - use_periodic_padding True
2022-07-31 06:41:40,837 - root - INFO - additive_noise False
2022-07-31 06:41:40,837 - root - INFO - nef 16
2022-07-31 06:41:40,837 - root - INFO - use_vae False
2022-07-31 06:41:40,837 - root - INFO - optimizer adam
2022-07-31 06:41:40,838 - root - INFO - beta1 0.5
2022-07-31 06:41:40,838 - root - INFO - beta2 0.999
2022-07-31 06:41:40,838 - root - INFO - lr 0.0002
2022-07-31 06:41:40,838 - root - INFO - D_steps_per_G 1
2022-07-31 06:41:40,838 - root - INFO - ndf 64
2022-07-31 06:41:40,838 - root - INFO - lambda_feat 0.5
2022-07-31 06:41:40,838 - root - INFO - no_ganFeat_loss False
2022-07-31 06:41:40,838 - root - INFO - gan_mode hinge
2022-07-31 06:41:40,838 - root - INFO - netD multiscale
2022-07-31 06:41:40,838 - root - INFO - num_D 2
2022-07-31 06:41:40,838 - root - INFO - n_layers_D 4
2022-07-31 06:41:40,838 - root - INFO - no_TTUR True
2022-07-31 06:41:40,838 - root - INFO - lambda_kld 0.05
2022-07-31 06:41:40,838 - root - INFO - cat_inp False
2022-07-31 06:41:40,838 - root - INFO - entity weatherbenching
2022-07-31 06:41:40,838 - root - INFO - project Nyx-TSIT
2022-07-31 06:41:40,838 - root - INFO - log_to_wandb True
2022-07-31 06:41:40,838 - root - INFO - log_to_screen True
2022-07-31 06:41:40,838 - root - INFO - save_checkpoint True
2022-07-31 06:41:40,838 - root - INFO - weight_init ordereddict([('conv_init', 'normal'), ('conv_scale', 0.02), ('conv_bias', 0.0)])
2022-07-31 06:41:40,838 - root - INFO - lambda_rho 0
2022-07-31 06:41:40,838 - root - INFO - full_scale True
2022-07-31 06:41:40,838 - root - INFO - global_batch_size 64
2022-07-31 06:41:40,838 - root - INFO - base_batch_size 64
2022-07-31 06:41:40,838 - root - INFO - num_epochs 60
2022-07-31 06:41:40,838 - root - INFO - enable_amp False
2022-07-31 06:41:40,838 - root - INFO - enable_apex False
2022-07-31 06:41:40,838 - root - INFO - enable_benchy False
2022-07-31 06:41:40,838 - root - INFO - enable_jit False
2022-07-31 06:41:40,838 - root - INFO - expdir /logs
2022-07-31 06:41:40,838 - root - INFO - lr_schedule ordereddict([('scaling', 'sqrt'), ('start_lr', 0.0002), ('end_lr', 0.0), ('warmup_steps', 128)])
2022-07-31 06:41:40,838 - root - INFO - data_loader_config lowmem
2022-07-31 06:41:40,838 - root - INFO - N_out_channels 5
2022-07-31 06:41:40,838 - root - INFO - N_in_channels 5
2022-07-31 06:41:40,838 - root - INFO - use_cache None
2022-07-31 06:41:40,838 - root - INFO - ---------------------------------------------------
log_to_wandb -------------------------------------------------------------------
2022-07-31 06:41:40,838 - root - INFO - rank 3, begin data loader init
dir exists: /pscratch/sd/c/cjacobus/tsit/expts/valid_up5_tanh_L1_spec/checkpoints/
2022-07-31 06:41:40,838 - root - INFO - rank 1, begin data loader init
2022-07-31 06:41:40,838 - root - INFO - rank 2, begin data loader init
2022-07-31 06:41:40,838 - root - INFO - rank 3, data loader initialized
2022-07-31 06:41:40,838 - root - INFO - rank 2, data loader initialized
2022-07-31 06:41:40,838 - root - INFO - rank 1, data loader initialized
wandb: Currently logged in as: cjacobus (use `wandb login --relogin` to force relogin)
wandb: wandb version 0.12.21 is available!  To upgrade, please run:
wandb:  $ pip install wandb --upgrade
wandb: Tracking run with wandb version 0.12.13
wandb: Run data is saved locally in /pscratch/sd/c/cjacobus/tsit/expts/valid_up5_tanh_L1_spec/wandb/run-20220731_064141-xj7e74nu
wandb: Run `wandb offline` to turn off syncing.
wandb: Resuming run valid_up5_tanh_L1_spec
wandb: ⭐️ View project at https://wandb.ai/weatherbenching/Nyx-TSIT
wandb: 🚀 View run at https://wandb.ai/weatherbenching/Nyx-TSIT/runs/xj7e74nu
checking dir: /pscratch/sd/c/cjacobus/tsit/expts/valid_up5_tanh_L1_spec/checkpoints/
dir exists: /pscratch/sd/c/cjacobus/tsit/expts/valid_up5_tanh_L1_spec/checkpoints/
2022-07-31 06:41:42,896 - root - INFO - rank 0, begin data loader init
2022-07-31 06:41:42,897 - root - INFO - rank 0, data loader initialized
Network [TSITGenerator] was created. Total number of parameters: 991.3 million. To see the architecture, do print(network).
Network [TSITGenerator] was created. Total number of parameters: 991.3 million. To see the architecture, do print(network).
Network [TSITGenerator] was created. Total number of parameters: 991.3 million. To see the architecture, do print(network).
Network [TSITGenerator] was created. Total number of parameters: 991.3 million. To see the architecture, do print(network).
Network [TSITGenerator] was created. Total number of parameters: 991.3 million. To see the architecture, do print(network).
Network [TSITGenerator] was created. Total number of parameters: 991.3 million. To see the architecture, do print(network).
Network [TSITGenerator] was created. Total number of parameters: 991.3 million. To see the architecture, do print(network).
Network [TSITGenerator] was created. Total number of parameters: 991.3 million. To see the architecture, do print(network).
Network [TSITGenerator] was created. Total number of parameters: 991.3 million. To see the architecture, do print(network).
Network [TSITGenerator] was created. Total number of parameters: 991.3 million. To see the architecture, do print(network).
Network [TSITGenerator] was created. Total number of parameters: 991.3 million. To see the architecture, do print(network).
Network [TSITGenerator] was created. Total number of parameters: 991.3 million. To see the architecture, do print(network).
Network [TSITGenerator] was created. Total number of parameters: 991.3 million. To see the architecture, do print(network).
Network [TSITGenerator] was created. Total number of parameters: 991.3 million. To see the architecture, do print(network).
Network [TSITGenerator] was created. Total number of parameters: 991.3 million. To see the architecture, do print(network).
Network [TSITGenerator] was created. Total number of parameters: 991.3 million. To see the architecture, do print(network).
Network [MultiscaleDiscriminator] was created. Total number of parameters: 22.1 million. To see the architecture, do print(network).
Network [MultiscaleDiscriminator] was created. Total number of parameters: 22.1 million. To see the architecture, do print(network).
Network [MultiscaleDiscriminator] was created. Total number of parameters: 22.1 million. To see the architecture, do print(network).
Network [MultiscaleDiscriminator] was created. Total number of parameters: 22.1 million. To see the architecture, do print(network).
Network [MultiscaleDiscriminator] was created. Total number of parameters: 22.1 million. To see the architecture, do print(network).
Network [MultiscaleDiscriminator] was created. Total number of parameters: 22.1 million. To see the architecture, do print(network).
Network [MultiscaleDiscriminator] was created. Total number of parameters: 22.1 million. To see the architecture, do print(network).
Network [MultiscaleDiscriminator] was created. Total number of parameters: 22.1 million. To see the architecture, do print(network).
Network [MultiscaleDiscriminator] was created. Total number of parameters: 22.1 million. To see the architecture, do print(network).
Network [MultiscaleDiscriminator] was created. Total number of parameters: 22.1 million. To see the architecture, do print(network).
Network [MultiscaleDiscriminator] was created. Total number of parameters: 22.1 million. To see the architecture, do print(network).
Network [MultiscaleDiscriminator] was created. Total number of parameters: 22.1 million. To see the architecture, do print(network).
Network [MultiscaleDiscriminator] was created. Total number of parameters: 22.1 million. To see the architecture, do print(network).
Network [MultiscaleDiscriminator] was created. Total number of parameters: 22.1 million. To see the architecture, do print(network).
Network [MultiscaleDiscriminator] was created. Total number of parameters: 22.1 million. To see the architecture, do print(network).
Network [MultiscaleDiscriminator] was created. Total number of parameters: 22.1 million. To see the architecture, do print(network).
2022-07-31 06:42:02,998 - root - INFO - Loading checkpoint /pscratch/sd/c/cjacobus/tsit/expts/valid_up5_tanh_L1_spec/checkpoints/ckpt.tar
2022-07-31 06:42:02,999 - root - INFO - Loading checkpoint /pscratch/sd/c/cjacobus/tsit/expts/valid_up5_tanh_L1_spec/checkpoints/ckpt.tar
2022-07-31 06:42:03,000 - root - INFO - Loading checkpoint /pscratch/sd/c/cjacobus/tsit/expts/valid_up5_tanh_L1_spec/checkpoints/ckpt.tar
2022-07-31 06:42:03,001 - root - INFO - Loading checkpoint /pscratch/sd/c/cjacobus/tsit/expts/valid_up5_tanh_L1_spec/checkpoints/ckpt.tar
2022-07-31 06:42:03,002 - root - INFO - Loading checkpoint /pscratch/sd/c/cjacobus/tsit/expts/valid_up5_tanh_L1_spec/checkpoints/ckpt.tar
2022-07-31 06:42:03,002 - root - INFO - Loading checkpoint /pscratch/sd/c/cjacobus/tsit/expts/valid_up5_tanh_L1_spec/checkpoints/ckpt.tar
2022-07-31 06:42:03,002 - root - INFO - Loading checkpoint /pscratch/sd/c/cjacobus/tsit/expts/valid_up5_tanh_L1_spec/checkpoints/ckpt.tar
2022-07-31 06:42:03,003 - root - INFO - Loading checkpoint /pscratch/sd/c/cjacobus/tsit/expts/valid_up5_tanh_L1_spec/checkpoints/ckpt.tar
2022-07-31 06:42:03,004 - root - INFO - Loading checkpoint /pscratch/sd/c/cjacobus/tsit/expts/valid_up5_tanh_L1_spec/checkpoints/ckpt.tar
2022-07-31 06:42:03,004 - root - INFO - Loading checkpoint /pscratch/sd/c/cjacobus/tsit/expts/valid_up5_tanh_L1_spec/checkpoints/ckpt.tar
2022-07-31 06:42:03,004 - root - INFO - Loading checkpoint /pscratch/sd/c/cjacobus/tsit/expts/valid_up5_tanh_L1_spec/checkpoints/ckpt.tar
2022-07-31 06:42:03,004 - root - INFO - Loading checkpoint /pscratch/sd/c/cjacobus/tsit/expts/valid_up5_tanh_L1_spec/checkpoints/ckpt.tar
2022-07-31 06:42:03,005 - root - INFO - Loading checkpoint /pscratch/sd/c/cjacobus/tsit/expts/valid_up5_tanh_L1_spec/checkpoints/ckpt.tar
2022-07-31 06:42:03,005 - root - INFO - Loading checkpoint /pscratch/sd/c/cjacobus/tsit/expts/valid_up5_tanh_L1_spec/checkpoints/ckpt.tar
2022-07-31 06:42:03,005 - root - INFO - Loading checkpoint /pscratch/sd/c/cjacobus/tsit/expts/valid_up5_tanh_L1_spec/checkpoints/ckpt.tar
2022-07-31 06:42:03,005 - root - INFO - Loading checkpoint /pscratch/sd/c/cjacobus/tsit/expts/valid_up5_tanh_L1_spec/checkpoints/ckpt.tar
2022-07-31 06:42:08,826 - root - INFO - Starting Training Loop...
[W reducer.cpp:1282] Warning: find_unused_parameters=True was specified in DDP constructor, but did not find any unused parameters in the forward pass. This flag results in an extra traversal of the autograd graph every iteration,  which can adversely affect performance. If your model indeed never has any unused parameters in the forward pass, consider turning this flag off. Note that this warning may be a false positive if your model has flow control causing later iterations to have unused parameters. (function operator())
[W reducer.cpp:1282] Warning: find_unused_parameters=True was specified in DDP constructor, but did not find any unused parameters in the forward pass. This flag results in an extra traversal of the autograd graph every iteration,  which can adversely affect performance. If your model indeed never has any unused parameters in the forward pass, consider turning this flag off. Note that this warning may be a false positive if your model has flow control causing later iterations to have unused parameters. (function operator())
[W reducer.cpp:1282] Warning: find_unused_parameters=True was specified in DDP constructor, but did not find any unused parameters in the forward pass. This flag results in an extra traversal of the autograd graph every iteration,  which can adversely affect performance. If your model indeed never has any unused parameters in the forward pass, consider turning this flag off. Note that this warning may be a false positive if your model has flow control causing later iterations to have unused parameters. (function operator())
[W reducer.cpp:1282] Warning: find_unused_parameters=True was specified in DDP constructor, but did not find any unused parameters in the forward pass. This flag results in an extra traversal of the autograd graph every iteration,  which can adversely affect performance. If your model indeed never has any unused parameters in the forward pass, consider turning this flag off. Note that this warning may be a false positive if your model has flow control causing later iterations to have unused parameters. (function operator())
[W reducer.cpp:1282] Warning: find_unused_parameters=True was specified in DDP constructor, but did not find any unused parameters in the forward pass. This flag results in an extra traversal of the autograd graph every iteration,  which can adversely affect performance. If your model indeed never has any unused parameters in the forward pass, consider turning this flag off. Note that this warning may be a false positive if your model has flow control causing later iterations to have unused parameters. (function operator())
[W reducer.cpp:1282] Warning: find_unused_parameters=True was specified in DDP constructor, but did not find any unused parameters in the forward pass. This flag results in an extra traversal of the autograd graph every iteration,  which can adversely affect performance. If your model indeed never has any unused parameters in the forward pass, consider turning this flag off. Note that this warning may be a false positive if your model has flow control causing later iterations to have unused parameters. (function operator())
[W reducer.cpp:1282] Warning: find_unused_parameters=True was specified in DDP constructor, but did not find any unused parameters in the forward pass. This flag results in an extra traversal of the autograd graph every iteration,  which can adversely affect performance. If your model indeed never has any unused parameters in the forward pass, consider turning this flag off. Note that this warning may be a false positive if your model has flow control causing later iterations to have unused parameters. (function operator())
[W reducer.cpp:1282] Warning: find_unused_parameters=True was specified in DDP constructor, but did not find any unused parameters in the forward pass. This flag results in an extra traversal of the autograd graph every iteration,  which can adversely affect performance. If your model indeed never has any unused parameters in the forward pass, consider turning this flag off. Note that this warning may be a false positive if your model has flow control causing later iterations to have unused parameters. (function operator())
[W reducer.cpp:1282] Warning: find_unused_parameters=True was specified in DDP constructor, but did not find any unused parameters in the forward pass. This flag results in an extra traversal of the autograd graph every iteration,  which can adversely affect performance. If your model indeed never has any unused parameters in the forward pass, consider turning this flag off. Note that this warning may be a false positive if your model has flow control causing later iterations to have unused parameters. (function operator())
[W reducer.cpp:1282] Warning: find_unused_parameters=True was specified in DDP constructor, but did not find any unused parameters in the forward pass. This flag results in an extra traversal of the autograd graph every iteration,  which can adversely affect performance. If your model indeed never has any unused parameters in the forward pass, consider turning this flag off. Note that this warning may be a false positive if your model has flow control causing later iterations to have unused parameters. (function operator())
[W reducer.cpp:1282] Warning: find_unused_parameters=True was specified in DDP constructor, but did not find any unused parameters in the forward pass. This flag results in an extra traversal of the autograd graph every iteration,  which can adversely affect performance. If your model indeed never has any unused parameters in the forward pass, consider turning this flag off. Note that this warning may be a false positive if your model has flow control causing later iterations to have unused parameters. (function operator())
[W reducer.cpp:1282] Warning: find_unused_parameters=True was specified in DDP constructor, but did not find any unused parameters in the forward pass. This flag results in an extra traversal of the autograd graph every iteration,  which can adversely affect performance. If your model indeed never has any unused parameters in the forward pass, consider turning this flag off. Note that this warning may be a false positive if your model has flow control causing later iterations to have unused parameters. (function operator())
[W reducer.cpp:1282] Warning: find_unused_parameters=True was specified in DDP constructor, but did not find any unused parameters in the forward pass. This flag results in an extra traversal of the autograd graph every iteration,  which can adversely affect performance. If your model indeed never has any unused parameters in the forward pass, consider turning this flag off. Note that this warning may be a false positive if your model has flow control causing later iterations to have unused parameters. (function operator())
[W reducer.cpp:1282] Warning: find_unused_parameters=True was specified in DDP constructor, but did not find any unused parameters in the forward pass. This flag results in an extra traversal of the autograd graph every iteration,  which can adversely affect performance. If your model indeed never has any unused parameters in the forward pass, consider turning this flag off. Note that this warning may be a false positive if your model has flow control causing later iterations to have unused parameters. (function operator())
[W reducer.cpp:1282] Warning: find_unused_parameters=True was specified in DDP constructor, but did not find any unused parameters in the forward pass. This flag results in an extra traversal of the autograd graph every iteration,  which can adversely affect performance. If your model indeed never has any unused parameters in the forward pass, consider turning this flag off. Note that this warning may be a false positive if your model has flow control causing later iterations to have unused parameters. (function operator())
[W reducer.cpp:1282] Warning: find_unused_parameters=True was specified in DDP constructor, but did not find any unused parameters in the forward pass. This flag results in an extra traversal of the autograd graph every iteration,  which can adversely affect performance. If your model indeed never has any unused parameters in the forward pass, consider turning this flag off. Note that this warning may be a false positive if your model has flow control causing later iterations to have unused parameters. (function operator())
generator made step 0
discriminator made step 0
generator made step 16
discriminator made step 16
generator made step 32
discriminator made step 32
generator made step 48
discriminator made step 48
generator made step 64
discriminator made step 64
generator made step 80
discriminator made step 80
generator made step 96
discriminator made step 96
generator made step 112
discriminator made step 112
generator made step 128
discriminator made step 128
generator made step 144
discriminator made step 144
generator made step 160
discriminator made step 160
generator made step 176
discriminator made step 176
generator made step 192
discriminator made step 192
generator made step 208
discriminator made step 208
generator made step 224
discriminator made step 224
generator made step 240
discriminator made step 240
generator made step 256
discriminator made step 256
generator made step 272
discriminator made step 272
generator made step 288
discriminator made step 288
generator made step 304
discriminator made step 304
generator made step 320
discriminator made step 320
generator made step 336
discriminator made step 336
generator made step 352
discriminator made step 352
generator made step 368
discriminator made step 368
generator made step 384
discriminator made step 384
generator made step 400
discriminator made step 400
generator made step 416
discriminator made step 416
generator made step 432
discriminator made step 432
generator made step 448
discriminator made step 448
generator made step 464
discriminator made step 464
generator made step 480
discriminator made step 480
generator made step 496
discriminator made step 496
2022-07-31 06:49:51,592 - root - INFO - Total=462.764666, G=368.918160, D=89.253502, data=1.657871, next=2.935134
2022-07-31 06:49:58,389 - root - INFO - Total=6.796639, G=0.396944, data=3.150109, acc=1.328598, agg=0.131220, next=1.789768
saving checkpoint...
2022-07-31 06:50:10,126 - root - INFO - Time taken for epoch 36 is 481.29948902130127 sec
2022-07-31 06:50:10,126 - root - INFO - Train time = 462.76466608047485, Valid time = 6.7966392040252686
2022-07-31 06:50:10,126 - root - INFO - G losses = {'GAN': 5.960737228393555, 'GAN_Feat': 0.4713346064090729, 'L1': 14.340482711791992}
2022-07-31 06:50:10,126 - root - INFO - D losses = {'D_Fake': 0.00011078187526436523, 'D_real': 0.12230280786752701}
generator made step 0
discriminator made step 0
generator made step 16
discriminator made step 16
generator made step 32
discriminator made step 32
generator made step 48
discriminator made step 48
generator made step 64
discriminator made step 64
generator made step 80
discriminator made step 80
generator made step 96
discriminator made step 96
generator made step 112
discriminator made step 112
generator made step 128
discriminator made step 128
generator made step 144
discriminator made step 144
generator made step 160
discriminator made step 160
generator made step 176
discriminator made step 176
generator made step 192
discriminator made step 192
generator made step 208
discriminator made step 208
generator made step 224
discriminator made step 224
generator made step 240
discriminator made step 240
generator made step 256
discriminator made step 256
generator made step 272
discriminator made step 272
generator made step 288
discriminator made step 288
generator made step 304
discriminator made step 304
generator made step 320
discriminator made step 320
generator made step 336
discriminator made step 336
generator made step 352
discriminator made step 352
generator made step 368
discriminator made step 368
generator made step 384
discriminator made step 384
generator made step 400
discriminator made step 400
generator made step 416
discriminator made step 416
generator made step 432
discriminator made step 432
generator made step 448
discriminator made step 448
generator made step 464
discriminator made step 464
generator made step 480
discriminator made step 480
generator made step 496
discriminator made step 496
2022-07-31 06:57:26,075 - root - INFO - Total=435.947244, G=342.842319, D=89.282717, data=1.629000, next=2.193208
2022-07-31 06:57:31,933 - root - INFO - Total=5.857781, G=0.414122, data=3.213366, acc=0.006932, agg=0.167353, next=2.056009
saving checkpoint...
2022-07-31 06:57:42,120 - root - INFO - Time taken for epoch 37 is 451.99363136291504 sec
2022-07-31 06:57:42,120 - root - INFO - Train time = 435.9472436904907, Valid time = 5.857781171798706
2022-07-31 06:57:42,120 - root - INFO - G losses = {'GAN': 1.9932866096496582, 'GAN_Feat': 0.45559585094451904, 'L1': 15.418431282043457}
2022-07-31 06:57:42,120 - root - INFO - D losses = {'D_Fake': 0.2513105571269989, 'D_real': 0.3075333535671234}
generator made step 0
discriminator made step 0
generator made step 16
discriminator made step 16
generator made step 32
discriminator made step 32
generator made step 48
discriminator made step 48
generator made step 64
discriminator made step 64
generator made step 80
discriminator made step 80
generator made step 96
discriminator made step 96
generator made step 112
discriminator made step 112
generator made step 128
discriminator made step 128
generator made step 144
discriminator made step 144
generator made step 160
discriminator made step 160
generator made step 176
discriminator made step 176
generator made step 192
discriminator made step 192
generator made step 208
discriminator made step 208
generator made step 224
discriminator made step 224
generator made step 240
discriminator made step 240
generator made step 256
discriminator made step 256
generator made step 272
discriminator made step 272
generator made step 288
discriminator made step 288
generator made step 304
discriminator made step 304
generator made step 320
discriminator made step 320
generator made step 336
discriminator made step 336
generator made step 352
discriminator made step 352
generator made step 368
discriminator made step 368
generator made step 384
discriminator made step 384
generator made step 400
discriminator made step 400
generator made step 416
discriminator made step 416
generator made step 432
discriminator made step 432
generator made step 448
discriminator made step 448
generator made step 464
discriminator made step 464
generator made step 480
discriminator made step 480
generator made step 496
discriminator made step 496
2022-07-31 07:04:58,488 - root - INFO - Total=436.366564, G=343.107144, D=89.366254, data=1.629932, next=2.263235
2022-07-31 07:05:03,879 - root - INFO - Total=5.389977, G=0.433410, data=3.169659, acc=0.006881, agg=0.127326, next=1.652702
saving checkpoint...
2022-07-31 07:05:14,173 - root - INFO - Time taken for epoch 38 is 452.05316257476807 sec
2022-07-31 07:05:14,173 - root - INFO - Train time = 436.36656427383423, Valid time = 5.389976739883423
2022-07-31 07:05:14,173 - root - INFO - G losses = {'GAN': 2.806662082672119, 'GAN_Feat': 0.4641914367675781, 'L1': 15.638690948486328}
2022-07-31 07:05:14,173 - root - INFO - D losses = {'D_Fake': 0.005927498452365398, 'D_real': 2.6728368993644835e-06}
generator made step 0
discriminator made step 0
generator made step 16
discriminator made step 16
generator made step 32
discriminator made step 32
generator made step 48
discriminator made step 48
generator made step 64
discriminator made step 64
generator made step 80
discriminator made step 80
generator made step 96
discriminator made step 96
generator made step 112
discriminator made step 112
generator made step 128
discriminator made step 128
generator made step 144
discriminator made step 144
generator made step 160
discriminator made step 160
generator made step 176
discriminator made step 176
generator made step 192
discriminator made step 192
generator made step 208
discriminator made step 208
generator made step 224
discriminator made step 224
generator made step 240
discriminator made step 240
generator made step 256
discriminator made step 256
generator made step 272
discriminator made step 272
generator made step 288
discriminator made step 288
generator made step 304
discriminator made step 304
generator made step 320
discriminator made step 320
generator made step 336
discriminator made step 336
generator made step 352
discriminator made step 352
generator made step 368
discriminator made step 368
generator made step 384
discriminator made step 384
generator made step 400
discriminator made step 400
generator made step 416
discriminator made step 416
generator made step 432
discriminator made step 432
generator made step 448
discriminator made step 448
generator made step 464
discriminator made step 464
generator made step 480
discriminator made step 480
generator made step 496
discriminator made step 496
2022-07-31 07:12:30,553 - root - INFO - Total=436.378203, G=343.205024, D=89.337634, data=1.629402, next=2.206144
2022-07-31 07:12:35,424 - root - INFO - Total=4.870466, G=0.520000, data=3.086245, acc=0.008167, agg=0.128478, next=1.127576
saving checkpoint...
2022-07-31 07:12:45,824 - root - INFO - Time taken for epoch 39 is 451.6504819393158 sec
2022-07-31 07:12:45,824 - root - INFO - Train time = 436.37820291519165, Valid time = 4.870466470718384
2022-07-31 07:12:45,824 - root - INFO - G losses = {'GAN': 4.679812431335449, 'GAN_Feat': 0.4470699429512024, 'L1': 12.726921081542969}
2022-07-31 07:12:45,824 - root - INFO - D losses = {'D_Fake': 0.5217836499214172, 'D_real': 0.017133742570877075}
generator made step 0
discriminator made step 0
generator made step 16
discriminator made step 16
generator made step 32
discriminator made step 32
generator made step 48
discriminator made step 48
generator made step 64
discriminator made step 64
generator made step 80
discriminator made step 80
generator made step 96
discriminator made step 96
generator made step 112
discriminator made step 112
generator made step 128
discriminator made step 128
generator made step 144
discriminator made step 144
generator made step 160
discriminator made step 160
generator made step 176
discriminator made step 176
generator made step 192
discriminator made step 192
generator made step 208
discriminator made step 208
generator made step 224
discriminator made step 224
generator made step 240
discriminator made step 240
generator made step 256
discriminator made step 256
generator made step 272
discriminator made step 272
generator made step 288
discriminator made step 288
generator made step 304
discriminator made step 304
generator made step 320
discriminator made step 320
generator made step 336
discriminator made step 336
generator made step 352
discriminator made step 352
generator made step 368
discriminator made step 368
generator made step 384
discriminator made step 384
generator made step 400
discriminator made step 400
generator made step 416
discriminator made step 416
generator made step 432
discriminator made step 432
generator made step 448
discriminator made step 448
generator made step 464
discriminator made step 464
generator made step 480
discriminator made step 480
generator made step 496
discriminator made step 496
2022-07-31 07:20:01,211 - root - INFO - Total=435.385709, G=343.149858, D=89.351571, data=1.641026, next=1.243254
2022-07-31 07:20:07,189 - root - INFO - Total=5.976904, G=0.383778, data=3.345212, acc=0.006422, agg=0.148292, next=2.093200
saving checkpoint...
2022-07-31 07:20:17,574 - root - INFO - Time taken for epoch 40 is 451.750150680542 sec
2022-07-31 07:20:17,575 - root - INFO - Train time = 435.3857090473175, Valid time = 5.976903676986694
2022-07-31 07:20:17,575 - root - INFO - G losses = {'GAN': 3.7509138584136963, 'GAN_Feat': 0.4659726321697235, 'L1': 16.929773330688477}
2022-07-31 07:20:17,575 - root - INFO - D losses = {'D_Fake': 0.005646765232086182, 'D_real': 0.022586550563573837}
generator made step 0
discriminator made step 0
generator made step 16
discriminator made step 16
generator made step 32
discriminator made step 32
generator made step 48
discriminator made step 48
generator made step 64
discriminator made step 64
generator made step 80
discriminator made step 80
generator made step 96
discriminator made step 96
generator made step 112
discriminator made step 112
generator made step 128
discriminator made step 128
generator made step 144
discriminator made step 144
generator made step 160
discriminator made step 160
generator made step 176
discriminator made step 176
generator made step 192
discriminator made step 192
generator made step 208
discriminator made step 208
generator made step 224
discriminator made step 224
generator made step 240
discriminator made step 240
generator made step 256
discriminator made step 256
generator made step 272
discriminator made step 272
generator made step 288
discriminator made step 288
generator made step 304
discriminator made step 304
generator made step 320
discriminator made step 320
generator made step 336
discriminator made step 336
generator made step 352
discriminator made step 352
generator made step 368
discriminator made step 368
generator made step 384
discriminator made step 384
generator made step 400
discriminator made step 400
generator made step 416
discriminator made step 416
generator made step 432
discriminator made step 432
generator made step 448
discriminator made step 448
generator made step 464
discriminator made step 464
generator made step 480
discriminator made step 480
generator made step 496
discriminator made step 496
2022-07-31 07:27:32,997 - root - INFO - Total=435.421523, G=343.137495, D=89.346168, data=1.631015, next=1.306846
2022-07-31 07:27:38,152 - root - INFO - Total=5.153188, G=0.417716, data=3.100777, acc=0.014355, agg=0.128591, next=1.491749
saving checkpoint...
2022-07-31 07:27:48,414 - root - INFO - Time taken for epoch 41 is 450.83936190605164 sec
2022-07-31 07:27:48,415 - root - INFO - Train time = 435.42152309417725, Valid time = 5.15318751335144
2022-07-31 07:27:48,415 - root - INFO - G losses = {'GAN': 3.2832138538360596, 'GAN_Feat': 0.5196067690849304, 'L1': 19.001848220825195}
2022-07-31 07:27:48,415 - root - INFO - D losses = {'D_Fake': 0.0006868457421660423, 'D_real': 0.029873600229620934}
generator made step 0
discriminator made step 0
generator made step 16
discriminator made step 16
generator made step 32
discriminator made step 32
generator made step 48
discriminator made step 48
generator made step 64
discriminator made step 64
generator made step 80
discriminator made step 80
generator made step 96
discriminator made step 96
generator made step 112
discriminator made step 112
generator made step 128
discriminator made step 128
generator made step 144
discriminator made step 144
generator made step 160
discriminator made step 160
generator made step 176
discriminator made step 176
generator made step 192
discriminator made step 192
generator made step 208
discriminator made step 208
generator made step 224
discriminator made step 224
generator made step 240
discriminator made step 240
generator made step 256
discriminator made step 256
generator made step 272
discriminator made step 272
generator made step 288
discriminator made step 288
generator made step 304
discriminator made step 304
generator made step 320
discriminator made step 320
generator made step 336
discriminator made step 336
generator made step 352
discriminator made step 352
generator made step 368
discriminator made step 368
generator made step 384
discriminator made step 384
generator made step 400
discriminator made step 400
generator made step 416
discriminator made step 416
generator made step 432
discriminator made step 432
generator made step 448
discriminator made step 448
generator made step 464
discriminator made step 464
generator made step 480
discriminator made step 480
generator made step 496
discriminator made step 496
2022-07-31 07:35:03,705 - root - INFO - Total=435.288941, G=343.209147, D=89.354895, data=1.630848, next=1.094052
2022-07-31 07:35:09,564 - root - INFO - Total=5.858249, G=0.436479, data=3.306699, acc=0.007848, agg=0.155146, next=1.952077
saving checkpoint...
2022-07-31 07:35:19,878 - root - INFO - Time taken for epoch 42 is 451.46359634399414 sec
2022-07-31 07:35:19,879 - root - INFO - Train time = 435.2889413833618, Valid time = 5.858248949050903
2022-07-31 07:35:19,879 - root - INFO - G losses = {'GAN': 4.920045375823975, 'GAN_Feat': 0.48713409900665283, 'L1': 14.708025932312012}
2022-07-31 07:35:19,879 - root - INFO - D losses = {'D_Fake': 0.5018884539604187, 'D_real': 0.04167408496141434}
generator made step 0
discriminator made step 0
generator made step 16
discriminator made step 16
generator made step 32
discriminator made step 32
generator made step 48
discriminator made step 48
generator made step 64
discriminator made step 64
generator made step 80
discriminator made step 80
generator made step 96
discriminator made step 96
generator made step 112
discriminator made step 112
generator made step 128
discriminator made step 128
generator made step 144
discriminator made step 144
generator made step 160
discriminator made step 160
generator made step 176
discriminator made step 176
generator made step 192
discriminator made step 192
generator made step 208
discriminator made step 208
generator made step 224
discriminator made step 224
generator made step 240
discriminator made step 240
generator made step 256
discriminator made step 256
generator made step 272
discriminator made step 272
generator made step 288
discriminator made step 288
generator made step 304
discriminator made step 304
generator made step 320
discriminator made step 320
generator made step 336
discriminator made step 336
generator made step 352
discriminator made step 352
generator made step 368
discriminator made step 368
generator made step 384
discriminator made step 384
generator made step 400
discriminator made step 400
generator made step 416
discriminator made step 416
srun: Job step aborted: Waiting up to 32 seconds for job step to finish.
slurmstepd: error: *** STEP 2856312.0 ON nid002300 CANCELLED AT 2022-07-31T07:41:17 DUE TO TIME LIMIT ***
slurmstepd: error: *** JOB 2856312 ON nid002300 CANCELLED AT 2022-07-31T07:41:17 DUE TO TIME LIMIT ***
