+ srun -u shifter -V /pscratch/sd/c/cjacobus/ML_Hydro_train/logs:/logs --image=nersc/pytorch:ngc-22.03-v0 --env PYTHONUSERBASE=/global/homes/c/cjacobus/.local/perlmutter/nersc-pytorch-ngc-22.03-v0 bash -c '
    source export_DDP_vars.sh
    python train.py --root_dir=/pscratch/sd/c/cjacobus/tsit --config=tightvalid_tanh_extraL1
    '
2022-08-19 16:52:40,627 - torch.distributed.distributed_c10d - INFO - Added key: store_based_barrier_key:1 to store for rank: 11
2022-08-19 16:52:40,639 - torch.distributed.distributed_c10d - INFO - Added key: store_based_barrier_key:1 to store for rank: 9
2022-08-19 16:52:40,652 - torch.distributed.distributed_c10d - INFO - Added key: store_based_barrier_key:1 to store for rank: 10
2022-08-19 16:52:40,662 - torch.distributed.distributed_c10d - INFO - Added key: store_based_barrier_key:1 to store for rank: 2
2022-08-19 16:52:40,664 - torch.distributed.distributed_c10d - INFO - Added key: store_based_barrier_key:1 to store for rank: 8
2022-08-19 16:52:40,729 - torch.distributed.distributed_c10d - INFO - Added key: store_based_barrier_key:1 to store for rank: 1
2022-08-19 16:52:40,755 - torch.distributed.distributed_c10d - INFO - Added key: store_based_barrier_key:1 to store for rank: 3
2022-08-19 16:52:40,829 - torch.distributed.distributed_c10d - INFO - Added key: store_based_barrier_key:1 to store for rank: 0
2022-08-19 16:52:41,336 - torch.distributed.distributed_c10d - INFO - Added key: store_based_barrier_key:1 to store for rank: 14
2022-08-19 16:52:41,359 - torch.distributed.distributed_c10d - INFO - Added key: store_based_barrier_key:1 to store for rank: 15
2022-08-19 16:52:41,373 - torch.distributed.distributed_c10d - INFO - Added key: store_based_barrier_key:1 to store for rank: 12
2022-08-19 16:52:41,387 - torch.distributed.distributed_c10d - INFO - Added key: store_based_barrier_key:1 to store for rank: 13
2022-08-19 16:52:41,896 - torch.distributed.distributed_c10d - INFO - Added key: store_based_barrier_key:1 to store for rank: 5
2022-08-19 16:52:41,908 - torch.distributed.distributed_c10d - INFO - Added key: store_based_barrier_key:1 to store for rank: 7
2022-08-19 16:52:41,914 - torch.distributed.distributed_c10d - INFO - Added key: store_based_barrier_key:1 to store for rank: 6
2022-08-19 16:52:41,918 - torch.distributed.distributed_c10d - INFO - Added key: store_based_barrier_key:1 to store for rank: 4
2022-08-19 16:52:41,918 - torch.distributed.distributed_c10d - INFO - Rank 4: Completed store-based barrier for key:store_based_barrier_key:1 with 16 nodes.
2022-08-19 16:52:41,919 - torch.distributed.distributed_c10d - INFO - Rank 7: Completed store-based barrier for key:store_based_barrier_key:1 with 16 nodes.
2022-08-19 16:52:41,919 - torch.distributed.distributed_c10d - INFO - Rank 13: Completed store-based barrier for key:store_based_barrier_key:1 with 16 nodes.
2022-08-19 16:52:41,920 - torch.distributed.distributed_c10d - INFO - Rank 15: Completed store-based barrier for key:store_based_barrier_key:1 with 16 nodes.
2022-08-19 16:52:41,921 - torch.distributed.distributed_c10d - INFO - Rank 9: Completed store-based barrier for key:store_based_barrier_key:1 with 16 nodes.
2022-08-19 16:52:41,922 - torch.distributed.distributed_c10d - INFO - Rank 0: Completed store-based barrier for key:store_based_barrier_key:1 with 16 nodes.
2022-08-19 16:52:41,923 - torch.distributed.distributed_c10d - INFO - Rank 12: Completed store-based barrier for key:store_based_barrier_key:1 with 16 nodes.
2022-08-19 16:52:41,923 - torch.distributed.distributed_c10d - INFO - Rank 2: Completed store-based barrier for key:store_based_barrier_key:1 with 16 nodes.
2022-08-19 16:52:41,924 - torch.distributed.distributed_c10d - INFO - Rank 11: Completed store-based barrier for key:store_based_barrier_key:1 with 16 nodes.
2022-08-19 16:52:41,924 - torch.distributed.distributed_c10d - INFO - Rank 14: Completed store-based barrier for key:store_based_barrier_key:1 with 16 nodes.
2022-08-19 16:52:41,924 - torch.distributed.distributed_c10d - INFO - Rank 6: Completed store-based barrier for key:store_based_barrier_key:1 with 16 nodes.
2022-08-19 16:52:41,926 - torch.distributed.distributed_c10d - INFO - Rank 3: Completed store-based barrier for key:store_based_barrier_key:1 with 16 nodes.
2022-08-19 16:52:41,926 - torch.distributed.distributed_c10d - INFO - Rank 5: Completed store-based barrier for key:store_based_barrier_key:1 with 16 nodes.
2022-08-19 16:52:41,926 - torch.distributed.distributed_c10d - INFO - Rank 8: Completed store-based barrier for key:store_based_barrier_key:1 with 16 nodes.
2022-08-19 16:52:41,927 - torch.distributed.distributed_c10d - INFO - Rank 1: Completed store-based barrier for key:store_based_barrier_key:1 with 16 nodes.
2022-08-19 16:52:41,929 - torch.distributed.distributed_c10d - INFO - Rank 10: Completed store-based barrier for key:store_based_barrier_key:1 with 16 nodes.
2022-08-19 16:52:41,961 - root - INFO - rank 8, begin data loader init
2022-08-19 16:52:41,961 - root - INFO - rank 10, begin data loader init
2022-08-19 16:52:41,961 - root - INFO - rank 8, data loader initialized
2022-08-19 16:52:41,961 - root - INFO - rank 10, data loader initialized
2022-08-19 16:52:41,962 - root - INFO - rank 9, begin data loader init
2022-08-19 16:52:41,962 - root - INFO - rank 9, data loader initialized
2022-08-19 16:52:41,964 - root - INFO - rank 11, begin data loader init
2022-08-19 16:52:41,964 - root - INFO - rank 11, data loader initialized
2022-08-19 16:52:41,965 - root - INFO - ------------------ Configuration ------------------
2022-08-19 16:52:41,965 - root - INFO - Configuration file: /global/u1/c/cjacobus/Nyx-TSIT/config/tsit.yaml
2022-08-19 16:52:41,965 - root - INFO - Configuration name: tightvalid_tanh_extraL1
2022-08-19 16:52:41,965 - root - INFO - Nsamples 8192
2022-08-19 16:52:41,965 - root - INFO - Nsamples_val 512
2022-08-19 16:52:41,965 - root - INFO - niter 600
2022-08-19 16:52:41,965 - root - INFO - niter_decay 200
2022-08-19 16:52:41,965 - root - INFO - use_spec_loss False
2022-08-19 16:52:41,965 - root - INFO - lambda_spec 0
2022-08-19 16:52:41,965 - root - INFO - use_l1_loss True
2022-08-19 16:52:41,965 - root - INFO - lambda_l1 1500.0
2022-08-19 16:52:41,965 - root - INFO - data_size 128
2022-08-19 16:52:41,965 - root - INFO - train_path /pscratch/sd/c/cjacobus/Nyx_512/train_s1_512_invar3_fullnorm_hydro.h5
2022-08-19 16:52:41,965 - root - INFO - val_path /pscratch/sd/c/cjacobus/Nyx_512/valid_s2_512_invar3_fullnorm_hydro.h5
2022-08-19 16:52:41,965 - root - INFO - num_upsampling_blocks 6
2022-08-19 16:52:41,965 - root - INFO - tanh False
2022-08-19 16:52:41,965 - root - INFO - num_data_workers 16
2022-08-19 16:52:41,965 - root - INFO - in_channels [0, 1, 2, 3, 17, 18, 19]
2022-08-19 16:52:41,965 - root - INFO - out_channels [0]
2022-08-19 16:52:41,965 - root - INFO - min_path /pscratch/sd/s/shas1693/data/era5/mins.npy
2022-08-19 16:52:41,965 - root - INFO - max_path /pscratch/sd/s/shas1693/data/era5/maxs.npy
2022-08-19 16:52:41,965 - root - INFO - time_means_path /pscratch/sd/s/shas1693/data/era5/time_means.npy
2022-08-19 16:52:41,965 - root - INFO - global_means_path /pscratch/sd/s/shas1693/data/era5/global_means.npy
2022-08-19 16:52:41,965 - root - INFO - global_stds_path /pscratch/sd/s/shas1693/data/era5/global_stds.npy
2022-08-19 16:52:41,965 - root - INFO - precip /pscratch/sd/p/pharring/ERA5/precip/total_precipitation
2022-08-19 16:52:41,965 - root - INFO - precip_eps 1e-05
2022-08-19 16:52:41,965 - root - INFO - dt 1
2022-08-19 16:52:41,965 - root - INFO - n_history 0
2022-08-19 16:52:41,965 - root - INFO - crop_size_x None
2022-08-19 16:52:41,965 - root - INFO - crop_size_y None
2022-08-19 16:52:41,965 - root - INFO - roll False
2022-08-19 16:52:41,965 - root - INFO - conttime False
2022-08-19 16:52:41,965 - root - INFO - normalization zscore
2022-08-19 16:52:41,965 - root - INFO - add_grid False
2022-08-19 16:52:41,965 - root - INFO - model pix2pix
2022-08-19 16:52:41,965 - root - INFO - norm_G spectralfadebatch3x3
2022-08-19 16:52:41,965 - root - INFO - norm_D spectralinstance
2022-08-19 16:52:41,965 - root - INFO - norm_S spectralinstance
2022-08-19 16:52:41,965 - root - INFO - norm_E spectralinstance
2022-08-19 16:52:41,965 - root - INFO - batch_size 16
2022-08-19 16:52:41,965 - root - INFO - img_size [512, 512, 512]
2022-08-19 16:52:41,965 - root - INFO - box_size [512, 512, 512]
2022-08-19 16:52:41,965 - root - INFO - input_nc 5
2022-08-19 16:52:41,965 - root - INFO - output_nc 5
2022-08-19 16:52:41,965 - root - INFO - netG tsit
2022-08-19 16:52:41,965 - root - INFO - ngf 64
2022-08-19 16:52:41,966 - root - INFO - init_type xavier
2022-08-19 16:52:41,966 - root - INFO - init_variance 0.02
2022-08-19 16:52:41,966 - root - INFO - z_dim 256
2022-08-19 16:52:41,966 - root - INFO - alpha 1.0
2022-08-19 16:52:41,966 - root - INFO - no_ss True
2022-08-19 16:52:41,966 - root - INFO - downsamp True
2022-08-19 16:52:41,966 - root - INFO - use_periodic_padding True
2022-08-19 16:52:41,966 - root - INFO - additive_noise False
2022-08-19 16:52:41,966 - root - INFO - nef 16
2022-08-19 16:52:41,966 - root - INFO - use_vae False
2022-08-19 16:52:41,966 - root - INFO - optimizer adam
2022-08-19 16:52:41,966 - root - INFO - beta1 0.5
2022-08-19 16:52:41,966 - root - INFO - beta2 0.999
2022-08-19 16:52:41,966 - root - INFO - lr 0.0002
2022-08-19 16:52:41,966 - root - INFO - D_steps_per_G 1
2022-08-19 16:52:41,966 - root - INFO - ndf 64
2022-08-19 16:52:41,966 - root - INFO - lambda_feat 0.5
2022-08-19 16:52:41,966 - root - INFO - no_ganFeat_loss False
2022-08-19 16:52:41,966 - root - INFO - gan_mode hinge
2022-08-19 16:52:41,966 - root - INFO - netD multiscale
2022-08-19 16:52:41,966 - root - INFO - num_D 2
2022-08-19 16:52:41,966 - root - INFO - n_layers_D 4
2022-08-19 16:52:41,966 - root - INFO - no_TTUR True
2022-08-19 16:52:41,966 - root - INFO - lambda_kld 0.05
2022-08-19 16:52:41,966 - root - INFO - cat_inp False
2022-08-19 16:52:41,966 - root - INFO - entity weatherbenching
2022-08-19 16:52:41,966 - root - INFO - project Nyx-TSIT
2022-08-19 16:52:41,966 - root - INFO - log_to_wandb True
2022-08-19 16:52:41,966 - root - INFO - log_to_screen True
2022-08-19 16:52:41,966 - root - INFO - save_checkpoint True
2022-08-19 16:52:41,966 - root - INFO - weight_init ordereddict([('conv_init', 'normal'), ('conv_scale', 0.02), ('conv_bias', 0.0)])
2022-08-19 16:52:41,966 - root - INFO - lambda_rho 0
2022-08-19 16:52:41,966 - root - INFO - full_scale True
2022-08-19 16:52:41,966 - root - INFO - global_batch_size 64
2022-08-19 16:52:41,966 - root - INFO - base_batch_size 64
2022-08-19 16:52:41,966 - root - INFO - num_epochs 60
2022-08-19 16:52:41,966 - root - INFO - enable_amp False
2022-08-19 16:52:41,966 - root - INFO - enable_apex False
2022-08-19 16:52:41,966 - root - INFO - enable_benchy False
2022-08-19 16:52:41,966 - root - INFO - enable_jit False
2022-08-19 16:52:41,966 - root - INFO - expdir /pscratch/sd/c/cjacobus/Nyx_TSIT_train
2022-08-19 16:52:41,966 - root - INFO - lr_schedule ordereddict([('scaling', 'sqrt'), ('start_lr', 0.0002), ('end_lr', 0.0), ('warmup_steps', 128)])
2022-08-19 16:52:41,966 - root - INFO - data_loader_config lowmem
2022-08-19 16:52:41,966 - root - INFO - N_out_channels 5
2022-08-19 16:52:41,966 - root - INFO - N_in_channels 5
2022-08-19 16:52:41,966 - root - INFO - use_cache None
2022-08-19 16:52:41,966 - root - INFO - ---------------------------------------------------
log_to_wandb -------------------------------------------------------------------
dir exists: /pscratch/sd/c/cjacobus/tsit/expts/tightvalid_tanh_extraL1/checkpoints/
2022-08-19 16:52:41,969 - root - INFO - rank 1, begin data loader init
2022-08-19 16:52:41,969 - root - INFO - rank 3, begin data loader init
2022-08-19 16:52:41,969 - root - INFO - rank 2, begin data loader init
2022-08-19 16:52:41,969 - root - INFO - rank 1, data loader initialized
2022-08-19 16:52:41,969 - root - INFO - rank 3, data loader initialized
2022-08-19 16:52:41,969 - root - INFO - rank 2, data loader initialized
2022-08-19 16:52:41,977 - root - INFO - rank 14, begin data loader init
2022-08-19 16:52:41,977 - root - INFO - rank 12, begin data loader init
2022-08-19 16:52:41,977 - root - INFO - rank 15, begin data loader init
2022-08-19 16:52:41,977 - root - INFO - rank 13, begin data loader init
2022-08-19 16:52:41,977 - root - INFO - rank 14, data loader initialized
2022-08-19 16:52:41,977 - root - INFO - rank 15, data loader initialized
2022-08-19 16:52:41,977 - root - INFO - rank 12, data loader initialized
2022-08-19 16:52:41,977 - root - INFO - rank 13, data loader initialized
2022-08-19 16:52:42,006 - root - INFO - rank 4, begin data loader init
2022-08-19 16:52:42,007 - root - INFO - rank 7, begin data loader init
2022-08-19 16:52:42,007 - root - INFO - rank 5, begin data loader init
2022-08-19 16:52:42,007 - root - INFO - rank 6, begin data loader init
2022-08-19 16:52:42,007 - root - INFO - rank 4, data loader initialized
2022-08-19 16:52:42,007 - root - INFO - rank 6, data loader initialized
2022-08-19 16:52:42,007 - root - INFO - rank 7, data loader initialized
2022-08-19 16:52:42,007 - root - INFO - rank 5, data loader initialized
wandb: Currently logged in as: cjacobus (use `wandb login --relogin` to force relogin)
Network [TSITGenerator] was created. Total number of parameters: 934.7 million. To see the architecture, do print(network).
Network [TSITGenerator] was created. Total number of parameters: 934.7 million. To see the architecture, do print(network).
Network [TSITGenerator] was created. Total number of parameters: 934.7 million. To see the architecture, do print(network).
Network [TSITGenerator] was created. Total number of parameters: 934.7 million. To see the architecture, do print(network).
Network [TSITGenerator] was created. Total number of parameters: 934.7 million. To see the architecture, do print(network).
Network [TSITGenerator] was created. Total number of parameters: 934.7 million. To see the architecture, do print(network).
Network [TSITGenerator] was created. Total number of parameters: 934.7 million. To see the architecture, do print(network).
Network [TSITGenerator] was created. Total number of parameters: 934.7 million. To see the architecture, do print(network).
Network [TSITGenerator] was created. Total number of parameters: 934.7 million. To see the architecture, do print(network).
Network [TSITGenerator] was created. Total number of parameters: 934.7 million. To see the architecture, do print(network).
Network [TSITGenerator] was created. Total number of parameters: 934.7 million. To see the architecture, do print(network).
Network [TSITGenerator] was created. Total number of parameters: 934.7 million. To see the architecture, do print(network).
Network [TSITGenerator] was created. Total number of parameters: 934.7 million. To see the architecture, do print(network).
Network [TSITGenerator] was created. Total number of parameters: 934.7 million. To see the architecture, do print(network).
Network [TSITGenerator] was created. Total number of parameters: 934.7 million. To see the architecture, do print(network).
wandb: wandb version 0.13.1 is available!  To upgrade, please run:
wandb:  $ pip install wandb --upgrade
wandb: Tracking run with wandb version 0.12.13
wandb: Run data is saved locally in /pscratch/sd/c/cjacobus/tsit/expts/tightvalid_tanh_extraL1/wandb/run-20220819_165242-1p0635g8
wandb: Run `wandb offline` to turn off syncing.
wandb: Resuming run tightvalid_tanh_extraL1
wandb: ⭐️ View project at https://wandb.ai/weatherbenching/Nyx-TSIT
wandb: 🚀 View run at https://wandb.ai/weatherbenching/Nyx-TSIT/runs/1p0635g8
checking dir: /pscratch/sd/c/cjacobus/tsit/expts/tightvalid_tanh_extraL1/checkpoints/
dir exists: /pscratch/sd/c/cjacobus/tsit/expts/tightvalid_tanh_extraL1/checkpoints/
2022-08-19 16:52:48,886 - root - INFO - rank 0, begin data loader init
2022-08-19 16:52:48,886 - root - INFO - rank 0, data loader initialized
Network [TSITGenerator] was created. Total number of parameters: 934.7 million. To see the architecture, do print(network).
Network [MultiscaleDiscriminator] was created. Total number of parameters: 22.1 million. To see the architecture, do print(network).
Network [MultiscaleDiscriminator] was created. Total number of parameters: 22.1 million. To see the architecture, do print(network).
Network [MultiscaleDiscriminator] was created. Total number of parameters: 22.1 million. To see the architecture, do print(network).
Network [MultiscaleDiscriminator] was created. Total number of parameters: 22.1 million. To see the architecture, do print(network).
Network [MultiscaleDiscriminator] was created. Total number of parameters: 22.1 million. To see the architecture, do print(network).
Network [MultiscaleDiscriminator] was created. Total number of parameters: 22.1 million. To see the architecture, do print(network).
Network [MultiscaleDiscriminator] was created. Total number of parameters: 22.1 million. To see the architecture, do print(network).
Network [MultiscaleDiscriminator] was created. Total number of parameters: 22.1 million. To see the architecture, do print(network).
Network [MultiscaleDiscriminator] was created. Total number of parameters: 22.1 million. To see the architecture, do print(network).
Network [MultiscaleDiscriminator] was created. Total number of parameters: 22.1 million. To see the architecture, do print(network).
Network [MultiscaleDiscriminator] was created. Total number of parameters: 22.1 million. To see the architecture, do print(network).
Network [MultiscaleDiscriminator] was created. Total number of parameters: 22.1 million. To see the architecture, do print(network).
Network [MultiscaleDiscriminator] was created. Total number of parameters: 22.1 million. To see the architecture, do print(network).
Network [MultiscaleDiscriminator] was created. Total number of parameters: 22.1 million. To see the architecture, do print(network).
Network [MultiscaleDiscriminator] was created. Total number of parameters: 22.1 million. To see the architecture, do print(network).
Network [MultiscaleDiscriminator] was created. Total number of parameters: 22.1 million. To see the architecture, do print(network).
2022-08-19 16:53:07,225 - root - INFO - Loading checkpoint /pscratch/sd/c/cjacobus/tsit/expts/tightvalid_tanh_extraL1/checkpoints/ckpt.tar
2022-08-19 16:53:07,241 - root - INFO - Loading checkpoint /pscratch/sd/c/cjacobus/tsit/expts/tightvalid_tanh_extraL1/checkpoints/ckpt.tar
2022-08-19 16:53:07,242 - root - INFO - Loading checkpoint /pscratch/sd/c/cjacobus/tsit/expts/tightvalid_tanh_extraL1/checkpoints/ckpt.tar
2022-08-19 16:53:07,242 - root - INFO - Loading checkpoint /pscratch/sd/c/cjacobus/tsit/expts/tightvalid_tanh_extraL1/checkpoints/ckpt.tar
2022-08-19 16:53:07,242 - root - INFO - Loading checkpoint /pscratch/sd/c/cjacobus/tsit/expts/tightvalid_tanh_extraL1/checkpoints/ckpt.tar
2022-08-19 16:53:07,242 - root - INFO - Loading checkpoint /pscratch/sd/c/cjacobus/tsit/expts/tightvalid_tanh_extraL1/checkpoints/ckpt.tar
2022-08-19 16:53:07,242 - root - INFO - Loading checkpoint /pscratch/sd/c/cjacobus/tsit/expts/tightvalid_tanh_extraL1/checkpoints/ckpt.tar
2022-08-19 16:53:07,242 - root - INFO - Loading checkpoint /pscratch/sd/c/cjacobus/tsit/expts/tightvalid_tanh_extraL1/checkpoints/ckpt.tar
2022-08-19 16:53:07,242 - root - INFO - Loading checkpoint /pscratch/sd/c/cjacobus/tsit/expts/tightvalid_tanh_extraL1/checkpoints/ckpt.tar
2022-08-19 16:53:07,242 - root - INFO - Loading checkpoint /pscratch/sd/c/cjacobus/tsit/expts/tightvalid_tanh_extraL1/checkpoints/ckpt.tar
2022-08-19 16:53:07,242 - root - INFO - Loading checkpoint /pscratch/sd/c/cjacobus/tsit/expts/tightvalid_tanh_extraL1/checkpoints/ckpt.tar
2022-08-19 16:53:07,242 - root - INFO - Loading checkpoint /pscratch/sd/c/cjacobus/tsit/expts/tightvalid_tanh_extraL1/checkpoints/ckpt.tar
2022-08-19 16:53:07,242 - root - INFO - Loading checkpoint /pscratch/sd/c/cjacobus/tsit/expts/tightvalid_tanh_extraL1/checkpoints/ckpt.tar
2022-08-19 16:53:07,243 - root - INFO - Loading checkpoint /pscratch/sd/c/cjacobus/tsit/expts/tightvalid_tanh_extraL1/checkpoints/ckpt.tar
2022-08-19 16:53:07,242 - root - INFO - Loading checkpoint /pscratch/sd/c/cjacobus/tsit/expts/tightvalid_tanh_extraL1/checkpoints/ckpt.tar
2022-08-19 16:53:07,243 - root - INFO - Loading checkpoint /pscratch/sd/c/cjacobus/tsit/expts/tightvalid_tanh_extraL1/checkpoints/ckpt.tar
2022-08-19 16:53:14,016 - root - INFO - Starting Training Loop...
[W reducer.cpp:1282] Warning: find_unused_parameters=True was specified in DDP constructor, but did not find any unused parameters in the forward pass. This flag results in an extra traversal of the autograd graph every iteration,  which can adversely affect performance. If your model indeed never has any unused parameters in the forward pass, consider turning this flag off. Note that this warning may be a false positive if your model has flow control causing later iterations to have unused parameters. (function operator())
[W reducer.cpp:1282] Warning: find_unused_parameters=True was specified in DDP constructor, but did not find any unused parameters in the forward pass. This flag results in an extra traversal of the autograd graph every iteration,  which can adversely affect performance. If your model indeed never has any unused parameters in the forward pass, consider turning this flag off. Note that this warning may be a false positive if your model has flow control causing later iterations to have unused parameters. (function operator())
[W reducer.cpp:1282] Warning: find_unused_parameters=True was specified in DDP constructor, but did not find any unused parameters in the forward pass. This flag results in an extra traversal of the autograd graph every iteration,  which can adversely affect performance. If your model indeed never has any unused parameters in the forward pass, consider turning this flag off. Note that this warning may be a false positive if your model has flow control causing later iterations to have unused parameters. (function operator())
[W reducer.cpp:1282] Warning: find_unused_parameters=True was specified in DDP constructor, but did not find any unused parameters in the forward pass. This flag results in an extra traversal of the autograd graph every iteration,  which can adversely affect performance. If your model indeed never has any unused parameters in the forward pass, consider turning this flag off. Note that this warning may be a false positive if your model has flow control causing later iterations to have unused parameters. (function operator())
[W reducer.cpp:1282] Warning: find_unused_parameters=True was specified in DDP constructor, but did not find any unused parameters in the forward pass. This flag results in an extra traversal of the autograd graph every iteration,  which can adversely affect performance. If your model indeed never has any unused parameters in the forward pass, consider turning this flag off. Note that this warning may be a false positive if your model has flow control causing later iterations to have unused parameters. (function operator())
[W reducer.cpp:1282] Warning: find_unused_parameters=True was specified in DDP constructor, but did not find any unused parameters in the forward pass. This flag results in an extra traversal of the autograd graph every iteration,  which can adversely affect performance. If your model indeed never has any unused parameters in the forward pass, consider turning this flag off. Note that this warning may be a false positive if your model has flow control causing later iterations to have unused parameters. (function operator())
[W reducer.cpp:1282] Warning: find_unused_parameters=True was specified in DDP constructor, but did not find any unused parameters in the forward pass. This flag results in an extra traversal of the autograd graph every iteration,  which can adversely affect performance. If your model indeed never has any unused parameters in the forward pass, consider turning this flag off. Note that this warning may be a false positive if your model has flow control causing later iterations to have unused parameters. (function operator())
[W reducer.cpp:1282] Warning: find_unused_parameters=True was specified in DDP constructor, but did not find any unused parameters in the forward pass. This flag results in an extra traversal of the autograd graph every iteration,  which can adversely affect performance. If your model indeed never has any unused parameters in the forward pass, consider turning this flag off. Note that this warning may be a false positive if your model has flow control causing later iterations to have unused parameters. (function operator())
[W reducer.cpp:1282] Warning: find_unused_parameters=True was specified in DDP constructor, but did not find any unused parameters in the forward pass. This flag results in an extra traversal of the autograd graph every iteration,  which can adversely affect performance. If your model indeed never has any unused parameters in the forward pass, consider turning this flag off. Note that this warning may be a false positive if your model has flow control causing later iterations to have unused parameters. (function operator())
[W reducer.cpp:1282] Warning: find_unused_parameters=True was specified in DDP constructor, but did not find any unused parameters in the forward pass. This flag results in an extra traversal of the autograd graph every iteration,  which can adversely affect performance. If your model indeed never has any unused parameters in the forward pass, consider turning this flag off. Note that this warning may be a false positive if your model has flow control causing later iterations to have unused parameters. (function operator())
[W reducer.cpp:1282] Warning: find_unused_parameters=True was specified in DDP constructor, but did not find any unused parameters in the forward pass. This flag results in an extra traversal of the autograd graph every iteration,  which can adversely affect performance. If your model indeed never has any unused parameters in the forward pass, consider turning this flag off. Note that this warning may be a false positive if your model has flow control causing later iterations to have unused parameters. (function operator())
[W reducer.cpp:1282] Warning: find_unused_parameters=True was specified in DDP constructor, but did not find any unused parameters in the forward pass. This flag results in an extra traversal of the autograd graph every iteration,  which can adversely affect performance. If your model indeed never has any unused parameters in the forward pass, consider turning this flag off. Note that this warning may be a false positive if your model has flow control causing later iterations to have unused parameters. (function operator())
[W reducer.cpp:1282] Warning: find_unused_parameters=True was specified in DDP constructor, but did not find any unused parameters in the forward pass. This flag results in an extra traversal of the autograd graph every iteration,  which can adversely affect performance. If your model indeed never has any unused parameters in the forward pass, consider turning this flag off. Note that this warning may be a false positive if your model has flow control causing later iterations to have unused parameters. (function operator())
[W reducer.cpp:1282] Warning: find_unused_parameters=True was specified in DDP constructor, but did not find any unused parameters in the forward pass. This flag results in an extra traversal of the autograd graph every iteration,  which can adversely affect performance. If your model indeed never has any unused parameters in the forward pass, consider turning this flag off. Note that this warning may be a false positive if your model has flow control causing later iterations to have unused parameters. (function operator())
[W reducer.cpp:1282] Warning: find_unused_parameters=True was specified in DDP constructor, but did not find any unused parameters in the forward pass. This flag results in an extra traversal of the autograd graph every iteration,  which can adversely affect performance. If your model indeed never has any unused parameters in the forward pass, consider turning this flag off. Note that this warning may be a false positive if your model has flow control causing later iterations to have unused parameters. (function operator())
[W reducer.cpp:1282] Warning: find_unused_parameters=True was specified in DDP constructor, but did not find any unused parameters in the forward pass. This flag results in an extra traversal of the autograd graph every iteration,  which can adversely affect performance. If your model indeed never has any unused parameters in the forward pass, consider turning this flag off. Note that this warning may be a false positive if your model has flow control causing later iterations to have unused parameters. (function operator())
generator made step 0
discriminator made step 0
generator made step 16
discriminator made step 16
generator made step 32
discriminator made step 32
generator made step 48
discriminator made step 48
generator made step 64
discriminator made step 64
generator made step 80
discriminator made step 80
generator made step 96
discriminator made step 96
generator made step 112
discriminator made step 112
generator made step 128
discriminator made step 128
generator made step 144
discriminator made step 144
generator made step 160
discriminator made step 160
generator made step 176
discriminator made step 176
generator made step 192
discriminator made step 192
generator made step 208
discriminator made step 208
generator made step 224
discriminator made step 224
generator made step 240
discriminator made step 240
generator made step 256
discriminator made step 256
generator made step 272
discriminator made step 272
generator made step 288
discriminator made step 288
generator made step 304
discriminator made step 304
generator made step 320
discriminator made step 320
generator made step 336
discriminator made step 336
generator made step 352
discriminator made step 352
generator made step 368
discriminator made step 368
generator made step 384
discriminator made step 384
generator made step 400
discriminator made step 400
generator made step 416
discriminator made step 416
generator made step 432
discriminator made step 432
generator made step 448
discriminator made step 448
generator made step 464
discriminator made step 464
generator made step 480
discriminator made step 480
generator made step 496
discriminator made step 496
2022-08-19 17:06:49,538 - root - INFO - Total=815.521309, G=710.370835, D=99.397161, data=1.645065, next=4.108247
2022-08-19 17:06:56,451 - root - INFO - Total=6.911628, G=0.476190, data=3.220055, acc=1.416744, agg=0.138867, next=1.659772
saving checkpoint...
2022-08-19 17:07:10,737 - root - INFO - Time taken for epoch 36 is 836.7206697463989 sec
2022-08-19 17:07:10,737 - root - INFO - Train time = 815.5213086605072, Valid time = 6.911627531051636
2022-08-19 17:07:10,737 - root - INFO - G losses = {'GAN': 4.341953277587891, 'GAN_Feat': 0.6019163727760315, 'L1': 89.63740539550781}
2022-08-19 17:07:10,737 - root - INFO - D losses = {'D_Fake': 0.0, 'D_real': 0.0}
generator made step 0
discriminator made step 0
generator made step 16
discriminator made step 16
generator made step 32
discriminator made step 32
generator made step 48
discriminator made step 48
generator made step 64
discriminator made step 64
generator made step 80
discriminator made step 80
generator made step 96
discriminator made step 96
generator made step 112
discriminator made step 112
generator made step 128
discriminator made step 128
generator made step 144
discriminator made step 144
generator made step 160
discriminator made step 160
generator made step 176
discriminator made step 176
generator made step 192
discriminator made step 192
generator made step 208
discriminator made step 208
generator made step 224
discriminator made step 224
generator made step 240
discriminator made step 240
generator made step 256
discriminator made step 256
generator made step 272
discriminator made step 272
generator made step 288
discriminator made step 288
generator made step 304
discriminator made step 304
generator made step 320
discriminator made step 320
generator made step 336
discriminator made step 336
generator made step 352
discriminator made step 352
generator made step 368
discriminator made step 368
generator made step 384
discriminator made step 384
generator made step 400
discriminator made step 400
generator made step 416
discriminator made step 416
generator made step 432
discriminator made step 432
generator made step 448
discriminator made step 448
generator made step 464
discriminator made step 464
generator made step 480
discriminator made step 480
generator made step 496
discriminator made step 496
2022-08-19 17:20:19,851 - root - INFO - Total=789.112854, G=686.636662, D=99.623852, data=1.630845, next=1.221495
2022-08-19 17:20:25,611 - root - INFO - Total=5.759146, G=0.528259, data=3.288558, acc=0.006299, agg=0.154168, next=1.781863
saving checkpoint...
2022-08-19 17:20:38,284 - root - INFO - Time taken for epoch 37 is 807.5471210479736 sec
2022-08-19 17:20:38,284 - root - INFO - Train time = 789.1128540039062, Valid time = 5.759146451950073
2022-08-19 17:20:38,284 - root - INFO - G losses = {'GAN': 6.3782854080200195, 'GAN_Feat': 0.70506751537323, 'L1': 197.74440002441406}
2022-08-19 17:20:38,284 - root - INFO - D losses = {'D_Fake': 0.0, 'D_real': 0.0}
generator made step 0
discriminator made step 0
generator made step 16
discriminator made step 16
generator made step 32
discriminator made step 32
generator made step 48
discriminator made step 48
generator made step 64
discriminator made step 64
generator made step 80
discriminator made step 80
generator made step 96
discriminator made step 96
generator made step 112
discriminator made step 112
generator made step 128
discriminator made step 128
generator made step 144
discriminator made step 144
generator made step 160
discriminator made step 160
generator made step 176
discriminator made step 176
generator made step 192
discriminator made step 192
generator made step 208
discriminator made step 208
generator made step 224
discriminator made step 224
generator made step 240
discriminator made step 240
generator made step 256
discriminator made step 256
generator made step 272
discriminator made step 272
generator made step 288
discriminator made step 288
generator made step 304
discriminator made step 304
generator made step 320
discriminator made step 320
generator made step 336
discriminator made step 336
generator made step 352
discriminator made step 352
generator made step 368
discriminator made step 368
generator made step 384
discriminator made step 384
generator made step 400
discriminator made step 400
generator made step 416
discriminator made step 416
generator made step 432
discriminator made step 432
generator made step 448
discriminator made step 448
generator made step 464
discriminator made step 464
generator made step 480
discriminator made step 480
generator made step 496
discriminator made step 496
2022-08-19 17:33:57,977 - root - INFO - Total=799.691483, G=696.435847, D=99.415562, data=1.629173, next=2.210901
2022-08-19 17:34:04,038 - root - INFO - Total=6.060062, G=0.463376, data=3.313793, acc=0.006517, agg=0.170403, next=2.105973
saving checkpoint...
2022-08-19 17:34:16,395 - root - INFO - Time taken for epoch 38 is 818.1102252006531 sec
2022-08-19 17:34:16,395 - root - INFO - Train time = 799.6914830207825, Valid time = 6.0600621700286865
2022-08-19 17:34:16,395 - root - INFO - G losses = {'GAN': 3.7458553314208984, 'GAN_Feat': 0.6273238658905029, 'L1': 87.78158569335938}
2022-08-19 17:34:16,395 - root - INFO - D losses = {'D_Fake': 6.028224561305251e-06, 'D_real': 0.0}
generator made step 0
discriminator made step 0
generator made step 16
discriminator made step 16
generator made step 32
discriminator made step 32
generator made step 48
discriminator made step 48
generator made step 64
discriminator made step 64
generator made step 80
discriminator made step 80
generator made step 96
discriminator made step 96
generator made step 112
discriminator made step 112
generator made step 128
discriminator made step 128
generator made step 144
discriminator made step 144
generator made step 160
discriminator made step 160
generator made step 176
discriminator made step 176
generator made step 192
discriminator made step 192
generator made step 208
discriminator made step 208
generator made step 224
discriminator made step 224
generator made step 240
discriminator made step 240
generator made step 256
discriminator made step 256
generator made step 272
discriminator made step 272
generator made step 288
discriminator made step 288
generator made step 304
discriminator made step 304
generator made step 320
discriminator made step 320
generator made step 336
discriminator made step 336
generator made step 352
discriminator made step 352
generator made step 368
discriminator made step 368
generator made step 384
discriminator made step 384
generator made step 400
discriminator made step 400
generator made step 416
discriminator made step 416
generator made step 432
discriminator made step 432
generator made step 448
discriminator made step 448
generator made step 464
discriminator made step 464
generator made step 480
discriminator made step 480
generator made step 496
discriminator made step 496
2022-08-19 17:47:31,346 - root - INFO - Total=794.949812, G=692.739723, D=99.346881, data=1.629855, next=1.233353
2022-08-19 17:47:37,412 - root - INFO - Total=6.064988, G=0.450282, data=3.396416, acc=0.005680, agg=0.172261, next=2.040348
saving checkpoint...
2022-08-19 17:47:49,537 - root - INFO - Time taken for epoch 39 is 813.1417708396912 sec
2022-08-19 17:47:49,537 - root - INFO - Train time = 794.9498119354248, Valid time = 6.064987659454346
2022-08-19 17:47:49,537 - root - INFO - G losses = {'GAN': 6.226294994354248, 'GAN_Feat': 0.5060792565345764, 'L1': 84.17044830322266}
2022-08-19 17:47:49,537 - root - INFO - D losses = {'D_Fake': 0.0, 'D_real': 0.00017902508261613548}
generator made step 0
discriminator made step 0
generator made step 16
discriminator made step 16
generator made step 32
discriminator made step 32
generator made step 48
discriminator made step 48
generator made step 64
discriminator made step 64
generator made step 80
discriminator made step 80
generator made step 96
discriminator made step 96
generator made step 112
discriminator made step 112
generator made step 128
discriminator made step 128
generator made step 144
discriminator made step 144
generator made step 160
discriminator made step 160
generator made step 176
discriminator made step 176
slurmstepd: error: *** STEP 3011283.0 ON nid003252 CANCELLED AT 2022-08-19T17:52:35 DUE TO TIME LIMIT ***
slurmstepd: error: *** JOB 3011283 ON nid003252 CANCELLED AT 2022-08-19T17:52:35 DUE TO TIME LIMIT ***
srun: Job step aborted: Waiting up to 32 seconds for job step to finish.
