+ srun -u shifter -V /pscratch/sd/c/cjacobus/ML_Hydro_train/logs:/logs --image=nersc/pytorch:ngc-22.03-v0 --env PYTHONUSERBASE=/global/homes/c/cjacobus/.local/perlmutter/nersc-pytorch-ngc-22.03-v0 bash -c '
    source export_DDP_vars.sh
    python train.py --root_dir=/pscratch/sd/c/cjacobus/tsit --config=tightvalid_tanh_extraL1
    '
[W socket.cpp:701] The server socket on [nid003105]:29500 is not yet listening (errno: 111 - Connection refused), will retry.
[W socket.cpp:701] The server socket on [nid003105]:29500 is not yet listening (errno: 111 - Connection refused), will retry.
[W socket.cpp:701] The server socket on [nid003105]:29500 is not yet listening (errno: 111 - Connection refused), will retry.
[W socket.cpp:701] The server socket on [nid003105]:29500 is not yet listening (errno: 111 - Connection refused), will retry.
[W socket.cpp:701] The server socket on [nid003105]:29500 is not yet listening (errno: 111 - Connection refused), will retry.
[W socket.cpp:701] The server socket on [nid003105]:29500 is not yet listening (errno: 111 - Connection refused), will retry.
[W socket.cpp:701] The server socket on [nid003105]:29500 is not yet listening (errno: 111 - Connection refused), will retry.
[W socket.cpp:701] The server socket on [nid003105]:29500 is not yet listening (errno: 111 - Connection refused), will retry.
2022-08-19 18:49:09,965 - torch.distributed.distributed_c10d - INFO - Added key: store_based_barrier_key:1 to store for rank: 3
2022-08-19 18:49:10,000 - torch.distributed.distributed_c10d - INFO - Added key: store_based_barrier_key:1 to store for rank: 2
2022-08-19 18:49:10,032 - torch.distributed.distributed_c10d - INFO - Added key: store_based_barrier_key:1 to store for rank: 1
2022-08-19 18:49:10,043 - torch.distributed.distributed_c10d - INFO - Added key: store_based_barrier_key:1 to store for rank: 0
2022-08-19 18:49:10,432 - torch.distributed.distributed_c10d - INFO - Added key: store_based_barrier_key:1 to store for rank: 11
2022-08-19 18:49:10,461 - torch.distributed.distributed_c10d - INFO - Added key: store_based_barrier_key:1 to store for rank: 9
2022-08-19 18:49:10,487 - torch.distributed.distributed_c10d - INFO - Added key: store_based_barrier_key:1 to store for rank: 10
2022-08-19 18:49:10,489 - torch.distributed.distributed_c10d - INFO - Added key: store_based_barrier_key:1 to store for rank: 8
2022-08-19 18:49:10,561 - torch.distributed.distributed_c10d - INFO - Added key: store_based_barrier_key:1 to store for rank: 5
2022-08-19 18:49:10,594 - torch.distributed.distributed_c10d - INFO - Added key: store_based_barrier_key:1 to store for rank: 4
2022-08-19 18:49:10,598 - torch.distributed.distributed_c10d - INFO - Added key: store_based_barrier_key:1 to store for rank: 15
2022-08-19 18:49:10,617 - torch.distributed.distributed_c10d - INFO - Added key: store_based_barrier_key:1 to store for rank: 7
2022-08-19 18:49:10,618 - torch.distributed.distributed_c10d - INFO - Added key: store_based_barrier_key:1 to store for rank: 13
2022-08-19 18:49:10,619 - torch.distributed.distributed_c10d - INFO - Added key: store_based_barrier_key:1 to store for rank: 6
2022-08-19 18:49:10,644 - torch.distributed.distributed_c10d - INFO - Added key: store_based_barrier_key:1 to store for rank: 14
2022-08-19 18:49:10,655 - torch.distributed.distributed_c10d - INFO - Rank 0: Completed store-based barrier for key:store_based_barrier_key:1 with 16 nodes.
2022-08-19 18:49:10,655 - torch.distributed.distributed_c10d - INFO - Added key: store_based_barrier_key:1 to store for rank: 12
2022-08-19 18:49:10,655 - torch.distributed.distributed_c10d - INFO - Rank 12: Completed store-based barrier for key:store_based_barrier_key:1 with 16 nodes.
2022-08-19 18:49:10,655 - torch.distributed.distributed_c10d - INFO - Rank 1: Completed store-based barrier for key:store_based_barrier_key:1 with 16 nodes.
2022-08-19 18:49:10,655 - torch.distributed.distributed_c10d - INFO - Rank 4: Completed store-based barrier for key:store_based_barrier_key:1 with 16 nodes.
2022-08-19 18:49:10,656 - torch.distributed.distributed_c10d - INFO - Rank 2: Completed store-based barrier for key:store_based_barrier_key:1 with 16 nodes.
2022-08-19 18:49:10,656 - torch.distributed.distributed_c10d - INFO - Rank 11: Completed store-based barrier for key:store_based_barrier_key:1 with 16 nodes.
2022-08-19 18:49:10,656 - torch.distributed.distributed_c10d - INFO - Rank 9: Completed store-based barrier for key:store_based_barrier_key:1 with 16 nodes.
2022-08-19 18:49:10,657 - torch.distributed.distributed_c10d - INFO - Rank 3: Completed store-based barrier for key:store_based_barrier_key:1 with 16 nodes.
2022-08-19 18:49:10,658 - torch.distributed.distributed_c10d - INFO - Rank 7: Completed store-based barrier for key:store_based_barrier_key:1 with 16 nodes.
2022-08-19 18:49:10,659 - torch.distributed.distributed_c10d - INFO - Rank 13: Completed store-based barrier for key:store_based_barrier_key:1 with 16 nodes.
2022-08-19 18:49:10,660 - torch.distributed.distributed_c10d - INFO - Rank 6: Completed store-based barrier for key:store_based_barrier_key:1 with 16 nodes.
2022-08-19 18:49:10,660 - torch.distributed.distributed_c10d - INFO - Rank 15: Completed store-based barrier for key:store_based_barrier_key:1 with 16 nodes.
2022-08-19 18:49:10,662 - torch.distributed.distributed_c10d - INFO - Rank 10: Completed store-based barrier for key:store_based_barrier_key:1 with 16 nodes.
2022-08-19 18:49:10,664 - torch.distributed.distributed_c10d - INFO - Rank 5: Completed store-based barrier for key:store_based_barrier_key:1 with 16 nodes.
2022-08-19 18:49:10,664 - torch.distributed.distributed_c10d - INFO - Rank 8: Completed store-based barrier for key:store_based_barrier_key:1 with 16 nodes.
2022-08-19 18:49:10,665 - torch.distributed.distributed_c10d - INFO - Rank 14: Completed store-based barrier for key:store_based_barrier_key:1 with 16 nodes.
2022-08-19 18:49:10,688 - root - INFO - rank 1, begin data loader init
2022-08-19 18:49:10,688 - root - INFO - rank 1, data loader initialized
2022-08-19 18:49:10,689 - root - INFO - rank 9, begin data loader init
2022-08-19 18:49:10,689 - root - INFO - rank 9, data loader initialized
2022-08-19 18:49:10,691 - root - INFO - rank 6, begin data loader init
2022-08-19 18:49:10,691 - root - INFO - rank 2, begin data loader init
2022-08-19 18:49:10,691 - root - INFO - rank 6, data loader initialized
2022-08-19 18:49:10,691 - root - INFO - rank 2, data loader initialized
2022-08-19 18:49:10,693 - root - INFO - ------------------ Configuration ------------------
2022-08-19 18:49:10,693 - root - INFO - Configuration file: /global/u1/c/cjacobus/Nyx-TSIT/config/tsit.yaml
2022-08-19 18:49:10,693 - root - INFO - Configuration name: tightvalid_tanh_extraL1
2022-08-19 18:49:10,693 - root - INFO - Nsamples 8192
2022-08-19 18:49:10,693 - root - INFO - Nsamples_val 512
2022-08-19 18:49:10,693 - root - INFO - niter 600
2022-08-19 18:49:10,693 - root - INFO - niter_decay 200
2022-08-19 18:49:10,693 - root - INFO - use_spec_loss False
2022-08-19 18:49:10,693 - root - INFO - lambda_spec 0
2022-08-19 18:49:10,693 - root - INFO - use_l1_loss True
2022-08-19 18:49:10,693 - root - INFO - lambda_l1 1500.0
2022-08-19 18:49:10,693 - root - INFO - data_size 128
2022-08-19 18:49:10,693 - root - INFO - train_path /pscratch/sd/c/cjacobus/Nyx_512/train_s1_512_invar3_fullnorm_hydro.h5
2022-08-19 18:49:10,693 - root - INFO - val_path /pscratch/sd/c/cjacobus/Nyx_512/valid_s2_512_invar3_fullnorm_hydro.h5
2022-08-19 18:49:10,693 - root - INFO - num_upsampling_blocks 6
2022-08-19 18:49:10,693 - root - INFO - tanh False
2022-08-19 18:49:10,693 - root - INFO - num_data_workers 16
2022-08-19 18:49:10,693 - root - INFO - in_channels [0, 1, 2, 3, 17, 18, 19]
2022-08-19 18:49:10,693 - root - INFO - out_channels [0]
2022-08-19 18:49:10,693 - root - INFO - min_path /pscratch/sd/s/shas1693/data/era5/mins.npy
2022-08-19 18:49:10,693 - root - INFO - max_path /pscratch/sd/s/shas1693/data/era5/maxs.npy
2022-08-19 18:49:10,693 - root - INFO - time_means_path /pscratch/sd/s/shas1693/data/era5/time_means.npy
2022-08-19 18:49:10,693 - root - INFO - global_means_path /pscratch/sd/s/shas1693/data/era5/global_means.npy
2022-08-19 18:49:10,694 - root - INFO - global_stds_path /pscratch/sd/s/shas1693/data/era5/global_stds.npy
2022-08-19 18:49:10,694 - root - INFO - precip /pscratch/sd/p/pharring/ERA5/precip/total_precipitation
2022-08-19 18:49:10,694 - root - INFO - precip_eps 1e-05
2022-08-19 18:49:10,694 - root - INFO - dt 1
2022-08-19 18:49:10,694 - root - INFO - n_history 0
2022-08-19 18:49:10,694 - root - INFO - crop_size_x None
2022-08-19 18:49:10,694 - root - INFO - crop_size_y None
2022-08-19 18:49:10,694 - root - INFO - roll False
2022-08-19 18:49:10,694 - root - INFO - conttime False
2022-08-19 18:49:10,694 - root - INFO - normalization zscore
2022-08-19 18:49:10,694 - root - INFO - add_grid False
2022-08-19 18:49:10,694 - root - INFO - model pix2pix
2022-08-19 18:49:10,694 - root - INFO - norm_G spectralfadebatch3x3
2022-08-19 18:49:10,694 - root - INFO - norm_D spectralinstance
2022-08-19 18:49:10,694 - root - INFO - norm_S spectralinstance
2022-08-19 18:49:10,694 - root - INFO - norm_E spectralinstance
2022-08-19 18:49:10,694 - root - INFO - rank 11, begin data loader init
2022-08-19 18:49:10,694 - root - INFO - batch_size 16
2022-08-19 18:49:10,694 - root - INFO - img_size [512, 512, 512]
2022-08-19 18:49:10,694 - root - INFO - box_size [512, 512, 512]
2022-08-19 18:49:10,694 - root - INFO - input_nc 5
2022-08-19 18:49:10,694 - root - INFO - output_nc 5
2022-08-19 18:49:10,694 - root - INFO - netG tsit
2022-08-19 18:49:10,694 - root - INFO - ngf 64
2022-08-19 18:49:10,694 - root - INFO - init_type xavier
2022-08-19 18:49:10,694 - root - INFO - init_variance 0.02
2022-08-19 18:49:10,694 - root - INFO - z_dim 256
2022-08-19 18:49:10,694 - root - INFO - alpha 1.0
2022-08-19 18:49:10,694 - root - INFO - no_ss True
2022-08-19 18:49:10,694 - root - INFO - rank 11, data loader initialized
2022-08-19 18:49:10,694 - root - INFO - downsamp True
2022-08-19 18:49:10,694 - root - INFO - use_periodic_padding True
2022-08-19 18:49:10,694 - root - INFO - additive_noise False
2022-08-19 18:49:10,694 - root - INFO - rank 4, begin data loader init
2022-08-19 18:49:10,694 - root - INFO - nef 16
2022-08-19 18:49:10,694 - root - INFO - use_vae False
2022-08-19 18:49:10,694 - root - INFO - optimizer adam
2022-08-19 18:49:10,694 - root - INFO - beta1 0.5
2022-08-19 18:49:10,694 - root - INFO - beta2 0.999
2022-08-19 18:49:10,694 - root - INFO - lr 0.0002
2022-08-19 18:49:10,694 - root - INFO - D_steps_per_G 1
2022-08-19 18:49:10,694 - root - INFO - ndf 64
2022-08-19 18:49:10,694 - root - INFO - lambda_feat 0.5
2022-08-19 18:49:10,694 - root - INFO - no_ganFeat_loss False
2022-08-19 18:49:10,694 - root - INFO - gan_mode hinge
2022-08-19 18:49:10,694 - root - INFO - netD multiscale
2022-08-19 18:49:10,694 - root - INFO - num_D 2
2022-08-19 18:49:10,694 - root - INFO - n_layers_D 4
2022-08-19 18:49:10,694 - root - INFO - rank 4, data loader initialized
2022-08-19 18:49:10,694 - root - INFO - no_TTUR True
2022-08-19 18:49:10,694 - root - INFO - lambda_kld 0.05
2022-08-19 18:49:10,694 - root - INFO - cat_inp False
2022-08-19 18:49:10,694 - root - INFO - entity weatherbenching
2022-08-19 18:49:10,694 - root - INFO - project Nyx-TSIT
2022-08-19 18:49:10,694 - root - INFO - log_to_wandb True
2022-08-19 18:49:10,694 - root - INFO - log_to_screen True
2022-08-19 18:49:10,694 - root - INFO - save_checkpoint True
2022-08-19 18:49:10,694 - root - INFO - weight_init ordereddict([('conv_init', 'normal'), ('conv_scale', 0.02), ('conv_bias', 0.0)])
2022-08-19 18:49:10,694 - root - INFO - lambda_rho 0
2022-08-19 18:49:10,694 - root - INFO - full_scale True
2022-08-19 18:49:10,694 - root - INFO - global_batch_size 64
2022-08-19 18:49:10,694 - root - INFO - base_batch_size 64
2022-08-19 18:49:10,694 - root - INFO - num_epochs 60
2022-08-19 18:49:10,694 - root - INFO - enable_amp False
2022-08-19 18:49:10,695 - root - INFO - enable_apex False
2022-08-19 18:49:10,695 - root - INFO - enable_benchy False
2022-08-19 18:49:10,695 - root - INFO - enable_jit False
2022-08-19 18:49:10,695 - root - INFO - expdir /pscratch/sd/c/cjacobus/Nyx_TSIT_train
2022-08-19 18:49:10,695 - root - INFO - lr_schedule ordereddict([('scaling', 'sqrt'), ('start_lr', 0.0002), ('end_lr', 0.0), ('warmup_steps', 128)])
2022-08-19 18:49:10,695 - root - INFO - data_loader_config lowmem
2022-08-19 18:49:10,695 - root - INFO - N_out_channels 5
2022-08-19 18:49:10,695 - root - INFO - N_in_channels 5
2022-08-19 18:49:10,695 - root - INFO - use_cache None
2022-08-19 18:49:10,695 - root - INFO - ---------------------------------------------------
log_to_wandb -------------------------------------------------------------------
dir exists: /pscratch/sd/c/cjacobus/tsit/expts/tightvalid_tanh_extraL1/checkpoints/
2022-08-19 18:49:10,695 - root - INFO - rank 3, begin data loader init
2022-08-19 18:49:10,695 - root - INFO - rank 3, data loader initialized
2022-08-19 18:49:10,696 - root - INFO - rank 7, begin data loader init
2022-08-19 18:49:10,696 - root - INFO - rank 7, data loader initialized
2022-08-19 18:49:10,697 - root - INFO - rank 10, begin data loader init
2022-08-19 18:49:10,697 - root - INFO - rank 10, data loader initialized
2022-08-19 18:49:10,697 - root - INFO - rank 5, begin data loader init
2022-08-19 18:49:10,698 - root - INFO - rank 5, data loader initialized
2022-08-19 18:49:10,698 - root - INFO - rank 8, begin data loader init
2022-08-19 18:49:10,698 - root - INFO - rank 8, data loader initialized
2022-08-19 18:49:10,725 - root - INFO - rank 12, begin data loader init
2022-08-19 18:49:10,725 - root - INFO - rank 12, data loader initialized
2022-08-19 18:49:10,730 - root - INFO - rank 15, begin data loader init
2022-08-19 18:49:10,731 - root - INFO - rank 15, data loader initialized
2022-08-19 18:49:10,732 - root - INFO - rank 13, begin data loader init
2022-08-19 18:49:10,732 - root - INFO - rank 13, data loader initialized
2022-08-19 18:49:10,733 - root - INFO - rank 14, begin data loader init
2022-08-19 18:49:10,733 - root - INFO - rank 14, data loader initialized
wandb: Currently logged in as: cjacobus (use `wandb login --relogin` to force relogin)
wandb: wandb version 0.13.1 is available!  To upgrade, please run:
wandb:  $ pip install wandb --upgrade
wandb: Tracking run with wandb version 0.12.13
wandb: Run data is saved locally in /pscratch/sd/c/cjacobus/tsit/expts/tightvalid_tanh_extraL1/wandb/run-20220819_184911-1p0635g8
wandb: Run `wandb offline` to turn off syncing.
wandb: Resuming run tightvalid_tanh_extraL1
wandb: ⭐️ View project at https://wandb.ai/weatherbenching/Nyx-TSIT
wandb: 🚀 View run at https://wandb.ai/weatherbenching/Nyx-TSIT/runs/1p0635g8
checking dir: /pscratch/sd/c/cjacobus/tsit/expts/tightvalid_tanh_extraL1/checkpoints/
dir exists: /pscratch/sd/c/cjacobus/tsit/expts/tightvalid_tanh_extraL1/checkpoints/
2022-08-19 18:49:12,195 - root - INFO - rank 0, begin data loader init
2022-08-19 18:49:12,195 - root - INFO - rank 0, data loader initialized
Network [TSITGenerator] was created. Total number of parameters: 934.7 million. To see the architecture, do print(network).
Network [TSITGenerator] was created. Total number of parameters: 934.7 million. To see the architecture, do print(network).
Network [TSITGenerator] was created. Total number of parameters: 934.7 million. To see the architecture, do print(network).
Network [TSITGenerator] was created. Total number of parameters: 934.7 million. To see the architecture, do print(network).
Network [TSITGenerator] was created. Total number of parameters: 934.7 million. To see the architecture, do print(network).
Network [TSITGenerator] was created. Total number of parameters: 934.7 million. To see the architecture, do print(network).
Network [TSITGenerator] was created. Total number of parameters: 934.7 million. To see the architecture, do print(network).
Network [TSITGenerator] was created. Total number of parameters: 934.7 million. To see the architecture, do print(network).
Network [TSITGenerator] was created. Total number of parameters: 934.7 million. To see the architecture, do print(network).
Network [TSITGenerator] was created. Total number of parameters: 934.7 million. To see the architecture, do print(network).
Network [TSITGenerator] was created. Total number of parameters: 934.7 million. To see the architecture, do print(network).
Network [TSITGenerator] was created. Total number of parameters: 934.7 million. To see the architecture, do print(network).
Network [TSITGenerator] was created. Total number of parameters: 934.7 million. To see the architecture, do print(network).
Network [TSITGenerator] was created. Total number of parameters: 934.7 million. To see the architecture, do print(network).
Network [TSITGenerator] was created. Total number of parameters: 934.7 million. To see the architecture, do print(network).
Network [TSITGenerator] was created. Total number of parameters: 934.7 million. To see the architecture, do print(network).
Network [MultiscaleDiscriminator] was created. Total number of parameters: 22.1 million. To see the architecture, do print(network).
Network [MultiscaleDiscriminator] was created. Total number of parameters: 22.1 million. To see the architecture, do print(network).
Network [MultiscaleDiscriminator] was created. Total number of parameters: 22.1 million. To see the architecture, do print(network).
Network [MultiscaleDiscriminator] was created. Total number of parameters: 22.1 million. To see the architecture, do print(network).
Network [MultiscaleDiscriminator] was created. Total number of parameters: 22.1 million. To see the architecture, do print(network).
Network [MultiscaleDiscriminator] was created. Total number of parameters: 22.1 million. To see the architecture, do print(network).
Network [MultiscaleDiscriminator] was created. Total number of parameters: 22.1 million. To see the architecture, do print(network).
Network [MultiscaleDiscriminator] was created. Total number of parameters: 22.1 million. To see the architecture, do print(network).
Network [MultiscaleDiscriminator] was created. Total number of parameters: 22.1 million. To see the architecture, do print(network).
Network [MultiscaleDiscriminator] was created. Total number of parameters: 22.1 million. To see the architecture, do print(network).
Network [MultiscaleDiscriminator] was created. Total number of parameters: 22.1 million. To see the architecture, do print(network).
Network [MultiscaleDiscriminator] was created. Total number of parameters: 22.1 million. To see the architecture, do print(network).
Network [MultiscaleDiscriminator] was created. Total number of parameters: 22.1 million. To see the architecture, do print(network).
Network [MultiscaleDiscriminator] was created. Total number of parameters: 22.1 million. To see the architecture, do print(network).
Network [MultiscaleDiscriminator] was created. Total number of parameters: 22.1 million. To see the architecture, do print(network).
Network [MultiscaleDiscriminator] was created. Total number of parameters: 22.1 million. To see the architecture, do print(network).
2022-08-19 18:49:33,383 - root - INFO - Loading checkpoint /pscratch/sd/c/cjacobus/tsit/expts/tightvalid_tanh_extraL1/checkpoints/ckpt.tar
2022-08-19 18:49:33,400 - root - INFO - Loading checkpoint /pscratch/sd/c/cjacobus/tsit/expts/tightvalid_tanh_extraL1/checkpoints/ckpt.tar
2022-08-19 18:49:33,400 - root - INFO - Loading checkpoint /pscratch/sd/c/cjacobus/tsit/expts/tightvalid_tanh_extraL1/checkpoints/ckpt.tar
2022-08-19 18:49:33,401 - root - INFO - Loading checkpoint /pscratch/sd/c/cjacobus/tsit/expts/tightvalid_tanh_extraL1/checkpoints/ckpt.tar
2022-08-19 18:49:33,400 - root - INFO - Loading checkpoint /pscratch/sd/c/cjacobus/tsit/expts/tightvalid_tanh_extraL1/checkpoints/ckpt.tar
2022-08-19 18:49:33,401 - root - INFO - Loading checkpoint /pscratch/sd/c/cjacobus/tsit/expts/tightvalid_tanh_extraL1/checkpoints/ckpt.tar
2022-08-19 18:49:33,401 - root - INFO - Loading checkpoint /pscratch/sd/c/cjacobus/tsit/expts/tightvalid_tanh_extraL1/checkpoints/ckpt.tar
2022-08-19 18:49:33,401 - root - INFO - Loading checkpoint /pscratch/sd/c/cjacobus/tsit/expts/tightvalid_tanh_extraL1/checkpoints/ckpt.tar
2022-08-19 18:49:33,401 - root - INFO - Loading checkpoint /pscratch/sd/c/cjacobus/tsit/expts/tightvalid_tanh_extraL1/checkpoints/ckpt.tar
2022-08-19 18:49:33,401 - root - INFO - Loading checkpoint /pscratch/sd/c/cjacobus/tsit/expts/tightvalid_tanh_extraL1/checkpoints/ckpt.tar
2022-08-19 18:49:33,401 - root - INFO - Loading checkpoint /pscratch/sd/c/cjacobus/tsit/expts/tightvalid_tanh_extraL1/checkpoints/ckpt.tar
2022-08-19 18:49:33,401 - root - INFO - Loading checkpoint /pscratch/sd/c/cjacobus/tsit/expts/tightvalid_tanh_extraL1/checkpoints/ckpt.tar
2022-08-19 18:49:33,401 - root - INFO - Loading checkpoint /pscratch/sd/c/cjacobus/tsit/expts/tightvalid_tanh_extraL1/checkpoints/ckpt.tar
2022-08-19 18:49:33,401 - root - INFO - Loading checkpoint /pscratch/sd/c/cjacobus/tsit/expts/tightvalid_tanh_extraL1/checkpoints/ckpt.tar
2022-08-19 18:49:33,401 - root - INFO - Loading checkpoint /pscratch/sd/c/cjacobus/tsit/expts/tightvalid_tanh_extraL1/checkpoints/ckpt.tar
2022-08-19 18:49:33,401 - root - INFO - Loading checkpoint /pscratch/sd/c/cjacobus/tsit/expts/tightvalid_tanh_extraL1/checkpoints/ckpt.tar
2022-08-19 18:49:40,400 - root - INFO - Starting Training Loop...
[W reducer.cpp:1282] Warning: find_unused_parameters=True was specified in DDP constructor, but did not find any unused parameters in the forward pass. This flag results in an extra traversal of the autograd graph every iteration,  which can adversely affect performance. If your model indeed never has any unused parameters in the forward pass, consider turning this flag off. Note that this warning may be a false positive if your model has flow control causing later iterations to have unused parameters. (function operator())
[W reducer.cpp:1282] Warning: find_unused_parameters=True was specified in DDP constructor, but did not find any unused parameters in the forward pass. This flag results in an extra traversal of the autograd graph every iteration,  which can adversely affect performance. If your model indeed never has any unused parameters in the forward pass, consider turning this flag off. Note that this warning may be a false positive if your model has flow control causing later iterations to have unused parameters. (function operator())
[W reducer.cpp:1282] Warning: find_unused_parameters=True was specified in DDP constructor, but did not find any unused parameters in the forward pass. This flag results in an extra traversal of the autograd graph every iteration,  which can adversely affect performance. If your model indeed never has any unused parameters in the forward pass, consider turning this flag off. Note that this warning may be a false positive if your model has flow control causing later iterations to have unused parameters. (function operator())
[W reducer.cpp:1282] Warning: find_unused_parameters=True was specified in DDP constructor, but did not find any unused parameters in the forward pass. This flag results in an extra traversal of the autograd graph every iteration,  which can adversely affect performance. If your model indeed never has any unused parameters in the forward pass, consider turning this flag off. Note that this warning may be a false positive if your model has flow control causing later iterations to have unused parameters. (function operator())
[W reducer.cpp:1282] Warning: find_unused_parameters=True was specified in DDP constructor, but did not find any unused parameters in the forward pass. This flag results in an extra traversal of the autograd graph every iteration,  which can adversely affect performance. If your model indeed never has any unused parameters in the forward pass, consider turning this flag off. Note that this warning may be a false positive if your model has flow control causing later iterations to have unused parameters. (function operator())
[W reducer.cpp:1282] Warning: find_unused_parameters=True was specified in DDP constructor, but did not find any unused parameters in the forward pass. This flag results in an extra traversal of the autograd graph every iteration,  which can adversely affect performance. If your model indeed never has any unused parameters in the forward pass, consider turning this flag off. Note that this warning may be a false positive if your model has flow control causing later iterations to have unused parameters. (function operator())
[W reducer.cpp:1282] Warning: find_unused_parameters=True was specified in DDP constructor, but did not find any unused parameters in the forward pass. This flag results in an extra traversal of the autograd graph every iteration,  which can adversely affect performance. If your model indeed never has any unused parameters in the forward pass, consider turning this flag off. Note that this warning may be a false positive if your model has flow control causing later iterations to have unused parameters. (function operator())
[W reducer.cpp:1282] Warning: find_unused_parameters=True was specified in DDP constructor, but did not find any unused parameters in the forward pass. This flag results in an extra traversal of the autograd graph every iteration,  which can adversely affect performance. If your model indeed never has any unused parameters in the forward pass, consider turning this flag off. Note that this warning may be a false positive if your model has flow control causing later iterations to have unused parameters. (function operator())
[W reducer.cpp:1282] Warning: find_unused_parameters=True was specified in DDP constructor, but did not find any unused parameters in the forward pass. This flag results in an extra traversal of the autograd graph every iteration,  which can adversely affect performance. If your model indeed never has any unused parameters in the forward pass, consider turning this flag off. Note that this warning may be a false positive if your model has flow control causing later iterations to have unused parameters. (function operator())
[W reducer.cpp:1282] Warning: find_unused_parameters=True was specified in DDP constructor, but did not find any unused parameters in the forward pass. This flag results in an extra traversal of the autograd graph every iteration,  which can adversely affect performance. If your model indeed never has any unused parameters in the forward pass, consider turning this flag off. Note that this warning may be a false positive if your model has flow control causing later iterations to have unused parameters. (function operator())
[W reducer.cpp:1282] Warning: find_unused_parameters=True was specified in DDP constructor, but did not find any unused parameters in the forward pass. This flag results in an extra traversal of the autograd graph every iteration,  which can adversely affect performance. If your model indeed never has any unused parameters in the forward pass, consider turning this flag off. Note that this warning may be a false positive if your model has flow control causing later iterations to have unused parameters. (function operator())
[W reducer.cpp:1282] Warning: find_unused_parameters=True was specified in DDP constructor, but did not find any unused parameters in the forward pass. This flag results in an extra traversal of the autograd graph every iteration,  which can adversely affect performance. If your model indeed never has any unused parameters in the forward pass, consider turning this flag off. Note that this warning may be a false positive if your model has flow control causing later iterations to have unused parameters. (function operator())
[W reducer.cpp:1282] Warning: find_unused_parameters=True was specified in DDP constructor, but did not find any unused parameters in the forward pass. This flag results in an extra traversal of the autograd graph every iteration,  which can adversely affect performance. If your model indeed never has any unused parameters in the forward pass, consider turning this flag off. Note that this warning may be a false positive if your model has flow control causing later iterations to have unused parameters. (function operator())
[W reducer.cpp:1282] Warning: find_unused_parameters=True was specified in DDP constructor, but did not find any unused parameters in the forward pass. This flag results in an extra traversal of the autograd graph every iteration,  which can adversely affect performance. If your model indeed never has any unused parameters in the forward pass, consider turning this flag off. Note that this warning may be a false positive if your model has flow control causing later iterations to have unused parameters. (function operator())
[W reducer.cpp:1282] Warning: find_unused_parameters=True was specified in DDP constructor, but did not find any unused parameters in the forward pass. This flag results in an extra traversal of the autograd graph every iteration,  which can adversely affect performance. If your model indeed never has any unused parameters in the forward pass, consider turning this flag off. Note that this warning may be a false positive if your model has flow control causing later iterations to have unused parameters. (function operator())
[W reducer.cpp:1282] Warning: find_unused_parameters=True was specified in DDP constructor, but did not find any unused parameters in the forward pass. This flag results in an extra traversal of the autograd graph every iteration,  which can adversely affect performance. If your model indeed never has any unused parameters in the forward pass, consider turning this flag off. Note that this warning may be a false positive if your model has flow control causing later iterations to have unused parameters. (function operator())
generator made step 0
discriminator made step 0
generator made step 16
discriminator made step 16
generator made step 32
discriminator made step 32
generator made step 48
discriminator made step 48
generator made step 64
discriminator made step 64
generator made step 80
discriminator made step 80
generator made step 96
discriminator made step 96
generator made step 112
discriminator made step 112
generator made step 128
discriminator made step 128
generator made step 144
discriminator made step 144
generator made step 160
discriminator made step 160
generator made step 176
discriminator made step 176
generator made step 192
discriminator made step 192
generator made step 208
discriminator made step 208
generator made step 224
discriminator made step 224
generator made step 240
discriminator made step 240
generator made step 256
discriminator made step 256
generator made step 272
discriminator made step 272
generator made step 288
discriminator made step 288
generator made step 304
discriminator made step 304
generator made step 320
discriminator made step 320
generator made step 336
discriminator made step 336
generator made step 352
discriminator made step 352
generator made step 368
discriminator made step 368
generator made step 384
discriminator made step 384
generator made step 400
discriminator made step 400
generator made step 416
discriminator made step 416
generator made step 432
discriminator made step 432
generator made step 448
discriminator made step 448
generator made step 464
discriminator made step 464
generator made step 480
discriminator made step 480
generator made step 496
discriminator made step 496
2022-08-19 19:02:58,550 - root - INFO - Total=798.149023, G=692.658751, D=99.462920, data=1.644881, next=4.382470
2022-08-19 19:03:05,584 - root - INFO - Total=7.032882, G=0.461997, data=3.221135, acc=1.389990, agg=0.129686, next=1.830075
saving checkpoint...
2022-08-19 19:03:18,727 - root - INFO - Time taken for epoch 40 is 818.3264036178589 sec
2022-08-19 19:03:18,727 - root - INFO - Train time = 798.1490228176117, Valid time = 7.032881736755371
2022-08-19 19:03:18,727 - root - INFO - G losses = {'GAN': 5.065019130706787, 'GAN_Feat': 0.5507374405860901, 'L1': 87.60577392578125}
2022-08-19 19:03:18,727 - root - INFO - D losses = {'D_Fake': 0.0, 'D_real': 0.1090351864695549}
generator made step 0
discriminator made step 0
generator made step 16
discriminator made step 16
generator made step 32
discriminator made step 32
generator made step 48
discriminator made step 48
generator made step 64
discriminator made step 64
generator made step 80
discriminator made step 80
generator made step 96
discriminator made step 96
generator made step 112
discriminator made step 112
generator made step 128
discriminator made step 128
generator made step 144
discriminator made step 144
generator made step 160
discriminator made step 160
generator made step 176
discriminator made step 176
generator made step 192
discriminator made step 192
generator made step 208
discriminator made step 208
generator made step 224
discriminator made step 224
generator made step 240
discriminator made step 240
generator made step 256
discriminator made step 256
generator made step 272
discriminator made step 272
generator made step 288
discriminator made step 288
generator made step 304
discriminator made step 304
generator made step 320
discriminator made step 320
generator made step 336
discriminator made step 336
generator made step 352
discriminator made step 352
generator made step 368
discriminator made step 368
generator made step 384
discriminator made step 384
generator made step 400
discriminator made step 400
generator made step 416
discriminator made step 416
generator made step 432
discriminator made step 432
generator made step 448
discriminator made step 448
generator made step 464
discriminator made step 464
generator made step 480
discriminator made step 480
generator made step 496
discriminator made step 496
2022-08-19 19:16:36,472 - root - INFO - Total=797.744682, G=694.932639, D=99.078791, data=1.628840, next=2.104412
2022-08-19 19:16:42,124 - root - INFO - Total=5.650822, G=0.517081, data=3.290003, acc=0.007865, agg=0.126762, next=1.709111
saving checkpoint...
2022-08-19 19:16:54,474 - root - INFO - Time taken for epoch 41 is 815.7473738193512 sec
2022-08-19 19:16:54,474 - root - INFO - Train time = 797.7446818351746, Valid time = 5.650822401046753
2022-08-19 19:16:54,474 - root - INFO - G losses = {'GAN': 5.730014801025391, 'GAN_Feat': 0.5178678631782532, 'L1': 98.29710388183594}
2022-08-19 19:16:54,474 - root - INFO - D losses = {'D_Fake': 0.0, 'D_real': 2.4420485496520996}
generator made step 0
discriminator made step 0
generator made step 16
discriminator made step 16
generator made step 32
discriminator made step 32
generator made step 48
discriminator made step 48
generator made step 64
discriminator made step 64
generator made step 80
discriminator made step 80
generator made step 96
discriminator made step 96
generator made step 112
discriminator made step 112
generator made step 128
discriminator made step 128
generator made step 144
discriminator made step 144
generator made step 160
discriminator made step 160
generator made step 176
discriminator made step 176
generator made step 192
discriminator made step 192
generator made step 208
discriminator made step 208
generator made step 224
discriminator made step 224
generator made step 240
discriminator made step 240
generator made step 256
discriminator made step 256
generator made step 272
discriminator made step 272
generator made step 288
discriminator made step 288
generator made step 304
discriminator made step 304
generator made step 320
discriminator made step 320
generator made step 336
discriminator made step 336
generator made step 352
discriminator made step 352
generator made step 368
discriminator made step 368
generator made step 384
discriminator made step 384
generator made step 400
discriminator made step 400
generator made step 416
discriminator made step 416
generator made step 432
discriminator made step 432
generator made step 448
discriminator made step 448
generator made step 464
discriminator made step 464
generator made step 480
discriminator made step 480
generator made step 496
discriminator made step 496
2022-08-19 19:29:55,326 - root - INFO - Total=780.850687, G=677.395385, D=99.647674, data=1.632387, next=2.175240
2022-08-19 19:30:00,756 - root - INFO - Total=5.429251, G=0.543921, data=3.203583, acc=0.008244, agg=0.129274, next=1.544230
saving checkpoint...
2022-08-19 19:30:13,017 - root - INFO - Time taken for epoch 42 is 798.5429615974426 sec
2022-08-19 19:30:13,017 - root - INFO - Train time = 780.8506865501404, Valid time = 5.429251194000244
2022-08-19 19:30:13,017 - root - INFO - G losses = {'GAN': 3.4881601333618164, 'GAN_Feat': 0.5666749477386475, 'L1': 108.37828826904297}
2022-08-19 19:30:13,017 - root - INFO - D losses = {'D_Fake': 0.026545094326138496, 'D_real': 1.3754577594227158e-05}
generator made step 0
discriminator made step 0
generator made step 16
discriminator made step 16
generator made step 32
discriminator made step 32
generator made step 48
discriminator made step 48
generator made step 64
discriminator made step 64
generator made step 80
discriminator made step 80
generator made step 96
discriminator made step 96
generator made step 112
discriminator made step 112
generator made step 128
discriminator made step 128
generator made step 144
discriminator made step 144
generator made step 160
discriminator made step 160
generator made step 176
discriminator made step 176
generator made step 192
discriminator made step 192
generator made step 208
discriminator made step 208
generator made step 224
discriminator made step 224
generator made step 240
discriminator made step 240
generator made step 256
discriminator made step 256
generator made step 272
discriminator made step 272
generator made step 288
discriminator made step 288
generator made step 304
discriminator made step 304
generator made step 320
discriminator made step 320
generator made step 336
discriminator made step 336
generator made step 352
discriminator made step 352
generator made step 368
discriminator made step 368
generator made step 384
discriminator made step 384
generator made step 400
discriminator made step 400
generator made step 416
discriminator made step 416
generator made step 432
discriminator made step 432
generator made step 448
discriminator made step 448
generator made step 464
discriminator made step 464
generator made step 480
discriminator made step 480
generator made step 496
discriminator made step 496
2022-08-19 19:43:08,390 - root - INFO - Total=775.371923, G=671.933968, D=99.788474, data=1.629731, next=2.019750
2022-08-19 19:43:14,234 - root - INFO - Total=5.842596, G=0.442292, data=3.310799, acc=0.006312, agg=0.136475, next=1.946718
saving checkpoint...
2022-08-19 19:43:26,674 - root - INFO - Time taken for epoch 43 is 793.656044960022 sec
2022-08-19 19:43:26,674 - root - INFO - Train time = 775.3719227313995, Valid time = 5.842595815658569
2022-08-19 19:43:26,674 - root - INFO - G losses = {'GAN': 3.560119390487671, 'GAN_Feat': 0.5261760354042053, 'L1': 97.05933380126953}
2022-08-19 19:43:26,674 - root - INFO - D losses = {'D_Fake': 2.000276565551758, 'D_real': 0.3472893536090851}
generator made step 0
discriminator made step 0
generator made step 16
discriminator made step 16
generator made step 32
discriminator made step 32
generator made step 48
discriminator made step 48
generator made step 64
discriminator made step 64
generator made step 80
discriminator made step 80
generator made step 96
discriminator made step 96
generator made step 112
discriminator made step 112
generator made step 128
discriminator made step 128
generator made step 144
discriminator made step 144
generator made step 160
discriminator made step 160
generator made step 176
discriminator made step 176
generator made step 192
discriminator made step 192
slurmstepd: error: *** STEP 3011284.0 ON nid003105 CANCELLED AT 2022-08-19T19:48:43 DUE TO TIME LIMIT ***
slurmstepd: error: *** JOB 3011284 ON nid003105 CANCELLED AT 2022-08-19T19:48:43 DUE TO TIME LIMIT ***
srun: Job step aborted: Waiting up to 32 seconds for job step to finish.
