+ srun -u shifter -V /pscratch/sd/c/cjacobus/ML_Hydro_train/logs:/logs --image=nersc/pytorch:ngc-22.03-v0 --env PYTHONUSERBASE=/global/homes/c/cjacobus/.local/perlmutter/nersc-pytorch-ngc-22.03-v0 bash -c '
    source export_DDP_vars.sh
    python train.py --root_dir=/pscratch/sd/c/cjacobus/tsit --config=valid_up5_tanh_L1
    '
[W socket.cpp:701] The server socket on [nid003637]:29500 is not yet listening (errno: 111 - Connection refused), will retry.
[W socket.cpp:701] The server socket on [nid003637]:29500 is not yet listening (errno: 111 - Connection refused), will retry.
[W socket.cpp:701] The server socket on [nid003637]:29500 is not yet listening (errno: 111 - Connection refused), will retry.
[W socket.cpp:701] The server socket on [nid003637]:29500 is not yet listening (errno: 111 - Connection refused), will retry.
[W socket.cpp:701] The server socket on [nid003637]:29500 is not yet listening (errno: 111 - Connection refused), will retry.
[W socket.cpp:701] The server socket on [nid003637]:29500 is not yet listening (errno: 111 - Connection refused), will retry.
[W socket.cpp:701] The server socket on [nid003637]:29500 is not yet listening (errno: 111 - Connection refused), will retry.
[W socket.cpp:701] The server socket on [nid003637]:29500 is not yet listening (errno: 111 - Connection refused), will retry.
2022-07-30 21:40:18,378 - torch.distributed.distributed_c10d - INFO - Added key: store_based_barrier_key:1 to store for rank: 3
2022-07-30 21:40:18,381 - torch.distributed.distributed_c10d - INFO - Added key: store_based_barrier_key:1 to store for rank: 1
2022-07-30 21:40:18,382 - torch.distributed.distributed_c10d - INFO - Added key: store_based_barrier_key:1 to store for rank: 2
2022-07-30 21:40:18,681 - torch.distributed.distributed_c10d - INFO - Added key: store_based_barrier_key:1 to store for rank: 6
2022-07-30 21:40:18,686 - torch.distributed.distributed_c10d - INFO - Added key: store_based_barrier_key:1 to store for rank: 7
2022-07-30 21:40:18,687 - torch.distributed.distributed_c10d - INFO - Added key: store_based_barrier_key:1 to store for rank: 4
2022-07-30 21:40:18,688 - torch.distributed.distributed_c10d - INFO - Added key: store_based_barrier_key:1 to store for rank: 5
2022-07-30 21:40:18,906 - torch.distributed.distributed_c10d - INFO - Added key: store_based_barrier_key:1 to store for rank: 0
2022-07-30 21:40:19,071 - torch.distributed.distributed_c10d - INFO - Added key: store_based_barrier_key:1 to store for rank: 13
2022-07-30 21:40:19,077 - torch.distributed.distributed_c10d - INFO - Added key: store_based_barrier_key:1 to store for rank: 12
2022-07-30 21:40:19,080 - torch.distributed.distributed_c10d - INFO - Added key: store_based_barrier_key:1 to store for rank: 14
2022-07-30 21:40:19,081 - torch.distributed.distributed_c10d - INFO - Added key: store_based_barrier_key:1 to store for rank: 15
2022-07-30 21:40:19,094 - torch.distributed.distributed_c10d - INFO - Added key: store_based_barrier_key:1 to store for rank: 8
2022-07-30 21:40:19,098 - torch.distributed.distributed_c10d - INFO - Added key: store_based_barrier_key:1 to store for rank: 11
2022-07-30 21:40:19,101 - torch.distributed.distributed_c10d - INFO - Added key: store_based_barrier_key:1 to store for rank: 9
2022-07-30 21:40:19,102 - torch.distributed.distributed_c10d - INFO - Added key: store_based_barrier_key:1 to store for rank: 10
2022-07-30 21:40:19,102 - torch.distributed.distributed_c10d - INFO - Rank 10: Completed store-based barrier for key:store_based_barrier_key:1 with 16 nodes.
2022-07-30 21:40:19,104 - torch.distributed.distributed_c10d - INFO - Rank 8: Completed store-based barrier for key:store_based_barrier_key:1 with 16 nodes.
2022-07-30 21:40:19,105 - torch.distributed.distributed_c10d - INFO - Rank 4: Completed store-based barrier for key:store_based_barrier_key:1 with 16 nodes.
2022-07-30 21:40:19,105 - torch.distributed.distributed_c10d - INFO - Rank 2: Completed store-based barrier for key:store_based_barrier_key:1 with 16 nodes.
2022-07-30 21:40:19,105 - torch.distributed.distributed_c10d - INFO - Rank 1: Completed store-based barrier for key:store_based_barrier_key:1 with 16 nodes.
2022-07-30 21:40:19,106 - torch.distributed.distributed_c10d - INFO - Rank 7: Completed store-based barrier for key:store_based_barrier_key:1 with 16 nodes.
2022-07-30 21:40:19,108 - torch.distributed.distributed_c10d - INFO - Rank 5: Completed store-based barrier for key:store_based_barrier_key:1 with 16 nodes.
2022-07-30 21:40:19,108 - torch.distributed.distributed_c10d - INFO - Rank 0: Completed store-based barrier for key:store_based_barrier_key:1 with 16 nodes.
2022-07-30 21:40:19,109 - torch.distributed.distributed_c10d - INFO - Rank 12: Completed store-based barrier for key:store_based_barrier_key:1 with 16 nodes.
2022-07-30 21:40:19,109 - torch.distributed.distributed_c10d - INFO - Rank 11: Completed store-based barrier for key:store_based_barrier_key:1 with 16 nodes.
2022-07-30 21:40:19,111 - torch.distributed.distributed_c10d - INFO - Rank 3: Completed store-based barrier for key:store_based_barrier_key:1 with 16 nodes.
2022-07-30 21:40:19,111 - torch.distributed.distributed_c10d - INFO - Rank 6: Completed store-based barrier for key:store_based_barrier_key:1 with 16 nodes.
2022-07-30 21:40:19,111 - torch.distributed.distributed_c10d - INFO - Rank 14: Completed store-based barrier for key:store_based_barrier_key:1 with 16 nodes.
2022-07-30 21:40:19,111 - torch.distributed.distributed_c10d - INFO - Rank 15: Completed store-based barrier for key:store_based_barrier_key:1 with 16 nodes.
2022-07-30 21:40:19,112 - torch.distributed.distributed_c10d - INFO - Rank 13: Completed store-based barrier for key:store_based_barrier_key:1 with 16 nodes.
2022-07-30 21:40:19,112 - torch.distributed.distributed_c10d - INFO - Rank 9: Completed store-based barrier for key:store_based_barrier_key:1 with 16 nodes.
2022-07-30 21:40:19,128 - root - INFO - rank 10, begin data loader init
2022-07-30 21:40:19,128 - root - INFO - rank 11, begin data loader init
2022-07-30 21:40:19,128 - root - INFO - rank 8, begin data loader init
2022-07-30 21:40:19,128 - root - INFO - rank 9, begin data loader init
2022-07-30 21:40:19,128 - root - INFO - rank 10, data loader initialized
2022-07-30 21:40:19,128 - root - INFO - rank 11, data loader initialized
2022-07-30 21:40:19,128 - root - INFO - rank 9, data loader initialized
2022-07-30 21:40:19,128 - root - INFO - rank 8, data loader initialized
2022-07-30 21:40:19,128 - root - INFO - ------------------ Configuration ------------------
2022-07-30 21:40:19,128 - root - INFO - Configuration file: /global/u1/c/cjacobus/Nyx-TSIT/config/tsit.yaml
2022-07-30 21:40:19,129 - root - INFO - Configuration name: valid_up5_tanh_L1
2022-07-30 21:40:19,129 - root - INFO - Nsamples 8192
2022-07-30 21:40:19,129 - root - INFO - Nsamples_val 512
2022-07-30 21:40:19,129 - root - INFO - niter 200
2022-07-30 21:40:19,129 - root - INFO - niter_decay 150
2022-07-30 21:40:19,129 - root - INFO - use_spec_loss False
2022-07-30 21:40:19,129 - root - INFO - lambda_spec 10.0
2022-07-30 21:40:19,129 - root - INFO - use_l1_loss True
2022-07-30 21:40:19,129 - root - INFO - lambda_l1 300.0
2022-07-30 21:40:19,129 - root - INFO - data_size 128
2022-07-30 21:40:19,129 - root - INFO - train_path /pscratch/sd/c/cjacobus/Nyx_512/train_s1_512_invar3_hydro.h5
2022-07-30 21:40:19,129 - root - INFO - val_path /pscratch/sd/c/cjacobus/Nyx_512/valid_s2_512_invar3_hydro.h5
2022-07-30 21:40:19,129 - root - INFO - num_upsampling_blocks 5
2022-07-30 21:40:19,129 - root - INFO - tanh False
2022-07-30 21:40:19,129 - root - INFO - num_data_workers 16
2022-07-30 21:40:19,129 - root - INFO - in_channels [0, 1, 2, 3, 17, 18, 19]
2022-07-30 21:40:19,129 - root - INFO - out_channels [0]
2022-07-30 21:40:19,129 - root - INFO - min_path /pscratch/sd/s/shas1693/data/era5/mins.npy
2022-07-30 21:40:19,129 - root - INFO - max_path /pscratch/sd/s/shas1693/data/era5/maxs.npy
2022-07-30 21:40:19,129 - root - INFO - time_means_path /pscratch/sd/s/shas1693/data/era5/time_means.npy
2022-07-30 21:40:19,129 - root - INFO - global_means_path /pscratch/sd/s/shas1693/data/era5/global_means.npy
2022-07-30 21:40:19,129 - root - INFO - global_stds_path /pscratch/sd/s/shas1693/data/era5/global_stds.npy
2022-07-30 21:40:19,129 - root - INFO - precip /pscratch/sd/p/pharring/ERA5/precip/total_precipitation
2022-07-30 21:40:19,129 - root - INFO - precip_eps 1e-05
2022-07-30 21:40:19,129 - root - INFO - dt 1
2022-07-30 21:40:19,129 - root - INFO - n_history 0
2022-07-30 21:40:19,129 - root - INFO - crop_size_x None
2022-07-30 21:40:19,129 - root - INFO - crop_size_y None
2022-07-30 21:40:19,129 - root - INFO - roll False
2022-07-30 21:40:19,129 - root - INFO - conttime False
2022-07-30 21:40:19,129 - root - INFO - normalization zscore
2022-07-30 21:40:19,129 - root - INFO - add_grid False
2022-07-30 21:40:19,129 - root - INFO - model pix2pix
2022-07-30 21:40:19,129 - root - INFO - norm_G spectralfadebatch3x3
2022-07-30 21:40:19,129 - root - INFO - norm_D spectralinstance
2022-07-30 21:40:19,129 - root - INFO - norm_S spectralinstance
2022-07-30 21:40:19,129 - root - INFO - norm_E spectralinstance
2022-07-30 21:40:19,129 - root - INFO - batch_size 16
2022-07-30 21:40:19,129 - root - INFO - img_size [512, 512, 512]
2022-07-30 21:40:19,129 - root - INFO - box_size [512, 512, 512]
2022-07-30 21:40:19,129 - root - INFO - input_nc 5
2022-07-30 21:40:19,129 - root - INFO - output_nc 5
2022-07-30 21:40:19,129 - root - INFO - netG tsit
2022-07-30 21:40:19,129 - root - INFO - ngf 64
2022-07-30 21:40:19,129 - root - INFO - init_type xavier
2022-07-30 21:40:19,129 - root - INFO - init_variance 0.02
2022-07-30 21:40:19,129 - root - INFO - z_dim 256
2022-07-30 21:40:19,129 - root - INFO - alpha 1.0
2022-07-30 21:40:19,129 - root - INFO - no_ss True
2022-07-30 21:40:19,129 - root - INFO - downsamp True
2022-07-30 21:40:19,129 - root - INFO - use_periodic_padding True
2022-07-30 21:40:19,129 - root - INFO - rank 6, begin data loader init
2022-07-30 21:40:19,129 - root - INFO - additive_noise False
2022-07-30 21:40:19,129 - root - INFO - nef 16
2022-07-30 21:40:19,129 - root - INFO - use_vae False
2022-07-30 21:40:19,129 - root - INFO - optimizer adam
2022-07-30 21:40:19,129 - root - INFO - beta1 0.5
2022-07-30 21:40:19,129 - root - INFO - beta2 0.999
2022-07-30 21:40:19,129 - root - INFO - rank 4, begin data loader init
2022-07-30 21:40:19,129 - root - INFO - rank 5, begin data loader init
2022-07-30 21:40:19,129 - root - INFO - lr 0.0002
2022-07-30 21:40:19,129 - root - INFO - rank 7, begin data loader init
2022-07-30 21:40:19,129 - root - INFO - D_steps_per_G 1
2022-07-30 21:40:19,129 - root - INFO - ndf 64
2022-07-30 21:40:19,130 - root - INFO - lambda_feat 0.5
2022-07-30 21:40:19,130 - root - INFO - no_ganFeat_loss False
2022-07-30 21:40:19,130 - root - INFO - gan_mode hinge
2022-07-30 21:40:19,130 - root - INFO - netD multiscale
2022-07-30 21:40:19,129 - root - INFO - rank 6, data loader initialized
2022-07-30 21:40:19,130 - root - INFO - num_D 2
2022-07-30 21:40:19,130 - root - INFO - n_layers_D 4
2022-07-30 21:40:19,130 - root - INFO - no_TTUR True
2022-07-30 21:40:19,130 - root - INFO - lambda_kld 0.05
2022-07-30 21:40:19,129 - root - INFO - rank 4, data loader initialized
2022-07-30 21:40:19,130 - root - INFO - rank 5, data loader initialized
2022-07-30 21:40:19,130 - root - INFO - cat_inp False
2022-07-30 21:40:19,130 - root - INFO - rank 7, data loader initialized
2022-07-30 21:40:19,130 - root - INFO - entity weatherbenching
2022-07-30 21:40:19,130 - root - INFO - project Nyx-TSIT
2022-07-30 21:40:19,130 - root - INFO - log_to_wandb True
2022-07-30 21:40:19,130 - root - INFO - log_to_screen True
2022-07-30 21:40:19,130 - root - INFO - save_checkpoint True
2022-07-30 21:40:19,130 - root - INFO - weight_init ordereddict([('conv_init', 'normal'), ('conv_scale', 0.02), ('conv_bias', 0.0)])
2022-07-30 21:40:19,130 - root - INFO - lambda_rho 0
2022-07-30 21:40:19,130 - root - INFO - full_scale True
2022-07-30 21:40:19,130 - root - INFO - global_batch_size 64
2022-07-30 21:40:19,130 - root - INFO - base_batch_size 64
2022-07-30 21:40:19,130 - root - INFO - num_epochs 60
2022-07-30 21:40:19,130 - root - INFO - rank 1, begin data loader init
2022-07-30 21:40:19,130 - root - INFO - rank 3, begin data loader init
2022-07-30 21:40:19,130 - root - INFO - enable_amp False
2022-07-30 21:40:19,130 - root - INFO - enable_apex False
2022-07-30 21:40:19,130 - root - INFO - enable_benchy False
2022-07-30 21:40:19,130 - root - INFO - enable_jit False
2022-07-30 21:40:19,130 - root - INFO - expdir /logs
2022-07-30 21:40:19,130 - root - INFO - lr_schedule ordereddict([('scaling', 'sqrt'), ('start_lr', 0.0002), ('end_lr', 0.0), ('warmup_steps', 128)])
2022-07-30 21:40:19,130 - root - INFO - data_loader_config lowmem
2022-07-30 21:40:19,130 - root - INFO - rank 2, begin data loader init
2022-07-30 21:40:19,130 - root - INFO - N_out_channels 5
2022-07-30 21:40:19,130 - root - INFO - N_in_channels 5
2022-07-30 21:40:19,130 - root - INFO - use_cache None
2022-07-30 21:40:19,130 - root - INFO - ---------------------------------------------------
log_to_wandb -------------------------------------------------------------------
2022-07-30 21:40:19,130 - root - INFO - rank 1, data loader initialized
2022-07-30 21:40:19,130 - root - INFO - rank 3, data loader initialized
dir exists: /pscratch/sd/c/cjacobus/tsit/expts/valid_up5_tanh_L1/checkpoints/
2022-07-30 21:40:19,130 - root - INFO - rank 2, data loader initialized
2022-07-30 21:40:19,131 - root - INFO - rank 15, begin data loader init
2022-07-30 21:40:19,131 - root - INFO - rank 13, begin data loader init
2022-07-30 21:40:19,131 - root - INFO - rank 14, begin data loader init
2022-07-30 21:40:19,131 - root - INFO - rank 12, begin data loader init
2022-07-30 21:40:19,131 - root - INFO - rank 15, data loader initialized
2022-07-30 21:40:19,131 - root - INFO - rank 13, data loader initialized
2022-07-30 21:40:19,131 - root - INFO - rank 14, data loader initialized
2022-07-30 21:40:19,131 - root - INFO - rank 12, data loader initialized
wandb: Currently logged in as: cjacobus (use `wandb login --relogin` to force relogin)
wandb: wandb version 0.12.21 is available!  To upgrade, please run:
wandb:  $ pip install wandb --upgrade
wandb: Tracking run with wandb version 0.12.13
wandb: Run data is saved locally in /pscratch/sd/c/cjacobus/tsit/expts/valid_up5_tanh_L1/wandb/run-20220730_214019-31qx31tz
wandb: Run `wandb offline` to turn off syncing.
wandb: Resuming run valid_up5_tanh_L1
wandb: ⭐️ View project at https://wandb.ai/weatherbenching/Nyx-TSIT
wandb: 🚀 View run at https://wandb.ai/weatherbenching/Nyx-TSIT/runs/31qx31tz
checking dir: /pscratch/sd/c/cjacobus/tsit/expts/valid_up5_tanh_L1/checkpoints/
dir exists: /pscratch/sd/c/cjacobus/tsit/expts/valid_up5_tanh_L1/checkpoints/
2022-07-30 21:40:20,523 - root - INFO - rank 0, begin data loader init
2022-07-30 21:40:20,523 - root - INFO - rank 0, data loader initialized
Network [TSITGenerator] was created. Total number of parameters: 991.3 million. To see the architecture, do print(network).
Network [TSITGenerator] was created. Total number of parameters: 991.3 million. To see the architecture, do print(network).
Network [TSITGenerator] was created. Total number of parameters: 991.3 million. To see the architecture, do print(network).
Network [TSITGenerator] was created. Total number of parameters: 991.3 million. To see the architecture, do print(network).
Network [TSITGenerator] was created. Total number of parameters: 991.3 million. To see the architecture, do print(network).
Network [TSITGenerator] was created. Total number of parameters: 991.3 million. To see the architecture, do print(network).
Network [TSITGenerator] was created. Total number of parameters: 991.3 million. To see the architecture, do print(network).
Network [TSITGenerator] was created. Total number of parameters: 991.3 million. To see the architecture, do print(network).
Network [TSITGenerator] was created. Total number of parameters: 991.3 million. To see the architecture, do print(network).
Network [TSITGenerator] was created. Total number of parameters: 991.3 million. To see the architecture, do print(network).
Network [TSITGenerator] was created. Total number of parameters: 991.3 million. To see the architecture, do print(network).
Network [TSITGenerator] was created. Total number of parameters: 991.3 million. To see the architecture, do print(network).
Network [TSITGenerator] was created. Total number of parameters: 991.3 million. To see the architecture, do print(network).
Network [TSITGenerator] was created. Total number of parameters: 991.3 million. To see the architecture, do print(network).
Network [TSITGenerator] was created. Total number of parameters: 991.3 million. To see the architecture, do print(network).
Network [TSITGenerator] was created. Total number of parameters: 991.3 million. To see the architecture, do print(network).
Network [MultiscaleDiscriminator] was created. Total number of parameters: 22.1 million. To see the architecture, do print(network).
Network [MultiscaleDiscriminator] was created. Total number of parameters: 22.1 million. To see the architecture, do print(network).
Network [MultiscaleDiscriminator] was created. Total number of parameters: 22.1 million. To see the architecture, do print(network).
Network [MultiscaleDiscriminator] was created. Total number of parameters: 22.1 million. To see the architecture, do print(network).
Network [MultiscaleDiscriminator] was created. Total number of parameters: 22.1 million. To see the architecture, do print(network).
Network [MultiscaleDiscriminator] was created. Total number of parameters: 22.1 million. To see the architecture, do print(network).
Network [MultiscaleDiscriminator] was created. Total number of parameters: 22.1 million. To see the architecture, do print(network).
Network [MultiscaleDiscriminator] was created. Total number of parameters: 22.1 million. To see the architecture, do print(network).
Network [MultiscaleDiscriminator] was created. Total number of parameters: 22.1 million. To see the architecture, do print(network).
Network [MultiscaleDiscriminator] was created. Total number of parameters: 22.1 million. To see the architecture, do print(network).
Network [MultiscaleDiscriminator] was created. Total number of parameters: 22.1 million. To see the architecture, do print(network).
Network [MultiscaleDiscriminator] was created. Total number of parameters: 22.1 million. To see the architecture, do print(network).
Network [MultiscaleDiscriminator] was created. Total number of parameters: 22.1 million. To see the architecture, do print(network).
Network [MultiscaleDiscriminator] was created. Total number of parameters: 22.1 million. To see the architecture, do print(network).
Network [MultiscaleDiscriminator] was created. Total number of parameters: 22.1 million. To see the architecture, do print(network).
Network [MultiscaleDiscriminator] was created. Total number of parameters: 22.1 million. To see the architecture, do print(network).
2022-07-30 21:40:41,567 - root - INFO - Loading checkpoint /pscratch/sd/c/cjacobus/tsit/expts/valid_up5_tanh_L1/checkpoints/ckpt.tar
2022-07-30 21:40:41,568 - root - INFO - Loading checkpoint /pscratch/sd/c/cjacobus/tsit/expts/valid_up5_tanh_L1/checkpoints/ckpt.tar
2022-07-30 21:40:41,568 - root - INFO - Loading checkpoint /pscratch/sd/c/cjacobus/tsit/expts/valid_up5_tanh_L1/checkpoints/ckpt.tar
2022-07-30 21:40:41,570 - root - INFO - Loading checkpoint /pscratch/sd/c/cjacobus/tsit/expts/valid_up5_tanh_L1/checkpoints/ckpt.tar
2022-07-30 21:40:41,570 - root - INFO - Loading checkpoint /pscratch/sd/c/cjacobus/tsit/expts/valid_up5_tanh_L1/checkpoints/ckpt.tar
2022-07-30 21:40:41,571 - root - INFO - Loading checkpoint /pscratch/sd/c/cjacobus/tsit/expts/valid_up5_tanh_L1/checkpoints/ckpt.tar
2022-07-30 21:40:41,571 - root - INFO - Loading checkpoint /pscratch/sd/c/cjacobus/tsit/expts/valid_up5_tanh_L1/checkpoints/ckpt.tar
2022-07-30 21:40:41,572 - root - INFO - Loading checkpoint /pscratch/sd/c/cjacobus/tsit/expts/valid_up5_tanh_L1/checkpoints/ckpt.tar
2022-07-30 21:40:41,573 - root - INFO - Loading checkpoint /pscratch/sd/c/cjacobus/tsit/expts/valid_up5_tanh_L1/checkpoints/ckpt.tar
2022-07-30 21:40:41,573 - root - INFO - Loading checkpoint /pscratch/sd/c/cjacobus/tsit/expts/valid_up5_tanh_L1/checkpoints/ckpt.tar
2022-07-30 21:40:41,574 - root - INFO - Loading checkpoint /pscratch/sd/c/cjacobus/tsit/expts/valid_up5_tanh_L1/checkpoints/ckpt.tar
2022-07-30 21:40:41,575 - root - INFO - Loading checkpoint /pscratch/sd/c/cjacobus/tsit/expts/valid_up5_tanh_L1/checkpoints/ckpt.tar
2022-07-30 21:40:41,576 - root - INFO - Loading checkpoint /pscratch/sd/c/cjacobus/tsit/expts/valid_up5_tanh_L1/checkpoints/ckpt.tar
2022-07-30 21:40:41,576 - root - INFO - Loading checkpoint /pscratch/sd/c/cjacobus/tsit/expts/valid_up5_tanh_L1/checkpoints/ckpt.tar
2022-07-30 21:40:41,576 - root - INFO - Loading checkpoint /pscratch/sd/c/cjacobus/tsit/expts/valid_up5_tanh_L1/checkpoints/ckpt.tar
2022-07-30 21:40:41,576 - root - INFO - Loading checkpoint /pscratch/sd/c/cjacobus/tsit/expts/valid_up5_tanh_L1/checkpoints/ckpt.tar
2022-07-30 21:40:47,312 - root - INFO - Starting Training Loop...
[W reducer.cpp:1282] Warning: find_unused_parameters=True was specified in DDP constructor, but did not find any unused parameters in the forward pass. This flag results in an extra traversal of the autograd graph every iteration,  which can adversely affect performance. If your model indeed never has any unused parameters in the forward pass, consider turning this flag off. Note that this warning may be a false positive if your model has flow control causing later iterations to have unused parameters. (function operator())
[W reducer.cpp:1282] Warning: find_unused_parameters=True was specified in DDP constructor, but did not find any unused parameters in the forward pass. This flag results in an extra traversal of the autograd graph every iteration,  which can adversely affect performance. If your model indeed never has any unused parameters in the forward pass, consider turning this flag off. Note that this warning may be a false positive if your model has flow control causing later iterations to have unused parameters. (function operator())
[W reducer.cpp:1282] Warning: find_unused_parameters=True was specified in DDP constructor, but did not find any unused parameters in the forward pass. This flag results in an extra traversal of the autograd graph every iteration,  which can adversely affect performance. If your model indeed never has any unused parameters in the forward pass, consider turning this flag off. Note that this warning may be a false positive if your model has flow control causing later iterations to have unused parameters. (function operator())
[W reducer.cpp:1282] Warning: find_unused_parameters=True was specified in DDP constructor, but did not find any unused parameters in the forward pass. This flag results in an extra traversal of the autograd graph every iteration,  which can adversely affect performance. If your model indeed never has any unused parameters in the forward pass, consider turning this flag off. Note that this warning may be a false positive if your model has flow control causing later iterations to have unused parameters. (function operator())
[W reducer.cpp:1282] Warning: find_unused_parameters=True was specified in DDP constructor, but did not find any unused parameters in the forward pass. This flag results in an extra traversal of the autograd graph every iteration,  which can adversely affect performance. If your model indeed never has any unused parameters in the forward pass, consider turning this flag off. Note that this warning may be a false positive if your model has flow control causing later iterations to have unused parameters. (function operator())
[W reducer.cpp:1282] Warning: find_unused_parameters=True was specified in DDP constructor, but did not find any unused parameters in the forward pass. This flag results in an extra traversal of the autograd graph every iteration,  which can adversely affect performance. If your model indeed never has any unused parameters in the forward pass, consider turning this flag off. Note that this warning may be a false positive if your model has flow control causing later iterations to have unused parameters. (function operator())
[W reducer.cpp:1282] Warning: find_unused_parameters=True was specified in DDP constructor, but did not find any unused parameters in the forward pass. This flag results in an extra traversal of the autograd graph every iteration,  which can adversely affect performance. If your model indeed never has any unused parameters in the forward pass, consider turning this flag off. Note that this warning may be a false positive if your model has flow control causing later iterations to have unused parameters. (function operator())
[W reducer.cpp:1282] Warning: find_unused_parameters=True was specified in DDP constructor, but did not find any unused parameters in the forward pass. This flag results in an extra traversal of the autograd graph every iteration,  which can adversely affect performance. If your model indeed never has any unused parameters in the forward pass, consider turning this flag off. Note that this warning may be a false positive if your model has flow control causing later iterations to have unused parameters. (function operator())
[W reducer.cpp:1282] Warning: find_unused_parameters=True was specified in DDP constructor, but did not find any unused parameters in the forward pass. This flag results in an extra traversal of the autograd graph every iteration,  which can adversely affect performance. If your model indeed never has any unused parameters in the forward pass, consider turning this flag off. Note that this warning may be a false positive if your model has flow control causing later iterations to have unused parameters. (function operator())
[W reducer.cpp:1282] Warning: find_unused_parameters=True was specified in DDP constructor, but did not find any unused parameters in the forward pass. This flag results in an extra traversal of the autograd graph every iteration,  which can adversely affect performance. If your model indeed never has any unused parameters in the forward pass, consider turning this flag off. Note that this warning may be a false positive if your model has flow control causing later iterations to have unused parameters. (function operator())
[W reducer.cpp:1282] Warning: find_unused_parameters=True was specified in DDP constructor, but did not find any unused parameters in the forward pass. This flag results in an extra traversal of the autograd graph every iteration,  which can adversely affect performance. If your model indeed never has any unused parameters in the forward pass, consider turning this flag off. Note that this warning may be a false positive if your model has flow control causing later iterations to have unused parameters. (function operator())
[W reducer.cpp:1282] Warning: find_unused_parameters=True was specified in DDP constructor, but did not find any unused parameters in the forward pass. This flag results in an extra traversal of the autograd graph every iteration,  which can adversely affect performance. If your model indeed never has any unused parameters in the forward pass, consider turning this flag off. Note that this warning may be a false positive if your model has flow control causing later iterations to have unused parameters. (function operator())
[W reducer.cpp:1282] Warning: find_unused_parameters=True was specified in DDP constructor, but did not find any unused parameters in the forward pass. This flag results in an extra traversal of the autograd graph every iteration,  which can adversely affect performance. If your model indeed never has any unused parameters in the forward pass, consider turning this flag off. Note that this warning may be a false positive if your model has flow control causing later iterations to have unused parameters. (function operator())
[W reducer.cpp:1282] Warning: find_unused_parameters=True was specified in DDP constructor, but did not find any unused parameters in the forward pass. This flag results in an extra traversal of the autograd graph every iteration,  which can adversely affect performance. If your model indeed never has any unused parameters in the forward pass, consider turning this flag off. Note that this warning may be a false positive if your model has flow control causing later iterations to have unused parameters. (function operator())
[W reducer.cpp:1282] Warning: find_unused_parameters=True was specified in DDP constructor, but did not find any unused parameters in the forward pass. This flag results in an extra traversal of the autograd graph every iteration,  which can adversely affect performance. If your model indeed never has any unused parameters in the forward pass, consider turning this flag off. Note that this warning may be a false positive if your model has flow control causing later iterations to have unused parameters. (function operator())
[W reducer.cpp:1282] Warning: find_unused_parameters=True was specified in DDP constructor, but did not find any unused parameters in the forward pass. This flag results in an extra traversal of the autograd graph every iteration,  which can adversely affect performance. If your model indeed never has any unused parameters in the forward pass, consider turning this flag off. Note that this warning may be a false positive if your model has flow control causing later iterations to have unused parameters. (function operator())
generator made step 0
discriminator made step 0
generator made step 16
discriminator made step 16
generator made step 32
discriminator made step 32
generator made step 48
discriminator made step 48
generator made step 64
discriminator made step 64
generator made step 80
discriminator made step 80
generator made step 96
discriminator made step 96
generator made step 112
discriminator made step 112
generator made step 128
discriminator made step 128
generator made step 144
discriminator made step 144
generator made step 160
discriminator made step 160
generator made step 176
discriminator made step 176
generator made step 192
discriminator made step 192
generator made step 208
discriminator made step 208
generator made step 224
discriminator made step 224
generator made step 240
discriminator made step 240
generator made step 256
discriminator made step 256
generator made step 272
discriminator made step 272
generator made step 288
discriminator made step 288
generator made step 304
discriminator made step 304
generator made step 320
discriminator made step 320
generator made step 336
discriminator made step 336
generator made step 352
discriminator made step 352
generator made step 368
discriminator made step 368
generator made step 384
discriminator made step 384
generator made step 400
discriminator made step 400
generator made step 416
discriminator made step 416
generator made step 432
discriminator made step 432
generator made step 448
discriminator made step 448
generator made step 464
discriminator made step 464
generator made step 480
discriminator made step 480
generator made step 496
discriminator made step 496
2022-07-30 21:48:30,623 - root - INFO - Total=463.309725, G=368.642588, D=89.253699, data=1.630485, next=3.782954
2022-07-30 21:48:37,737 - root - INFO - Total=7.113029, G=0.401462, data=3.204524, acc=0.807670, agg=0.147398, next=2.551975
saving checkpoint...
2022-07-30 21:48:49,502 - root - INFO - Time taken for epoch 91 is 482.18977546691895 sec
2022-07-30 21:48:49,502 - root - INFO - Train time = 463.30972504615784, Valid time = 7.1130290031433105
2022-07-30 21:48:49,502 - root - INFO - G losses = {'GAN': 5.591565132141113, 'GAN_Feat': 0.43204542994499207, 'L1': 13.13869571685791}
2022-07-30 21:48:49,502 - root - INFO - D losses = {'D_Fake': 1.246819019317627, 'D_real': 0.3450126647949219}
generator made step 0
discriminator made step 0
generator made step 16
discriminator made step 16
generator made step 32
discriminator made step 32
generator made step 48
discriminator made step 48
generator made step 64
discriminator made step 64
generator made step 80
discriminator made step 80
generator made step 96
discriminator made step 96
generator made step 112
discriminator made step 112
generator made step 128
discriminator made step 128
generator made step 144
discriminator made step 144
generator made step 160
discriminator made step 160
generator made step 176
discriminator made step 176
generator made step 192
discriminator made step 192
generator made step 208
discriminator made step 208
generator made step 224
discriminator made step 224
generator made step 240
discriminator made step 240
generator made step 256
discriminator made step 256
generator made step 272
discriminator made step 272
generator made step 288
discriminator made step 288
generator made step 304
discriminator made step 304
generator made step 320
discriminator made step 320
generator made step 336
discriminator made step 336
generator made step 352
discriminator made step 352
generator made step 368
discriminator made step 368
generator made step 384
discriminator made step 384
generator made step 400
discriminator made step 400
generator made step 416
discriminator made step 416
generator made step 432
discriminator made step 432
generator made step 448
discriminator made step 448
generator made step 464
discriminator made step 464
generator made step 480
discriminator made step 480
generator made step 496
discriminator made step 496
2022-07-30 21:56:05,188 - root - INFO - Total=435.684597, G=343.687305, D=89.270353, data=1.632248, next=1.094690
2022-07-30 21:56:11,254 - root - INFO - Total=6.064748, G=0.393180, data=3.373870, acc=0.005705, agg=0.132879, next=2.159115
saving checkpoint...
2022-07-30 21:56:21,597 - root - INFO - Time taken for epoch 92 is 452.09424662590027 sec
2022-07-30 21:56:21,597 - root - INFO - Train time = 435.6845965385437, Valid time = 6.064748048782349
2022-07-30 21:56:21,597 - root - INFO - G losses = {'GAN': 2.9966812133789062, 'GAN_Feat': 0.5031474232673645, 'L1': 13.31773853302002}
2022-07-30 21:56:21,597 - root - INFO - D losses = {'D_Fake': 0.03520038723945618, 'D_real': 0.00017864990513771772}
generator made step 0
discriminator made step 0
generator made step 16
discriminator made step 16
generator made step 32
discriminator made step 32
generator made step 48
discriminator made step 48
generator made step 64
discriminator made step 64
generator made step 80
discriminator made step 80
generator made step 96
discriminator made step 96
generator made step 112
discriminator made step 112
generator made step 128
discriminator made step 128
generator made step 144
discriminator made step 144
generator made step 160
discriminator made step 160
generator made step 176
discriminator made step 176
generator made step 192
discriminator made step 192
generator made step 208
discriminator made step 208
generator made step 224
discriminator made step 224
generator made step 240
discriminator made step 240
generator made step 256
discriminator made step 256
generator made step 272
discriminator made step 272
generator made step 288
discriminator made step 288
generator made step 304
discriminator made step 304
generator made step 320
discriminator made step 320
generator made step 336
discriminator made step 336
generator made step 352
discriminator made step 352
generator made step 368
discriminator made step 368
generator made step 384
discriminator made step 384
generator made step 400
discriminator made step 400
generator made step 416
discriminator made step 416
generator made step 432
discriminator made step 432
generator made step 448
discriminator made step 448
generator made step 464
discriminator made step 464
generator made step 480
discriminator made step 480
generator made step 496
discriminator made step 496
2022-07-30 22:03:38,289 - root - INFO - Total=436.690717, G=343.634108, D=89.326633, data=1.630481, next=2.099495
2022-07-30 22:03:44,053 - root - INFO - Total=5.762914, G=0.424402, data=3.281582, acc=0.006129, agg=0.151111, next=1.899690
saving checkpoint...
2022-07-30 22:03:54,448 - root - INFO - Time taken for epoch 93 is 452.85073947906494 sec
2022-07-30 22:03:54,448 - root - INFO - Train time = 436.690717458725, Valid time = 5.762913703918457
2022-07-30 22:03:54,448 - root - INFO - G losses = {'GAN': 2.410140037536621, 'GAN_Feat': 0.47522032260894775, 'L1': 14.277266502380371}
2022-07-30 22:03:54,448 - root - INFO - D losses = {'D_Fake': 0.08000288903713226, 'D_real': 0.00824845302850008}
generator made step 0
discriminator made step 0
generator made step 16
discriminator made step 16
generator made step 32
discriminator made step 32
generator made step 48
discriminator made step 48
generator made step 64
discriminator made step 64
generator made step 80
discriminator made step 80
generator made step 96
discriminator made step 96
generator made step 112
discriminator made step 112
generator made step 128
discriminator made step 128
generator made step 144
discriminator made step 144
generator made step 160
discriminator made step 160
generator made step 176
discriminator made step 176
generator made step 192
discriminator made step 192
generator made step 208
discriminator made step 208
generator made step 224
discriminator made step 224
generator made step 240
discriminator made step 240
generator made step 256
discriminator made step 256
generator made step 272
discriminator made step 272
generator made step 288
discriminator made step 288
generator made step 304
discriminator made step 304
generator made step 320
discriminator made step 320
generator made step 336
discriminator made step 336
generator made step 352
discriminator made step 352
generator made step 368
discriminator made step 368
generator made step 384
discriminator made step 384
generator made step 400
discriminator made step 400
generator made step 416
discriminator made step 416
generator made step 432
discriminator made step 432
generator made step 448
discriminator made step 448
generator made step 464
discriminator made step 464
generator made step 480
discriminator made step 480
generator made step 496
discriminator made step 496
2022-07-30 22:11:10,298 - root - INFO - Total=435.849556, G=343.619924, D=89.435231, data=1.631614, next=1.162787
2022-07-30 22:11:15,986 - root - INFO - Total=5.686532, G=0.457904, data=3.262590, acc=0.006666, agg=0.129631, next=1.829741
saving checkpoint...
2022-07-30 22:11:26,459 - root - INFO - Time taken for epoch 94 is 452.0109782218933 sec
2022-07-30 22:11:26,459 - root - INFO - Train time = 435.84955644607544, Valid time = 5.686532497406006
2022-07-30 22:11:26,459 - root - INFO - G losses = {'GAN': 1.250482439994812, 'GAN_Feat': 0.4855417013168335, 'L1': 11.878813743591309}
2022-07-30 22:11:26,459 - root - INFO - D losses = {'D_Fake': 0.7667156457901001, 'D_real': 0.022884847596287727}
generator made step 0
discriminator made step 0
generator made step 16
discriminator made step 16
generator made step 32
discriminator made step 32
generator made step 48
discriminator made step 48
generator made step 64
discriminator made step 64
generator made step 80
discriminator made step 80
generator made step 96
discriminator made step 96
generator made step 112
discriminator made step 112
generator made step 128
discriminator made step 128
generator made step 144
discriminator made step 144
generator made step 160
discriminator made step 160
generator made step 176
discriminator made step 176
generator made step 192
discriminator made step 192
generator made step 208
discriminator made step 208
generator made step 224
discriminator made step 224
generator made step 240
discriminator made step 240
generator made step 256
discriminator made step 256
generator made step 272
discriminator made step 272
generator made step 288
discriminator made step 288
generator made step 304
discriminator made step 304
generator made step 320
discriminator made step 320
generator made step 336
discriminator made step 336
generator made step 352
discriminator made step 352
generator made step 368
discriminator made step 368
generator made step 384
discriminator made step 384
generator made step 400
discriminator made step 400
generator made step 416
discriminator made step 416
generator made step 432
discriminator made step 432
generator made step 448
discriminator made step 448
generator made step 464
discriminator made step 464
generator made step 480
discriminator made step 480
generator made step 496
discriminator made step 496
2022-07-30 22:18:42,158 - root - INFO - Total=435.697926, G=343.579229, D=89.280405, data=1.631327, next=1.206965
2022-07-30 22:18:48,182 - root - INFO - Total=6.022790, G=0.395871, data=3.357966, acc=0.005966, agg=0.149569, next=2.113419
saving checkpoint...
2022-07-30 22:18:58,646 - root - INFO - Time taken for epoch 95 is 452.1873822212219 sec
2022-07-30 22:18:58,647 - root - INFO - Train time = 435.6979262828827, Valid time = 6.022790431976318
2022-07-30 22:18:58,647 - root - INFO - G losses = {'GAN': 4.095615386962891, 'GAN_Feat': 0.5078601241111755, 'L1': 11.927169799804688}
2022-07-30 22:18:58,647 - root - INFO - D losses = {'D_Fake': 1.049805632646894e-05, 'D_real': 0.010486667975783348}
generator made step 0
discriminator made step 0
generator made step 16
discriminator made step 16
generator made step 32
discriminator made step 32
generator made step 48
discriminator made step 48
generator made step 64
discriminator made step 64
generator made step 80
discriminator made step 80
generator made step 96
discriminator made step 96
generator made step 112
discriminator made step 112
generator made step 128
discriminator made step 128
generator made step 144
discriminator made step 144
generator made step 160
discriminator made step 160
generator made step 176
discriminator made step 176
generator made step 192
discriminator made step 192
generator made step 208
discriminator made step 208
generator made step 224
discriminator made step 224
generator made step 240
discriminator made step 240
generator made step 256
discriminator made step 256
generator made step 272
discriminator made step 272
generator made step 288
discriminator made step 288
generator made step 304
discriminator made step 304
generator made step 320
discriminator made step 320
generator made step 336
discriminator made step 336
generator made step 352
discriminator made step 352
generator made step 368
discriminator made step 368
generator made step 384
discriminator made step 384
generator made step 400
discriminator made step 400
generator made step 416
discriminator made step 416
generator made step 432
discriminator made step 432
generator made step 448
discriminator made step 448
generator made step 464
discriminator made step 464
generator made step 480
discriminator made step 480
generator made step 496
discriminator made step 496
2022-07-30 22:26:15,507 - root - INFO - Total=436.858995, G=343.677313, D=89.291179, data=1.630193, next=2.260310
2022-07-30 22:26:21,460 - root - INFO - Total=5.952225, G=0.402030, data=3.354013, acc=0.005775, agg=0.156206, next=2.034201
saving checkpoint...
2022-07-30 22:26:31,845 - root - INFO - Time taken for epoch 96 is 453.1985032558441 sec
2022-07-30 22:26:31,846 - root - INFO - Train time = 436.85899472236633, Valid time = 5.952225208282471
2022-07-30 22:26:31,846 - root - INFO - G losses = {'GAN': 3.711088180541992, 'GAN_Feat': 0.48784974217414856, 'L1': 12.006271362304688}
2022-07-30 22:26:31,846 - root - INFO - D losses = {'D_Fake': 0.19370926916599274, 'D_real': 0.021479401737451553}
generator made step 0
discriminator made step 0
generator made step 16
discriminator made step 16
generator made step 32
discriminator made step 32
generator made step 48
discriminator made step 48
generator made step 64
discriminator made step 64
generator made step 80
discriminator made step 80
generator made step 96
discriminator made step 96
generator made step 112
discriminator made step 112
generator made step 128
discriminator made step 128
generator made step 144
discriminator made step 144
generator made step 160
discriminator made step 160
generator made step 176
discriminator made step 176
generator made step 192
discriminator made step 192
generator made step 208
discriminator made step 208
generator made step 224
discriminator made step 224
generator made step 240
discriminator made step 240
generator made step 256
discriminator made step 256
generator made step 272
discriminator made step 272
generator made step 288
discriminator made step 288
generator made step 304
discriminator made step 304
generator made step 320
discriminator made step 320
generator made step 336
discriminator made step 336
generator made step 352
discriminator made step 352
generator made step 368
discriminator made step 368
generator made step 384
discriminator made step 384
generator made step 400
discriminator made step 400
generator made step 416
discriminator made step 416
generator made step 432
discriminator made step 432
generator made step 448
discriminator made step 448
generator made step 464
discriminator made step 464
generator made step 480
discriminator made step 480
generator made step 496
discriminator made step 496
2022-07-30 22:33:48,697 - root - INFO - Total=436.850571, G=343.699011, D=89.299401, data=1.629970, next=2.222188
2022-07-30 22:33:54,415 - root - INFO - Total=5.716584, G=0.434119, data=3.207205, acc=0.006407, agg=0.165176, next=1.903677
saving checkpoint...
2022-07-30 22:34:04,857 - root - INFO - Time taken for epoch 97 is 453.0111927986145 sec
2022-07-30 22:34:04,857 - root - INFO - Train time = 436.8505709171295, Valid time = 5.7165844440460205
2022-07-30 22:34:04,857 - root - INFO - G losses = {'GAN': 4.282309532165527, 'GAN_Feat': 0.4916433095932007, 'L1': 12.602080345153809}
2022-07-30 22:34:04,857 - root - INFO - D losses = {'D_Fake': 0.10367563366889954, 'D_real': 0.3613375425338745}
generator made step 0
discriminator made step 0
generator made step 16
discriminator made step 16
generator made step 32
discriminator made step 32
generator made step 48
discriminator made step 48
generator made step 64
discriminator made step 64
generator made step 80
discriminator made step 80
generator made step 96
discriminator made step 96
generator made step 112
discriminator made step 112
generator made step 128
discriminator made step 128
generator made step 144
discriminator made step 144
generator made step 160
discriminator made step 160
generator made step 176
discriminator made step 176
generator made step 192
discriminator made step 192
generator made step 208
discriminator made step 208
generator made step 224
discriminator made step 224
generator made step 240
discriminator made step 240
generator made step 256
discriminator made step 256
generator made step 272
discriminator made step 272
generator made step 288
discriminator made step 288
generator made step 304
discriminator made step 304
generator made step 320
discriminator made step 320
generator made step 336
discriminator made step 336
generator made step 352
discriminator made step 352
generator made step 368
discriminator made step 368
generator made step 384
discriminator made step 384
generator made step 400
discriminator made step 400
generator made step 416
discriminator made step 416
srun: Job step aborted: Waiting up to 32 seconds for job step to finish.
slurmstepd: error: *** STEP 2856302.0 ON nid003637 CANCELLED AT 2022-07-30T22:40:10 DUE TO TIME LIMIT ***
slurmstepd: error: *** JOB 2856302 ON nid003637 CANCELLED AT 2022-07-30T22:40:10 DUE TO TIME LIMIT ***
