+ srun -u shifter -V /pscratch/sd/c/cjacobus/ML_Hydro_train/logs:/logs --image=nersc/pytorch:ngc-22.03-v0 --env PYTHONUSERBASE=/global/homes/c/cjacobus/.local/perlmutter/nersc-pytorch-ngc-22.03-v0 bash -c '
    source export_DDP_vars.sh
    python train.py --root_dir=/pscratch/sd/c/cjacobus/tsit --config=valid_L1_128
    '
[W socket.cpp:701] The server socket on [nid003725]:29500 is not yet listening (errno: 111 - Connection refused), will retry.
[W socket.cpp:701] The server socket on [nid003725]:29500 is not yet listening (errno: 111 - Connection refused), will retry.
[W socket.cpp:701] The server socket on [nid003725]:29500 is not yet listening (errno: 111 - Connection refused), will retry.
[W socket.cpp:701] The server socket on [nid003725]:29500 is not yet listening (errno: 111 - Connection refused), will retry.
[W socket.cpp:701] The server socket on [nid003725]:29500 is not yet listening (errno: 111 - Connection refused), will retry.
[W socket.cpp:701] The server socket on [nid003725]:29500 is not yet listening (errno: 111 - Connection refused), will retry.
[W socket.cpp:701] The server socket on [nid003725]:29500 is not yet listening (errno: 111 - Connection refused), will retry.
[W socket.cpp:701] The server socket on [nid003725]:29500 is not yet listening (errno: 111 - Connection refused), will retry.
[W socket.cpp:701] The server socket on [nid003725]:29500 is not yet listening (errno: 111 - Connection refused), will retry.
[W socket.cpp:701] The server socket on [nid003725]:29500 is not yet listening (errno: 111 - Connection refused), will retry.
[W socket.cpp:701] The server socket on [nid003725]:29500 is not yet listening (errno: 111 - Connection refused), will retry.
[W socket.cpp:701] The server socket on [nid003725]:29500 is not yet listening (errno: 111 - Connection refused), will retry.
[W socket.cpp:701] The server socket on [nid003725]:29500 is not yet listening (errno: 111 - Connection refused), will retry.
[W socket.cpp:701] The server socket on [nid003725]:29500 is not yet listening (errno: 111 - Connection refused), will retry.
[W socket.cpp:701] The server socket on [nid003725]:29500 is not yet listening (errno: 111 - Connection refused), will retry.
[W socket.cpp:701] The server socket on [nid003725]:29500 is not yet listening (errno: 111 - Connection refused), will retry.
2022-07-29 13:43:52,437 - torch.distributed.distributed_c10d - INFO - Added key: store_based_barrier_key:1 to store for rank: 3
2022-07-29 13:43:52,440 - torch.distributed.distributed_c10d - INFO - Added key: store_based_barrier_key:1 to store for rank: 2
2022-07-29 13:43:52,441 - torch.distributed.distributed_c10d - INFO - Added key: store_based_barrier_key:1 to store for rank: 1
2022-07-29 13:43:52,752 - torch.distributed.distributed_c10d - INFO - Added key: store_based_barrier_key:1 to store for rank: 4
2022-07-29 13:43:52,753 - torch.distributed.distributed_c10d - INFO - Added key: store_based_barrier_key:1 to store for rank: 6
2022-07-29 13:43:52,754 - torch.distributed.distributed_c10d - INFO - Added key: store_based_barrier_key:1 to store for rank: 5
2022-07-29 13:43:52,754 - torch.distributed.distributed_c10d - INFO - Added key: store_based_barrier_key:1 to store for rank: 7
2022-07-29 13:43:52,827 - torch.distributed.distributed_c10d - INFO - Added key: store_based_barrier_key:1 to store for rank: 11
2022-07-29 13:43:52,834 - torch.distributed.distributed_c10d - INFO - Added key: store_based_barrier_key:1 to store for rank: 8
2022-07-29 13:43:52,837 - torch.distributed.distributed_c10d - INFO - Added key: store_based_barrier_key:1 to store for rank: 9
2022-07-29 13:43:52,838 - torch.distributed.distributed_c10d - INFO - Added key: store_based_barrier_key:1 to store for rank: 10
2022-07-29 13:43:53,242 - torch.distributed.distributed_c10d - INFO - Added key: store_based_barrier_key:1 to store for rank: 0
2022-07-29 13:43:53,415 - torch.distributed.distributed_c10d - INFO - Added key: store_based_barrier_key:1 to store for rank: 15
2022-07-29 13:43:53,420 - torch.distributed.distributed_c10d - INFO - Added key: store_based_barrier_key:1 to store for rank: 13
2022-07-29 13:43:53,421 - torch.distributed.distributed_c10d - INFO - Added key: store_based_barrier_key:1 to store for rank: 12
2022-07-29 13:43:53,422 - torch.distributed.distributed_c10d - INFO - Added key: store_based_barrier_key:1 to store for rank: 14
2022-07-29 13:43:53,422 - torch.distributed.distributed_c10d - INFO - Rank 14: Completed store-based barrier for key:store_based_barrier_key:1 with 16 nodes.
2022-07-29 13:43:53,423 - torch.distributed.distributed_c10d - INFO - Rank 3: Completed store-based barrier for key:store_based_barrier_key:1 with 16 nodes.
2022-07-29 13:43:53,424 - torch.distributed.distributed_c10d - INFO - Rank 0: Completed store-based barrier for key:store_based_barrier_key:1 with 16 nodes.
2022-07-29 13:43:53,425 - torch.distributed.distributed_c10d - INFO - Rank 15: Completed store-based barrier for key:store_based_barrier_key:1 with 16 nodes.
2022-07-29 13:43:53,426 - torch.distributed.distributed_c10d - INFO - Rank 6: Completed store-based barrier for key:store_based_barrier_key:1 with 16 nodes.
2022-07-29 13:43:53,427 - torch.distributed.distributed_c10d - INFO - Rank 7: Completed store-based barrier for key:store_based_barrier_key:1 with 16 nodes.
2022-07-29 13:43:53,427 - torch.distributed.distributed_c10d - INFO - Rank 2: Completed store-based barrier for key:store_based_barrier_key:1 with 16 nodes.
2022-07-29 13:43:53,427 - torch.distributed.distributed_c10d - INFO - Rank 8: Completed store-based barrier for key:store_based_barrier_key:1 with 16 nodes.
2022-07-29 13:43:53,428 - torch.distributed.distributed_c10d - INFO - Rank 1: Completed store-based barrier for key:store_based_barrier_key:1 with 16 nodes.
2022-07-29 13:43:53,429 - torch.distributed.distributed_c10d - INFO - Rank 9: Completed store-based barrier for key:store_based_barrier_key:1 with 16 nodes.
2022-07-29 13:43:53,430 - torch.distributed.distributed_c10d - INFO - Rank 5: Completed store-based barrier for key:store_based_barrier_key:1 with 16 nodes.
2022-07-29 13:43:53,430 - torch.distributed.distributed_c10d - INFO - Rank 11: Completed store-based barrier for key:store_based_barrier_key:1 with 16 nodes.
2022-07-29 13:43:53,431 - torch.distributed.distributed_c10d - INFO - Rank 13: Completed store-based barrier for key:store_based_barrier_key:1 with 16 nodes.
2022-07-29 13:43:53,431 - torch.distributed.distributed_c10d - INFO - Rank 10: Completed store-based barrier for key:store_based_barrier_key:1 with 16 nodes.
2022-07-29 13:43:53,431 - torch.distributed.distributed_c10d - INFO - Rank 12: Completed store-based barrier for key:store_based_barrier_key:1 with 16 nodes.
2022-07-29 13:43:53,432 - torch.distributed.distributed_c10d - INFO - Rank 4: Completed store-based barrier for key:store_based_barrier_key:1 with 16 nodes.
2022-07-29 13:43:53,443 - root - INFO - ------------------ Configuration ------------------
2022-07-29 13:43:53,443 - root - INFO - Configuration file: /global/u1/c/cjacobus/Nyx-TSIT/config/tsit.yaml
2022-07-29 13:43:53,443 - root - INFO - Configuration name: valid_L1_128
2022-07-29 13:43:53,443 - root - INFO - Nsamples 8192
2022-07-29 13:43:53,443 - root - INFO - Nsamples_val 512
2022-07-29 13:43:53,443 - root - INFO - niter 100
2022-07-29 13:43:53,443 - root - INFO - niter_decay 50
2022-07-29 13:43:53,443 - root - INFO - use_spec_loss False
2022-07-29 13:43:53,443 - root - INFO - lambda_spec 0.0
2022-07-29 13:43:53,443 - root - INFO - use_l1_loss True
2022-07-29 13:43:53,443 - root - INFO - lambda_l1 300.0
2022-07-29 13:43:53,443 - root - INFO - data_size 128
2022-07-29 13:43:53,443 - root - INFO - train_path /pscratch/sd/c/cjacobus/Nyx_512/train_s1_512_invar3_hydro.h5
2022-07-29 13:43:53,443 - root - INFO - val_path /pscratch/sd/c/cjacobus/Nyx_512/valid_s2_512_invar3_hydro.h5
2022-07-29 13:43:53,443 - root - INFO - num_data_workers 16
2022-07-29 13:43:53,443 - root - INFO - in_channels [0, 1, 2, 3, 17, 18, 19]
2022-07-29 13:43:53,443 - root - INFO - out_channels [0]
2022-07-29 13:43:53,443 - root - INFO - min_path /pscratch/sd/s/shas1693/data/era5/mins.npy
2022-07-29 13:43:53,443 - root - INFO - max_path /pscratch/sd/s/shas1693/data/era5/maxs.npy
2022-07-29 13:43:53,443 - root - INFO - time_means_path /pscratch/sd/s/shas1693/data/era5/time_means.npy
2022-07-29 13:43:53,443 - root - INFO - global_means_path /pscratch/sd/s/shas1693/data/era5/global_means.npy
2022-07-29 13:43:53,443 - root - INFO - global_stds_path /pscratch/sd/s/shas1693/data/era5/global_stds.npy
2022-07-29 13:43:53,443 - root - INFO - precip /pscratch/sd/p/pharring/ERA5/precip/total_precipitation
2022-07-29 13:43:53,443 - root - INFO - precip_eps 1e-05
2022-07-29 13:43:53,443 - root - INFO - dt 1
2022-07-29 13:43:53,443 - root - INFO - n_history 0
2022-07-29 13:43:53,443 - root - INFO - crop_size_x None
2022-07-29 13:43:53,443 - root - INFO - crop_size_y None
2022-07-29 13:43:53,443 - root - INFO - roll False
2022-07-29 13:43:53,443 - root - INFO - conttime False
2022-07-29 13:43:53,443 - root - INFO - normalization zscore
2022-07-29 13:43:53,443 - root - INFO - add_grid False
2022-07-29 13:43:53,443 - root - INFO - model pix2pix
2022-07-29 13:43:53,443 - root - INFO - norm_G spectralfadebatch3x3
2022-07-29 13:43:53,443 - root - INFO - norm_D spectralinstance
2022-07-29 13:43:53,443 - root - INFO - norm_S spectralinstance
2022-07-29 13:43:53,443 - root - INFO - norm_E spectralinstance
2022-07-29 13:43:53,443 - root - INFO - batch_size 16
2022-07-29 13:43:53,443 - root - INFO - img_size [512, 512, 512]
2022-07-29 13:43:53,443 - root - INFO - box_size [512, 512, 512]
2022-07-29 13:43:53,443 - root - INFO - input_nc 5
2022-07-29 13:43:53,443 - root - INFO - output_nc 5
2022-07-29 13:43:53,443 - root - INFO - netG tsit
2022-07-29 13:43:53,443 - root - INFO - ngf 64
2022-07-29 13:43:53,443 - root - INFO - init_type xavier
2022-07-29 13:43:53,443 - root - INFO - init_variance 0.02
2022-07-29 13:43:53,444 - root - INFO - z_dim 256
2022-07-29 13:43:53,444 - root - INFO - alpha 1.0
2022-07-29 13:43:53,444 - root - INFO - no_ss True
2022-07-29 13:43:53,444 - root - INFO - downsamp True
2022-07-29 13:43:53,444 - root - INFO - num_upsampling_blocks 6
2022-07-29 13:43:53,444 - root - INFO - use_periodic_padding True
2022-07-29 13:43:53,444 - root - INFO - additive_noise False
2022-07-29 13:43:53,444 - root - INFO - nef 16
2022-07-29 13:43:53,444 - root - INFO - use_vae False
2022-07-29 13:43:53,444 - root - INFO - optimizer adam
2022-07-29 13:43:53,444 - root - INFO - beta1 0.5
2022-07-29 13:43:53,444 - root - INFO - beta2 0.999
2022-07-29 13:43:53,444 - root - INFO - lr 0.0002
2022-07-29 13:43:53,444 - root - INFO - D_steps_per_G 1
2022-07-29 13:43:53,444 - root - INFO - ndf 64
2022-07-29 13:43:53,444 - root - INFO - lambda_feat 0.5
2022-07-29 13:43:53,444 - root - INFO - no_ganFeat_loss False
2022-07-29 13:43:53,444 - root - INFO - gan_mode hinge
2022-07-29 13:43:53,444 - root - INFO - netD multiscale
2022-07-29 13:43:53,444 - root - INFO - num_D 2
2022-07-29 13:43:53,444 - root - INFO - n_layers_D 4
2022-07-29 13:43:53,444 - root - INFO - no_TTUR True
2022-07-29 13:43:53,444 - root - INFO - lambda_kld 0.05
2022-07-29 13:43:53,444 - root - INFO - cat_inp False
2022-07-29 13:43:53,444 - root - INFO - entity weatherbenching
2022-07-29 13:43:53,444 - root - INFO - project Nyx-TSIT
2022-07-29 13:43:53,444 - root - INFO - log_to_wandb True
2022-07-29 13:43:53,444 - root - INFO - log_to_screen True
2022-07-29 13:43:53,444 - root - INFO - save_checkpoint True
2022-07-29 13:43:53,444 - root - INFO - weight_init ordereddict([('conv_init', 'normal'), ('conv_scale', 0.02), ('conv_bias', 0.0)])
2022-07-29 13:43:53,444 - root - INFO - lambda_rho 0
2022-07-29 13:43:53,444 - root - INFO - full_scale True
2022-07-29 13:43:53,444 - root - INFO - global_batch_size 64
2022-07-29 13:43:53,444 - root - INFO - base_batch_size 64
2022-07-29 13:43:53,444 - root - INFO - num_epochs 60
2022-07-29 13:43:53,444 - root - INFO - enable_amp False
2022-07-29 13:43:53,444 - root - INFO - enable_apex False
2022-07-29 13:43:53,444 - root - INFO - enable_benchy False
2022-07-29 13:43:53,444 - root - INFO - enable_jit False
2022-07-29 13:43:53,444 - root - INFO - expdir /logs
2022-07-29 13:43:53,444 - root - INFO - lr_schedule ordereddict([('scaling', 'sqrt'), ('start_lr', 0.0002), ('end_lr', 0.0), ('warmup_steps', 128)])
2022-07-29 13:43:53,444 - root - INFO - data_loader_config lowmem
2022-07-29 13:43:53,444 - root - INFO - N_out_channels 5
2022-07-29 13:43:53,444 - root - INFO - N_in_channels 5
2022-07-29 13:43:53,444 - root - INFO - use_cache None
2022-07-29 13:43:53,444 - root - INFO - ---------------------------------------------------
log_to_wandb -------------------------------------------------------------------
dir exists: /pscratch/sd/c/cjacobus/tsit/expts/valid_L1_128/checkpoints/
2022-07-29 13:43:53,446 - root - INFO - rank 2, begin data loader init
2022-07-29 13:43:53,446 - root - INFO - rank 3, begin data loader init
2022-07-29 13:43:53,446 - root - INFO - rank 1, begin data loader init
2022-07-29 13:43:53,446 - root - INFO - rank 2, data loader initialized
2022-07-29 13:43:53,446 - root - INFO - rank 3, data loader initialized
2022-07-29 13:43:53,446 - root - INFO - rank 1, data loader initialized
2022-07-29 13:43:53,447 - root - INFO - rank 15, begin data loader init
2022-07-29 13:43:53,448 - root - INFO - rank 15, data loader initialized
2022-07-29 13:43:53,448 - root - INFO - rank 14, begin data loader init
2022-07-29 13:43:53,448 - root - INFO - rank 12, begin data loader init
2022-07-29 13:43:53,448 - root - INFO - rank 13, begin data loader init
2022-07-29 13:43:53,448 - root - INFO - rank 14, data loader initialized
2022-07-29 13:43:53,448 - root - INFO - rank 12, data loader initialized
2022-07-29 13:43:53,448 - root - INFO - rank 13, data loader initialized
2022-07-29 13:43:53,449 - root - INFO - rank 4, begin data loader init
2022-07-29 13:43:53,449 - root - INFO - rank 5, begin data loader init
2022-07-29 13:43:53,449 - root - INFO - rank 7, begin data loader init
2022-07-29 13:43:53,449 - root - INFO - rank 6, begin data loader init
2022-07-29 13:43:53,449 - root - INFO - rank 5, data loader initialized
2022-07-29 13:43:53,449 - root - INFO - rank 7, data loader initialized
2022-07-29 13:43:53,449 - root - INFO - rank 4, data loader initialized
2022-07-29 13:43:53,449 - root - INFO - rank 6, data loader initialized
2022-07-29 13:43:53,450 - root - INFO - rank 9, begin data loader init
2022-07-29 13:43:53,450 - root - INFO - rank 11, begin data loader init
2022-07-29 13:43:53,450 - root - INFO - rank 8, begin data loader init
2022-07-29 13:43:53,450 - root - INFO - rank 10, begin data loader init
2022-07-29 13:43:53,450 - root - INFO - rank 9, data loader initialized
2022-07-29 13:43:53,450 - root - INFO - rank 11, data loader initialized
2022-07-29 13:43:53,450 - root - INFO - rank 8, data loader initialized
2022-07-29 13:43:53,450 - root - INFO - rank 10, data loader initialized
wandb: Currently logged in as: cjacobus (use `wandb login --relogin` to force relogin)
wandb: wandb version 0.12.21 is available!  To upgrade, please run:
wandb:  $ pip install wandb --upgrade
wandb: Tracking run with wandb version 0.12.13
wandb: Run data is saved locally in /pscratch/sd/c/cjacobus/tsit/expts/valid_L1_128/wandb/run-20220729_134354-2598lsya
wandb: Run `wandb offline` to turn off syncing.
wandb: Resuming run valid_L1_128
wandb: ⭐️ View project at https://wandb.ai/weatherbenching/Nyx-TSIT
wandb: 🚀 View run at https://wandb.ai/weatherbenching/Nyx-TSIT/runs/2598lsya
checking dir: /pscratch/sd/c/cjacobus/tsit/expts/valid_L1_128/checkpoints/
dir exists: /pscratch/sd/c/cjacobus/tsit/expts/valid_L1_128/checkpoints/
2022-07-29 13:43:54,741 - root - INFO - rank 0, begin data loader init
2022-07-29 13:43:54,741 - root - INFO - rank 0, data loader initialized
Network [TSITGenerator] was created. Total number of parameters: 934.7 million. To see the architecture, do print(network).
Network [TSITGenerator] was created. Total number of parameters: 934.7 million. To see the architecture, do print(network).
Network [TSITGenerator] was created. Total number of parameters: 934.7 million. To see the architecture, do print(network).
Network [TSITGenerator] was created. Total number of parameters: 934.7 million. To see the architecture, do print(network).
Network [TSITGenerator] was created. Total number of parameters: 934.7 million. To see the architecture, do print(network).
Network [TSITGenerator] was created. Total number of parameters: 934.7 million. To see the architecture, do print(network).
Network [TSITGenerator] was created. Total number of parameters: 934.7 million. To see the architecture, do print(network).
Network [TSITGenerator] was created. Total number of parameters: 934.7 million. To see the architecture, do print(network).
Network [TSITGenerator] was created. Total number of parameters: 934.7 million. To see the architecture, do print(network).
Network [TSITGenerator] was created. Total number of parameters: 934.7 million. To see the architecture, do print(network).
Network [TSITGenerator] was created. Total number of parameters: 934.7 million. To see the architecture, do print(network).
Network [TSITGenerator] was created. Total number of parameters: 934.7 million. To see the architecture, do print(network).
Network [TSITGenerator] was created. Total number of parameters: 934.7 million. To see the architecture, do print(network).
Network [TSITGenerator] was created. Total number of parameters: 934.7 million. To see the architecture, do print(network).
Network [TSITGenerator] was created. Total number of parameters: 934.7 million. To see the architecture, do print(network).
Network [TSITGenerator] was created. Total number of parameters: 934.7 million. To see the architecture, do print(network).
Network [MultiscaleDiscriminator] was created. Total number of parameters: 22.1 million. To see the architecture, do print(network).
Network [MultiscaleDiscriminator] was created. Total number of parameters: 22.1 million. To see the architecture, do print(network).
Network [MultiscaleDiscriminator] was created. Total number of parameters: 22.1 million. To see the architecture, do print(network).
Network [MultiscaleDiscriminator] was created. Total number of parameters: 22.1 million. To see the architecture, do print(network).
Network [MultiscaleDiscriminator] was created. Total number of parameters: 22.1 million. To see the architecture, do print(network).
Network [MultiscaleDiscriminator] was created. Total number of parameters: 22.1 million. To see the architecture, do print(network).
Network [MultiscaleDiscriminator] was created. Total number of parameters: 22.1 million. To see the architecture, do print(network).
Network [MultiscaleDiscriminator] was created. Total number of parameters: 22.1 million. To see the architecture, do print(network).
Network [MultiscaleDiscriminator] was created. Total number of parameters: 22.1 million. To see the architecture, do print(network).
Network [MultiscaleDiscriminator] was created. Total number of parameters: 22.1 million. To see the architecture, do print(network).
Network [MultiscaleDiscriminator] was created. Total number of parameters: 22.1 million. To see the architecture, do print(network).
Network [MultiscaleDiscriminator] was created. Total number of parameters: 22.1 million. To see the architecture, do print(network).
Network [MultiscaleDiscriminator] was created. Total number of parameters: 22.1 million. To see the architecture, do print(network).
Network [MultiscaleDiscriminator] was created. Total number of parameters: 22.1 million. To see the architecture, do print(network).
Network [MultiscaleDiscriminator] was created. Total number of parameters: 22.1 million. To see the architecture, do print(network).
Network [MultiscaleDiscriminator] was created. Total number of parameters: 22.1 million. To see the architecture, do print(network).
2022-07-29 13:44:15,013 - root - INFO - Loading checkpoint /pscratch/sd/c/cjacobus/tsit/expts/valid_L1_128/checkpoints/ckpt.tar
2022-07-29 13:44:15,013 - root - INFO - Loading checkpoint /pscratch/sd/c/cjacobus/tsit/expts/valid_L1_128/checkpoints/ckpt.tar
2022-07-29 13:44:15,014 - root - INFO - Loading checkpoint /pscratch/sd/c/cjacobus/tsit/expts/valid_L1_128/checkpoints/ckpt.tar
2022-07-29 13:44:15,015 - root - INFO - Loading checkpoint /pscratch/sd/c/cjacobus/tsit/expts/valid_L1_128/checkpoints/ckpt.tar
2022-07-29 13:44:15,016 - root - INFO - Loading checkpoint /pscratch/sd/c/cjacobus/tsit/expts/valid_L1_128/checkpoints/ckpt.tar
2022-07-29 13:44:15,016 - root - INFO - Loading checkpoint /pscratch/sd/c/cjacobus/tsit/expts/valid_L1_128/checkpoints/ckpt.tar
2022-07-29 13:44:15,017 - root - INFO - Loading checkpoint /pscratch/sd/c/cjacobus/tsit/expts/valid_L1_128/checkpoints/ckpt.tar
2022-07-29 13:44:15,018 - root - INFO - Loading checkpoint /pscratch/sd/c/cjacobus/tsit/expts/valid_L1_128/checkpoints/ckpt.tar
2022-07-29 13:44:15,018 - root - INFO - Loading checkpoint /pscratch/sd/c/cjacobus/tsit/expts/valid_L1_128/checkpoints/ckpt.tar
2022-07-29 13:44:15,019 - root - INFO - Loading checkpoint /pscratch/sd/c/cjacobus/tsit/expts/valid_L1_128/checkpoints/ckpt.tar
2022-07-29 13:44:15,020 - root - INFO - Loading checkpoint /pscratch/sd/c/cjacobus/tsit/expts/valid_L1_128/checkpoints/ckpt.tar
2022-07-29 13:44:15,020 - root - INFO - Loading checkpoint /pscratch/sd/c/cjacobus/tsit/expts/valid_L1_128/checkpoints/ckpt.tar
2022-07-29 13:44:15,021 - root - INFO - Loading checkpoint /pscratch/sd/c/cjacobus/tsit/expts/valid_L1_128/checkpoints/ckpt.tar
2022-07-29 13:44:15,021 - root - INFO - Loading checkpoint /pscratch/sd/c/cjacobus/tsit/expts/valid_L1_128/checkpoints/ckpt.tar
2022-07-29 13:44:15,021 - root - INFO - Loading checkpoint /pscratch/sd/c/cjacobus/tsit/expts/valid_L1_128/checkpoints/ckpt.tar
2022-07-29 13:44:15,021 - root - INFO - Loading checkpoint /pscratch/sd/c/cjacobus/tsit/expts/valid_L1_128/checkpoints/ckpt.tar
2022-07-29 13:44:22,017 - root - INFO - Starting Training Loop...
[W reducer.cpp:1282] Warning: find_unused_parameters=True was specified in DDP constructor, but did not find any unused parameters in the forward pass. This flag results in an extra traversal of the autograd graph every iteration,  which can adversely affect performance. If your model indeed never has any unused parameters in the forward pass, consider turning this flag off. Note that this warning may be a false positive if your model has flow control causing later iterations to have unused parameters. (function operator())
[W reducer.cpp:1282] Warning: find_unused_parameters=True was specified in DDP constructor, but did not find any unused parameters in the forward pass. This flag results in an extra traversal of the autograd graph every iteration,  which can adversely affect performance. If your model indeed never has any unused parameters in the forward pass, consider turning this flag off. Note that this warning may be a false positive if your model has flow control causing later iterations to have unused parameters. (function operator())
[W reducer.cpp:1282] Warning: find_unused_parameters=True was specified in DDP constructor, but did not find any unused parameters in the forward pass. This flag results in an extra traversal of the autograd graph every iteration,  which can adversely affect performance. If your model indeed never has any unused parameters in the forward pass, consider turning this flag off. Note that this warning may be a false positive if your model has flow control causing later iterations to have unused parameters. (function operator())
[W reducer.cpp:1282] Warning: find_unused_parameters=True was specified in DDP constructor, but did not find any unused parameters in the forward pass. This flag results in an extra traversal of the autograd graph every iteration,  which can adversely affect performance. If your model indeed never has any unused parameters in the forward pass, consider turning this flag off. Note that this warning may be a false positive if your model has flow control causing later iterations to have unused parameters. (function operator())
[W reducer.cpp:1282] Warning: find_unused_parameters=True was specified in DDP constructor, but did not find any unused parameters in the forward pass. This flag results in an extra traversal of the autograd graph every iteration,  which can adversely affect performance. If your model indeed never has any unused parameters in the forward pass, consider turning this flag off. Note that this warning may be a false positive if your model has flow control causing later iterations to have unused parameters. (function operator())
[W reducer.cpp:1282] Warning: find_unused_parameters=True was specified in DDP constructor, but did not find any unused parameters in the forward pass. This flag results in an extra traversal of the autograd graph every iteration,  which can adversely affect performance. If your model indeed never has any unused parameters in the forward pass, consider turning this flag off. Note that this warning may be a false positive if your model has flow control causing later iterations to have unused parameters. (function operator())
[W reducer.cpp:1282] Warning: find_unused_parameters=True was specified in DDP constructor, but did not find any unused parameters in the forward pass. This flag results in an extra traversal of the autograd graph every iteration,  which can adversely affect performance. If your model indeed never has any unused parameters in the forward pass, consider turning this flag off. Note that this warning may be a false positive if your model has flow control causing later iterations to have unused parameters. (function operator())
[W reducer.cpp:1282] Warning: find_unused_parameters=True was specified in DDP constructor, but did not find any unused parameters in the forward pass. This flag results in an extra traversal of the autograd graph every iteration,  which can adversely affect performance. If your model indeed never has any unused parameters in the forward pass, consider turning this flag off. Note that this warning may be a false positive if your model has flow control causing later iterations to have unused parameters. (function operator())
[W reducer.cpp:1282] Warning: find_unused_parameters=True was specified in DDP constructor, but did not find any unused parameters in the forward pass. This flag results in an extra traversal of the autograd graph every iteration,  which can adversely affect performance. If your model indeed never has any unused parameters in the forward pass, consider turning this flag off. Note that this warning may be a false positive if your model has flow control causing later iterations to have unused parameters. (function operator())
[W reducer.cpp:1282] Warning: find_unused_parameters=True was specified in DDP constructor, but did not find any unused parameters in the forward pass. This flag results in an extra traversal of the autograd graph every iteration,  which can adversely affect performance. If your model indeed never has any unused parameters in the forward pass, consider turning this flag off. Note that this warning may be a false positive if your model has flow control causing later iterations to have unused parameters. (function operator())
[W reducer.cpp:1282] Warning: find_unused_parameters=True was specified in DDP constructor, but did not find any unused parameters in the forward pass. This flag results in an extra traversal of the autograd graph every iteration,  which can adversely affect performance. If your model indeed never has any unused parameters in the forward pass, consider turning this flag off. Note that this warning may be a false positive if your model has flow control causing later iterations to have unused parameters. (function operator())
[W reducer.cpp:1282] Warning: find_unused_parameters=True was specified in DDP constructor, but did not find any unused parameters in the forward pass. This flag results in an extra traversal of the autograd graph every iteration,  which can adversely affect performance. If your model indeed never has any unused parameters in the forward pass, consider turning this flag off. Note that this warning may be a false positive if your model has flow control causing later iterations to have unused parameters. (function operator())
[W reducer.cpp:1282] Warning: find_unused_parameters=True was specified in DDP constructor, but did not find any unused parameters in the forward pass. This flag results in an extra traversal of the autograd graph every iteration,  which can adversely affect performance. If your model indeed never has any unused parameters in the forward pass, consider turning this flag off. Note that this warning may be a false positive if your model has flow control causing later iterations to have unused parameters. (function operator())
[W reducer.cpp:1282] Warning: find_unused_parameters=True was specified in DDP constructor, but did not find any unused parameters in the forward pass. This flag results in an extra traversal of the autograd graph every iteration,  which can adversely affect performance. If your model indeed never has any unused parameters in the forward pass, consider turning this flag off. Note that this warning may be a false positive if your model has flow control causing later iterations to have unused parameters. (function operator())
[W reducer.cpp:1282] Warning: find_unused_parameters=True was specified in DDP constructor, but did not find any unused parameters in the forward pass. This flag results in an extra traversal of the autograd graph every iteration,  which can adversely affect performance. If your model indeed never has any unused parameters in the forward pass, consider turning this flag off. Note that this warning may be a false positive if your model has flow control causing later iterations to have unused parameters. (function operator())
[W reducer.cpp:1282] Warning: find_unused_parameters=True was specified in DDP constructor, but did not find any unused parameters in the forward pass. This flag results in an extra traversal of the autograd graph every iteration,  which can adversely affect performance. If your model indeed never has any unused parameters in the forward pass, consider turning this flag off. Note that this warning may be a false positive if your model has flow control causing later iterations to have unused parameters. (function operator())
generator made step 0
discriminator made step 0
generator made step 16
discriminator made step 16
generator made step 32
discriminator made step 32
generator made step 48
discriminator made step 48
generator made step 64
discriminator made step 64
generator made step 80
discriminator made step 80
generator made step 96
discriminator made step 96
generator made step 112
discriminator made step 112
generator made step 128
discriminator made step 128
generator made step 144
discriminator made step 144
generator made step 160
discriminator made step 160
generator made step 176
discriminator made step 176
generator made step 192
discriminator made step 192
generator made step 208
discriminator made step 208
generator made step 224
discriminator made step 224
generator made step 240
discriminator made step 240
generator made step 256
discriminator made step 256
generator made step 272
discriminator made step 272
generator made step 288
discriminator made step 288
generator made step 304
discriminator made step 304
generator made step 320
discriminator made step 320
generator made step 336
discriminator made step 336
generator made step 352
discriminator made step 352
generator made step 368
discriminator made step 368
generator made step 384
discriminator made step 384
generator made step 400
discriminator made step 400
generator made step 416
discriminator made step 416
generator made step 432
discriminator made step 432
generator made step 448
discriminator made step 448
generator made step 464
discriminator made step 464
generator made step 480
discriminator made step 480
generator made step 496
discriminator made step 496
2022-07-29 13:52:11,381 - root - INFO - Total=469.363348, G=371.598578, D=92.373144, data=1.645302, next=3.746325
2022-07-29 13:52:18,352 - root - INFO - Total=6.969742, G=0.473181, data=3.213837, acc=1.425203, agg=0.130935, next=1.726586
saving checkpoint...
2022-07-29 13:52:31,769 - root - INFO - Time taken for epoch 22 is 489.75169014930725 sec
2022-07-29 13:52:31,769 - root - INFO - Train time = 469.3633482456207, Valid time = 6.969742059707642
2022-07-29 13:52:31,769 - root - INFO - G losses = {'GAN': 3.0426344871520996, 'GAN_Feat': 0.5908570289611816, 'L1': 14.827653884887695}
2022-07-29 13:52:31,769 - root - INFO - D losses = {'D_Fake': 0.015352584421634674, 'D_real': 0.08229061216115952}
generator made step 0
discriminator made step 0
generator made step 16
discriminator made step 16
generator made step 32
discriminator made step 32
generator made step 48
discriminator made step 48
generator made step 64
discriminator made step 64
generator made step 80
discriminator made step 80
generator made step 96
discriminator made step 96
generator made step 112
discriminator made step 112
generator made step 128
discriminator made step 128
generator made step 144
discriminator made step 144
generator made step 160
discriminator made step 160
generator made step 176
discriminator made step 176
generator made step 192
discriminator made step 192
generator made step 208
discriminator made step 208
generator made step 224
discriminator made step 224
generator made step 240
discriminator made step 240
generator made step 256
discriminator made step 256
generator made step 272
discriminator made step 272
generator made step 288
discriminator made step 288
generator made step 304
discriminator made step 304
generator made step 320
discriminator made step 320
generator made step 336
discriminator made step 336
generator made step 352
discriminator made step 352
generator made step 368
discriminator made step 368
generator made step 384
discriminator made step 384
generator made step 400
discriminator made step 400
generator made step 416
discriminator made step 416
generator made step 432
discriminator made step 432
generator made step 448
discriminator made step 448
generator made step 464
discriminator made step 464
generator made step 480
discriminator made step 480
generator made step 496
discriminator made step 496
2022-07-29 13:59:53,981 - root - INFO - Total=442.210436, G=346.834172, D=92.541523, data=1.630590, next=1.204151
2022-07-29 13:59:59,832 - root - INFO - Total=5.850161, G=0.449350, data=3.262566, acc=0.013959, agg=0.183767, next=1.940520
saving checkpoint...
2022-07-29 14:00:12,262 - root - INFO - Time taken for epoch 23 is 460.49253249168396 sec
2022-07-29 14:00:12,262 - root - INFO - Train time = 442.21043634414673, Valid time = 5.85016131401062
2022-07-29 14:00:12,262 - root - INFO - G losses = {'GAN': 4.335776329040527, 'GAN_Feat': 0.6106129884719849, 'L1': 16.807777404785156}
2022-07-29 14:00:12,262 - root - INFO - D losses = {'D_Fake': 2.310554737050552e-05, 'D_real': 0.0020544384606182575}
generator made step 0
discriminator made step 0
generator made step 16
discriminator made step 16
generator made step 32
discriminator made step 32
generator made step 48
discriminator made step 48
generator made step 64
discriminator made step 64
generator made step 80
discriminator made step 80
generator made step 96
discriminator made step 96
generator made step 112
discriminator made step 112
generator made step 128
discriminator made step 128
generator made step 144
discriminator made step 144
generator made step 160
discriminator made step 160
generator made step 176
discriminator made step 176
generator made step 192
discriminator made step 192
generator made step 208
discriminator made step 208
generator made step 224
discriminator made step 224
generator made step 240
discriminator made step 240
generator made step 256
discriminator made step 256
generator made step 272
discriminator made step 272
generator made step 288
discriminator made step 288
generator made step 304
discriminator made step 304
generator made step 320
discriminator made step 320
generator made step 336
discriminator made step 336
generator made step 352
discriminator made step 352
generator made step 368
discriminator made step 368
generator made step 384
discriminator made step 384
generator made step 400
discriminator made step 400
generator made step 416
discriminator made step 416
generator made step 432
discriminator made step 432
generator made step 448
discriminator made step 448
generator made step 464
discriminator made step 464
generator made step 480
discriminator made step 480
generator made step 496
discriminator made step 496
2022-07-29 14:07:34,448 - root - INFO - Total=442.185121, G=347.047262, D=92.508592, data=1.634030, next=0.995237
2022-07-29 14:07:39,765 - root - INFO - Total=5.315763, G=0.515887, data=3.138548, acc=0.008223, agg=0.130093, next=1.523011
saving checkpoint...
2022-07-29 14:07:52,152 - root - INFO - Time taken for epoch 24 is 459.88941740989685 sec
2022-07-29 14:07:52,152 - root - INFO - Train time = 442.1851210594177, Valid time = 5.315762758255005
2022-07-29 14:07:52,152 - root - INFO - G losses = {'GAN': 2.213168144226074, 'GAN_Feat': 0.574934184551239, 'L1': 15.784028053283691}
2022-07-29 14:07:52,152 - root - INFO - D losses = {'D_Fake': 0.7039472460746765, 'D_real': 0.00037731832708232105}
generator made step 0
discriminator made step 0
generator made step 16
discriminator made step 16
generator made step 32
discriminator made step 32
generator made step 48
discriminator made step 48
generator made step 64
discriminator made step 64
generator made step 80
discriminator made step 80
generator made step 96
discriminator made step 96
generator made step 112
discriminator made step 112
generator made step 128
discriminator made step 128
generator made step 144
discriminator made step 144
generator made step 160
discriminator made step 160
generator made step 176
discriminator made step 176
generator made step 192
discriminator made step 192
generator made step 208
discriminator made step 208
generator made step 224
discriminator made step 224
generator made step 240
discriminator made step 240
generator made step 256
discriminator made step 256
generator made step 272
discriminator made step 272
generator made step 288
discriminator made step 288
generator made step 304
discriminator made step 304
generator made step 320
discriminator made step 320
generator made step 336
discriminator made step 336
generator made step 352
discriminator made step 352
generator made step 368
discriminator made step 368
generator made step 384
discriminator made step 384
generator made step 400
discriminator made step 400
generator made step 416
discriminator made step 416
generator made step 432
discriminator made step 432
generator made step 448
discriminator made step 448
generator made step 464
discriminator made step 464
generator made step 480
discriminator made step 480
generator made step 496
discriminator made step 496
2022-07-29 14:15:15,494 - root - INFO - Total=443.340927, G=346.941920, D=92.460229, data=1.629298, next=2.309480
2022-07-29 14:15:20,934 - root - INFO - Total=5.439442, G=0.513581, data=3.179176, acc=0.007125, agg=0.141718, next=1.597842
saving checkpoint...
2022-07-29 14:15:33,472 - root - INFO - Time taken for epoch 25 is 461.3205816745758 sec
2022-07-29 14:15:33,473 - root - INFO - Train time = 443.34092712402344, Valid time = 5.439441680908203
2022-07-29 14:15:33,473 - root - INFO - G losses = {'GAN': 5.997584342956543, 'GAN_Feat': 0.5413610935211182, 'L1': 19.069820404052734}
2022-07-29 14:15:33,473 - root - INFO - D losses = {'D_Fake': 0.10153617709875107, 'D_real': 1.0029031038284302}
generator made step 0
discriminator made step 0
generator made step 16
discriminator made step 16
generator made step 32
discriminator made step 32
generator made step 48
discriminator made step 48
generator made step 64
discriminator made step 64
generator made step 80
discriminator made step 80
generator made step 96
discriminator made step 96
generator made step 112
discriminator made step 112
generator made step 128
discriminator made step 128
generator made step 144
discriminator made step 144
generator made step 160
discriminator made step 160
generator made step 176
discriminator made step 176
generator made step 192
discriminator made step 192
generator made step 208
discriminator made step 208
generator made step 224
discriminator made step 224
generator made step 240
discriminator made step 240
generator made step 256
discriminator made step 256
generator made step 272
discriminator made step 272
generator made step 288
discriminator made step 288
generator made step 304
discriminator made step 304
generator made step 320
discriminator made step 320
generator made step 336
discriminator made step 336
generator made step 352
discriminator made step 352
generator made step 368
discriminator made step 368
generator made step 384
discriminator made step 384
generator made step 400
discriminator made step 400
generator made step 416
discriminator made step 416
generator made step 432
discriminator made step 432
generator made step 448
discriminator made step 448
generator made step 464
discriminator made step 464
generator made step 480
discriminator made step 480
generator made step 496
discriminator made step 496
2022-07-29 14:22:55,680 - root - INFO - Total=442.205944, G=346.843430, D=92.439075, data=1.630798, next=1.292640
2022-07-29 14:23:01,197 - root - INFO - Total=5.516550, G=0.445490, data=3.269398, acc=0.006387, agg=0.133296, next=1.661980
saving checkpoint...
2022-07-29 14:23:13,504 - root - INFO - Time taken for epoch 26 is 460.03141832351685 sec
2022-07-29 14:23:13,505 - root - INFO - Train time = 442.20594358444214, Valid time = 5.516550302505493
2022-07-29 14:23:13,505 - root - INFO - G losses = {'GAN': 3.916922092437744, 'GAN_Feat': 0.5611642599105835, 'L1': 21.880529403686523}
2022-07-29 14:23:13,505 - root - INFO - D losses = {'D_Fake': 0.17000998556613922, 'D_real': 0.1839679628610611}
generator made step 0
discriminator made step 0
generator made step 16
discriminator made step 16
generator made step 32
discriminator made step 32
generator made step 48
discriminator made step 48
generator made step 64
discriminator made step 64
generator made step 80
discriminator made step 80
generator made step 96
discriminator made step 96
generator made step 112
discriminator made step 112
generator made step 128
discriminator made step 128
generator made step 144
discriminator made step 144
generator made step 160
discriminator made step 160
generator made step 176
discriminator made step 176
generator made step 192
discriminator made step 192
generator made step 208
discriminator made step 208
generator made step 224
discriminator made step 224
generator made step 240
discriminator made step 240
generator made step 256
discriminator made step 256
generator made step 272
discriminator made step 272
generator made step 288
discriminator made step 288
generator made step 304
discriminator made step 304
generator made step 320
discriminator made step 320
generator made step 336
discriminator made step 336
generator made step 352
discriminator made step 352
generator made step 368
discriminator made step 368
generator made step 384
discriminator made step 384
generator made step 400
discriminator made step 400
generator made step 416
discriminator made step 416
generator made step 432
discriminator made step 432
generator made step 448
discriminator made step 448
generator made step 464
discriminator made step 464
generator made step 480
discriminator made step 480
generator made step 496
discriminator made step 496
2022-07-29 14:30:35,515 - root - INFO - Total=442.009427, G=346.819437, D=92.431346, data=1.631009, next=1.127635
2022-07-29 14:30:41,603 - root - INFO - Total=6.087297, G=0.443073, data=3.411910, acc=0.006615, agg=0.132266, next=2.093433
saving checkpoint...
2022-07-29 14:30:53,906 - root - INFO - Time taken for epoch 27 is 460.4015254974365 sec
2022-07-29 14:30:53,906 - root - INFO - Train time = 442.0094270706177, Valid time = 6.087296962738037
2022-07-29 14:30:53,906 - root - INFO - G losses = {'GAN': 2.682154893875122, 'GAN_Feat': 0.569922149181366, 'L1': 18.638477325439453}
2022-07-29 14:30:53,906 - root - INFO - D losses = {'D_Fake': 0.016969898715615273, 'D_real': 0.07082302868366241}
generator made step 0
discriminator made step 0
generator made step 16
discriminator made step 16
generator made step 32
discriminator made step 32
generator made step 48
discriminator made step 48
generator made step 64
discriminator made step 64
generator made step 80
discriminator made step 80
generator made step 96
discriminator made step 96
generator made step 112
discriminator made step 112
generator made step 128
discriminator made step 128
generator made step 144
discriminator made step 144
generator made step 160
discriminator made step 160
generator made step 176
discriminator made step 176
generator made step 192
discriminator made step 192
generator made step 208
discriminator made step 208
generator made step 224
discriminator made step 224
generator made step 240
discriminator made step 240
generator made step 256
discriminator made step 256
generator made step 272
discriminator made step 272
generator made step 288
discriminator made step 288
generator made step 304
discriminator made step 304
generator made step 320
discriminator made step 320
generator made step 336
discriminator made step 336
generator made step 352
discriminator made step 352
generator made step 368
discriminator made step 368
generator made step 384
discriminator made step 384
generator made step 400
discriminator made step 400
generator made step 416
discriminator made step 416
generator made step 432
discriminator made step 432
generator made step 448
discriminator made step 448
generator made step 464
discriminator made step 464
generator made step 480
discriminator made step 480
generator made step 496
discriminator made step 496
2022-07-29 14:38:16,104 - root - INFO - Total=442.196471, G=346.842193, D=92.389184, data=1.630883, next=1.334211
2022-07-29 14:38:22,241 - root - INFO - Total=6.136398, G=0.455790, data=3.399713, acc=0.006753, agg=0.168670, next=2.105473
saving checkpoint...
2022-07-29 14:38:34,411 - root - INFO - Time taken for epoch 28 is 460.5041673183441 sec
2022-07-29 14:38:34,411 - root - INFO - Train time = 442.1964707374573, Valid time = 6.13639760017395
2022-07-29 14:38:34,411 - root - INFO - G losses = {'GAN': 4.291299819946289, 'GAN_Feat': 0.5814821720123291, 'L1': 20.882442474365234}
2022-07-29 14:38:34,411 - root - INFO - D losses = {'D_Fake': 0.0, 'D_real': 0.05373077839612961}
generator made step 0
discriminator made step 0
generator made step 16
discriminator made step 16
generator made step 32
discriminator made step 32
generator made step 48
discriminator made step 48
generator made step 64
discriminator made step 64
generator made step 80
discriminator made step 80
generator made step 96
discriminator made step 96
generator made step 112
discriminator made step 112
generator made step 128
discriminator made step 128
generator made step 144
discriminator made step 144
generator made step 160
discriminator made step 160
generator made step 176
discriminator made step 176
generator made step 192
discriminator made step 192
generator made step 208
discriminator made step 208
generator made step 224
discriminator made step 224
generator made step 240
discriminator made step 240
generator made step 256
discriminator made step 256
generator made step 272
discriminator made step 272
generator made step 288
discriminator made step 288
generator made step 304
discriminator made step 304
generator made step 320
discriminator made step 320
generator made step 336
srun: Job step aborted: Waiting up to 32 seconds for job step to finish.
slurmstepd: error: *** STEP 2843125.0 ON nid003725 CANCELLED AT 2022-07-29T14:43:25 DUE TO TIME LIMIT ***
slurmstepd: error: *** JOB 2843125 ON nid003725 CANCELLED AT 2022-07-29T14:43:25 DUE TO TIME LIMIT ***
discriminator made step 336
