+ srun -u shifter -V /pscratch/sd/c/cjacobus/ML_Hydro_train/logs:/logs --image=nersc/pytorch:ngc-22.03-v0 --env PYTHONUSERBASE=/global/homes/c/cjacobus/.local/perlmutter/nersc-pytorch-ngc-22.03-v0 bash -c '
    source export_DDP_vars.sh
    python train.py --root_dir=/pscratch/sd/c/cjacobus/tsit --config=full_fresh
    '
[W socket.cpp:701] The server socket on [nid002213]:29500 is not yet listening (errno: 111 - Connection refused), will retry.
[W socket.cpp:701] The server socket on [nid002213]:29500 is not yet listening (errno: 111 - Connection refused), will retry.
[W socket.cpp:701] The server socket on [nid002213]:29500 is not yet listening (errno: 111 - Connection refused), will retry.
[W socket.cpp:701] The server socket on [nid002213]:29500 is not yet listening (errno: 111 - Connection refused), will retry.
[W socket.cpp:701] The server socket on [nid002213]:29500 is not yet listening (errno: 111 - Connection refused), will retry.
[W socket.cpp:701] The server socket on [nid002213]:29500 is not yet listening (errno: 111 - Connection refused), will retry.
[W socket.cpp:701] The server socket on [nid002213]:29500 is not yet listening (errno: 111 - Connection refused), will retry.
[W socket.cpp:701] The server socket on [nid002213]:29500 is not yet listening (errno: 111 - Connection refused), will retry.
[W socket.cpp:701] The server socket on [nid002213]:29500 is not yet listening (errno: 111 - Connection refused), will retry.
[W socket.cpp:701] The server socket on [nid002213]:29500 is not yet listening (errno: 111 - Connection refused), will retry.
[W socket.cpp:701] The server socket on [nid002213]:29500 is not yet listening (errno: 111 - Connection refused), will retry.
[W socket.cpp:701] The server socket on [nid002213]:29500 is not yet listening (errno: 111 - Connection refused), will retry.
2022-07-23 00:33:46,831 - torch.distributed.distributed_c10d - INFO - Added key: store_based_barrier_key:1 to store for rank: 1
2022-07-23 00:33:46,832 - torch.distributed.distributed_c10d - INFO - Added key: store_based_barrier_key:1 to store for rank: 2
2022-07-23 00:33:46,833 - torch.distributed.distributed_c10d - INFO - Added key: store_based_barrier_key:1 to store for rank: 3
2022-07-23 00:33:47,272 - torch.distributed.distributed_c10d - INFO - Added key: store_based_barrier_key:1 to store for rank: 8
2022-07-23 00:33:47,276 - torch.distributed.distributed_c10d - INFO - Added key: store_based_barrier_key:1 to store for rank: 11
2022-07-23 00:33:47,277 - torch.distributed.distributed_c10d - INFO - Added key: store_based_barrier_key:1 to store for rank: 10
2022-07-23 00:33:47,277 - torch.distributed.distributed_c10d - INFO - Added key: store_based_barrier_key:1 to store for rank: 9
2022-07-23 00:33:47,318 - torch.distributed.distributed_c10d - INFO - Added key: store_based_barrier_key:1 to store for rank: 0
2022-07-23 00:33:47,358 - torch.distributed.distributed_c10d - INFO - Added key: store_based_barrier_key:1 to store for rank: 13
2022-07-23 00:33:47,360 - torch.distributed.distributed_c10d - INFO - Added key: store_based_barrier_key:1 to store for rank: 15
2022-07-23 00:33:47,363 - torch.distributed.distributed_c10d - INFO - Added key: store_based_barrier_key:1 to store for rank: 14
2022-07-23 00:33:47,363 - torch.distributed.distributed_c10d - INFO - Added key: store_based_barrier_key:1 to store for rank: 12
2022-07-23 00:33:47,466 - torch.distributed.distributed_c10d - INFO - Added key: store_based_barrier_key:1 to store for rank: 6
2022-07-23 00:33:47,469 - torch.distributed.distributed_c10d - INFO - Added key: store_based_barrier_key:1 to store for rank: 5
2022-07-23 00:33:47,473 - torch.distributed.distributed_c10d - INFO - Added key: store_based_barrier_key:1 to store for rank: 7
2022-07-23 00:33:47,473 - torch.distributed.distributed_c10d - INFO - Added key: store_based_barrier_key:1 to store for rank: 4
2022-07-23 00:33:47,473 - torch.distributed.distributed_c10d - INFO - Rank 4: Completed store-based barrier for key:store_based_barrier_key:1 with 16 nodes.
2022-07-23 00:33:47,475 - torch.distributed.distributed_c10d - INFO - Rank 8: Completed store-based barrier for key:store_based_barrier_key:1 with 16 nodes.
2022-07-23 00:33:47,476 - torch.distributed.distributed_c10d - INFO - Rank 14: Completed store-based barrier for key:store_based_barrier_key:1 with 16 nodes.
2022-07-23 00:33:47,476 - torch.distributed.distributed_c10d - INFO - Rank 6: Completed store-based barrier for key:store_based_barrier_key:1 with 16 nodes.
2022-07-23 00:33:47,477 - torch.distributed.distributed_c10d - INFO - Rank 12: Completed store-based barrier for key:store_based_barrier_key:1 with 16 nodes.
2022-07-23 00:33:47,480 - torch.distributed.distributed_c10d - INFO - Rank 5: Completed store-based barrier for key:store_based_barrier_key:1 with 16 nodes.
2022-07-23 00:33:47,480 - torch.distributed.distributed_c10d - INFO - Rank 0: Completed store-based barrier for key:store_based_barrier_key:1 with 16 nodes.
2022-07-23 00:33:47,480 - torch.distributed.distributed_c10d - INFO - Rank 13: Completed store-based barrier for key:store_based_barrier_key:1 with 16 nodes.
2022-07-23 00:33:47,481 - torch.distributed.distributed_c10d - INFO - Rank 11: Completed store-based barrier for key:store_based_barrier_key:1 with 16 nodes.
2022-07-23 00:33:47,481 - torch.distributed.distributed_c10d - INFO - Rank 1: Completed store-based barrier for key:store_based_barrier_key:1 with 16 nodes.
2022-07-23 00:33:47,482 - torch.distributed.distributed_c10d - INFO - Rank 10: Completed store-based barrier for key:store_based_barrier_key:1 with 16 nodes.
2022-07-23 00:33:47,482 - torch.distributed.distributed_c10d - INFO - Rank 9: Completed store-based barrier for key:store_based_barrier_key:1 with 16 nodes.
2022-07-23 00:33:47,482 - torch.distributed.distributed_c10d - INFO - Rank 15: Completed store-based barrier for key:store_based_barrier_key:1 with 16 nodes.
2022-07-23 00:33:47,482 - torch.distributed.distributed_c10d - INFO - Rank 2: Completed store-based barrier for key:store_based_barrier_key:1 with 16 nodes.
2022-07-23 00:33:47,482 - torch.distributed.distributed_c10d - INFO - Rank 3: Completed store-based barrier for key:store_based_barrier_key:1 with 16 nodes.
2022-07-23 00:33:47,483 - torch.distributed.distributed_c10d - INFO - Rank 7: Completed store-based barrier for key:store_based_barrier_key:1 with 16 nodes.
2022-07-23 00:33:47,495 - root - INFO - rank 4, begin data loader init
2022-07-23 00:33:47,495 - root - INFO - rank 4, data loader initialized
2022-07-23 00:33:47,496 - root - INFO - rank 5, begin data loader init
2022-07-23 00:33:47,496 - root - INFO - rank 6, begin data loader init
2022-07-23 00:33:47,496 - root - INFO - rank 5, data loader initialized
2022-07-23 00:33:47,496 - root - INFO - rank 6, data loader initialized
2022-07-23 00:33:47,497 - root - INFO - rank 7, begin data loader init
2022-07-23 00:33:47,497 - root - INFO - rank 7, data loader initialized
2022-07-23 00:33:47,500 - root - INFO - rank 12, begin data loader init
2022-07-23 00:33:47,500 - root - INFO - rank 13, begin data loader init
2022-07-23 00:33:47,500 - root - INFO - rank 14, begin data loader init
2022-07-23 00:33:47,500 - root - INFO - rank 15, begin data loader init
2022-07-23 00:33:47,500 - root - INFO - rank 12, data loader initialized
2022-07-23 00:33:47,500 - root - INFO - rank 13, data loader initialized
2022-07-23 00:33:47,500 - root - INFO - rank 14, data loader initialized
2022-07-23 00:33:47,500 - root - INFO - rank 15, data loader initialized
2022-07-23 00:33:47,502 - root - INFO - rank 9, begin data loader init
2022-07-23 00:33:47,502 - root - INFO - rank 10, begin data loader init
2022-07-23 00:33:47,502 - root - INFO - rank 11, begin data loader init
2022-07-23 00:33:47,502 - root - INFO - rank 8, begin data loader init
2022-07-23 00:33:47,502 - root - INFO - ------------------ Configuration ------------------
2022-07-23 00:33:47,502 - root - INFO - Configuration file: /global/u1/c/cjacobus/Nyx-TSIT/config/tsit.yaml
2022-07-23 00:33:47,502 - root - INFO - Configuration name: full_fresh
2022-07-23 00:33:47,502 - root - INFO - Nsamples 8192
2022-07-23 00:33:47,502 - root - INFO - Nsamples_val 512
2022-07-23 00:33:47,502 - root - INFO - niter 100
2022-07-23 00:33:47,502 - root - INFO - niter_decay 50
2022-07-23 00:33:47,502 - root - INFO - num_data_workers 16
2022-07-23 00:33:47,502 - root - INFO - in_channels [0, 1, 2, 3, 17, 18, 19]
2022-07-23 00:33:47,502 - root - INFO - out_channels [0]
2022-07-23 00:33:47,502 - root - INFO - min_path /pscratch/sd/s/shas1693/data/era5/mins.npy
2022-07-23 00:33:47,502 - root - INFO - max_path /pscratch/sd/s/shas1693/data/era5/maxs.npy
2022-07-23 00:33:47,502 - root - INFO - time_means_path /pscratch/sd/s/shas1693/data/era5/time_means.npy
2022-07-23 00:33:47,502 - root - INFO - global_means_path /pscratch/sd/s/shas1693/data/era5/global_means.npy
2022-07-23 00:33:47,502 - root - INFO - global_stds_path /pscratch/sd/s/shas1693/data/era5/global_stds.npy
2022-07-23 00:33:47,502 - root - INFO - precip /pscratch/sd/p/pharring/ERA5/precip/total_precipitation
2022-07-23 00:33:47,502 - root - INFO - precip_eps 1e-05
2022-07-23 00:33:47,502 - root - INFO - dt 1
2022-07-23 00:33:47,502 - root - INFO - n_history 0
2022-07-23 00:33:47,502 - root - INFO - crop_size_x None
2022-07-23 00:33:47,502 - root - INFO - crop_size_y None
2022-07-23 00:33:47,502 - root - INFO - roll False
2022-07-23 00:33:47,502 - root - INFO - conttime False
2022-07-23 00:33:47,502 - root - INFO - normalization zscore
2022-07-23 00:33:47,502 - root - INFO - add_grid False
2022-07-23 00:33:47,502 - root - INFO - model pix2pix
2022-07-23 00:33:47,502 - root - INFO - norm_G spectralfadebatch3x3
2022-07-23 00:33:47,502 - root - INFO - norm_D spectralinstance
2022-07-23 00:33:47,502 - root - INFO - norm_S spectralinstance
2022-07-23 00:33:47,502 - root - INFO - rank 9, data loader initialized
2022-07-23 00:33:47,502 - root - INFO - norm_E spectralinstance
2022-07-23 00:33:47,502 - root - INFO - batch_size 16
2022-07-23 00:33:47,502 - root - INFO - img_size [512, 512, 512]
2022-07-23 00:33:47,502 - root - INFO - box_size [512, 512, 512]
2022-07-23 00:33:47,502 - root - INFO - data_size 128
2022-07-23 00:33:47,502 - root - INFO - rank 10, data loader initialized
2022-07-23 00:33:47,502 - root - INFO - input_nc 5
2022-07-23 00:33:47,502 - root - INFO - rank 11, data loader initialized
2022-07-23 00:33:47,502 - root - INFO - output_nc 5
2022-07-23 00:33:47,502 - root - INFO - rank 8, data loader initialized
2022-07-23 00:33:47,502 - root - INFO - netG tsit
2022-07-23 00:33:47,502 - root - INFO - ngf 64
2022-07-23 00:33:47,502 - root - INFO - init_type xavier
2022-07-23 00:33:47,502 - root - INFO - init_variance 0.02
2022-07-23 00:33:47,502 - root - INFO - z_dim 256
2022-07-23 00:33:47,502 - root - INFO - alpha 1.0
2022-07-23 00:33:47,503 - root - INFO - no_ss True
2022-07-23 00:33:47,503 - root - INFO - downsamp True
2022-07-23 00:33:47,503 - root - INFO - num_upsampling_blocks 6
2022-07-23 00:33:47,503 - root - INFO - use_periodic_padding True
2022-07-23 00:33:47,503 - root - INFO - additive_noise False
2022-07-23 00:33:47,503 - root - INFO - nef 16
2022-07-23 00:33:47,503 - root - INFO - use_vae False
2022-07-23 00:33:47,503 - root - INFO - optimizer adam
2022-07-23 00:33:47,503 - root - INFO - beta1 0.5
2022-07-23 00:33:47,503 - root - INFO - beta2 0.999
2022-07-23 00:33:47,503 - root - INFO - lr 0.0002
2022-07-23 00:33:47,503 - root - INFO - D_steps_per_G 1
2022-07-23 00:33:47,503 - root - INFO - use_spec_loss False
2022-07-23 00:33:47,503 - root - INFO - lambda_spec 1.0
2022-07-23 00:33:47,503 - root - INFO - use_l1_loss False
2022-07-23 00:33:47,503 - root - INFO - lambda_l1 1.0
2022-07-23 00:33:47,503 - root - INFO - ndf 64
2022-07-23 00:33:47,503 - root - INFO - lambda_feat 0.5
2022-07-23 00:33:47,503 - root - INFO - no_ganFeat_loss False
2022-07-23 00:33:47,503 - root - INFO - gan_mode hinge
2022-07-23 00:33:47,503 - root - INFO - netD multiscale
2022-07-23 00:33:47,503 - root - INFO - num_D 2
2022-07-23 00:33:47,503 - root - INFO - n_layers_D 4
2022-07-23 00:33:47,503 - root - INFO - no_TTUR True
2022-07-23 00:33:47,503 - root - INFO - lambda_kld 0.05
2022-07-23 00:33:47,503 - root - INFO - cat_inp False
2022-07-23 00:33:47,503 - root - INFO - entity weatherbenching
2022-07-23 00:33:47,503 - root - INFO - project Nyx-TSIT
2022-07-23 00:33:47,503 - root - INFO - log_to_wandb True
2022-07-23 00:33:47,503 - root - INFO - log_to_screen True
2022-07-23 00:33:47,503 - root - INFO - save_checkpoint True
2022-07-23 00:33:47,503 - root - INFO - weight_init ordereddict([('conv_init', 'normal'), ('conv_scale', 0.02), ('conv_bias', 0.0)])
2022-07-23 00:33:47,503 - root - INFO - lambda_rho 0
2022-07-23 00:33:47,503 - root - INFO - full_scale True
2022-07-23 00:33:47,503 - root - INFO - global_batch_size 64
2022-07-23 00:33:47,503 - root - INFO - base_batch_size 64
2022-07-23 00:33:47,503 - root - INFO - num_epochs 60
2022-07-23 00:33:47,503 - root - INFO - enable_amp False
2022-07-23 00:33:47,503 - root - INFO - enable_apex False
2022-07-23 00:33:47,503 - root - INFO - enable_benchy False
2022-07-23 00:33:47,503 - root - INFO - enable_jit False
2022-07-23 00:33:47,503 - root - INFO - expdir /logs
2022-07-23 00:33:47,503 - root - INFO - lr_schedule ordereddict([('scaling', 'sqrt'), ('start_lr', 0.0002), ('end_lr', 0.0), ('warmup_steps', 128)])
2022-07-23 00:33:47,503 - root - INFO - data_loader_config lowmem
2022-07-23 00:33:47,503 - root - INFO - N_out_channels 5
2022-07-23 00:33:47,503 - root - INFO - N_in_channels 5
2022-07-23 00:33:47,503 - root - INFO - train_path /pscratch/sd/c/cjacobus/Nyx_512/train_s1_512_hydro.h5
2022-07-23 00:33:47,503 - root - INFO - val_path /pscratch/sd/c/cjacobus/Nyx_512/train_s1_512_hydro.h5
2022-07-23 00:33:47,503 - root - INFO - use_cache None
2022-07-23 00:33:47,503 - root - INFO - ---------------------------------------------------
log_to_wandb -------------------------------------------------------------------
dir exists: /pscratch/sd/c/cjacobus/tsit/expts/full_fresh/checkpoints/
2022-07-23 00:33:47,504 - root - INFO - rank 1, begin data loader init
2022-07-23 00:33:47,504 - root - INFO - rank 2, begin data loader init
2022-07-23 00:33:47,504 - root - INFO - rank 3, begin data loader init
2022-07-23 00:33:47,504 - root - INFO - rank 1, data loader initialized
2022-07-23 00:33:47,504 - root - INFO - rank 3, data loader initialized
2022-07-23 00:33:47,504 - root - INFO - rank 2, data loader initialized
wandb: Currently logged in as: cjacobus (use `wandb login --relogin` to force relogin)
wandb: wandb version 0.12.21 is available!  To upgrade, please run:
wandb:  $ pip install wandb --upgrade
wandb: Tracking run with wandb version 0.12.13
wandb: Run data is saved locally in /global/u1/c/cjacobus/Nyx-TSIT/wandb/run-20220723_003348-bjvg6h7j
wandb: Run `wandb offline` to turn off syncing.
wandb: Syncing run full_fresh
wandb: ⭐️ View project at https://wandb.ai/weatherbenching/Nyx-TSIT
wandb: 🚀 View run at https://wandb.ai/weatherbenching/Nyx-TSIT/runs/bjvg6h7j
checking dir: /pscratch/sd/c/cjacobus/tsit/expts/full_fresh/checkpoints/
dir exists: /pscratch/sd/c/cjacobus/tsit/expts/full_fresh/checkpoints/
2022-07-23 00:33:49,377 - root - INFO - rank 0, begin data loader init
2022-07-23 00:33:49,378 - root - INFO - rank 0, data loader initialized
Network [TSITGenerator] was created. Total number of parameters: 934.7 million. To see the architecture, do print(network).
Network [TSITGenerator] was created. Total number of parameters: 934.7 million. To see the architecture, do print(network).
Network [TSITGenerator] was created. Total number of parameters: 934.7 million. To see the architecture, do print(network).
Network [TSITGenerator] was created. Total number of parameters: 934.7 million. To see the architecture, do print(network).
Network [TSITGenerator] was created. Total number of parameters: 934.7 million. To see the architecture, do print(network).
Network [TSITGenerator] was created. Total number of parameters: 934.7 million. To see the architecture, do print(network).
Network [TSITGenerator] was created. Total number of parameters: 934.7 million. To see the architecture, do print(network).
Network [TSITGenerator] was created. Total number of parameters: 934.7 million. To see the architecture, do print(network).
Network [TSITGenerator] was created. Total number of parameters: 934.7 million. To see the architecture, do print(network).
Network [TSITGenerator] was created. Total number of parameters: 934.7 million. To see the architecture, do print(network).
Network [TSITGenerator] was created. Total number of parameters: 934.7 million. To see the architecture, do print(network).
Network [TSITGenerator] was created. Total number of parameters: 934.7 million. To see the architecture, do print(network).
Network [TSITGenerator] was created. Total number of parameters: 934.7 million. To see the architecture, do print(network).
Network [TSITGenerator] was created. Total number of parameters: 934.7 million. To see the architecture, do print(network).
Network [TSITGenerator] was created. Total number of parameters: 934.7 million. To see the architecture, do print(network).
Network [TSITGenerator] was created. Total number of parameters: 934.7 million. To see the architecture, do print(network).
Network [MultiscaleDiscriminator] was created. Total number of parameters: 22.1 million. To see the architecture, do print(network).
Network [MultiscaleDiscriminator] was created. Total number of parameters: 22.1 million. To see the architecture, do print(network).
Network [MultiscaleDiscriminator] was created. Total number of parameters: 22.1 million. To see the architecture, do print(network).
Network [MultiscaleDiscriminator] was created. Total number of parameters: 22.1 million. To see the architecture, do print(network).
Network [MultiscaleDiscriminator] was created. Total number of parameters: 22.1 million. To see the architecture, do print(network).
Network [MultiscaleDiscriminator] was created. Total number of parameters: 22.1 million. To see the architecture, do print(network).
Network [MultiscaleDiscriminator] was created. Total number of parameters: 22.1 million. To see the architecture, do print(network).
Network [MultiscaleDiscriminator] was created. Total number of parameters: 22.1 million. To see the architecture, do print(network).
Network [MultiscaleDiscriminator] was created. Total number of parameters: 22.1 million. To see the architecture, do print(network).
Network [MultiscaleDiscriminator] was created. Total number of parameters: 22.1 million. To see the architecture, do print(network).
Network [MultiscaleDiscriminator] was created. Total number of parameters: 22.1 million. To see the architecture, do print(network).
Network [MultiscaleDiscriminator] was created. Total number of parameters: 22.1 million. To see the architecture, do print(network).
Network [MultiscaleDiscriminator] was created. Total number of parameters: 22.1 million. To see the architecture, do print(network).
Network [MultiscaleDiscriminator] was created. Total number of parameters: 22.1 million. To see the architecture, do print(network).
Network [MultiscaleDiscriminator] was created. Total number of parameters: 22.1 million. To see the architecture, do print(network).
Network [MultiscaleDiscriminator] was created. Total number of parameters: 22.1 million. To see the architecture, do print(network).
2022-07-23 00:34:11,420 - root - INFO - Loading checkpoint /pscratch/sd/c/cjacobus/tsit/expts/full_fresh/checkpoints/ckpt.tar
2022-07-23 00:34:11,421 - root - INFO - Loading checkpoint /pscratch/sd/c/cjacobus/tsit/expts/full_fresh/checkpoints/ckpt.tar
2022-07-23 00:34:11,421 - root - INFO - Loading checkpoint /pscratch/sd/c/cjacobus/tsit/expts/full_fresh/checkpoints/ckpt.tar
2022-07-23 00:34:11,422 - root - INFO - Loading checkpoint /pscratch/sd/c/cjacobus/tsit/expts/full_fresh/checkpoints/ckpt.tar
2022-07-23 00:34:11,423 - root - INFO - Loading checkpoint /pscratch/sd/c/cjacobus/tsit/expts/full_fresh/checkpoints/ckpt.tar
2022-07-23 00:34:11,423 - root - INFO - Loading checkpoint /pscratch/sd/c/cjacobus/tsit/expts/full_fresh/checkpoints/ckpt.tar
2022-07-23 00:34:11,424 - root - INFO - Loading checkpoint /pscratch/sd/c/cjacobus/tsit/expts/full_fresh/checkpoints/ckpt.tar
2022-07-23 00:34:11,425 - root - INFO - Loading checkpoint /pscratch/sd/c/cjacobus/tsit/expts/full_fresh/checkpoints/ckpt.tar
2022-07-23 00:34:11,425 - root - INFO - Loading checkpoint /pscratch/sd/c/cjacobus/tsit/expts/full_fresh/checkpoints/ckpt.tar
2022-07-23 00:34:11,426 - root - INFO - Loading checkpoint /pscratch/sd/c/cjacobus/tsit/expts/full_fresh/checkpoints/ckpt.tar
2022-07-23 00:34:11,426 - root - INFO - Loading checkpoint /pscratch/sd/c/cjacobus/tsit/expts/full_fresh/checkpoints/ckpt.tar
2022-07-23 00:34:11,426 - root - INFO - Loading checkpoint /pscratch/sd/c/cjacobus/tsit/expts/full_fresh/checkpoints/ckpt.tar
2022-07-23 00:34:11,426 - root - INFO - Loading checkpoint /pscratch/sd/c/cjacobus/tsit/expts/full_fresh/checkpoints/ckpt.tar
2022-07-23 00:34:11,426 - root - INFO - Loading checkpoint /pscratch/sd/c/cjacobus/tsit/expts/full_fresh/checkpoints/ckpt.tar
2022-07-23 00:34:11,426 - root - INFO - Loading checkpoint /pscratch/sd/c/cjacobus/tsit/expts/full_fresh/checkpoints/ckpt.tar
2022-07-23 00:34:11,426 - root - INFO - Loading checkpoint /pscratch/sd/c/cjacobus/tsit/expts/full_fresh/checkpoints/ckpt.tar
2022-07-23 00:34:18,163 - root - INFO - Starting Training Loop...
[W reducer.cpp:1282] Warning: find_unused_parameters=True was specified in DDP constructor, but did not find any unused parameters in the forward pass. This flag results in an extra traversal of the autograd graph every iteration,  which can adversely affect performance. If your model indeed never has any unused parameters in the forward pass, consider turning this flag off. Note that this warning may be a false positive if your model has flow control causing later iterations to have unused parameters. (function operator())
[W reducer.cpp:1282] Warning: find_unused_parameters=True was specified in DDP constructor, but did not find any unused parameters in the forward pass. This flag results in an extra traversal of the autograd graph every iteration,  which can adversely affect performance. If your model indeed never has any unused parameters in the forward pass, consider turning this flag off. Note that this warning may be a false positive if your model has flow control causing later iterations to have unused parameters. (function operator())
[W reducer.cpp:1282] Warning: find_unused_parameters=True was specified in DDP constructor, but did not find any unused parameters in the forward pass. This flag results in an extra traversal of the autograd graph every iteration,  which can adversely affect performance. If your model indeed never has any unused parameters in the forward pass, consider turning this flag off. Note that this warning may be a false positive if your model has flow control causing later iterations to have unused parameters. (function operator())
[W reducer.cpp:1282] Warning: find_unused_parameters=True was specified in DDP constructor, but did not find any unused parameters in the forward pass. This flag results in an extra traversal of the autograd graph every iteration,  which can adversely affect performance. If your model indeed never has any unused parameters in the forward pass, consider turning this flag off. Note that this warning may be a false positive if your model has flow control causing later iterations to have unused parameters. (function operator())
[W reducer.cpp:1282] Warning: find_unused_parameters=True was specified in DDP constructor, but did not find any unused parameters in the forward pass. This flag results in an extra traversal of the autograd graph every iteration,  which can adversely affect performance. If your model indeed never has any unused parameters in the forward pass, consider turning this flag off. Note that this warning may be a false positive if your model has flow control causing later iterations to have unused parameters. (function operator())
[W reducer.cpp:1282] Warning: find_unused_parameters=True was specified in DDP constructor, but did not find any unused parameters in the forward pass. This flag results in an extra traversal of the autograd graph every iteration,  which can adversely affect performance. If your model indeed never has any unused parameters in the forward pass, consider turning this flag off. Note that this warning may be a false positive if your model has flow control causing later iterations to have unused parameters. (function operator())
[W reducer.cpp:1282] Warning: find_unused_parameters=True was specified in DDP constructor, but did not find any unused parameters in the forward pass. This flag results in an extra traversal of the autograd graph every iteration,  which can adversely affect performance. If your model indeed never has any unused parameters in the forward pass, consider turning this flag off. Note that this warning may be a false positive if your model has flow control causing later iterations to have unused parameters. (function operator())
[W reducer.cpp:1282] Warning: find_unused_parameters=True was specified in DDP constructor, but did not find any unused parameters in the forward pass. This flag results in an extra traversal of the autograd graph every iteration,  which can adversely affect performance. If your model indeed never has any unused parameters in the forward pass, consider turning this flag off. Note that this warning may be a false positive if your model has flow control causing later iterations to have unused parameters. (function operator())
[W reducer.cpp:1282] Warning: find_unused_parameters=True was specified in DDP constructor, but did not find any unused parameters in the forward pass. This flag results in an extra traversal of the autograd graph every iteration,  which can adversely affect performance. If your model indeed never has any unused parameters in the forward pass, consider turning this flag off. Note that this warning may be a false positive if your model has flow control causing later iterations to have unused parameters. (function operator())
[W reducer.cpp:1282] Warning: find_unused_parameters=True was specified in DDP constructor, but did not find any unused parameters in the forward pass. This flag results in an extra traversal of the autograd graph every iteration,  which can adversely affect performance. If your model indeed never has any unused parameters in the forward pass, consider turning this flag off. Note that this warning may be a false positive if your model has flow control causing later iterations to have unused parameters. (function operator())
[W reducer.cpp:1282] Warning: find_unused_parameters=True was specified in DDP constructor, but did not find any unused parameters in the forward pass. This flag results in an extra traversal of the autograd graph every iteration,  which can adversely affect performance. If your model indeed never has any unused parameters in the forward pass, consider turning this flag off. Note that this warning may be a false positive if your model has flow control causing later iterations to have unused parameters. (function operator())
[W reducer.cpp:1282] Warning: find_unused_parameters=True was specified in DDP constructor, but did not find any unused parameters in the forward pass. This flag results in an extra traversal of the autograd graph every iteration,  which can adversely affect performance. If your model indeed never has any unused parameters in the forward pass, consider turning this flag off. Note that this warning may be a false positive if your model has flow control causing later iterations to have unused parameters. (function operator())
[W reducer.cpp:1282] Warning: find_unused_parameters=True was specified in DDP constructor, but did not find any unused parameters in the forward pass. This flag results in an extra traversal of the autograd graph every iteration,  which can adversely affect performance. If your model indeed never has any unused parameters in the forward pass, consider turning this flag off. Note that this warning may be a false positive if your model has flow control causing later iterations to have unused parameters. (function operator())
[W reducer.cpp:1282] Warning: find_unused_parameters=True was specified in DDP constructor, but did not find any unused parameters in the forward pass. This flag results in an extra traversal of the autograd graph every iteration,  which can adversely affect performance. If your model indeed never has any unused parameters in the forward pass, consider turning this flag off. Note that this warning may be a false positive if your model has flow control causing later iterations to have unused parameters. (function operator())
[W reducer.cpp:1282] Warning: find_unused_parameters=True was specified in DDP constructor, but did not find any unused parameters in the forward pass. This flag results in an extra traversal of the autograd graph every iteration,  which can adversely affect performance. If your model indeed never has any unused parameters in the forward pass, consider turning this flag off. Note that this warning may be a false positive if your model has flow control causing later iterations to have unused parameters. (function operator())
[W reducer.cpp:1282] Warning: find_unused_parameters=True was specified in DDP constructor, but did not find any unused parameters in the forward pass. This flag results in an extra traversal of the autograd graph every iteration,  which can adversely affect performance. If your model indeed never has any unused parameters in the forward pass, consider turning this flag off. Note that this warning may be a false positive if your model has flow control causing later iterations to have unused parameters. (function operator())
generator made step 0
discriminator made step 0
generator made step 16
discriminator made step 16
generator made step 32
discriminator made step 32
generator made step 48
discriminator made step 48
generator made step 64
discriminator made step 64
generator made step 80
discriminator made step 80
generator made step 96
discriminator made step 96
generator made step 112
discriminator made step 112
generator made step 128
discriminator made step 128
generator made step 144
discriminator made step 144
generator made step 160
discriminator made step 160
generator made step 176
discriminator made step 176
generator made step 192
discriminator made step 192
generator made step 208
discriminator made step 208
generator made step 224
discriminator made step 224
generator made step 240
discriminator made step 240
generator made step 256
discriminator made step 256
generator made step 272
discriminator made step 272
generator made step 288
discriminator made step 288
generator made step 304
discriminator made step 304
generator made step 320
discriminator made step 320
generator made step 336
discriminator made step 336
generator made step 352
discriminator made step 352
generator made step 368
discriminator made step 368
generator made step 384
discriminator made step 384
generator made step 400
discriminator made step 400
generator made step 416
discriminator made step 416
generator made step 432
discriminator made step 432
generator made step 448
discriminator made step 448
generator made step 464
discriminator made step 464
generator made step 480
discriminator made step 480
generator made step 496
discriminator made step 496
2022-07-23 00:42:08,466 - root - INFO - Total=470.301823, G=373.088838, D=92.478974, data=1.690757, next=3.043254
2022-07-23 00:42:14,812 - root - INFO - Total=6.344113, G=0.464283, data=3.214702, acc=1.307179, agg=0.221726, next=1.136222
2022-07-23 00:42:28,244 - root - INFO - Time taken for epoch 8 is 490.08018040657043 sec
2022-07-23 00:42:28,244 - root - INFO - Train time = 470.3018226623535, Valid time = 6.3441126346588135
2022-07-23 00:42:28,244 - root - INFO - G losses = {'GAN': 2.002912759780884, 'GAN_Feat': 0.33738529682159424}
2022-07-23 00:42:28,244 - root - INFO - D losses = {'D_Fake': 0.07908349484205246, 'D_real': 0.023235538974404335}
generator made step 0
discriminator made step 0
generator made step 16
discriminator made step 16
generator made step 32
discriminator made step 32
generator made step 48
discriminator made step 48
generator made step 64
discriminator made step 64
generator made step 80
discriminator made step 80
generator made step 96
discriminator made step 96
generator made step 112
discriminator made step 112
generator made step 128
discriminator made step 128
generator made step 144
discriminator made step 144
generator made step 160
discriminator made step 160
generator made step 176
discriminator made step 176
generator made step 192
discriminator made step 192
generator made step 208
discriminator made step 208
generator made step 224
discriminator made step 224
generator made step 240
discriminator made step 240
generator made step 256
discriminator made step 256
generator made step 272
discriminator made step 272
generator made step 288
discriminator made step 288
generator made step 304
discriminator made step 304
generator made step 320
discriminator made step 320
generator made step 336
discriminator made step 336
generator made step 352
discriminator made step 352
generator made step 368
discriminator made step 368
generator made step 384
discriminator made step 384
generator made step 400
discriminator made step 400
generator made step 416
discriminator made step 416
generator made step 432
discriminator made step 432
generator made step 448
discriminator made step 448
generator made step 464
discriminator made step 464
generator made step 480
discriminator made step 480
generator made step 496
discriminator made step 496
2022-07-23 00:49:51,752 - root - INFO - Total=443.506471, G=348.093503, D=92.553192, data=1.634826, next=1.224951
2022-07-23 00:49:57,405 - root - INFO - Total=5.652613, G=0.488521, data=3.244547, acc=0.006302, agg=0.221841, next=1.691401
2022-07-23 00:50:09,686 - root - INFO - Time taken for epoch 9 is 461.44188618659973 sec
2022-07-23 00:50:09,687 - root - INFO - Train time = 443.50647139549255, Valid time = 5.652613401412964
2022-07-23 00:50:09,687 - root - INFO - G losses = {'GAN': 2.764369010925293, 'GAN_Feat': 0.3234546184539795}
2022-07-23 00:50:09,687 - root - INFO - D losses = {'D_Fake': 0.0016958470223471522, 'D_real': 0.28341758251190186}
generator made step 0
discriminator made step 0
generator made step 16
discriminator made step 16
generator made step 32
discriminator made step 32
generator made step 48
discriminator made step 48
generator made step 64
discriminator made step 64
generator made step 80
discriminator made step 80
generator made step 96
discriminator made step 96
generator made step 112
discriminator made step 112
generator made step 128
discriminator made step 128
generator made step 144
discriminator made step 144
generator made step 160
discriminator made step 160
generator made step 176
discriminator made step 176
generator made step 192
discriminator made step 192
generator made step 208
discriminator made step 208
generator made step 224
discriminator made step 224
generator made step 240
discriminator made step 240
generator made step 256
discriminator made step 256
generator made step 272
discriminator made step 272
generator made step 288
discriminator made step 288
generator made step 304
discriminator made step 304
generator made step 320
discriminator made step 320
generator made step 336
discriminator made step 336
generator made step 352
discriminator made step 352
generator made step 368
discriminator made step 368
generator made step 384
discriminator made step 384
generator made step 400
discriminator made step 400
generator made step 416
discriminator made step 416
generator made step 432
discriminator made step 432
generator made step 448
discriminator made step 448
generator made step 464
discriminator made step 464
generator made step 480
discriminator made step 480
generator made step 496
discriminator made step 496
2022-07-23 00:57:34,138 - root - INFO - Total=444.450692, G=348.034578, D=92.538588, data=1.629701, next=2.247825
2022-07-23 00:57:39,522 - root - INFO - Total=5.382636, G=0.471970, data=3.294330, acc=0.006603, agg=0.244610, next=1.365124
2022-07-23 00:57:51,729 - root - INFO - Time taken for epoch 10 is 462.0426199436188 sec
2022-07-23 00:57:51,730 - root - INFO - Train time = 444.4506916999817, Valid time = 5.382635831832886
2022-07-23 00:57:51,730 - root - INFO - G losses = {'GAN': 4.169373989105225, 'GAN_Feat': 0.38243842124938965}
2022-07-23 00:57:51,730 - root - INFO - D losses = {'D_Fake': 0.037623003125190735, 'D_real': 7.712062597420299e-07}
generator made step 0
discriminator made step 0
generator made step 16
discriminator made step 16
generator made step 32
discriminator made step 32
generator made step 48
discriminator made step 48
generator made step 64
discriminator made step 64
generator made step 80
discriminator made step 80
generator made step 96
discriminator made step 96
generator made step 112
discriminator made step 112
generator made step 128
discriminator made step 128
generator made step 144
discriminator made step 144
generator made step 160
discriminator made step 160
generator made step 176
discriminator made step 176
generator made step 192
discriminator made step 192
generator made step 208
discriminator made step 208
generator made step 224
discriminator made step 224
generator made step 240
discriminator made step 240
generator made step 256
discriminator made step 256
generator made step 272
discriminator made step 272
generator made step 288
discriminator made step 288
generator made step 304
discriminator made step 304
generator made step 320
discriminator made step 320
generator made step 336
discriminator made step 336
generator made step 352
discriminator made step 352
generator made step 368
discriminator made step 368
generator made step 384
discriminator made step 384
generator made step 400
discriminator made step 400
generator made step 416
discriminator made step 416
generator made step 432
discriminator made step 432
generator made step 448
discriminator made step 448
generator made step 464
discriminator made step 464
generator made step 480
discriminator made step 480
generator made step 496
discriminator made step 496
2022-07-23 01:05:15,027 - root - INFO - Total=443.295986, G=348.033284, D=92.483888, data=1.630711, next=1.148103
2022-07-23 01:05:21,090 - root - INFO - Total=6.062288, G=0.464231, data=3.323138, acc=0.006421, agg=0.219303, next=2.049194
2022-07-23 01:05:43,583 - root - INFO - Time taken for epoch 11 is 471.85268235206604 sec
2022-07-23 01:05:43,583 - root - INFO - Train time = 443.2959861755371, Valid time = 6.0622875690460205
2022-07-23 01:05:43,583 - root - INFO - G losses = {'GAN': 2.6068673133850098, 'GAN_Feat': 0.30442723631858826}
2022-07-23 01:05:43,583 - root - INFO - D losses = {'D_Fake': 0.41497111320495605, 'D_real': 0.599030077457428}
generator made step 0
discriminator made step 0
generator made step 16
discriminator made step 16
generator made step 32
discriminator made step 32
generator made step 48
discriminator made step 48
generator made step 64
discriminator made step 64
generator made step 80
discriminator made step 80
generator made step 96
discriminator made step 96
generator made step 112
discriminator made step 112
generator made step 128
discriminator made step 128
generator made step 144
discriminator made step 144
generator made step 160
discriminator made step 160
generator made step 176
discriminator made step 176
generator made step 192
discriminator made step 192
generator made step 208
discriminator made step 208
generator made step 224
discriminator made step 224
generator made step 240
discriminator made step 240
generator made step 256
discriminator made step 256
generator made step 272
discriminator made step 272
generator made step 288
discriminator made step 288
generator made step 304
discriminator made step 304
generator made step 320
discriminator made step 320
generator made step 336
discriminator made step 336
generator made step 352
discriminator made step 352
generator made step 368
discriminator made step 368
generator made step 384
discriminator made step 384
generator made step 400
discriminator made step 400
generator made step 416
discriminator made step 416
generator made step 432
discriminator made step 432
generator made step 448
discriminator made step 448
generator made step 464
discriminator made step 464
generator made step 480
discriminator made step 480
generator made step 496
discriminator made step 496
2022-07-23 01:13:07,091 - root - INFO - Total=443.507128, G=348.131896, D=92.563152, data=1.631008, next=1.181072
2022-07-23 01:13:12,077 - root - INFO - Total=4.984602, G=0.649331, data=3.295233, acc=0.008280, agg=0.208429, next=0.823330
2022-07-23 01:13:24,366 - root - INFO - Time taken for epoch 12 is 460.7823565006256 sec
2022-07-23 01:13:24,366 - root - INFO - Train time = 443.5071277618408, Valid time = 4.984601736068726
2022-07-23 01:13:24,366 - root - INFO - G losses = {'GAN': 3.181978225708008, 'GAN_Feat': 0.2980583608150482}
2022-07-23 01:13:24,366 - root - INFO - D losses = {'D_Fake': 0.000709843763615936, 'D_real': 0.2171781361103058}
generator made step 0
discriminator made step 0
generator made step 16
discriminator made step 16
generator made step 32
discriminator made step 32
generator made step 48
discriminator made step 48
generator made step 64
discriminator made step 64
generator made step 80
discriminator made step 80
generator made step 96
discriminator made step 96
generator made step 112
discriminator made step 112
generator made step 128
discriminator made step 128
generator made step 144
discriminator made step 144
generator made step 160
discriminator made step 160
generator made step 176
discriminator made step 176
generator made step 192
discriminator made step 192
generator made step 208
discriminator made step 208
generator made step 224
discriminator made step 224
generator made step 240
discriminator made step 240
generator made step 256
discriminator made step 256
generator made step 272
discriminator made step 272
generator made step 288
discriminator made step 288
generator made step 304
discriminator made step 304
generator made step 320
discriminator made step 320
generator made step 336
discriminator made step 336
generator made step 352
discriminator made step 352
generator made step 368
discriminator made step 368
generator made step 384
discriminator made step 384
generator made step 400
discriminator made step 400
generator made step 416
discriminator made step 416
generator made step 432
discriminator made step 432
generator made step 448
discriminator made step 448
generator made step 464
discriminator made step 464
generator made step 480
discriminator made step 480
generator made step 496
discriminator made step 496
2022-07-23 01:20:48,747 - root - INFO - Total=444.379811, G=348.215017, D=92.396187, data=1.630468, next=2.138139
2022-07-23 01:20:54,647 - root - INFO - Total=5.899430, G=0.496529, data=3.334011, acc=0.006943, agg=0.218617, next=1.843330
2022-07-23 01:21:18,453 - root - INFO - Time taken for epoch 13 is 474.08725118637085 sec
2022-07-23 01:21:18,454 - root - INFO - Train time = 444.37981128692627, Valid time = 5.899430274963379
2022-07-23 01:21:18,454 - root - INFO - G losses = {'GAN': 3.6428489685058594, 'GAN_Feat': 0.3264458179473877}
2022-07-23 01:21:18,454 - root - INFO - D losses = {'D_Fake': 0.09944383054971695, 'D_real': 4.7117628128034994e-05}
generator made step 0
discriminator made step 0
generator made step 16
discriminator made step 16
generator made step 32
discriminator made step 32
generator made step 48
discriminator made step 48
generator made step 64
discriminator made step 64
generator made step 80
discriminator made step 80
generator made step 96
discriminator made step 96
generator made step 112
discriminator made step 112
generator made step 128
discriminator made step 128
generator made step 144
discriminator made step 144
generator made step 160
discriminator made step 160
generator made step 176
discriminator made step 176
generator made step 192
discriminator made step 192
generator made step 208
discriminator made step 208
generator made step 224
discriminator made step 224
generator made step 240
discriminator made step 240
generator made step 256
discriminator made step 256
generator made step 272
discriminator made step 272
generator made step 288
discriminator made step 288
generator made step 304
discriminator made step 304
generator made step 320
discriminator made step 320
generator made step 336
discriminator made step 336
generator made step 352
discriminator made step 352
generator made step 368
discriminator made step 368
generator made step 384
discriminator made step 384
generator made step 400
discriminator made step 400
generator made step 416
discriminator made step 416
generator made step 432
discriminator made step 432
generator made step 448
discriminator made step 448
generator made step 464
discriminator made step 464
generator made step 480
discriminator made step 480
generator made step 496
discriminator made step 496
2022-07-23 01:28:41,746 - root - INFO - Total=443.291293, G=348.051841, D=92.428874, data=1.630702, next=1.179876
2022-07-23 01:28:47,852 - root - INFO - Total=6.104978, G=0.426626, data=3.443151, acc=0.005614, agg=0.286549, next=1.943038
2022-07-23 01:29:00,110 - root - INFO - Time taken for epoch 14 is 461.6567142009735 sec
2022-07-23 01:29:00,111 - root - INFO - Train time = 443.2912931442261, Valid time = 6.104977607727051
2022-07-23 01:29:00,111 - root - INFO - G losses = {'GAN': 4.8105597496032715, 'GAN_Feat': 0.40235456824302673}
2022-07-23 01:29:00,111 - root - INFO - D losses = {'D_Fake': 0.01423500757664442, 'D_real': 7.163007012422895e-06}
generator made step 0
discriminator made step 0
generator made step 16
discriminator made step 16
generator made step 32
discriminator made step 32
generator made step 48
discriminator made step 48
generator made step 64
discriminator made step 64
generator made step 80
discriminator made step 80
generator made step 96
discriminator made step 96
generator made step 112
discriminator made step 112
generator made step 128
discriminator made step 128
generator made step 144
discriminator made step 144
generator made step 160
discriminator made step 160
generator made step 176
discriminator made step 176
generator made step 192
discriminator made step 192
generator made step 208
discriminator made step 208
generator made step 224
discriminator made step 224
generator made step 240
discriminator made step 240
generator made step 256
discriminator made step 256
generator made step 272
discriminator made step 272
generator made step 288
discriminator made step 288
generator made step 304
discriminator made step 304
srun: Job step aborted: Waiting up to 32 seconds for job step to finish.
slurmstepd: error: *** STEP 2776850.0 ON nid002213 CANCELLED AT 2022-07-23T01:33:30 DUE TO TIME LIMIT ***
slurmstepd: error: *** JOB 2776850 ON nid002213 CANCELLED AT 2022-07-23T01:33:30 DUE TO TIME LIMIT ***
