+ srun -u shifter -V /pscratch/sd/c/cjacobus/ML_Hydro_train/logs:/logs --image=nersc/pytorch:ngc-22.03-v0 --env PYTHONUSERBASE=/global/homes/c/cjacobus/.local/perlmutter/nersc-pytorch-ngc-22.03-v0 bash -c '
    source export_DDP_vars.sh
    python train.py --root_dir=/pscratch/sd/c/cjacobus/tsit --config=new_tighttrain_L1only
    '
[W socket.cpp:701] The server socket on [nid001085]:29500 is not yet listening (errno: 111 - Connection refused), will retry.
[W socket.cpp:701] The server socket on [nid001085]:29500 is not yet listening (errno: 111 - Connection refused), will retry.
[W socket.cpp:701] The server socket on [nid001085]:29500 is not yet listening (errno: 111 - Connection refused), will retry.
[W socket.cpp:701] The server socket on [nid001085]:29500 is not yet listening (errno: 111 - Connection refused), will retry.
2022-08-13 01:02:36,869 - torch.distributed.distributed_c10d - INFO - Added key: store_based_barrier_key:1 to store for rank: 2
2022-08-13 01:02:36,886 - torch.distributed.distributed_c10d - INFO - Added key: store_based_barrier_key:1 to store for rank: 3
2022-08-13 01:02:36,904 - torch.distributed.distributed_c10d - INFO - Added key: store_based_barrier_key:1 to store for rank: 1
2022-08-13 01:02:37,006 - torch.distributed.distributed_c10d - INFO - Added key: store_based_barrier_key:1 to store for rank: 0
2022-08-13 01:02:37,370 - torch.distributed.distributed_c10d - INFO - Added key: store_based_barrier_key:1 to store for rank: 7
2022-08-13 01:02:37,379 - torch.distributed.distributed_c10d - INFO - Added key: store_based_barrier_key:1 to store for rank: 6
2022-08-13 01:02:37,388 - torch.distributed.distributed_c10d - INFO - Added key: store_based_barrier_key:1 to store for rank: 4
2022-08-13 01:02:37,390 - torch.distributed.distributed_c10d - INFO - Added key: store_based_barrier_key:1 to store for rank: 5
2022-08-13 01:02:37,464 - torch.distributed.distributed_c10d - INFO - Added key: store_based_barrier_key:1 to store for rank: 15
2022-08-13 01:02:37,488 - torch.distributed.distributed_c10d - INFO - Added key: store_based_barrier_key:1 to store for rank: 12
2022-08-13 01:02:37,515 - torch.distributed.distributed_c10d - INFO - Added key: store_based_barrier_key:1 to store for rank: 14
2022-08-13 01:02:37,524 - torch.distributed.distributed_c10d - INFO - Added key: store_based_barrier_key:1 to store for rank: 13
2022-08-13 01:02:37,856 - torch.distributed.distributed_c10d - INFO - Added key: store_based_barrier_key:1 to store for rank: 9
2022-08-13 01:02:37,867 - torch.distributed.distributed_c10d - INFO - Added key: store_based_barrier_key:1 to store for rank: 11
2022-08-13 01:02:37,870 - torch.distributed.distributed_c10d - INFO - Added key: store_based_barrier_key:1 to store for rank: 10
2022-08-13 01:02:37,873 - torch.distributed.distributed_c10d - INFO - Added key: store_based_barrier_key:1 to store for rank: 8
2022-08-13 01:02:37,873 - torch.distributed.distributed_c10d - INFO - Rank 8: Completed store-based barrier for key:store_based_barrier_key:1 with 16 nodes.
2022-08-13 01:02:37,873 - torch.distributed.distributed_c10d - INFO - Rank 14: Completed store-based barrier for key:store_based_barrier_key:1 with 16 nodes.
2022-08-13 01:02:37,874 - torch.distributed.distributed_c10d - INFO - Rank 3: Completed store-based barrier for key:store_based_barrier_key:1 with 16 nodes.
2022-08-13 01:02:37,875 - torch.distributed.distributed_c10d - INFO - Rank 1: Completed store-based barrier for key:store_based_barrier_key:1 with 16 nodes.
2022-08-13 01:02:37,876 - torch.distributed.distributed_c10d - INFO - Rank 2: Completed store-based barrier for key:store_based_barrier_key:1 with 16 nodes.
2022-08-13 01:02:37,876 - torch.distributed.distributed_c10d - INFO - Rank 12: Completed store-based barrier for key:store_based_barrier_key:1 with 16 nodes.
2022-08-13 01:02:37,877 - torch.distributed.distributed_c10d - INFO - Rank 4: Completed store-based barrier for key:store_based_barrier_key:1 with 16 nodes.
2022-08-13 01:02:37,877 - torch.distributed.distributed_c10d - INFO - Rank 9: Completed store-based barrier for key:store_based_barrier_key:1 with 16 nodes.
2022-08-13 01:02:37,877 - torch.distributed.distributed_c10d - INFO - Rank 11: Completed store-based barrier for key:store_based_barrier_key:1 with 16 nodes.
2022-08-13 01:02:37,878 - torch.distributed.distributed_c10d - INFO - Rank 0: Completed store-based barrier for key:store_based_barrier_key:1 with 16 nodes.
2022-08-13 01:02:37,880 - torch.distributed.distributed_c10d - INFO - Rank 13: Completed store-based barrier for key:store_based_barrier_key:1 with 16 nodes.
2022-08-13 01:02:37,880 - torch.distributed.distributed_c10d - INFO - Rank 10: Completed store-based barrier for key:store_based_barrier_key:1 with 16 nodes.
2022-08-13 01:02:37,882 - torch.distributed.distributed_c10d - INFO - Rank 6: Completed store-based barrier for key:store_based_barrier_key:1 with 16 nodes.
2022-08-13 01:02:37,882 - torch.distributed.distributed_c10d - INFO - Rank 7: Completed store-based barrier for key:store_based_barrier_key:1 with 16 nodes.
2022-08-13 01:02:37,882 - torch.distributed.distributed_c10d - INFO - Rank 5: Completed store-based barrier for key:store_based_barrier_key:1 with 16 nodes.
2022-08-13 01:02:37,882 - torch.distributed.distributed_c10d - INFO - Rank 15: Completed store-based barrier for key:store_based_barrier_key:1 with 16 nodes.
2022-08-13 01:02:37,908 - root - INFO - rank 2, begin data loader init
2022-08-13 01:02:37,908 - root - INFO - rank 2, data loader initialized
2022-08-13 01:02:37,911 - root - INFO - rank 3, begin data loader init
2022-08-13 01:02:37,911 - root - INFO - rank 3, data loader initialized
2022-08-13 01:02:37,914 - root - INFO - rank 5, begin data loader init
2022-08-13 01:02:37,914 - root - INFO - rank 5, data loader initialized
2022-08-13 01:02:37,915 - root - INFO - ------------------ Configuration ------------------
2022-08-13 01:02:37,915 - root - INFO - Configuration file: /global/u1/c/cjacobus/Nyx-TSIT/config/tsit.yaml
2022-08-13 01:02:37,915 - root - INFO - Configuration name: new_tighttrain_L1only
2022-08-13 01:02:37,915 - root - INFO - Nsamples 8192
2022-08-13 01:02:37,915 - root - INFO - Nsamples_val 512
2022-08-13 01:02:37,915 - root - INFO - niter 200
2022-08-13 01:02:37,915 - root - INFO - niter_decay 150
2022-08-13 01:02:37,915 - root - INFO - use_spec_loss False
2022-08-13 01:02:37,915 - root - INFO - lambda_spec 0
2022-08-13 01:02:37,915 - root - INFO - use_l1_loss True
2022-08-13 01:02:37,915 - root - INFO - lambda_l1 1000.0
2022-08-13 01:02:37,915 - root - INFO - data_size 128
2022-08-13 01:02:37,915 - root - INFO - train_path /pscratch/sd/c/cjacobus/Nyx_512/train_s1_512_invar3_fullnorm_hydro.h5
2022-08-13 01:02:37,915 - root - INFO - val_path /pscratch/sd/c/cjacobus/Nyx_512/train_s1_512_invar3_fullnorm_hydro.h5
2022-08-13 01:02:37,915 - root - INFO - num_upsampling_blocks 6
2022-08-13 01:02:37,915 - root - INFO - tanh False
2022-08-13 01:02:37,915 - root - INFO - num_data_workers 16
2022-08-13 01:02:37,915 - root - INFO - in_channels [0, 1, 2, 3, 17, 18, 19]
2022-08-13 01:02:37,915 - root - INFO - out_channels [0]
2022-08-13 01:02:37,915 - root - INFO - min_path /pscratch/sd/s/shas1693/data/era5/mins.npy
2022-08-13 01:02:37,915 - root - INFO - max_path /pscratch/sd/s/shas1693/data/era5/maxs.npy
2022-08-13 01:02:37,915 - root - INFO - time_means_path /pscratch/sd/s/shas1693/data/era5/time_means.npy
2022-08-13 01:02:37,915 - root - INFO - global_means_path /pscratch/sd/s/shas1693/data/era5/global_means.npy
2022-08-13 01:02:37,915 - root - INFO - global_stds_path /pscratch/sd/s/shas1693/data/era5/global_stds.npy
2022-08-13 01:02:37,915 - root - INFO - precip /pscratch/sd/p/pharring/ERA5/precip/total_precipitation
2022-08-13 01:02:37,915 - root - INFO - precip_eps 1e-05
2022-08-13 01:02:37,915 - root - INFO - dt 1
2022-08-13 01:02:37,915 - root - INFO - n_history 0
2022-08-13 01:02:37,915 - root - INFO - crop_size_x None
2022-08-13 01:02:37,915 - root - INFO - crop_size_y None
2022-08-13 01:02:37,915 - root - INFO - roll False
2022-08-13 01:02:37,915 - root - INFO - conttime False
2022-08-13 01:02:37,915 - root - INFO - normalization zscore
2022-08-13 01:02:37,915 - root - INFO - add_grid False
2022-08-13 01:02:37,915 - root - INFO - model pix2pix
2022-08-13 01:02:37,915 - root - INFO - norm_G spectralfadebatch3x3
2022-08-13 01:02:37,915 - root - INFO - norm_D spectralinstance
2022-08-13 01:02:37,915 - root - INFO - norm_S spectralinstance
2022-08-13 01:02:37,915 - root - INFO - norm_E spectralinstance
2022-08-13 01:02:37,915 - root - INFO - batch_size 16
2022-08-13 01:02:37,915 - root - INFO - img_size [512, 512, 512]
2022-08-13 01:02:37,915 - root - INFO - box_size [512, 512, 512]
2022-08-13 01:02:37,915 - root - INFO - input_nc 5
2022-08-13 01:02:37,915 - root - INFO - output_nc 5
2022-08-13 01:02:37,915 - root - INFO - netG tsit
2022-08-13 01:02:37,915 - root - INFO - ngf 64
2022-08-13 01:02:37,916 - root - INFO - init_type xavier
2022-08-13 01:02:37,916 - root - INFO - init_variance 0.02
2022-08-13 01:02:37,916 - root - INFO - z_dim 256
2022-08-13 01:02:37,916 - root - INFO - alpha 1.0
2022-08-13 01:02:37,916 - root - INFO - no_ss True
2022-08-13 01:02:37,916 - root - INFO - downsamp True
2022-08-13 01:02:37,916 - root - INFO - use_periodic_padding True
2022-08-13 01:02:37,916 - root - INFO - additive_noise False
2022-08-13 01:02:37,916 - root - INFO - nef 16
2022-08-13 01:02:37,916 - root - INFO - use_vae False
2022-08-13 01:02:37,916 - root - INFO - optimizer adam
2022-08-13 01:02:37,916 - root - INFO - beta1 0.5
2022-08-13 01:02:37,916 - root - INFO - beta2 0.999
2022-08-13 01:02:37,916 - root - INFO - lr 0.0002
2022-08-13 01:02:37,916 - root - INFO - D_steps_per_G 1
2022-08-13 01:02:37,916 - root - INFO - ndf 64
2022-08-13 01:02:37,916 - root - INFO - lambda_feat 0.5
2022-08-13 01:02:37,916 - root - INFO - no_ganFeat_loss False
2022-08-13 01:02:37,916 - root - INFO - gan_mode hinge
2022-08-13 01:02:37,916 - root - INFO - netD multiscale
2022-08-13 01:02:37,916 - root - INFO - num_D 2
2022-08-13 01:02:37,916 - root - INFO - n_layers_D 4
2022-08-13 01:02:37,916 - root - INFO - no_TTUR True
2022-08-13 01:02:37,916 - root - INFO - lambda_kld 0.05
2022-08-13 01:02:37,916 - root - INFO - cat_inp False
2022-08-13 01:02:37,916 - root - INFO - entity weatherbenching
2022-08-13 01:02:37,916 - root - INFO - project Nyx-TSIT
2022-08-13 01:02:37,916 - root - INFO - log_to_wandb True
2022-08-13 01:02:37,916 - root - INFO - log_to_screen True
2022-08-13 01:02:37,916 - root - INFO - save_checkpoint True
2022-08-13 01:02:37,916 - root - INFO - weight_init ordereddict([('conv_init', 'normal'), ('conv_scale', 0.02), ('conv_bias', 0.0)])
2022-08-13 01:02:37,916 - root - INFO - lambda_rho 0
2022-08-13 01:02:37,916 - root - INFO - rank 1, begin data loader init
2022-08-13 01:02:37,916 - root - INFO - full_scale True
2022-08-13 01:02:37,916 - root - INFO - global_batch_size 64
2022-08-13 01:02:37,916 - root - INFO - base_batch_size 64
2022-08-13 01:02:37,916 - root - INFO - num_epochs 60
2022-08-13 01:02:37,916 - root - INFO - enable_amp False
2022-08-13 01:02:37,916 - root - INFO - enable_apex False
2022-08-13 01:02:37,916 - root - INFO - enable_benchy False
2022-08-13 01:02:37,916 - root - INFO - enable_jit False
2022-08-13 01:02:37,916 - root - INFO - expdir /pscratch/sd/c/cjacobus/Nyx_TSIT_train
2022-08-13 01:02:37,916 - root - INFO - lr_schedule ordereddict([('scaling', 'sqrt'), ('start_lr', 0.0002), ('end_lr', 0.0), ('warmup_steps', 128)])
2022-08-13 01:02:37,916 - root - INFO - data_loader_config lowmem
2022-08-13 01:02:37,916 - root - INFO - N_out_channels 5
2022-08-13 01:02:37,916 - root - INFO - rank 1, data loader initialized
2022-08-13 01:02:37,916 - root - INFO - N_in_channels 5
2022-08-13 01:02:37,916 - root - INFO - use_cache None
2022-08-13 01:02:37,916 - root - INFO - ---------------------------------------------------
log_to_wandb -------------------------------------------------------------------
dir exists: /pscratch/sd/c/cjacobus/tsit/expts/new_tighttrain_L1only/checkpoints/
2022-08-13 01:02:37,918 - root - INFO - rank 6, begin data loader init
2022-08-13 01:02:37,919 - root - INFO - rank 6, data loader initialized
2022-08-13 01:02:37,921 - root - INFO - rank 4, begin data loader init
2022-08-13 01:02:37,921 - root - INFO - rank 4, data loader initialized
2022-08-13 01:02:37,922 - root - INFO - rank 7, begin data loader init
2022-08-13 01:02:37,922 - root - INFO - rank 7, data loader initialized
2022-08-13 01:02:37,950 - root - INFO - rank 14, begin data loader init
2022-08-13 01:02:37,950 - root - INFO - rank 14, data loader initialized
2022-08-13 01:02:37,951 - root - INFO - rank 8, begin data loader init
2022-08-13 01:02:37,952 - root - INFO - rank 8, data loader initialized
2022-08-13 01:02:37,952 - root - INFO - rank 12, begin data loader init
2022-08-13 01:02:37,952 - root - INFO - rank 12, data loader initialized
2022-08-13 01:02:37,954 - root - INFO - rank 10, begin data loader init
2022-08-13 01:02:37,954 - root - INFO - rank 10, data loader initialized
2022-08-13 01:02:37,954 - root - INFO - rank 13, begin data loader init
2022-08-13 01:02:37,954 - root - INFO - rank 13, data loader initialized
2022-08-13 01:02:37,955 - root - INFO - rank 9, begin data loader init
2022-08-13 01:02:37,955 - root - INFO - rank 9, data loader initialized
2022-08-13 01:02:37,956 - root - INFO - rank 11, begin data loader init
2022-08-13 01:02:37,956 - root - INFO - rank 15, begin data loader init
2022-08-13 01:02:37,956 - root - INFO - rank 11, data loader initialized
2022-08-13 01:02:37,956 - root - INFO - rank 15, data loader initialized
wandb: Currently logged in as: cjacobus (use `wandb login --relogin` to force relogin)
wandb: wandb version 0.13.1 is available!  To upgrade, please run:
wandb:  $ pip install wandb --upgrade
wandb: Tracking run with wandb version 0.12.13
wandb: Run data is saved locally in /pscratch/sd/c/cjacobus/tsit/expts/new_tighttrain_L1only/wandb/run-20220813_010238-gkvhnqj6
wandb: Run `wandb offline` to turn off syncing.
wandb: Resuming run new_tighttrain_L1only
wandb: ⭐️ View project at https://wandb.ai/weatherbenching/Nyx-TSIT
wandb: 🚀 View run at https://wandb.ai/weatherbenching/Nyx-TSIT/runs/gkvhnqj6
checking dir: /pscratch/sd/c/cjacobus/tsit/expts/new_tighttrain_L1only/checkpoints/
dir exists: /pscratch/sd/c/cjacobus/tsit/expts/new_tighttrain_L1only/checkpoints/
2022-08-13 01:02:39,384 - root - INFO - rank 0, begin data loader init
2022-08-13 01:02:39,384 - root - INFO - rank 0, data loader initialized
Network [TSITGenerator] was created. Total number of parameters: 934.7 million. To see the architecture, do print(network).
Network [TSITGenerator] was created. Total number of parameters: 934.7 million. To see the architecture, do print(network).
Network [TSITGenerator] was created. Total number of parameters: 934.7 million. To see the architecture, do print(network).
Network [TSITGenerator] was created. Total number of parameters: 934.7 million. To see the architecture, do print(network).
Network [TSITGenerator] was created. Total number of parameters: 934.7 million. To see the architecture, do print(network).
Network [TSITGenerator] was created. Total number of parameters: 934.7 million. To see the architecture, do print(network).
Network [TSITGenerator] was created. Total number of parameters: 934.7 million. To see the architecture, do print(network).
Network [TSITGenerator] was created. Total number of parameters: 934.7 million. To see the architecture, do print(network).
Network [TSITGenerator] was created. Total number of parameters: 934.7 million. To see the architecture, do print(network).
Network [TSITGenerator] was created. Total number of parameters: 934.7 million. To see the architecture, do print(network).
Network [TSITGenerator] was created. Total number of parameters: 934.7 million. To see the architecture, do print(network).
Network [TSITGenerator] was created. Total number of parameters: 934.7 million. To see the architecture, do print(network).
Network [TSITGenerator] was created. Total number of parameters: 934.7 million. To see the architecture, do print(network).
Network [TSITGenerator] was created. Total number of parameters: 934.7 million. To see the architecture, do print(network).
Network [TSITGenerator] was created. Total number of parameters: 934.7 million. To see the architecture, do print(network).
Network [TSITGenerator] was created. Total number of parameters: 934.7 million. To see the architecture, do print(network).
Network [MultiscaleDiscriminator] was created. Total number of parameters: 22.1 million. To see the architecture, do print(network).
Network [MultiscaleDiscriminator] was created. Total number of parameters: 22.1 million. To see the architecture, do print(network).
Network [MultiscaleDiscriminator] was created. Total number of parameters: 22.1 million. To see the architecture, do print(network).
Network [MultiscaleDiscriminator] was created. Total number of parameters: 22.1 million. To see the architecture, do print(network).
Network [MultiscaleDiscriminator] was created. Total number of parameters: 22.1 million. To see the architecture, do print(network).
Network [MultiscaleDiscriminator] was created. Total number of parameters: 22.1 million. To see the architecture, do print(network).
Network [MultiscaleDiscriminator] was created. Total number of parameters: 22.1 million. To see the architecture, do print(network).
Network [MultiscaleDiscriminator] was created. Total number of parameters: 22.1 million. To see the architecture, do print(network).
Network [MultiscaleDiscriminator] was created. Total number of parameters: 22.1 million. To see the architecture, do print(network).
Network [MultiscaleDiscriminator] was created. Total number of parameters: 22.1 million. To see the architecture, do print(network).
Network [MultiscaleDiscriminator] was created. Total number of parameters: 22.1 million. To see the architecture, do print(network).
Network [MultiscaleDiscriminator] was created. Total number of parameters: 22.1 million. To see the architecture, do print(network).
Network [MultiscaleDiscriminator] was created. Total number of parameters: 22.1 million. To see the architecture, do print(network).
Network [MultiscaleDiscriminator] was created. Total number of parameters: 22.1 million. To see the architecture, do print(network).
Network [MultiscaleDiscriminator] was created. Total number of parameters: 22.1 million. To see the architecture, do print(network).
Network [MultiscaleDiscriminator] was created. Total number of parameters: 22.1 million. To see the architecture, do print(network).
2022-08-13 01:03:01,942 - root - INFO - Loading checkpoint /pscratch/sd/c/cjacobus/tsit/expts/new_tighttrain_L1only/checkpoints/ckpt.tar
2022-08-13 01:03:01,954 - root - INFO - Loading checkpoint /pscratch/sd/c/cjacobus/tsit/expts/new_tighttrain_L1only/checkpoints/ckpt.tar
2022-08-13 01:03:01,959 - root - INFO - Loading checkpoint /pscratch/sd/c/cjacobus/tsit/expts/new_tighttrain_L1only/checkpoints/ckpt.tar
2022-08-13 01:03:01,959 - root - INFO - Loading checkpoint /pscratch/sd/c/cjacobus/tsit/expts/new_tighttrain_L1only/checkpoints/ckpt.tar
2022-08-13 01:03:01,959 - root - INFO - Loading checkpoint /pscratch/sd/c/cjacobus/tsit/expts/new_tighttrain_L1only/checkpoints/ckpt.tar
2022-08-13 01:03:01,959 - root - INFO - Loading checkpoint /pscratch/sd/c/cjacobus/tsit/expts/new_tighttrain_L1only/checkpoints/ckpt.tar
2022-08-13 01:03:01,959 - root - INFO - Loading checkpoint /pscratch/sd/c/cjacobus/tsit/expts/new_tighttrain_L1only/checkpoints/ckpt.tar
2022-08-13 01:03:01,959 - root - INFO - Loading checkpoint /pscratch/sd/c/cjacobus/tsit/expts/new_tighttrain_L1only/checkpoints/ckpt.tar
2022-08-13 01:03:01,959 - root - INFO - Loading checkpoint /pscratch/sd/c/cjacobus/tsit/expts/new_tighttrain_L1only/checkpoints/ckpt.tar
2022-08-13 01:03:01,959 - root - INFO - Loading checkpoint /pscratch/sd/c/cjacobus/tsit/expts/new_tighttrain_L1only/checkpoints/ckpt.tar
2022-08-13 01:03:01,959 - root - INFO - Loading checkpoint /pscratch/sd/c/cjacobus/tsit/expts/new_tighttrain_L1only/checkpoints/ckpt.tar
2022-08-13 01:03:01,959 - root - INFO - Loading checkpoint /pscratch/sd/c/cjacobus/tsit/expts/new_tighttrain_L1only/checkpoints/ckpt.tar
2022-08-13 01:03:01,959 - root - INFO - Loading checkpoint /pscratch/sd/c/cjacobus/tsit/expts/new_tighttrain_L1only/checkpoints/ckpt.tar
2022-08-13 01:03:01,959 - root - INFO - Loading checkpoint /pscratch/sd/c/cjacobus/tsit/expts/new_tighttrain_L1only/checkpoints/ckpt.tar
2022-08-13 01:03:01,959 - root - INFO - Loading checkpoint /pscratch/sd/c/cjacobus/tsit/expts/new_tighttrain_L1only/checkpoints/ckpt.tar
2022-08-13 01:03:01,959 - root - INFO - Loading checkpoint /pscratch/sd/c/cjacobus/tsit/expts/new_tighttrain_L1only/checkpoints/ckpt.tar
2022-08-13 01:03:08,585 - root - INFO - Starting Training Loop...
[W reducer.cpp:1282] Warning: find_unused_parameters=True was specified in DDP constructor, but did not find any unused parameters in the forward pass. This flag results in an extra traversal of the autograd graph every iteration,  which can adversely affect performance. If your model indeed never has any unused parameters in the forward pass, consider turning this flag off. Note that this warning may be a false positive if your model has flow control causing later iterations to have unused parameters. (function operator())
[W reducer.cpp:1282] Warning: find_unused_parameters=True was specified in DDP constructor, but did not find any unused parameters in the forward pass. This flag results in an extra traversal of the autograd graph every iteration,  which can adversely affect performance. If your model indeed never has any unused parameters in the forward pass, consider turning this flag off. Note that this warning may be a false positive if your model has flow control causing later iterations to have unused parameters. (function operator())
[W reducer.cpp:1282] Warning: find_unused_parameters=True was specified in DDP constructor, but did not find any unused parameters in the forward pass. This flag results in an extra traversal of the autograd graph every iteration,  which can adversely affect performance. If your model indeed never has any unused parameters in the forward pass, consider turning this flag off. Note that this warning may be a false positive if your model has flow control causing later iterations to have unused parameters. (function operator())
[W reducer.cpp:1282] Warning: find_unused_parameters=True was specified in DDP constructor, but did not find any unused parameters in the forward pass. This flag results in an extra traversal of the autograd graph every iteration,  which can adversely affect performance. If your model indeed never has any unused parameters in the forward pass, consider turning this flag off. Note that this warning may be a false positive if your model has flow control causing later iterations to have unused parameters. (function operator())
[W reducer.cpp:1282] Warning: find_unused_parameters=True was specified in DDP constructor, but did not find any unused parameters in the forward pass. This flag results in an extra traversal of the autograd graph every iteration,  which can adversely affect performance. If your model indeed never has any unused parameters in the forward pass, consider turning this flag off. Note that this warning may be a false positive if your model has flow control causing later iterations to have unused parameters. (function operator())
[W reducer.cpp:1282] Warning: find_unused_parameters=True was specified in DDP constructor, but did not find any unused parameters in the forward pass. This flag results in an extra traversal of the autograd graph every iteration,  which can adversely affect performance. If your model indeed never has any unused parameters in the forward pass, consider turning this flag off. Note that this warning may be a false positive if your model has flow control causing later iterations to have unused parameters. (function operator())
[W reducer.cpp:1282] Warning: find_unused_parameters=True was specified in DDP constructor, but did not find any unused parameters in the forward pass. This flag results in an extra traversal of the autograd graph every iteration,  which can adversely affect performance. If your model indeed never has any unused parameters in the forward pass, consider turning this flag off. Note that this warning may be a false positive if your model has flow control causing later iterations to have unused parameters. (function operator())
[W reducer.cpp:1282] Warning: find_unused_parameters=True was specified in DDP constructor, but did not find any unused parameters in the forward pass. This flag results in an extra traversal of the autograd graph every iteration,  which can adversely affect performance. If your model indeed never has any unused parameters in the forward pass, consider turning this flag off. Note that this warning may be a false positive if your model has flow control causing later iterations to have unused parameters. (function operator())
[W reducer.cpp:1282] Warning: find_unused_parameters=True was specified in DDP constructor, but did not find any unused parameters in the forward pass. This flag results in an extra traversal of the autograd graph every iteration,  which can adversely affect performance. If your model indeed never has any unused parameters in the forward pass, consider turning this flag off. Note that this warning may be a false positive if your model has flow control causing later iterations to have unused parameters. (function operator())
[W reducer.cpp:1282] Warning: find_unused_parameters=True was specified in DDP constructor, but did not find any unused parameters in the forward pass. This flag results in an extra traversal of the autograd graph every iteration,  which can adversely affect performance. If your model indeed never has any unused parameters in the forward pass, consider turning this flag off. Note that this warning may be a false positive if your model has flow control causing later iterations to have unused parameters. (function operator())
[W reducer.cpp:1282] Warning: find_unused_parameters=True was specified in DDP constructor, but did not find any unused parameters in the forward pass. This flag results in an extra traversal of the autograd graph every iteration,  which can adversely affect performance. If your model indeed never has any unused parameters in the forward pass, consider turning this flag off. Note that this warning may be a false positive if your model has flow control causing later iterations to have unused parameters. (function operator())
[W reducer.cpp:1282] Warning: find_unused_parameters=True was specified in DDP constructor, but did not find any unused parameters in the forward pass. This flag results in an extra traversal of the autograd graph every iteration,  which can adversely affect performance. If your model indeed never has any unused parameters in the forward pass, consider turning this flag off. Note that this warning may be a false positive if your model has flow control causing later iterations to have unused parameters. (function operator())
[W reducer.cpp:1282] Warning: find_unused_parameters=True was specified in DDP constructor, but did not find any unused parameters in the forward pass. This flag results in an extra traversal of the autograd graph every iteration,  which can adversely affect performance. If your model indeed never has any unused parameters in the forward pass, consider turning this flag off. Note that this warning may be a false positive if your model has flow control causing later iterations to have unused parameters. (function operator())
[W reducer.cpp:1282] Warning: find_unused_parameters=True was specified in DDP constructor, but did not find any unused parameters in the forward pass. This flag results in an extra traversal of the autograd graph every iteration,  which can adversely affect performance. If your model indeed never has any unused parameters in the forward pass, consider turning this flag off. Note that this warning may be a false positive if your model has flow control causing later iterations to have unused parameters. (function operator())
[W reducer.cpp:1282] Warning: find_unused_parameters=True was specified in DDP constructor, but did not find any unused parameters in the forward pass. This flag results in an extra traversal of the autograd graph every iteration,  which can adversely affect performance. If your model indeed never has any unused parameters in the forward pass, consider turning this flag off. Note that this warning may be a false positive if your model has flow control causing later iterations to have unused parameters. (function operator())
[W reducer.cpp:1282] Warning: find_unused_parameters=True was specified in DDP constructor, but did not find any unused parameters in the forward pass. This flag results in an extra traversal of the autograd graph every iteration,  which can adversely affect performance. If your model indeed never has any unused parameters in the forward pass, consider turning this flag off. Note that this warning may be a false positive if your model has flow control causing later iterations to have unused parameters. (function operator())
generator made step 0
discriminator made step 0
generator made step 16
discriminator made step 16
generator made step 32
discriminator made step 32
generator made step 48
discriminator made step 48
generator made step 64
discriminator made step 64
generator made step 80
discriminator made step 80
generator made step 96
discriminator made step 96
generator made step 112
discriminator made step 112
generator made step 128
discriminator made step 128
generator made step 144
discriminator made step 144
generator made step 160
discriminator made step 160
generator made step 176
discriminator made step 176
generator made step 192
discriminator made step 192
generator made step 208
discriminator made step 208
generator made step 224
discriminator made step 224
generator made step 240
discriminator made step 240
generator made step 256
discriminator made step 256
generator made step 272
discriminator made step 272
generator made step 288
discriminator made step 288
generator made step 304
discriminator made step 304
generator made step 320
discriminator made step 320
generator made step 336
discriminator made step 336
generator made step 352
discriminator made step 352
generator made step 368
discriminator made step 368
generator made step 384
discriminator made step 384
generator made step 400
discriminator made step 400
generator made step 416
discriminator made step 416
generator made step 432
discriminator made step 432
generator made step 448
discriminator made step 448
generator made step 464
discriminator made step 464
generator made step 480
discriminator made step 480
generator made step 496
discriminator made step 496
2022-08-13 01:16:33,754 - root - INFO - Total=805.167494, G=700.250176, D=99.046619, data=1.643438, next=4.227261
2022-08-13 01:16:40,413 - root - INFO - Total=6.658159, G=0.426137, data=3.248957, acc=0.727840, agg=0.232606, next=2.022619
saving checkpoint...
2022-08-13 01:16:53,270 - root - INFO - Time taken for epoch 119 is 824.6844217777252 sec
2022-08-13 01:16:53,270 - root - INFO - Train time = 805.1674942970276, Valid time = 6.658158540725708
2022-08-13 01:16:53,270 - root - INFO - G losses = {'GAN': 2.5078611373901367, 'GAN_Feat': 0.4077884554862976, 'L1': 56.77181625366211}
2022-08-13 01:16:53,270 - root - INFO - D losses = {'D_Fake': 0.007417773362249136, 'D_real': 8.664609049446881e-05}
generator made step 0
discriminator made step 0
generator made step 16
discriminator made step 16
generator made step 32
discriminator made step 32
generator made step 48
discriminator made step 48
generator made step 64
discriminator made step 64
generator made step 80
discriminator made step 80
generator made step 96
discriminator made step 96
generator made step 112
discriminator made step 112
generator made step 128
discriminator made step 128
generator made step 144
discriminator made step 144
generator made step 160
discriminator made step 160
generator made step 176
discriminator made step 176
generator made step 192
discriminator made step 192
generator made step 208
discriminator made step 208
generator made step 224
discriminator made step 224
generator made step 240
discriminator made step 240
generator made step 256
discriminator made step 256
generator made step 272
discriminator made step 272
generator made step 288
discriminator made step 288
generator made step 304
discriminator made step 304
generator made step 320
discriminator made step 320
generator made step 336
discriminator made step 336
generator made step 352
discriminator made step 352
generator made step 368
discriminator made step 368
generator made step 384
discriminator made step 384
generator made step 400
discriminator made step 400
generator made step 416
discriminator made step 416
generator made step 432
discriminator made step 432
generator made step 448
discriminator made step 448
generator made step 464
discriminator made step 464
generator made step 480
discriminator made step 480
generator made step 496
discriminator made step 496
2022-08-13 01:29:38,473 - root - INFO - Total=765.201507, G=661.663092, D=99.709874, data=1.630368, next=2.198174
2022-08-13 01:29:44,375 - root - INFO - Total=5.901019, G=0.440337, data=3.288383, acc=0.013793, agg=0.252776, next=1.905730
saving checkpoint...
2022-08-13 01:29:56,569 - root - INFO - Time taken for epoch 120 is 783.2987813949585 sec
2022-08-13 01:29:56,569 - root - INFO - Train time = 765.2015070915222, Valid time = 5.901019096374512
2022-08-13 01:29:56,569 - root - INFO - G losses = {'GAN': 1.715512752532959, 'GAN_Feat': 0.3818070590496063, 'L1': 60.31507873535156}
2022-08-13 01:29:56,569 - root - INFO - D losses = {'D_Fake': 0.7471928000450134, 'D_real': 0.013847308233380318}
generator made step 0
discriminator made step 0
generator made step 16
discriminator made step 16
generator made step 32
discriminator made step 32
generator made step 48
discriminator made step 48
generator made step 64
discriminator made step 64
generator made step 80
discriminator made step 80
generator made step 96
discriminator made step 96
generator made step 112
discriminator made step 112
generator made step 128
discriminator made step 128
generator made step 144
discriminator made step 144
generator made step 160
discriminator made step 160
generator made step 176
discriminator made step 176
generator made step 192
discriminator made step 192
generator made step 208
discriminator made step 208
generator made step 224
discriminator made step 224
generator made step 240
discriminator made step 240
generator made step 256
discriminator made step 256
generator made step 272
discriminator made step 272
generator made step 288
discriminator made step 288
generator made step 304
discriminator made step 304
generator made step 320
discriminator made step 320
generator made step 336
discriminator made step 336
generator made step 352
discriminator made step 352
generator made step 368
discriminator made step 368
generator made step 384
discriminator made step 384
generator made step 400
discriminator made step 400
generator made step 416
discriminator made step 416
generator made step 432
discriminator made step 432
generator made step 448
discriminator made step 448
generator made step 464
discriminator made step 464
generator made step 480
discriminator made step 480
generator made step 496
discriminator made step 496
2022-08-13 01:42:48,981 - root - INFO - Total=772.411130, G=669.864418, D=99.588447, data=1.629400, next=1.328866
2022-08-13 01:42:54,185 - root - INFO - Total=5.202484, G=0.457868, data=3.366903, acc=0.006023, agg=0.210159, next=1.161530
saving checkpoint...
2022-08-13 01:43:06,605 - root - INFO - Time taken for epoch 121 is 790.035400390625 sec
2022-08-13 01:43:06,605 - root - INFO - Train time = 772.4111297130585, Valid time = 5.202483892440796
2022-08-13 01:43:06,605 - root - INFO - G losses = {'GAN': 3.1541757583618164, 'GAN_Feat': 0.4052717983722687, 'L1': 58.072418212890625}
2022-08-13 01:43:06,605 - root - INFO - D losses = {'D_Fake': 0.0015476583503186703, 'D_real': 0.0017621800070628524}
generator made step 0
discriminator made step 0
generator made step 16
discriminator made step 16
generator made step 32
discriminator made step 32
generator made step 48
discriminator made step 48
generator made step 64
discriminator made step 64
generator made step 80
discriminator made step 80
generator made step 96
discriminator made step 96
generator made step 112
discriminator made step 112
generator made step 128
discriminator made step 128
generator made step 144
discriminator made step 144
generator made step 160
discriminator made step 160
generator made step 176
discriminator made step 176
generator made step 192
discriminator made step 192
generator made step 208
discriminator made step 208
generator made step 224
discriminator made step 224
generator made step 240
discriminator made step 240
generator made step 256
discriminator made step 256
generator made step 272
discriminator made step 272
generator made step 288
discriminator made step 288
generator made step 304
discriminator made step 304
generator made step 320
discriminator made step 320
generator made step 336
discriminator made step 336
generator made step 352
discriminator made step 352
generator made step 368
discriminator made step 368
generator made step 384
discriminator made step 384
generator made step 400
discriminator made step 400
generator made step 416
discriminator made step 416
generator made step 432
discriminator made step 432
generator made step 448
discriminator made step 448
generator made step 464
discriminator made step 464
generator made step 480
discriminator made step 480
generator made step 496
discriminator made step 496
2022-08-13 01:55:59,648 - root - INFO - Total=773.041802, G=669.368478, D=99.679224, data=1.629861, next=2.364239
2022-08-13 01:56:05,551 - root - INFO - Total=5.901860, G=0.497132, data=3.216378, acc=0.005905, agg=0.250464, next=1.931981
saving checkpoint...
2022-08-13 01:56:17,714 - root - INFO - Time taken for epoch 122 is 791.1092042922974 sec
2022-08-13 01:56:17,715 - root - INFO - Train time = 773.0418016910553, Valid time = 5.901860475540161
2022-08-13 01:56:17,715 - root - INFO - G losses = {'GAN': 4.2639265060424805, 'GAN_Feat': 0.38864269852638245, 'L1': 52.82218551635742}
2022-08-13 01:56:17,715 - root - INFO - D losses = {'D_Fake': 0.43782925605773926, 'D_real': 0.6102307438850403}
generator made step 0
discriminator made step 0
generator made step 16
discriminator made step 16
generator made step 32
discriminator made step 32
generator made step 48
discriminator made step 48
generator made step 64
discriminator made step 64
generator made step 80
discriminator made step 80
generator made step 96
discriminator made step 96
generator made step 112
discriminator made step 112
generator made step 128
discriminator made step 128
generator made step 144
discriminator made step 144
generator made step 160
discriminator made step 160
generator made step 176
discriminator made step 176
generator made step 192
discriminator made step 192
generator made step 208
discriminator made step 208
generator made step 224
discriminator made step 224
slurmstepd: error: *** STEP 2969679.0 ON nid001085 CANCELLED AT 2022-08-13T02:02:22 DUE TO TIME LIMIT ***
slurmstepd: error: *** JOB 2969679 ON nid001085 CANCELLED AT 2022-08-13T02:02:22 DUE TO TIME LIMIT ***
srun: Job step aborted: Waiting up to 32 seconds for job step to finish.
