+ srun -u shifter -V /pscratch/sd/c/cjacobus/ML_Hydro_train/logs:/logs --image=nersc/pytorch:ngc-22.03-v0 --env PYTHONUSERBASE=/global/homes/c/cjacobus/.local/perlmutter/nersc-pytorch-ngc-22.03-v0 bash -c '
    source export_DDP_vars.sh
    python train.py --root_dir=/pscratch/sd/c/cjacobus/tsit --config=valid_L1_spec_128
    '
2022-07-29 20:07:25,215 - torch.distributed.distributed_c10d - INFO - Added key: store_based_barrier_key:1 to store for rank: 3
2022-07-29 20:07:25,218 - torch.distributed.distributed_c10d - INFO - Added key: store_based_barrier_key:1 to store for rank: 2
2022-07-29 20:07:25,219 - torch.distributed.distributed_c10d - INFO - Added key: store_based_barrier_key:1 to store for rank: 1
2022-07-29 20:07:25,863 - torch.distributed.distributed_c10d - INFO - Added key: store_based_barrier_key:1 to store for rank: 0
2022-07-29 20:07:25,924 - torch.distributed.distributed_c10d - INFO - Added key: store_based_barrier_key:1 to store for rank: 5
2022-07-29 20:07:25,928 - torch.distributed.distributed_c10d - INFO - Added key: store_based_barrier_key:1 to store for rank: 7
2022-07-29 20:07:25,929 - torch.distributed.distributed_c10d - INFO - Added key: store_based_barrier_key:1 to store for rank: 13
2022-07-29 20:07:25,931 - torch.distributed.distributed_c10d - INFO - Added key: store_based_barrier_key:1 to store for rank: 6
2022-07-29 20:07:25,931 - torch.distributed.distributed_c10d - INFO - Added key: store_based_barrier_key:1 to store for rank: 4
2022-07-29 20:07:25,933 - torch.distributed.distributed_c10d - INFO - Added key: store_based_barrier_key:1 to store for rank: 14
2022-07-29 20:07:25,934 - torch.distributed.distributed_c10d - INFO - Added key: store_based_barrier_key:1 to store for rank: 12
2022-07-29 20:07:25,935 - torch.distributed.distributed_c10d - INFO - Added key: store_based_barrier_key:1 to store for rank: 15
2022-07-29 20:07:26,048 - torch.distributed.distributed_c10d - INFO - Added key: store_based_barrier_key:1 to store for rank: 8
2022-07-29 20:07:26,054 - torch.distributed.distributed_c10d - INFO - Added key: store_based_barrier_key:1 to store for rank: 11
2022-07-29 20:07:26,055 - torch.distributed.distributed_c10d - INFO - Added key: store_based_barrier_key:1 to store for rank: 9
2022-07-29 20:07:26,056 - torch.distributed.distributed_c10d - INFO - Added key: store_based_barrier_key:1 to store for rank: 10
2022-07-29 20:07:26,056 - torch.distributed.distributed_c10d - INFO - Rank 1: Completed store-based barrier for key:store_based_barrier_key:1 with 16 nodes.
2022-07-29 20:07:26,056 - torch.distributed.distributed_c10d - INFO - Rank 10: Completed store-based barrier for key:store_based_barrier_key:1 with 16 nodes.
2022-07-29 20:07:26,056 - torch.distributed.distributed_c10d - INFO - Rank 5: Completed store-based barrier for key:store_based_barrier_key:1 with 16 nodes.
2022-07-29 20:07:26,056 - torch.distributed.distributed_c10d - INFO - Rank 12: Completed store-based barrier for key:store_based_barrier_key:1 with 16 nodes.
2022-07-29 20:07:26,057 - torch.distributed.distributed_c10d - INFO - Rank 15: Completed store-based barrier for key:store_based_barrier_key:1 with 16 nodes.
2022-07-29 20:07:26,059 - torch.distributed.distributed_c10d - INFO - Rank 8: Completed store-based barrier for key:store_based_barrier_key:1 with 16 nodes.
2022-07-29 20:07:26,060 - torch.distributed.distributed_c10d - INFO - Rank 3: Completed store-based barrier for key:store_based_barrier_key:1 with 16 nodes.
2022-07-29 20:07:26,061 - torch.distributed.distributed_c10d - INFO - Rank 7: Completed store-based barrier for key:store_based_barrier_key:1 with 16 nodes.
2022-07-29 20:07:26,062 - torch.distributed.distributed_c10d - INFO - Rank 13: Completed store-based barrier for key:store_based_barrier_key:1 with 16 nodes.
2022-07-29 20:07:26,064 - torch.distributed.distributed_c10d - INFO - Rank 11: Completed store-based barrier for key:store_based_barrier_key:1 with 16 nodes.
2022-07-29 20:07:26,064 - torch.distributed.distributed_c10d - INFO - Rank 6: Completed store-based barrier for key:store_based_barrier_key:1 with 16 nodes.
2022-07-29 20:07:26,064 - torch.distributed.distributed_c10d - INFO - Rank 4: Completed store-based barrier for key:store_based_barrier_key:1 with 16 nodes.
2022-07-29 20:07:26,065 - torch.distributed.distributed_c10d - INFO - Rank 2: Completed store-based barrier for key:store_based_barrier_key:1 with 16 nodes.
2022-07-29 20:07:26,065 - torch.distributed.distributed_c10d - INFO - Rank 0: Completed store-based barrier for key:store_based_barrier_key:1 with 16 nodes.
2022-07-29 20:07:26,066 - torch.distributed.distributed_c10d - INFO - Rank 9: Completed store-based barrier for key:store_based_barrier_key:1 with 16 nodes.
2022-07-29 20:07:26,066 - torch.distributed.distributed_c10d - INFO - Rank 14: Completed store-based barrier for key:store_based_barrier_key:1 with 16 nodes.
2022-07-29 20:07:26,079 - root - INFO - rank 15, begin data loader init
2022-07-29 20:07:26,079 - root - INFO - rank 15, data loader initialized
2022-07-29 20:07:26,080 - root - INFO - rank 12, begin data loader init
2022-07-29 20:07:26,080 - root - INFO - rank 13, begin data loader init
2022-07-29 20:07:26,080 - root - INFO - rank 14, begin data loader init
2022-07-29 20:07:26,080 - root - INFO - rank 12, data loader initialized
2022-07-29 20:07:26,080 - root - INFO - rank 13, data loader initialized
2022-07-29 20:07:26,080 - root - INFO - rank 14, data loader initialized
2022-07-29 20:07:26,082 - root - INFO - rank 6, begin data loader init
2022-07-29 20:07:26,082 - root - INFO - ------------------ Configuration ------------------
2022-07-29 20:07:26,082 - root - INFO - Configuration file: /global/u1/c/cjacobus/Nyx-TSIT/config/tsit.yaml
2022-07-29 20:07:26,082 - root - INFO - Configuration name: valid_L1_spec_128
2022-07-29 20:07:26,082 - root - INFO - Nsamples 8192
2022-07-29 20:07:26,082 - root - INFO - rank 6, data loader initialized
2022-07-29 20:07:26,082 - root - INFO - Nsamples_val 512
2022-07-29 20:07:26,082 - root - INFO - niter 100
2022-07-29 20:07:26,082 - root - INFO - niter_decay 50
2022-07-29 20:07:26,082 - root - INFO - use_spec_loss False
2022-07-29 20:07:26,082 - root - INFO - lambda_spec 100.0
2022-07-29 20:07:26,082 - root - INFO - use_l1_loss True
2022-07-29 20:07:26,082 - root - INFO - lambda_l1 300.0
2022-07-29 20:07:26,082 - root - INFO - data_size 128
2022-07-29 20:07:26,082 - root - INFO - train_path /pscratch/sd/c/cjacobus/Nyx_512/train_s1_512_invar3_hydro.h5
2022-07-29 20:07:26,082 - root - INFO - val_path /pscratch/sd/c/cjacobus/Nyx_512/valid_s2_512_invar3_hydro.h5
2022-07-29 20:07:26,082 - root - INFO - num_data_workers 16
2022-07-29 20:07:26,082 - root - INFO - in_channels [0, 1, 2, 3, 17, 18, 19]
2022-07-29 20:07:26,082 - root - INFO - out_channels [0]
2022-07-29 20:07:26,082 - root - INFO - min_path /pscratch/sd/s/shas1693/data/era5/mins.npy
2022-07-29 20:07:26,082 - root - INFO - max_path /pscratch/sd/s/shas1693/data/era5/maxs.npy
2022-07-29 20:07:26,082 - root - INFO - time_means_path /pscratch/sd/s/shas1693/data/era5/time_means.npy
2022-07-29 20:07:26,082 - root - INFO - global_means_path /pscratch/sd/s/shas1693/data/era5/global_means.npy
2022-07-29 20:07:26,082 - root - INFO - global_stds_path /pscratch/sd/s/shas1693/data/era5/global_stds.npy
2022-07-29 20:07:26,082 - root - INFO - precip /pscratch/sd/p/pharring/ERA5/precip/total_precipitation
2022-07-29 20:07:26,082 - root - INFO - precip_eps 1e-05
2022-07-29 20:07:26,082 - root - INFO - dt 1
2022-07-29 20:07:26,082 - root - INFO - n_history 0
2022-07-29 20:07:26,082 - root - INFO - crop_size_x None
2022-07-29 20:07:26,082 - root - INFO - rank 4, begin data loader init
2022-07-29 20:07:26,082 - root - INFO - crop_size_y None
2022-07-29 20:07:26,082 - root - INFO - roll False
2022-07-29 20:07:26,082 - root - INFO - conttime False
2022-07-29 20:07:26,082 - root - INFO - normalization zscore
2022-07-29 20:07:26,082 - root - INFO - add_grid False
2022-07-29 20:07:26,083 - root - INFO - model pix2pix
2022-07-29 20:07:26,083 - root - INFO - norm_G spectralfadebatch3x3
2022-07-29 20:07:26,083 - root - INFO - norm_D spectralinstance
2022-07-29 20:07:26,083 - root - INFO - norm_S spectralinstance
2022-07-29 20:07:26,083 - root - INFO - norm_E spectralinstance
2022-07-29 20:07:26,083 - root - INFO - batch_size 16
2022-07-29 20:07:26,083 - root - INFO - img_size [512, 512, 512]
2022-07-29 20:07:26,082 - root - INFO - rank 4, data loader initialized
2022-07-29 20:07:26,083 - root - INFO - box_size [512, 512, 512]
2022-07-29 20:07:26,083 - root - INFO - input_nc 5
2022-07-29 20:07:26,083 - root - INFO - output_nc 5
2022-07-29 20:07:26,083 - root - INFO - netG tsit
2022-07-29 20:07:26,083 - root - INFO - ngf 64
2022-07-29 20:07:26,083 - root - INFO - init_type xavier
2022-07-29 20:07:26,083 - root - INFO - init_variance 0.02
2022-07-29 20:07:26,083 - root - INFO - rank 5, begin data loader init
2022-07-29 20:07:26,083 - root - INFO - z_dim 256
2022-07-29 20:07:26,083 - root - INFO - alpha 1.0
2022-07-29 20:07:26,083 - root - INFO - no_ss True
2022-07-29 20:07:26,083 - root - INFO - rank 7, begin data loader init
2022-07-29 20:07:26,083 - root - INFO - downsamp True
2022-07-29 20:07:26,083 - root - INFO - num_upsampling_blocks 6
2022-07-29 20:07:26,083 - root - INFO - use_periodic_padding True
2022-07-29 20:07:26,083 - root - INFO - additive_noise False
2022-07-29 20:07:26,083 - root - INFO - nef 16
2022-07-29 20:07:26,083 - root - INFO - use_vae False
2022-07-29 20:07:26,083 - root - INFO - optimizer adam
2022-07-29 20:07:26,083 - root - INFO - beta1 0.5
2022-07-29 20:07:26,083 - root - INFO - beta2 0.999
2022-07-29 20:07:26,083 - root - INFO - lr 0.0002
2022-07-29 20:07:26,083 - root - INFO - D_steps_per_G 1
2022-07-29 20:07:26,083 - root - INFO - rank 5, data loader initialized
2022-07-29 20:07:26,083 - root - INFO - ndf 64
2022-07-29 20:07:26,083 - root - INFO - lambda_feat 0.5
2022-07-29 20:07:26,083 - root - INFO - no_ganFeat_loss False
2022-07-29 20:07:26,083 - root - INFO - rank 7, data loader initialized
2022-07-29 20:07:26,083 - root - INFO - gan_mode hinge
2022-07-29 20:07:26,083 - root - INFO - netD multiscale
2022-07-29 20:07:26,083 - root - INFO - num_D 2
2022-07-29 20:07:26,083 - root - INFO - n_layers_D 4
2022-07-29 20:07:26,083 - root - INFO - no_TTUR True
2022-07-29 20:07:26,083 - root - INFO - lambda_kld 0.05
2022-07-29 20:07:26,083 - root - INFO - cat_inp False
2022-07-29 20:07:26,083 - root - INFO - entity weatherbenching
2022-07-29 20:07:26,083 - root - INFO - project Nyx-TSIT
2022-07-29 20:07:26,083 - root - INFO - log_to_wandb True
2022-07-29 20:07:26,083 - root - INFO - log_to_screen True
2022-07-29 20:07:26,083 - root - INFO - save_checkpoint True
2022-07-29 20:07:26,083 - root - INFO - weight_init ordereddict([('conv_init', 'normal'), ('conv_scale', 0.02), ('conv_bias', 0.0)])
2022-07-29 20:07:26,083 - root - INFO - lambda_rho 0
2022-07-29 20:07:26,083 - root - INFO - full_scale True
2022-07-29 20:07:26,083 - root - INFO - global_batch_size 64
2022-07-29 20:07:26,083 - root - INFO - base_batch_size 64
2022-07-29 20:07:26,083 - root - INFO - num_epochs 60
2022-07-29 20:07:26,083 - root - INFO - enable_amp False
2022-07-29 20:07:26,083 - root - INFO - enable_apex False
2022-07-29 20:07:26,083 - root - INFO - enable_benchy False
2022-07-29 20:07:26,083 - root - INFO - rank 3, begin data loader init
2022-07-29 20:07:26,083 - root - INFO - enable_jit False
2022-07-29 20:07:26,083 - root - INFO - rank 2, begin data loader init
2022-07-29 20:07:26,083 - root - INFO - expdir /logs
2022-07-29 20:07:26,083 - root - INFO - lr_schedule ordereddict([('scaling', 'sqrt'), ('start_lr', 0.0002), ('end_lr', 0.0), ('warmup_steps', 128)])
2022-07-29 20:07:26,083 - root - INFO - data_loader_config lowmem
2022-07-29 20:07:26,083 - root - INFO - N_out_channels 5
2022-07-29 20:07:26,084 - root - INFO - N_in_channels 5
2022-07-29 20:07:26,084 - root - INFO - use_cache None
2022-07-29 20:07:26,083 - root - INFO - rank 1, begin data loader init
2022-07-29 20:07:26,084 - root - INFO - ---------------------------------------------------
log_to_wandb -------------------------------------------------------------------
dir exists: /pscratch/sd/c/cjacobus/tsit/expts/valid_L1_spec_128/checkpoints/
2022-07-29 20:07:26,084 - root - INFO - rank 9, begin data loader init
2022-07-29 20:07:26,084 - root - INFO - rank 2, data loader initialized
2022-07-29 20:07:26,084 - root - INFO - rank 3, data loader initialized
2022-07-29 20:07:26,084 - root - INFO - rank 1, data loader initialized
2022-07-29 20:07:26,084 - root - INFO - rank 10, begin data loader init
2022-07-29 20:07:26,084 - root - INFO - rank 8, begin data loader init
2022-07-29 20:07:26,084 - root - INFO - rank 11, begin data loader init
2022-07-29 20:07:26,084 - root - INFO - rank 9, data loader initialized
2022-07-29 20:07:26,084 - root - INFO - rank 10, data loader initialized
2022-07-29 20:07:26,084 - root - INFO - rank 11, data loader initialized
2022-07-29 20:07:26,084 - root - INFO - rank 8, data loader initialized
wandb: Currently logged in as: cjacobus (use `wandb login --relogin` to force relogin)
wandb: wandb version 0.12.21 is available!  To upgrade, please run:
wandb:  $ pip install wandb --upgrade
wandb: Tracking run with wandb version 0.12.13
wandb: Run data is saved locally in /pscratch/sd/c/cjacobus/tsit/expts/valid_L1_spec_128/wandb/run-20220729_200726-2bpu4ibs
wandb: Run `wandb offline` to turn off syncing.
wandb: Resuming run valid_L1_spec_128
wandb: ⭐️ View project at https://wandb.ai/weatherbenching/Nyx-TSIT
wandb: 🚀 View run at https://wandb.ai/weatherbenching/Nyx-TSIT/runs/2bpu4ibs
checking dir: /pscratch/sd/c/cjacobus/tsit/expts/valid_L1_spec_128/checkpoints/
dir exists: /pscratch/sd/c/cjacobus/tsit/expts/valid_L1_spec_128/checkpoints/
2022-07-29 20:07:27,478 - root - INFO - rank 0, begin data loader init
2022-07-29 20:07:27,478 - root - INFO - rank 0, data loader initialized
Network [TSITGenerator] was created. Total number of parameters: 934.7 million. To see the architecture, do print(network).
Network [TSITGenerator] was created. Total number of parameters: 934.7 million. To see the architecture, do print(network).
Network [TSITGenerator] was created. Total number of parameters: 934.7 million. To see the architecture, do print(network).
Network [TSITGenerator] was created. Total number of parameters: 934.7 million. To see the architecture, do print(network).
Network [TSITGenerator] was created. Total number of parameters: 934.7 million. To see the architecture, do print(network).
Network [TSITGenerator] was created. Total number of parameters: 934.7 million. To see the architecture, do print(network).
Network [TSITGenerator] was created. Total number of parameters: 934.7 million. To see the architecture, do print(network).
Network [TSITGenerator] was created. Total number of parameters: 934.7 million. To see the architecture, do print(network).
Network [TSITGenerator] was created. Total number of parameters: 934.7 million. To see the architecture, do print(network).
Network [TSITGenerator] was created. Total number of parameters: 934.7 million. To see the architecture, do print(network).
Network [TSITGenerator] was created. Total number of parameters: 934.7 million. To see the architecture, do print(network).
Network [TSITGenerator] was created. Total number of parameters: 934.7 million. To see the architecture, do print(network).
Network [TSITGenerator] was created. Total number of parameters: 934.7 million. To see the architecture, do print(network).
Network [TSITGenerator] was created. Total number of parameters: 934.7 million. To see the architecture, do print(network).
Network [TSITGenerator] was created. Total number of parameters: 934.7 million. To see the architecture, do print(network).
Network [TSITGenerator] was created. Total number of parameters: 934.7 million. To see the architecture, do print(network).
Network [MultiscaleDiscriminator] was created. Total number of parameters: 22.1 million. To see the architecture, do print(network).
Network [MultiscaleDiscriminator] was created. Total number of parameters: 22.1 million. To see the architecture, do print(network).
Network [MultiscaleDiscriminator] was created. Total number of parameters: 22.1 million. To see the architecture, do print(network).
Network [MultiscaleDiscriminator] was created. Total number of parameters: 22.1 million. To see the architecture, do print(network).
Network [MultiscaleDiscriminator] was created. Total number of parameters: 22.1 million. To see the architecture, do print(network).
Network [MultiscaleDiscriminator] was created. Total number of parameters: 22.1 million. To see the architecture, do print(network).
Network [MultiscaleDiscriminator] was created. Total number of parameters: 22.1 million. To see the architecture, do print(network).
Network [MultiscaleDiscriminator] was created. Total number of parameters: 22.1 million. To see the architecture, do print(network).
Network [MultiscaleDiscriminator] was created. Total number of parameters: 22.1 million. To see the architecture, do print(network).
Network [MultiscaleDiscriminator] was created. Total number of parameters: 22.1 million. To see the architecture, do print(network).
Network [MultiscaleDiscriminator] was created. Total number of parameters: 22.1 million. To see the architecture, do print(network).
Network [MultiscaleDiscriminator] was created. Total number of parameters: 22.1 million. To see the architecture, do print(network).
Network [MultiscaleDiscriminator] was created. Total number of parameters: 22.1 million. To see the architecture, do print(network).
Network [MultiscaleDiscriminator] was created. Total number of parameters: 22.1 million. To see the architecture, do print(network).
Network [MultiscaleDiscriminator] was created. Total number of parameters: 22.1 million. To see the architecture, do print(network).
Network [MultiscaleDiscriminator] was created. Total number of parameters: 22.1 million. To see the architecture, do print(network).
2022-07-29 20:07:47,215 - root - INFO - Loading checkpoint /pscratch/sd/c/cjacobus/tsit/expts/valid_L1_spec_128/checkpoints/ckpt.tar
2022-07-29 20:07:47,216 - root - INFO - Loading checkpoint /pscratch/sd/c/cjacobus/tsit/expts/valid_L1_spec_128/checkpoints/ckpt.tar
2022-07-29 20:07:47,216 - root - INFO - Loading checkpoint /pscratch/sd/c/cjacobus/tsit/expts/valid_L1_spec_128/checkpoints/ckpt.tar
2022-07-29 20:07:47,218 - root - INFO - Loading checkpoint /pscratch/sd/c/cjacobus/tsit/expts/valid_L1_spec_128/checkpoints/ckpt.tar
2022-07-29 20:07:47,218 - root - INFO - Loading checkpoint /pscratch/sd/c/cjacobus/tsit/expts/valid_L1_spec_128/checkpoints/ckpt.tar
2022-07-29 20:07:47,218 - root - INFO - Loading checkpoint /pscratch/sd/c/cjacobus/tsit/expts/valid_L1_spec_128/checkpoints/ckpt.tar
2022-07-29 20:07:47,219 - root - INFO - Loading checkpoint /pscratch/sd/c/cjacobus/tsit/expts/valid_L1_spec_128/checkpoints/ckpt.tar
2022-07-29 20:07:47,220 - root - INFO - Loading checkpoint /pscratch/sd/c/cjacobus/tsit/expts/valid_L1_spec_128/checkpoints/ckpt.tar
2022-07-29 20:07:47,221 - root - INFO - Loading checkpoint /pscratch/sd/c/cjacobus/tsit/expts/valid_L1_spec_128/checkpoints/ckpt.tar
2022-07-29 20:07:47,221 - root - INFO - Loading checkpoint /pscratch/sd/c/cjacobus/tsit/expts/valid_L1_spec_128/checkpoints/ckpt.tar
2022-07-29 20:07:47,222 - root - INFO - Loading checkpoint /pscratch/sd/c/cjacobus/tsit/expts/valid_L1_spec_128/checkpoints/ckpt.tar
2022-07-29 20:07:47,222 - root - INFO - Loading checkpoint /pscratch/sd/c/cjacobus/tsit/expts/valid_L1_spec_128/checkpoints/ckpt.tar
2022-07-29 20:07:47,223 - root - INFO - Loading checkpoint /pscratch/sd/c/cjacobus/tsit/expts/valid_L1_spec_128/checkpoints/ckpt.tar
2022-07-29 20:07:47,223 - root - INFO - Loading checkpoint /pscratch/sd/c/cjacobus/tsit/expts/valid_L1_spec_128/checkpoints/ckpt.tar
2022-07-29 20:07:47,223 - root - INFO - Loading checkpoint /pscratch/sd/c/cjacobus/tsit/expts/valid_L1_spec_128/checkpoints/ckpt.tar
2022-07-29 20:07:47,223 - root - INFO - Loading checkpoint /pscratch/sd/c/cjacobus/tsit/expts/valid_L1_spec_128/checkpoints/ckpt.tar
2022-07-29 20:07:53,951 - root - INFO - Starting Training Loop...
[W reducer.cpp:1282] Warning: find_unused_parameters=True was specified in DDP constructor, but did not find any unused parameters in the forward pass. This flag results in an extra traversal of the autograd graph every iteration,  which can adversely affect performance. If your model indeed never has any unused parameters in the forward pass, consider turning this flag off. Note that this warning may be a false positive if your model has flow control causing later iterations to have unused parameters. (function operator())
[W reducer.cpp:1282] Warning: find_unused_parameters=True was specified in DDP constructor, but did not find any unused parameters in the forward pass. This flag results in an extra traversal of the autograd graph every iteration,  which can adversely affect performance. If your model indeed never has any unused parameters in the forward pass, consider turning this flag off. Note that this warning may be a false positive if your model has flow control causing later iterations to have unused parameters. (function operator())
[W reducer.cpp:1282] Warning: find_unused_parameters=True was specified in DDP constructor, but did not find any unused parameters in the forward pass. This flag results in an extra traversal of the autograd graph every iteration,  which can adversely affect performance. If your model indeed never has any unused parameters in the forward pass, consider turning this flag off. Note that this warning may be a false positive if your model has flow control causing later iterations to have unused parameters. (function operator())
[W reducer.cpp:1282] Warning: find_unused_parameters=True was specified in DDP constructor, but did not find any unused parameters in the forward pass. This flag results in an extra traversal of the autograd graph every iteration,  which can adversely affect performance. If your model indeed never has any unused parameters in the forward pass, consider turning this flag off. Note that this warning may be a false positive if your model has flow control causing later iterations to have unused parameters. (function operator())
[W reducer.cpp:1282] Warning: find_unused_parameters=True was specified in DDP constructor, but did not find any unused parameters in the forward pass. This flag results in an extra traversal of the autograd graph every iteration,  which can adversely affect performance. If your model indeed never has any unused parameters in the forward pass, consider turning this flag off. Note that this warning may be a false positive if your model has flow control causing later iterations to have unused parameters. (function operator())
[W reducer.cpp:1282] Warning: find_unused_parameters=True was specified in DDP constructor, but did not find any unused parameters in the forward pass. This flag results in an extra traversal of the autograd graph every iteration,  which can adversely affect performance. If your model indeed never has any unused parameters in the forward pass, consider turning this flag off. Note that this warning may be a false positive if your model has flow control causing later iterations to have unused parameters. (function operator())
[W reducer.cpp:1282] Warning: find_unused_parameters=True was specified in DDP constructor, but did not find any unused parameters in the forward pass. This flag results in an extra traversal of the autograd graph every iteration,  which can adversely affect performance. If your model indeed never has any unused parameters in the forward pass, consider turning this flag off. Note that this warning may be a false positive if your model has flow control causing later iterations to have unused parameters. (function operator())
[W reducer.cpp:1282] Warning: find_unused_parameters=True was specified in DDP constructor, but did not find any unused parameters in the forward pass. This flag results in an extra traversal of the autograd graph every iteration,  which can adversely affect performance. If your model indeed never has any unused parameters in the forward pass, consider turning this flag off. Note that this warning may be a false positive if your model has flow control causing later iterations to have unused parameters. (function operator())
[W reducer.cpp:1282] Warning: find_unused_parameters=True was specified in DDP constructor, but did not find any unused parameters in the forward pass. This flag results in an extra traversal of the autograd graph every iteration,  which can adversely affect performance. If your model indeed never has any unused parameters in the forward pass, consider turning this flag off. Note that this warning may be a false positive if your model has flow control causing later iterations to have unused parameters. (function operator())
[W reducer.cpp:1282] Warning: find_unused_parameters=True was specified in DDP constructor, but did not find any unused parameters in the forward pass. This flag results in an extra traversal of the autograd graph every iteration,  which can adversely affect performance. If your model indeed never has any unused parameters in the forward pass, consider turning this flag off. Note that this warning may be a false positive if your model has flow control causing later iterations to have unused parameters. (function operator())
[W reducer.cpp:1282] Warning: find_unused_parameters=True was specified in DDP constructor, but did not find any unused parameters in the forward pass. This flag results in an extra traversal of the autograd graph every iteration,  which can adversely affect performance. If your model indeed never has any unused parameters in the forward pass, consider turning this flag off. Note that this warning may be a false positive if your model has flow control causing later iterations to have unused parameters. (function operator())
[W reducer.cpp:1282] Warning: find_unused_parameters=True was specified in DDP constructor, but did not find any unused parameters in the forward pass. This flag results in an extra traversal of the autograd graph every iteration,  which can adversely affect performance. If your model indeed never has any unused parameters in the forward pass, consider turning this flag off. Note that this warning may be a false positive if your model has flow control causing later iterations to have unused parameters. (function operator())
[W reducer.cpp:1282] Warning: find_unused_parameters=True was specified in DDP constructor, but did not find any unused parameters in the forward pass. This flag results in an extra traversal of the autograd graph every iteration,  which can adversely affect performance. If your model indeed never has any unused parameters in the forward pass, consider turning this flag off. Note that this warning may be a false positive if your model has flow control causing later iterations to have unused parameters. (function operator())
[W reducer.cpp:1282] Warning: find_unused_parameters=True was specified in DDP constructor, but did not find any unused parameters in the forward pass. This flag results in an extra traversal of the autograd graph every iteration,  which can adversely affect performance. If your model indeed never has any unused parameters in the forward pass, consider turning this flag off. Note that this warning may be a false positive if your model has flow control causing later iterations to have unused parameters. (function operator())
[W reducer.cpp:1282] Warning: find_unused_parameters=True was specified in DDP constructor, but did not find any unused parameters in the forward pass. This flag results in an extra traversal of the autograd graph every iteration,  which can adversely affect performance. If your model indeed never has any unused parameters in the forward pass, consider turning this flag off. Note that this warning may be a false positive if your model has flow control causing later iterations to have unused parameters. (function operator())
[W reducer.cpp:1282] Warning: find_unused_parameters=True was specified in DDP constructor, but did not find any unused parameters in the forward pass. This flag results in an extra traversal of the autograd graph every iteration,  which can adversely affect performance. If your model indeed never has any unused parameters in the forward pass, consider turning this flag off. Note that this warning may be a false positive if your model has flow control causing later iterations to have unused parameters. (function operator())
generator made step 0
discriminator made step 0
generator made step 16
discriminator made step 16
generator made step 32
discriminator made step 32
generator made step 48
discriminator made step 48
generator made step 64
discriminator made step 64
generator made step 80
discriminator made step 80
generator made step 96
discriminator made step 96
generator made step 112
discriminator made step 112
generator made step 128
discriminator made step 128
generator made step 144
discriminator made step 144
generator made step 160
discriminator made step 160
generator made step 176
discriminator made step 176
generator made step 192
discriminator made step 192
generator made step 208
discriminator made step 208
generator made step 224
discriminator made step 224
generator made step 240
discriminator made step 240
generator made step 256
discriminator made step 256
generator made step 272
discriminator made step 272
generator made step 288
discriminator made step 288
generator made step 304
discriminator made step 304
generator made step 320
discriminator made step 320
generator made step 336
discriminator made step 336
generator made step 352
discriminator made step 352
generator made step 368
discriminator made step 368
generator made step 384
discriminator made step 384
generator made step 400
discriminator made step 400
generator made step 416
discriminator made step 416
generator made step 432
discriminator made step 432
generator made step 448
discriminator made step 448
generator made step 464
discriminator made step 464
generator made step 480
discriminator made step 480
generator made step 496
discriminator made step 496
2022-07-29 20:15:44,707 - root - INFO - Total=470.755989, G=373.325020, D=92.513680, data=1.646800, next=3.270489
2022-07-29 20:15:51,992 - root - INFO - Total=7.283489, G=0.458899, data=3.264157, acc=0.773450, agg=0.167717, next=2.619267
saving checkpoint...
2022-07-29 20:16:04,483 - root - INFO - Time taken for epoch 42 is 490.53208017349243 sec
2022-07-29 20:16:04,483 - root - INFO - Train time = 470.7559885978699, Valid time = 7.283489227294922
2022-07-29 20:16:04,483 - root - INFO - G losses = {'GAN': 5.234891891479492, 'GAN_Feat': 0.5240081548690796, 'L1': 14.552397727966309}
2022-07-29 20:16:04,483 - root - INFO - D losses = {'D_Fake': 1.6973754100035876e-05, 'D_real': 0.014268218539655209}
generator made step 0
discriminator made step 0
generator made step 16
discriminator made step 16
generator made step 32
discriminator made step 32
generator made step 48
discriminator made step 48
generator made step 64
discriminator made step 64
generator made step 80
discriminator made step 80
generator made step 96
discriminator made step 96
generator made step 112
discriminator made step 112
generator made step 128
discriminator made step 128
generator made step 144
discriminator made step 144
generator made step 160
discriminator made step 160
generator made step 176
discriminator made step 176
generator made step 192
discriminator made step 192
generator made step 208
discriminator made step 208
generator made step 224
discriminator made step 224
generator made step 240
discriminator made step 240
generator made step 256
discriminator made step 256
generator made step 272
discriminator made step 272
generator made step 288
discriminator made step 288
generator made step 304
discriminator made step 304
generator made step 320
discriminator made step 320
generator made step 336
discriminator made step 336
generator made step 352
discriminator made step 352
generator made step 368
discriminator made step 368
generator made step 384
discriminator made step 384
generator made step 400
discriminator made step 400
generator made step 416
discriminator made step 416
generator made step 432
discriminator made step 432
generator made step 448
discriminator made step 448
generator made step 464
discriminator made step 464
generator made step 480
discriminator made step 480
generator made step 496
discriminator made step 496
2022-07-29 20:23:28,350 - root - INFO - Total=443.865879, G=347.297392, D=92.595056, data=1.629583, next=2.343848
2022-07-29 20:23:34,117 - root - INFO - Total=5.766221, G=0.611523, data=3.193693, acc=0.008931, agg=0.140068, next=1.812005
saving checkpoint...
2022-07-29 20:23:46,209 - root - INFO - Time taken for epoch 43 is 461.7262041568756 sec
2022-07-29 20:23:46,209 - root - INFO - Train time = 443.86587858200073, Valid time = 5.766221284866333
2022-07-29 20:23:46,209 - root - INFO - G losses = {'GAN': 7.955870628356934, 'GAN_Feat': 0.5905072689056396, 'L1': 18.931520462036133}
2022-07-29 20:23:46,209 - root - INFO - D losses = {'D_Fake': 8.47534611239098e-05, 'D_real': 0.0023305239155888557}
generator made step 0
discriminator made step 0
generator made step 16
discriminator made step 16
generator made step 32
discriminator made step 32
generator made step 48
discriminator made step 48
generator made step 64
discriminator made step 64
generator made step 80
discriminator made step 80
generator made step 96
discriminator made step 96
generator made step 112
discriminator made step 112
generator made step 128
discriminator made step 128
generator made step 144
discriminator made step 144
generator made step 160
discriminator made step 160
generator made step 176
discriminator made step 176
generator made step 192
discriminator made step 192
generator made step 208
discriminator made step 208
generator made step 224
discriminator made step 224
generator made step 240
discriminator made step 240
generator made step 256
discriminator made step 256
generator made step 272
discriminator made step 272
generator made step 288
discriminator made step 288
generator made step 304
discriminator made step 304
generator made step 320
discriminator made step 320
generator made step 336
discriminator made step 336
generator made step 352
discriminator made step 352
generator made step 368
discriminator made step 368
generator made step 384
discriminator made step 384
generator made step 400
discriminator made step 400
generator made step 416
discriminator made step 416
generator made step 432
discriminator made step 432
generator made step 448
discriminator made step 448
generator made step 464
discriminator made step 464
generator made step 480
discriminator made step 480
generator made step 496
discriminator made step 496
2022-07-29 20:31:09,087 - root - INFO - Total=442.876522, G=347.417853, D=92.630723, data=1.629344, next=1.198603
2022-07-29 20:31:14,739 - root - INFO - Total=5.650925, G=0.581307, data=3.119686, acc=0.010540, agg=0.148345, next=1.791046
saving checkpoint...
2022-07-29 20:31:26,963 - root - INFO - Time taken for epoch 44 is 460.75311970710754 sec
2022-07-29 20:31:26,963 - root - INFO - Train time = 442.876522064209, Valid time = 5.650924921035767
2022-07-29 20:31:26,963 - root - INFO - G losses = {'GAN': 6.8755035400390625, 'GAN_Feat': 0.5933160185813904, 'L1': 20.816177368164062}
2022-07-29 20:31:26,963 - root - INFO - D losses = {'D_Fake': 0.11150280386209488, 'D_real': 0.00611172104254365}
generator made step 0
discriminator made step 0
generator made step 16
discriminator made step 16
generator made step 32
discriminator made step 32
generator made step 48
discriminator made step 48
generator made step 64
discriminator made step 64
generator made step 80
discriminator made step 80
generator made step 96
discriminator made step 96
generator made step 112
discriminator made step 112
generator made step 128
discriminator made step 128
generator made step 144
discriminator made step 144
generator made step 160
discriminator made step 160
generator made step 176
discriminator made step 176
generator made step 192
discriminator made step 192
generator made step 208
discriminator made step 208
generator made step 224
discriminator made step 224
generator made step 240
discriminator made step 240
generator made step 256
discriminator made step 256
generator made step 272
discriminator made step 272
generator made step 288
discriminator made step 288
generator made step 304
discriminator made step 304
generator made step 320
discriminator made step 320
generator made step 336
discriminator made step 336
generator made step 352
discriminator made step 352
generator made step 368
discriminator made step 368
generator made step 384
discriminator made step 384
generator made step 400
discriminator made step 400
generator made step 416
discriminator made step 416
generator made step 432
discriminator made step 432
generator made step 448
discriminator made step 448
generator made step 464
discriminator made step 464
generator made step 480
discriminator made step 480
generator made step 496
discriminator made step 496
2022-07-29 20:38:51,049 - root - INFO - Total=444.085740, G=347.424237, D=92.652054, data=1.628907, next=2.380542
2022-07-29 20:38:56,202 - root - INFO - Total=5.151548, G=0.514401, data=3.233669, acc=0.009192, agg=0.131057, next=1.263230
saving checkpoint...
2022-07-29 20:39:08,195 - root - INFO - Time taken for epoch 45 is 461.2323920726776 sec
2022-07-29 20:39:08,195 - root - INFO - Train time = 444.0857400894165, Valid time = 5.151548147201538
2022-07-29 20:39:08,195 - root - INFO - G losses = {'GAN': 4.249704837799072, 'GAN_Feat': 0.5506431460380554, 'L1': 17.031723022460938}
2022-07-29 20:39:08,195 - root - INFO - D losses = {'D_Fake': 0.008636798709630966, 'D_real': 0.1367872804403305}
generator made step 0
discriminator made step 0
generator made step 16
discriminator made step 16
generator made step 32
discriminator made step 32
generator made step 48
discriminator made step 48
generator made step 64
discriminator made step 64
generator made step 80
discriminator made step 80
generator made step 96
discriminator made step 96
generator made step 112
discriminator made step 112
generator made step 128
discriminator made step 128
generator made step 144
discriminator made step 144
generator made step 160
discriminator made step 160
generator made step 176
discriminator made step 176
generator made step 192
discriminator made step 192
generator made step 208
discriminator made step 208
generator made step 224
discriminator made step 224
generator made step 240
discriminator made step 240
generator made step 256
discriminator made step 256
generator made step 272
discriminator made step 272
generator made step 288
discriminator made step 288
generator made step 304
discriminator made step 304
generator made step 320
discriminator made step 320
generator made step 336
discriminator made step 336
generator made step 352
discriminator made step 352
generator made step 368
discriminator made step 368
generator made step 384
discriminator made step 384
generator made step 400
discriminator made step 400
generator made step 416
discriminator made step 416
generator made step 432
discriminator made step 432
generator made step 448
discriminator made step 448
generator made step 464
discriminator made step 464
generator made step 480
discriminator made step 480
generator made step 496
discriminator made step 496
2022-07-29 20:46:32,074 - root - INFO - Total=443.877320, G=347.400234, D=92.611673, data=1.629264, next=2.236148
2022-07-29 20:46:38,128 - root - INFO - Total=6.053816, G=0.429312, data=3.432792, acc=0.006192, agg=0.145732, next=2.039787
saving checkpoint...
2022-07-29 20:46:50,210 - root - INFO - Time taken for epoch 46 is 462.0143156051636 sec
2022-07-29 20:46:50,210 - root - INFO - Train time = 443.87731981277466, Valid time = 6.053815841674805
2022-07-29 20:46:50,210 - root - INFO - G losses = {'GAN': 3.8749725818634033, 'GAN_Feat': 0.48598796129226685, 'L1': 18.63079071044922}
2022-07-29 20:46:50,210 - root - INFO - D losses = {'D_Fake': 0.005983117502182722, 'D_real': 0.2196381539106369}
generator made step 0
discriminator made step 0
generator made step 16
discriminator made step 16
generator made step 32
discriminator made step 32
generator made step 48
discriminator made step 48
generator made step 64
discriminator made step 64
generator made step 80
discriminator made step 80
generator made step 96
discriminator made step 96
generator made step 112
discriminator made step 112
generator made step 128
discriminator made step 128
generator made step 144
discriminator made step 144
generator made step 160
discriminator made step 160
generator made step 176
discriminator made step 176
generator made step 192
discriminator made step 192
generator made step 208
discriminator made step 208
generator made step 224
discriminator made step 224
generator made step 240
discriminator made step 240
generator made step 256
discriminator made step 256
generator made step 272
discriminator made step 272
generator made step 288
discriminator made step 288
generator made step 304
discriminator made step 304
generator made step 320
discriminator made step 320
generator made step 336
discriminator made step 336
generator made step 352
discriminator made step 352
generator made step 368
discriminator made step 368
generator made step 384
discriminator made step 384
generator made step 400
discriminator made step 400
generator made step 416
discriminator made step 416
generator made step 432
discriminator made step 432
generator made step 448
discriminator made step 448
generator made step 464
discriminator made step 464
generator made step 480
discriminator made step 480
generator made step 496
discriminator made step 496
2022-07-29 20:54:13,074 - root - INFO - Total=442.863090, G=347.409132, D=92.571209, data=1.631364, next=1.251384
2022-07-29 20:54:18,909 - root - INFO - Total=5.834488, G=0.548064, data=3.211389, acc=0.006958, agg=0.140532, next=1.927544
saving checkpoint...
2022-07-29 20:54:30,765 - root - INFO - Time taken for epoch 47 is 460.5547413825989 sec
2022-07-29 20:54:30,765 - root - INFO - Train time = 442.8630895614624, Valid time = 5.8344879150390625
2022-07-29 20:54:30,765 - root - INFO - G losses = {'GAN': 4.123238563537598, 'GAN_Feat': 0.6659085154533386, 'L1': 15.133415222167969}
2022-07-29 20:54:30,765 - root - INFO - D losses = {'D_Fake': 0.0001238606928382069, 'D_real': 0.008133670315146446}
generator made step 0
discriminator made step 0
generator made step 16
discriminator made step 16
generator made step 32
discriminator made step 32
generator made step 48
discriminator made step 48
generator made step 64
discriminator made step 64
generator made step 80
discriminator made step 80
generator made step 96
discriminator made step 96
generator made step 112
discriminator made step 112
generator made step 128
discriminator made step 128
generator made step 144
discriminator made step 144
generator made step 160
discriminator made step 160
generator made step 176
discriminator made step 176
generator made step 192
discriminator made step 192
generator made step 208
discriminator made step 208
generator made step 224
discriminator made step 224
generator made step 240
discriminator made step 240
generator made step 256
discriminator made step 256
generator made step 272
discriminator made step 272
generator made step 288
discriminator made step 288
generator made step 304
discriminator made step 304
generator made step 320
discriminator made step 320
generator made step 336
discriminator made step 336
generator made step 352
discriminator made step 352
generator made step 368
discriminator made step 368
generator made step 384
discriminator made step 384
generator made step 400
discriminator made step 400
generator made step 416
discriminator made step 416
generator made step 432
discriminator made step 432
generator made step 448
discriminator made step 448
generator made step 464
discriminator made step 464
generator made step 480
discriminator made step 480
generator made step 496
discriminator made step 496
2022-07-29 21:01:53,888 - root - INFO - Total=443.122326, G=347.515243, D=92.600340, data=1.628762, next=1.377981
2022-07-29 21:01:59,717 - root - INFO - Total=5.828191, G=0.429760, data=3.442029, acc=0.006249, agg=0.131248, next=1.818905
saving checkpoint...
2022-07-29 21:02:12,140 - root - INFO - Time taken for epoch 48 is 461.3753249645233 sec
2022-07-29 21:02:12,140 - root - INFO - Train time = 443.1223258972168, Valid time = 5.828190565109253
2022-07-29 21:02:12,140 - root - INFO - G losses = {'GAN': 4.071382999420166, 'GAN_Feat': 0.5764352679252625, 'L1': 17.743881225585938}
2022-07-29 21:02:12,140 - root - INFO - D losses = {'D_Fake': 0.1071590855717659, 'D_real': 0.3644790053367615}
generator made step 0
discriminator made step 0
generator made step 16
discriminator made step 16
generator made step 32
discriminator made step 32
generator made step 48
discriminator made step 48
generator made step 64
discriminator made step 64
generator made step 80
discriminator made step 80
generator made step 96
discriminator made step 96
generator made step 112
discriminator made step 112
generator made step 128
discriminator made step 128
generator made step 144
discriminator made step 144
generator made step 160
discriminator made step 160
generator made step 176
discriminator made step 176
generator made step 192
discriminator made step 192
generator made step 208
discriminator made step 208
generator made step 224
discriminator made step 224
generator made step 240
discriminator made step 240
generator made step 256
discriminator made step 256
generator made step 272
discriminator made step 272
generator made step 288
discriminator made step 288
generator made step 304
discriminator made step 304
generator made step 320
discriminator made step 320
generator made step 336
discriminator made step 336
slurmstepd: error: *** STEP 2843132.0 ON nid004016 CANCELLED AT 2022-07-29T21:07:15 DUE TO TIME LIMIT ***
slurmstepd: error: *** JOB 2843132 ON nid004016 CANCELLED AT 2022-07-29T21:07:15 DUE TO TIME LIMIT ***
srun: Job step aborted: Waiting up to 32 seconds for job step to finish.
