+ srun -u shifter -V /pscratch/sd/c/cjacobus/ML_Hydro_train/logs:/logs --image=nersc/pytorch:ngc-22.03-v0 --env PYTHONUSERBASE=/global/homes/c/cjacobus/.local/perlmutter/nersc-pytorch-ngc-22.03-v0 bash -c '
    source export_DDP_vars.sh
    python train.py --root_dir=/pscratch/sd/c/cjacobus/tsit --config=full_L1
    '
[W socket.cpp:701] The server socket on [nid002184]:29500 is not yet listening (errno: 111 - Connection refused), will retry.
[W socket.cpp:701] The server socket on [nid002184]:29500 is not yet listening (errno: 111 - Connection refused), will retry.
[W socket.cpp:701] The server socket on [nid002184]:29500 is not yet listening (errno: 111 - Connection refused), will retry.
[W socket.cpp:701] The server socket on [nid002184]:29500 is not yet listening (errno: 111 - Connection refused), will retry.
2022-07-27 08:07:32,636 - torch.distributed.distributed_c10d - INFO - Added key: store_based_barrier_key:1 to store for rank: 3
2022-07-27 08:07:32,640 - torch.distributed.distributed_c10d - INFO - Added key: store_based_barrier_key:1 to store for rank: 1
2022-07-27 08:07:32,640 - torch.distributed.distributed_c10d - INFO - Added key: store_based_barrier_key:1 to store for rank: 2
2022-07-27 08:07:32,851 - torch.distributed.distributed_c10d - INFO - Added key: store_based_barrier_key:1 to store for rank: 9
2022-07-27 08:07:32,854 - torch.distributed.distributed_c10d - INFO - Added key: store_based_barrier_key:1 to store for rank: 10
2022-07-27 08:07:32,857 - torch.distributed.distributed_c10d - INFO - Added key: store_based_barrier_key:1 to store for rank: 11
2022-07-27 08:07:32,857 - torch.distributed.distributed_c10d - INFO - Added key: store_based_barrier_key:1 to store for rank: 8
2022-07-27 08:07:33,143 - torch.distributed.distributed_c10d - INFO - Added key: store_based_barrier_key:1 to store for rank: 7
2022-07-27 08:07:33,147 - torch.distributed.distributed_c10d - INFO - Added key: store_based_barrier_key:1 to store for rank: 4
2022-07-27 08:07:33,150 - torch.distributed.distributed_c10d - INFO - Added key: store_based_barrier_key:1 to store for rank: 5
2022-07-27 08:07:33,151 - torch.distributed.distributed_c10d - INFO - Added key: store_based_barrier_key:1 to store for rank: 6
2022-07-27 08:07:33,377 - torch.distributed.distributed_c10d - INFO - Added key: store_based_barrier_key:1 to store for rank: 0
2022-07-27 08:07:33,471 - torch.distributed.distributed_c10d - INFO - Added key: store_based_barrier_key:1 to store for rank: 15
2022-07-27 08:07:33,475 - torch.distributed.distributed_c10d - INFO - Added key: store_based_barrier_key:1 to store for rank: 12
2022-07-27 08:07:33,476 - torch.distributed.distributed_c10d - INFO - Added key: store_based_barrier_key:1 to store for rank: 14
2022-07-27 08:07:33,477 - torch.distributed.distributed_c10d - INFO - Added key: store_based_barrier_key:1 to store for rank: 13
2022-07-27 08:07:33,478 - torch.distributed.distributed_c10d - INFO - Rank 13: Completed store-based barrier for key:store_based_barrier_key:1 with 16 nodes.
2022-07-27 08:07:33,479 - torch.distributed.distributed_c10d - INFO - Rank 0: Completed store-based barrier for key:store_based_barrier_key:1 with 16 nodes.
2022-07-27 08:07:33,479 - torch.distributed.distributed_c10d - INFO - Rank 5: Completed store-based barrier for key:store_based_barrier_key:1 with 16 nodes.
2022-07-27 08:07:33,479 - torch.distributed.distributed_c10d - INFO - Rank 6: Completed store-based barrier for key:store_based_barrier_key:1 with 16 nodes.
2022-07-27 08:07:33,480 - torch.distributed.distributed_c10d - INFO - Rank 7: Completed store-based barrier for key:store_based_barrier_key:1 with 16 nodes.
2022-07-27 08:07:33,480 - torch.distributed.distributed_c10d - INFO - Rank 10: Completed store-based barrier for key:store_based_barrier_key:1 with 16 nodes.
2022-07-27 08:07:33,481 - torch.distributed.distributed_c10d - INFO - Rank 15: Completed store-based barrier for key:store_based_barrier_key:1 with 16 nodes.
2022-07-27 08:07:33,482 - torch.distributed.distributed_c10d - INFO - Rank 8: Completed store-based barrier for key:store_based_barrier_key:1 with 16 nodes.
2022-07-27 08:07:33,483 - torch.distributed.distributed_c10d - INFO - Rank 1: Completed store-based barrier for key:store_based_barrier_key:1 with 16 nodes.
2022-07-27 08:07:33,484 - torch.distributed.distributed_c10d - INFO - Rank 11: Completed store-based barrier for key:store_based_barrier_key:1 with 16 nodes.
2022-07-27 08:07:33,484 - torch.distributed.distributed_c10d - INFO - Rank 2: Completed store-based barrier for key:store_based_barrier_key:1 with 16 nodes.
2022-07-27 08:07:33,485 - torch.distributed.distributed_c10d - INFO - Rank 9: Completed store-based barrier for key:store_based_barrier_key:1 with 16 nodes.
2022-07-27 08:07:33,485 - torch.distributed.distributed_c10d - INFO - Rank 4: Completed store-based barrier for key:store_based_barrier_key:1 with 16 nodes.
2022-07-27 08:07:33,485 - torch.distributed.distributed_c10d - INFO - Rank 3: Completed store-based barrier for key:store_based_barrier_key:1 with 16 nodes.
2022-07-27 08:07:33,486 - torch.distributed.distributed_c10d - INFO - Rank 12: Completed store-based barrier for key:store_based_barrier_key:1 with 16 nodes.
2022-07-27 08:07:33,486 - torch.distributed.distributed_c10d - INFO - Rank 14: Completed store-based barrier for key:store_based_barrier_key:1 with 16 nodes.
2022-07-27 08:07:33,499 - root - INFO - rank 5, begin data loader init
2022-07-27 08:07:33,499 - root - INFO - rank 7, begin data loader init
2022-07-27 08:07:33,499 - root - INFO - rank 6, begin data loader init
2022-07-27 08:07:33,499 - root - INFO - rank 4, begin data loader init
2022-07-27 08:07:33,499 - root - INFO - rank 5, data loader initialized
2022-07-27 08:07:33,499 - root - INFO - rank 6, data loader initialized
2022-07-27 08:07:33,499 - root - INFO - rank 7, data loader initialized
2022-07-27 08:07:33,499 - root - INFO - rank 4, data loader initialized
2022-07-27 08:07:33,504 - root - INFO - ------------------ Configuration ------------------
2022-07-27 08:07:33,504 - root - INFO - Configuration file: /global/u1/c/cjacobus/Nyx-TSIT/config/tsit.yaml
2022-07-27 08:07:33,504 - root - INFO - Configuration name: full_L1
2022-07-27 08:07:33,504 - root - INFO - Nsamples 8192
2022-07-27 08:07:33,504 - root - INFO - Nsamples_val 512
2022-07-27 08:07:33,504 - root - INFO - niter 100
2022-07-27 08:07:33,504 - root - INFO - rank 11, begin data loader init
2022-07-27 08:07:33,504 - root - INFO - niter_decay 50
2022-07-27 08:07:33,504 - root - INFO - use_spec_loss False
2022-07-27 08:07:33,504 - root - INFO - lambda_spec 1.0
2022-07-27 08:07:33,504 - root - INFO - use_l1_loss True
2022-07-27 08:07:33,504 - root - INFO - lambda_l1 1.0
2022-07-27 08:07:33,504 - root - INFO - num_data_workers 16
2022-07-27 08:07:33,504 - root - INFO - in_channels [0, 1, 2, 3, 17, 18, 19]
2022-07-27 08:07:33,504 - root - INFO - out_channels [0]
2022-07-27 08:07:33,504 - root - INFO - min_path /pscratch/sd/s/shas1693/data/era5/mins.npy
2022-07-27 08:07:33,504 - root - INFO - rank 9, begin data loader init
2022-07-27 08:07:33,504 - root - INFO - max_path /pscratch/sd/s/shas1693/data/era5/maxs.npy
2022-07-27 08:07:33,504 - root - INFO - time_means_path /pscratch/sd/s/shas1693/data/era5/time_means.npy
2022-07-27 08:07:33,504 - root - INFO - global_means_path /pscratch/sd/s/shas1693/data/era5/global_means.npy
2022-07-27 08:07:33,504 - root - INFO - global_stds_path /pscratch/sd/s/shas1693/data/era5/global_stds.npy
2022-07-27 08:07:33,504 - root - INFO - rank 11, data loader initialized
2022-07-27 08:07:33,504 - root - INFO - precip /pscratch/sd/p/pharring/ERA5/precip/total_precipitation
2022-07-27 08:07:33,504 - root - INFO - precip_eps 1e-05
2022-07-27 08:07:33,504 - root - INFO - dt 1
2022-07-27 08:07:33,504 - root - INFO - n_history 0
2022-07-27 08:07:33,504 - root - INFO - crop_size_x None
2022-07-27 08:07:33,504 - root - INFO - crop_size_y None
2022-07-27 08:07:33,504 - root - INFO - roll False
2022-07-27 08:07:33,504 - root - INFO - conttime False
2022-07-27 08:07:33,504 - root - INFO - normalization zscore
2022-07-27 08:07:33,504 - root - INFO - rank 9, data loader initialized
2022-07-27 08:07:33,504 - root - INFO - add_grid False
2022-07-27 08:07:33,504 - root - INFO - model pix2pix
2022-07-27 08:07:33,504 - root - INFO - norm_G spectralfadebatch3x3
2022-07-27 08:07:33,504 - root - INFO - norm_D spectralinstance
2022-07-27 08:07:33,504 - root - INFO - norm_S spectralinstance
2022-07-27 08:07:33,504 - root - INFO - norm_E spectralinstance
2022-07-27 08:07:33,504 - root - INFO - batch_size 16
2022-07-27 08:07:33,504 - root - INFO - img_size [512, 512, 512]
2022-07-27 08:07:33,504 - root - INFO - box_size [512, 512, 512]
2022-07-27 08:07:33,504 - root - INFO - rank 1, begin data loader init
2022-07-27 08:07:33,504 - root - INFO - rank 2, begin data loader init
2022-07-27 08:07:33,504 - root - INFO - rank 3, begin data loader init
2022-07-27 08:07:33,504 - root - INFO - data_size 128
2022-07-27 08:07:33,505 - root - INFO - input_nc 5
2022-07-27 08:07:33,505 - root - INFO - output_nc 5
2022-07-27 08:07:33,505 - root - INFO - netG tsit
2022-07-27 08:07:33,505 - root - INFO - ngf 64
2022-07-27 08:07:33,505 - root - INFO - init_type xavier
2022-07-27 08:07:33,505 - root - INFO - init_variance 0.02
2022-07-27 08:07:33,505 - root - INFO - z_dim 256
2022-07-27 08:07:33,505 - root - INFO - alpha 1.0
2022-07-27 08:07:33,505 - root - INFO - no_ss True
2022-07-27 08:07:33,505 - root - INFO - downsamp True
2022-07-27 08:07:33,505 - root - INFO - rank 2, data loader initialized
2022-07-27 08:07:33,505 - root - INFO - num_upsampling_blocks 6
2022-07-27 08:07:33,505 - root - INFO - rank 1, data loader initialized
2022-07-27 08:07:33,505 - root - INFO - use_periodic_padding True
2022-07-27 08:07:33,505 - root - INFO - rank 3, data loader initialized
2022-07-27 08:07:33,505 - root - INFO - additive_noise False
2022-07-27 08:07:33,505 - root - INFO - nef 16
2022-07-27 08:07:33,505 - root - INFO - use_vae False
2022-07-27 08:07:33,505 - root - INFO - optimizer adam
2022-07-27 08:07:33,505 - root - INFO - beta1 0.5
2022-07-27 08:07:33,505 - root - INFO - beta2 0.999
2022-07-27 08:07:33,505 - root - INFO - rank 13, begin data loader init
2022-07-27 08:07:33,505 - root - INFO - lr 0.0002
2022-07-27 08:07:33,505 - root - INFO - D_steps_per_G 1
2022-07-27 08:07:33,505 - root - INFO - ndf 64
2022-07-27 08:07:33,505 - root - INFO - lambda_feat 0.5
2022-07-27 08:07:33,505 - root - INFO - rank 14, begin data loader init
2022-07-27 08:07:33,505 - root - INFO - rank 15, begin data loader init
2022-07-27 08:07:33,505 - root - INFO - no_ganFeat_loss False
2022-07-27 08:07:33,505 - root - INFO - gan_mode hinge
2022-07-27 08:07:33,505 - root - INFO - netD multiscale
2022-07-27 08:07:33,505 - root - INFO - num_D 2
2022-07-27 08:07:33,505 - root - INFO - n_layers_D 4
2022-07-27 08:07:33,505 - root - INFO - rank 12, begin data loader init
2022-07-27 08:07:33,505 - root - INFO - no_TTUR True
2022-07-27 08:07:33,505 - root - INFO - lambda_kld 0.05
2022-07-27 08:07:33,505 - root - INFO - rank 8, begin data loader init
2022-07-27 08:07:33,505 - root - INFO - cat_inp False
2022-07-27 08:07:33,505 - root - INFO - rank 13, data loader initialized
2022-07-27 08:07:33,505 - root - INFO - entity weatherbenching
2022-07-27 08:07:33,505 - root - INFO - project Nyx-TSIT
2022-07-27 08:07:33,505 - root - INFO - rank 10, begin data loader init
2022-07-27 08:07:33,505 - root - INFO - log_to_wandb True
2022-07-27 08:07:33,505 - root - INFO - rank 14, data loader initialized
2022-07-27 08:07:33,505 - root - INFO - rank 15, data loader initialized
2022-07-27 08:07:33,505 - root - INFO - log_to_screen True
2022-07-27 08:07:33,505 - root - INFO - save_checkpoint True
2022-07-27 08:07:33,505 - root - INFO - rank 12, data loader initialized
2022-07-27 08:07:33,505 - root - INFO - weight_init ordereddict([('conv_init', 'normal'), ('conv_scale', 0.02), ('conv_bias', 0.0)])
2022-07-27 08:07:33,505 - root - INFO - lambda_rho 0
2022-07-27 08:07:33,505 - root - INFO - full_scale True
2022-07-27 08:07:33,505 - root - INFO - global_batch_size 64
2022-07-27 08:07:33,505 - root - INFO - base_batch_size 64
2022-07-27 08:07:33,505 - root - INFO - rank 8, data loader initialized
2022-07-27 08:07:33,505 - root - INFO - num_epochs 60
2022-07-27 08:07:33,505 - root - INFO - enable_amp False
2022-07-27 08:07:33,505 - root - INFO - enable_apex False
2022-07-27 08:07:33,505 - root - INFO - enable_benchy False
2022-07-27 08:07:33,505 - root - INFO - enable_jit False
2022-07-27 08:07:33,505 - root - INFO - expdir /logs
2022-07-27 08:07:33,505 - root - INFO - lr_schedule ordereddict([('scaling', 'sqrt'), ('start_lr', 0.0002), ('end_lr', 0.0), ('warmup_steps', 128)])
2022-07-27 08:07:33,505 - root - INFO - data_loader_config lowmem
2022-07-27 08:07:33,505 - root - INFO - N_out_channels 5
2022-07-27 08:07:33,505 - root - INFO - N_in_channels 5
2022-07-27 08:07:33,505 - root - INFO - rank 10, data loader initialized
2022-07-27 08:07:33,505 - root - INFO - train_path /pscratch/sd/c/cjacobus/Nyx_512/train_s1_512_hydro.h5
2022-07-27 08:07:33,505 - root - INFO - val_path /pscratch/sd/c/cjacobus/Nyx_512/train_s1_512_hydro.h5
2022-07-27 08:07:33,505 - root - INFO - use_cache None
2022-07-27 08:07:33,505 - root - INFO - ---------------------------------------------------
log_to_wandb -------------------------------------------------------------------
dir exists: /pscratch/sd/c/cjacobus/tsit/expts/full_L1/checkpoints/
wandb: Currently logged in as: cjacobus (use `wandb login --relogin` to force relogin)
wandb: wandb version 0.12.21 is available!  To upgrade, please run:
wandb:  $ pip install wandb --upgrade
wandb: Tracking run with wandb version 0.12.13
wandb: Run data is saved locally in /global/u1/c/cjacobus/Nyx-TSIT/wandb/run-20220727_080734-bjvg6h7j
wandb: Run `wandb offline` to turn off syncing.
wandb: Resuming run full_L1
wandb: ⭐️ View project at https://wandb.ai/weatherbenching/Nyx-TSIT
wandb: 🚀 View run at https://wandb.ai/weatherbenching/Nyx-TSIT/runs/bjvg6h7j
checking dir: /pscratch/sd/c/cjacobus/tsit/expts/full_L1/checkpoints/
dir exists: /pscratch/sd/c/cjacobus/tsit/expts/full_L1/checkpoints/
2022-07-27 08:07:35,212 - root - INFO - rank 0, begin data loader init
2022-07-27 08:07:35,212 - root - INFO - rank 0, data loader initialized
Network [TSITGenerator] was created. Total number of parameters: 934.7 million. To see the architecture, do print(network).
Network [TSITGenerator] was created. Total number of parameters: 934.7 million. To see the architecture, do print(network).
Network [TSITGenerator] was created. Total number of parameters: 934.7 million. To see the architecture, do print(network).
Network [TSITGenerator] was created. Total number of parameters: 934.7 million. To see the architecture, do print(network).
Network [TSITGenerator] was created. Total number of parameters: 934.7 million. To see the architecture, do print(network).
Network [TSITGenerator] was created. Total number of parameters: 934.7 million. To see the architecture, do print(network).
Network [TSITGenerator] was created. Total number of parameters: 934.7 million. To see the architecture, do print(network).
Network [TSITGenerator] was created. Total number of parameters: 934.7 million. To see the architecture, do print(network).
Network [TSITGenerator] was created. Total number of parameters: 934.7 million. To see the architecture, do print(network).
Network [TSITGenerator] was created. Total number of parameters: 934.7 million. To see the architecture, do print(network).
Network [TSITGenerator] was created. Total number of parameters: 934.7 million. To see the architecture, do print(network).
Network [TSITGenerator] was created. Total number of parameters: 934.7 million. To see the architecture, do print(network).
Network [TSITGenerator] was created. Total number of parameters: 934.7 million. To see the architecture, do print(network).
Network [TSITGenerator] was created. Total number of parameters: 934.7 million. To see the architecture, do print(network).
Network [TSITGenerator] was created. Total number of parameters: 934.7 million. To see the architecture, do print(network).
Network [TSITGenerator] was created. Total number of parameters: 934.7 million. To see the architecture, do print(network).
Network [MultiscaleDiscriminator] was created. Total number of parameters: 22.1 million. To see the architecture, do print(network).
Network [MultiscaleDiscriminator] was created. Total number of parameters: 22.1 million. To see the architecture, do print(network).
Network [MultiscaleDiscriminator] was created. Total number of parameters: 22.1 million. To see the architecture, do print(network).
Network [MultiscaleDiscriminator] was created. Total number of parameters: 22.1 million. To see the architecture, do print(network).
Network [MultiscaleDiscriminator] was created. Total number of parameters: 22.1 million. To see the architecture, do print(network).
Network [MultiscaleDiscriminator] was created. Total number of parameters: 22.1 million. To see the architecture, do print(network).
Network [MultiscaleDiscriminator] was created. Total number of parameters: 22.1 million. To see the architecture, do print(network).
Network [MultiscaleDiscriminator] was created. Total number of parameters: 22.1 million. To see the architecture, do print(network).
Network [MultiscaleDiscriminator] was created. Total number of parameters: 22.1 million. To see the architecture, do print(network).
Network [MultiscaleDiscriminator] was created. Total number of parameters: 22.1 million. To see the architecture, do print(network).
Network [MultiscaleDiscriminator] was created. Total number of parameters: 22.1 million. To see the architecture, do print(network).
Network [MultiscaleDiscriminator] was created. Total number of parameters: 22.1 million. To see the architecture, do print(network).
Network [MultiscaleDiscriminator] was created. Total number of parameters: 22.1 million. To see the architecture, do print(network).
Network [MultiscaleDiscriminator] was created. Total number of parameters: 22.1 million. To see the architecture, do print(network).
Network [MultiscaleDiscriminator] was created. Total number of parameters: 22.1 million. To see the architecture, do print(network).
Network [MultiscaleDiscriminator] was created. Total number of parameters: 22.1 million. To see the architecture, do print(network).
2022-07-27 08:07:55,411 - root - INFO - Loading checkpoint /pscratch/sd/c/cjacobus/tsit/expts/full_L1/checkpoints/ckpt.tar
2022-07-27 08:07:55,412 - root - INFO - Loading checkpoint /pscratch/sd/c/cjacobus/tsit/expts/full_L1/checkpoints/ckpt.tar
2022-07-27 08:07:55,413 - root - INFO - Loading checkpoint /pscratch/sd/c/cjacobus/tsit/expts/full_L1/checkpoints/ckpt.tar
2022-07-27 08:07:55,414 - root - INFO - Loading checkpoint /pscratch/sd/c/cjacobus/tsit/expts/full_L1/checkpoints/ckpt.tar
2022-07-27 08:07:55,414 - root - INFO - Loading checkpoint /pscratch/sd/c/cjacobus/tsit/expts/full_L1/checkpoints/ckpt.tar
2022-07-27 08:07:55,415 - root - INFO - Loading checkpoint /pscratch/sd/c/cjacobus/tsit/expts/full_L1/checkpoints/ckpt.tar
2022-07-27 08:07:55,416 - root - INFO - Loading checkpoint /pscratch/sd/c/cjacobus/tsit/expts/full_L1/checkpoints/ckpt.tar
2022-07-27 08:07:55,417 - root - INFO - Loading checkpoint /pscratch/sd/c/cjacobus/tsit/expts/full_L1/checkpoints/ckpt.tar
2022-07-27 08:07:55,417 - root - INFO - Loading checkpoint /pscratch/sd/c/cjacobus/tsit/expts/full_L1/checkpoints/ckpt.tar
2022-07-27 08:07:55,417 - root - INFO - Loading checkpoint /pscratch/sd/c/cjacobus/tsit/expts/full_L1/checkpoints/ckpt.tar
2022-07-27 08:07:55,417 - root - INFO - Loading checkpoint /pscratch/sd/c/cjacobus/tsit/expts/full_L1/checkpoints/ckpt.tar
2022-07-27 08:07:55,417 - root - INFO - Loading checkpoint /pscratch/sd/c/cjacobus/tsit/expts/full_L1/checkpoints/ckpt.tar
2022-07-27 08:07:55,418 - root - INFO - Loading checkpoint /pscratch/sd/c/cjacobus/tsit/expts/full_L1/checkpoints/ckpt.tar
2022-07-27 08:07:55,418 - root - INFO - Loading checkpoint /pscratch/sd/c/cjacobus/tsit/expts/full_L1/checkpoints/ckpt.tar
2022-07-27 08:07:55,418 - root - INFO - Loading checkpoint /pscratch/sd/c/cjacobus/tsit/expts/full_L1/checkpoints/ckpt.tar
2022-07-27 08:07:55,418 - root - INFO - Loading checkpoint /pscratch/sd/c/cjacobus/tsit/expts/full_L1/checkpoints/ckpt.tar
2022-07-27 08:08:02,144 - root - INFO - Starting Training Loop...
[W reducer.cpp:1282] Warning: find_unused_parameters=True was specified in DDP constructor, but did not find any unused parameters in the forward pass. This flag results in an extra traversal of the autograd graph every iteration,  which can adversely affect performance. If your model indeed never has any unused parameters in the forward pass, consider turning this flag off. Note that this warning may be a false positive if your model has flow control causing later iterations to have unused parameters. (function operator())
[W reducer.cpp:1282] Warning: find_unused_parameters=True was specified in DDP constructor, but did not find any unused parameters in the forward pass. This flag results in an extra traversal of the autograd graph every iteration,  which can adversely affect performance. If your model indeed never has any unused parameters in the forward pass, consider turning this flag off. Note that this warning may be a false positive if your model has flow control causing later iterations to have unused parameters. (function operator())
[W reducer.cpp:1282] Warning: find_unused_parameters=True was specified in DDP constructor, but did not find any unused parameters in the forward pass. This flag results in an extra traversal of the autograd graph every iteration,  which can adversely affect performance. If your model indeed never has any unused parameters in the forward pass, consider turning this flag off. Note that this warning may be a false positive if your model has flow control causing later iterations to have unused parameters. (function operator())
[W reducer.cpp:1282] Warning: find_unused_parameters=True was specified in DDP constructor, but did not find any unused parameters in the forward pass. This flag results in an extra traversal of the autograd graph every iteration,  which can adversely affect performance. If your model indeed never has any unused parameters in the forward pass, consider turning this flag off. Note that this warning may be a false positive if your model has flow control causing later iterations to have unused parameters. (function operator())
[W reducer.cpp:1282] Warning: find_unused_parameters=True was specified in DDP constructor, but did not find any unused parameters in the forward pass. This flag results in an extra traversal of the autograd graph every iteration,  which can adversely affect performance. If your model indeed never has any unused parameters in the forward pass, consider turning this flag off. Note that this warning may be a false positive if your model has flow control causing later iterations to have unused parameters. (function operator())
[W reducer.cpp:1282] Warning: find_unused_parameters=True was specified in DDP constructor, but did not find any unused parameters in the forward pass. This flag results in an extra traversal of the autograd graph every iteration,  which can adversely affect performance. If your model indeed never has any unused parameters in the forward pass, consider turning this flag off. Note that this warning may be a false positive if your model has flow control causing later iterations to have unused parameters. (function operator())
[W reducer.cpp:1282] Warning: find_unused_parameters=True was specified in DDP constructor, but did not find any unused parameters in the forward pass. This flag results in an extra traversal of the autograd graph every iteration,  which can adversely affect performance. If your model indeed never has any unused parameters in the forward pass, consider turning this flag off. Note that this warning may be a false positive if your model has flow control causing later iterations to have unused parameters. (function operator())
[W reducer.cpp:1282] Warning: find_unused_parameters=True was specified in DDP constructor, but did not find any unused parameters in the forward pass. This flag results in an extra traversal of the autograd graph every iteration,  which can adversely affect performance. If your model indeed never has any unused parameters in the forward pass, consider turning this flag off. Note that this warning may be a false positive if your model has flow control causing later iterations to have unused parameters. (function operator())
[W reducer.cpp:1282] Warning: find_unused_parameters=True was specified in DDP constructor, but did not find any unused parameters in the forward pass. This flag results in an extra traversal of the autograd graph every iteration,  which can adversely affect performance. If your model indeed never has any unused parameters in the forward pass, consider turning this flag off. Note that this warning may be a false positive if your model has flow control causing later iterations to have unused parameters. (function operator())
[W reducer.cpp:1282] Warning: find_unused_parameters=True was specified in DDP constructor, but did not find any unused parameters in the forward pass. This flag results in an extra traversal of the autograd graph every iteration,  which can adversely affect performance. If your model indeed never has any unused parameters in the forward pass, consider turning this flag off. Note that this warning may be a false positive if your model has flow control causing later iterations to have unused parameters. (function operator())
[W reducer.cpp:1282] Warning: find_unused_parameters=True was specified in DDP constructor, but did not find any unused parameters in the forward pass. This flag results in an extra traversal of the autograd graph every iteration,  which can adversely affect performance. If your model indeed never has any unused parameters in the forward pass, consider turning this flag off. Note that this warning may be a false positive if your model has flow control causing later iterations to have unused parameters. (function operator())
[W reducer.cpp:1282] Warning: find_unused_parameters=True was specified in DDP constructor, but did not find any unused parameters in the forward pass. This flag results in an extra traversal of the autograd graph every iteration,  which can adversely affect performance. If your model indeed never has any unused parameters in the forward pass, consider turning this flag off. Note that this warning may be a false positive if your model has flow control causing later iterations to have unused parameters. (function operator())
[W reducer.cpp:1282] Warning: find_unused_parameters=True was specified in DDP constructor, but did not find any unused parameters in the forward pass. This flag results in an extra traversal of the autograd graph every iteration,  which can adversely affect performance. If your model indeed never has any unused parameters in the forward pass, consider turning this flag off. Note that this warning may be a false positive if your model has flow control causing later iterations to have unused parameters. (function operator())
[W reducer.cpp:1282] Warning: find_unused_parameters=True was specified in DDP constructor, but did not find any unused parameters in the forward pass. This flag results in an extra traversal of the autograd graph every iteration,  which can adversely affect performance. If your model indeed never has any unused parameters in the forward pass, consider turning this flag off. Note that this warning may be a false positive if your model has flow control causing later iterations to have unused parameters. (function operator())
[W reducer.cpp:1282] Warning: find_unused_parameters=True was specified in DDP constructor, but did not find any unused parameters in the forward pass. This flag results in an extra traversal of the autograd graph every iteration,  which can adversely affect performance. If your model indeed never has any unused parameters in the forward pass, consider turning this flag off. Note that this warning may be a false positive if your model has flow control causing later iterations to have unused parameters. (function operator())
[W reducer.cpp:1282] Warning: find_unused_parameters=True was specified in DDP constructor, but did not find any unused parameters in the forward pass. This flag results in an extra traversal of the autograd graph every iteration,  which can adversely affect performance. If your model indeed never has any unused parameters in the forward pass, consider turning this flag off. Note that this warning may be a false positive if your model has flow control causing later iterations to have unused parameters. (function operator())
generator made step 0
discriminator made step 0
generator made step 16
discriminator made step 16
generator made step 32
discriminator made step 32
generator made step 48
discriminator made step 48
generator made step 64
discriminator made step 64
generator made step 80
discriminator made step 80
generator made step 96
discriminator made step 96
generator made step 112
discriminator made step 112
generator made step 128
discriminator made step 128
generator made step 144
discriminator made step 144
generator made step 160
discriminator made step 160
generator made step 176
discriminator made step 176
generator made step 192
discriminator made step 192
generator made step 208
discriminator made step 208
generator made step 224
discriminator made step 224
generator made step 240
discriminator made step 240
generator made step 256
discriminator made step 256
generator made step 272
discriminator made step 272
generator made step 288
discriminator made step 288
generator made step 304
discriminator made step 304
generator made step 320
discriminator made step 320
generator made step 336
discriminator made step 336
generator made step 352
discriminator made step 352
generator made step 368
discriminator made step 368
generator made step 384
discriminator made step 384
generator made step 400
discriminator made step 400
generator made step 416
discriminator made step 416
generator made step 432
discriminator made step 432
generator made step 448
discriminator made step 448
generator made step 464
discriminator made step 464
generator made step 480
discriminator made step 480
generator made step 496
discriminator made step 496
2022-07-27 08:15:52,714 - root - INFO - Total=470.568459, G=372.244998, D=92.380299, data=1.646132, next=4.297030
2022-07-27 08:15:59,299 - root - INFO - Total=6.584411, G=0.433596, data=3.272121, acc=0.786821, agg=0.151862, next=1.940010
2022-07-27 08:16:12,593 - root - INFO - Time taken for epoch 17 is 490.448317527771 sec
2022-07-27 08:16:12,593 - root - INFO - Train time = 470.56845903396606, Valid time = 6.584410667419434
2022-07-27 08:16:12,593 - root - INFO - G losses = {'GAN': 3.7304513454437256, 'GAN_Feat': 0.3418706953525543, 'L1': 0.09373479336500168}
2022-07-27 08:16:12,593 - root - INFO - D losses = {'D_Fake': 0.0, 'D_real': 0.08736759424209595}
generator made step 0
discriminator made step 0
generator made step 16
discriminator made step 16
generator made step 32
discriminator made step 32
generator made step 48
discriminator made step 48
generator made step 64
discriminator made step 64
generator made step 80
discriminator made step 80
generator made step 96
discriminator made step 96
generator made step 112
discriminator made step 112
generator made step 128
discriminator made step 128
generator made step 144
discriminator made step 144
generator made step 160
discriminator made step 160
generator made step 176
discriminator made step 176
generator made step 192
discriminator made step 192
generator made step 208
discriminator made step 208
generator made step 224
discriminator made step 224
generator made step 240
discriminator made step 240
generator made step 256
discriminator made step 256
generator made step 272
discriminator made step 272
generator made step 288
discriminator made step 288
generator made step 304
discriminator made step 304
generator made step 320
discriminator made step 320
generator made step 336
discriminator made step 336
generator made step 352
discriminator made step 352
generator made step 368
discriminator made step 368
generator made step 384
discriminator made step 384
generator made step 400
discriminator made step 400
generator made step 416
discriminator made step 416
generator made step 432
discriminator made step 432
generator made step 448
discriminator made step 448
generator made step 464
discriminator made step 464
generator made step 480
discriminator made step 480
generator made step 496
discriminator made step 496
2022-07-27 08:23:35,719 - root - INFO - Total=443.124828, G=346.986592, D=92.310077, data=1.631030, next=2.197130
2022-07-27 08:23:41,821 - root - INFO - Total=6.101624, G=0.486044, data=3.334222, acc=0.006598, agg=0.156045, next=2.118714
2022-07-27 08:23:53,956 - root - INFO - Time taken for epoch 18 is 461.3632757663727 sec
2022-07-27 08:23:53,956 - root - INFO - Train time = 443.12482833862305, Valid time = 6.101623773574829
2022-07-27 08:23:53,956 - root - INFO - G losses = {'GAN': 2.350198268890381, 'GAN_Feat': 0.3019583225250244, 'L1': 0.0846274346113205}
2022-07-27 08:23:53,956 - root - INFO - D losses = {'D_Fake': 0.3054594099521637, 'D_real': 0.08988960832357407}
generator made step 0
discriminator made step 0
generator made step 16
discriminator made step 16
generator made step 32
discriminator made step 32
generator made step 48
discriminator made step 48
generator made step 64
discriminator made step 64
generator made step 80
discriminator made step 80
generator made step 96
discriminator made step 96
generator made step 112
discriminator made step 112
generator made step 128
discriminator made step 128
generator made step 144
discriminator made step 144
generator made step 160
discriminator made step 160
generator made step 176
discriminator made step 176
generator made step 192
discriminator made step 192
generator made step 208
discriminator made step 208
generator made step 224
discriminator made step 224
generator made step 240
discriminator made step 240
generator made step 256
discriminator made step 256
generator made step 272
discriminator made step 272
generator made step 288
discriminator made step 288
generator made step 304
discriminator made step 304
generator made step 320
discriminator made step 320
generator made step 336
discriminator made step 336
generator made step 352
discriminator made step 352
generator made step 368
discriminator made step 368
generator made step 384
discriminator made step 384
generator made step 400
discriminator made step 400
generator made step 416
discriminator made step 416
generator made step 432
discriminator made step 432
generator made step 448
discriminator made step 448
generator made step 464
discriminator made step 464
generator made step 480
discriminator made step 480
generator made step 496
discriminator made step 496
2022-07-27 08:31:16,329 - root - INFO - Total=442.371301, G=347.162780, D=92.313197, data=1.631904, next=1.263420
2022-07-27 08:31:22,378 - root - INFO - Total=6.048603, G=0.456781, data=3.300320, acc=0.006108, agg=0.149247, next=2.136146
2022-07-27 08:31:34,732 - root - INFO - Time taken for epoch 19 is 460.775518655777 sec
2022-07-27 08:31:34,732 - root - INFO - Train time = 442.3713014125824, Valid time = 6.048602819442749
2022-07-27 08:31:34,732 - root - INFO - G losses = {'GAN': 1.5619964599609375, 'GAN_Feat': 0.2522950768470764, 'L1': 0.05308328941464424}
2022-07-27 08:31:34,732 - root - INFO - D losses = {'D_Fake': 0.001537503208965063, 'D_real': 1.8234251737594604}
generator made step 0
discriminator made step 0
generator made step 16
discriminator made step 16
generator made step 32
discriminator made step 32
generator made step 48
discriminator made step 48
generator made step 64
discriminator made step 64
generator made step 80
discriminator made step 80
generator made step 96
discriminator made step 96
generator made step 112
discriminator made step 112
generator made step 128
discriminator made step 128
generator made step 144
discriminator made step 144
generator made step 160
discriminator made step 160
generator made step 176
discriminator made step 176
generator made step 192
discriminator made step 192
generator made step 208
discriminator made step 208
generator made step 224
discriminator made step 224
generator made step 240
discriminator made step 240
generator made step 256
discriminator made step 256
generator made step 272
discriminator made step 272
generator made step 288
discriminator made step 288
generator made step 304
discriminator made step 304
generator made step 320
discriminator made step 320
generator made step 336
discriminator made step 336
generator made step 352
discriminator made step 352
generator made step 368
discriminator made step 368
generator made step 384
discriminator made step 384
generator made step 400
discriminator made step 400
generator made step 416
discriminator made step 416
generator made step 432
discriminator made step 432
generator made step 448
discriminator made step 448
generator made step 464
discriminator made step 464
generator made step 480
discriminator made step 480
generator made step 496
discriminator made step 496
2022-07-27 08:38:57,876 - root - INFO - Total=443.143341, G=347.025389, D=92.288175, data=1.629450, next=2.200326
2022-07-27 08:39:04,068 - root - INFO - Total=6.190896, G=0.426564, data=3.433408, acc=0.005870, agg=0.134578, next=2.190475
2022-07-27 08:39:16,316 - root - INFO - Time taken for epoch 20 is 461.58364629745483 sec
2022-07-27 08:39:16,316 - root - INFO - Train time = 443.14334058761597, Valid time = 6.1908955574035645
2022-07-27 08:39:16,316 - root - INFO - G losses = {'GAN': 4.506957530975342, 'GAN_Feat': 0.3411526083946228, 'L1': 0.06747805327177048}
2022-07-27 08:39:16,316 - root - INFO - D losses = {'D_Fake': 0.0, 'D_real': 0.0074700177647173405}
generator made step 0
discriminator made step 0
generator made step 16
discriminator made step 16
generator made step 32
discriminator made step 32
generator made step 48
discriminator made step 48
generator made step 64
discriminator made step 64
generator made step 80
discriminator made step 80
generator made step 96
discriminator made step 96
generator made step 112
discriminator made step 112
generator made step 128
discriminator made step 128
generator made step 144
discriminator made step 144
generator made step 160
discriminator made step 160
generator made step 176
discriminator made step 176
generator made step 192
discriminator made step 192
generator made step 208
discriminator made step 208
generator made step 224
discriminator made step 224
generator made step 240
discriminator made step 240
generator made step 256
discriminator made step 256
generator made step 272
discriminator made step 272
generator made step 288
discriminator made step 288
generator made step 304
discriminator made step 304
generator made step 320
discriminator made step 320
generator made step 336
discriminator made step 336
generator made step 352
discriminator made step 352
generator made step 368
discriminator made step 368
generator made step 384
discriminator made step 384
generator made step 400
discriminator made step 400
generator made step 416
discriminator made step 416
generator made step 432
discriminator made step 432
generator made step 448
discriminator made step 448
generator made step 464
discriminator made step 464
generator made step 480
discriminator made step 480
generator made step 496
discriminator made step 496
2022-07-27 08:46:39,494 - root - INFO - Total=443.176629, G=347.042329, D=92.324648, data=1.632185, next=2.177467
2022-07-27 08:46:44,792 - root - INFO - Total=5.297382, G=0.482261, data=3.174657, acc=0.006247, agg=0.138969, next=1.495247
2022-07-27 08:46:57,032 - root - INFO - Time taken for epoch 21 is 460.7161853313446 sec
2022-07-27 08:46:57,032 - root - INFO - Train time = 443.1766290664673, Valid time = 5.297381639480591
2022-07-27 08:46:57,032 - root - INFO - G losses = {'GAN': 3.8140079975128174, 'GAN_Feat': 0.3419050872325897, 'L1': 0.07087510824203491}
2022-07-27 08:46:57,032 - root - INFO - D losses = {'D_Fake': 0.3148081302642822, 'D_real': 0.10298393666744232}
generator made step 0
discriminator made step 0
generator made step 16
discriminator made step 16
srun: Job step aborted: Waiting up to 32 seconds for job step to finish.
slurmstepd: error: *** STEP 2820559.0 ON nid002184 CANCELLED AT 2022-07-27T08:47:16 DUE TO TIME LIMIT ***
slurmstepd: error: *** JOB 2820559 ON nid002184 CANCELLED AT 2022-07-27T08:47:16 DUE TO TIME LIMIT ***
