+ srun -u shifter -V /pscratch/sd/c/cjacobus/ML_Hydro_train/logs:/logs --image=nersc/pytorch:ngc-22.03-v0 --env PYTHONUSERBASE=/global/homes/c/cjacobus/.local/perlmutter/nersc-pytorch-ngc-22.03-v0 bash -c '
    source export_DDP_vars.sh
    python train.py --root_dir=/pscratch/sd/c/cjacobus/tsit --config=valid_up5_tanh_L1_spec
    '
[W socket.cpp:701] The server socket on [nid003568]:29500 is not yet listening (errno: 111 - Connection refused), will retry.
[W socket.cpp:701] The server socket on [nid003568]:29500 is not yet listening (errno: 111 - Connection refused), will retry.
[W socket.cpp:701] The server socket on [nid003568]:29500 is not yet listening (errno: 111 - Connection refused), will retry.
[W socket.cpp:701] The server socket on [nid003568]:29500 is not yet listening (errno: 111 - Connection refused), will retry.
[W socket.cpp:701] The server socket on [nid003568]:29500 is not yet listening (errno: 111 - Connection refused), will retry.
[W socket.cpp:701] The server socket on [nid003568]:29500 is not yet listening (errno: 111 - Connection refused), will retry.
[W socket.cpp:701] The server socket on [nid003568]:29500 is not yet listening (errno: 111 - Connection refused), will retry.
[W socket.cpp:701] The server socket on [nid003568]:29500 is not yet listening (errno: 111 - Connection refused), will retry.
2022-07-30 20:24:43,858 - torch.distributed.distributed_c10d - INFO - Added key: store_based_barrier_key:1 to store for rank: 3
2022-07-30 20:24:43,862 - torch.distributed.distributed_c10d - INFO - Added key: store_based_barrier_key:1 to store for rank: 1
2022-07-30 20:24:43,862 - torch.distributed.distributed_c10d - INFO - Added key: store_based_barrier_key:1 to store for rank: 2
2022-07-30 20:24:44,664 - torch.distributed.distributed_c10d - INFO - Added key: store_based_barrier_key:1 to store for rank: 6
2022-07-30 20:24:44,670 - torch.distributed.distributed_c10d - INFO - Added key: store_based_barrier_key:1 to store for rank: 4
2022-07-30 20:24:44,671 - torch.distributed.distributed_c10d - INFO - Added key: store_based_barrier_key:1 to store for rank: 5
2022-07-30 20:24:44,671 - torch.distributed.distributed_c10d - INFO - Added key: store_based_barrier_key:1 to store for rank: 7
2022-07-30 20:24:44,734 - torch.distributed.distributed_c10d - INFO - Added key: store_based_barrier_key:1 to store for rank: 11
2022-07-30 20:24:44,738 - torch.distributed.distributed_c10d - INFO - Added key: store_based_barrier_key:1 to store for rank: 9
2022-07-30 20:24:44,741 - torch.distributed.distributed_c10d - INFO - Added key: store_based_barrier_key:1 to store for rank: 8
2022-07-30 20:24:44,741 - torch.distributed.distributed_c10d - INFO - Added key: store_based_barrier_key:1 to store for rank: 10
2022-07-30 20:24:44,776 - torch.distributed.distributed_c10d - INFO - Added key: store_based_barrier_key:1 to store for rank: 0
2022-07-30 20:24:44,900 - torch.distributed.distributed_c10d - INFO - Added key: store_based_barrier_key:1 to store for rank: 15
2022-07-30 20:24:44,905 - torch.distributed.distributed_c10d - INFO - Added key: store_based_barrier_key:1 to store for rank: 13
2022-07-30 20:24:44,906 - torch.distributed.distributed_c10d - INFO - Added key: store_based_barrier_key:1 to store for rank: 12
2022-07-30 20:24:44,907 - torch.distributed.distributed_c10d - INFO - Added key: store_based_barrier_key:1 to store for rank: 14
2022-07-30 20:24:44,908 - torch.distributed.distributed_c10d - INFO - Rank 14: Completed store-based barrier for key:store_based_barrier_key:1 with 16 nodes.
2022-07-30 20:24:44,908 - torch.distributed.distributed_c10d - INFO - Rank 0: Completed store-based barrier for key:store_based_barrier_key:1 with 16 nodes.
2022-07-30 20:24:44,909 - torch.distributed.distributed_c10d - INFO - Rank 6: Completed store-based barrier for key:store_based_barrier_key:1 with 16 nodes.
2022-07-30 20:24:44,910 - torch.distributed.distributed_c10d - INFO - Rank 2: Completed store-based barrier for key:store_based_barrier_key:1 with 16 nodes.
2022-07-30 20:24:44,910 - torch.distributed.distributed_c10d - INFO - Rank 1: Completed store-based barrier for key:store_based_barrier_key:1 with 16 nodes.
2022-07-30 20:24:44,911 - torch.distributed.distributed_c10d - INFO - Rank 15: Completed store-based barrier for key:store_based_barrier_key:1 with 16 nodes.
2022-07-30 20:24:44,912 - torch.distributed.distributed_c10d - INFO - Rank 9: Completed store-based barrier for key:store_based_barrier_key:1 with 16 nodes.
2022-07-30 20:24:44,914 - torch.distributed.distributed_c10d - INFO - Rank 4: Completed store-based barrier for key:store_based_barrier_key:1 with 16 nodes.
2022-07-30 20:24:44,915 - torch.distributed.distributed_c10d - INFO - Rank 8: Completed store-based barrier for key:store_based_barrier_key:1 with 16 nodes.
2022-07-30 20:24:44,915 - torch.distributed.distributed_c10d - INFO - Rank 3: Completed store-based barrier for key:store_based_barrier_key:1 with 16 nodes.
2022-07-30 20:24:44,915 - torch.distributed.distributed_c10d - INFO - Rank 13: Completed store-based barrier for key:store_based_barrier_key:1 with 16 nodes.
2022-07-30 20:24:44,916 - torch.distributed.distributed_c10d - INFO - Rank 10: Completed store-based barrier for key:store_based_barrier_key:1 with 16 nodes.
2022-07-30 20:24:44,916 - torch.distributed.distributed_c10d - INFO - Rank 5: Completed store-based barrier for key:store_based_barrier_key:1 with 16 nodes.
2022-07-30 20:24:44,916 - torch.distributed.distributed_c10d - INFO - Rank 7: Completed store-based barrier for key:store_based_barrier_key:1 with 16 nodes.
2022-07-30 20:24:44,917 - torch.distributed.distributed_c10d - INFO - Rank 12: Completed store-based barrier for key:store_based_barrier_key:1 with 16 nodes.
2022-07-30 20:24:44,917 - torch.distributed.distributed_c10d - INFO - Rank 11: Completed store-based barrier for key:store_based_barrier_key:1 with 16 nodes.
2022-07-30 20:24:44,930 - root - INFO - ------------------ Configuration ------------------
2022-07-30 20:24:44,930 - root - INFO - Configuration file: /global/u1/c/cjacobus/Nyx-TSIT/config/tsit.yaml
2022-07-30 20:24:44,930 - root - INFO - Configuration name: valid_up5_tanh_L1_spec
2022-07-30 20:24:44,931 - root - INFO - Nsamples 8192
2022-07-30 20:24:44,931 - root - INFO - Nsamples_val 512
2022-07-30 20:24:44,931 - root - INFO - niter 200
2022-07-30 20:24:44,931 - root - INFO - niter_decay 150
2022-07-30 20:24:44,931 - root - INFO - use_spec_loss False
2022-07-30 20:24:44,931 - root - INFO - lambda_spec 100.0
2022-07-30 20:24:44,931 - root - INFO - use_l1_loss True
2022-07-30 20:24:44,931 - root - INFO - lambda_l1 300.0
2022-07-30 20:24:44,931 - root - INFO - data_size 128
2022-07-30 20:24:44,931 - root - INFO - train_path /pscratch/sd/c/cjacobus/Nyx_512/train_s1_512_invar3_hydro.h5
2022-07-30 20:24:44,931 - root - INFO - val_path /pscratch/sd/c/cjacobus/Nyx_512/valid_s2_512_invar3_hydro.h5
2022-07-30 20:24:44,931 - root - INFO - num_upsampling_blocks 5
2022-07-30 20:24:44,931 - root - INFO - tanh False
2022-07-30 20:24:44,931 - root - INFO - num_data_workers 16
2022-07-30 20:24:44,931 - root - INFO - in_channels [0, 1, 2, 3, 17, 18, 19]
2022-07-30 20:24:44,931 - root - INFO - out_channels [0]
2022-07-30 20:24:44,931 - root - INFO - min_path /pscratch/sd/s/shas1693/data/era5/mins.npy
2022-07-30 20:24:44,931 - root - INFO - max_path /pscratch/sd/s/shas1693/data/era5/maxs.npy
2022-07-30 20:24:44,931 - root - INFO - time_means_path /pscratch/sd/s/shas1693/data/era5/time_means.npy
2022-07-30 20:24:44,931 - root - INFO - global_means_path /pscratch/sd/s/shas1693/data/era5/global_means.npy
2022-07-30 20:24:44,931 - root - INFO - global_stds_path /pscratch/sd/s/shas1693/data/era5/global_stds.npy
2022-07-30 20:24:44,931 - root - INFO - precip /pscratch/sd/p/pharring/ERA5/precip/total_precipitation
2022-07-30 20:24:44,931 - root - INFO - precip_eps 1e-05
2022-07-30 20:24:44,931 - root - INFO - dt 1
2022-07-30 20:24:44,931 - root - INFO - n_history 0
2022-07-30 20:24:44,931 - root - INFO - crop_size_x None
2022-07-30 20:24:44,931 - root - INFO - crop_size_y None
2022-07-30 20:24:44,931 - root - INFO - roll False
2022-07-30 20:24:44,931 - root - INFO - conttime False
2022-07-30 20:24:44,931 - root - INFO - normalization zscore
2022-07-30 20:24:44,931 - root - INFO - add_grid False
2022-07-30 20:24:44,931 - root - INFO - model pix2pix
2022-07-30 20:24:44,931 - root - INFO - norm_G spectralfadebatch3x3
2022-07-30 20:24:44,931 - root - INFO - norm_D spectralinstance
2022-07-30 20:24:44,931 - root - INFO - norm_S spectralinstance
2022-07-30 20:24:44,931 - root - INFO - norm_E spectralinstance
2022-07-30 20:24:44,931 - root - INFO - batch_size 16
2022-07-30 20:24:44,931 - root - INFO - img_size [512, 512, 512]
2022-07-30 20:24:44,931 - root - INFO - box_size [512, 512, 512]
2022-07-30 20:24:44,931 - root - INFO - input_nc 5
2022-07-30 20:24:44,931 - root - INFO - output_nc 5
2022-07-30 20:24:44,931 - root - INFO - netG tsit
2022-07-30 20:24:44,931 - root - INFO - ngf 64
2022-07-30 20:24:44,931 - root - INFO - init_type xavier
2022-07-30 20:24:44,931 - root - INFO - init_variance 0.02
2022-07-30 20:24:44,931 - root - INFO - z_dim 256
2022-07-30 20:24:44,931 - root - INFO - alpha 1.0
2022-07-30 20:24:44,931 - root - INFO - no_ss True
2022-07-30 20:24:44,931 - root - INFO - downsamp True
2022-07-30 20:24:44,931 - root - INFO - use_periodic_padding True
2022-07-30 20:24:44,931 - root - INFO - additive_noise False
2022-07-30 20:24:44,931 - root - INFO - nef 16
2022-07-30 20:24:44,931 - root - INFO - use_vae False
2022-07-30 20:24:44,931 - root - INFO - optimizer adam
2022-07-30 20:24:44,931 - root - INFO - beta1 0.5
2022-07-30 20:24:44,931 - root - INFO - beta2 0.999
2022-07-30 20:24:44,931 - root - INFO - lr 0.0002
2022-07-30 20:24:44,931 - root - INFO - D_steps_per_G 1
2022-07-30 20:24:44,931 - root - INFO - ndf 64
2022-07-30 20:24:44,931 - root - INFO - lambda_feat 0.5
2022-07-30 20:24:44,931 - root - INFO - no_ganFeat_loss False
2022-07-30 20:24:44,931 - root - INFO - gan_mode hinge
2022-07-30 20:24:44,931 - root - INFO - netD multiscale
2022-07-30 20:24:44,931 - root - INFO - num_D 2
2022-07-30 20:24:44,931 - root - INFO - n_layers_D 4
2022-07-30 20:24:44,931 - root - INFO - no_TTUR True
2022-07-30 20:24:44,932 - root - INFO - lambda_kld 0.05
2022-07-30 20:24:44,932 - root - INFO - cat_inp False
2022-07-30 20:24:44,932 - root - INFO - entity weatherbenching
2022-07-30 20:24:44,932 - root - INFO - project Nyx-TSIT
2022-07-30 20:24:44,932 - root - INFO - log_to_wandb True
2022-07-30 20:24:44,932 - root - INFO - log_to_screen True
2022-07-30 20:24:44,932 - root - INFO - save_checkpoint True
2022-07-30 20:24:44,932 - root - INFO - weight_init ordereddict([('conv_init', 'normal'), ('conv_scale', 0.02), ('conv_bias', 0.0)])
2022-07-30 20:24:44,932 - root - INFO - lambda_rho 0
2022-07-30 20:24:44,932 - root - INFO - full_scale True
2022-07-30 20:24:44,932 - root - INFO - global_batch_size 64
2022-07-30 20:24:44,932 - root - INFO - base_batch_size 64
2022-07-30 20:24:44,932 - root - INFO - num_epochs 60
2022-07-30 20:24:44,932 - root - INFO - rank 1, begin data loader init
2022-07-30 20:24:44,932 - root - INFO - enable_amp False
2022-07-30 20:24:44,932 - root - INFO - enable_apex False
2022-07-30 20:24:44,932 - root - INFO - enable_benchy False
2022-07-30 20:24:44,932 - root - INFO - rank 3, begin data loader init
2022-07-30 20:24:44,932 - root - INFO - enable_jit False
2022-07-30 20:24:44,932 - root - INFO - expdir /logs
2022-07-30 20:24:44,932 - root - INFO - lr_schedule ordereddict([('scaling', 'sqrt'), ('start_lr', 0.0002), ('end_lr', 0.0), ('warmup_steps', 128)])
2022-07-30 20:24:44,932 - root - INFO - data_loader_config lowmem
2022-07-30 20:24:44,932 - root - INFO - rank 2, begin data loader init
2022-07-30 20:24:44,932 - root - INFO - N_out_channels 5
2022-07-30 20:24:44,932 - root - INFO - N_in_channels 5
2022-07-30 20:24:44,932 - root - INFO - use_cache None
2022-07-30 20:24:44,932 - root - INFO - ---------------------------------------------------
log_to_wandb -------------------------------------------------------------------
2022-07-30 20:24:44,932 - root - INFO - rank 1, data loader initialized
dir exists: /pscratch/sd/c/cjacobus/tsit/expts/valid_up5_tanh_L1_spec/checkpoints/
2022-07-30 20:24:44,932 - root - INFO - rank 2, data loader initialized
2022-07-30 20:24:44,932 - root - INFO - rank 3, data loader initialized
2022-07-30 20:24:44,933 - root - INFO - rank 12, begin data loader init
2022-07-30 20:24:44,933 - root - INFO - rank 13, begin data loader init
2022-07-30 20:24:44,933 - root - INFO - rank 14, begin data loader init
2022-07-30 20:24:44,933 - root - INFO - rank 15, begin data loader init
2022-07-30 20:24:44,933 - root - INFO - rank 14, data loader initialized
2022-07-30 20:24:44,933 - root - INFO - rank 13, data loader initialized
2022-07-30 20:24:44,933 - root - INFO - rank 12, data loader initialized
2022-07-30 20:24:44,933 - root - INFO - rank 15, data loader initialized
2022-07-30 20:24:44,935 - root - INFO - rank 8, begin data loader init
2022-07-30 20:24:44,935 - root - INFO - rank 5, begin data loader init
2022-07-30 20:24:44,935 - root - INFO - rank 9, begin data loader init
2022-07-30 20:24:44,935 - root - INFO - rank 10, begin data loader init
2022-07-30 20:24:44,935 - root - INFO - rank 11, begin data loader init
2022-07-30 20:24:44,935 - root - INFO - rank 6, begin data loader init
2022-07-30 20:24:44,935 - root - INFO - rank 4, begin data loader init
2022-07-30 20:24:44,935 - root - INFO - rank 7, begin data loader init
2022-07-30 20:24:44,935 - root - INFO - rank 8, data loader initialized
2022-07-30 20:24:44,935 - root - INFO - rank 4, data loader initialized
2022-07-30 20:24:44,935 - root - INFO - rank 9, data loader initialized
2022-07-30 20:24:44,935 - root - INFO - rank 10, data loader initialized
2022-07-30 20:24:44,935 - root - INFO - rank 11, data loader initialized
2022-07-30 20:24:44,935 - root - INFO - rank 5, data loader initialized
2022-07-30 20:24:44,935 - root - INFO - rank 6, data loader initialized
2022-07-30 20:24:44,935 - root - INFO - rank 7, data loader initialized
wandb: Currently logged in as: cjacobus (use `wandb login --relogin` to force relogin)
wandb: wandb version 0.12.21 is available!  To upgrade, please run:
wandb:  $ pip install wandb --upgrade
wandb: Tracking run with wandb version 0.12.13
wandb: Run data is saved locally in /pscratch/sd/c/cjacobus/tsit/expts/valid_up5_tanh_L1_spec/wandb/run-20220730_202445-xj7e74nu
wandb: Run `wandb offline` to turn off syncing.
wandb: Resuming run valid_up5_tanh_L1_spec
wandb: ⭐️ View project at https://wandb.ai/weatherbenching/Nyx-TSIT
wandb: 🚀 View run at https://wandb.ai/weatherbenching/Nyx-TSIT/runs/xj7e74nu
checking dir: /pscratch/sd/c/cjacobus/tsit/expts/valid_up5_tanh_L1_spec/checkpoints/
dir exists: /pscratch/sd/c/cjacobus/tsit/expts/valid_up5_tanh_L1_spec/checkpoints/
2022-07-30 20:24:46,301 - root - INFO - rank 0, begin data loader init
2022-07-30 20:24:46,301 - root - INFO - rank 0, data loader initialized
Network [TSITGenerator] was created. Total number of parameters: 991.3 million. To see the architecture, do print(network).
Network [TSITGenerator] was created. Total number of parameters: 991.3 million. To see the architecture, do print(network).
Network [TSITGenerator] was created. Total number of parameters: 991.3 million. To see the architecture, do print(network).
Network [TSITGenerator] was created. Total number of parameters: 991.3 million. To see the architecture, do print(network).
Network [TSITGenerator] was created. Total number of parameters: 991.3 million. To see the architecture, do print(network).
Network [TSITGenerator] was created. Total number of parameters: 991.3 million. To see the architecture, do print(network).
Network [TSITGenerator] was created. Total number of parameters: 991.3 million. To see the architecture, do print(network).
Network [TSITGenerator] was created. Total number of parameters: 991.3 million. To see the architecture, do print(network).
Network [TSITGenerator] was created. Total number of parameters: 991.3 million. To see the architecture, do print(network).
Network [TSITGenerator] was created. Total number of parameters: 991.3 million. To see the architecture, do print(network).
Network [TSITGenerator] was created. Total number of parameters: 991.3 million. To see the architecture, do print(network).
Network [TSITGenerator] was created. Total number of parameters: 991.3 million. To see the architecture, do print(network).
Network [TSITGenerator] was created. Total number of parameters: 991.3 million. To see the architecture, do print(network).
Network [TSITGenerator] was created. Total number of parameters: 991.3 million. To see the architecture, do print(network).
Network [TSITGenerator] was created. Total number of parameters: 991.3 million. To see the architecture, do print(network).
Network [TSITGenerator] was created. Total number of parameters: 991.3 million. To see the architecture, do print(network).
Network [MultiscaleDiscriminator] was created. Total number of parameters: 22.1 million. To see the architecture, do print(network).
Network [MultiscaleDiscriminator] was created. Total number of parameters: 22.1 million. To see the architecture, do print(network).
Network [MultiscaleDiscriminator] was created. Total number of parameters: 22.1 million. To see the architecture, do print(network).
Network [MultiscaleDiscriminator] was created. Total number of parameters: 22.1 million. To see the architecture, do print(network).
Network [MultiscaleDiscriminator] was created. Total number of parameters: 22.1 million. To see the architecture, do print(network).
Network [MultiscaleDiscriminator] was created. Total number of parameters: 22.1 million. To see the architecture, do print(network).
Network [MultiscaleDiscriminator] was created. Total number of parameters: 22.1 million. To see the architecture, do print(network).
Network [MultiscaleDiscriminator] was created. Total number of parameters: 22.1 million. To see the architecture, do print(network).
Network [MultiscaleDiscriminator] was created. Total number of parameters: 22.1 million. To see the architecture, do print(network).
Network [MultiscaleDiscriminator] was created. Total number of parameters: 22.1 million. To see the architecture, do print(network).
Network [MultiscaleDiscriminator] was created. Total number of parameters: 22.1 million. To see the architecture, do print(network).
Network [MultiscaleDiscriminator] was created. Total number of parameters: 22.1 million. To see the architecture, do print(network).
Network [MultiscaleDiscriminator] was created. Total number of parameters: 22.1 million. To see the architecture, do print(network).
Network [MultiscaleDiscriminator] was created. Total number of parameters: 22.1 million. To see the architecture, do print(network).
Network [MultiscaleDiscriminator] was created. Total number of parameters: 22.1 million. To see the architecture, do print(network).
Network [MultiscaleDiscriminator] was created. Total number of parameters: 22.1 million. To see the architecture, do print(network).
2022-07-30 20:25:07,172 - root - INFO - Loading checkpoint /pscratch/sd/c/cjacobus/tsit/expts/valid_up5_tanh_L1_spec/checkpoints/ckpt.tar
2022-07-30 20:25:07,173 - root - INFO - Loading checkpoint /pscratch/sd/c/cjacobus/tsit/expts/valid_up5_tanh_L1_spec/checkpoints/ckpt.tar
2022-07-30 20:25:07,174 - root - INFO - Loading checkpoint /pscratch/sd/c/cjacobus/tsit/expts/valid_up5_tanh_L1_spec/checkpoints/ckpt.tar
2022-07-30 20:25:07,175 - root - INFO - Loading checkpoint /pscratch/sd/c/cjacobus/tsit/expts/valid_up5_tanh_L1_spec/checkpoints/ckpt.tar
2022-07-30 20:25:07,176 - root - INFO - Loading checkpoint /pscratch/sd/c/cjacobus/tsit/expts/valid_up5_tanh_L1_spec/checkpoints/ckpt.tar
2022-07-30 20:25:07,176 - root - INFO - Loading checkpoint /pscratch/sd/c/cjacobus/tsit/expts/valid_up5_tanh_L1_spec/checkpoints/ckpt.tar
2022-07-30 20:25:07,177 - root - INFO - Loading checkpoint /pscratch/sd/c/cjacobus/tsit/expts/valid_up5_tanh_L1_spec/checkpoints/ckpt.tar
2022-07-30 20:25:07,177 - root - INFO - Loading checkpoint /pscratch/sd/c/cjacobus/tsit/expts/valid_up5_tanh_L1_spec/checkpoints/ckpt.tar
2022-07-30 20:25:07,178 - root - INFO - Loading checkpoint /pscratch/sd/c/cjacobus/tsit/expts/valid_up5_tanh_L1_spec/checkpoints/ckpt.tar
2022-07-30 20:25:07,178 - root - INFO - Loading checkpoint /pscratch/sd/c/cjacobus/tsit/expts/valid_up5_tanh_L1_spec/checkpoints/ckpt.tar
2022-07-30 20:25:07,178 - root - INFO - Loading checkpoint /pscratch/sd/c/cjacobus/tsit/expts/valid_up5_tanh_L1_spec/checkpoints/ckpt.tar
2022-07-30 20:25:07,179 - root - INFO - Loading checkpoint /pscratch/sd/c/cjacobus/tsit/expts/valid_up5_tanh_L1_spec/checkpoints/ckpt.tar
2022-07-30 20:25:07,179 - root - INFO - Loading checkpoint /pscratch/sd/c/cjacobus/tsit/expts/valid_up5_tanh_L1_spec/checkpoints/ckpt.tar
2022-07-30 20:25:07,179 - root - INFO - Loading checkpoint /pscratch/sd/c/cjacobus/tsit/expts/valid_up5_tanh_L1_spec/checkpoints/ckpt.tar
2022-07-30 20:25:07,179 - root - INFO - Loading checkpoint /pscratch/sd/c/cjacobus/tsit/expts/valid_up5_tanh_L1_spec/checkpoints/ckpt.tar
2022-07-30 20:25:07,179 - root - INFO - Loading checkpoint /pscratch/sd/c/cjacobus/tsit/expts/valid_up5_tanh_L1_spec/checkpoints/ckpt.tar
2022-07-30 20:25:12,836 - root - INFO - Starting Training Loop...
[W reducer.cpp:1282] Warning: find_unused_parameters=True was specified in DDP constructor, but did not find any unused parameters in the forward pass. This flag results in an extra traversal of the autograd graph every iteration,  which can adversely affect performance. If your model indeed never has any unused parameters in the forward pass, consider turning this flag off. Note that this warning may be a false positive if your model has flow control causing later iterations to have unused parameters. (function operator())
[W reducer.cpp:1282] Warning: find_unused_parameters=True was specified in DDP constructor, but did not find any unused parameters in the forward pass. This flag results in an extra traversal of the autograd graph every iteration,  which can adversely affect performance. If your model indeed never has any unused parameters in the forward pass, consider turning this flag off. Note that this warning may be a false positive if your model has flow control causing later iterations to have unused parameters. (function operator())
[W reducer.cpp:1282] Warning: find_unused_parameters=True was specified in DDP constructor, but did not find any unused parameters in the forward pass. This flag results in an extra traversal of the autograd graph every iteration,  which can adversely affect performance. If your model indeed never has any unused parameters in the forward pass, consider turning this flag off. Note that this warning may be a false positive if your model has flow control causing later iterations to have unused parameters. (function operator())
[W reducer.cpp:1282] Warning: find_unused_parameters=True was specified in DDP constructor, but did not find any unused parameters in the forward pass. This flag results in an extra traversal of the autograd graph every iteration,  which can adversely affect performance. If your model indeed never has any unused parameters in the forward pass, consider turning this flag off. Note that this warning may be a false positive if your model has flow control causing later iterations to have unused parameters. (function operator())
[W reducer.cpp:1282] Warning: find_unused_parameters=True was specified in DDP constructor, but did not find any unused parameters in the forward pass. This flag results in an extra traversal of the autograd graph every iteration,  which can adversely affect performance. If your model indeed never has any unused parameters in the forward pass, consider turning this flag off. Note that this warning may be a false positive if your model has flow control causing later iterations to have unused parameters. (function operator())
[W reducer.cpp:1282] Warning: find_unused_parameters=True was specified in DDP constructor, but did not find any unused parameters in the forward pass. This flag results in an extra traversal of the autograd graph every iteration,  which can adversely affect performance. If your model indeed never has any unused parameters in the forward pass, consider turning this flag off. Note that this warning may be a false positive if your model has flow control causing later iterations to have unused parameters. (function operator())
[W reducer.cpp:1282] Warning: find_unused_parameters=True was specified in DDP constructor, but did not find any unused parameters in the forward pass. This flag results in an extra traversal of the autograd graph every iteration,  which can adversely affect performance. If your model indeed never has any unused parameters in the forward pass, consider turning this flag off. Note that this warning may be a false positive if your model has flow control causing later iterations to have unused parameters. (function operator())
[W reducer.cpp:1282] Warning: find_unused_parameters=True was specified in DDP constructor, but did not find any unused parameters in the forward pass. This flag results in an extra traversal of the autograd graph every iteration,  which can adversely affect performance. If your model indeed never has any unused parameters in the forward pass, consider turning this flag off. Note that this warning may be a false positive if your model has flow control causing later iterations to have unused parameters. (function operator())
[W reducer.cpp:1282] Warning: find_unused_parameters=True was specified in DDP constructor, but did not find any unused parameters in the forward pass. This flag results in an extra traversal of the autograd graph every iteration,  which can adversely affect performance. If your model indeed never has any unused parameters in the forward pass, consider turning this flag off. Note that this warning may be a false positive if your model has flow control causing later iterations to have unused parameters. (function operator())
[W reducer.cpp:1282] Warning: find_unused_parameters=True was specified in DDP constructor, but did not find any unused parameters in the forward pass. This flag results in an extra traversal of the autograd graph every iteration,  which can adversely affect performance. If your model indeed never has any unused parameters in the forward pass, consider turning this flag off. Note that this warning may be a false positive if your model has flow control causing later iterations to have unused parameters. (function operator())
[W reducer.cpp:1282] Warning: find_unused_parameters=True was specified in DDP constructor, but did not find any unused parameters in the forward pass. This flag results in an extra traversal of the autograd graph every iteration,  which can adversely affect performance. If your model indeed never has any unused parameters in the forward pass, consider turning this flag off. Note that this warning may be a false positive if your model has flow control causing later iterations to have unused parameters. (function operator())
[W reducer.cpp:1282] Warning: find_unused_parameters=True was specified in DDP constructor, but did not find any unused parameters in the forward pass. This flag results in an extra traversal of the autograd graph every iteration,  which can adversely affect performance. If your model indeed never has any unused parameters in the forward pass, consider turning this flag off. Note that this warning may be a false positive if your model has flow control causing later iterations to have unused parameters. (function operator())
[W reducer.cpp:1282] Warning: find_unused_parameters=True was specified in DDP constructor, but did not find any unused parameters in the forward pass. This flag results in an extra traversal of the autograd graph every iteration,  which can adversely affect performance. If your model indeed never has any unused parameters in the forward pass, consider turning this flag off. Note that this warning may be a false positive if your model has flow control causing later iterations to have unused parameters. (function operator())
[W reducer.cpp:1282] Warning: find_unused_parameters=True was specified in DDP constructor, but did not find any unused parameters in the forward pass. This flag results in an extra traversal of the autograd graph every iteration,  which can adversely affect performance. If your model indeed never has any unused parameters in the forward pass, consider turning this flag off. Note that this warning may be a false positive if your model has flow control causing later iterations to have unused parameters. (function operator())
[W reducer.cpp:1282] Warning: find_unused_parameters=True was specified in DDP constructor, but did not find any unused parameters in the forward pass. This flag results in an extra traversal of the autograd graph every iteration,  which can adversely affect performance. If your model indeed never has any unused parameters in the forward pass, consider turning this flag off. Note that this warning may be a false positive if your model has flow control causing later iterations to have unused parameters. (function operator())
[W reducer.cpp:1282] Warning: find_unused_parameters=True was specified in DDP constructor, but did not find any unused parameters in the forward pass. This flag results in an extra traversal of the autograd graph every iteration,  which can adversely affect performance. If your model indeed never has any unused parameters in the forward pass, consider turning this flag off. Note that this warning may be a false positive if your model has flow control causing later iterations to have unused parameters. (function operator())
generator made step 0
discriminator made step 0
generator made step 16
discriminator made step 16
generator made step 32
discriminator made step 32
generator made step 48
discriminator made step 48
generator made step 64
discriminator made step 64
generator made step 80
discriminator made step 80
generator made step 96
discriminator made step 96
generator made step 112
discriminator made step 112
generator made step 128
discriminator made step 128
generator made step 144
discriminator made step 144
generator made step 160
discriminator made step 160
generator made step 176
discriminator made step 176
generator made step 192
discriminator made step 192
generator made step 208
discriminator made step 208
generator made step 224
discriminator made step 224
generator made step 240
discriminator made step 240
generator made step 256
discriminator made step 256
generator made step 272
discriminator made step 272
generator made step 288
discriminator made step 288
generator made step 304
discriminator made step 304
generator made step 320
discriminator made step 320
generator made step 336
discriminator made step 336
generator made step 352
discriminator made step 352
generator made step 368
discriminator made step 368
generator made step 384
discriminator made step 384
generator made step 400
discriminator made step 400
generator made step 416
discriminator made step 416
generator made step 432
discriminator made step 432
generator made step 448
discriminator made step 448
generator made step 464
discriminator made step 464
generator made step 480
discriminator made step 480
generator made step 496
discriminator made step 496
2022-07-30 20:32:54,330 - root - INFO - Total=461.493653, G=366.977758, D=89.143368, data=1.645457, next=3.727070
2022-07-30 20:33:00,794 - root - INFO - Total=6.462406, G=0.541585, data=3.157785, acc=1.127912, agg=0.133503, next=1.501621
saving checkpoint...
2022-07-30 20:33:12,146 - root - INFO - Time taken for epoch 15 is 479.30990195274353 sec
2022-07-30 20:33:12,146 - root - INFO - Train time = 461.4936532974243, Valid time = 6.462406396865845
2022-07-30 20:33:12,146 - root - INFO - G losses = {'GAN': 2.664884567260742, 'GAN_Feat': 0.4414060711860657, 'L1': 16.596590042114258}
2022-07-30 20:33:12,146 - root - INFO - D losses = {'D_Fake': 0.07553000003099442, 'D_real': 0.2768320143222809}
generator made step 0
discriminator made step 0
generator made step 16
discriminator made step 16
generator made step 32
discriminator made step 32
generator made step 48
discriminator made step 48
generator made step 64
discriminator made step 64
generator made step 80
discriminator made step 80
generator made step 96
discriminator made step 96
generator made step 112
discriminator made step 112
generator made step 128
discriminator made step 128
generator made step 144
discriminator made step 144
generator made step 160
discriminator made step 160
generator made step 176
discriminator made step 176
generator made step 192
discriminator made step 192
generator made step 208
discriminator made step 208
generator made step 224
discriminator made step 224
generator made step 240
discriminator made step 240
generator made step 256
discriminator made step 256
generator made step 272
discriminator made step 272
generator made step 288
discriminator made step 288
generator made step 304
discriminator made step 304
generator made step 320
discriminator made step 320
generator made step 336
discriminator made step 336
generator made step 352
discriminator made step 352
generator made step 368
discriminator made step 368
generator made step 384
discriminator made step 384
generator made step 400
discriminator made step 400
generator made step 416
discriminator made step 416
generator made step 432
discriminator made step 432
generator made step 448
discriminator made step 448
generator made step 464
discriminator made step 464
generator made step 480
discriminator made step 480
generator made step 496
discriminator made step 496
2022-07-30 20:40:27,281 - root - INFO - Total=435.134390, G=342.775823, D=89.261716, data=1.637200, next=1.459651
2022-07-30 20:40:32,663 - root - INFO - Total=5.380197, G=0.503415, data=3.120884, acc=0.006419, agg=0.131808, next=1.617671
saving checkpoint...
2022-07-30 20:40:43,172 - root - INFO - Time taken for epoch 16 is 451.0264050960541 sec
2022-07-30 20:40:43,173 - root - INFO - Train time = 435.13438987731934, Valid time = 5.380196571350098
2022-07-30 20:40:43,173 - root - INFO - G losses = {'GAN': 2.9680123329162598, 'GAN_Feat': 0.4601823091506958, 'L1': 19.520238876342773}
2022-07-30 20:40:43,173 - root - INFO - D losses = {'D_Fake': 0.15099577605724335, 'D_real': 0.09120975434780121}
generator made step 0
discriminator made step 0
generator made step 16
discriminator made step 16
generator made step 32
discriminator made step 32
generator made step 48
discriminator made step 48
generator made step 64
discriminator made step 64
generator made step 80
discriminator made step 80
generator made step 96
discriminator made step 96
generator made step 112
discriminator made step 112
generator made step 128
discriminator made step 128
generator made step 144
discriminator made step 144
generator made step 160
discriminator made step 160
generator made step 176
discriminator made step 176
generator made step 192
discriminator made step 192
generator made step 208
discriminator made step 208
generator made step 224
discriminator made step 224
generator made step 240
discriminator made step 240
generator made step 256
discriminator made step 256
generator made step 272
discriminator made step 272
generator made step 288
discriminator made step 288
generator made step 304
discriminator made step 304
generator made step 320
discriminator made step 320
generator made step 336
discriminator made step 336
generator made step 352
discriminator made step 352
generator made step 368
discriminator made step 368
generator made step 384
discriminator made step 384
generator made step 400
discriminator made step 400
generator made step 416
discriminator made step 416
generator made step 432
discriminator made step 432
generator made step 448
discriminator made step 448
generator made step 464
discriminator made step 464
generator made step 480
discriminator made step 480
generator made step 496
discriminator made step 496
2022-07-30 20:47:58,247 - root - INFO - Total=435.073534, G=342.902343, D=89.239724, data=1.636814, next=1.294653
2022-07-30 20:48:04,194 - root - INFO - Total=5.946384, G=0.406963, data=3.321635, acc=0.006592, agg=0.166724, next=2.044470
saving checkpoint...
2022-07-30 20:48:14,439 - root - INFO - Time taken for epoch 17 is 451.26680755615234 sec
2022-07-30 20:48:14,440 - root - INFO - Train time = 435.0735340118408, Valid time = 5.946383714675903
2022-07-30 20:48:14,440 - root - INFO - G losses = {'GAN': 4.077917575836182, 'GAN_Feat': 0.6127619743347168, 'L1': 16.434797286987305}
2022-07-30 20:48:14,440 - root - INFO - D losses = {'D_Fake': 0.0005315851303748786, 'D_real': 0.0002489238395355642}
generator made step 0
discriminator made step 0
generator made step 16
discriminator made step 16
generator made step 32
discriminator made step 32
generator made step 48
discriminator made step 48
generator made step 64
discriminator made step 64
generator made step 80
discriminator made step 80
generator made step 96
discriminator made step 96
generator made step 112
discriminator made step 112
generator made step 128
discriminator made step 128
generator made step 144
discriminator made step 144
generator made step 160
discriminator made step 160
generator made step 176
discriminator made step 176
generator made step 192
discriminator made step 192
generator made step 208
discriminator made step 208
generator made step 224
discriminator made step 224
generator made step 240
discriminator made step 240
generator made step 256
discriminator made step 256
generator made step 272
discriminator made step 272
generator made step 288
discriminator made step 288
generator made step 304
discriminator made step 304
generator made step 320
discriminator made step 320
generator made step 336
discriminator made step 336
generator made step 352
discriminator made step 352
generator made step 368
discriminator made step 368
generator made step 384
discriminator made step 384
generator made step 400
discriminator made step 400
generator made step 416
discriminator made step 416
generator made step 432
discriminator made step 432
generator made step 448
discriminator made step 448
generator made step 464
discriminator made step 464
generator made step 480
discriminator made step 480
generator made step 496
discriminator made step 496
2022-07-30 20:55:29,283 - root - INFO - Total=434.842608, G=342.841144, D=89.133051, data=1.631877, next=1.236535
2022-07-30 20:55:35,226 - root - INFO - Total=5.942127, G=0.400071, data=3.361607, acc=0.005424, agg=0.150633, next=2.024394
saving checkpoint...
2022-07-30 20:55:45,554 - root - INFO - Time taken for epoch 18 is 451.1137409210205 sec
2022-07-30 20:55:45,554 - root - INFO - Train time = 434.8426077365875, Valid time = 5.942127466201782
2022-07-30 20:55:45,554 - root - INFO - G losses = {'GAN': 5.2161335945129395, 'GAN_Feat': 0.61508709192276, 'L1': 14.733409881591797}
2022-07-30 20:55:45,554 - root - INFO - D losses = {'D_Fake': 0.0, 'D_real': 0.0}
generator made step 0
discriminator made step 0
generator made step 16
discriminator made step 16
generator made step 32
discriminator made step 32
generator made step 48
discriminator made step 48
generator made step 64
discriminator made step 64
generator made step 80
discriminator made step 80
generator made step 96
discriminator made step 96
generator made step 112
discriminator made step 112
generator made step 128
discriminator made step 128
generator made step 144
discriminator made step 144
generator made step 160
discriminator made step 160
generator made step 176
discriminator made step 176
generator made step 192
discriminator made step 192
generator made step 208
discriminator made step 208
generator made step 224
discriminator made step 224
generator made step 240
discriminator made step 240
generator made step 256
discriminator made step 256
generator made step 272
discriminator made step 272
generator made step 288
discriminator made step 288
generator made step 304
discriminator made step 304
generator made step 320
discriminator made step 320
generator made step 336
discriminator made step 336
generator made step 352
discriminator made step 352
generator made step 368
discriminator made step 368
generator made step 384
discriminator made step 384
generator made step 400
discriminator made step 400
generator made step 416
discriminator made step 416
generator made step 432
discriminator made step 432
generator made step 448
discriminator made step 448
generator made step 464
discriminator made step 464
generator made step 480
discriminator made step 480
generator made step 496
discriminator made step 496
2022-07-30 21:03:00,586 - root - INFO - Total=435.030848, G=342.843271, D=89.133976, data=1.631529, next=1.422072
2022-07-30 21:03:06,430 - root - INFO - Total=5.843170, G=0.477816, data=3.253427, acc=0.006974, agg=0.150475, next=1.954478
saving checkpoint...
2022-07-30 21:03:16,713 - root - INFO - Time taken for epoch 19 is 451.1590898036957 sec
2022-07-30 21:03:16,713 - root - INFO - Train time = 435.0308482646942, Valid time = 5.843169927597046
2022-07-30 21:03:16,713 - root - INFO - G losses = {'GAN': 4.47647762298584, 'GAN_Feat': 0.613913893699646, 'L1': 15.640926361083984}
2022-07-30 21:03:16,713 - root - INFO - D losses = {'D_Fake': 0.0, 'D_real': 0.0}
generator made step 0
discriminator made step 0
generator made step 16
discriminator made step 16
generator made step 32
discriminator made step 32
generator made step 48
discriminator made step 48
generator made step 64
discriminator made step 64
generator made step 80
discriminator made step 80
generator made step 96
discriminator made step 96
generator made step 112
discriminator made step 112
generator made step 128
discriminator made step 128
generator made step 144
discriminator made step 144
generator made step 160
discriminator made step 160
generator made step 176
discriminator made step 176
generator made step 192
discriminator made step 192
generator made step 208
discriminator made step 208
generator made step 224
discriminator made step 224
generator made step 240
discriminator made step 240
generator made step 256
discriminator made step 256
generator made step 272
discriminator made step 272
generator made step 288
discriminator made step 288
generator made step 304
discriminator made step 304
generator made step 320
discriminator made step 320
generator made step 336
discriminator made step 336
generator made step 352
discriminator made step 352
generator made step 368
discriminator made step 368
generator made step 384
discriminator made step 384
generator made step 400
discriminator made step 400
generator made step 416
discriminator made step 416
generator made step 432
discriminator made step 432
generator made step 448
discriminator made step 448
generator made step 464
discriminator made step 464
generator made step 480
discriminator made step 480
generator made step 496
discriminator made step 496
2022-07-30 21:10:32,427 - root - INFO - Total=435.712363, G=342.854481, D=89.157077, data=1.628978, next=2.071827
2022-07-30 21:10:37,809 - root - INFO - Total=5.381423, G=0.408699, data=3.207613, acc=0.006326, agg=0.126348, next=1.632437
saving checkpoint...
2022-07-30 21:10:48,010 - root - INFO - Time taken for epoch 20 is 451.2970805168152 sec
2022-07-30 21:10:48,010 - root - INFO - Train time = 435.71236300468445, Valid time = 5.381422519683838
2022-07-30 21:10:48,010 - root - INFO - G losses = {'GAN': 6.389428615570068, 'GAN_Feat': 0.5482164025306702, 'L1': 15.552031517028809}
2022-07-30 21:10:48,010 - root - INFO - D losses = {'D_Fake': 0.0, 'D_real': 0.0}
generator made step 0
discriminator made step 0
generator made step 16
discriminator made step 16
generator made step 32
discriminator made step 32
generator made step 48
discriminator made step 48
generator made step 64
discriminator made step 64
generator made step 80
discriminator made step 80
generator made step 96
discriminator made step 96
generator made step 112
discriminator made step 112
generator made step 128
discriminator made step 128
generator made step 144
discriminator made step 144
generator made step 160
discriminator made step 160
generator made step 176
discriminator made step 176
generator made step 192
discriminator made step 192
generator made step 208
discriminator made step 208
generator made step 224
discriminator made step 224
generator made step 240
discriminator made step 240
generator made step 256
discriminator made step 256
generator made step 272
discriminator made step 272
generator made step 288
discriminator made step 288
generator made step 304
discriminator made step 304
generator made step 320
discriminator made step 320
generator made step 336
discriminator made step 336
generator made step 352
discriminator made step 352
generator made step 368
discriminator made step 368
generator made step 384
discriminator made step 384
generator made step 400
discriminator made step 400
generator made step 416
discriminator made step 416
generator made step 432
discriminator made step 432
generator made step 448
discriminator made step 448
generator made step 464
discriminator made step 464
generator made step 480
discriminator made step 480
generator made step 496
discriminator made step 496
2022-07-30 21:18:02,924 - root - INFO - Total=434.912798, G=342.784675, D=89.252931, data=1.631318, next=1.243874
2022-07-30 21:18:08,642 - root - INFO - Total=5.716314, G=0.460579, data=3.253762, acc=0.006438, agg=0.165923, next=1.829612
saving checkpoint...
2022-07-30 21:18:19,405 - root - INFO - Time taken for epoch 21 is 451.39455223083496 sec
2022-07-30 21:18:19,405 - root - INFO - Train time = 434.91279792785645, Valid time = 5.716314315795898
2022-07-30 21:18:19,405 - root - INFO - G losses = {'GAN': 6.14408016204834, 'GAN_Feat': 0.6032172441482544, 'L1': 12.153772354125977}
2022-07-30 21:18:19,405 - root - INFO - D losses = {'D_Fake': 0.0, 'D_real': 0.0}
generator made step 0
discriminator made step 0
generator made step 16
discriminator made step 16
generator made step 32
discriminator made step 32
generator made step 48
discriminator made step 48
generator made step 64
discriminator made step 64
generator made step 80
discriminator made step 80
generator made step 96
discriminator made step 96
generator made step 112
discriminator made step 112
generator made step 128
discriminator made step 128
generator made step 144
discriminator made step 144
generator made step 160
discriminator made step 160
generator made step 176
discriminator made step 176
generator made step 192
discriminator made step 192
generator made step 208
discriminator made step 208
generator made step 224
discriminator made step 224
generator made step 240
discriminator made step 240
generator made step 256
discriminator made step 256
generator made step 272
discriminator made step 272
generator made step 288
discriminator made step 288
generator made step 304
discriminator made step 304
generator made step 320
discriminator made step 320
generator made step 336
discriminator made step 336
generator made step 352
discriminator made step 352
generator made step 368
discriminator made step 368
generator made step 384
discriminator made step 384
generator made step 400
discriminator made step 400
srun: Job step aborted: Waiting up to 32 seconds for job step to finish.
slurmstepd: error: *** STEP 2856309.0 ON nid003568 CANCELLED AT 2022-07-30T21:24:11 DUE TO TIME LIMIT ***
slurmstepd: error: *** JOB 2856309 ON nid003568 CANCELLED AT 2022-07-30T21:24:11 DUE TO TIME LIMIT ***
